[M::bwa_idx_load_from_disk] read 0 ALT contigs
[M::process] read 2819824 sequences (400000016 bp)...
[M::process] read 2814300 sequences (400000120 bp)...
[M::mem_pestat] # candidate unique pairs for (FF, FR, RF, RR): (12, 754781, 75, 11)
[M::mem_pestat] analyzing insert size distribution for orientation FF...
[M::mem_pestat] (25, 50, 75) percentile: (162, 292, 2548)
[M::mem_pestat] low and high boundaries for computing mean and std.dev: (1, 7320)
[M::mem_pestat] mean and std.dev: (637.60, 845.48)
[M::mem_pestat] low and high boundaries for proper pairs: (1, 9706)
[M::mem_pestat] analyzing insert size distribution for orientation FR...
[M::mem_pestat] (25, 50, 75) percentile: (180, 223, 291)
[M::mem_pestat] low and high boundaries for computing mean and std.dev: (1, 513)
[M::mem_pestat] mean and std.dev: (237.84, 81.22)
[M::mem_pestat] low and high boundaries for proper pairs: (1, 624)
[M::mem_pestat] analyzing insert size distribution for orientation RF...
[M::mem_pestat] (25, 50, 75) percentile: (131, 377, 2220)
[M::mem_pestat] low and high boundaries for computing mean and std.dev: (1, 6398)
[M::mem_pestat] mean and std.dev: (1118.32, 1538.23)
[M::mem_pestat] low and high boundaries for proper pairs: (1, 8487)
[M::mem_pestat] analyzing insert size distribution for orientation RR...
[M::mem_pestat] (25, 50, 75) percentile: (610, 690, 3714)
[M::mem_pestat] low and high boundaries for computing mean and std.dev: (1, 9922)
[M::mem_pestat] mean and std.dev: (2606.09, 2881.91)
[M::mem_pestat] low and high boundaries for proper pairs: (1, 14134)
[M::mem_pestat] skip orientation FF
[M::mem_pestat] skip orientation RF
[M::mem_pestat] skip orientation RR
[M::mem_process_seqs] Processed 2819824 reads in 2984.105 CPU sec, 74.838 real sec
[M::process] read 2809540 sequences (400000051 bp)...
[M::mem_pestat] # candidate unique pairs for (FF, FR, RF, RR): (9, 751372, 77, 20)
[M::mem_pestat] skip orientation FF as there are not enough pairs
[M::mem_pestat] analyzing insert size distribution for orientation FR...
[M::mem_pestat] (25, 50, 75) percentile: (184, 231, 303)
[M::mem_pestat] low and high boundaries for computing mean and std.dev: (1, 541)
[M::mem_pestat] mean and std.dev: (246.17, 84.45)
[M::mem_pestat] low and high boundaries for proper pairs: (1, 660)
[M::mem_pestat] analyzing insert size distribution for orientation RF...
[M::mem_pestat] (25, 50, 75) percentile: (159, 398, 2471)
[M::mem_pestat] low and high boundaries for computing mean and std.dev: (1, 7095)
[M::mem_pestat] mean and std.dev: (1277.74, 1615.27)
[M::mem_pestat] low and high boundaries for proper pairs: (1, 9407)
[M::mem_pestat] analyzing insert size distribution for orientation RR...
[M::mem_pestat] (25, 50, 75) percentile: (131, 710, 4268)
[M::mem_pestat] low and high boundaries for computing mean and std.dev: (1, 12542)
[M::mem_pestat] mean and std.dev: (2071.45, 2353.46)
[M::mem_pestat] low and high boundaries for proper pairs: (1, 16679)
[M::mem_pestat] skip orientation RF
[M::mem_pestat] skip orientation RR
[M::mem_process_seqs] Processed 2814300 reads in 3123.712 CPU sec, 78.339 real sec
[M::process] read 2815370 sequences (400000014 bp)...
[M::mem_pestat] # candidate unique pairs for (FF, FR, RF, RR): (12, 752838, 73, 11)
[M::mem_pestat] analyzing insert size distribution for orientation FF...
[M::mem_pestat] (25, 50, 75) percentile: (267, 2548, 6721)
[M::mem_pestat] low and high boundaries for computing mean and std.dev: (1, 19629)
[M::mem_pestat] mean and std.dev: (3029.58, 3105.69)
[M::mem_pestat] low and high boundaries for proper pairs: (1, 26083)
[M::mem_pestat] analyzing insert size distribution for orientation FR...
[M::mem_pestat] (25, 50, 75) percentile: (184, 230, 301)
[M::mem_pestat] low and high boundaries for computing mean and std.dev: (1, 535)
[M::mem_pestat] mean and std.dev: (244.96, 83.92)
[M::mem_pestat] low and high boundaries for proper pairs: (1, 652)
[M::mem_pestat] analyzing insert size distribution for orientation RF...
[M::mem_pestat] (25, 50, 75) percentile: (126, 443, 1290)
[M::mem_pestat] low and high boundaries for computing mean and std.dev: (1, 3618)
[M::mem_pestat] mean and std.dev: (593.50, 667.96)
[M::mem_pestat] low and high boundaries for proper pairs: (1, 4782)
[M::mem_pestat] analyzing insert size distribution for orientation RR...
[M::mem_pestat] (25, 50, 75) percentile: (357, 610, 1961)
[M::mem_pestat] low and high boundaries for computing mean and std.dev: (1, 5169)
[M::mem_pestat] mean and std.dev: (967.50, 1013.51)
[M::mem_pestat] low and high boundaries for proper pairs: (1, 6773)
[M::mem_pestat] skip orientation FF
[M::mem_pestat] skip orientation RF
[M::mem_pestat] skip orientation RR
[M::mem_process_seqs] Processed 2809540 reads in 3101.349 CPU sec, 77.824 real sec
[M::process] read 2810966 sequences (400000194 bp)...
[M::mem_pestat] # candidate unique pairs for (FF, FR, RF, RR): (4, 753924, 78, 15)
[M::mem_pestat] skip orientation FF as there are not enough pairs
[M::mem_pestat] analyzing insert size distribution for orientation FR...
[M::mem_pestat] (25, 50, 75) percentile: (182, 227, 297)
[M::mem_pestat] low and high boundaries for computing mean and std.dev: (1, 527)
[M::mem_pestat] mean and std.dev: (242.04, 82.91)
[M::mem_pestat] low and high boundaries for proper pairs: (1, 642)
[M::mem_pestat] analyzing insert size distribution for orientation RF...
[M::mem_pestat] (25, 50, 75) percentile: (183, 709, 1861)
[M::mem_pestat] low and high boundaries for computing mean and std.dev: (1, 5217)
[M::mem_pestat] mean and std.dev: (1022.50, 1146.85)
[M::mem_pestat] low and high boundaries for proper pairs: (1, 6895)
[M::mem_pestat] analyzing insert size distribution for orientation RR...
[M::mem_pestat] (25, 50, 75) percentile: (189, 759, 2850)
[M::mem_pestat] low and high boundaries for computing mean and std.dev: (1, 8172)
[M::mem_pestat] mean and std.dev: (1591.71, 1801.08)
[M::mem_pestat] low and high boundaries for proper pairs: (1, 10833)
[M::mem_pestat] skip orientation RF
[M::mem_pestat] skip orientation RR
[M::mem_process_seqs] Processed 2815370 reads in 3126.947 CPU sec, 78.657 real sec
[M::process] read 2811318 sequences (400000177 bp)...
[M::mem_pestat] # candidate unique pairs for (FF, FR, RF, RR): (7, 749957, 94, 9)
[M::mem_pestat] skip orientation FF as there are not enough pairs
[M::mem_pestat] analyzing insert size distribution for orientation FR...
[M::mem_pestat] (25, 50, 75) percentile: (187, 235, 310)
[M::mem_pestat] low and high boundaries for computing mean and std.dev: (1, 556)
[M::mem_pestat] mean and std.dev: (250.67, 86.11)
[M::mem_pestat] low and high boundaries for proper pairs: (1, 679)
[M::mem_pestat] analyzing insert size distribution for orientation RF...
[M::mem_pestat] (25, 50, 75) percentile: (266, 1024, 2487)
[M::mem_pestat] low and high boundaries for computing mean and std.dev: (1, 6929)
[M::mem_pestat] mean and std.dev: (1491.41, 1572.83)
[M::mem_pestat] low and high boundaries for proper pairs: (1, 9150)
[M::mem_pestat] skip orientation RR as there are not enough pairs
[M::mem_pestat] skip orientation RF
[M::mem_process_seqs] Processed 2810966 reads in 3148.524 CPU sec, 78.749 real sec
[M::process] read 2818800 sequences (400000109 bp)...
[M::mem_pestat] # candidate unique pairs for (FF, FR, RF, RR): (10, 755638, 77, 8)
[M::mem_pestat] analyzing insert size distribution for orientation FF...
[M::mem_pestat] (25, 50, 75) percentile: (182, 578, 8249)
[M::mem_pestat] low and high boundaries for computing mean and std.dev: (1, 24383)
[M::mem_pestat] mean and std.dev: (2825.50, 3596.61)
[M::mem_pestat] low and high boundaries for proper pairs: (1, 32450)
[M::mem_pestat] analyzing insert size distribution for orientation FR...
[M::mem_pestat] (25, 50, 75) percentile: (180, 224, 293)
[M::mem_pestat] low and high boundaries for computing mean and std.dev: (1, 519)
[M::mem_pestat] mean and std.dev: (239.37, 81.84)
[M::mem_pestat] low and high boundaries for proper pairs: (1, 632)
[M::mem_pestat] analyzing insert size distribution for orientation RF...
[M::mem_pestat] (25, 50, 75) percentile: (128, 715, 2615)
[M::mem_pestat] low and high boundaries for computing mean and std.dev: (1, 7589)
[M::mem_pestat] mean and std.dev: (1305.62, 1748.38)
[M::mem_pestat] low and high boundaries for proper pairs: (1, 10076)
[M::mem_pestat] skip orientation RR as there are not enough pairs
[M::mem_pestat] skip orientation FF
[M::mem_pestat] skip orientation RF
[M::mem_process_seqs] Processed 2811318 reads in 3086.494 CPU sec, 77.428 real sec
[M::process] read 2830932 sequences (400000222 bp)...
[M::mem_pestat] # candidate unique pairs for (FF, FR, RF, RR): (17, 748326, 87, 21)
[M::mem_pestat] analyzing insert size distribution for orientation FF...
[M::mem_pestat] (25, 50, 75) percentile: (223, 1356, 6758)
[M::mem_pestat] low and high boundaries for computing mean and std.dev: (1, 19828)
[M::mem_pestat] mean and std.dev: (2635.65, 3114.74)
[M::mem_pestat] low and high boundaries for proper pairs: (1, 26363)
[M::mem_pestat] analyzing insert size distribution for orientation FR...
[M::mem_pestat] (25, 50, 75) percentile: (186, 234, 308)
[M::mem_pestat] low and high boundaries for computing mean and std.dev: (1, 552)
[M::mem_pestat] mean and std.dev: (249.08, 85.41)
[M::mem_pestat] low and high boundaries for proper pairs: (1, 674)
[M::mem_pestat] analyzing insert size distribution for orientation RF...
[M::mem_pestat] (25, 50, 75) percentile: (196, 355, 2343)
[M::mem_pestat] low and high boundaries for computing mean and std.dev: (1, 6637)
[M::mem_pestat] mean and std.dev: (1070.79, 1395.17)
[M::mem_pestat] low and high boundaries for proper pairs: (1, 8784)
[M::mem_pestat] analyzing insert size distribution for orientation RR...
[M::mem_pestat] (25, 50, 75) percentile: (162, 1416, 4491)
[M::mem_pestat] low and high boundaries for computing mean and std.dev: (1, 13149)
[M::mem_pestat] mean and std.dev: (2252.43, 2428.31)
[M::mem_pestat] low and high boundaries for proper pairs: (1, 17478)
[M::mem_pestat] skip orientation FF
[M::mem_pestat] skip orientation RF
[M::mem_pestat] skip orientation RR
[M::mem_process_seqs] Processed 2818800 reads in 3163.365 CPU sec, 79.319 real sec
[M::process] read 2836580 sequences (400000150 bp)...
[M::mem_pestat] # candidate unique pairs for (FF, FR, RF, RR): (9, 748233, 85, 14)
[M::mem_pestat] skip orientation FF as there are not enough pairs
[M::mem_pestat] analyzing insert size distribution for orientation FR...
[M::mem_pestat] (25, 50, 75) percentile: (185, 233, 307)
[M::mem_pestat] low and high boundaries for computing mean and std.dev: (1, 551)
[M::mem_pestat] mean and std.dev: (248.50, 85.56)
[M::mem_pestat] low and high boundaries for proper pairs: (1, 673)
[M::mem_pestat] analyzing insert size distribution for orientation RF...
[M::mem_pestat] (25, 50, 75) percentile: (231, 926, 2431)
[M::mem_pestat] low and high boundaries for computing mean and std.dev: (1, 6831)
[M::mem_pestat] mean and std.dev: (1197.46, 1339.22)
[M::mem_pestat] low and high boundaries for proper pairs: (1, 9031)
[M::mem_pestat] analyzing insert size distribution for orientation RR...
[M::mem_pestat] (25, 50, 75) percentile: (148, 466, 1468)
[M::mem_pestat] low and high boundaries for computing mean and std.dev: (1, 4108)
[M::mem_pestat] mean and std.dev: (683.38, 729.44)
[M::mem_pestat] low and high boundaries for proper pairs: (1, 5428)
[M::mem_pestat] skip orientation RF
[M::mem_pestat] skip orientation RR
[M::mem_process_seqs] Processed 2830932 reads in 3140.299 CPU sec, 78.919 real sec
[M::process] read 2831848 sequences (400000096 bp)...
[M::mem_pestat] # candidate unique pairs for (FF, FR, RF, RR): (13, 749153, 81, 10)
[M::mem_pestat] analyzing insert size distribution for orientation FF...
[M::mem_pestat] (25, 50, 75) percentile: (147, 583, 2868)
[M::mem_pestat] low and high boundaries for computing mean and std.dev: (1, 8310)
[M::mem_pestat] mean and std.dev: (1605.08, 1832.30)
[M::mem_pestat] low and high boundaries for proper pairs: (1, 11031)
[M::mem_pestat] analyzing insert size distribution for orientation FR...
[M::mem_pestat] (25, 50, 75) percentile: (185, 232, 305)
[M::mem_pestat] low and high boundaries for computing mean and std.dev: (1, 545)
[M::mem_pestat] mean and std.dev: (247.42, 85.11)
[M::mem_pestat] low and high boundaries for proper pairs: (1, 665)
[M::mem_pestat] analyzing insert size distribution for orientation RF...
[M::mem_pestat] (25, 50, 75) percentile: (228, 820, 2359)
[M::mem_pestat] low and high boundaries for computing mean and std.dev: (1, 6621)
[M::mem_pestat] mean and std.dev: (1170.00, 1323.82)
[M::mem_pestat] low and high boundaries for proper pairs: (1, 8752)
[M::mem_pestat] analyzing insert size distribution for orientation RR...
[M::mem_pestat] (25, 50, 75) percentile: (201, 3556, 5550)
[M::mem_pestat] low and high boundaries for computing mean and std.dev: (1, 16248)
[M::mem_pestat] mean and std.dev: (2769.90, 2631.68)
[M::mem_pestat] low and high boundaries for proper pairs: (1, 21597)
[M::mem_pestat] skip orientation FF
[M::mem_pestat] skip orientation RF
[M::mem_pestat] skip orientation RR
[M::mem_process_seqs] Processed 2836580 reads in 3155.802 CPU sec, 79.156 real sec
[M::process] read 2842288 sequences (400000060 bp)...
[M::mem_pestat] # candidate unique pairs for (FF, FR, RF, RR): (12, 749457, 91, 18)
[M::mem_pestat] analyzing insert size distribution for orientation FF...
[M::mem_pestat] (25, 50, 75) percentile: (234, 3198, 4174)
[M::mem_pestat] low and high boundaries for computing mean and std.dev: (1, 12054)
[M::mem_pestat] mean and std.dev: (2433.58, 2170.91)
[M::mem_pestat] low and high boundaries for proper pairs: (1, 15994)
[M::mem_pestat] analyzing insert size distribution for orientation FR...
[M::mem_pestat] (25, 50, 75) percentile: (187, 235, 310)
[M::mem_pestat] low and high boundaries for computing mean and std.dev: (1, 556)
[M::mem_pestat] mean and std.dev: (250.59, 86.22)
[M::mem_pestat] low and high boundaries for proper pairs: (1, 679)
[M::mem_pestat] analyzing insert size distribution for orientation RF...
[M::mem_pestat] (25, 50, 75) percentile: (210, 826, 2451)
[M::mem_pestat] low and high boundaries for computing mean and std.dev: (1, 6933)
[M::mem_pestat] mean and std.dev: (1219.78, 1327.61)
[M::mem_pestat] low and high boundaries for proper pairs: (1, 9174)
[M::mem_pestat] analyzing insert size distribution for orientation RR...
[M::mem_pestat] (25, 50, 75) percentile: (172, 210, 493)
[M::mem_pestat] low and high boundaries for computing mean and std.dev: (1, 1135)
[M::mem_pestat] mean and std.dev: (283.67, 202.79)
[M::mem_pestat] low and high boundaries for proper pairs: (1, 1456)
[M::mem_pestat] skip orientation FF
[M::mem_pestat] skip orientation RF
[M::mem_pestat] skip orientation RR
[M::mem_process_seqs] Processed 2831848 reads in 3163.213 CPU sec, 79.351 real sec
[M::process] read 2836856 sequences (400000148 bp)...
[M::mem_pestat] # candidate unique pairs for (FF, FR, RF, RR): (17, 749484, 73, 10)
[M::mem_pestat] analyzing insert size distribution for orientation FF...
[M::mem_pestat] (25, 50, 75) percentile: (192, 312, 5776)
[M::mem_pestat] low and high boundaries for computing mean and std.dev: (1, 16944)
[M::mem_pestat] mean and std.dev: (2094.88, 2965.80)
[M::mem_pestat] low and high boundaries for proper pairs: (1, 22528)
[M::mem_pestat] analyzing insert size distribution for orientation FR...
[M::mem_pestat] (25, 50, 75) percentile: (185, 232, 305)
[M::mem_pestat] low and high boundaries for computing mean and std.dev: (1, 545)
[M::mem_pestat] mean and std.dev: (247.56, 84.97)
[M::mem_pestat] low and high boundaries for proper pairs: (1, 665)
[M::mem_pestat] analyzing insert size distribution for orientation RF...
[M::mem_pestat] (25, 50, 75) percentile: (215, 387, 1396)
[M::mem_pestat] low and high boundaries for computing mean and std.dev: (1, 3758)
[M::mem_pestat] mean and std.dev: (691.11, 782.78)
[M::mem_pestat] low and high boundaries for proper pairs: (1, 4939)
[M::mem_pestat] analyzing insert size distribution for orientation RR...
[M::mem_pestat] (25, 50, 75) percentile: (197, 2294, 3586)
[M::mem_pestat] low and high boundaries for computing mean and std.dev: (1, 10364)
[M::mem_pestat] mean and std.dev: (2441.90, 2799.79)
[M::mem_pestat] low and high boundaries for proper pairs: (1, 13753)
[M::mem_pestat] skip orientation FF
[M::mem_pestat] skip orientation RF
[M::mem_pestat] skip orientation RR
[M::mem_process_seqs] Processed 2842288 reads in 3269.024 CPU sec, 81.771 real sec
[M::process] read 2823200 sequences (400000208 bp)...
[M::mem_pestat] # candidate unique pairs for (FF, FR, RF, RR): (17, 749531, 85, 15)
[M::mem_pestat] analyzing insert size distribution for orientation FF...
[M::mem_pestat] (25, 50, 75) percentile: (116, 393, 3682)
[M::mem_pestat] low and high boundaries for computing mean and std.dev: (1, 10814)
[M::mem_pestat] mean and std.dev: (1590.29, 1737.66)
[M::mem_pestat] low and high boundaries for proper pairs: (1, 14380)
[M::mem_pestat] analyzing insert size distribution for orientation FR...
[M::mem_pestat] (25, 50, 75) percentile: (186, 235, 309)
[M::mem_pestat] low and high boundaries for computing mean and std.dev: (1, 555)
[M::mem_pestat] mean and std.dev: (250.04, 86.33)
[M::mem_pestat] low and high boundaries for proper pairs: (1, 678)
[M::mem_pestat] analyzing insert size distribution for orientation RF...
[M::mem_pestat] (25, 50, 75) percentile: (233, 1117, 2509)
[M::mem_pestat] low and high boundaries for computing mean and std.dev: (1, 7061)
[M::mem_pestat] mean and std.dev: (1398.66, 1652.14)
[M::mem_pestat] low and high boundaries for proper pairs: (1, 9337)
[M::mem_pestat] analyzing insert size distribution for orientation RR...
[M::mem_pestat] (25, 50, 75) percentile: (228, 281, 3519)
[M::mem_pestat] low and high boundaries for computing mean and std.dev: (1, 10101)
[M::mem_pestat] mean and std.dev: (1798.87, 2336.06)
[M::mem_pestat] low and high boundaries for proper pairs: (1, 13392)
[M::mem_pestat] skip orientation FF
[M::mem_pestat] skip orientation RF
[M::mem_pestat] skip orientation RR
[M::mem_process_seqs] Processed 2836856 reads in 3217.800 CPU sec, 80.862 real sec
[M::process] read 2815664 sequences (400000200 bp)...
[M::mem_pestat] # candidate unique pairs for (FF, FR, RF, RR): (12, 750329, 90, 5)
[M::mem_pestat] analyzing insert size distribution for orientation FF...
[M::mem_pestat] (25, 50, 75) percentile: (205, 806, 2939)
[M::mem_pestat] low and high boundaries for computing mean and std.dev: (1, 8407)
[M::mem_pestat] mean and std.dev: (1189.83, 1259.78)
[M::mem_pestat] low and high boundaries for proper pairs: (1, 11141)
[M::mem_pestat] analyzing insert size distribution for orientation FR...
[M::mem_pestat] (25, 50, 75) percentile: (186, 234, 308)
[M::mem_pestat] low and high boundaries for computing mean and std.dev: (1, 552)
[M::mem_pestat] mean and std.dev: (249.07, 85.57)
[M::mem_pestat] low and high boundaries for proper pairs: (1, 674)
[M::mem_pestat] analyzing insert size distribution for orientation RF...
[M::mem_pestat] (25, 50, 75) percentile: (223, 591, 2423)
[M::mem_pestat] low and high boundaries for computing mean and std.dev: (1, 6823)
[M::mem_pestat] mean and std.dev: (1313.37, 1591.80)
[M::mem_pestat] low and high boundaries for proper pairs: (1, 9023)
[M::mem_pestat] skip orientation RR as there are not enough pairs
[M::mem_pestat] skip orientation FF
[M::mem_pestat] skip orientation RF
[M::mem_process_seqs] Processed 2823200 reads in 3182.998 CPU sec, 79.778 real sec
[M::process] read 2809010 sequences (400000026 bp)...
[M::mem_pestat] # candidate unique pairs for (FF, FR, RF, RR): (10, 750871, 67, 11)
[M::mem_pestat] analyzing insert size distribution for orientation FF...
[M::mem_pestat] (25, 50, 75) percentile: (220, 262, 1959)
[M::mem_pestat] low and high boundaries for computing mean and std.dev: (1, 5437)
[M::mem_pestat] mean and std.dev: (850.44, 1051.52)
[M::mem_pestat] low and high boundaries for proper pairs: (1, 7176)
[M::mem_pestat] analyzing insert size distribution for orientation FR...
[M::mem_pestat] (25, 50, 75) percentile: (182, 228, 299)
[M::mem_pestat] low and high boundaries for computing mean and std.dev: (1, 533)
[M::mem_pestat] mean and std.dev: (243.24, 83.74)
[M::mem_pestat] low and high boundaries for proper pairs: (1, 650)
[M::mem_pestat] analyzing insert size distribution for orientation RF...
[M::mem_pestat] (25, 50, 75) percentile: (137, 581, 2429)
[M::mem_pestat] low and high boundaries for computing mean and std.dev: (1, 7013)
[M::mem_pestat] mean and std.dev: (1055.70, 1292.05)
[M::mem_pestat] low and high boundaries for proper pairs: (1, 9305)
[M::mem_pestat] analyzing insert size distribution for orientation RR...
[M::mem_pestat] (25, 50, 75) percentile: (264, 902, 2314)
[M::mem_pestat] low and high boundaries for computing mean and std.dev: (1, 6414)
[M::mem_pestat] mean and std.dev: (1421.27, 1583.29)
[M::mem_pestat] low and high boundaries for proper pairs: (1, 8464)
[M::mem_pestat] skip orientation FF
[M::mem_pestat] skip orientation RF
[M::mem_pestat] skip orientation RR
[M::mem_process_seqs] Processed 2815664 reads in 3128.846 CPU sec, 78.251 real sec
[M::process] read 2813128 sequences (400000013 bp)...
[M::mem_pestat] # candidate unique pairs for (FF, FR, RF, RR): (10, 749607, 101, 13)
[M::mem_pestat] analyzing insert size distribution for orientation FF...
[M::mem_pestat] (25, 50, 75) percentile: (139, 233, 4175)
[M::mem_pestat] low and high boundaries for computing mean and std.dev: (1, 12247)
[M::mem_pestat] mean and std.dev: (1799.00, 2134.06)
[M::mem_pestat] low and high boundaries for proper pairs: (1, 16283)
[M::mem_pestat] analyzing insert size distribution for orientation FR...
[M::mem_pestat] (25, 50, 75) percentile: (186, 234, 307)
[M::mem_pestat] low and high boundaries for computing mean and std.dev: (1, 549)
[M::mem_pestat] mean and std.dev: (248.91, 85.33)
[M::mem_pestat] low and high boundaries for proper pairs: (1, 670)
[M::mem_pestat] analyzing insert size distribution for orientation RF...
[M::mem_pestat] (25, 50, 75) percentile: (223, 1064, 2435)
[M::mem_pestat] low and high boundaries for computing mean and std.dev: (1, 6859)
[M::mem_pestat] mean and std.dev: (1383.67, 1499.28)
[M::mem_pestat] low and high boundaries for proper pairs: (1, 9071)
[M::mem_pestat] analyzing insert size distribution for orientation RR...
[M::mem_pestat] (25, 50, 75) percentile: (166, 298, 6589)
[M::mem_pestat] low and high boundaries for computing mean and std.dev: (1, 19435)
[M::mem_pestat] mean and std.dev: (2628.23, 3161.79)
[M::mem_pestat] low and high boundaries for proper pairs: (1, 25858)
[M::mem_pestat] skip orientation FF
[M::mem_pestat] skip orientation RF
[M::mem_pestat] skip orientation RR
[M::mem_process_seqs] Processed 2809010 reads in 3147.573 CPU sec, 78.959 real sec
[M::process] read 2811974 sequences (400000206 bp)...
[M::mem_pestat] # candidate unique pairs for (FF, FR, RF, RR): (7, 752673, 86, 8)
[M::mem_pestat] skip orientation FF as there are not enough pairs
[M::mem_pestat] analyzing insert size distribution for orientation FR...
[M::mem_pestat] (25, 50, 75) percentile: (181, 226, 296)
[M::mem_pestat] low and high boundaries for computing mean and std.dev: (1, 526)
[M::mem_pestat] mean and std.dev: (241.40, 82.81)
[M::mem_pestat] low and high boundaries for proper pairs: (1, 641)
[M::mem_pestat] analyzing insert size distribution for orientation RF...
[M::mem_pestat] (25, 50, 75) percentile: (118, 945, 2398)
[M::mem_pestat] low and high boundaries for computing mean and std.dev: (1, 6958)
[M::mem_pestat] mean and std.dev: (1088.46, 1209.56)
[M::mem_pestat] low and high boundaries for proper pairs: (1, 9238)
[M::mem_pestat] skip orientation RR as there are not enough pairs
[M::mem_pestat] skip orientation RF
[M::mem_process_seqs] Processed 2813128 reads in 3114.326 CPU sec, 78.265 real sec
[M::process] read 2810998 sequences (400000078 bp)...
[M::mem_pestat] # candidate unique pairs for (FF, FR, RF, RR): (12, 752008, 79, 15)
[M::mem_pestat] analyzing insert size distribution for orientation FF...
[M::mem_pestat] (25, 50, 75) percentile: (139, 935, 2890)
[M::mem_pestat] low and high boundaries for computing mean and std.dev: (1, 8392)
[M::mem_pestat] mean and std.dev: (1414.27, 1682.07)
[M::mem_pestat] low and high boundaries for proper pairs: (1, 11143)
[M::mem_pestat] analyzing insert size distribution for orientation FR...
[M::mem_pestat] (25, 50, 75) percentile: (185, 232, 305)
[M::mem_pestat] low and high boundaries for computing mean and std.dev: (1, 545)
[M::mem_pestat] mean and std.dev: (247.56, 84.84)
[M::mem_pestat] low and high boundaries for proper pairs: (1, 665)
[M::mem_pestat] analyzing insert size distribution for orientation RF...
[M::mem_pestat] (25, 50, 75) percentile: (222, 578, 1960)
[M::mem_pestat] low and high boundaries for computing mean and std.dev: (1, 5436)
[M::mem_pestat] mean and std.dev: (905.42, 1069.06)
[M::mem_pestat] low and high boundaries for proper pairs: (1, 7174)
[M::mem_pestat] analyzing insert size distribution for orientation RR...
[M::mem_pestat] (25, 50, 75) percentile: (553, 2563, 5869)
[M::mem_pestat] low and high boundaries for computing mean and std.dev: (1, 16501)
[M::mem_pestat] mean and std.dev: (2966.93, 2727.49)
[M::mem_pestat] low and high boundaries for proper pairs: (1, 21817)
[M::mem_pestat] skip orientation FF
[M::mem_pestat] skip orientation RF
[M::mem_pestat] skip orientation RR
[M::mem_process_seqs] Processed 2811974 reads in 3162.065 CPU sec, 79.276 real sec
[M::process] read 2810842 sequences (400000065 bp)...
[M::mem_pestat] # candidate unique pairs for (FF, FR, RF, RR): (13, 752384, 79, 15)
[M::mem_pestat] analyzing insert size distribution for orientation FF...
[M::mem_pestat] (25, 50, 75) percentile: (328, 1933, 3410)
[M::mem_pestat] low and high boundaries for computing mean and std.dev: (1, 9574)
[M::mem_pestat] mean and std.dev: (2006.92, 1797.86)
[M::mem_pestat] low and high boundaries for proper pairs: (1, 12656)
[M::mem_pestat] analyzing insert size distribution for orientation FR...
[M::mem_pestat] (25, 50, 75) percentile: (183, 229, 301)
[M::mem_pestat] low and high boundaries for computing mean and std.dev: (1, 537)
[M::mem_pestat] mean and std.dev: (244.70, 84.11)
[M::mem_pestat] low and high boundaries for proper pairs: (1, 655)
[M::mem_pestat] analyzing insert size distribution for orientation RF...
[M::mem_pestat] (25, 50, 75) percentile: (197, 1028, 2446)
[M::mem_pestat] low and high boundaries for computing mean and std.dev: (1, 6944)
[M::mem_pestat] mean and std.dev: (1510.74, 1700.67)
[M::mem_pestat] low and high boundaries for proper pairs: (1, 9193)
[M::mem_pestat] analyzing insert size distribution for orientation RR...
[M::mem_pestat] (25, 50, 75) percentile: (198, 319, 471)
[M::mem_pestat] low and high boundaries for computing mean and std.dev: (1, 1017)
[M::mem_pestat] mean and std.dev: (375.64, 229.64)
[M::mem_pestat] low and high boundaries for proper pairs: (1, 1294)
[M::mem_pestat] skip orientation FF
[M::mem_pestat] skip orientation RF
[M::mem_pestat] skip orientation RR
[M::mem_process_seqs] Processed 2810998 reads in 3396.870 CPU sec, 90.602 real sec
[M::process] read 2804878 sequences (400000177 bp)...
[M::mem_pestat] # candidate unique pairs for (FF, FR, RF, RR): (8, 751902, 77, 15)
[M::mem_pestat] skip orientation FF as there are not enough pairs
[M::mem_pestat] analyzing insert size distribution for orientation FR...
[M::mem_pestat] (25, 50, 75) percentile: (183, 228, 299)
[M::mem_pestat] low and high boundaries for computing mean and std.dev: (1, 531)
[M::mem_pestat] mean and std.dev: (243.29, 83.39)
[M::mem_pestat] low and high boundaries for proper pairs: (1, 647)
[M::mem_pestat] analyzing insert size distribution for orientation RF...
[M::mem_pestat] (25, 50, 75) percentile: (195, 1181, 2447)
[M::mem_pestat] low and high boundaries for computing mean and std.dev: (1, 6951)
[M::mem_pestat] mean and std.dev: (1407.46, 1664.79)
[M::mem_pestat] low and high boundaries for proper pairs: (1, 9203)
[M::mem_pestat] analyzing insert size distribution for orientation RR...
[M::mem_pestat] (25, 50, 75) percentile: (155, 295, 2364)
[M::mem_pestat] low and high boundaries for computing mean and std.dev: (1, 6782)
[M::mem_pestat] mean and std.dev: (682.64, 882.13)
[M::mem_pestat] low and high boundaries for proper pairs: (1, 8991)
[M::mem_pestat] skip orientation RF
[M::mem_pestat] skip orientation RR
[M::mem_process_seqs] Processed 2810842 reads in 3117.171 CPU sec, 78.131 real sec
[M::process] read 2835080 sequences (400000270 bp)...
[M::mem_pestat] # candidate unique pairs for (FF, FR, RF, RR): (10, 749826, 112, 14)
[M::mem_pestat] analyzing insert size distribution for orientation FF...
[M::mem_pestat] (25, 50, 75) percentile: (256, 2500, 4062)
[M::mem_pestat] low and high boundaries for computing mean and std.dev: (1, 11674)
[M::mem_pestat] mean and std.dev: (2445.00, 2600.68)
[M::mem_pestat] low and high boundaries for proper pairs: (1, 15480)
[M::mem_pestat] analyzing insert size distribution for orientation FR...
[M::mem_pestat] (25, 50, 75) percentile: (187, 235, 309)
[M::mem_pestat] low and high boundaries for computing mean and std.dev: (1, 553)
[M::mem_pestat] mean and std.dev: (249.94, 85.66)
[M::mem_pestat] low and high boundaries for proper pairs: (1, 675)
[M::mem_pestat] analyzing insert size distribution for orientation RF...
[M::mem_pestat] (25, 50, 75) percentile: (125, 532, 2338)
[M::mem_pestat] low and high boundaries for computing mean and std.dev: (1, 6764)
[M::mem_pestat] mean and std.dev: (1115.24, 1590.76)
[M::mem_pestat] low and high boundaries for proper pairs: (1, 8977)
[M::mem_pestat] analyzing insert size distribution for orientation RR...
[M::mem_pestat] (25, 50, 75) percentile: (2106, 3905, 5720)
[M::mem_pestat] low and high boundaries for computing mean and std.dev: (1, 12948)
[M::mem_pestat] mean and std.dev: (3531.79, 2583.57)
[M::mem_pestat] low and high boundaries for proper pairs: (1, 16562)
[M::mem_pestat] skip orientation FF
[M::mem_pestat] skip orientation RF
[M::mem_pestat] skip orientation RR
[M::mem_process_seqs] Processed 2804878 reads in 3159.782 CPU sec, 79.214 real sec
[M::process] read 2834116 sequences (400000024 bp)...
[M::mem_pestat] # candidate unique pairs for (FF, FR, RF, RR): (10, 746386, 81, 10)
[M::mem_pestat] analyzing insert size distribution for orientation FF...
[M::mem_pestat] (25, 50, 75) percentile: (233, 538, 3301)
[M::mem_pestat] low and high boundaries for computing mean and std.dev: (1, 9437)
[M::mem_pestat] mean and std.dev: (2033.40, 2478.27)
[M::mem_pestat] low and high boundaries for proper pairs: (1, 12505)
[M::mem_pestat] analyzing insert size distribution for orientation FR...
[M::mem_pestat] (25, 50, 75) percentile: (185, 233, 308)
[M::mem_pestat] low and high boundaries for computing mean and std.dev: (1, 554)
[M::mem_pestat] mean and std.dev: (248.88, 86.04)
[M::mem_pestat] low and high boundaries for proper pairs: (1, 677)
[M::mem_pestat] analyzing insert size distribution for orientation RF...
[M::mem_pestat] (25, 50, 75) percentile: (189, 450, 2428)
[M::mem_pestat] low and high boundaries for computing mean and std.dev: (1, 6906)
[M::mem_pestat] mean and std.dev: (1212.72, 1569.80)
[M::mem_pestat] low and high boundaries for proper pairs: (1, 9145)
[M::mem_pestat] analyzing insert size distribution for orientation RR...
[M::mem_pestat] (25, 50, 75) percentile: (188, 390, 1421)
[M::mem_pestat] low and high boundaries for computing mean and std.dev: (1, 3887)
[M::mem_pestat] mean and std.dev: (784.78, 1133.10)
[M::mem_pestat] low and high boundaries for proper pairs: (1, 5317)
[M::mem_pestat] skip orientation FF
[M::mem_pestat] skip orientation RF
[M::mem_pestat] skip orientation RR
[M::mem_process_seqs] Processed 2835080 reads in 3194.486 CPU sec, 80.069 real sec
[M::process] read 2834738 sequences (400000290 bp)...
[M::mem_pestat] # candidate unique pairs for (FF, FR, RF, RR): (12, 749912, 57, 13)
[M::mem_pestat] analyzing insert size distribution for orientation FF...
[M::mem_pestat] (25, 50, 75) percentile: (239, 639, 4005)
[M::mem_pestat] low and high boundaries for computing mean and std.dev: (1, 11537)
[M::mem_pestat] mean and std.dev: (2243.50, 3079.90)
[M::mem_pestat] low and high boundaries for proper pairs: (1, 15303)
[M::mem_pestat] analyzing insert size distribution for orientation FR...
[M::mem_pestat] (25, 50, 75) percentile: (186, 234, 308)
[M::mem_pestat] low and high boundaries for computing mean and std.dev: (1, 552)
[M::mem_pestat] mean and std.dev: (249.34, 86.11)
[M::mem_pestat] low and high boundaries for proper pairs: (1, 674)
[M::mem_pestat] analyzing insert size distribution for orientation RF...
[M::mem_pestat] (25, 50, 75) percentile: (239, 816, 2562)
[M::mem_pestat] low and high boundaries for computing mean and std.dev: (1, 7208)
[M::mem_pestat] mean and std.dev: (1578.47, 1871.30)
[M::mem_pestat] low and high boundaries for proper pairs: (1, 9531)
[M::mem_pestat] analyzing insert size distribution for orientation RR...
[M::mem_pestat] (25, 50, 75) percentile: (221, 2544, 8978)
[M::mem_pestat] low and high boundaries for computing mean and std.dev: (1, 26492)
[M::mem_pestat] mean and std.dev: (3176.85, 3401.76)
[M::mem_pestat] low and high boundaries for proper pairs: (1, 35249)
[M::mem_pestat] skip orientation FF
[M::mem_pestat] skip orientation RF
[M::mem_pestat] skip orientation RR
[M::mem_process_seqs] Processed 2834116 reads in 3199.334 CPU sec, 80.073 real sec
[M::process] read 2840338 sequences (400000230 bp)...
[M::mem_pestat] # candidate unique pairs for (FF, FR, RF, RR): (12, 748246, 83, 12)
[M::mem_pestat] analyzing insert size distribution for orientation FF...
[M::mem_pestat] (25, 50, 75) percentile: (258, 1179, 4431)
[M::mem_pestat] low and high boundaries for computing mean and std.dev: (1, 12777)
[M::mem_pestat] mean and std.dev: (1850.92, 2008.57)
[M::mem_pestat] low and high boundaries for proper pairs: (1, 16950)
[M::mem_pestat] analyzing insert size distribution for orientation FR...
[M::mem_pestat] (25, 50, 75) percentile: (186, 234, 308)
[M::mem_pestat] low and high boundaries for computing mean and std.dev: (1, 552)
[M::mem_pestat] mean and std.dev: (249.54, 85.93)
[M::mem_pestat] low and high boundaries for proper pairs: (1, 674)
[M::mem_pestat] analyzing insert size distribution for orientation RF...
[M::mem_pestat] (25, 50, 75) percentile: (215, 1114, 2462)
[M::mem_pestat] low and high boundaries for computing mean and std.dev: (1, 6956)
[M::mem_pestat] mean and std.dev: (1630.49, 1800.78)
[M::mem_pestat] low and high boundaries for proper pairs: (1, 9203)
[M::mem_pestat] analyzing insert size distribution for orientation RR...
[M::mem_pestat] (25, 50, 75) percentile: (248, 4114, 5478)
[M::mem_pestat] low and high boundaries for computing mean and std.dev: (1, 15938)
[M::mem_pestat] mean and std.dev: (2994.08, 3022.90)
[M::mem_pestat] low and high boundaries for proper pairs: (1, 21168)
[M::mem_pestat] skip orientation FF
[M::mem_pestat] skip orientation RF
[M::mem_pestat] skip orientation RR
[M::mem_process_seqs] Processed 2834738 reads in 3350.278 CPU sec, 84.010 real sec
[M::process] read 2833368 sequences (400000168 bp)...
[M::mem_pestat] # candidate unique pairs for (FF, FR, RF, RR): (7, 749610, 73, 13)
[M::mem_pestat] skip orientation FF as there are not enough pairs
[M::mem_pestat] analyzing insert size distribution for orientation FR...
[M::mem_pestat] (25, 50, 75) percentile: (186, 234, 308)
[M::mem_pestat] low and high boundaries for computing mean and std.dev: (1, 552)
[M::mem_pestat] mean and std.dev: (249.43, 85.97)
[M::mem_pestat] low and high boundaries for proper pairs: (1, 674)
[M::mem_pestat] analyzing insert size distribution for orientation RF...
[M::mem_pestat] (25, 50, 75) percentile: (227, 1106, 2322)
[M::mem_pestat] low and high boundaries for computing mean and std.dev: (1, 6512)
[M::mem_pestat] mean and std.dev: (1295.60, 1391.71)
[M::mem_pestat] low and high boundaries for proper pairs: (1, 8607)
[M::mem_pestat] analyzing insert size distribution for orientation RR...
[M::mem_pestat] (25, 50, 75) percentile: (146, 188, 989)
[M::mem_pestat] low and high boundaries for computing mean and std.dev: (1, 2675)
[M::mem_pestat] mean and std.dev: (521.08, 578.21)
[M::mem_pestat] low and high boundaries for proper pairs: (1, 3518)
[M::mem_pestat] skip orientation RF
[M::mem_pestat] skip orientation RR
[M::mem_process_seqs] Processed 2840338 reads in 3723.664 CPU sec, 93.364 real sec
[M::process] read 2835560 sequences (400000239 bp)...
[M::mem_pestat] # candidate unique pairs for (FF, FR, RF, RR): (19, 749673, 82, 23)
[M::mem_pestat] analyzing insert size distribution for orientation FF...
[M::mem_pestat] (25, 50, 75) percentile: (219, 991, 4380)
[M::mem_pestat] low and high boundaries for computing mean and std.dev: (1, 12702)
[M::mem_pestat] mean and std.dev: (2092.37, 2228.23)
[M::mem_pestat] low and high boundaries for proper pairs: (1, 16863)
[M::mem_pestat] analyzing insert size distribution for orientation FR...
[M::mem_pestat] (25, 50, 75) percentile: (186, 234, 309)
[M::mem_pestat] low and high boundaries for computing mean and std.dev: (1, 555)
[M::mem_pestat] mean and std.dev: (249.73, 86.00)
[M::mem_pestat] low and high boundaries for proper pairs: (1, 678)
[M::mem_pestat] analyzing insert size distribution for orientation RF...
[M::mem_pestat] (25, 50, 75) percentile: (221, 836, 1603)
[M::mem_pestat] low and high boundaries for computing mean and std.dev: (1, 4367)
[M::mem_pestat] mean and std.dev: (974.83, 957.15)
[M::mem_pestat] low and high boundaries for proper pairs: (1, 5749)
[M::mem_pestat] analyzing insert size distribution for orientation RR...
[M::mem_pestat] (25, 50, 75) percentile: (319, 543, 3329)
[M::mem_pestat] low and high boundaries for computing mean and std.dev: (1, 9349)
[M::mem_pestat] mean and std.dev: (1966.48, 2560.43)
[M::mem_pestat] low and high boundaries for proper pairs: (1, 12359)
[M::mem_pestat] skip orientation FF
[M::mem_pestat] skip orientation RF
[M::mem_pestat] skip orientation RR
[M::mem_process_seqs] Processed 2833368 reads in 3326.836 CPU sec, 83.606 real sec
[M::process] read 2816492 sequences (400000054 bp)...
[M::mem_pestat] # candidate unique pairs for (FF, FR, RF, RR): (13, 748311, 77, 19)
[M::mem_pestat] analyzing insert size distribution for orientation FF...
[M::mem_pestat] (25, 50, 75) percentile: (208, 261, 5113)
[M::mem_pestat] low and high boundaries for computing mean and std.dev: (1, 14923)
[M::mem_pestat] mean and std.dev: (2207.00, 2687.97)
[M::mem_pestat] low and high boundaries for proper pairs: (1, 19828)
[M::mem_pestat] analyzing insert size distribution for orientation FR...
[M::mem_pestat] (25, 50, 75) percentile: (185, 233, 307)
[M::mem_pestat] low and high boundaries for computing mean and std.dev: (1, 551)
[M::mem_pestat] mean and std.dev: (248.25, 85.88)
[M::mem_pestat] low and high boundaries for proper pairs: (1, 673)
[M::mem_pestat] analyzing insert size distribution for orientation RF...
[M::mem_pestat] (25, 50, 75) percentile: (136, 431, 2380)
[M::mem_pestat] low and high boundaries for computing mean and std.dev: (1, 6868)
[M::mem_pestat] mean and std.dev: (1224.38, 1387.63)
[M::mem_pestat] low and high boundaries for proper pairs: (1, 9112)
[M::mem_pestat] analyzing insert size distribution for orientation RR...
[M::mem_pestat] (25, 50, 75) percentile: (1791, 3534, 9064)
[M::mem_pestat] low and high boundaries for computing mean and std.dev: (1, 23610)
[M::mem_pestat] mean and std.dev: (4078.53, 3372.23)
[M::mem_pestat] low and high boundaries for proper pairs: (1, 30883)
[M::mem_pestat] skip orientation FF
[M::mem_pestat] skip orientation RF
[M::mem_pestat] skip orientation RR
[M::mem_process_seqs] Processed 2835560 reads in 3256.653 CPU sec, 81.511 real sec
[M::process] read 2794980 sequences (400000055 bp)...
[M::mem_pestat] # candidate unique pairs for (FF, FR, RF, RR): (6, 750403, 82, 19)
[M::mem_pestat] skip orientation FF as there are not enough pairs
[M::mem_pestat] analyzing insert size distribution for orientation FR...
[M::mem_pestat] (25, 50, 75) percentile: (185, 233, 307)
[M::mem_pestat] low and high boundaries for computing mean and std.dev: (1, 551)
[M::mem_pestat] mean and std.dev: (248.74, 85.78)
[M::mem_pestat] low and high boundaries for proper pairs: (1, 673)
[M::mem_pestat] analyzing insert size distribution for orientation RF...
[M::mem_pestat] (25, 50, 75) percentile: (223, 1095, 2394)
[M::mem_pestat] low and high boundaries for computing mean and std.dev: (1, 6736)
[M::mem_pestat] mean and std.dev: (1330.62, 1635.05)
[M::mem_pestat] low and high boundaries for proper pairs: (1, 8907)
[M::mem_pestat] analyzing insert size distribution for orientation RR...
[M::mem_pestat] (25, 50, 75) percentile: (159, 316, 2543)
[M::mem_pestat] low and high boundaries for computing mean and std.dev: (1, 7311)
[M::mem_pestat] mean and std.dev: (1228.53, 1314.48)
[M::mem_pestat] low and high boundaries for proper pairs: (1, 9695)
[M::mem_pestat] skip orientation RF
[M::mem_pestat] skip orientation RR
[M::mem_process_seqs] Processed 2816492 reads in 3166.503 CPU sec, 79.648 real sec
[M::process] read 2794514 sequences (400000283 bp)...
[M::mem_pestat] # candidate unique pairs for (FF, FR, RF, RR): (5, 747523, 73, 9)
[M::mem_pestat] skip orientation FF as there are not enough pairs
[M::mem_pestat] analyzing insert size distribution for orientation FR...
[M::mem_pestat] (25, 50, 75) percentile: (188, 237, 312)
[M::mem_pestat] low and high boundaries for computing mean and std.dev: (1, 560)
[M::mem_pestat] mean and std.dev: (252.05, 86.55)
[M::mem_pestat] low and high boundaries for proper pairs: (1, 684)
[M::mem_pestat] analyzing insert size distribution for orientation RF...
[M::mem_pestat] (25, 50, 75) percentile: (107, 658, 3291)
[M::mem_pestat] low and high boundaries for computing mean and std.dev: (1, 9659)
[M::mem_pestat] mean and std.dev: (1754.35, 2383.48)
[M::mem_pestat] low and high boundaries for proper pairs: (1, 12843)
[M::mem_pestat] skip orientation RR as there are not enough pairs
[M::mem_pestat] skip orientation RF
[M::mem_process_seqs] Processed 2794980 reads in 3172.840 CPU sec, 79.590 real sec
[M::process] read 2793422 sequences (400000146 bp)...
[M::mem_pestat] # candidate unique pairs for (FF, FR, RF, RR): (9, 747748, 84, 12)
[M::mem_pestat] skip orientation FF as there are not enough pairs
[M::mem_pestat] analyzing insert size distribution for orientation FR...
[M::mem_pestat] (25, 50, 75) percentile: (188, 238, 313)
[M::mem_pestat] low and high boundaries for computing mean and std.dev: (1, 563)
[M::mem_pestat] mean and std.dev: (253.04, 86.76)
[M::mem_pestat] low and high boundaries for proper pairs: (1, 688)
[M::mem_pestat] analyzing insert size distribution for orientation RF...
[M::mem_pestat] (25, 50, 75) percentile: (183, 655, 2742)
[M::mem_pestat] low and high boundaries for computing mean and std.dev: (1, 7860)
[M::mem_pestat] mean and std.dev: (1555.55, 1762.12)
[M::mem_pestat] low and high boundaries for proper pairs: (1, 10419)
[M::mem_pestat] analyzing insert size distribution for orientation RR...
[M::mem_pestat] (25, 50, 75) percentile: (190, 491, 2014)
[M::mem_pestat] low and high boundaries for computing mean and std.dev: (1, 5662)
[M::mem_pestat] mean and std.dev: (1079.50, 1367.79)
[M::mem_pestat] low and high boundaries for proper pairs: (1, 7486)
[M::mem_pestat] skip orientation RF
[M::mem_pestat] skip orientation RR
[M::mem_process_seqs] Processed 2794514 reads in 3183.117 CPU sec, 79.793 real sec
[M::process] read 2792226 sequences (400000252 bp)...
[M::mem_pestat] # candidate unique pairs for (FF, FR, RF, RR): (5, 747792, 78, 13)
[M::mem_pestat] skip orientation FF as there are not enough pairs
[M::mem_pestat] analyzing insert size distribution for orientation FR...
[M::mem_pestat] (25, 50, 75) percentile: (188, 238, 313)
[M::mem_pestat] low and high boundaries for computing mean and std.dev: (1, 563)
[M::mem_pestat] mean and std.dev: (253.15, 86.93)
[M::mem_pestat] low and high boundaries for proper pairs: (1, 688)
[M::mem_pestat] analyzing insert size distribution for orientation RF...
[M::mem_pestat] (25, 50, 75) percentile: (180, 579, 2445)
[M::mem_pestat] low and high boundaries for computing mean and std.dev: (1, 6975)
[M::mem_pestat] mean and std.dev: (1389.99, 1640.68)
[M::mem_pestat] low and high boundaries for proper pairs: (1, 9240)
[M::mem_pestat] analyzing insert size distribution for orientation RR...
[M::mem_pestat] (25, 50, 75) percentile: (199, 488, 3325)
[M::mem_pestat] low and high boundaries for computing mean and std.dev: (1, 9577)
[M::mem_pestat] mean and std.dev: (1711.38, 1534.16)
[M::mem_pestat] low and high boundaries for proper pairs: (1, 12703)
[M::mem_pestat] skip orientation RF
[M::mem_pestat] skip orientation RR
[M::mem_process_seqs] Processed 2793422 reads in 3174.398 CPU sec, 79.592 real sec
[M::process] read 2811076 sequences (400000297 bp)...
[M::mem_pestat] # candidate unique pairs for (FF, FR, RF, RR): (16, 747271, 65, 3)
[M::mem_pestat] analyzing insert size distribution for orientation FF...
[M::mem_pestat] (25, 50, 75) percentile: (231, 823, 4191)
[M::mem_pestat] low and high boundaries for computing mean and std.dev: (1, 12111)
[M::mem_pestat] mean and std.dev: (2284.00, 2598.00)
[M::mem_pestat] low and high boundaries for proper pairs: (1, 16071)
[M::mem_pestat] analyzing insert size distribution for orientation FR...
[M::mem_pestat] (25, 50, 75) percentile: (188, 238, 313)
[M::mem_pestat] low and high boundaries for computing mean and std.dev: (1, 563)
[M::mem_pestat] mean and std.dev: (253.04, 87.21)
[M::mem_pestat] low and high boundaries for proper pairs: (1, 688)
[M::mem_pestat] analyzing insert size distribution for orientation RF...
[M::mem_pestat] (25, 50, 75) percentile: (338, 1173, 2445)
[M::mem_pestat] low and high boundaries for computing mean and std.dev: (1, 6659)
[M::mem_pestat] mean and std.dev: (1439.19, 1401.78)
[M::mem_pestat] low and high boundaries for proper pairs: (1, 8766)
[M::mem_pestat] skip orientation RR as there are not enough pairs
[M::mem_pestat] skip orientation FF
[M::mem_pestat] skip orientation RF
[M::mem_process_seqs] Processed 2792226 reads in 3185.106 CPU sec, 79.839 real sec
[M::process] read 2814398 sequences (400000186 bp)...
[M::mem_pestat] # candidate unique pairs for (FF, FR, RF, RR): (9, 746037, 94, 12)
[M::mem_pestat] skip orientation FF as there are not enough pairs
[M::mem_pestat] analyzing insert size distribution for orientation FR...
[M::mem_pestat] (25, 50, 75) percentile: (189, 240, 316)
[M::mem_pestat] low and high boundaries for computing mean and std.dev: (1, 570)
[M::mem_pestat] mean and std.dev: (254.85, 87.72)
[M::mem_pestat] low and high boundaries for proper pairs: (1, 697)
[M::mem_pestat] analyzing insert size distribution for orientation RF...
[M::mem_pestat] (25, 50, 75) percentile: (83, 414, 1576)
[M::mem_pestat] low and high boundaries for computing mean and std.dev: (1, 4562)
[M::mem_pestat] mean and std.dev: (822.18, 1126.59)
[M::mem_pestat] low and high boundaries for proper pairs: (1, 6055)
[M::mem_pestat] analyzing insert size distribution for orientation RR...
[M::mem_pestat] (25, 50, 75) percentile: (212, 1498, 3273)
[M::mem_pestat] low and high boundaries for computing mean and std.dev: (1, 9395)
[M::mem_pestat] mean and std.dev: (1552.92, 1664.08)
[M::mem_pestat] low and high boundaries for proper pairs: (1, 12456)
[M::mem_pestat] skip orientation RF
[M::mem_pestat] skip orientation RR
[M::mem_process_seqs] Processed 2811076 reads in 3362.156 CPU sec, 84.096 real sec
[M::process] read 2810826 sequences (400000128 bp)...
[M::mem_pestat] # candidate unique pairs for (FF, FR, RF, RR): (15, 746533, 102, 16)
[M::mem_pestat] analyzing insert size distribution for orientation FF...
[M::mem_pestat] (25, 50, 75) percentile: (195, 209, 2012)
[M::mem_pestat] low and high boundaries for computing mean and std.dev: (1, 5646)
[M::mem_pestat] mean and std.dev: (1059.47, 1512.42)
[M::mem_pestat] low and high boundaries for proper pairs: (1, 7463)
[M::mem_pestat] analyzing insert size distribution for orientation FR...
[M::mem_pestat] (25, 50, 75) percentile: (189, 239, 315)
[M::mem_pestat] low and high boundaries for computing mean and std.dev: (1, 567)
[M::mem_pestat] mean and std.dev: (254.28, 87.71)
[M::mem_pestat] low and high boundaries for proper pairs: (1, 693)
[M::mem_pestat] analyzing insert size distribution for orientation RF...
[M::mem_pestat] (25, 50, 75) percentile: (223, 685, 2207)
[M::mem_pestat] low and high boundaries for computing mean and std.dev: (1, 6175)
[M::mem_pestat] mean and std.dev: (1237.43, 1491.45)
[M::mem_pestat] low and high boundaries for proper pairs: (1, 8159)
[M::mem_pestat] analyzing insert size distribution for orientation RR...
[M::mem_pestat] (25, 50, 75) percentile: (219, 1014, 3996)
[M::mem_pestat] low and high boundaries for computing mean and std.dev: (1, 11550)
[M::mem_pestat] mean and std.dev: (1890.06, 2205.87)
[M::mem_pestat] low and high boundaries for proper pairs: (1, 15327)
[M::mem_pestat] skip orientation FF
[M::mem_pestat] skip orientation RF
[M::mem_pestat] skip orientation RR
[M::mem_process_seqs] Processed 2814398 reads in 3306.858 CPU sec, 83.098 real sec
[M::process] read 2810534 sequences (400000282 bp)...
[M::mem_pestat] # candidate unique pairs for (FF, FR, RF, RR): (15, 746160, 72, 16)
[M::mem_pestat] analyzing insert size distribution for orientation FF...
[M::mem_pestat] (25, 50, 75) percentile: (161, 1934, 2564)
[M::mem_pestat] low and high boundaries for computing mean and std.dev: (1, 7370)
[M::mem_pestat] mean and std.dev: (1610.07, 1686.16)
[M::mem_pestat] low and high boundaries for proper pairs: (1, 9773)
[M::mem_pestat] analyzing insert size distribution for orientation FR...
[M::mem_pestat] (25, 50, 75) percentile: (190, 241, 318)
[M::mem_pestat] low and high boundaries for computing mean and std.dev: (1, 574)
[M::mem_pestat] mean and std.dev: (255.96, 88.27)
[M::mem_pestat] low and high boundaries for proper pairs: (1, 702)
[M::mem_pestat] analyzing insert size distribution for orientation RF...
[M::mem_pestat] (25, 50, 75) percentile: (152, 459, 2332)
[M::mem_pestat] low and high boundaries for computing mean and std.dev: (1, 6692)
[M::mem_pestat] mean and std.dev: (1159.05, 1593.29)
[M::mem_pestat] low and high boundaries for proper pairs: (1, 8872)
[M::mem_pestat] analyzing insert size distribution for orientation RR...
[M::mem_pestat] (25, 50, 75) percentile: (201, 2626, 8632)
[M::mem_pestat] low and high boundaries for computing mean and std.dev: (1, 25494)
[M::mem_pestat] mean and std.dev: (3296.25, 3654.83)
[M::mem_pestat] low and high boundaries for proper pairs: (1, 33925)
[M::mem_pestat] skip orientation FF
[M::mem_pestat] skip orientation RF
[M::mem_pestat] skip orientation RR
[M::mem_process_seqs] Processed 2810826 reads in 3520.329 CPU sec, 93.861 real sec
[M::process] read 1701480 sequences (243099548 bp)...
[M::mem_pestat] # candidate unique pairs for (FF, FR, RF, RR): (9, 747194, 72, 11)
[M::mem_pestat] skip orientation FF as there are not enough pairs
[M::mem_pestat] analyzing insert size distribution for orientation FR...
[M::mem_pestat] (25, 50, 75) percentile: (190, 241, 318)
[M::mem_pestat] low and high boundaries for computing mean and std.dev: (1, 574)
[M::mem_pestat] mean and std.dev: (256.05, 88.46)
[M::mem_pestat] low and high boundaries for proper pairs: (1, 702)
[M::mem_pestat] analyzing insert size distribution for orientation RF...
[M::mem_pestat] (25, 50, 75) percentile: (150, 542, 2121)
[M::mem_pestat] low and high boundaries for computing mean and std.dev: (1, 6063)
[M::mem_pestat] mean and std.dev: (876.78, 921.73)
[M::mem_pestat] low and high boundaries for proper pairs: (1, 8034)
[M::mem_pestat] analyzing insert size distribution for orientation RR...
[M::mem_pestat] (25, 50, 75) percentile: (130, 208, 293)
[M::mem_pestat] low and high boundaries for computing mean and std.dev: (1, 619)
[M::mem_pestat] mean and std.dev: (200.10, 162.46)
[M::mem_pestat] low and high boundaries for proper pairs: (1, 850)
[M::mem_pestat] skip orientation RF
[M::mem_pestat] skip orientation RR
[M::mem_process_seqs] Processed 2810534 reads in 3259.802 CPU sec, 81.705 real sec
[M::mem_pestat] # candidate unique pairs for (FF, FR, RF, RR): (10, 451960, 42, 9)
[M::mem_pestat] analyzing insert size distribution for orientation FF...
[M::mem_pestat] (25, 50, 75) percentile: (149, 2116, 5294)
[M::mem_pestat] low and high boundaries for computing mean and std.dev: (1, 15584)
[M::mem_pestat] mean and std.dev: (2334.60, 2360.57)
[M::mem_pestat] low and high boundaries for proper pairs: (1, 20729)
[M::mem_pestat] analyzing insert size distribution for orientation FR...
[M::mem_pestat] (25, 50, 75) percentile: (191, 243, 321)
[M::mem_pestat] low and high boundaries for computing mean and std.dev: (1, 581)
[M::mem_pestat] mean and std.dev: (258.08, 89.44)
[M::mem_pestat] low and high boundaries for proper pairs: (1, 711)
[M::mem_pestat] analyzing insert size distribution for orientation RF...
[M::mem_pestat] (25, 50, 75) percentile: (75, 281, 914)
[M::mem_pestat] low and high boundaries for computing mean and std.dev: (1, 2592)
[M::mem_pestat] mean and std.dev: (601.37, 733.32)
[M::mem_pestat] low and high boundaries for proper pairs: (1, 3535)
[M::mem_pestat] skip orientation RR as there are not enough pairs
[M::mem_pestat] skip orientation FF
[M::mem_pestat] skip orientation RF
[M::mem_process_seqs] Processed 1701480 reads in 1980.122 CPU sec, 49.650 real sec
[main] Version: 0.7.17-r1188
[main] CMD: /home/shared/bwa-0.7.17/bwa mem -M -t 40 ../data/bwa-GCF_031168955.1_ASM3116895v1_genomic ../data/trimmed-fastqs-heatwave-genetics/MHW053_trimmed_clipped_R1_paired.fq.gz ../data/trimmed-fastqs-heatwave-genetics/MHW053_trimmed_clipped_R2_paired.fq.gz
[main] Real time: 2890.021 sec; CPU: 114460.654 sec
