[M::bwa_idx_load_from_disk] read 0 ALT contigs
[M::process] read 2808716 sequences (400000191 bp)...
[M::process] read 2804900 sequences (400000128 bp)...
[M::mem_pestat] # candidate unique pairs for (FF, FR, RF, RR): (4, 743981, 76, 8)
[M::mem_pestat] skip orientation FF as there are not enough pairs
[M::mem_pestat] analyzing insert size distribution for orientation FR...
[M::mem_pestat] (25, 50, 75) percentile: (181, 220, 303)
[M::mem_pestat] low and high boundaries for computing mean and std.dev: (1, 547)
[M::mem_pestat] mean and std.dev: (243.07, 86.91)
[M::mem_pestat] low and high boundaries for proper pairs: (1, 669)
[M::mem_pestat] analyzing insert size distribution for orientation RF...
[M::mem_pestat] (25, 50, 75) percentile: (239, 962, 1511)
[M::mem_pestat] low and high boundaries for computing mean and std.dev: (1, 4055)
[M::mem_pestat] mean and std.dev: (929.96, 920.60)
[M::mem_pestat] low and high boundaries for proper pairs: (1, 5327)
[M::mem_pestat] skip orientation RR as there are not enough pairs
[M::mem_pestat] skip orientation RF
[M::mem_process_seqs] Processed 2808716 reads in 2808.257 CPU sec, 70.445 real sec
[M::process] read 2799764 sequences (400000047 bp)...
[M::mem_pestat] # candidate unique pairs for (FF, FR, RF, RR): (5, 737984, 69, 16)
[M::mem_pestat] skip orientation FF as there are not enough pairs
[M::mem_pestat] analyzing insert size distribution for orientation FR...
[M::mem_pestat] (25, 50, 75) percentile: (184, 225, 315)
[M::mem_pestat] low and high boundaries for computing mean and std.dev: (1, 577)
[M::mem_pestat] mean and std.dev: (249.90, 90.35)
[M::mem_pestat] low and high boundaries for proper pairs: (1, 708)
[M::mem_pestat] analyzing insert size distribution for orientation RF...
[M::mem_pestat] (25, 50, 75) percentile: (216, 423, 2364)
[M::mem_pestat] low and high boundaries for computing mean and std.dev: (1, 6660)
[M::mem_pestat] mean and std.dev: (1015.49, 1247.21)
[M::mem_pestat] low and high boundaries for proper pairs: (1, 8808)
[M::mem_pestat] analyzing insert size distribution for orientation RR...
[M::mem_pestat] (25, 50, 75) percentile: (152, 571, 2490)
[M::mem_pestat] low and high boundaries for computing mean and std.dev: (1, 7166)
[M::mem_pestat] mean and std.dev: (1843.94, 2225.26)
[M::mem_pestat] low and high boundaries for proper pairs: (1, 10745)
[M::mem_pestat] skip orientation RF
[M::mem_pestat] skip orientation RR
[M::mem_process_seqs] Processed 2804900 reads in 2939.193 CPU sec, 73.816 real sec
[M::process] read 2806982 sequences (400000219 bp)...
[M::mem_pestat] # candidate unique pairs for (FF, FR, RF, RR): (6, 735177, 75, 18)
[M::mem_pestat] skip orientation FF as there are not enough pairs
[M::mem_pestat] analyzing insert size distribution for orientation FR...
[M::mem_pestat] (25, 50, 75) percentile: (186, 228, 320)
[M::mem_pestat] low and high boundaries for computing mean and std.dev: (1, 588)
[M::mem_pestat] mean and std.dev: (252.76, 91.53)
[M::mem_pestat] low and high boundaries for proper pairs: (1, 722)
[M::mem_pestat] analyzing insert size distribution for orientation RF...
[M::mem_pestat] (25, 50, 75) percentile: (222, 1152, 2834)
[M::mem_pestat] low and high boundaries for computing mean and std.dev: (1, 8058)
[M::mem_pestat] mean and std.dev: (1598.83, 1911.91)
[M::mem_pestat] low and high boundaries for proper pairs: (1, 10670)
[M::mem_pestat] analyzing insert size distribution for orientation RR...
[M::mem_pestat] (25, 50, 75) percentile: (346, 1206, 4299)
[M::mem_pestat] low and high boundaries for computing mean and std.dev: (1, 12205)
[M::mem_pestat] mean and std.dev: (2099.22, 1839.86)
[M::mem_pestat] low and high boundaries for proper pairs: (1, 16158)
[M::mem_pestat] skip orientation RF
[M::mem_pestat] skip orientation RR
[M::mem_process_seqs] Processed 2799764 reads in 2944.995 CPU sec, 73.911 real sec
[M::process] read 2800580 sequences (400000085 bp)...
[M::mem_pestat] # candidate unique pairs for (FF, FR, RF, RR): (10, 741653, 65, 15)
[M::mem_pestat] analyzing insert size distribution for orientation FF...
[M::mem_pestat] (25, 50, 75) percentile: (360, 3510, 8508)
[M::mem_pestat] low and high boundaries for computing mean and std.dev: (1, 24804)
[M::mem_pestat] mean and std.dev: (4066.60, 3353.18)
[M::mem_pestat] low and high boundaries for proper pairs: (1, 32952)
[M::mem_pestat] analyzing insert size distribution for orientation FR...
[M::mem_pestat] (25, 50, 75) percentile: (182, 222, 308)
[M::mem_pestat] low and high boundaries for computing mean and std.dev: (1, 560)
[M::mem_pestat] mean and std.dev: (245.67, 88.47)
[M::mem_pestat] low and high boundaries for proper pairs: (1, 686)
[M::mem_pestat] analyzing insert size distribution for orientation RF...
[M::mem_pestat] (25, 50, 75) percentile: (175, 593, 2168)
[M::mem_pestat] low and high boundaries for computing mean and std.dev: (1, 6154)
[M::mem_pestat] mean and std.dev: (917.66, 1161.62)
[M::mem_pestat] low and high boundaries for proper pairs: (1, 8147)
[M::mem_pestat] analyzing insert size distribution for orientation RR...
[M::mem_pestat] (25, 50, 75) percentile: (285, 1504, 2498)
[M::mem_pestat] low and high boundaries for computing mean and std.dev: (1, 6924)
[M::mem_pestat] mean and std.dev: (1443.87, 1030.73)
[M::mem_pestat] low and high boundaries for proper pairs: (1, 9137)
[M::mem_pestat] skip orientation FF
[M::mem_pestat] skip orientation RF
[M::mem_pestat] skip orientation RR
[M::mem_process_seqs] Processed 2806982 reads in 2917.725 CPU sec, 73.178 real sec
[M::process] read 2797444 sequences (400000142 bp)...
[M::mem_pestat] # candidate unique pairs for (FF, FR, RF, RR): (17, 734857, 103, 4)
[M::mem_pestat] analyzing insert size distribution for orientation FF...
[M::mem_pestat] (25, 50, 75) percentile: (179, 953, 2670)
[M::mem_pestat] low and high boundaries for computing mean and std.dev: (1, 7652)
[M::mem_pestat] mean and std.dev: (1584.94, 1782.05)
[M::mem_pestat] low and high boundaries for proper pairs: (1, 10143)
[M::mem_pestat] analyzing insert size distribution for orientation FR...
[M::mem_pestat] (25, 50, 75) percentile: (186, 229, 321)
[M::mem_pestat] low and high boundaries for computing mean and std.dev: (1, 591)
[M::mem_pestat] mean and std.dev: (253.37, 91.75)
[M::mem_pestat] low and high boundaries for proper pairs: (1, 726)
[M::mem_pestat] analyzing insert size distribution for orientation RF...
[M::mem_pestat] (25, 50, 75) percentile: (186, 293, 762)
[M::mem_pestat] low and high boundaries for computing mean and std.dev: (1, 1914)
[M::mem_pestat] mean and std.dev: (372.44, 377.84)
[M::mem_pestat] low and high boundaries for proper pairs: (1, 2490)
[M::mem_pestat] skip orientation RR as there are not enough pairs
[M::mem_pestat] skip orientation FF
[M::mem_pestat] skip orientation RF
[M::mem_process_seqs] Processed 2800580 reads in 2961.840 CPU sec, 74.268 real sec
[M::process] read 2821710 sequences (400000122 bp)...
[M::mem_pestat] # candidate unique pairs for (FF, FR, RF, RR): (9, 737087, 78, 9)
[M::mem_pestat] skip orientation FF as there are not enough pairs
[M::mem_pestat] analyzing insert size distribution for orientation FR...
[M::mem_pestat] (25, 50, 75) percentile: (184, 225, 315)
[M::mem_pestat] low and high boundaries for computing mean and std.dev: (1, 577)
[M::mem_pestat] mean and std.dev: (249.84, 90.26)
[M::mem_pestat] low and high boundaries for proper pairs: (1, 708)
[M::mem_pestat] analyzing insert size distribution for orientation RF...
[M::mem_pestat] (25, 50, 75) percentile: (141, 238, 1619)
[M::mem_pestat] low and high boundaries for computing mean and std.dev: (1, 4575)
[M::mem_pestat] mean and std.dev: (774.77, 1066.16)
[M::mem_pestat] low and high boundaries for proper pairs: (1, 6053)
[M::mem_pestat] skip orientation RR as there are not enough pairs
[M::mem_pestat] skip orientation RF
[M::mem_process_seqs] Processed 2797444 reads in 2945.220 CPU sec, 74.025 real sec
[M::process] read 2818260 sequences (400000184 bp)...
[M::mem_pestat] # candidate unique pairs for (FF, FR, RF, RR): (14, 733428, 86, 6)
[M::mem_pestat] analyzing insert size distribution for orientation FF...
[M::mem_pestat] (25, 50, 75) percentile: (176, 2132, 2750)
[M::mem_pestat] low and high boundaries for computing mean and std.dev: (1, 7898)
[M::mem_pestat] mean and std.dev: (1680.36, 1312.87)
[M::mem_pestat] low and high boundaries for proper pairs: (1, 10472)
[M::mem_pestat] analyzing insert size distribution for orientation FR...
[M::mem_pestat] (25, 50, 75) percentile: (186, 229, 321)
[M::mem_pestat] low and high boundaries for computing mean and std.dev: (1, 591)
[M::mem_pestat] mean and std.dev: (253.01, 91.51)
[M::mem_pestat] low and high boundaries for proper pairs: (1, 726)
[M::mem_pestat] analyzing insert size distribution for orientation RF...
[M::mem_pestat] (25, 50, 75) percentile: (223, 422, 2302)
[M::mem_pestat] low and high boundaries for computing mean and std.dev: (1, 6460)
[M::mem_pestat] mean and std.dev: (999.55, 1262.07)
[M::mem_pestat] low and high boundaries for proper pairs: (1, 8539)
[M::mem_pestat] skip orientation RR as there are not enough pairs
[M::mem_pestat] skip orientation FF
[M::mem_pestat] skip orientation RF
[M::mem_process_seqs] Processed 2821710 reads in 2999.430 CPU sec, 75.088 real sec
[M::process] read 2825712 sequences (400000149 bp)...
[M::mem_pestat] # candidate unique pairs for (FF, FR, RF, RR): (13, 731566, 69, 15)
[M::mem_pestat] analyzing insert size distribution for orientation FF...
[M::mem_pestat] (25, 50, 75) percentile: (146, 350, 3887)
[M::mem_pestat] low and high boundaries for computing mean and std.dev: (1, 11369)
[M::mem_pestat] mean and std.dev: (1672.08, 2235.47)
[M::mem_pestat] low and high boundaries for proper pairs: (1, 15110)
[M::mem_pestat] analyzing insert size distribution for orientation FR...
[M::mem_pestat] (25, 50, 75) percentile: (187, 231, 325)
[M::mem_pestat] low and high boundaries for computing mean and std.dev: (1, 601)
[M::mem_pestat] mean and std.dev: (255.93, 93.07)
[M::mem_pestat] low and high boundaries for proper pairs: (1, 739)
[M::mem_pestat] analyzing insert size distribution for orientation RF...
[M::mem_pestat] (25, 50, 75) percentile: (209, 417, 1187)
[M::mem_pestat] low and high boundaries for computing mean and std.dev: (1, 3143)
[M::mem_pestat] mean and std.dev: (510.13, 449.11)
[M::mem_pestat] low and high boundaries for proper pairs: (1, 4121)
[M::mem_pestat] analyzing insert size distribution for orientation RR...
[M::mem_pestat] (25, 50, 75) percentile: (459, 2472, 3161)
[M::mem_pestat] low and high boundaries for computing mean and std.dev: (1, 8565)
[M::mem_pestat] mean and std.dev: (1926.07, 1762.87)
[M::mem_pestat] low and high boundaries for proper pairs: (1, 11267)
[M::mem_pestat] skip orientation FF
[M::mem_pestat] skip orientation RF
[M::mem_pestat] skip orientation RR
[M::mem_process_seqs] Processed 2818260 reads in 2982.434 CPU sec, 74.802 real sec
[M::process] read 2833150 sequences (400000057 bp)...
[M::mem_pestat] # candidate unique pairs for (FF, FR, RF, RR): (10, 734848, 80, 12)
[M::mem_pestat] analyzing insert size distribution for orientation FF...
[M::mem_pestat] (25, 50, 75) percentile: (116, 158, 241)
[M::mem_pestat] low and high boundaries for computing mean and std.dev: (1, 491)
[M::mem_pestat] mean and std.dev: (160.44, 50.86)
[M::mem_pestat] low and high boundaries for proper pairs: (1, 616)
[M::mem_pestat] analyzing insert size distribution for orientation FR...
[M::mem_pestat] (25, 50, 75) percentile: (186, 228, 321)
[M::mem_pestat] low and high boundaries for computing mean and std.dev: (1, 591)
[M::mem_pestat] mean and std.dev: (253.03, 91.66)
[M::mem_pestat] low and high boundaries for proper pairs: (1, 726)
[M::mem_pestat] analyzing insert size distribution for orientation RF...
[M::mem_pestat] (25, 50, 75) percentile: (162, 439, 1721)
[M::mem_pestat] low and high boundaries for computing mean and std.dev: (1, 4839)
[M::mem_pestat] mean and std.dev: (907.30, 1056.84)
[M::mem_pestat] low and high boundaries for proper pairs: (1, 6398)
[M::mem_pestat] analyzing insert size distribution for orientation RR...
[M::mem_pestat] (25, 50, 75) percentile: (311, 2019, 4078)
[M::mem_pestat] low and high boundaries for computing mean and std.dev: (1, 11612)
[M::mem_pestat] mean and std.dev: (2400.25, 2677.25)
[M::mem_pestat] low and high boundaries for proper pairs: (1, 15379)
[M::mem_pestat] skip orientation FF
[M::mem_pestat] skip orientation RF
[M::mem_pestat] skip orientation RR
[M::mem_process_seqs] Processed 2825712 reads in 2964.220 CPU sec, 74.590 real sec
[M::process] read 2823070 sequences (400000211 bp)...
[M::mem_pestat] # candidate unique pairs for (FF, FR, RF, RR): (10, 734366, 72, 15)
[M::mem_pestat] analyzing insert size distribution for orientation FF...
[M::mem_pestat] (25, 50, 75) percentile: (389, 558, 6192)
[M::mem_pestat] low and high boundaries for computing mean and std.dev: (1, 17798)
[M::mem_pestat] mean and std.dev: (3227.30, 3564.15)
[M::mem_pestat] low and high boundaries for proper pairs: (1, 23601)
[M::mem_pestat] analyzing insert size distribution for orientation FR...
[M::mem_pestat] (25, 50, 75) percentile: (186, 230, 324)
[M::mem_pestat] low and high boundaries for computing mean and std.dev: (1, 600)
[M::mem_pestat] mean and std.dev: (255.15, 92.86)
[M::mem_pestat] low and high boundaries for proper pairs: (1, 738)
[M::mem_pestat] analyzing insert size distribution for orientation RF...
[M::mem_pestat] (25, 50, 75) percentile: (161, 350, 1767)
[M::mem_pestat] low and high boundaries for computing mean and std.dev: (1, 4979)
[M::mem_pestat] mean and std.dev: (799.63, 951.35)
[M::mem_pestat] low and high boundaries for proper pairs: (1, 6585)
[M::mem_pestat] analyzing insert size distribution for orientation RR...
[M::mem_pestat] (25, 50, 75) percentile: (1002, 1946, 2126)
[M::mem_pestat] low and high boundaries for computing mean and std.dev: (1, 4374)
[M::mem_pestat] mean and std.dev: (1732.43, 1202.55)
[M::mem_pestat] low and high boundaries for proper pairs: (1, 6543)
[M::mem_pestat] skip orientation FF
[M::mem_pestat] skip orientation RF
[M::mem_pestat] skip orientation RR
[M::mem_process_seqs] Processed 2833150 reads in 3075.794 CPU sec, 76.909 real sec
[M::process] read 2822866 sequences (400000022 bp)...
[M::mem_pestat] # candidate unique pairs for (FF, FR, RF, RR): (12, 730093, 76, 10)
[M::mem_pestat] analyzing insert size distribution for orientation FF...
[M::mem_pestat] (25, 50, 75) percentile: (555, 816, 4667)
[M::mem_pestat] low and high boundaries for computing mean and std.dev: (1, 12891)
[M::mem_pestat] mean and std.dev: (2186.75, 2471.96)
[M::mem_pestat] low and high boundaries for proper pairs: (1, 17003)
[M::mem_pestat] analyzing insert size distribution for orientation FR...
[M::mem_pestat] (25, 50, 75) percentile: (187, 232, 327)
[M::mem_pestat] low and high boundaries for computing mean and std.dev: (1, 607)
[M::mem_pestat] mean and std.dev: (256.84, 93.69)
[M::mem_pestat] low and high boundaries for proper pairs: (1, 747)
[M::mem_pestat] analyzing insert size distribution for orientation RF...
[M::mem_pestat] (25, 50, 75) percentile: (138, 263, 1463)
[M::mem_pestat] low and high boundaries for computing mean and std.dev: (1, 4113)
[M::mem_pestat] mean and std.dev: (651.11, 845.72)
[M::mem_pestat] low and high boundaries for proper pairs: (1, 5438)
[M::mem_pestat] analyzing insert size distribution for orientation RR...
[M::mem_pestat] (25, 50, 75) percentile: (686, 4170, 7376)
[M::mem_pestat] low and high boundaries for computing mean and std.dev: (1, 20756)
[M::mem_pestat] mean and std.dev: (3802.60, 2847.51)
[M::mem_pestat] low and high boundaries for proper pairs: (1, 27446)
[M::mem_pestat] skip orientation FF
[M::mem_pestat] skip orientation RF
[M::mem_pestat] skip orientation RR
[M::mem_process_seqs] Processed 2823070 reads in 3036.553 CPU sec, 76.322 real sec
[M::process] read 2805718 sequences (400000243 bp)...
[M::mem_pestat] # candidate unique pairs for (FF, FR, RF, RR): (9, 734621, 84, 11)
[M::mem_pestat] skip orientation FF as there are not enough pairs
[M::mem_pestat] analyzing insert size distribution for orientation FR...
[M::mem_pestat] (25, 50, 75) percentile: (186, 230, 323)
[M::mem_pestat] low and high boundaries for computing mean and std.dev: (1, 597)
[M::mem_pestat] mean and std.dev: (254.27, 92.26)
[M::mem_pestat] low and high boundaries for proper pairs: (1, 734)
[M::mem_pestat] analyzing insert size distribution for orientation RF...
[M::mem_pestat] (25, 50, 75) percentile: (149, 600, 2206)
[M::mem_pestat] low and high boundaries for computing mean and std.dev: (1, 6320)
[M::mem_pestat] mean and std.dev: (1158.63, 1454.57)
[M::mem_pestat] low and high boundaries for proper pairs: (1, 8377)
[M::mem_pestat] analyzing insert size distribution for orientation RR...
[M::mem_pestat] (25, 50, 75) percentile: (141, 195, 313)
[M::mem_pestat] low and high boundaries for computing mean and std.dev: (1, 657)
[M::mem_pestat] mean and std.dev: (197.90, 92.09)
[M::mem_pestat] low and high boundaries for proper pairs: (1, 829)
[M::mem_pestat] skip orientation RF
[M::mem_pestat] skip orientation RR
[M::mem_process_seqs] Processed 2822866 reads in 3035.011 CPU sec, 75.919 real sec
[M::process] read 2801196 sequences (400000000 bp)...
[M::mem_pestat] # candidate unique pairs for (FF, FR, RF, RR): (16, 734551, 73, 14)
[M::mem_pestat] analyzing insert size distribution for orientation FF...
[M::mem_pestat] (25, 50, 75) percentile: (186, 682, 4309)
[M::mem_pestat] low and high boundaries for computing mean and std.dev: (1, 12555)
[M::mem_pestat] mean and std.dev: (1853.12, 2276.63)
[M::mem_pestat] low and high boundaries for proper pairs: (1, 16678)
[M::mem_pestat] analyzing insert size distribution for orientation FR...
[M::mem_pestat] (25, 50, 75) percentile: (185, 228, 322)
[M::mem_pestat] low and high boundaries for computing mean and std.dev: (1, 596)
[M::mem_pestat] mean and std.dev: (253.49, 92.47)
[M::mem_pestat] low and high boundaries for proper pairs: (1, 733)
[M::mem_pestat] analyzing insert size distribution for orientation RF...
[M::mem_pestat] (25, 50, 75) percentile: (116, 358, 1479)
[M::mem_pestat] low and high boundaries for computing mean and std.dev: (1, 4205)
[M::mem_pestat] mean and std.dev: (865.47, 1071.06)
[M::mem_pestat] low and high boundaries for proper pairs: (1, 5568)
[M::mem_pestat] analyzing insert size distribution for orientation RR...
[M::mem_pestat] (25, 50, 75) percentile: (188, 688, 2109)
[M::mem_pestat] low and high boundaries for computing mean and std.dev: (1, 5951)
[M::mem_pestat] mean and std.dev: (768.00, 869.18)
[M::mem_pestat] low and high boundaries for proper pairs: (1, 7872)
[M::mem_pestat] skip orientation FF
[M::mem_pestat] skip orientation RF
[M::mem_pestat] skip orientation RR
[M::mem_process_seqs] Processed 2805718 reads in 2987.483 CPU sec, 74.923 real sec
[M::process] read 2802106 sequences (400000244 bp)...
[M::mem_pestat] # candidate unique pairs for (FF, FR, RF, RR): (13, 736727, 73, 4)
[M::mem_pestat] analyzing insert size distribution for orientation FF...
[M::mem_pestat] (25, 50, 75) percentile: (327, 446, 3203)
[M::mem_pestat] low and high boundaries for computing mean and std.dev: (1, 8955)
[M::mem_pestat] mean and std.dev: (1069.75, 1536.41)
[M::mem_pestat] low and high boundaries for proper pairs: (1, 11831)
[M::mem_pestat] analyzing insert size distribution for orientation FR...
[M::mem_pestat] (25, 50, 75) percentile: (185, 226, 317)
[M::mem_pestat] low and high boundaries for computing mean and std.dev: (1, 581)
[M::mem_pestat] mean and std.dev: (250.86, 90.79)
[M::mem_pestat] low and high boundaries for proper pairs: (1, 713)
[M::mem_pestat] analyzing insert size distribution for orientation RF...
[M::mem_pestat] (25, 50, 75) percentile: (168, 385, 1340)
[M::mem_pestat] low and high boundaries for computing mean and std.dev: (1, 3684)
[M::mem_pestat] mean and std.dev: (608.44, 765.92)
[M::mem_pestat] low and high boundaries for proper pairs: (1, 4856)
[M::mem_pestat] skip orientation RR as there are not enough pairs
[M::mem_pestat] skip orientation FF
[M::mem_pestat] skip orientation RF
[M::mem_process_seqs] Processed 2801196 reads in 2956.878 CPU sec, 74.198 real sec
[M::process] read 2802622 sequences (400000244 bp)...
[M::mem_pestat] # candidate unique pairs for (FF, FR, RF, RR): (14, 737767, 85, 7)
[M::mem_pestat] analyzing insert size distribution for orientation FF...
[M::mem_pestat] (25, 50, 75) percentile: (200, 1996, 2478)
[M::mem_pestat] low and high boundaries for computing mean and std.dev: (1, 7034)
[M::mem_pestat] mean and std.dev: (1813.86, 1822.89)
[M::mem_pestat] low and high boundaries for proper pairs: (1, 9312)
[M::mem_pestat] analyzing insert size distribution for orientation FR...
[M::mem_pestat] (25, 50, 75) percentile: (183, 224, 312)
[M::mem_pestat] low and high boundaries for computing mean and std.dev: (1, 570)
[M::mem_pestat] mean and std.dev: (248.08, 89.69)
[M::mem_pestat] low and high boundaries for proper pairs: (1, 699)
[M::mem_pestat] analyzing insert size distribution for orientation RF...
[M::mem_pestat] (25, 50, 75) percentile: (211, 472, 1291)
[M::mem_pestat] low and high boundaries for computing mean and std.dev: (1, 3451)
[M::mem_pestat] mean and std.dev: (757.27, 814.83)
[M::mem_pestat] low and high boundaries for proper pairs: (1, 4531)
[M::mem_pestat] skip orientation RR as there are not enough pairs
[M::mem_pestat] skip orientation FF
[M::mem_pestat] skip orientation RF
[M::mem_process_seqs] Processed 2802106 reads in 2946.020 CPU sec, 73.934 real sec
[M::process] read 2801924 sequences (400000010 bp)...
[M::mem_pestat] # candidate unique pairs for (FF, FR, RF, RR): (9, 734977, 84, 11)
[M::mem_pestat] skip orientation FF as there are not enough pairs
[M::mem_pestat] analyzing insert size distribution for orientation FR...
[M::mem_pestat] (25, 50, 75) percentile: (186, 230, 323)
[M::mem_pestat] low and high boundaries for computing mean and std.dev: (1, 597)
[M::mem_pestat] mean and std.dev: (254.38, 92.03)
[M::mem_pestat] low and high boundaries for proper pairs: (1, 734)
[M::mem_pestat] analyzing insert size distribution for orientation RF...
[M::mem_pestat] (25, 50, 75) percentile: (162, 402, 1306)
[M::mem_pestat] low and high boundaries for computing mean and std.dev: (1, 3594)
[M::mem_pestat] mean and std.dev: (634.16, 741.26)
[M::mem_pestat] low and high boundaries for proper pairs: (1, 4738)
[M::mem_pestat] analyzing insert size distribution for orientation RR...
[M::mem_pestat] (25, 50, 75) percentile: (597, 1231, 4148)
[M::mem_pestat] low and high boundaries for computing mean and std.dev: (1, 11250)
[M::mem_pestat] mean and std.dev: (2201.36, 2054.05)
[M::mem_pestat] low and high boundaries for proper pairs: (1, 14801)
[M::mem_pestat] skip orientation RF
[M::mem_pestat] skip orientation RR
[M::mem_process_seqs] Processed 2802622 reads in 2985.253 CPU sec, 75.126 real sec
[M::process] read 2801492 sequences (400000290 bp)...
[M::mem_pestat] # candidate unique pairs for (FF, FR, RF, RR): (11, 739362, 71, 19)
[M::mem_pestat] analyzing insert size distribution for orientation FF...
[M::mem_pestat] (25, 50, 75) percentile: (185, 1707, 3498)
[M::mem_pestat] low and high boundaries for computing mean and std.dev: (1, 10124)
[M::mem_pestat] mean and std.dev: (2787.09, 3260.74)
[M::mem_pestat] low and high boundaries for proper pairs: (1, 15830)
[M::mem_pestat] analyzing insert size distribution for orientation FR...
[M::mem_pestat] (25, 50, 75) percentile: (184, 225, 314)
[M::mem_pestat] low and high boundaries for computing mean and std.dev: (1, 574)
[M::mem_pestat] mean and std.dev: (249.03, 90.05)
[M::mem_pestat] low and high boundaries for proper pairs: (1, 704)
[M::mem_pestat] analyzing insert size distribution for orientation RF...
[M::mem_pestat] (25, 50, 75) percentile: (132, 226, 558)
[M::mem_pestat] low and high boundaries for computing mean and std.dev: (1, 1410)
[M::mem_pestat] mean and std.dev: (259.09, 222.78)
[M::mem_pestat] low and high boundaries for proper pairs: (1, 1836)
[M::mem_pestat] analyzing insert size distribution for orientation RR...
[M::mem_pestat] (25, 50, 75) percentile: (202, 1463, 3593)
[M::mem_pestat] low and high boundaries for computing mean and std.dev: (1, 10375)
[M::mem_pestat] mean and std.dev: (2377.21, 2454.37)
[M::mem_pestat] low and high boundaries for proper pairs: (1, 13766)
[M::mem_pestat] skip orientation FF
[M::mem_pestat] skip orientation RF
[M::mem_pestat] skip orientation RR
[M::mem_process_seqs] Processed 2801924 reads in 2945.754 CPU sec, 73.924 real sec
[M::process] read 2797650 sequences (400000280 bp)...
[M::mem_pestat] # candidate unique pairs for (FF, FR, RF, RR): (8, 738189, 69, 7)
[M::mem_pestat] skip orientation FF as there are not enough pairs
[M::mem_pestat] analyzing insert size distribution for orientation FR...
[M::mem_pestat] (25, 50, 75) percentile: (184, 224, 314)
[M::mem_pestat] low and high boundaries for computing mean and std.dev: (1, 574)
[M::mem_pestat] mean and std.dev: (248.81, 90.18)
[M::mem_pestat] low and high boundaries for proper pairs: (1, 704)
[M::mem_pestat] analyzing insert size distribution for orientation RF...
[M::mem_pestat] (25, 50, 75) percentile: (136, 298, 2101)
[M::mem_pestat] low and high boundaries for computing mean and std.dev: (1, 6031)
[M::mem_pestat] mean and std.dev: (1104.19, 1598.41)
[M::mem_pestat] low and high boundaries for proper pairs: (1, 7996)
[M::mem_pestat] skip orientation RR as there are not enough pairs
[M::mem_pestat] skip orientation RF
[M::mem_process_seqs] Processed 2801492 reads in 3227.143 CPU sec, 86.482 real sec
[M::process] read 2825520 sequences (400000141 bp)...
[M::mem_pestat] # candidate unique pairs for (FF, FR, RF, RR): (15, 731962, 62, 6)
[M::mem_pestat] analyzing insert size distribution for orientation FF...
[M::mem_pestat] (25, 50, 75) percentile: (1337, 2382, 4338)
[M::mem_pestat] low and high boundaries for computing mean and std.dev: (1, 10340)
[M::mem_pestat] mean and std.dev: (2917.80, 2207.97)
[M::mem_pestat] low and high boundaries for proper pairs: (1, 13341)
[M::mem_pestat] analyzing insert size distribution for orientation FR...
[M::mem_pestat] (25, 50, 75) percentile: (187, 232, 325)
[M::mem_pestat] low and high boundaries for computing mean and std.dev: (1, 601)
[M::mem_pestat] mean and std.dev: (255.94, 92.44)
[M::mem_pestat] low and high boundaries for proper pairs: (1, 739)
[M::mem_pestat] analyzing insert size distribution for orientation RF...
[M::mem_pestat] (25, 50, 75) percentile: (154, 249, 1521)
[M::mem_pestat] low and high boundaries for computing mean and std.dev: (1, 4255)
[M::mem_pestat] mean and std.dev: (693.20, 970.13)
[M::mem_pestat] low and high boundaries for proper pairs: (1, 5622)
[M::mem_pestat] skip orientation RR as there are not enough pairs
[M::mem_pestat] skip orientation FF
[M::mem_pestat] skip orientation RF
[M::mem_process_seqs] Processed 2797650 reads in 2991.000 CPU sec, 74.983 real sec
[M::process] read 2825148 sequences (400000063 bp)...
[M::mem_pestat] # candidate unique pairs for (FF, FR, RF, RR): (8, 729839, 89, 12)
[M::mem_pestat] skip orientation FF as there are not enough pairs
[M::mem_pestat] analyzing insert size distribution for orientation FR...
[M::mem_pestat] (25, 50, 75) percentile: (186, 231, 325)
[M::mem_pestat] low and high boundaries for computing mean and std.dev: (1, 603)
[M::mem_pestat] mean and std.dev: (255.30, 92.92)
[M::mem_pestat] low and high boundaries for proper pairs: (1, 742)
[M::mem_pestat] analyzing insert size distribution for orientation RF...
[M::mem_pestat] (25, 50, 75) percentile: (132, 378, 2187)
[M::mem_pestat] low and high boundaries for computing mean and std.dev: (1, 6297)
[M::mem_pestat] mean and std.dev: (1089.63, 1363.27)
[M::mem_pestat] low and high boundaries for proper pairs: (1, 8352)
[M::mem_pestat] analyzing insert size distribution for orientation RR...
[M::mem_pestat] (25, 50, 75) percentile: (205, 1058, 6959)
[M::mem_pestat] low and high boundaries for computing mean and std.dev: (1, 20467)
[M::mem_pestat] mean and std.dev: (2477.08, 3101.26)
[M::mem_pestat] low and high boundaries for proper pairs: (1, 27221)
[M::mem_pestat] skip orientation RF
[M::mem_pestat] skip orientation RR
[M::mem_process_seqs] Processed 2825520 reads in 3023.703 CPU sec, 75.619 real sec
[M::process] read 2824516 sequences (400000264 bp)...
[M::mem_pestat] # candidate unique pairs for (FF, FR, RF, RR): (8, 731191, 92, 6)
[M::mem_pestat] skip orientation FF as there are not enough pairs
[M::mem_pestat] analyzing insert size distribution for orientation FR...
[M::mem_pestat] (25, 50, 75) percentile: (186, 231, 325)
[M::mem_pestat] low and high boundaries for computing mean and std.dev: (1, 603)
[M::mem_pestat] mean and std.dev: (255.58, 93.02)
[M::mem_pestat] low and high boundaries for proper pairs: (1, 742)
[M::mem_pestat] analyzing insert size distribution for orientation RF...
[M::mem_pestat] (25, 50, 75) percentile: (164, 933, 3907)
[M::mem_pestat] low and high boundaries for computing mean and std.dev: (1, 11393)
[M::mem_pestat] mean and std.dev: (2353.48, 2960.14)
[M::mem_pestat] low and high boundaries for proper pairs: (1, 15136)
[M::mem_pestat] skip orientation RR as there are not enough pairs
[M::mem_pestat] skip orientation RF
[M::mem_process_seqs] Processed 2825148 reads in 3083.199 CPU sec, 77.505 real sec
[M::process] read 2827722 sequences (400000021 bp)...
[M::mem_pestat] # candidate unique pairs for (FF, FR, RF, RR): (16, 731736, 73, 10)
[M::mem_pestat] analyzing insert size distribution for orientation FF...
[M::mem_pestat] (25, 50, 75) percentile: (303, 929, 1983)
[M::mem_pestat] low and high boundaries for computing mean and std.dev: (1, 5343)
[M::mem_pestat] mean and std.dev: (963.71, 936.09)
[M::mem_pestat] low and high boundaries for proper pairs: (1, 7023)
[M::mem_pestat] analyzing insert size distribution for orientation FR...
[M::mem_pestat] (25, 50, 75) percentile: (187, 231, 325)
[M::mem_pestat] low and high boundaries for computing mean and std.dev: (1, 601)
[M::mem_pestat] mean and std.dev: (255.89, 93.02)
[M::mem_pestat] low and high boundaries for proper pairs: (1, 739)
[M::mem_pestat] analyzing insert size distribution for orientation RF...
[M::mem_pestat] (25, 50, 75) percentile: (75, 223, 1256)
[M::mem_pestat] low and high boundaries for computing mean and std.dev: (1, 3618)
[M::mem_pestat] mean and std.dev: (579.29, 845.12)
[M::mem_pestat] low and high boundaries for proper pairs: (1, 4799)
[M::mem_pestat] analyzing insert size distribution for orientation RR...
[M::mem_pestat] (25, 50, 75) percentile: (116, 1524, 5163)
[M::mem_pestat] low and high boundaries for computing mean and std.dev: (1, 15257)
[M::mem_pestat] mean and std.dev: (2528.10, 2983.54)
[M::mem_pestat] low and high boundaries for proper pairs: (1, 20304)
[M::mem_pestat] skip orientation FF
[M::mem_pestat] skip orientation RF
[M::mem_pestat] skip orientation RR
[M::mem_process_seqs] Processed 2824516 reads in 3088.640 CPU sec, 77.429 real sec
[M::process] read 2829806 sequences (400000230 bp)...
[M::mem_pestat] # candidate unique pairs for (FF, FR, RF, RR): (15, 734222, 74, 8)
[M::mem_pestat] analyzing insert size distribution for orientation FF...
[M::mem_pestat] (25, 50, 75) percentile: (160, 817, 2287)
[M::mem_pestat] low and high boundaries for computing mean and std.dev: (1, 6541)
[M::mem_pestat] mean and std.dev: (1433.20, 1739.03)
[M::mem_pestat] low and high boundaries for proper pairs: (1, 8668)
[M::mem_pestat] analyzing insert size distribution for orientation FR...
[M::mem_pestat] (25, 50, 75) percentile: (186, 230, 324)
[M::mem_pestat] low and high boundaries for computing mean and std.dev: (1, 600)
[M::mem_pestat] mean and std.dev: (254.80, 92.46)
[M::mem_pestat] low and high boundaries for proper pairs: (1, 738)
[M::mem_pestat] analyzing insert size distribution for orientation RF...
[M::mem_pestat] (25, 50, 75) percentile: (187, 343, 1551)
[M::mem_pestat] low and high boundaries for computing mean and std.dev: (1, 4279)
[M::mem_pestat] mean and std.dev: (773.85, 935.67)
[M::mem_pestat] low and high boundaries for proper pairs: (1, 5643)
[M::mem_pestat] skip orientation RR as there are not enough pairs
[M::mem_pestat] skip orientation FF
[M::mem_pestat] skip orientation RF
[M::mem_process_seqs] Processed 2827722 reads in 3531.884 CPU sec, 88.317 real sec
[M::process] read 2814782 sequences (400000211 bp)...
[M::mem_pestat] # candidate unique pairs for (FF, FR, RF, RR): (9, 732657, 69, 8)
[M::mem_pestat] skip orientation FF as there are not enough pairs
[M::mem_pestat] analyzing insert size distribution for orientation FR...
[M::mem_pestat] (25, 50, 75) percentile: (187, 231, 326)
[M::mem_pestat] low and high boundaries for computing mean and std.dev: (1, 604)
[M::mem_pestat] mean and std.dev: (255.93, 93.31)
[M::mem_pestat] low and high boundaries for proper pairs: (1, 743)
[M::mem_pestat] analyzing insert size distribution for orientation RF...
[M::mem_pestat] (25, 50, 75) percentile: (206, 364, 1563)
[M::mem_pestat] low and high boundaries for computing mean and std.dev: (1, 4277)
[M::mem_pestat] mean and std.dev: (627.41, 734.89)
[M::mem_pestat] low and high boundaries for proper pairs: (1, 5634)
[M::mem_pestat] skip orientation RR as there are not enough pairs
[M::mem_pestat] skip orientation RF
[M::mem_process_seqs] Processed 2829806 reads in 3114.436 CPU sec, 78.295 real sec
[M::process] read 2794960 sequences (400000184 bp)...
[M::mem_pestat] # candidate unique pairs for (FF, FR, RF, RR): (6, 732538, 81, 8)
[M::mem_pestat] skip orientation FF as there are not enough pairs
[M::mem_pestat] analyzing insert size distribution for orientation FR...
[M::mem_pestat] (25, 50, 75) percentile: (186, 231, 326)
[M::mem_pestat] low and high boundaries for computing mean and std.dev: (1, 606)
[M::mem_pestat] mean and std.dev: (255.91, 93.49)
[M::mem_pestat] low and high boundaries for proper pairs: (1, 746)
[M::mem_pestat] analyzing insert size distribution for orientation RF...
[M::mem_pestat] (25, 50, 75) percentile: (223, 642, 2414)
[M::mem_pestat] low and high boundaries for computing mean and std.dev: (1, 6796)
[M::mem_pestat] mean and std.dev: (1351.95, 1559.92)
[M::mem_pestat] low and high boundaries for proper pairs: (1, 8987)
[M::mem_pestat] skip orientation RR as there are not enough pairs
[M::mem_pestat] skip orientation RF
[M::mem_process_seqs] Processed 2814782 reads in 3011.805 CPU sec, 75.504 real sec
[M::process] read 2785578 sequences (400000214 bp)...
[M::mem_pestat] # candidate unique pairs for (FF, FR, RF, RR): (2, 729125, 66, 15)
[M::mem_pestat] skip orientation FF as there are not enough pairs
[M::mem_pestat] analyzing insert size distribution for orientation FR...
[M::mem_pestat] (25, 50, 75) percentile: (186, 230, 324)
[M::mem_pestat] low and high boundaries for computing mean and std.dev: (1, 600)
[M::mem_pestat] mean and std.dev: (255.03, 93.12)
[M::mem_pestat] low and high boundaries for proper pairs: (1, 738)
[M::mem_pestat] analyzing insert size distribution for orientation RF...
[M::mem_pestat] (25, 50, 75) percentile: (130, 517, 2273)
[M::mem_pestat] low and high boundaries for computing mean and std.dev: (1, 6559)
[M::mem_pestat] mean and std.dev: (1008.53, 1372.44)
[M::mem_pestat] low and high boundaries for proper pairs: (1, 8702)
[M::mem_pestat] analyzing insert size distribution for orientation RR...
[M::mem_pestat] (25, 50, 75) percentile: (185, 965, 5323)
[M::mem_pestat] low and high boundaries for computing mean and std.dev: (1, 15599)
[M::mem_pestat] mean and std.dev: (2751.20, 2935.09)
[M::mem_pestat] low and high boundaries for proper pairs: (1, 20737)
[M::mem_pestat] skip orientation RF
[M::mem_pestat] skip orientation RR
[M::mem_process_seqs] Processed 2794960 reads in 2976.773 CPU sec, 74.505 real sec
[M::process] read 2785126 sequences (400000231 bp)...
[M::mem_pestat] # candidate unique pairs for (FF, FR, RF, RR): (6, 728272, 66, 6)
[M::mem_pestat] skip orientation FF as there are not enough pairs
[M::mem_pestat] analyzing insert size distribution for orientation FR...
[M::mem_pestat] (25, 50, 75) percentile: (187, 232, 328)
[M::mem_pestat] low and high boundaries for computing mean and std.dev: (1, 610)
[M::mem_pestat] mean and std.dev: (257.40, 93.88)
[M::mem_pestat] low and high boundaries for proper pairs: (1, 751)
[M::mem_pestat] analyzing insert size distribution for orientation RF...
[M::mem_pestat] (25, 50, 75) percentile: (212, 400, 1561)
[M::mem_pestat] low and high boundaries for computing mean and std.dev: (1, 4259)
[M::mem_pestat] mean and std.dev: (690.14, 909.57)
[M::mem_pestat] low and high boundaries for proper pairs: (1, 5608)
[M::mem_pestat] skip orientation RR as there are not enough pairs
[M::mem_pestat] skip orientation RF
[M::mem_process_seqs] Processed 2785578 reads in 2977.548 CPU sec, 74.845 real sec
[M::process] read 2783000 sequences (400000257 bp)...
[M::mem_pestat] # candidate unique pairs for (FF, FR, RF, RR): (6, 725808, 67, 9)
[M::mem_pestat] skip orientation FF as there are not enough pairs
[M::mem_pestat] analyzing insert size distribution for orientation FR...
[M::mem_pestat] (25, 50, 75) percentile: (188, 235, 331)
[M::mem_pestat] low and high boundaries for computing mean and std.dev: (1, 617)
[M::mem_pestat] mean and std.dev: (259.19, 94.29)
[M::mem_pestat] low and high boundaries for proper pairs: (1, 760)
[M::mem_pestat] analyzing insert size distribution for orientation RF...
[M::mem_pestat] (25, 50, 75) percentile: (129, 244, 2037)
[M::mem_pestat] low and high boundaries for computing mean and std.dev: (1, 5853)
[M::mem_pestat] mean and std.dev: (978.44, 1354.68)
[M::mem_pestat] low and high boundaries for proper pairs: (1, 7761)
[M::mem_pestat] skip orientation RR as there are not enough pairs
[M::mem_pestat] skip orientation RF
[M::mem_process_seqs] Processed 2785126 reads in 3006.343 CPU sec, 75.347 real sec
[M::process] read 2788358 sequences (400000250 bp)...
[M::mem_pestat] # candidate unique pairs for (FF, FR, RF, RR): (10, 724557, 61, 12)
[M::mem_pestat] analyzing insert size distribution for orientation FF...
[M::mem_pestat] (25, 50, 75) percentile: (170, 275, 2376)
[M::mem_pestat] low and high boundaries for computing mean and std.dev: (1, 6788)
[M::mem_pestat] mean and std.dev: (1604.90, 2250.37)
[M::mem_pestat] low and high boundaries for proper pairs: (1, 10606)
[M::mem_pestat] analyzing insert size distribution for orientation FR...
[M::mem_pestat] (25, 50, 75) percentile: (188, 235, 331)
[M::mem_pestat] low and high boundaries for computing mean and std.dev: (1, 617)
[M::mem_pestat] mean and std.dev: (259.62, 94.57)
[M::mem_pestat] low and high boundaries for proper pairs: (1, 760)
[M::mem_pestat] analyzing insert size distribution for orientation RF...
[M::mem_pestat] (25, 50, 75) percentile: (74, 224, 1352)
[M::mem_pestat] low and high boundaries for computing mean and std.dev: (1, 3908)
[M::mem_pestat] mean and std.dev: (509.94, 720.27)
[M::mem_pestat] low and high boundaries for proper pairs: (1, 5186)
[M::mem_pestat] analyzing insert size distribution for orientation RR...
[M::mem_pestat] (25, 50, 75) percentile: (150, 2622, 5238)
[M::mem_pestat] low and high boundaries for computing mean and std.dev: (1, 15414)
[M::mem_pestat] mean and std.dev: (2478.50, 2261.82)
[M::mem_pestat] low and high boundaries for proper pairs: (1, 20502)
[M::mem_pestat] skip orientation FF
[M::mem_pestat] skip orientation RF
[M::mem_pestat] skip orientation RR
[M::mem_process_seqs] Processed 2783000 reads in 3010.213 CPU sec, 75.445 real sec
[M::process] read 2805582 sequences (400000273 bp)...
[M::mem_pestat] # candidate unique pairs for (FF, FR, RF, RR): (8, 723340, 97, 6)
[M::mem_pestat] skip orientation FF as there are not enough pairs
[M::mem_pestat] analyzing insert size distribution for orientation FR...
[M::mem_pestat] (25, 50, 75) percentile: (190, 240, 336)
[M::mem_pestat] low and high boundaries for computing mean and std.dev: (1, 628)
[M::mem_pestat] mean and std.dev: (263.24, 95.03)
[M::mem_pestat] low and high boundaries for proper pairs: (1, 774)
[M::mem_pestat] analyzing insert size distribution for orientation RF...
[M::mem_pestat] (25, 50, 75) percentile: (188, 306, 1821)
[M::mem_pestat] low and high boundaries for computing mean and std.dev: (1, 5087)
[M::mem_pestat] mean and std.dev: (844.91, 1156.30)
[M::mem_pestat] low and high boundaries for proper pairs: (1, 6720)
[M::mem_pestat] skip orientation RR as there are not enough pairs
[M::mem_pestat] skip orientation RF
[M::mem_process_seqs] Processed 2788358 reads in 3119.970 CPU sec, 78.194 real sec
[M::process] read 2802140 sequences (400000240 bp)...
[M::mem_pestat] # candidate unique pairs for (FF, FR, RF, RR): (10, 722859, 90, 14)
[M::mem_pestat] analyzing insert size distribution for orientation FF...
[M::mem_pestat] (25, 50, 75) percentile: (123, 350, 487)
[M::mem_pestat] low and high boundaries for computing mean and std.dev: (1, 1215)
[M::mem_pestat] mean and std.dev: (322.56, 259.38)
[M::mem_pestat] low and high boundaries for proper pairs: (1, 1579)
[M::mem_pestat] analyzing insert size distribution for orientation FR...
[M::mem_pestat] (25, 50, 75) percentile: (189, 238, 335)
[M::mem_pestat] low and high boundaries for computing mean and std.dev: (1, 627)
[M::mem_pestat] mean and std.dev: (262.10, 95.75)
[M::mem_pestat] low and high boundaries for proper pairs: (1, 773)
[M::mem_pestat] analyzing insert size distribution for orientation RF...
[M::mem_pestat] (25, 50, 75) percentile: (140, 392, 778)
[M::mem_pestat] low and high boundaries for computing mean and std.dev: (1, 2054)
[M::mem_pestat] mean and std.dev: (411.26, 384.44)
[M::mem_pestat] low and high boundaries for proper pairs: (1, 2692)
[M::mem_pestat] analyzing insert size distribution for orientation RR...
[M::mem_pestat] (25, 50, 75) percentile: (348, 1587, 3498)
[M::mem_pestat] low and high boundaries for computing mean and std.dev: (1, 9798)
[M::mem_pestat] mean and std.dev: (2608.29, 3092.59)
[M::mem_pestat] low and high boundaries for proper pairs: (1, 14979)
[M::mem_pestat] skip orientation FF
[M::mem_pestat] skip orientation RF
[M::mem_pestat] skip orientation RR
[M::mem_process_seqs] Processed 2805582 reads in 3105.693 CPU sec, 77.663 real sec
[M::process] read 2802086 sequences (400000288 bp)...
[M::mem_pestat] # candidate unique pairs for (FF, FR, RF, RR): (10, 723517, 80, 12)
[M::mem_pestat] analyzing insert size distribution for orientation FF...
[M::mem_pestat] (25, 50, 75) percentile: (175, 1093, 2176)
[M::mem_pestat] low and high boundaries for computing mean and std.dev: (1, 6178)
[M::mem_pestat] mean and std.dev: (1257.10, 1232.24)
[M::mem_pestat] low and high boundaries for proper pairs: (1, 8179)
[M::mem_pestat] analyzing insert size distribution for orientation FR...
[M::mem_pestat] (25, 50, 75) percentile: (189, 238, 335)
[M::mem_pestat] low and high boundaries for computing mean and std.dev: (1, 627)
[M::mem_pestat] mean and std.dev: (261.89, 95.48)
[M::mem_pestat] low and high boundaries for proper pairs: (1, 773)
[M::mem_pestat] analyzing insert size distribution for orientation RF...
[M::mem_pestat] (25, 50, 75) percentile: (195, 411, 2019)
[M::mem_pestat] low and high boundaries for computing mean and std.dev: (1, 5667)
[M::mem_pestat] mean and std.dev: (852.21, 1090.29)
[M::mem_pestat] low and high boundaries for proper pairs: (1, 7491)
[M::mem_pestat] analyzing insert size distribution for orientation RR...
[M::mem_pestat] (25, 50, 75) percentile: (480, 480, 2550)
[M::mem_pestat] low and high boundaries for computing mean and std.dev: (1, 6690)
[M::mem_pestat] mean and std.dev: (1590.58, 2279.36)
[M::mem_pestat] low and high boundaries for proper pairs: (1, 10708)
[M::mem_pestat] skip orientation FF
[M::mem_pestat] skip orientation RF
[M::mem_pestat] skip orientation RR
[M::mem_process_seqs] Processed 2802140 reads in 3087.343 CPU sec, 77.622 real sec
[M::process] read 2789912 sequences (400000112 bp)...
[M::mem_pestat] # candidate unique pairs for (FF, FR, RF, RR): (8, 721115, 81, 15)
[M::mem_pestat] skip orientation FF as there are not enough pairs
[M::mem_pestat] analyzing insert size distribution for orientation FR...
[M::mem_pestat] (25, 50, 75) percentile: (190, 240, 337)
[M::mem_pestat] low and high boundaries for computing mean and std.dev: (1, 631)
[M::mem_pestat] mean and std.dev: (263.82, 95.96)
[M::mem_pestat] low and high boundaries for proper pairs: (1, 778)
[M::mem_pestat] analyzing insert size distribution for orientation RF...
[M::mem_pestat] (25, 50, 75) percentile: (151, 387, 1115)
[M::mem_pestat] low and high boundaries for computing mean and std.dev: (1, 3043)
[M::mem_pestat] mean and std.dev: (517.57, 641.25)
[M::mem_pestat] low and high boundaries for proper pairs: (1, 4007)
[M::mem_pestat] analyzing insert size distribution for orientation RR...
[M::mem_pestat] (25, 50, 75) percentile: (224, 319, 1898)
[M::mem_pestat] low and high boundaries for computing mean and std.dev: (1, 5246)
[M::mem_pestat] mean and std.dev: (1252.57, 1421.27)
[M::mem_pestat] low and high boundaries for proper pairs: (1, 6938)
[M::mem_pestat] skip orientation RF
[M::mem_pestat] skip orientation RR
[M::mem_process_seqs] Processed 2802086 reads in 3115.494 CPU sec, 78.100 real sec
[M::process] read 90360 sequences (12954250 bp)...
[M::mem_pestat] # candidate unique pairs for (FF, FR, RF, RR): (12, 719355, 64, 5)
[M::mem_pestat] analyzing insert size distribution for orientation FF...
[M::mem_pestat] (25, 50, 75) percentile: (173, 322, 1893)
[M::mem_pestat] low and high boundaries for computing mean and std.dev: (1, 5333)
[M::mem_pestat] mean and std.dev: (763.36, 952.98)
[M::mem_pestat] low and high boundaries for proper pairs: (1, 7053)
[M::mem_pestat] analyzing insert size distribution for orientation FR...
[M::mem_pestat] (25, 50, 75) percentile: (190, 241, 339)
[M::mem_pestat] low and high boundaries for computing mean and std.dev: (1, 637)
[M::mem_pestat] mean and std.dev: (264.52, 96.75)
[M::mem_pestat] low and high boundaries for proper pairs: (1, 786)
[M::mem_pestat] analyzing insert size distribution for orientation RF...
[M::mem_pestat] (25, 50, 75) percentile: (183, 324, 1781)
[M::mem_pestat] low and high boundaries for computing mean and std.dev: (1, 4977)
[M::mem_pestat] mean and std.dev: (993.81, 1199.57)
[M::mem_pestat] low and high boundaries for proper pairs: (1, 6575)
[M::mem_pestat] skip orientation RR as there are not enough pairs
[M::mem_pestat] skip orientation FF
[M::mem_pestat] skip orientation RF
[M::mem_process_seqs] Processed 2789912 reads in 3042.406 CPU sec, 76.283 real sec
[M::mem_pestat] # candidate unique pairs for (FF, FR, RF, RR): (0, 23356, 3, 0)
[M::mem_pestat] skip orientation FF as there are not enough pairs
[M::mem_pestat] analyzing insert size distribution for orientation FR...
[M::mem_pestat] (25, 50, 75) percentile: (189, 238, 338)
[M::mem_pestat] low and high boundaries for computing mean and std.dev: (1, 636)
[M::mem_pestat] mean and std.dev: (264.06, 98.36)
[M::mem_pestat] low and high boundaries for proper pairs: (1, 785)
[M::mem_pestat] skip orientation RF as there are not enough pairs
[M::mem_pestat] skip orientation RR as there are not enough pairs
[M::mem_process_seqs] Processed 90360 reads in 213.092 CPU sec, 6.836 real sec
[main] Version: 0.7.17-r1188
[main] CMD: /home/shared/bwa-0.7.17/bwa mem -M -t 40 ../data/bwa-GCF_031168955.1_ASM3116895v1_genomic ../data/trimmed-fastqs-heatwave-genetics/MHW074_trimmed_clipped_R1_paired.fq.gz ../data/trimmed-fastqs-heatwave-genetics/MHW074_trimmed_clipped_R2_paired.fq.gz
[main] Real time: 2618.334 sec; CPU: 103168.090 sec
