[M::bwa_idx_load_from_disk] read 0 ALT contigs
[M::process] read 2816912 sequences (400000049 bp)...
[M::process] read 2813550 sequences (400000087 bp)...
[M::mem_pestat] # candidate unique pairs for (FF, FR, RF, RR): (5, 715992, 81, 12)
[M::mem_pestat] skip orientation FF as there are not enough pairs
[M::mem_pestat] analyzing insert size distribution for orientation FR...
[M::mem_pestat] (25, 50, 75) percentile: (181, 222, 307)
[M::mem_pestat] low and high boundaries for computing mean and std.dev: (1, 559)
[M::mem_pestat] mean and std.dev: (244.77, 88.71)
[M::mem_pestat] low and high boundaries for proper pairs: (1, 685)
[M::mem_pestat] analyzing insert size distribution for orientation RF...
[M::mem_pestat] (25, 50, 75) percentile: (192, 605, 2139)
[M::mem_pestat] low and high boundaries for computing mean and std.dev: (1, 6033)
[M::mem_pestat] mean and std.dev: (1107.31, 1380.81)
[M::mem_pestat] low and high boundaries for proper pairs: (1, 7980)
[M::mem_pestat] analyzing insert size distribution for orientation RR...
[M::mem_pestat] (25, 50, 75) percentile: (189, 491, 1463)
[M::mem_pestat] low and high boundaries for computing mean and std.dev: (1, 4011)
[M::mem_pestat] mean and std.dev: (764.55, 764.46)
[M::mem_pestat] low and high boundaries for proper pairs: (1, 5285)
[M::mem_pestat] skip orientation RF
[M::mem_pestat] skip orientation RR
[M::mem_process_seqs] Processed 2816912 reads in 2977.760 CPU sec, 74.667 real sec
[M::process] read 2809708 sequences (400000263 bp)...
[M::mem_pestat] # candidate unique pairs for (FF, FR, RF, RR): (9, 713677, 82, 14)
[M::mem_pestat] skip orientation FF as there are not enough pairs
[M::mem_pestat] analyzing insert size distribution for orientation FR...
[M::mem_pestat] (25, 50, 75) percentile: (183, 225, 312)
[M::mem_pestat] low and high boundaries for computing mean and std.dev: (1, 570)
[M::mem_pestat] mean and std.dev: (247.81, 89.98)
[M::mem_pestat] low and high boundaries for proper pairs: (1, 699)
[M::mem_pestat] analyzing insert size distribution for orientation RF...
[M::mem_pestat] (25, 50, 75) percentile: (108, 636, 2268)
[M::mem_pestat] low and high boundaries for computing mean and std.dev: (1, 6588)
[M::mem_pestat] mean and std.dev: (1205.28, 1483.66)
[M::mem_pestat] low and high boundaries for proper pairs: (1, 8748)
[M::mem_pestat] analyzing insert size distribution for orientation RR...
[M::mem_pestat] (25, 50, 75) percentile: (185, 253, 1955)
[M::mem_pestat] low and high boundaries for computing mean and std.dev: (1, 5495)
[M::mem_pestat] mean and std.dev: (743.54, 822.74)
[M::mem_pestat] low and high boundaries for proper pairs: (1, 7265)
[M::mem_pestat] skip orientation RF
[M::mem_pestat] skip orientation RR
[M::mem_process_seqs] Processed 2813550 reads in 3072.627 CPU sec, 77.072 real sec
[M::process] read 2811902 sequences (400000052 bp)...
[M::mem_pestat] # candidate unique pairs for (FF, FR, RF, RR): (13, 707961, 73, 8)
[M::mem_pestat] analyzing insert size distribution for orientation FF...
[M::mem_pestat] (25, 50, 75) percentile: (494, 2021, 2321)
[M::mem_pestat] low and high boundaries for computing mean and std.dev: (1, 5975)
[M::mem_pestat] mean and std.dev: (1330.09, 881.38)
[M::mem_pestat] low and high boundaries for proper pairs: (1, 7802)
[M::mem_pestat] analyzing insert size distribution for orientation FR...
[M::mem_pestat] (25, 50, 75) percentile: (185, 230, 321)
[M::mem_pestat] low and high boundaries for computing mean and std.dev: (1, 593)
[M::mem_pestat] mean and std.dev: (253.65, 92.63)
[M::mem_pestat] low and high boundaries for proper pairs: (1, 729)
[M::mem_pestat] analyzing insert size distribution for orientation RF...
[M::mem_pestat] (25, 50, 75) percentile: (125, 291, 1278)
[M::mem_pestat] low and high boundaries for computing mean and std.dev: (1, 3584)
[M::mem_pestat] mean and std.dev: (648.54, 755.65)
[M::mem_pestat] low and high boundaries for proper pairs: (1, 4737)
[M::mem_pestat] skip orientation RR as there are not enough pairs
[M::mem_pestat] skip orientation FF
[M::mem_pestat] skip orientation RF
[M::mem_process_seqs] Processed 2809708 reads in 3109.822 CPU sec, 77.986 real sec
[M::process] read 2809406 sequences (400000111 bp)...
[M::mem_pestat] # candidate unique pairs for (FF, FR, RF, RR): (7, 709653, 80, 13)
[M::mem_pestat] skip orientation FF as there are not enough pairs
[M::mem_pestat] analyzing insert size distribution for orientation FR...
[M::mem_pestat] (25, 50, 75) percentile: (184, 227, 316)
[M::mem_pestat] low and high boundaries for computing mean and std.dev: (1, 580)
[M::mem_pestat] mean and std.dev: (250.36, 91.18)
[M::mem_pestat] low and high boundaries for proper pairs: (1, 712)
[M::mem_pestat] analyzing insert size distribution for orientation RF...
[M::mem_pestat] (25, 50, 75) percentile: (117, 261, 1737)
[M::mem_pestat] low and high boundaries for computing mean and std.dev: (1, 4977)
[M::mem_pestat] mean and std.dev: (840.31, 1038.71)
[M::mem_pestat] low and high boundaries for proper pairs: (1, 6597)
[M::mem_pestat] analyzing insert size distribution for orientation RR...
[M::mem_pestat] (25, 50, 75) percentile: (266, 2344, 3159)
[M::mem_pestat] low and high boundaries for computing mean and std.dev: (1, 8945)
[M::mem_pestat] mean and std.dev: (1887.15, 1432.90)
[M::mem_pestat] low and high boundaries for proper pairs: (1, 11838)
[M::mem_pestat] skip orientation RF
[M::mem_pestat] skip orientation RR
[M::mem_process_seqs] Processed 2811902 reads in 3091.084 CPU sec, 77.695 real sec
[M::process] read 2818208 sequences (400000154 bp)...
[M::mem_pestat] # candidate unique pairs for (FF, FR, RF, RR): (14, 713859, 72, 9)
[M::mem_pestat] analyzing insert size distribution for orientation FF...
[M::mem_pestat] (25, 50, 75) percentile: (268, 584, 3949)
[M::mem_pestat] low and high boundaries for computing mean and std.dev: (1, 11311)
[M::mem_pestat] mean and std.dev: (2208.93, 2777.75)
[M::mem_pestat] low and high boundaries for proper pairs: (1, 14992)
[M::mem_pestat] analyzing insert size distribution for orientation FR...
[M::mem_pestat] (25, 50, 75) percentile: (182, 224, 311)
[M::mem_pestat] low and high boundaries for computing mean and std.dev: (1, 569)
[M::mem_pestat] mean and std.dev: (247.34, 90.03)
[M::mem_pestat] low and high boundaries for proper pairs: (1, 698)
[M::mem_pestat] analyzing insert size distribution for orientation RF...
[M::mem_pestat] (25, 50, 75) percentile: (132, 343, 1293)
[M::mem_pestat] low and high boundaries for computing mean and std.dev: (1, 3615)
[M::mem_pestat] mean and std.dev: (650.80, 741.33)
[M::mem_pestat] low and high boundaries for proper pairs: (1, 4776)
[M::mem_pestat] skip orientation RR as there are not enough pairs
[M::mem_pestat] skip orientation FF
[M::mem_pestat] skip orientation RF
[M::mem_process_seqs] Processed 2809406 reads in 3093.548 CPU sec, 77.546 real sec
[M::process] read 2827506 sequences (400000086 bp)...
[M::mem_pestat] # candidate unique pairs for (FF, FR, RF, RR): (12, 705841, 87, 16)
[M::mem_pestat] analyzing insert size distribution for orientation FF...
[M::mem_pestat] (25, 50, 75) percentile: (314, 1364, 7124)
[M::mem_pestat] low and high boundaries for computing mean and std.dev: (1, 20744)
[M::mem_pestat] mean and std.dev: (2977.83, 3236.58)
[M::mem_pestat] low and high boundaries for proper pairs: (1, 27554)
[M::mem_pestat] analyzing insert size distribution for orientation FR...
[M::mem_pestat] (25, 50, 75) percentile: (186, 232, 324)
[M::mem_pestat] low and high boundaries for computing mean and std.dev: (1, 600)
[M::mem_pestat] mean and std.dev: (255.51, 93.20)
[M::mem_pestat] low and high boundaries for proper pairs: (1, 738)
[M::mem_pestat] analyzing insert size distribution for orientation RF...
[M::mem_pestat] (25, 50, 75) percentile: (197, 675, 2410)
[M::mem_pestat] low and high boundaries for computing mean and std.dev: (1, 6836)
[M::mem_pestat] mean and std.dev: (1209.47, 1556.11)
[M::mem_pestat] low and high boundaries for proper pairs: (1, 9049)
[M::mem_pestat] analyzing insert size distribution for orientation RR...
[M::mem_pestat] (25, 50, 75) percentile: (157, 624, 2349)
[M::mem_pestat] low and high boundaries for computing mean and std.dev: (1, 6733)
[M::mem_pestat] mean and std.dev: (1101.20, 1162.03)
[M::mem_pestat] low and high boundaries for proper pairs: (1, 8925)
[M::mem_pestat] skip orientation FF
[M::mem_pestat] skip orientation RF
[M::mem_pestat] skip orientation RR
[M::mem_process_seqs] Processed 2818208 reads in 3151.031 CPU sec, 78.880 real sec
[M::process] read 2834582 sequences (400000184 bp)...
[M::mem_pestat] # candidate unique pairs for (FF, FR, RF, RR): (9, 703812, 80, 10)
[M::mem_pestat] skip orientation FF as there are not enough pairs
[M::mem_pestat] analyzing insert size distribution for orientation FR...
[M::mem_pestat] (25, 50, 75) percentile: (186, 233, 325)
[M::mem_pestat] low and high boundaries for computing mean and std.dev: (1, 603)
[M::mem_pestat] mean and std.dev: (255.95, 93.58)
[M::mem_pestat] low and high boundaries for proper pairs: (1, 742)
[M::mem_pestat] analyzing insert size distribution for orientation RF...
[M::mem_pestat] (25, 50, 75) percentile: (155, 227, 1292)
[M::mem_pestat] low and high boundaries for computing mean and std.dev: (1, 3566)
[M::mem_pestat] mean and std.dev: (401.89, 476.96)
[M::mem_pestat] low and high boundaries for proper pairs: (1, 4703)
[M::mem_pestat] analyzing insert size distribution for orientation RR...
[M::mem_pestat] (25, 50, 75) percentile: (175, 278, 2545)
[M::mem_pestat] low and high boundaries for computing mean and std.dev: (1, 7285)
[M::mem_pestat] mean and std.dev: (1019.50, 1219.72)
[M::mem_pestat] low and high boundaries for proper pairs: (1, 9655)
[M::mem_pestat] skip orientation RF
[M::mem_pestat] skip orientation RR
[M::mem_process_seqs] Processed 2827506 reads in 3136.948 CPU sec, 78.688 real sec
[M::process] read 2839102 sequences (400000016 bp)...
[M::mem_pestat] # candidate unique pairs for (FF, FR, RF, RR): (9, 706147, 78, 5)
[M::mem_pestat] skip orientation FF as there are not enough pairs
[M::mem_pestat] analyzing insert size distribution for orientation FR...
[M::mem_pestat] (25, 50, 75) percentile: (185, 230, 321)
[M::mem_pestat] low and high boundaries for computing mean and std.dev: (1, 593)
[M::mem_pestat] mean and std.dev: (253.46, 92.45)
[M::mem_pestat] low and high boundaries for proper pairs: (1, 729)
[M::mem_pestat] analyzing insert size distribution for orientation RF...
[M::mem_pestat] (25, 50, 75) percentile: (126, 396, 2000)
[M::mem_pestat] low and high boundaries for computing mean and std.dev: (1, 5748)
[M::mem_pestat] mean and std.dev: (929.71, 1249.12)
[M::mem_pestat] low and high boundaries for proper pairs: (1, 7622)
[M::mem_pestat] skip orientation RR as there are not enough pairs
[M::mem_pestat] skip orientation RF
[M::mem_process_seqs] Processed 2834582 reads in 3134.828 CPU sec, 78.616 real sec
[M::process] read 2834854 sequences (400000197 bp)...
[M::mem_pestat] # candidate unique pairs for (FF, FR, RF, RR): (11, 705676, 71, 5)
[M::mem_pestat] analyzing insert size distribution for orientation FF...
[M::mem_pestat] (25, 50, 75) percentile: (354, 2442, 4637)
[M::mem_pestat] low and high boundaries for computing mean and std.dev: (1, 13203)
[M::mem_pestat] mean and std.dev: (2522.00, 2226.90)
[M::mem_pestat] low and high boundaries for proper pairs: (1, 17486)
[M::mem_pestat] analyzing insert size distribution for orientation FR...
[M::mem_pestat] (25, 50, 75) percentile: (186, 232, 325)
[M::mem_pestat] low and high boundaries for computing mean and std.dev: (1, 603)
[M::mem_pestat] mean and std.dev: (255.46, 93.63)
[M::mem_pestat] low and high boundaries for proper pairs: (1, 742)
[M::mem_pestat] analyzing insert size distribution for orientation RF...
[M::mem_pestat] (25, 50, 75) percentile: (177, 434, 2074)
[M::mem_pestat] low and high boundaries for computing mean and std.dev: (1, 5868)
[M::mem_pestat] mean and std.dev: (830.75, 978.40)
[M::mem_pestat] low and high boundaries for proper pairs: (1, 7765)
[M::mem_pestat] skip orientation RR as there are not enough pairs
[M::mem_pestat] skip orientation FF
[M::mem_pestat] skip orientation RF
[M::mem_process_seqs] Processed 2839102 reads in 3218.300 CPU sec, 80.872 real sec
[M::process] read 2821018 sequences (400000210 bp)...
[M::mem_pestat] # candidate unique pairs for (FF, FR, RF, RR): (7, 702955, 93, 8)
[M::mem_pestat] skip orientation FF as there are not enough pairs
[M::mem_pestat] analyzing insert size distribution for orientation FR...
[M::mem_pestat] (25, 50, 75) percentile: (187, 234, 328)
[M::mem_pestat] low and high boundaries for computing mean and std.dev: (1, 610)
[M::mem_pestat] mean and std.dev: (257.79, 94.82)
[M::mem_pestat] low and high boundaries for proper pairs: (1, 751)
[M::mem_pestat] analyzing insert size distribution for orientation RF...
[M::mem_pestat] (25, 50, 75) percentile: (196, 497, 2073)
[M::mem_pestat] low and high boundaries for computing mean and std.dev: (1, 5827)
[M::mem_pestat] mean and std.dev: (977.21, 1208.76)
[M::mem_pestat] low and high boundaries for proper pairs: (1, 7704)
[M::mem_pestat] skip orientation RR as there are not enough pairs
[M::mem_pestat] skip orientation RF
[M::mem_process_seqs] Processed 2834854 reads in 3215.198 CPU sec, 80.639 real sec
[M::process] read 2814882 sequences (400000109 bp)...
[M::mem_pestat] # candidate unique pairs for (FF, FR, RF, RR): (6, 705870, 88, 13)
[M::mem_pestat] skip orientation FF as there are not enough pairs
[M::mem_pestat] analyzing insert size distribution for orientation FR...
[M::mem_pestat] (25, 50, 75) percentile: (186, 232, 323)
[M::mem_pestat] low and high boundaries for computing mean and std.dev: (1, 597)
[M::mem_pestat] mean and std.dev: (254.89, 93.10)
[M::mem_pestat] low and high boundaries for proper pairs: (1, 734)
[M::mem_pestat] analyzing insert size distribution for orientation RF...
[M::mem_pestat] (25, 50, 75) percentile: (189, 366, 1833)
[M::mem_pestat] low and high boundaries for computing mean and std.dev: (1, 5121)
[M::mem_pestat] mean and std.dev: (785.00, 1005.68)
[M::mem_pestat] low and high boundaries for proper pairs: (1, 6765)
[M::mem_pestat] analyzing insert size distribution for orientation RR...
[M::mem_pestat] (25, 50, 75) percentile: (293, 2026, 4016)
[M::mem_pestat] low and high boundaries for computing mean and std.dev: (1, 11462)
[M::mem_pestat] mean and std.dev: (2536.38, 1903.11)
[M::mem_pestat] low and high boundaries for proper pairs: (1, 15185)
[M::mem_pestat] skip orientation RF
[M::mem_pestat] skip orientation RR
[M::mem_process_seqs] Processed 2821018 reads in 3162.374 CPU sec, 79.302 real sec
[M::process] read 2808468 sequences (400000282 bp)...
[M::mem_pestat] # candidate unique pairs for (FF, FR, RF, RR): (9, 711159, 84, 10)
[M::mem_pestat] skip orientation FF as there are not enough pairs
[M::mem_pestat] analyzing insert size distribution for orientation FR...
[M::mem_pestat] (25, 50, 75) percentile: (183, 225, 314)
[M::mem_pestat] low and high boundaries for computing mean and std.dev: (1, 576)
[M::mem_pestat] mean and std.dev: (248.68, 90.93)
[M::mem_pestat] low and high boundaries for proper pairs: (1, 707)
[M::mem_pestat] analyzing insert size distribution for orientation RF...
[M::mem_pestat] (25, 50, 75) percentile: (116, 521, 1331)
[M::mem_pestat] low and high boundaries for computing mean and std.dev: (1, 3761)
[M::mem_pestat] mean and std.dev: (729.01, 833.21)
[M::mem_pestat] low and high boundaries for proper pairs: (1, 4976)
[M::mem_pestat] analyzing insert size distribution for orientation RR...
[M::mem_pestat] (25, 50, 75) percentile: (160, 356, 5110)
[M::mem_pestat] low and high boundaries for computing mean and std.dev: (1, 15010)
[M::mem_pestat] mean and std.dev: (2506.10, 3628.00)
[M::mem_pestat] low and high boundaries for proper pairs: (1, 19960)
[M::mem_pestat] skip orientation RF
[M::mem_pestat] skip orientation RR
[M::mem_process_seqs] Processed 2814882 reads in 3106.404 CPU sec, 77.862 real sec
[M::process] read 2811370 sequences (400000063 bp)...
[M::mem_pestat] # candidate unique pairs for (FF, FR, RF, RR): (10, 707120, 66, 14)
[M::mem_pestat] analyzing insert size distribution for orientation FF...
[M::mem_pestat] (25, 50, 75) percentile: (265, 820, 2336)
[M::mem_pestat] low and high boundaries for computing mean and std.dev: (1, 6478)
[M::mem_pestat] mean and std.dev: (1526.10, 1628.53)
[M::mem_pestat] low and high boundaries for proper pairs: (1, 8549)
[M::mem_pestat] analyzing insert size distribution for orientation FR...
[M::mem_pestat] (25, 50, 75) percentile: (185, 230, 321)
[M::mem_pestat] low and high boundaries for computing mean and std.dev: (1, 593)
[M::mem_pestat] mean and std.dev: (253.65, 92.66)
[M::mem_pestat] low and high boundaries for proper pairs: (1, 729)
[M::mem_pestat] analyzing insert size distribution for orientation RF...
[M::mem_pestat] (25, 50, 75) percentile: (145, 546, 2506)
[M::mem_pestat] low and high boundaries for computing mean and std.dev: (1, 7228)
[M::mem_pestat] mean and std.dev: (1091.61, 1534.90)
[M::mem_pestat] low and high boundaries for proper pairs: (1, 9589)
[M::mem_pestat] analyzing insert size distribution for orientation RR...
[M::mem_pestat] (25, 50, 75) percentile: (167, 2175, 3549)
[M::mem_pestat] low and high boundaries for computing mean and std.dev: (1, 10313)
[M::mem_pestat] mean and std.dev: (3188.64, 3497.30)
[M::mem_pestat] low and high boundaries for proper pairs: (1, 17178)
[M::mem_pestat] skip orientation FF
[M::mem_pestat] skip orientation RF
[M::mem_pestat] skip orientation RR
[M::mem_process_seqs] Processed 2808468 reads in 3140.428 CPU sec, 78.705 real sec
[M::process] read 2812642 sequences (400000279 bp)...
[M::mem_pestat] # candidate unique pairs for (FF, FR, RF, RR): (6, 708378, 72, 11)
[M::mem_pestat] skip orientation FF as there are not enough pairs
[M::mem_pestat] analyzing insert size distribution for orientation FR...
[M::mem_pestat] (25, 50, 75) percentile: (185, 229, 319)
[M::mem_pestat] low and high boundaries for computing mean and std.dev: (1, 587)
[M::mem_pestat] mean and std.dev: (252.31, 92.03)
[M::mem_pestat] low and high boundaries for proper pairs: (1, 721)
[M::mem_pestat] analyzing insert size distribution for orientation RF...
[M::mem_pestat] (25, 50, 75) percentile: (128, 443, 2179)
[M::mem_pestat] low and high boundaries for computing mean and std.dev: (1, 6281)
[M::mem_pestat] mean and std.dev: (1044.71, 1319.78)
[M::mem_pestat] low and high boundaries for proper pairs: (1, 8332)
[M::mem_pestat] analyzing insert size distribution for orientation RR...
[M::mem_pestat] (25, 50, 75) percentile: (147, 208, 5083)
[M::mem_pestat] low and high boundaries for computing mean and std.dev: (1, 14955)
[M::mem_pestat] mean and std.dev: (1819.91, 2214.75)
[M::mem_pestat] low and high boundaries for proper pairs: (1, 19891)
[M::mem_pestat] skip orientation RF
[M::mem_pestat] skip orientation RR
[M::mem_process_seqs] Processed 2811370 reads in 3135.401 CPU sec, 78.611 real sec
[M::process] read 2809436 sequences (400000038 bp)...
[M::mem_pestat] # candidate unique pairs for (FF, FR, RF, RR): (14, 712230, 88, 9)
[M::mem_pestat] analyzing insert size distribution for orientation FF...
[M::mem_pestat] (25, 50, 75) percentile: (465, 3399, 4958)
[M::mem_pestat] low and high boundaries for computing mean and std.dev: (1, 13944)
[M::mem_pestat] mean and std.dev: (2633.86, 2275.20)
[M::mem_pestat] low and high boundaries for proper pairs: (1, 18437)
[M::mem_pestat] analyzing insert size distribution for orientation FR...
[M::mem_pestat] (25, 50, 75) percentile: (183, 225, 313)
[M::mem_pestat] low and high boundaries for computing mean and std.dev: (1, 573)
[M::mem_pestat] mean and std.dev: (248.42, 90.70)
[M::mem_pestat] low and high boundaries for proper pairs: (1, 703)
[M::mem_pestat] analyzing insert size distribution for orientation RF...
[M::mem_pestat] (25, 50, 75) percentile: (89, 331, 1609)
[M::mem_pestat] low and high boundaries for computing mean and std.dev: (1, 4649)
[M::mem_pestat] mean and std.dev: (743.61, 983.15)
[M::mem_pestat] low and high boundaries for proper pairs: (1, 6169)
[M::mem_pestat] skip orientation RR as there are not enough pairs
[M::mem_pestat] skip orientation FF
[M::mem_pestat] skip orientation RF
[M::mem_process_seqs] Processed 2812642 reads in 3119.472 CPU sec, 78.200 real sec
[M::process] read 2807142 sequences (400000188 bp)...
[M::mem_pestat] # candidate unique pairs for (FF, FR, RF, RR): (10, 709027, 62, 10)
[M::mem_pestat] analyzing insert size distribution for orientation FF...
[M::mem_pestat] (25, 50, 75) percentile: (1234, 4574, 4790)
[M::mem_pestat] low and high boundaries for computing mean and std.dev: (1, 11902)
[M::mem_pestat] mean and std.dev: (3087.90, 1888.69)
[M::mem_pestat] low and high boundaries for proper pairs: (1, 15458)
[M::mem_pestat] analyzing insert size distribution for orientation FR...
[M::mem_pestat] (25, 50, 75) percentile: (184, 227, 316)
[M::mem_pestat] low and high boundaries for computing mean and std.dev: (1, 580)
[M::mem_pestat] mean and std.dev: (250.35, 91.17)
[M::mem_pestat] low and high boundaries for proper pairs: (1, 712)
[M::mem_pestat] analyzing insert size distribution for orientation RF...
[M::mem_pestat] (25, 50, 75) percentile: (163, 538, 1577)
[M::mem_pestat] low and high boundaries for computing mean and std.dev: (1, 4405)
[M::mem_pestat] mean and std.dev: (682.40, 756.01)
[M::mem_pestat] low and high boundaries for proper pairs: (1, 5819)
[M::mem_pestat] analyzing insert size distribution for orientation RR...
[M::mem_pestat] (25, 50, 75) percentile: (124, 1363, 9048)
[M::mem_pestat] low and high boundaries for computing mean and std.dev: (1, 26896)
[M::mem_pestat] mean and std.dev: (3204.90, 3921.74)
[M::mem_pestat] low and high boundaries for proper pairs: (1, 35820)
[M::mem_pestat] skip orientation FF
[M::mem_pestat] skip orientation RF
[M::mem_pestat] skip orientation RR
[M::mem_process_seqs] Processed 2809436 reads in 3138.204 CPU sec, 78.506 real sec
[M::process] read 2831940 sequences (400000026 bp)...
[M::mem_pestat] # candidate unique pairs for (FF, FR, RF, RR): (11, 705746, 61, 17)
[M::mem_pestat] analyzing insert size distribution for orientation FF...
[M::mem_pestat] (25, 50, 75) percentile: (117, 356, 2025)
[M::mem_pestat] low and high boundaries for computing mean and std.dev: (1, 5841)
[M::mem_pestat] mean and std.dev: (906.82, 960.51)
[M::mem_pestat] low and high boundaries for proper pairs: (1, 7749)
[M::mem_pestat] analyzing insert size distribution for orientation FR...
[M::mem_pestat] (25, 50, 75) percentile: (187, 233, 325)
[M::mem_pestat] low and high boundaries for computing mean and std.dev: (1, 601)
[M::mem_pestat] mean and std.dev: (256.28, 93.41)
[M::mem_pestat] low and high boundaries for proper pairs: (1, 739)
[M::mem_pestat] analyzing insert size distribution for orientation RF...
[M::mem_pestat] (25, 50, 75) percentile: (113, 383, 1390)
[M::mem_pestat] low and high boundaries for computing mean and std.dev: (1, 3944)
[M::mem_pestat] mean and std.dev: (611.27, 695.77)
[M::mem_pestat] low and high boundaries for proper pairs: (1, 5221)
[M::mem_pestat] analyzing insert size distribution for orientation RR...
[M::mem_pestat] (25, 50, 75) percentile: (204, 274, 1933)
[M::mem_pestat] low and high boundaries for computing mean and std.dev: (1, 5391)
[M::mem_pestat] mean and std.dev: (671.87, 764.81)
[M::mem_pestat] low and high boundaries for proper pairs: (1, 7120)
[M::mem_pestat] skip orientation FF
[M::mem_pestat] skip orientation RF
[M::mem_pestat] skip orientation RR
[M::mem_process_seqs] Processed 2807142 reads in 3155.813 CPU sec, 79.219 real sec
[M::process] read 2834574 sequences (400000093 bp)...
[M::mem_pestat] # candidate unique pairs for (FF, FR, RF, RR): (18, 703335, 66, 11)
[M::mem_pestat] analyzing insert size distribution for orientation FF...
[M::mem_pestat] (25, 50, 75) percentile: (185, 2059, 2568)
[M::mem_pestat] low and high boundaries for computing mean and std.dev: (1, 7334)
[M::mem_pestat] mean and std.dev: (1864.06, 1959.08)
[M::mem_pestat] low and high boundaries for proper pairs: (1, 9717)
[M::mem_pestat] analyzing insert size distribution for orientation FR...
[M::mem_pestat] (25, 50, 75) percentile: (186, 232, 325)
[M::mem_pestat] low and high boundaries for computing mean and std.dev: (1, 603)
[M::mem_pestat] mean and std.dev: (255.59, 93.45)
[M::mem_pestat] low and high boundaries for proper pairs: (1, 742)
[M::mem_pestat] analyzing insert size distribution for orientation RF...
[M::mem_pestat] (25, 50, 75) percentile: (128, 447, 2208)
[M::mem_pestat] low and high boundaries for computing mean and std.dev: (1, 6368)
[M::mem_pestat] mean and std.dev: (1090.30, 1497.14)
[M::mem_pestat] low and high boundaries for proper pairs: (1, 8448)
[M::mem_pestat] analyzing insert size distribution for orientation RR...
[M::mem_pestat] (25, 50, 75) percentile: (234, 401, 5394)
[M::mem_pestat] low and high boundaries for computing mean and std.dev: (1, 15714)
[M::mem_pestat] mean and std.dev: (2147.73, 2926.66)
[M::mem_pestat] low and high boundaries for proper pairs: (1, 20874)
[M::mem_pestat] skip orientation FF
[M::mem_pestat] skip orientation RF
[M::mem_pestat] skip orientation RR
[M::mem_process_seqs] Processed 2831940 reads in 3437.364 CPU sec, 92.090 real sec
[M::process] read 2837242 sequences (400000267 bp)...
[M::mem_pestat] # candidate unique pairs for (FF, FR, RF, RR): (11, 702706, 84, 15)
[M::mem_pestat] analyzing insert size distribution for orientation FF...
[M::mem_pestat] (25, 50, 75) percentile: (256, 691, 885)
[M::mem_pestat] low and high boundaries for computing mean and std.dev: (1, 2143)
[M::mem_pestat] mean and std.dev: (612.00, 538.70)
[M::mem_pestat] low and high boundaries for proper pairs: (1, 2772)
[M::mem_pestat] analyzing insert size distribution for orientation FR...
[M::mem_pestat] (25, 50, 75) percentile: (186, 232, 325)
[M::mem_pestat] low and high boundaries for computing mean and std.dev: (1, 603)
[M::mem_pestat] mean and std.dev: (256.05, 94.03)
[M::mem_pestat] low and high boundaries for proper pairs: (1, 742)
[M::mem_pestat] analyzing insert size distribution for orientation RF...
[M::mem_pestat] (25, 50, 75) percentile: (181, 835, 2613)
[M::mem_pestat] low and high boundaries for computing mean and std.dev: (1, 7477)
[M::mem_pestat] mean and std.dev: (1229.83, 1572.47)
[M::mem_pestat] low and high boundaries for proper pairs: (1, 9909)
[M::mem_pestat] analyzing insert size distribution for orientation RR...
[M::mem_pestat] (25, 50, 75) percentile: (404, 613, 8023)
[M::mem_pestat] low and high boundaries for computing mean and std.dev: (1, 23261)
[M::mem_pestat] mean and std.dev: (3442.20, 3879.81)
[M::mem_pestat] low and high boundaries for proper pairs: (1, 30880)
[M::mem_pestat] skip orientation FF
[M::mem_pestat] skip orientation RF
[M::mem_pestat] skip orientation RR
[M::mem_process_seqs] Processed 2834574 reads in 3330.221 CPU sec, 83.540 real sec
[M::process] read 2828602 sequences (400000032 bp)...
[M::mem_pestat] # candidate unique pairs for (FF, FR, RF, RR): (11, 706069, 83, 14)
[M::mem_pestat] analyzing insert size distribution for orientation FF...
[M::mem_pestat] (25, 50, 75) percentile: (199, 1064, 3295)
[M::mem_pestat] low and high boundaries for computing mean and std.dev: (1, 9487)
[M::mem_pestat] mean and std.dev: (2364.36, 2828.03)
[M::mem_pestat] low and high boundaries for proper pairs: (1, 13676)
[M::mem_pestat] analyzing insert size distribution for orientation FR...
[M::mem_pestat] (25, 50, 75) percentile: (186, 232, 325)
[M::mem_pestat] low and high boundaries for computing mean and std.dev: (1, 603)
[M::mem_pestat] mean and std.dev: (255.83, 93.97)
[M::mem_pestat] low and high boundaries for proper pairs: (1, 742)
[M::mem_pestat] analyzing insert size distribution for orientation RF...
[M::mem_pestat] (25, 50, 75) percentile: (223, 487, 1628)
[M::mem_pestat] low and high boundaries for computing mean and std.dev: (1, 4438)
[M::mem_pestat] mean and std.dev: (901.01, 958.63)
[M::mem_pestat] low and high boundaries for proper pairs: (1, 5843)
[M::mem_pestat] analyzing insert size distribution for orientation RR...
[M::mem_pestat] (25, 50, 75) percentile: (977, 3582, 5719)
[M::mem_pestat] low and high boundaries for computing mean and std.dev: (1, 15203)
[M::mem_pestat] mean and std.dev: (3248.07, 2352.55)
[M::mem_pestat] low and high boundaries for proper pairs: (1, 19945)
[M::mem_pestat] skip orientation FF
[M::mem_pestat] skip orientation RF
[M::mem_pestat] skip orientation RR
[M::mem_process_seqs] Processed 2837242 reads in 3422.882 CPU sec, 85.994 real sec
[M::process] read 2833698 sequences (400000075 bp)...
[M::mem_pestat] # candidate unique pairs for (FF, FR, RF, RR): (16, 705632, 68, 14)
[M::mem_pestat] analyzing insert size distribution for orientation FF...
[M::mem_pestat] (25, 50, 75) percentile: (264, 667, 6120)
[M::mem_pestat] low and high boundaries for computing mean and std.dev: (1, 17832)
[M::mem_pestat] mean and std.dev: (1990.06, 2754.20)
[M::mem_pestat] low and high boundaries for proper pairs: (1, 23688)
[M::mem_pestat] analyzing insert size distribution for orientation FR...
[M::mem_pestat] (25, 50, 75) percentile: (186, 233, 326)
[M::mem_pestat] low and high boundaries for computing mean and std.dev: (1, 606)
[M::mem_pestat] mean and std.dev: (256.40, 93.89)
[M::mem_pestat] low and high boundaries for proper pairs: (1, 746)
[M::mem_pestat] analyzing insert size distribution for orientation RF...
[M::mem_pestat] (25, 50, 75) percentile: (127, 1124, 2771)
[M::mem_pestat] low and high boundaries for computing mean and std.dev: (1, 8059)
[M::mem_pestat] mean and std.dev: (1787.48, 2123.19)
[M::mem_pestat] low and high boundaries for proper pairs: (1, 10703)
[M::mem_pestat] analyzing insert size distribution for orientation RR...
[M::mem_pestat] (25, 50, 75) percentile: (182, 383, 2069)
[M::mem_pestat] low and high boundaries for computing mean and std.dev: (1, 5843)
[M::mem_pestat] mean and std.dev: (484.73, 554.69)
[M::mem_pestat] low and high boundaries for proper pairs: (1, 7730)
[M::mem_pestat] skip orientation FF
[M::mem_pestat] skip orientation RF
[M::mem_pestat] skip orientation RR
[M::mem_process_seqs] Processed 2828602 reads in 3447.454 CPU sec, 86.480 real sec
[M::process] read 2811586 sequences (400000180 bp)...
[M::mem_pestat] # candidate unique pairs for (FF, FR, RF, RR): (10, 704576, 63, 15)
[M::mem_pestat] analyzing insert size distribution for orientation FF...
[M::mem_pestat] (25, 50, 75) percentile: (136, 345, 638)
[M::mem_pestat] low and high boundaries for computing mean and std.dev: (1, 1642)
[M::mem_pestat] mean and std.dev: (305.11, 220.36)
[M::mem_pestat] low and high boundaries for proper pairs: (1, 2144)
[M::mem_pestat] analyzing insert size distribution for orientation FR...
[M::mem_pestat] (25, 50, 75) percentile: (186, 232, 324)
[M::mem_pestat] low and high boundaries for computing mean and std.dev: (1, 600)
[M::mem_pestat] mean and std.dev: (255.41, 93.68)
[M::mem_pestat] low and high boundaries for proper pairs: (1, 738)
[M::mem_pestat] analyzing insert size distribution for orientation RF...
[M::mem_pestat] (25, 50, 75) percentile: (187, 919, 1985)
[M::mem_pestat] low and high boundaries for computing mean and std.dev: (1, 5581)
[M::mem_pestat] mean and std.dev: (1192.95, 1329.82)
[M::mem_pestat] low and high boundaries for proper pairs: (1, 7379)
[M::mem_pestat] analyzing insert size distribution for orientation RR...
[M::mem_pestat] (25, 50, 75) percentile: (142, 154, 3874)
[M::mem_pestat] low and high boundaries for computing mean and std.dev: (1, 11338)
[M::mem_pestat] mean and std.dev: (2054.53, 2944.06)
[M::mem_pestat] low and high boundaries for proper pairs: (1, 15070)
[M::mem_pestat] skip orientation FF
[M::mem_pestat] skip orientation RF
[M::mem_pestat] skip orientation RR
[M::mem_process_seqs] Processed 2833698 reads in 3225.993 CPU sec, 80.870 real sec
[M::process] read 2793234 sequences (400000070 bp)...
[M::mem_pestat] # candidate unique pairs for (FF, FR, RF, RR): (9, 703914, 94, 16)
[M::mem_pestat] skip orientation FF as there are not enough pairs
[M::mem_pestat] analyzing insert size distribution for orientation FR...
[M::mem_pestat] (25, 50, 75) percentile: (186, 231, 324)
[M::mem_pestat] low and high boundaries for computing mean and std.dev: (1, 600)
[M::mem_pestat] mean and std.dev: (255.19, 93.86)
[M::mem_pestat] low and high boundaries for proper pairs: (1, 738)
[M::mem_pestat] analyzing insert size distribution for orientation RF...
[M::mem_pestat] (25, 50, 75) percentile: (118, 341, 2162)
[M::mem_pestat] low and high boundaries for computing mean and std.dev: (1, 6250)
[M::mem_pestat] mean and std.dev: (1114.75, 1545.24)
[M::mem_pestat] low and high boundaries for proper pairs: (1, 8294)
[M::mem_pestat] analyzing insert size distribution for orientation RR...
[M::mem_pestat] (25, 50, 75) percentile: (133, 277, 1627)
[M::mem_pestat] low and high boundaries for computing mean and std.dev: (1, 4615)
[M::mem_pestat] mean and std.dev: (724.81, 975.97)
[M::mem_pestat] low and high boundaries for proper pairs: (1, 6109)
[M::mem_pestat] skip orientation RF
[M::mem_pestat] skip orientation RR
[M::mem_process_seqs] Processed 2811586 reads in 3154.290 CPU sec, 78.871 real sec
[M::process] read 2792536 sequences (400000143 bp)...
[M::mem_pestat] # candidate unique pairs for (FF, FR, RF, RR): (9, 696328, 83, 16)
[M::mem_pestat] skip orientation FF as there are not enough pairs
[M::mem_pestat] analyzing insert size distribution for orientation FR...
[M::mem_pestat] (25, 50, 75) percentile: (187, 235, 328)
[M::mem_pestat] low and high boundaries for computing mean and std.dev: (1, 610)
[M::mem_pestat] mean and std.dev: (258.03, 94.65)
[M::mem_pestat] low and high boundaries for proper pairs: (1, 751)
[M::mem_pestat] analyzing insert size distribution for orientation RF...
[M::mem_pestat] (25, 50, 75) percentile: (136, 387, 1620)
[M::mem_pestat] low and high boundaries for computing mean and std.dev: (1, 4588)
[M::mem_pestat] mean and std.dev: (900.67, 984.55)
[M::mem_pestat] low and high boundaries for proper pairs: (1, 6072)
[M::mem_pestat] analyzing insert size distribution for orientation RR...
[M::mem_pestat] (25, 50, 75) percentile: (485, 1041, 3672)
[M::mem_pestat] low and high boundaries for computing mean and std.dev: (1, 10046)
[M::mem_pestat] mean and std.dev: (2082.62, 2284.18)
[M::mem_pestat] low and high boundaries for proper pairs: (1, 13233)
[M::mem_pestat] skip orientation RF
[M::mem_pestat] skip orientation RR
[M::mem_process_seqs] Processed 2793234 reads in 3153.723 CPU sec, 79.247 real sec
[M::process] read 2790068 sequences (400000219 bp)...
[M::mem_pestat] # candidate unique pairs for (FF, FR, RF, RR): (9, 696292, 83, 14)
[M::mem_pestat] skip orientation FF as there are not enough pairs
[M::mem_pestat] analyzing insert size distribution for orientation FR...
[M::mem_pestat] (25, 50, 75) percentile: (188, 237, 331)
[M::mem_pestat] low and high boundaries for computing mean and std.dev: (1, 617)
[M::mem_pestat] mean and std.dev: (260.11, 94.99)
[M::mem_pestat] low and high boundaries for proper pairs: (1, 760)
[M::mem_pestat] analyzing insert size distribution for orientation RF...
[M::mem_pestat] (25, 50, 75) percentile: (174, 441, 3687)
[M::mem_pestat] low and high boundaries for computing mean and std.dev: (1, 10713)
[M::mem_pestat] mean and std.dev: (2021.10, 2532.30)
[M::mem_pestat] low and high boundaries for proper pairs: (1, 14226)
[M::mem_pestat] analyzing insert size distribution for orientation RR...
[M::mem_pestat] (25, 50, 75) percentile: (184, 387, 921)
[M::mem_pestat] low and high boundaries for computing mean and std.dev: (1, 2395)
[M::mem_pestat] mean and std.dev: (538.21, 373.41)
[M::mem_pestat] low and high boundaries for proper pairs: (1, 3132)
[M::mem_pestat] skip orientation RF
[M::mem_pestat] skip orientation RR
[M::mem_process_seqs] Processed 2792536 reads in 3175.115 CPU sec, 79.584 real sec
[M::process] read 2801328 sequences (400000037 bp)...
[M::mem_pestat] # candidate unique pairs for (FF, FR, RF, RR): (13, 693868, 94, 19)
[M::mem_pestat] analyzing insert size distribution for orientation FF...
[M::mem_pestat] (25, 50, 75) percentile: (308, 1056, 4621)
[M::mem_pestat] low and high boundaries for computing mean and std.dev: (1, 13247)
[M::mem_pestat] mean and std.dev: (2347.31, 2333.04)
[M::mem_pestat] low and high boundaries for proper pairs: (1, 17560)
[M::mem_pestat] analyzing insert size distribution for orientation FR...
[M::mem_pestat] (25, 50, 75) percentile: (189, 238, 332)
[M::mem_pestat] low and high boundaries for computing mean and std.dev: (1, 618)
[M::mem_pestat] mean and std.dev: (260.79, 95.50)
[M::mem_pestat] low and high boundaries for proper pairs: (1, 761)
[M::mem_pestat] analyzing insert size distribution for orientation RF...
[M::mem_pestat] (25, 50, 75) percentile: (84, 225, 1004)
[M::mem_pestat] low and high boundaries for computing mean and std.dev: (1, 2844)
[M::mem_pestat] mean and std.dev: (514.82, 650.72)
[M::mem_pestat] low and high boundaries for proper pairs: (1, 3764)
[M::mem_pestat] analyzing insert size distribution for orientation RR...
[M::mem_pestat] (25, 50, 75) percentile: (251, 702, 4123)
[M::mem_pestat] low and high boundaries for computing mean and std.dev: (1, 11867)
[M::mem_pestat] mean and std.dev: (1711.11, 1805.07)
[M::mem_pestat] low and high boundaries for proper pairs: (1, 15739)
[M::mem_pestat] skip orientation FF
[M::mem_pestat] skip orientation RF
[M::mem_pestat] skip orientation RR
[M::mem_process_seqs] Processed 2790068 reads in 3147.042 CPU sec, 78.883 real sec
[M::process] read 2809884 sequences (400000022 bp)...
[M::mem_pestat] # candidate unique pairs for (FF, FR, RF, RR): (14, 692573, 93, 14)
[M::mem_pestat] analyzing insert size distribution for orientation FF...
[M::mem_pestat] (25, 50, 75) percentile: (175, 491, 2001)
[M::mem_pestat] low and high boundaries for computing mean and std.dev: (1, 5653)
[M::mem_pestat] mean and std.dev: (621.42, 732.81)
[M::mem_pestat] low and high boundaries for proper pairs: (1, 7479)
[M::mem_pestat] analyzing insert size distribution for orientation FR...
[M::mem_pestat] (25, 50, 75) percentile: (190, 241, 335)
[M::mem_pestat] low and high boundaries for computing mean and std.dev: (1, 625)
[M::mem_pestat] mean and std.dev: (263.19, 95.80)
[M::mem_pestat] low and high boundaries for proper pairs: (1, 770)
[M::mem_pestat] analyzing insert size distribution for orientation RF...
[M::mem_pestat] (25, 50, 75) percentile: (174, 931, 1826)
[M::mem_pestat] low and high boundaries for computing mean and std.dev: (1, 5130)
[M::mem_pestat] mean and std.dev: (874.48, 946.91)
[M::mem_pestat] low and high boundaries for proper pairs: (1, 6782)
[M::mem_pestat] analyzing insert size distribution for orientation RR...
[M::mem_pestat] (25, 50, 75) percentile: (149, 232, 669)
[M::mem_pestat] low and high boundaries for computing mean and std.dev: (1, 1709)
[M::mem_pestat] mean and std.dev: (305.00, 208.93)
[M::mem_pestat] low and high boundaries for proper pairs: (1, 2229)
[M::mem_pestat] skip orientation FF
[M::mem_pestat] skip orientation RF
[M::mem_pestat] skip orientation RR
[M::mem_process_seqs] Processed 2801328 reads in 3317.619 CPU sec, 83.154 real sec
[M::process] read 2806088 sequences (400000094 bp)...
[M::mem_pestat] # candidate unique pairs for (FF, FR, RF, RR): (8, 692656, 84, 14)
[M::mem_pestat] skip orientation FF as there are not enough pairs
[M::mem_pestat] analyzing insert size distribution for orientation FR...
[M::mem_pestat] (25, 50, 75) percentile: (189, 239, 334)
[M::mem_pestat] low and high boundaries for computing mean and std.dev: (1, 624)
[M::mem_pestat] mean and std.dev: (261.98, 95.99)
[M::mem_pestat] low and high boundaries for proper pairs: (1, 769)
[M::mem_pestat] analyzing insert size distribution for orientation RF...
[M::mem_pestat] (25, 50, 75) percentile: (128, 568, 1829)
[M::mem_pestat] low and high boundaries for computing mean and std.dev: (1, 5231)
[M::mem_pestat] mean and std.dev: (983.90, 1116.93)
[M::mem_pestat] low and high boundaries for proper pairs: (1, 6932)
[M::mem_pestat] analyzing insert size distribution for orientation RR...
[M::mem_pestat] (25, 50, 75) percentile: (198, 296, 3884)
[M::mem_pestat] low and high boundaries for computing mean and std.dev: (1, 11256)
[M::mem_pestat] mean and std.dev: (1928.00, 2844.91)
[M::mem_pestat] low and high boundaries for proper pairs: (1, 14942)
[M::mem_pestat] skip orientation RF
[M::mem_pestat] skip orientation RR
[M::mem_process_seqs] Processed 2809884 reads in 3265.239 CPU sec, 81.923 real sec
[M::process] read 2804674 sequences (400000146 bp)...
[M::mem_pestat] # candidate unique pairs for (FF, FR, RF, RR): (12, 693112, 78, 8)
[M::mem_pestat] analyzing insert size distribution for orientation FF...
[M::mem_pestat] (25, 50, 75) percentile: (647, 5191, 5410)
[M::mem_pestat] low and high boundaries for computing mean and std.dev: (1, 14936)
[M::mem_pestat] mean and std.dev: (3518.83, 2854.79)
[M::mem_pestat] low and high boundaries for proper pairs: (1, 19699)
[M::mem_pestat] analyzing insert size distribution for orientation FR...
[M::mem_pestat] (25, 50, 75) percentile: (190, 242, 337)
[M::mem_pestat] low and high boundaries for computing mean and std.dev: (1, 631)
[M::mem_pestat] mean and std.dev: (264.26, 96.82)
[M::mem_pestat] low and high boundaries for proper pairs: (1, 778)
[M::mem_pestat] analyzing insert size distribution for orientation RF...
[M::mem_pestat] (25, 50, 75) percentile: (132, 262, 2236)
[M::mem_pestat] low and high boundaries for computing mean and std.dev: (1, 6444)
[M::mem_pestat] mean and std.dev: (1150.01, 1590.92)
[M::mem_pestat] low and high boundaries for proper pairs: (1, 8548)
[M::mem_pestat] skip orientation RR as there are not enough pairs
[M::mem_pestat] skip orientation FF
[M::mem_pestat] skip orientation RF
[M::mem_process_seqs] Processed 2806088 reads in 3220.685 CPU sec, 80.555 real sec
[M::process] read 657994 sequences (93923715 bp)...
[M::mem_pestat] # candidate unique pairs for (FF, FR, RF, RR): (11, 689874, 106, 8)
[M::mem_pestat] analyzing insert size distribution for orientation FF...
[M::mem_pestat] (25, 50, 75) percentile: (72, 276, 1903)
[M::mem_pestat] low and high boundaries for computing mean and std.dev: (1, 5565)
[M::mem_pestat] mean and std.dev: (930.91, 1336.10)
[M::mem_pestat] low and high boundaries for proper pairs: (1, 7396)
[M::mem_pestat] analyzing insert size distribution for orientation FR...
[M::mem_pestat] (25, 50, 75) percentile: (190, 242, 338)
[M::mem_pestat] low and high boundaries for computing mean and std.dev: (1, 634)
[M::mem_pestat] mean and std.dev: (264.78, 97.51)
[M::mem_pestat] low and high boundaries for proper pairs: (1, 782)
[M::mem_pestat] analyzing insert size distribution for orientation RF...
[M::mem_pestat] (25, 50, 75) percentile: (175, 394, 1479)
[M::mem_pestat] low and high boundaries for computing mean and std.dev: (1, 4087)
[M::mem_pestat] mean and std.dev: (712.49, 877.42)
[M::mem_pestat] low and high boundaries for proper pairs: (1, 5391)
[M::mem_pestat] skip orientation RR as there are not enough pairs
[M::mem_pestat] skip orientation FF
[M::mem_pestat] skip orientation RF
[M::mem_process_seqs] Processed 2804674 reads in 3217.957 CPU sec, 80.864 real sec
[M::mem_pestat] # candidate unique pairs for (FF, FR, RF, RR): (3, 162165, 22, 2)
[M::mem_pestat] skip orientation FF as there are not enough pairs
[M::mem_pestat] analyzing insert size distribution for orientation FR...
[M::mem_pestat] (25, 50, 75) percentile: (190, 242, 339)
[M::mem_pestat] low and high boundaries for computing mean and std.dev: (1, 637)
[M::mem_pestat] mean and std.dev: (264.93, 98.09)
[M::mem_pestat] low and high boundaries for proper pairs: (1, 786)
[M::mem_pestat] analyzing insert size distribution for orientation RF...
[M::mem_pestat] (25, 50, 75) percentile: (381, 3219, 3811)
[M::mem_pestat] low and high boundaries for computing mean and std.dev: (1, 10671)
[M::mem_pestat] mean and std.dev: (3201.14, 3156.62)
[M::mem_pestat] low and high boundaries for proper pairs: (1, 15828)
[M::mem_pestat] skip orientation RR as there are not enough pairs
[M::mem_pestat] skip orientation RF
[M::mem_process_seqs] Processed 657994 reads in 793.092 CPU sec, 19.939 real sec
[main] Version: 0.7.17-r1188
[main] CMD: /home/shared/bwa-0.7.17/bwa mem -M -t 40 ../data/bwa-GCF_031168955.1_ASM3116895v1_genomic ../data/trimmed-fastqs-heatwave-genetics/MHW079_trimmed_clipped_R1_paired.fq.gz ../data/trimmed-fastqs-heatwave-genetics/MHW079_trimmed_clipped_R2_paired.fq.gz
[main] Real time: 2432.376 sec; CPU: 96474.875 sec
