[M::bwa_idx_load_from_disk] read 0 ALT contigs
[M::process] read 2815674 sequences (400000231 bp)...
[M::process] read 2811214 sequences (400000125 bp)...
[M::mem_pestat] # candidate unique pairs for (FF, FR, RF, RR): (14, 742034, 87, 12)
[M::mem_pestat] analyzing insert size distribution for orientation FF...
[M::mem_pestat] (25, 50, 75) percentile: (243, 3014, 5514)
[M::mem_pestat] low and high boundaries for computing mean and std.dev: (1, 16056)
[M::mem_pestat] mean and std.dev: (3089.43, 2832.36)
[M::mem_pestat] low and high boundaries for proper pairs: (1, 21327)
[M::mem_pestat] analyzing insert size distribution for orientation FR...
[M::mem_pestat] (25, 50, 75) percentile: (190, 241, 309)
[M::mem_pestat] low and high boundaries for computing mean and std.dev: (1, 547)
[M::mem_pestat] mean and std.dev: (252.62, 87.16)
[M::mem_pestat] low and high boundaries for proper pairs: (1, 666)
[M::mem_pestat] analyzing insert size distribution for orientation RF...
[M::mem_pestat] (25, 50, 75) percentile: (146, 384, 1847)
[M::mem_pestat] low and high boundaries for computing mean and std.dev: (1, 5249)
[M::mem_pestat] mean and std.dev: (936.66, 1176.48)
[M::mem_pestat] low and high boundaries for proper pairs: (1, 6950)
[M::mem_pestat] analyzing insert size distribution for orientation RR...
[M::mem_pestat] (25, 50, 75) percentile: (239, 1441, 1882)
[M::mem_pestat] low and high boundaries for computing mean and std.dev: (1, 5168)
[M::mem_pestat] mean and std.dev: (1029.00, 911.20)
[M::mem_pestat] low and high boundaries for proper pairs: (1, 6811)
[M::mem_pestat] skip orientation FF
[M::mem_pestat] skip orientation RF
[M::mem_pestat] skip orientation RR
[M::mem_process_seqs] Processed 2815674 reads in 2876.353 CPU sec, 72.200 real sec
[M::process] read 2807316 sequences (400000135 bp)...
[M::mem_pestat] # candidate unique pairs for (FF, FR, RF, RR): (13, 741472, 61, 10)
[M::mem_pestat] analyzing insert size distribution for orientation FF...
[M::mem_pestat] (25, 50, 75) percentile: (186, 305, 7670)
[M::mem_pestat] low and high boundaries for computing mean and std.dev: (1, 22638)
[M::mem_pestat] mean and std.dev: (2560.46, 3590.35)
[M::mem_pestat] low and high boundaries for proper pairs: (1, 30122)
[M::mem_pestat] analyzing insert size distribution for orientation FR...
[M::mem_pestat] (25, 50, 75) percentile: (191, 243, 311)
[M::mem_pestat] low and high boundaries for computing mean and std.dev: (1, 551)
[M::mem_pestat] mean and std.dev: (254.44, 87.65)
[M::mem_pestat] low and high boundaries for proper pairs: (1, 671)
[M::mem_pestat] analyzing insert size distribution for orientation RF...
[M::mem_pestat] (25, 50, 75) percentile: (132, 227, 1865)
[M::mem_pestat] low and high boundaries for computing mean and std.dev: (1, 5331)
[M::mem_pestat] mean and std.dev: (675.38, 945.13)
[M::mem_pestat] low and high boundaries for proper pairs: (1, 7064)
[M::mem_pestat] analyzing insert size distribution for orientation RR...
[M::mem_pestat] (25, 50, 75) percentile: (216, 2520, 3952)
[M::mem_pestat] low and high boundaries for computing mean and std.dev: (1, 11424)
[M::mem_pestat] mean and std.dev: (2445.30, 2504.76)
[M::mem_pestat] low and high boundaries for proper pairs: (1, 15160)
[M::mem_pestat] skip orientation FF
[M::mem_pestat] skip orientation RF
[M::mem_pestat] skip orientation RR
[M::mem_process_seqs] Processed 2811214 reads in 2959.011 CPU sec, 74.290 real sec
[M::process] read 2808426 sequences (400000042 bp)...
[M::mem_pestat] # candidate unique pairs for (FF, FR, RF, RR): (10, 740132, 80, 5)
[M::mem_pestat] analyzing insert size distribution for orientation FF...
[M::mem_pestat] (25, 50, 75) percentile: (150, 2901, 4426)
[M::mem_pestat] low and high boundaries for computing mean and std.dev: (1, 12978)
[M::mem_pestat] mean and std.dev: (2608.30, 2710.80)
[M::mem_pestat] low and high boundaries for proper pairs: (1, 17254)
[M::mem_pestat] analyzing insert size distribution for orientation FR...
[M::mem_pestat] (25, 50, 75) percentile: (194, 248, 318)
[M::mem_pestat] low and high boundaries for computing mean and std.dev: (1, 566)
[M::mem_pestat] mean and std.dev: (259.56, 89.36)
[M::mem_pestat] low and high boundaries for proper pairs: (1, 690)
[M::mem_pestat] analyzing insert size distribution for orientation RF...
[M::mem_pestat] (25, 50, 75) percentile: (209, 313, 1855)
[M::mem_pestat] low and high boundaries for computing mean and std.dev: (1, 5147)
[M::mem_pestat] mean and std.dev: (981.16, 1289.41)
[M::mem_pestat] low and high boundaries for proper pairs: (1, 6793)
[M::mem_pestat] skip orientation RR as there are not enough pairs
[M::mem_pestat] skip orientation FF
[M::mem_pestat] skip orientation RF
[M::mem_process_seqs] Processed 2807316 reads in 3002.023 CPU sec, 75.354 real sec
[M::process] read 2807428 sequences (400000004 bp)...
[M::mem_pestat] # candidate unique pairs for (FF, FR, RF, RR): (12, 738524, 82, 15)
[M::mem_pestat] analyzing insert size distribution for orientation FF...
[M::mem_pestat] (25, 50, 75) percentile: (105, 818, 4937)
[M::mem_pestat] low and high boundaries for computing mean and std.dev: (1, 14601)
[M::mem_pestat] mean and std.dev: (2182.67, 3107.03)
[M::mem_pestat] low and high boundaries for proper pairs: (1, 19433)
[M::mem_pestat] analyzing insert size distribution for orientation FR...
[M::mem_pestat] (25, 50, 75) percentile: (194, 248, 317)
[M::mem_pestat] low and high boundaries for computing mean and std.dev: (1, 563)
[M::mem_pestat] mean and std.dev: (259.20, 89.05)
[M::mem_pestat] low and high boundaries for proper pairs: (1, 686)
[M::mem_pestat] analyzing insert size distribution for orientation RF...
[M::mem_pestat] (25, 50, 75) percentile: (145, 272, 817)
[M::mem_pestat] low and high boundaries for computing mean and std.dev: (1, 2161)
[M::mem_pestat] mean and std.dev: (350.52, 343.35)
[M::mem_pestat] low and high boundaries for proper pairs: (1, 2833)
[M::mem_pestat] analyzing insert size distribution for orientation RR...
[M::mem_pestat] (25, 50, 75) percentile: (190, 285, 837)
[M::mem_pestat] low and high boundaries for computing mean and std.dev: (1, 2131)
[M::mem_pestat] mean and std.dev: (341.62, 240.28)
[M::mem_pestat] low and high boundaries for proper pairs: (1, 2778)
[M::mem_pestat] skip orientation FF
[M::mem_pestat] skip orientation RF
[M::mem_pestat] skip orientation RR
[M::mem_process_seqs] Processed 2808426 reads in 2991.430 CPU sec, 75.017 real sec
[M::process] read 2821618 sequences (400000160 bp)...
[M::mem_pestat] # candidate unique pairs for (FF, FR, RF, RR): (12, 742229, 74, 9)
[M::mem_pestat] analyzing insert size distribution for orientation FF...
[M::mem_pestat] (25, 50, 75) percentile: (138, 512, 1952)
[M::mem_pestat] low and high boundaries for computing mean and std.dev: (1, 5580)
[M::mem_pestat] mean and std.dev: (835.83, 1038.49)
[M::mem_pestat] low and high boundaries for proper pairs: (1, 7394)
[M::mem_pestat] analyzing insert size distribution for orientation FR...
[M::mem_pestat] (25, 50, 75) percentile: (191, 243, 311)
[M::mem_pestat] low and high boundaries for computing mean and std.dev: (1, 551)
[M::mem_pestat] mean and std.dev: (254.16, 87.68)
[M::mem_pestat] low and high boundaries for proper pairs: (1, 671)
[M::mem_pestat] analyzing insert size distribution for orientation RF...
[M::mem_pestat] (25, 50, 75) percentile: (223, 545, 3097)
[M::mem_pestat] low and high boundaries for computing mean and std.dev: (1, 8845)
[M::mem_pestat] mean and std.dev: (1703.58, 2152.04)
[M::mem_pestat] low and high boundaries for proper pairs: (1, 11719)
[M::mem_pestat] skip orientation RR as there are not enough pairs
[M::mem_pestat] skip orientation FF
[M::mem_pestat] skip orientation RF
[M::mem_process_seqs] Processed 2807428 reads in 2987.081 CPU sec, 74.912 real sec
[M::process] read 2825754 sequences (400000066 bp)...
[M::mem_pestat] # candidate unique pairs for (FF, FR, RF, RR): (12, 736616, 98, 20)
[M::mem_pestat] analyzing insert size distribution for orientation FF...
[M::mem_pestat] (25, 50, 75) percentile: (392, 1376, 2317)
[M::mem_pestat] low and high boundaries for computing mean and std.dev: (1, 6167)
[M::mem_pestat] mean and std.dev: (999.45, 777.70)
[M::mem_pestat] low and high boundaries for proper pairs: (1, 8092)
[M::mem_pestat] analyzing insert size distribution for orientation FR...
[M::mem_pestat] (25, 50, 75) percentile: (195, 249, 319)
[M::mem_pestat] low and high boundaries for computing mean and std.dev: (1, 567)
[M::mem_pestat] mean and std.dev: (260.38, 89.51)
[M::mem_pestat] low and high boundaries for proper pairs: (1, 691)
[M::mem_pestat] analyzing insert size distribution for orientation RF...
[M::mem_pestat] (25, 50, 75) percentile: (182, 413, 2140)
[M::mem_pestat] low and high boundaries for computing mean and std.dev: (1, 6056)
[M::mem_pestat] mean and std.dev: (866.36, 1205.26)
[M::mem_pestat] low and high boundaries for proper pairs: (1, 8014)
[M::mem_pestat] analyzing insert size distribution for orientation RR...
[M::mem_pestat] (25, 50, 75) percentile: (157, 293, 1526)
[M::mem_pestat] low and high boundaries for computing mean and std.dev: (1, 4264)
[M::mem_pestat] mean and std.dev: (583.28, 687.64)
[M::mem_pestat] low and high boundaries for proper pairs: (1, 5633)
[M::mem_pestat] skip orientation FF
[M::mem_pestat] skip orientation RF
[M::mem_pestat] skip orientation RR
[M::mem_process_seqs] Processed 2821618 reads in 3031.027 CPU sec, 76.245 real sec
[M::process] read 2827376 sequences (400000004 bp)...
[M::mem_pestat] # candidate unique pairs for (FF, FR, RF, RR): (21, 736136, 78, 13)
[M::mem_pestat] analyzing insert size distribution for orientation FF...
[M::mem_pestat] (25, 50, 75) percentile: (103, 160, 2385)
[M::mem_pestat] low and high boundaries for computing mean and std.dev: (1, 6949)
[M::mem_pestat] mean and std.dev: (808.42, 1641.97)
[M::mem_pestat] low and high boundaries for proper pairs: (1, 9231)
[M::mem_pestat] analyzing insert size distribution for orientation FR...
[M::mem_pestat] (25, 50, 75) percentile: (196, 250, 322)
[M::mem_pestat] low and high boundaries for computing mean and std.dev: (1, 574)
[M::mem_pestat] mean and std.dev: (262.04, 90.49)
[M::mem_pestat] low and high boundaries for proper pairs: (1, 700)
[M::mem_pestat] analyzing insert size distribution for orientation RF...
[M::mem_pestat] (25, 50, 75) percentile: (200, 226, 503)
[M::mem_pestat] low and high boundaries for computing mean and std.dev: (1, 1109)
[M::mem_pestat] mean and std.dev: (269.39, 168.13)
[M::mem_pestat] low and high boundaries for proper pairs: (1, 1412)
[M::mem_pestat] analyzing insert size distribution for orientation RR...
[M::mem_pestat] (25, 50, 75) percentile: (194, 730, 5378)
[M::mem_pestat] low and high boundaries for computing mean and std.dev: (1, 15746)
[M::mem_pestat] mean and std.dev: (2061.15, 2352.00)
[M::mem_pestat] low and high boundaries for proper pairs: (1, 20930)
[M::mem_pestat] skip orientation FF
[M::mem_pestat] skip orientation RF
[M::mem_pestat] skip orientation RR
[M::mem_process_seqs] Processed 2825754 reads in 3006.762 CPU sec, 75.380 real sec
[M::process] read 2838384 sequences (400000185 bp)...
[M::mem_pestat] # candidate unique pairs for (FF, FR, RF, RR): (8, 736372, 97, 7)
[M::mem_pestat] skip orientation FF as there are not enough pairs
[M::mem_pestat] analyzing insert size distribution for orientation FR...
[M::mem_pestat] (25, 50, 75) percentile: (196, 250, 321)
[M::mem_pestat] low and high boundaries for computing mean and std.dev: (1, 571)
[M::mem_pestat] mean and std.dev: (261.54, 90.24)
[M::mem_pestat] low and high boundaries for proper pairs: (1, 696)
[M::mem_pestat] analyzing insert size distribution for orientation RF...
[M::mem_pestat] (25, 50, 75) percentile: (157, 226, 2023)
[M::mem_pestat] low and high boundaries for computing mean and std.dev: (1, 5755)
[M::mem_pestat] mean and std.dev: (971.05, 1264.33)
[M::mem_pestat] low and high boundaries for proper pairs: (1, 7621)
[M::mem_pestat] skip orientation RR as there are not enough pairs
[M::mem_pestat] skip orientation RF
[M::mem_process_seqs] Processed 2827376 reads in 3007.638 CPU sec, 75.232 real sec
[M::process] read 2831352 sequences (400000175 bp)...
[M::mem_pestat] # candidate unique pairs for (FF, FR, RF, RR): (12, 737239, 92, 8)
[M::mem_pestat] analyzing insert size distribution for orientation FF...
[M::mem_pestat] (25, 50, 75) percentile: (341, 1829, 3718)
[M::mem_pestat] low and high boundaries for computing mean and std.dev: (1, 10472)
[M::mem_pestat] mean and std.dev: (1932.00, 1789.69)
[M::mem_pestat] low and high boundaries for proper pairs: (1, 13849)
[M::mem_pestat] analyzing insert size distribution for orientation FR...
[M::mem_pestat] (25, 50, 75) percentile: (195, 250, 321)
[M::mem_pestat] low and high boundaries for computing mean and std.dev: (1, 573)
[M::mem_pestat] mean and std.dev: (261.45, 90.41)
[M::mem_pestat] low and high boundaries for proper pairs: (1, 699)
[M::mem_pestat] analyzing insert size distribution for orientation RF...
[M::mem_pestat] (25, 50, 75) percentile: (156, 303, 1595)
[M::mem_pestat] low and high boundaries for computing mean and std.dev: (1, 4473)
[M::mem_pestat] mean and std.dev: (850.67, 1072.45)
[M::mem_pestat] low and high boundaries for proper pairs: (1, 5912)
[M::mem_pestat] skip orientation RR as there are not enough pairs
[M::mem_pestat] skip orientation FF
[M::mem_pestat] skip orientation RF
[M::mem_process_seqs] Processed 2838384 reads in 3104.271 CPU sec, 78.015 real sec
[M::process] read 2813068 sequences (400000105 bp)...
[M::mem_pestat] # candidate unique pairs for (FF, FR, RF, RR): (20, 736421, 91, 18)
[M::mem_pestat] analyzing insert size distribution for orientation FF...
[M::mem_pestat] (25, 50, 75) percentile: (155, 512, 2324)
[M::mem_pestat] low and high boundaries for computing mean and std.dev: (1, 6662)
[M::mem_pestat] mean and std.dev: (1345.25, 1615.39)
[M::mem_pestat] low and high boundaries for proper pairs: (1, 8831)
[M::mem_pestat] analyzing insert size distribution for orientation FR...
[M::mem_pestat] (25, 50, 75) percentile: (196, 250, 321)
[M::mem_pestat] low and high boundaries for computing mean and std.dev: (1, 571)
[M::mem_pestat] mean and std.dev: (261.91, 90.39)
[M::mem_pestat] low and high boundaries for proper pairs: (1, 696)
[M::mem_pestat] analyzing insert size distribution for orientation RF...
[M::mem_pestat] (25, 50, 75) percentile: (128, 232, 1017)
[M::mem_pestat] low and high boundaries for computing mean and std.dev: (1, 2795)
[M::mem_pestat] mean and std.dev: (415.55, 478.05)
[M::mem_pestat] low and high boundaries for proper pairs: (1, 3684)
[M::mem_pestat] analyzing insert size distribution for orientation RR...
[M::mem_pestat] (25, 50, 75) percentile: (155, 241, 1091)
[M::mem_pestat] low and high boundaries for computing mean and std.dev: (1, 2963)
[M::mem_pestat] mean and std.dev: (574.75, 773.90)
[M::mem_pestat] low and high boundaries for proper pairs: (1, 3899)
[M::mem_pestat] skip orientation FF
[M::mem_pestat] skip orientation RF
[M::mem_pestat] skip orientation RR
[M::mem_process_seqs] Processed 2831352 reads in 3072.093 CPU sec, 76.884 real sec
[M::process] read 2810432 sequences (400000165 bp)...
[M::mem_pestat] # candidate unique pairs for (FF, FR, RF, RR): (16, 736365, 66, 13)
[M::mem_pestat] analyzing insert size distribution for orientation FF...
[M::mem_pestat] (25, 50, 75) percentile: (163, 324, 395)
[M::mem_pestat] low and high boundaries for computing mean and std.dev: (1, 859)
[M::mem_pestat] mean and std.dev: (222.31, 133.73)
[M::mem_pestat] low and high boundaries for proper pairs: (1, 1091)
[M::mem_pestat] analyzing insert size distribution for orientation FR...
[M::mem_pestat] (25, 50, 75) percentile: (196, 251, 323)
[M::mem_pestat] low and high boundaries for computing mean and std.dev: (1, 577)
[M::mem_pestat] mean and std.dev: (262.91, 90.92)
[M::mem_pestat] low and high boundaries for proper pairs: (1, 704)
[M::mem_pestat] analyzing insert size distribution for orientation RF...
[M::mem_pestat] (25, 50, 75) percentile: (144, 386, 1091)
[M::mem_pestat] low and high boundaries for computing mean and std.dev: (1, 2985)
[M::mem_pestat] mean and std.dev: (483.76, 508.36)
[M::mem_pestat] low and high boundaries for proper pairs: (1, 3932)
[M::mem_pestat] analyzing insert size distribution for orientation RR...
[M::mem_pestat] (25, 50, 75) percentile: (204, 281, 3985)
[M::mem_pestat] low and high boundaries for computing mean and std.dev: (1, 11547)
[M::mem_pestat] mean and std.dev: (2022.62, 2566.98)
[M::mem_pestat] low and high boundaries for proper pairs: (1, 15328)
[M::mem_pestat] skip orientation FF
[M::mem_pestat] skip orientation RF
[M::mem_pestat] skip orientation RR
[M::mem_process_seqs] Processed 2813068 reads in 3038.811 CPU sec, 76.438 real sec
[M::process] read 2808458 sequences (400000158 bp)...
[M::mem_pestat] # candidate unique pairs for (FF, FR, RF, RR): (11, 739137, 92, 11)
[M::mem_pestat] analyzing insert size distribution for orientation FF...
[M::mem_pestat] (25, 50, 75) percentile: (188, 304, 1603)
[M::mem_pestat] low and high boundaries for computing mean and std.dev: (1, 4433)
[M::mem_pestat] mean and std.dev: (904.27, 1178.85)
[M::mem_pestat] low and high boundaries for proper pairs: (1, 5848)
[M::mem_pestat] analyzing insert size distribution for orientation FR...
[M::mem_pestat] (25, 50, 75) percentile: (191, 244, 312)
[M::mem_pestat] low and high boundaries for computing mean and std.dev: (1, 554)
[M::mem_pestat] mean and std.dev: (255.16, 88.09)
[M::mem_pestat] low and high boundaries for proper pairs: (1, 675)
[M::mem_pestat] analyzing insert size distribution for orientation RF...
[M::mem_pestat] (25, 50, 75) percentile: (171, 410, 2385)
[M::mem_pestat] low and high boundaries for computing mean and std.dev: (1, 6813)
[M::mem_pestat] mean and std.dev: (1370.64, 1833.20)
[M::mem_pestat] low and high boundaries for proper pairs: (1, 9027)
[M::mem_pestat] analyzing insert size distribution for orientation RR...
[M::mem_pestat] (25, 50, 75) percentile: (305, 928, 4055)
[M::mem_pestat] low and high boundaries for computing mean and std.dev: (1, 11555)
[M::mem_pestat] mean and std.dev: (1934.36, 2073.91)
[M::mem_pestat] low and high boundaries for proper pairs: (1, 15305)
[M::mem_pestat] skip orientation FF
[M::mem_pestat] skip orientation RF
[M::mem_pestat] skip orientation RR
[M::mem_process_seqs] Processed 2810432 reads in 3004.213 CPU sec, 75.395 real sec
[M::process] read 2808088 sequences (400000028 bp)...
[M::mem_pestat] # candidate unique pairs for (FF, FR, RF, RR): (14, 739864, 71, 22)
[M::mem_pestat] analyzing insert size distribution for orientation FF...
[M::mem_pestat] (25, 50, 75) percentile: (297, 577, 3432)
[M::mem_pestat] low and high boundaries for computing mean and std.dev: (1, 9702)
[M::mem_pestat] mean and std.dev: (1825.79, 2169.76)
[M::mem_pestat] low and high boundaries for proper pairs: (1, 12837)
[M::mem_pestat] analyzing insert size distribution for orientation FR...
[M::mem_pestat] (25, 50, 75) percentile: (192, 244, 314)
[M::mem_pestat] low and high boundaries for computing mean and std.dev: (1, 558)
[M::mem_pestat] mean and std.dev: (256.10, 88.71)
[M::mem_pestat] low and high boundaries for proper pairs: (1, 680)
[M::mem_pestat] analyzing insert size distribution for orientation RF...
[M::mem_pestat] (25, 50, 75) percentile: (157, 367, 2304)
[M::mem_pestat] low and high boundaries for computing mean and std.dev: (1, 6598)
[M::mem_pestat] mean and std.dev: (649.56, 853.56)
[M::mem_pestat] low and high boundaries for proper pairs: (1, 8745)
[M::mem_pestat] analyzing insert size distribution for orientation RR...
[M::mem_pestat] (25, 50, 75) percentile: (91, 357, 1938)
[M::mem_pestat] low and high boundaries for computing mean and std.dev: (1, 5632)
[M::mem_pestat] mean and std.dev: (898.35, 1123.95)
[M::mem_pestat] low and high boundaries for proper pairs: (1, 7479)
[M::mem_pestat] skip orientation FF
[M::mem_pestat] skip orientation RF
[M::mem_pestat] skip orientation RR
[M::mem_process_seqs] Processed 2808458 reads in 3020.471 CPU sec, 75.555 real sec
[M::process] read 2807034 sequences (400000058 bp)...
[M::mem_pestat] # candidate unique pairs for (FF, FR, RF, RR): (6, 738409, 88, 18)
[M::mem_pestat] skip orientation FF as there are not enough pairs
[M::mem_pestat] analyzing insert size distribution for orientation FR...
[M::mem_pestat] (25, 50, 75) percentile: (194, 248, 317)
[M::mem_pestat] low and high boundaries for computing mean and std.dev: (1, 563)
[M::mem_pestat] mean and std.dev: (259.10, 89.16)
[M::mem_pestat] low and high boundaries for proper pairs: (1, 686)
[M::mem_pestat] analyzing insert size distribution for orientation RF...
[M::mem_pestat] (25, 50, 75) percentile: (174, 273, 1280)
[M::mem_pestat] low and high boundaries for computing mean and std.dev: (1, 3492)
[M::mem_pestat] mean and std.dev: (480.26, 645.96)
[M::mem_pestat] low and high boundaries for proper pairs: (1, 4598)
[M::mem_pestat] analyzing insert size distribution for orientation RR...
[M::mem_pestat] (25, 50, 75) percentile: (186, 279, 519)
[M::mem_pestat] low and high boundaries for computing mean and std.dev: (1, 1185)
[M::mem_pestat] mean and std.dev: (325.50, 221.14)
[M::mem_pestat] low and high boundaries for proper pairs: (1, 1518)
[M::mem_pestat] skip orientation RF
[M::mem_pestat] skip orientation RR
[M::mem_process_seqs] Processed 2808088 reads in 3035.303 CPU sec, 76.290 real sec
[M::process] read 2807256 sequences (400000243 bp)...
[M::mem_pestat] # candidate unique pairs for (FF, FR, RF, RR): (18, 738530, 94, 15)
[M::mem_pestat] analyzing insert size distribution for orientation FF...
[M::mem_pestat] (25, 50, 75) percentile: (312, 2800, 4033)
[M::mem_pestat] low and high boundaries for computing mean and std.dev: (1, 11475)
[M::mem_pestat] mean and std.dev: (3385.94, 3032.81)
[M::mem_pestat] low and high boundaries for proper pairs: (1, 15517)
[M::mem_pestat] analyzing insert size distribution for orientation FR...
[M::mem_pestat] (25, 50, 75) percentile: (195, 248, 318)
[M::mem_pestat] low and high boundaries for computing mean and std.dev: (1, 564)
[M::mem_pestat] mean and std.dev: (259.68, 89.19)
[M::mem_pestat] low and high boundaries for proper pairs: (1, 687)
[M::mem_pestat] analyzing insert size distribution for orientation RF...
[M::mem_pestat] (25, 50, 75) percentile: (124, 251, 1437)
[M::mem_pestat] low and high boundaries for computing mean and std.dev: (1, 4063)
[M::mem_pestat] mean and std.dev: (445.55, 562.47)
[M::mem_pestat] low and high boundaries for proper pairs: (1, 5376)
[M::mem_pestat] analyzing insert size distribution for orientation RR...
[M::mem_pestat] (25, 50, 75) percentile: (444, 1174, 3715)
[M::mem_pestat] low and high boundaries for computing mean and std.dev: (1, 10257)
[M::mem_pestat] mean and std.dev: (2141.53, 2455.49)
[M::mem_pestat] low and high boundaries for proper pairs: (1, 13528)
[M::mem_pestat] skip orientation FF
[M::mem_pestat] skip orientation RF
[M::mem_pestat] skip orientation RR
[M::mem_process_seqs] Processed 2807034 reads in 3035.437 CPU sec, 76.112 real sec
[M::process] read 2820296 sequences (400000127 bp)...
[M::mem_pestat] # candidate unique pairs for (FF, FR, RF, RR): (12, 740633, 85, 18)
[M::mem_pestat] analyzing insert size distribution for orientation FF...
[M::mem_pestat] (25, 50, 75) percentile: (495, 1624, 2420)
[M::mem_pestat] low and high boundaries for computing mean and std.dev: (1, 6270)
[M::mem_pestat] mean and std.dev: (1412.92, 1136.99)
[M::mem_pestat] low and high boundaries for proper pairs: (1, 8195)
[M::mem_pestat] analyzing insert size distribution for orientation FR...
[M::mem_pestat] (25, 50, 75) percentile: (192, 244, 313)
[M::mem_pestat] low and high boundaries for computing mean and std.dev: (1, 555)
[M::mem_pestat] mean and std.dev: (255.47, 88.43)
[M::mem_pestat] low and high boundaries for proper pairs: (1, 676)
[M::mem_pestat] analyzing insert size distribution for orientation RF...
[M::mem_pestat] (25, 50, 75) percentile: (223, 226, 1121)
[M::mem_pestat] low and high boundaries for computing mean and std.dev: (1, 2917)
[M::mem_pestat] mean and std.dev: (480.09, 598.32)
[M::mem_pestat] low and high boundaries for proper pairs: (1, 3815)
[M::mem_pestat] analyzing insert size distribution for orientation RR...
[M::mem_pestat] (25, 50, 75) percentile: (125, 236, 1905)
[M::mem_pestat] low and high boundaries for computing mean and std.dev: (1, 5465)
[M::mem_pestat] mean and std.dev: (702.06, 1039.24)
[M::mem_pestat] low and high boundaries for proper pairs: (1, 7245)
[M::mem_pestat] skip orientation FF
[M::mem_pestat] skip orientation RF
[M::mem_pestat] skip orientation RR
[M::mem_process_seqs] Processed 2807256 reads in 3003.774 CPU sec, 75.296 real sec
[M::process] read 2831218 sequences (400000166 bp)...
[M::mem_pestat] # candidate unique pairs for (FF, FR, RF, RR): (10, 734940, 101, 11)
[M::mem_pestat] analyzing insert size distribution for orientation FF...
[M::mem_pestat] (25, 50, 75) percentile: (223, 3036, 3842)
[M::mem_pestat] low and high boundaries for computing mean and std.dev: (1, 11080)
[M::mem_pestat] mean and std.dev: (3146.30, 3368.14)
[M::mem_pestat] low and high boundaries for proper pairs: (1, 16619)
[M::mem_pestat] analyzing insert size distribution for orientation FR...
[M::mem_pestat] (25, 50, 75) percentile: (197, 251, 322)
[M::mem_pestat] low and high boundaries for computing mean and std.dev: (1, 572)
[M::mem_pestat] mean and std.dev: (262.45, 90.30)
[M::mem_pestat] low and high boundaries for proper pairs: (1, 697)
[M::mem_pestat] analyzing insert size distribution for orientation RF...
[M::mem_pestat] (25, 50, 75) percentile: (116, 312, 2239)
[M::mem_pestat] low and high boundaries for computing mean and std.dev: (1, 6485)
[M::mem_pestat] mean and std.dev: (1229.90, 1700.46)
[M::mem_pestat] low and high boundaries for proper pairs: (1, 8608)
[M::mem_pestat] analyzing insert size distribution for orientation RR...
[M::mem_pestat] (25, 50, 75) percentile: (305, 1722, 4085)
[M::mem_pestat] low and high boundaries for computing mean and std.dev: (1, 11645)
[M::mem_pestat] mean and std.dev: (2370.09, 2103.26)
[M::mem_pestat] low and high boundaries for proper pairs: (1, 15425)
[M::mem_pestat] skip orientation FF
[M::mem_pestat] skip orientation RF
[M::mem_pestat] skip orientation RR
[M::mem_process_seqs] Processed 2820296 reads in 3061.801 CPU sec, 76.749 real sec
[M::process] read 2830560 sequences (400000112 bp)...
[M::mem_pestat] # candidate unique pairs for (FF, FR, RF, RR): (20, 736789, 82, 9)
[M::mem_pestat] analyzing insert size distribution for orientation FF...
[M::mem_pestat] (25, 50, 75) percentile: (258, 1030, 4118)
[M::mem_pestat] low and high boundaries for computing mean and std.dev: (1, 11838)
[M::mem_pestat] mean and std.dev: (2024.30, 2556.93)
[M::mem_pestat] low and high boundaries for proper pairs: (1, 15698)
[M::mem_pestat] analyzing insert size distribution for orientation FR...
[M::mem_pestat] (25, 50, 75) percentile: (196, 250, 322)
[M::mem_pestat] low and high boundaries for computing mean and std.dev: (1, 574)
[M::mem_pestat] mean and std.dev: (261.89, 90.72)
[M::mem_pestat] low and high boundaries for proper pairs: (1, 700)
[M::mem_pestat] analyzing insert size distribution for orientation RF...
[M::mem_pestat] (25, 50, 75) percentile: (223, 684, 1856)
[M::mem_pestat] low and high boundaries for computing mean and std.dev: (1, 5122)
[M::mem_pestat] mean and std.dev: (910.24, 1048.53)
[M::mem_pestat] low and high boundaries for proper pairs: (1, 6755)
[M::mem_pestat] skip orientation RR as there are not enough pairs
[M::mem_pestat] skip orientation FF
[M::mem_pestat] skip orientation RF
[M::mem_process_seqs] Processed 2831218 reads in 3334.746 CPU sec, 89.259 real sec
[M::process] read 2831624 sequences (400000252 bp)...
[M::mem_pestat] # candidate unique pairs for (FF, FR, RF, RR): (14, 736381, 88, 15)
[M::mem_pestat] analyzing insert size distribution for orientation FF...
[M::mem_pestat] (25, 50, 75) percentile: (119, 500, 8995)
[M::mem_pestat] low and high boundaries for computing mean and std.dev: (1, 26747)
[M::mem_pestat] mean and std.dev: (3252.64, 3990.35)
[M::mem_pestat] low and high boundaries for proper pairs: (1, 35623)
[M::mem_pestat] analyzing insert size distribution for orientation FR...
[M::mem_pestat] (25, 50, 75) percentile: (196, 251, 322)
[M::mem_pestat] low and high boundaries for computing mean and std.dev: (1, 574)
[M::mem_pestat] mean and std.dev: (262.64, 90.69)
[M::mem_pestat] low and high boundaries for proper pairs: (1, 700)
[M::mem_pestat] analyzing insert size distribution for orientation RF...
[M::mem_pestat] (25, 50, 75) percentile: (137, 250, 1257)
[M::mem_pestat] low and high boundaries for computing mean and std.dev: (1, 3497)
[M::mem_pestat] mean and std.dev: (616.17, 806.45)
[M::mem_pestat] low and high boundaries for proper pairs: (1, 4617)
[M::mem_pestat] analyzing insert size distribution for orientation RR...
[M::mem_pestat] (25, 50, 75) percentile: (159, 189, 415)
[M::mem_pestat] low and high boundaries for computing mean and std.dev: (1, 927)
[M::mem_pestat] mean and std.dev: (193.33, 121.51)
[M::mem_pestat] low and high boundaries for proper pairs: (1, 1183)
[M::mem_pestat] skip orientation FF
[M::mem_pestat] skip orientation RF
[M::mem_pestat] skip orientation RR
[M::mem_process_seqs] Processed 2830560 reads in 3174.910 CPU sec, 79.398 real sec
[M::process] read 2834514 sequences (400000108 bp)...
[M::mem_pestat] # candidate unique pairs for (FF, FR, RF, RR): (18, 735129, 73, 18)
[M::mem_pestat] analyzing insert size distribution for orientation FF...
[M::mem_pestat] (25, 50, 75) percentile: (138, 3803, 4018)
[M::mem_pestat] low and high boundaries for computing mean and std.dev: (1, 11778)
[M::mem_pestat] mean and std.dev: (2442.28, 2573.77)
[M::mem_pestat] low and high boundaries for proper pairs: (1, 15658)
[M::mem_pestat] analyzing insert size distribution for orientation FR...
[M::mem_pestat] (25, 50, 75) percentile: (195, 249, 321)
[M::mem_pestat] low and high boundaries for computing mean and std.dev: (1, 573)
[M::mem_pestat] mean and std.dev: (261.28, 90.36)
[M::mem_pestat] low and high boundaries for proper pairs: (1, 699)
[M::mem_pestat] analyzing insert size distribution for orientation RF...
[M::mem_pestat] (25, 50, 75) percentile: (223, 636, 2872)
[M::mem_pestat] low and high boundaries for computing mean and std.dev: (1, 8170)
[M::mem_pestat] mean and std.dev: (1373.99, 1775.39)
[M::mem_pestat] low and high boundaries for proper pairs: (1, 10819)
[M::mem_pestat] analyzing insert size distribution for orientation RR...
[M::mem_pestat] (25, 50, 75) percentile: (180, 986, 1957)
[M::mem_pestat] low and high boundaries for computing mean and std.dev: (1, 5511)
[M::mem_pestat] mean and std.dev: (1266.72, 1278.01)
[M::mem_pestat] low and high boundaries for proper pairs: (1, 7288)
[M::mem_pestat] skip orientation FF
[M::mem_pestat] skip orientation RF
[M::mem_pestat] skip orientation RR
[M::mem_process_seqs] Processed 2831624 reads in 3488.158 CPU sec, 87.704 real sec
[M::process] read 2815760 sequences (400000086 bp)...
[M::mem_pestat] # candidate unique pairs for (FF, FR, RF, RR): (8, 737257, 94, 14)
[M::mem_pestat] skip orientation FF as there are not enough pairs
[M::mem_pestat] analyzing insert size distribution for orientation FR...
[M::mem_pestat] (25, 50, 75) percentile: (196, 250, 322)
[M::mem_pestat] low and high boundaries for computing mean and std.dev: (1, 574)
[M::mem_pestat] mean and std.dev: (262.18, 90.76)
[M::mem_pestat] low and high boundaries for proper pairs: (1, 700)
[M::mem_pestat] analyzing insert size distribution for orientation RF...
[M::mem_pestat] (25, 50, 75) percentile: (209, 229, 1437)
[M::mem_pestat] low and high boundaries for computing mean and std.dev: (1, 3893)
[M::mem_pestat] mean and std.dev: (641.13, 838.35)
[M::mem_pestat] low and high boundaries for proper pairs: (1, 5121)
[M::mem_pestat] analyzing insert size distribution for orientation RR...
[M::mem_pestat] (25, 50, 75) percentile: (197, 318, 1999)
[M::mem_pestat] low and high boundaries for computing mean and std.dev: (1, 5603)
[M::mem_pestat] mean and std.dev: (388.27, 519.25)
[M::mem_pestat] low and high boundaries for proper pairs: (1, 7405)
[M::mem_pestat] skip orientation RF
[M::mem_pestat] skip orientation RR
[M::mem_process_seqs] Processed 2834514 reads in 3131.419 CPU sec, 78.480 real sec
[M::process] read 2793884 sequences (400000287 bp)...
[M::mem_pestat] # candidate unique pairs for (FF, FR, RF, RR): (14, 735769, 81, 20)
[M::mem_pestat] analyzing insert size distribution for orientation FF...
[M::mem_pestat] (25, 50, 75) percentile: (318, 2371, 3732)
[M::mem_pestat] low and high boundaries for computing mean and std.dev: (1, 10560)
[M::mem_pestat] mean and std.dev: (2378.64, 2195.76)
[M::mem_pestat] low and high boundaries for proper pairs: (1, 13974)
[M::mem_pestat] analyzing insert size distribution for orientation FR...
[M::mem_pestat] (25, 50, 75) percentile: (196, 250, 321)
[M::mem_pestat] low and high boundaries for computing mean and std.dev: (1, 571)
[M::mem_pestat] mean and std.dev: (261.60, 90.51)
[M::mem_pestat] low and high boundaries for proper pairs: (1, 696)
[M::mem_pestat] analyzing insert size distribution for orientation RF...
[M::mem_pestat] (25, 50, 75) percentile: (136, 227, 1142)
[M::mem_pestat] low and high boundaries for computing mean and std.dev: (1, 3154)
[M::mem_pestat] mean and std.dev: (450.56, 606.47)
[M::mem_pestat] low and high boundaries for proper pairs: (1, 4160)
[M::mem_pestat] analyzing insert size distribution for orientation RR...
[M::mem_pestat] (25, 50, 75) percentile: (260, 667, 2467)
[M::mem_pestat] low and high boundaries for computing mean and std.dev: (1, 6881)
[M::mem_pestat] mean and std.dev: (1388.75, 1367.07)
[M::mem_pestat] low and high boundaries for proper pairs: (1, 9088)
[M::mem_pestat] skip orientation FF
[M::mem_pestat] skip orientation RF
[M::mem_pestat] skip orientation RR
[M::mem_process_seqs] Processed 2815760 reads in 3045.273 CPU sec, 76.413 real sec
[M::process] read 2792612 sequences (400000103 bp)...
[M::mem_pestat] # candidate unique pairs for (FF, FR, RF, RR): (12, 733944, 78, 8)
[M::mem_pestat] analyzing insert size distribution for orientation FF...
[M::mem_pestat] (25, 50, 75) percentile: (231, 346, 2120)
[M::mem_pestat] low and high boundaries for computing mean and std.dev: (1, 5898)
[M::mem_pestat] mean and std.dev: (847.55, 1028.17)
[M::mem_pestat] low and high boundaries for proper pairs: (1, 7787)
[M::mem_pestat] analyzing insert size distribution for orientation FR...
[M::mem_pestat] (25, 50, 75) percentile: (197, 252, 323)
[M::mem_pestat] low and high boundaries for computing mean and std.dev: (1, 575)
[M::mem_pestat] mean and std.dev: (263.49, 90.82)
[M::mem_pestat] low and high boundaries for proper pairs: (1, 701)
[M::mem_pestat] analyzing insert size distribution for orientation RF...
[M::mem_pestat] (25, 50, 75) percentile: (166, 390, 1360)
[M::mem_pestat] low and high boundaries for computing mean and std.dev: (1, 3748)
[M::mem_pestat] mean and std.dev: (565.83, 660.08)
[M::mem_pestat] low and high boundaries for proper pairs: (1, 4942)
[M::mem_pestat] skip orientation RR as there are not enough pairs
[M::mem_pestat] skip orientation FF
[M::mem_pestat] skip orientation RF
[M::mem_process_seqs] Processed 2793884 reads in 3025.253 CPU sec, 75.825 real sec
[M::process] read 2789152 sequences (400000141 bp)...
[M::mem_pestat] # candidate unique pairs for (FF, FR, RF, RR): (17, 732320, 93, 22)
[M::mem_pestat] analyzing insert size distribution for orientation FF...
[M::mem_pestat] (25, 50, 75) percentile: (137, 642, 1798)
[M::mem_pestat] low and high boundaries for computing mean and std.dev: (1, 5120)
[M::mem_pestat] mean and std.dev: (810.40, 790.17)
[M::mem_pestat] low and high boundaries for proper pairs: (1, 6781)
[M::mem_pestat] analyzing insert size distribution for orientation FR...
[M::mem_pestat] (25, 50, 75) percentile: (198, 253, 324)
[M::mem_pestat] low and high boundaries for computing mean and std.dev: (1, 576)
[M::mem_pestat] mean and std.dev: (264.37, 90.89)
[M::mem_pestat] low and high boundaries for proper pairs: (1, 702)
[M::mem_pestat] analyzing insert size distribution for orientation RF...
[M::mem_pestat] (25, 50, 75) percentile: (147, 439, 1573)
[M::mem_pestat] low and high boundaries for computing mean and std.dev: (1, 4425)
[M::mem_pestat] mean and std.dev: (722.06, 891.23)
[M::mem_pestat] low and high boundaries for proper pairs: (1, 5851)
[M::mem_pestat] analyzing insert size distribution for orientation RR...
[M::mem_pestat] (25, 50, 75) percentile: (189, 595, 2685)
[M::mem_pestat] low and high boundaries for computing mean and std.dev: (1, 7677)
[M::mem_pestat] mean and std.dev: (1379.64, 1616.71)
[M::mem_pestat] low and high boundaries for proper pairs: (1, 10173)
[M::mem_pestat] skip orientation FF
[M::mem_pestat] skip orientation RF
[M::mem_pestat] skip orientation RR
[M::mem_process_seqs] Processed 2792612 reads in 3055.660 CPU sec, 76.463 real sec
[M::process] read 2798368 sequences (400000059 bp)...
[M::mem_pestat] # candidate unique pairs for (FF, FR, RF, RR): (17, 731874, 92, 10)
[M::mem_pestat] analyzing insert size distribution for orientation FF...
[M::mem_pestat] (25, 50, 75) percentile: (147, 268, 1605)
[M::mem_pestat] low and high boundaries for computing mean and std.dev: (1, 4521)
[M::mem_pestat] mean and std.dev: (743.25, 1089.32)
[M::mem_pestat] low and high boundaries for proper pairs: (1, 5979)
[M::mem_pestat] analyzing insert size distribution for orientation FR...
[M::mem_pestat] (25, 50, 75) percentile: (199, 255, 327)
[M::mem_pestat] low and high boundaries for computing mean and std.dev: (1, 583)
[M::mem_pestat] mean and std.dev: (266.31, 91.68)
[M::mem_pestat] low and high boundaries for proper pairs: (1, 711)
[M::mem_pestat] analyzing insert size distribution for orientation RF...
[M::mem_pestat] (25, 50, 75) percentile: (151, 320, 1511)
[M::mem_pestat] low and high boundaries for computing mean and std.dev: (1, 4231)
[M::mem_pestat] mean and std.dev: (610.27, 661.06)
[M::mem_pestat] low and high boundaries for proper pairs: (1, 5591)
[M::mem_pestat] analyzing insert size distribution for orientation RR...
[M::mem_pestat] (25, 50, 75) percentile: (182, 272, 2016)
[M::mem_pestat] low and high boundaries for computing mean and std.dev: (1, 5684)
[M::mem_pestat] mean and std.dev: (894.30, 961.05)
[M::mem_pestat] low and high boundaries for proper pairs: (1, 7518)
[M::mem_pestat] skip orientation FF
[M::mem_pestat] skip orientation RF
[M::mem_pestat] skip orientation RR
[M::mem_process_seqs] Processed 2789152 reads in 3030.416 CPU sec, 76.236 real sec
[M::process] read 2811458 sequences (400000143 bp)...
[M::mem_pestat] # candidate unique pairs for (FF, FR, RF, RR): (15, 728641, 86, 15)
[M::mem_pestat] analyzing insert size distribution for orientation FF...
[M::mem_pestat] (25, 50, 75) percentile: (652, 1584, 3670)
[M::mem_pestat] low and high boundaries for computing mean and std.dev: (1, 9706)
[M::mem_pestat] mean and std.dev: (2417.13, 2768.83)
[M::mem_pestat] low and high boundaries for proper pairs: (1, 13492)
[M::mem_pestat] analyzing insert size distribution for orientation FR...
[M::mem_pestat] (25, 50, 75) percentile: (201, 258, 330)
[M::mem_pestat] low and high boundaries for computing mean and std.dev: (1, 588)
[M::mem_pestat] mean and std.dev: (269.14, 91.92)
[M::mem_pestat] low and high boundaries for proper pairs: (1, 717)
[M::mem_pestat] analyzing insert size distribution for orientation RF...
[M::mem_pestat] (25, 50, 75) percentile: (128, 224, 1881)
[M::mem_pestat] low and high boundaries for computing mean and std.dev: (1, 5387)
[M::mem_pestat] mean and std.dev: (950.22, 1353.77)
[M::mem_pestat] low and high boundaries for proper pairs: (1, 7140)
[M::mem_pestat] analyzing insert size distribution for orientation RR...
[M::mem_pestat] (25, 50, 75) percentile: (202, 515, 5168)
[M::mem_pestat] low and high boundaries for computing mean and std.dev: (1, 15100)
[M::mem_pestat] mean and std.dev: (2568.13, 3044.20)
[M::mem_pestat] low and high boundaries for proper pairs: (1, 20066)
[M::mem_pestat] skip orientation FF
[M::mem_pestat] skip orientation RF
[M::mem_pestat] skip orientation RR
[M::mem_process_seqs] Processed 2798368 reads in 3144.762 CPU sec, 78.648 real sec
[M::process] read 2806526 sequences (400000218 bp)...
[M::mem_pestat] # candidate unique pairs for (FF, FR, RF, RR): (11, 729743, 107, 11)
[M::mem_pestat] analyzing insert size distribution for orientation FF...
[M::mem_pestat] (25, 50, 75) percentile: (185, 271, 3793)
[M::mem_pestat] low and high boundaries for computing mean and std.dev: (1, 11009)
[M::mem_pestat] mean and std.dev: (2585.36, 3627.74)
[M::mem_pestat] low and high boundaries for proper pairs: (1, 17096)
[M::mem_pestat] analyzing insert size distribution for orientation FR...
[M::mem_pestat] (25, 50, 75) percentile: (200, 256, 329)
[M::mem_pestat] low and high boundaries for computing mean and std.dev: (1, 587)
[M::mem_pestat] mean and std.dev: (267.53, 92.30)
[M::mem_pestat] low and high boundaries for proper pairs: (1, 716)
[M::mem_pestat] analyzing insert size distribution for orientation RF...
[M::mem_pestat] (25, 50, 75) percentile: (170, 229, 818)
[M::mem_pestat] low and high boundaries for computing mean and std.dev: (1, 2114)
[M::mem_pestat] mean and std.dev: (366.58, 400.84)
[M::mem_pestat] low and high boundaries for proper pairs: (1, 2762)
[M::mem_pestat] analyzing insert size distribution for orientation RR...
[M::mem_pestat] (25, 50, 75) percentile: (158, 1583, 3742)
[M::mem_pestat] low and high boundaries for computing mean and std.dev: (1, 10910)
[M::mem_pestat] mean and std.dev: (1862.82, 2010.03)
[M::mem_pestat] low and high boundaries for proper pairs: (1, 14494)
[M::mem_pestat] skip orientation FF
[M::mem_pestat] skip orientation RF
[M::mem_pestat] skip orientation RR
[M::mem_process_seqs] Processed 2811458 reads in 3158.281 CPU sec, 79.268 real sec
[M::process] read 2805404 sequences (400000148 bp)...
[M::mem_pestat] # candidate unique pairs for (FF, FR, RF, RR): (18, 731062, 79, 11)
[M::mem_pestat] analyzing insert size distribution for orientation FF...
[M::mem_pestat] (25, 50, 75) percentile: (196, 1366, 3244)
[M::mem_pestat] low and high boundaries for computing mean and std.dev: (1, 9340)
[M::mem_pestat] mean and std.dev: (1437.38, 1253.65)
[M::mem_pestat] low and high boundaries for proper pairs: (1, 12388)
[M::mem_pestat] analyzing insert size distribution for orientation FR...
[M::mem_pestat] (25, 50, 75) percentile: (201, 258, 331)
[M::mem_pestat] low and high boundaries for computing mean and std.dev: (1, 591)
[M::mem_pestat] mean and std.dev: (269.40, 92.94)
[M::mem_pestat] low and high boundaries for proper pairs: (1, 721)
[M::mem_pestat] analyzing insert size distribution for orientation RF...
[M::mem_pestat] (25, 50, 75) percentile: (170, 442, 1717)
[M::mem_pestat] low and high boundaries for computing mean and std.dev: (1, 4811)
[M::mem_pestat] mean and std.dev: (876.16, 1079.98)
[M::mem_pestat] low and high boundaries for proper pairs: (1, 6358)
[M::mem_pestat] analyzing insert size distribution for orientation RR...
[M::mem_pestat] (25, 50, 75) percentile: (170, 279, 1318)
[M::mem_pestat] low and high boundaries for computing mean and std.dev: (1, 3614)
[M::mem_pestat] mean and std.dev: (606.00, 911.37)
[M::mem_pestat] low and high boundaries for proper pairs: (1, 4762)
[M::mem_pestat] skip orientation FF
[M::mem_pestat] skip orientation RF
[M::mem_pestat] skip orientation RR
[M::mem_process_seqs] Processed 2806526 reads in 3081.356 CPU sec, 77.476 real sec
[M::process] read 647888 sequences (92465339 bp)...
[M::mem_pestat] # candidate unique pairs for (FF, FR, RF, RR): (6, 728438, 94, 9)
[M::mem_pestat] skip orientation FF as there are not enough pairs
[M::mem_pestat] analyzing insert size distribution for orientation FR...
[M::mem_pestat] (25, 50, 75) percentile: (201, 258, 332)
[M::mem_pestat] low and high boundaries for computing mean and std.dev: (1, 594)
[M::mem_pestat] mean and std.dev: (269.80, 93.32)
[M::mem_pestat] low and high boundaries for proper pairs: (1, 725)
[M::mem_pestat] analyzing insert size distribution for orientation RF...
[M::mem_pestat] (25, 50, 75) percentile: (223, 306, 1217)
[M::mem_pestat] low and high boundaries for computing mean and std.dev: (1, 3205)
[M::mem_pestat] mean and std.dev: (589.85, 737.98)
[M::mem_pestat] low and high boundaries for proper pairs: (1, 4199)
[M::mem_pestat] skip orientation RR as there are not enough pairs
[M::mem_pestat] skip orientation RF
[M::mem_process_seqs] Processed 2805404 reads in 3115.148 CPU sec, 78.071 real sec
[M::mem_pestat] # candidate unique pairs for (FF, FR, RF, RR): (1, 169124, 24, 2)
[M::mem_pestat] skip orientation FF as there are not enough pairs
[M::mem_pestat] analyzing insert size distribution for orientation FR...
[M::mem_pestat] (25, 50, 75) percentile: (200, 257, 331)
[M::mem_pestat] low and high boundaries for computing mean and std.dev: (1, 593)
[M::mem_pestat] mean and std.dev: (269.44, 93.40)
[M::mem_pestat] low and high boundaries for proper pairs: (1, 724)
[M::mem_pestat] analyzing insert size distribution for orientation RF...
[M::mem_pestat] (25, 50, 75) percentile: (223, 1481, 2520)
[M::mem_pestat] low and high boundaries for computing mean and std.dev: (1, 7114)
[M::mem_pestat] mean and std.dev: (1348.91, 1215.34)
[M::mem_pestat] low and high boundaries for proper pairs: (1, 9411)
[M::mem_pestat] skip orientation RR as there are not enough pairs
[M::mem_pestat] skip orientation RF
[M::mem_process_seqs] Processed 647888 reads in 751.287 CPU sec, 18.864 real sec
[main] Version: 0.7.17-r1188
[main] CMD: /home/shared/bwa-0.7.17/bwa mem -M -t 40 ../data/bwa-GCF_031168955.1_ASM3116895v1_genomic ../data/trimmed-fastqs-heatwave-genetics/MHW037_trimmed_clipped_R1_paired.fq.gz ../data/trimmed-fastqs-heatwave-genetics/MHW037_trimmed_clipped_R2_paired.fq.gz
[main] Real time: 2264.719 sec; CPU: 89781.068 sec
