[M::bwa_idx_load_from_disk] read 0 ALT contigs
[M::process] read 3032286 sequences (400000216 bp)...
[M::process] read 3028034 sequences (400000201 bp)...
[M::mem_pestat] # candidate unique pairs for (FF, FR, RF, RR): (6, 676473, 31, 3)
[M::mem_pestat] skip orientation FF as there are not enough pairs
[M::mem_pestat] analyzing insert size distribution for orientation FR...
[M::mem_pestat] (25, 50, 75) percentile: (117, 147, 180)
[M::mem_pestat] low and high boundaries for computing mean and std.dev: (1, 306)
[M::mem_pestat] mean and std.dev: (149.90, 50.03)
[M::mem_pestat] low and high boundaries for proper pairs: (1, 369)
[M::mem_pestat] analyzing insert size distribution for orientation RF...
[M::mem_pestat] (25, 50, 75) percentile: (64, 162, 1064)
[M::mem_pestat] low and high boundaries for computing mean and std.dev: (1, 3064)
[M::mem_pestat] mean and std.dev: (467.97, 687.09)
[M::mem_pestat] low and high boundaries for proper pairs: (1, 4064)
[M::mem_pestat] skip orientation RR as there are not enough pairs
[M::mem_pestat] skip orientation RF
[M::mem_process_seqs] Processed 3032286 reads in 4291.001 CPU sec, 107.621 real sec
[M::process] read 3028068 sequences (400000170 bp)...
[M::mem_pestat] # candidate unique pairs for (FF, FR, RF, RR): (2, 673983, 18, 6)
[M::mem_pestat] skip orientation FF as there are not enough pairs
[M::mem_pestat] analyzing insert size distribution for orientation FR...
[M::mem_pestat] (25, 50, 75) percentile: (117, 147, 180)
[M::mem_pestat] low and high boundaries for computing mean and std.dev: (1, 306)
[M::mem_pestat] mean and std.dev: (150.04, 50.04)
[M::mem_pestat] low and high boundaries for proper pairs: (1, 369)
[M::mem_pestat] analyzing insert size distribution for orientation RF...
[M::mem_pestat] (25, 50, 75) percentile: (68, 140, 226)
[M::mem_pestat] low and high boundaries for computing mean and std.dev: (1, 542)
[M::mem_pestat] mean and std.dev: (116.79, 69.57)
[M::mem_pestat] low and high boundaries for proper pairs: (1, 700)
[M::mem_pestat] skip orientation RR as there are not enough pairs
[M::mem_pestat] skip orientation RF
[M::mem_process_seqs] Processed 3028034 reads in 4403.199 CPU sec, 110.515 real sec
[M::process] read 3023978 sequences (400000138 bp)...
[M::mem_pestat] # candidate unique pairs for (FF, FR, RF, RR): (1, 672613, 38, 4)
[M::mem_pestat] skip orientation FF as there are not enough pairs
[M::mem_pestat] analyzing insert size distribution for orientation FR...
[M::mem_pestat] (25, 50, 75) percentile: (117, 147, 180)
[M::mem_pestat] low and high boundaries for computing mean and std.dev: (1, 306)
[M::mem_pestat] mean and std.dev: (150.20, 50.09)
[M::mem_pestat] low and high boundaries for proper pairs: (1, 369)
[M::mem_pestat] analyzing insert size distribution for orientation RF...
[M::mem_pestat] (25, 50, 75) percentile: (137, 223, 502)
[M::mem_pestat] low and high boundaries for computing mean and std.dev: (1, 1232)
[M::mem_pestat] mean and std.dev: (178.45, 94.42)
[M::mem_pestat] low and high boundaries for proper pairs: (1, 1597)
[M::mem_pestat] skip orientation RR as there are not enough pairs
[M::mem_pestat] skip orientation RF
[M::mem_process_seqs] Processed 3028068 reads in 4433.746 CPU sec, 111.521 real sec
[M::process] read 3032592 sequences (400000107 bp)...
[M::mem_pestat] # candidate unique pairs for (FF, FR, RF, RR): (5, 672412, 12, 2)
[M::mem_pestat] skip orientation FF as there are not enough pairs
[M::mem_pestat] analyzing insert size distribution for orientation FR...
[M::mem_pestat] (25, 50, 75) percentile: (117, 148, 180)
[M::mem_pestat] low and high boundaries for computing mean and std.dev: (1, 306)
[M::mem_pestat] mean and std.dev: (150.27, 50.12)
[M::mem_pestat] low and high boundaries for proper pairs: (1, 369)
[M::mem_pestat] analyzing insert size distribution for orientation RF...
[M::mem_pestat] (25, 50, 75) percentile: (23, 140, 223)
[M::mem_pestat] low and high boundaries for computing mean and std.dev: (1, 623)
[M::mem_pestat] mean and std.dev: (123.09, 138.20)
[M::mem_pestat] low and high boundaries for proper pairs: (1, 823)
[M::mem_pestat] skip orientation RR as there are not enough pairs
[M::mem_pestat] skip orientation RF
[M::mem_process_seqs] Processed 3023978 reads in 4418.793 CPU sec, 110.852 real sec
[M::process] read 3038224 sequences (400000279 bp)...
[M::mem_pestat] # candidate unique pairs for (FF, FR, RF, RR): (3, 662110, 25, 4)
[M::mem_pestat] skip orientation FF as there are not enough pairs
[M::mem_pestat] analyzing insert size distribution for orientation FR...
[M::mem_pestat] (25, 50, 75) percentile: (118, 149, 182)
[M::mem_pestat] low and high boundaries for computing mean and std.dev: (1, 310)
[M::mem_pestat] mean and std.dev: (151.83, 51.11)
[M::mem_pestat] low and high boundaries for proper pairs: (1, 374)
[M::mem_pestat] analyzing insert size distribution for orientation RF...
[M::mem_pestat] (25, 50, 75) percentile: (68, 159, 1018)
[M::mem_pestat] low and high boundaries for computing mean and std.dev: (1, 2918)
[M::mem_pestat] mean and std.dev: (468.04, 714.19)
[M::mem_pestat] low and high boundaries for proper pairs: (1, 3868)
[M::mem_pestat] skip orientation RR as there are not enough pairs
[M::mem_pestat] skip orientation RF
[M::mem_process_seqs] Processed 3032592 reads in 4472.150 CPU sec, 112.177 real sec
[M::process] read 3043978 sequences (400000030 bp)...
[M::mem_pestat] # candidate unique pairs for (FF, FR, RF, RR): (3, 662767, 34, 7)
[M::mem_pestat] skip orientation FF as there are not enough pairs
[M::mem_pestat] analyzing insert size distribution for orientation FR...
[M::mem_pestat] (25, 50, 75) percentile: (118, 148, 182)
[M::mem_pestat] low and high boundaries for computing mean and std.dev: (1, 310)
[M::mem_pestat] mean and std.dev: (151.54, 50.86)
[M::mem_pestat] low and high boundaries for proper pairs: (1, 374)
[M::mem_pestat] analyzing insert size distribution for orientation RF...
[M::mem_pestat] (25, 50, 75) percentile: (119, 223, 1847)
[M::mem_pestat] low and high boundaries for computing mean and std.dev: (1, 5303)
[M::mem_pestat] mean and std.dev: (782.61, 1334.75)
[M::mem_pestat] low and high boundaries for proper pairs: (1, 7031)
[M::mem_pestat] skip orientation RR as there are not enough pairs
[M::mem_pestat] skip orientation RF
[M::mem_process_seqs] Processed 3038224 reads in 4478.132 CPU sec, 112.087 real sec
[M::process] read 3037220 sequences (400000199 bp)...
[M::mem_pestat] # candidate unique pairs for (FF, FR, RF, RR): (4, 661938, 30, 2)
[M::mem_pestat] skip orientation FF as there are not enough pairs
[M::mem_pestat] analyzing insert size distribution for orientation FR...
[M::mem_pestat] (25, 50, 75) percentile: (118, 149, 182)
[M::mem_pestat] low and high boundaries for computing mean and std.dev: (1, 310)
[M::mem_pestat] mean and std.dev: (151.80, 51.08)
[M::mem_pestat] low and high boundaries for proper pairs: (1, 374)
[M::mem_pestat] analyzing insert size distribution for orientation RF...
[M::mem_pestat] (25, 50, 75) percentile: (105, 220, 1337)
[M::mem_pestat] low and high boundaries for computing mean and std.dev: (1, 3801)
[M::mem_pestat] mean and std.dev: (486.85, 722.52)
[M::mem_pestat] low and high boundaries for proper pairs: (1, 5033)
[M::mem_pestat] skip orientation RR as there are not enough pairs
[M::mem_pestat] skip orientation RF
[M::mem_process_seqs] Processed 3043978 reads in 4609.245 CPU sec, 115.886 real sec
[M::process] read 3026242 sequences (400000189 bp)...
[M::mem_pestat] # candidate unique pairs for (FF, FR, RF, RR): (3, 659964, 33, 5)
[M::mem_pestat] skip orientation FF as there are not enough pairs
[M::mem_pestat] analyzing insert size distribution for orientation FR...
[M::mem_pestat] (25, 50, 75) percentile: (118, 149, 182)
[M::mem_pestat] low and high boundaries for computing mean and std.dev: (1, 310)
[M::mem_pestat] mean and std.dev: (151.93, 51.23)
[M::mem_pestat] low and high boundaries for proper pairs: (1, 374)
[M::mem_pestat] analyzing insert size distribution for orientation RF...
[M::mem_pestat] (25, 50, 75) percentile: (70, 137, 431)
[M::mem_pestat] low and high boundaries for computing mean and std.dev: (1, 1153)
[M::mem_pestat] mean and std.dev: (166.81, 177.84)
[M::mem_pestat] low and high boundaries for proper pairs: (1, 1514)
[M::mem_pestat] skip orientation RR as there are not enough pairs
[M::mem_pestat] skip orientation RF
[M::mem_process_seqs] Processed 3037220 reads in 4521.416 CPU sec, 113.422 real sec
[M::process] read 3020246 sequences (400000123 bp)...
[M::mem_pestat] # candidate unique pairs for (FF, FR, RF, RR): (4, 672107, 18, 2)
[M::mem_pestat] skip orientation FF as there are not enough pairs
[M::mem_pestat] analyzing insert size distribution for orientation FR...
[M::mem_pestat] (25, 50, 75) percentile: (117, 148, 181)
[M::mem_pestat] low and high boundaries for computing mean and std.dev: (1, 309)
[M::mem_pestat] mean and std.dev: (150.67, 50.58)
[M::mem_pestat] low and high boundaries for proper pairs: (1, 373)
[M::mem_pestat] analyzing insert size distribution for orientation RF...
[M::mem_pestat] (25, 50, 75) percentile: (53, 139, 458)
[M::mem_pestat] low and high boundaries for computing mean and std.dev: (1, 1268)
[M::mem_pestat] mean and std.dev: (168.33, 159.45)
[M::mem_pestat] low and high boundaries for proper pairs: (1, 1673)
[M::mem_pestat] skip orientation RR as there are not enough pairs
[M::mem_pestat] skip orientation RF
[M::mem_process_seqs] Processed 3026242 reads in 4443.948 CPU sec, 111.294 real sec
[M::process] read 3023682 sequences (400000076 bp)...
[M::mem_pestat] # candidate unique pairs for (FF, FR, RF, RR): (4, 670127, 24, 3)
[M::mem_pestat] skip orientation FF as there are not enough pairs
[M::mem_pestat] analyzing insert size distribution for orientation FR...
[M::mem_pestat] (25, 50, 75) percentile: (118, 148, 181)
[M::mem_pestat] low and high boundaries for computing mean and std.dev: (1, 307)
[M::mem_pestat] mean and std.dev: (150.96, 50.58)
[M::mem_pestat] low and high boundaries for proper pairs: (1, 370)
[M::mem_pestat] analyzing insert size distribution for orientation RF...
[M::mem_pestat] (25, 50, 75) percentile: (18, 203, 1162)
[M::mem_pestat] low and high boundaries for computing mean and std.dev: (1, 3450)
[M::mem_pestat] mean and std.dev: (219.05, 319.44)
[M::mem_pestat] low and high boundaries for proper pairs: (1, 4594)
[M::mem_pestat] skip orientation RR as there are not enough pairs
[M::mem_pestat] skip orientation RF
[M::mem_process_seqs] Processed 3020246 reads in 4417.206 CPU sec, 111.082 real sec
[M::process] read 3021880 sequences (400000060 bp)...
[M::mem_pestat] # candidate unique pairs for (FF, FR, RF, RR): (4, 669136, 22, 0)
[M::mem_pestat] skip orientation FF as there are not enough pairs
[M::mem_pestat] analyzing insert size distribution for orientation FR...
[M::mem_pestat] (25, 50, 75) percentile: (118, 148, 181)
[M::mem_pestat] low and high boundaries for computing mean and std.dev: (1, 307)
[M::mem_pestat] mean and std.dev: (150.76, 50.46)
[M::mem_pestat] low and high boundaries for proper pairs: (1, 370)
[M::mem_pestat] analyzing insert size distribution for orientation RF...
[M::mem_pestat] (25, 50, 75) percentile: (107, 324, 1009)
[M::mem_pestat] low and high boundaries for computing mean and std.dev: (1, 2813)
[M::mem_pestat] mean and std.dev: (389.61, 571.95)
[M::mem_pestat] low and high boundaries for proper pairs: (1, 3715)
[M::mem_pestat] skip orientation RR as there are not enough pairs
[M::mem_pestat] skip orientation RF
[M::mem_process_seqs] Processed 3023682 reads in 4469.275 CPU sec, 112.158 real sec
[M::process] read 3019904 sequences (400000100 bp)...
[M::mem_pestat] # candidate unique pairs for (FF, FR, RF, RR): (4, 669801, 21, 0)
[M::mem_pestat] skip orientation FF as there are not enough pairs
[M::mem_pestat] analyzing insert size distribution for orientation FR...
[M::mem_pestat] (25, 50, 75) percentile: (118, 148, 181)
[M::mem_pestat] low and high boundaries for computing mean and std.dev: (1, 307)
[M::mem_pestat] mean and std.dev: (150.64, 50.42)
[M::mem_pestat] low and high boundaries for proper pairs: (1, 370)
[M::mem_pestat] analyzing insert size distribution for orientation RF...
[M::mem_pestat] (25, 50, 75) percentile: (32, 131, 705)
[M::mem_pestat] low and high boundaries for computing mean and std.dev: (1, 2051)
[M::mem_pestat] mean and std.dev: (304.90, 386.03)
[M::mem_pestat] low and high boundaries for proper pairs: (1, 2724)
[M::mem_pestat] skip orientation RR as there are not enough pairs
[M::mem_pestat] skip orientation RF
[M::mem_process_seqs] Processed 3021880 reads in 4459.736 CPU sec, 111.935 real sec
[M::process] read 3037442 sequences (400000008 bp)...
[M::mem_pestat] # candidate unique pairs for (FF, FR, RF, RR): (7, 663683, 19, 3)
[M::mem_pestat] skip orientation FF as there are not enough pairs
[M::mem_pestat] analyzing insert size distribution for orientation FR...
[M::mem_pestat] (25, 50, 75) percentile: (118, 149, 182)
[M::mem_pestat] low and high boundaries for computing mean and std.dev: (1, 310)
[M::mem_pestat] mean and std.dev: (151.71, 51.09)
[M::mem_pestat] low and high boundaries for proper pairs: (1, 374)
[M::mem_pestat] analyzing insert size distribution for orientation RF...
[M::mem_pestat] (25, 50, 75) percentile: (77, 140, 226)
[M::mem_pestat] low and high boundaries for computing mean and std.dev: (1, 524)
[M::mem_pestat] mean and std.dev: (106.80, 67.93)
[M::mem_pestat] low and high boundaries for proper pairs: (1, 673)
[M::mem_pestat] skip orientation RR as there are not enough pairs
[M::mem_pestat] skip orientation RF
[M::mem_process_seqs] Processed 3019904 reads in 4455.502 CPU sec, 111.765 real sec
[M::process] read 3041040 sequences (400000220 bp)...
[M::mem_pestat] # candidate unique pairs for (FF, FR, RF, RR): (3, 661985, 19, 0)
[M::mem_pestat] skip orientation FF as there are not enough pairs
[M::mem_pestat] analyzing insert size distribution for orientation FR...
[M::mem_pestat] (25, 50, 75) percentile: (118, 149, 183)
[M::mem_pestat] low and high boundaries for computing mean and std.dev: (1, 313)
[M::mem_pestat] mean and std.dev: (152.07, 51.50)
[M::mem_pestat] low and high boundaries for proper pairs: (1, 378)
[M::mem_pestat] analyzing insert size distribution for orientation RF...
[M::mem_pestat] (25, 50, 75) percentile: (257, 610, 1442)
[M::mem_pestat] low and high boundaries for computing mean and std.dev: (1, 3812)
[M::mem_pestat] mean and std.dev: (1036.84, 1040.63)
[M::mem_pestat] low and high boundaries for proper pairs: (1, 5199)
[M::mem_pestat] skip orientation RR as there are not enough pairs
[M::mem_pestat] skip orientation RF
[M::mem_process_seqs] Processed 3037442 reads in 4521.106 CPU sec, 113.439 real sec
[M::process] read 3036696 sequences (400000183 bp)...
[M::mem_pestat] # candidate unique pairs for (FF, FR, RF, RR): (2, 659932, 19, 1)
[M::mem_pestat] skip orientation FF as there are not enough pairs
[M::mem_pestat] analyzing insert size distribution for orientation FR...
[M::mem_pestat] (25, 50, 75) percentile: (118, 149, 182)
[M::mem_pestat] low and high boundaries for computing mean and std.dev: (1, 310)
[M::mem_pestat] mean and std.dev: (151.86, 51.01)
[M::mem_pestat] low and high boundaries for proper pairs: (1, 374)
[M::mem_pestat] analyzing insert size distribution for orientation RF...
[M::mem_pestat] (25, 50, 75) percentile: (75, 141, 296)
[M::mem_pestat] low and high boundaries for computing mean and std.dev: (1, 738)
[M::mem_pestat] mean and std.dev: (160.11, 136.15)
[M::mem_pestat] low and high boundaries for proper pairs: (1, 959)
[M::mem_pestat] skip orientation RR as there are not enough pairs
[M::mem_pestat] skip orientation RF
[M::mem_process_seqs] Processed 3041040 reads in 4933.923 CPU sec, 123.738 real sec
[M::process] read 3024736 sequences (400000226 bp)...
[M::mem_pestat] # candidate unique pairs for (FF, FR, RF, RR): (3, 660777, 30, 4)
[M::mem_pestat] skip orientation FF as there are not enough pairs
[M::mem_pestat] analyzing insert size distribution for orientation FR...
[M::mem_pestat] (25, 50, 75) percentile: (118, 149, 183)
[M::mem_pestat] low and high boundaries for computing mean and std.dev: (1, 313)
[M::mem_pestat] mean and std.dev: (152.19, 51.44)
[M::mem_pestat] low and high boundaries for proper pairs: (1, 378)
[M::mem_pestat] analyzing insert size distribution for orientation RF...
[M::mem_pestat] (25, 50, 75) percentile: (83, 197, 1199)
[M::mem_pestat] low and high boundaries for computing mean and std.dev: (1, 3431)
[M::mem_pestat] mean and std.dev: (417.35, 707.41)
[M::mem_pestat] low and high boundaries for proper pairs: (1, 4547)
[M::mem_pestat] skip orientation RR as there are not enough pairs
[M::mem_pestat] skip orientation RF
[M::mem_process_seqs] Processed 3036696 reads in 5153.680 CPU sec, 135.582 real sec
[M::process] read 3000418 sequences (400000037 bp)...
[M::mem_pestat] # candidate unique pairs for (FF, FR, RF, RR): (6, 660553, 21, 6)
[M::mem_pestat] skip orientation FF as there are not enough pairs
[M::mem_pestat] analyzing insert size distribution for orientation FR...
[M::mem_pestat] (25, 50, 75) percentile: (118, 149, 182)
[M::mem_pestat] low and high boundaries for computing mean and std.dev: (1, 310)
[M::mem_pestat] mean and std.dev: (151.85, 51.07)
[M::mem_pestat] low and high boundaries for proper pairs: (1, 374)
[M::mem_pestat] analyzing insert size distribution for orientation RF...
[M::mem_pestat] (25, 50, 75) percentile: (86, 251, 1326)
[M::mem_pestat] low and high boundaries for computing mean and std.dev: (1, 3806)
[M::mem_pestat] mean and std.dev: (635.95, 691.22)
[M::mem_pestat] low and high boundaries for proper pairs: (1, 5046)
[M::mem_pestat] skip orientation RR as there are not enough pairs
[M::mem_pestat] skip orientation RF
[M::mem_process_seqs] Processed 3024736 reads in 4500.826 CPU sec, 112.930 real sec
[M::process] read 2990280 sequences (400000104 bp)...
[M::mem_pestat] # candidate unique pairs for (FF, FR, RF, RR): (2, 657502, 26, 2)
[M::mem_pestat] skip orientation FF as there are not enough pairs
[M::mem_pestat] analyzing insert size distribution for orientation FR...
[M::mem_pestat] (25, 50, 75) percentile: (118, 148, 182)
[M::mem_pestat] low and high boundaries for computing mean and std.dev: (1, 310)
[M::mem_pestat] mean and std.dev: (151.57, 50.90)
[M::mem_pestat] low and high boundaries for proper pairs: (1, 374)
[M::mem_pestat] analyzing insert size distribution for orientation RF...
[M::mem_pestat] (25, 50, 75) percentile: (122, 140, 1117)
[M::mem_pestat] low and high boundaries for computing mean and std.dev: (1, 3107)
[M::mem_pestat] mean and std.dev: (691.88, 997.52)
[M::mem_pestat] low and high boundaries for proper pairs: (1, 4682)
[M::mem_pestat] skip orientation RR as there are not enough pairs
[M::mem_pestat] skip orientation RF
[M::mem_process_seqs] Processed 3000418 reads in 4509.644 CPU sec, 113.177 real sec
[M::process] read 2998746 sequences (400000045 bp)...
[M::mem_pestat] # candidate unique pairs for (FF, FR, RF, RR): (5, 648934, 22, 1)
[M::mem_pestat] skip orientation FF as there are not enough pairs
[M::mem_pestat] analyzing insert size distribution for orientation FR...
[M::mem_pestat] (25, 50, 75) percentile: (119, 149, 183)
[M::mem_pestat] low and high boundaries for computing mean and std.dev: (1, 311)
[M::mem_pestat] mean and std.dev: (152.88, 51.47)
[M::mem_pestat] low and high boundaries for proper pairs: (1, 375)
[M::mem_pestat] analyzing insert size distribution for orientation RF...
[M::mem_pestat] (25, 50, 75) percentile: (42, 253, 1376)
[M::mem_pestat] low and high boundaries for computing mean and std.dev: (1, 4044)
[M::mem_pestat] mean and std.dev: (588.80, 831.90)
[M::mem_pestat] low and high boundaries for proper pairs: (1, 5378)
[M::mem_pestat] skip orientation RR as there are not enough pairs
[M::mem_pestat] skip orientation RF
[M::mem_process_seqs] Processed 2990280 reads in 4560.439 CPU sec, 114.381 real sec
[M::process] read 3008096 sequences (400000146 bp)...
[M::mem_pestat] # candidate unique pairs for (FF, FR, RF, RR): (2, 648917, 23, 3)
[M::mem_pestat] skip orientation FF as there are not enough pairs
[M::mem_pestat] analyzing insert size distribution for orientation FR...
[M::mem_pestat] (25, 50, 75) percentile: (119, 149, 183)
[M::mem_pestat] low and high boundaries for computing mean and std.dev: (1, 311)
[M::mem_pestat] mean and std.dev: (152.51, 51.29)
[M::mem_pestat] low and high boundaries for proper pairs: (1, 375)
[M::mem_pestat] analyzing insert size distribution for orientation RF...
[M::mem_pestat] (25, 50, 75) percentile: (89, 223, 1294)
[M::mem_pestat] low and high boundaries for computing mean and std.dev: (1, 3704)
[M::mem_pestat] mean and std.dev: (489.25, 772.70)
[M::mem_pestat] low and high boundaries for proper pairs: (1, 4909)
[M::mem_pestat] skip orientation RR as there are not enough pairs
[M::mem_pestat] skip orientation RF
[M::mem_process_seqs] Processed 2998746 reads in 4653.982 CPU sec, 116.747 real sec
[M::process] read 3001284 sequences (400000298 bp)...
[M::mem_pestat] # candidate unique pairs for (FF, FR, RF, RR): (8, 649345, 29, 15)
[M::mem_pestat] skip orientation FF as there are not enough pairs
[M::mem_pestat] analyzing insert size distribution for orientation FR...
[M::mem_pestat] (25, 50, 75) percentile: (119, 149, 183)
[M::mem_pestat] low and high boundaries for computing mean and std.dev: (1, 311)
[M::mem_pestat] mean and std.dev: (152.66, 51.28)
[M::mem_pestat] low and high boundaries for proper pairs: (1, 375)
[M::mem_pestat] analyzing insert size distribution for orientation RF...
[M::mem_pestat] (25, 50, 75) percentile: (108, 200, 2978)
[M::mem_pestat] low and high boundaries for computing mean and std.dev: (1, 8718)
[M::mem_pestat] mean and std.dev: (1431.97, 2294.70)
[M::mem_pestat] low and high boundaries for proper pairs: (1, 11588)
[M::mem_pestat] analyzing insert size distribution for orientation RR...
[M::mem_pestat] (25, 50, 75) percentile: (187, 1797, 4957)
[M::mem_pestat] low and high boundaries for computing mean and std.dev: (1, 14497)
[M::mem_pestat] mean and std.dev: (3019.93, 3387.37)
[M::mem_pestat] low and high boundaries for proper pairs: (1, 19267)
[M::mem_pestat] skip orientation RF
[M::mem_pestat] skip orientation RR
[M::mem_process_seqs] Processed 3008096 reads in 4653.502 CPU sec, 116.778 real sec
[M::process] read 817066 sequences (109271897 bp)...
[M::mem_pestat] # candidate unique pairs for (FF, FR, RF, RR): (2, 646786, 42, 6)
[M::mem_pestat] skip orientation FF as there are not enough pairs
[M::mem_pestat] analyzing insert size distribution for orientation FR...
[M::mem_pestat] (25, 50, 75) percentile: (119, 149, 184)
[M::mem_pestat] low and high boundaries for computing mean and std.dev: (1, 314)
[M::mem_pestat] mean and std.dev: (153.21, 51.96)
[M::mem_pestat] low and high boundaries for proper pairs: (1, 379)
[M::mem_pestat] analyzing insert size distribution for orientation RF...
[M::mem_pestat] (25, 50, 75) percentile: (119, 552, 1875)
[M::mem_pestat] low and high boundaries for computing mean and std.dev: (1, 5387)
[M::mem_pestat] mean and std.dev: (665.61, 945.15)
[M::mem_pestat] low and high boundaries for proper pairs: (1, 7143)
[M::mem_pestat] skip orientation RR as there are not enough pairs
[M::mem_pestat] skip orientation RF
[M::mem_process_seqs] Processed 3001284 reads in 4598.392 CPU sec, 115.319 real sec
[M::mem_pestat] # candidate unique pairs for (FF, FR, RF, RR): (0, 176208, 7, 2)
[M::mem_pestat] skip orientation FF as there are not enough pairs
[M::mem_pestat] analyzing insert size distribution for orientation FR...
[M::mem_pestat] (25, 50, 75) percentile: (120, 150, 184)
[M::mem_pestat] low and high boundaries for computing mean and std.dev: (1, 312)
[M::mem_pestat] mean and std.dev: (153.46, 51.47)
[M::mem_pestat] low and high boundaries for proper pairs: (1, 376)
[M::mem_pestat] skip orientation RF as there are not enough pairs
[M::mem_pestat] skip orientation RR as there are not enough pairs
[M::mem_process_seqs] Processed 817066 reads in 1287.125 CPU sec, 32.334 real sec
[main] Version: 0.7.17-r1188
[main] CMD: /home/shared/bwa-0.7.17/bwa mem -M -t 40 ../data/bwa-GCF_031168955.1_ASM3116895v1_genomic ../data/trimmed-fastqs-heatwave-genetics/MHW099_trimmed_clipped_R1_paired.fq.gz ../data/trimmed-fastqs-heatwave-genetics/MHW099_trimmed_clipped_R2_paired.fq.gz
[main] Real time: 2555.432 sec; CPU: 101254.186 sec
