[M::bwa_idx_load_from_disk] read 0 ALT contigs
[M::process] read 2815328 sequences (400000106 bp)...
[M::process] read 2811134 sequences (400000251 bp)...
[M::mem_pestat] # candidate unique pairs for (FF, FR, RF, RR): (7, 738739, 66, 15)
[M::mem_pestat] skip orientation FF as there are not enough pairs
[M::mem_pestat] analyzing insert size distribution for orientation FR...
[M::mem_pestat] (25, 50, 75) percentile: (182, 224, 307)
[M::mem_pestat] low and high boundaries for computing mean and std.dev: (1, 557)
[M::mem_pestat] mean and std.dev: (245.87, 88.13)
[M::mem_pestat] low and high boundaries for proper pairs: (1, 682)
[M::mem_pestat] analyzing insert size distribution for orientation RF...
[M::mem_pestat] (25, 50, 75) percentile: (175, 425, 1303)
[M::mem_pestat] low and high boundaries for computing mean and std.dev: (1, 3559)
[M::mem_pestat] mean and std.dev: (658.92, 787.83)
[M::mem_pestat] low and high boundaries for proper pairs: (1, 4687)
[M::mem_pestat] analyzing insert size distribution for orientation RR...
[M::mem_pestat] (25, 50, 75) percentile: (229, 345, 1267)
[M::mem_pestat] low and high boundaries for computing mean and std.dev: (1, 3343)
[M::mem_pestat] mean and std.dev: (735.79, 889.01)
[M::mem_pestat] low and high boundaries for proper pairs: (1, 4381)
[M::mem_pestat] skip orientation RF
[M::mem_pestat] skip orientation RR
[M::mem_process_seqs] Processed 2815328 reads in 2975.262 CPU sec, 74.623 real sec
[M::process] read 2809210 sequences (400000001 bp)...
[M::mem_pestat] # candidate unique pairs for (FF, FR, RF, RR): (13, 737586, 69, 11)
[M::mem_pestat] analyzing insert size distribution for orientation FF...
[M::mem_pestat] (25, 50, 75) percentile: (187, 214, 2608)
[M::mem_pestat] low and high boundaries for computing mean and std.dev: (1, 7450)
[M::mem_pestat] mean and std.dev: (876.50, 1081.43)
[M::mem_pestat] low and high boundaries for proper pairs: (1, 9871)
[M::mem_pestat] analyzing insert size distribution for orientation FR...
[M::mem_pestat] (25, 50, 75) percentile: (182, 225, 310)
[M::mem_pestat] low and high boundaries for computing mean and std.dev: (1, 566)
[M::mem_pestat] mean and std.dev: (247.52, 89.27)
[M::mem_pestat] low and high boundaries for proper pairs: (1, 694)
[M::mem_pestat] analyzing insert size distribution for orientation RF...
[M::mem_pestat] (25, 50, 75) percentile: (115, 413, 2344)
[M::mem_pestat] low and high boundaries for computing mean and std.dev: (1, 6802)
[M::mem_pestat] mean and std.dev: (1071.34, 1463.07)
[M::mem_pestat] low and high boundaries for proper pairs: (1, 9031)
[M::mem_pestat] analyzing insert size distribution for orientation RR...
[M::mem_pestat] (25, 50, 75) percentile: (156, 189, 319)
[M::mem_pestat] low and high boundaries for computing mean and std.dev: (1, 645)
[M::mem_pestat] mean and std.dev: (205.90, 94.09)
[M::mem_pestat] low and high boundaries for proper pairs: (1, 808)
[M::mem_pestat] skip orientation FF
[M::mem_pestat] skip orientation RF
[M::mem_pestat] skip orientation RR
[M::mem_process_seqs] Processed 2811134 reads in 3069.069 CPU sec, 77.043 real sec
[M::process] read 2808862 sequences (400000185 bp)...
[M::mem_pestat] # candidate unique pairs for (FF, FR, RF, RR): (11, 733949, 85, 18)
[M::mem_pestat] analyzing insert size distribution for orientation FF...
[M::mem_pestat] (25, 50, 75) percentile: (207, 756, 2003)
[M::mem_pestat] low and high boundaries for computing mean and std.dev: (1, 5595)
[M::mem_pestat] mean and std.dev: (1031.40, 1016.64)
[M::mem_pestat] low and high boundaries for proper pairs: (1, 7391)
[M::mem_pestat] analyzing insert size distribution for orientation FR...
[M::mem_pestat] (25, 50, 75) percentile: (184, 229, 316)
[M::mem_pestat] low and high boundaries for computing mean and std.dev: (1, 580)
[M::mem_pestat] mean and std.dev: (251.31, 90.89)
[M::mem_pestat] low and high boundaries for proper pairs: (1, 712)
[M::mem_pestat] analyzing insert size distribution for orientation RF...
[M::mem_pestat] (25, 50, 75) percentile: (198, 434, 2010)
[M::mem_pestat] low and high boundaries for computing mean and std.dev: (1, 5634)
[M::mem_pestat] mean and std.dev: (1034.56, 1200.15)
[M::mem_pestat] low and high boundaries for proper pairs: (1, 7446)
[M::mem_pestat] analyzing insert size distribution for orientation RR...
[M::mem_pestat] (25, 50, 75) percentile: (164, 310, 5240)
[M::mem_pestat] low and high boundaries for computing mean and std.dev: (1, 15392)
[M::mem_pestat] mean and std.dev: (2606.33, 3451.31)
[M::mem_pestat] low and high boundaries for proper pairs: (1, 20468)
[M::mem_pestat] skip orientation FF
[M::mem_pestat] skip orientation RF
[M::mem_pestat] skip orientation RR
[M::mem_process_seqs] Processed 2809210 reads in 3098.572 CPU sec, 77.787 real sec
[M::process] read 2805028 sequences (400000068 bp)...
[M::mem_pestat] # candidate unique pairs for (FF, FR, RF, RR): (9, 733272, 67, 21)
[M::mem_pestat] skip orientation FF as there are not enough pairs
[M::mem_pestat] analyzing insert size distribution for orientation FR...
[M::mem_pestat] (25, 50, 75) percentile: (186, 231, 320)
[M::mem_pestat] low and high boundaries for computing mean and std.dev: (1, 588)
[M::mem_pestat] mean and std.dev: (254.03, 92.04)
[M::mem_pestat] low and high boundaries for proper pairs: (1, 722)
[M::mem_pestat] analyzing insert size distribution for orientation RF...
[M::mem_pestat] (25, 50, 75) percentile: (223, 465, 2162)
[M::mem_pestat] low and high boundaries for computing mean and std.dev: (1, 6040)
[M::mem_pestat] mean and std.dev: (1056.65, 1372.58)
[M::mem_pestat] low and high boundaries for proper pairs: (1, 7979)
[M::mem_pestat] analyzing insert size distribution for orientation RR...
[M::mem_pestat] (25, 50, 75) percentile: (169, 251, 3457)
[M::mem_pestat] low and high boundaries for computing mean and std.dev: (1, 10033)
[M::mem_pestat] mean and std.dev: (1738.24, 2524.85)
[M::mem_pestat] low and high boundaries for proper pairs: (1, 13321)
[M::mem_pestat] skip orientation RF
[M::mem_pestat] skip orientation RR
[M::mem_process_seqs] Processed 2808862 reads in 3113.366 CPU sec, 78.091 real sec
[M::process] read 2828648 sequences (400000135 bp)...
[M::mem_pestat] # candidate unique pairs for (FF, FR, RF, RR): (21, 734903, 58, 12)
[M::mem_pestat] analyzing insert size distribution for orientation FF...
[M::mem_pestat] (25, 50, 75) percentile: (155, 238, 2495)
[M::mem_pestat] low and high boundaries for computing mean and std.dev: (1, 7175)
[M::mem_pestat] mean and std.dev: (891.00, 1307.75)
[M::mem_pestat] low and high boundaries for proper pairs: (1, 9515)
[M::mem_pestat] analyzing insert size distribution for orientation FR...
[M::mem_pestat] (25, 50, 75) percentile: (183, 227, 313)
[M::mem_pestat] low and high boundaries for computing mean and std.dev: (1, 573)
[M::mem_pestat] mean and std.dev: (249.41, 90.10)
[M::mem_pestat] low and high boundaries for proper pairs: (1, 703)
[M::mem_pestat] analyzing insert size distribution for orientation RF...
[M::mem_pestat] (25, 50, 75) percentile: (186, 666, 2801)
[M::mem_pestat] low and high boundaries for computing mean and std.dev: (1, 8031)
[M::mem_pestat] mean and std.dev: (1527.90, 1997.28)
[M::mem_pestat] low and high boundaries for proper pairs: (1, 10646)
[M::mem_pestat] analyzing insert size distribution for orientation RR...
[M::mem_pestat] (25, 50, 75) percentile: (162, 809, 1802)
[M::mem_pestat] low and high boundaries for computing mean and std.dev: (1, 5082)
[M::mem_pestat] mean and std.dev: (577.70, 519.52)
[M::mem_pestat] low and high boundaries for proper pairs: (1, 6722)
[M::mem_pestat] skip orientation FF
[M::mem_pestat] skip orientation RF
[M::mem_pestat] skip orientation RR
[M::mem_process_seqs] Processed 2805028 reads in 3096.343 CPU sec, 77.827 real sec
[M::process] read 2829470 sequences (400000118 bp)...
[M::mem_pestat] # candidate unique pairs for (FF, FR, RF, RR): (9, 731948, 66, 9)
[M::mem_pestat] skip orientation FF as there are not enough pairs
[M::mem_pestat] analyzing insert size distribution for orientation FR...
[M::mem_pestat] (25, 50, 75) percentile: (185, 231, 320)
[M::mem_pestat] low and high boundaries for computing mean and std.dev: (1, 590)
[M::mem_pestat] mean and std.dev: (253.89, 91.99)
[M::mem_pestat] low and high boundaries for proper pairs: (1, 725)
[M::mem_pestat] analyzing insert size distribution for orientation RF...
[M::mem_pestat] (25, 50, 75) percentile: (150, 426, 1587)
[M::mem_pestat] low and high boundaries for computing mean and std.dev: (1, 4461)
[M::mem_pestat] mean and std.dev: (855.47, 1053.29)
[M::mem_pestat] low and high boundaries for proper pairs: (1, 5898)
[M::mem_pestat] skip orientation RR as there are not enough pairs
[M::mem_pestat] skip orientation RF
[M::mem_process_seqs] Processed 2828648 reads in 3127.162 CPU sec, 78.447 real sec
[M::process] read 2831632 sequences (400000151 bp)...
[M::mem_pestat] # candidate unique pairs for (FF, FR, RF, RR): (10, 732487, 87, 12)
[M::mem_pestat] analyzing insert size distribution for orientation FF...
[M::mem_pestat] (25, 50, 75) percentile: (356, 1543, 2340)
[M::mem_pestat] low and high boundaries for computing mean and std.dev: (1, 6308)
[M::mem_pestat] mean and std.dev: (1641.60, 1590.42)
[M::mem_pestat] low and high boundaries for proper pairs: (1, 8292)
[M::mem_pestat] analyzing insert size distribution for orientation FR...
[M::mem_pestat] (25, 50, 75) percentile: (186, 232, 321)
[M::mem_pestat] low and high boundaries for computing mean and std.dev: (1, 591)
[M::mem_pestat] mean and std.dev: (254.52, 92.27)
[M::mem_pestat] low and high boundaries for proper pairs: (1, 726)
[M::mem_pestat] analyzing insert size distribution for orientation RF...
[M::mem_pestat] (25, 50, 75) percentile: (130, 224, 1608)
[M::mem_pestat] low and high boundaries for computing mean and std.dev: (1, 4564)
[M::mem_pestat] mean and std.dev: (658.94, 959.12)
[M::mem_pestat] low and high boundaries for proper pairs: (1, 6042)
[M::mem_pestat] analyzing insert size distribution for orientation RR...
[M::mem_pestat] (25, 50, 75) percentile: (2551, 3243, 3367)
[M::mem_pestat] low and high boundaries for computing mean and std.dev: (919, 4999)
[M::mem_pestat] mean and std.dev: (3094.30, 535.62)
[M::mem_pestat] low and high boundaries for proper pairs: (103, 5815)
[M::mem_pestat] skip orientation FF
[M::mem_pestat] skip orientation RF
[M::mem_pestat] skip orientation RR
[M::mem_process_seqs] Processed 2829470 reads in 3138.256 CPU sec, 78.494 real sec
[M::process] read 2831442 sequences (400000138 bp)...
[M::mem_pestat] # candidate unique pairs for (FF, FR, RF, RR): (18, 731261, 66, 14)
[M::mem_pestat] analyzing insert size distribution for orientation FF...
[M::mem_pestat] (25, 50, 75) percentile: (297, 1904, 2910)
[M::mem_pestat] low and high boundaries for computing mean and std.dev: (1, 8136)
[M::mem_pestat] mean and std.dev: (1550.39, 1377.57)
[M::mem_pestat] low and high boundaries for proper pairs: (1, 10749)
[M::mem_pestat] analyzing insert size distribution for orientation FR...
[M::mem_pestat] (25, 50, 75) percentile: (186, 234, 325)
[M::mem_pestat] low and high boundaries for computing mean and std.dev: (1, 603)
[M::mem_pestat] mean and std.dev: (256.77, 93.48)
[M::mem_pestat] low and high boundaries for proper pairs: (1, 742)
[M::mem_pestat] analyzing insert size distribution for orientation RF...
[M::mem_pestat] (25, 50, 75) percentile: (147, 473, 2003)
[M::mem_pestat] low and high boundaries for computing mean and std.dev: (1, 5715)
[M::mem_pestat] mean and std.dev: (1079.10, 1477.02)
[M::mem_pestat] low and high boundaries for proper pairs: (1, 7571)
[M::mem_pestat] analyzing insert size distribution for orientation RR...
[M::mem_pestat] (25, 50, 75) percentile: (242, 951, 6474)
[M::mem_pestat] low and high boundaries for computing mean and std.dev: (1, 18938)
[M::mem_pestat] mean and std.dev: (3315.36, 3847.43)
[M::mem_pestat] low and high boundaries for proper pairs: (1, 25170)
[M::mem_pestat] skip orientation FF
[M::mem_pestat] skip orientation RF
[M::mem_pestat] skip orientation RR
[M::mem_process_seqs] Processed 2831632 reads in 3136.197 CPU sec, 78.806 real sec
[M::process] read 2829592 sequences (400000169 bp)...
[M::mem_pestat] # candidate unique pairs for (FF, FR, RF, RR): (11, 729782, 62, 8)
[M::mem_pestat] analyzing insert size distribution for orientation FF...
[M::mem_pestat] (25, 50, 75) percentile: (1871, 1871, 2964)
[M::mem_pestat] low and high boundaries for computing mean and std.dev: (1, 5150)
[M::mem_pestat] mean and std.dev: (1940.80, 922.83)
[M::mem_pestat] low and high boundaries for proper pairs: (1, 6243)
[M::mem_pestat] analyzing insert size distribution for orientation FR...
[M::mem_pestat] (25, 50, 75) percentile: (186, 233, 323)
[M::mem_pestat] low and high boundaries for computing mean and std.dev: (1, 597)
[M::mem_pestat] mean and std.dev: (256.01, 93.08)
[M::mem_pestat] low and high boundaries for proper pairs: (1, 734)
[M::mem_pestat] analyzing insert size distribution for orientation RF...
[M::mem_pestat] (25, 50, 75) percentile: (148, 292, 1129)
[M::mem_pestat] low and high boundaries for computing mean and std.dev: (1, 3091)
[M::mem_pestat] mean and std.dev: (547.95, 687.54)
[M::mem_pestat] low and high boundaries for proper pairs: (1, 4072)
[M::mem_pestat] skip orientation RR as there are not enough pairs
[M::mem_pestat] skip orientation FF
[M::mem_pestat] skip orientation RF
[M::mem_process_seqs] Processed 2831442 reads in 3214.033 CPU sec, 80.620 real sec
[M::process] read 2812650 sequences (400000083 bp)...
[M::mem_pestat] # candidate unique pairs for (FF, FR, RF, RR): (10, 732015, 74, 14)
[M::mem_pestat] analyzing insert size distribution for orientation FF...
[M::mem_pestat] (25, 50, 75) percentile: (136, 283, 1700)
[M::mem_pestat] low and high boundaries for computing mean and std.dev: (1, 4828)
[M::mem_pestat] mean and std.dev: (1003.90, 1290.67)
[M::mem_pestat] low and high boundaries for proper pairs: (1, 6392)
[M::mem_pestat] analyzing insert size distribution for orientation FR...
[M::mem_pestat] (25, 50, 75) percentile: (186, 233, 322)
[M::mem_pestat] low and high boundaries for computing mean and std.dev: (1, 594)
[M::mem_pestat] mean and std.dev: (255.25, 92.73)
[M::mem_pestat] low and high boundaries for proper pairs: (1, 730)
[M::mem_pestat] analyzing insert size distribution for orientation RF...
[M::mem_pestat] (25, 50, 75) percentile: (221, 418, 2428)
[M::mem_pestat] low and high boundaries for computing mean and std.dev: (1, 6842)
[M::mem_pestat] mean and std.dev: (1472.21, 2010.11)
[M::mem_pestat] low and high boundaries for proper pairs: (1, 9513)
[M::mem_pestat] analyzing insert size distribution for orientation RR...
[M::mem_pestat] (25, 50, 75) percentile: (310, 467, 1668)
[M::mem_pestat] low and high boundaries for computing mean and std.dev: (1, 4384)
[M::mem_pestat] mean and std.dev: (848.42, 934.58)
[M::mem_pestat] low and high boundaries for proper pairs: (1, 5742)
[M::mem_pestat] skip orientation FF
[M::mem_pestat] skip orientation RF
[M::mem_pestat] skip orientation RR
[M::mem_process_seqs] Processed 2829592 reads in 3195.676 CPU sec, 79.920 real sec
[M::process] read 2807940 sequences (400000198 bp)...
[M::mem_pestat] # candidate unique pairs for (FF, FR, RF, RR): (21, 734348, 70, 7)
[M::mem_pestat] analyzing insert size distribution for orientation FF...
[M::mem_pestat] (25, 50, 75) percentile: (205, 328, 3938)
[M::mem_pestat] low and high boundaries for computing mean and std.dev: (1, 11404)
[M::mem_pestat] mean and std.dev: (1619.76, 2421.25)
[M::mem_pestat] low and high boundaries for proper pairs: (1, 15137)
[M::mem_pestat] analyzing insert size distribution for orientation FR...
[M::mem_pestat] (25, 50, 75) percentile: (184, 228, 316)
[M::mem_pestat] low and high boundaries for computing mean and std.dev: (1, 580)
[M::mem_pestat] mean and std.dev: (250.74, 91.21)
[M::mem_pestat] low and high boundaries for proper pairs: (1, 712)
[M::mem_pestat] analyzing insert size distribution for orientation RF...
[M::mem_pestat] (25, 50, 75) percentile: (154, 412, 3096)
[M::mem_pestat] low and high boundaries for computing mean and std.dev: (1, 8980)
[M::mem_pestat] mean and std.dev: (1750.30, 2264.29)
[M::mem_pestat] low and high boundaries for proper pairs: (1, 11922)
[M::mem_pestat] skip orientation RR as there are not enough pairs
[M::mem_pestat] skip orientation FF
[M::mem_pestat] skip orientation RF
[M::mem_process_seqs] Processed 2812650 reads in 3133.615 CPU sec, 78.746 real sec
[M::process] read 2809226 sequences (400000170 bp)...
[M::mem_pestat] # candidate unique pairs for (FF, FR, RF, RR): (16, 733052, 84, 8)
[M::mem_pestat] analyzing insert size distribution for orientation FF...
[M::mem_pestat] (25, 50, 75) percentile: (48, 293, 4301)
[M::mem_pestat] low and high boundaries for computing mean and std.dev: (1, 12807)
[M::mem_pestat] mean and std.dev: (1709.69, 2221.60)
[M::mem_pestat] low and high boundaries for proper pairs: (1, 17060)
[M::mem_pestat] analyzing insert size distribution for orientation FR...
[M::mem_pestat] (25, 50, 75) percentile: (185, 231, 319)
[M::mem_pestat] low and high boundaries for computing mean and std.dev: (1, 587)
[M::mem_pestat] mean and std.dev: (253.17, 91.77)
[M::mem_pestat] low and high boundaries for proper pairs: (1, 721)
[M::mem_pestat] analyzing insert size distribution for orientation RF...
[M::mem_pestat] (25, 50, 75) percentile: (223, 657, 2083)
[M::mem_pestat] low and high boundaries for computing mean and std.dev: (1, 5803)
[M::mem_pestat] mean and std.dev: (1004.72, 1153.48)
[M::mem_pestat] low and high boundaries for proper pairs: (1, 7663)
[M::mem_pestat] skip orientation RR as there are not enough pairs
[M::mem_pestat] skip orientation FF
[M::mem_pestat] skip orientation RF
[M::mem_process_seqs] Processed 2807940 reads in 3139.030 CPU sec, 78.505 real sec
[M::process] read 2810214 sequences (400000214 bp)...
[M::mem_pestat] # candidate unique pairs for (FF, FR, RF, RR): (9, 733985, 78, 15)
[M::mem_pestat] skip orientation FF as there are not enough pairs
[M::mem_pestat] analyzing insert size distribution for orientation FR...
[M::mem_pestat] (25, 50, 75) percentile: (185, 229, 317)
[M::mem_pestat] low and high boundaries for computing mean and std.dev: (1, 581)
[M::mem_pestat] mean and std.dev: (252.11, 91.28)
[M::mem_pestat] low and high boundaries for proper pairs: (1, 713)
[M::mem_pestat] analyzing insert size distribution for orientation RF...
[M::mem_pestat] (25, 50, 75) percentile: (204, 286, 2960)
[M::mem_pestat] low and high boundaries for computing mean and std.dev: (1, 8472)
[M::mem_pestat] mean and std.dev: (1627.37, 2292.55)
[M::mem_pestat] low and high boundaries for proper pairs: (1, 11228)
[M::mem_pestat] analyzing insert size distribution for orientation RR...
[M::mem_pestat] (25, 50, 75) percentile: (1913, 2144, 4126)
[M::mem_pestat] low and high boundaries for computing mean and std.dev: (1, 8552)
[M::mem_pestat] mean and std.dev: (2508.93, 1963.06)
[M::mem_pestat] low and high boundaries for proper pairs: (1, 10765)
[M::mem_pestat] skip orientation RF
[M::mem_pestat] skip orientation RR
[M::mem_process_seqs] Processed 2809226 reads in 3128.181 CPU sec, 78.624 real sec
[M::process] read 2808744 sequences (400000161 bp)...
[M::mem_pestat] # candidate unique pairs for (FF, FR, RF, RR): (7, 736974, 82, 17)
[M::mem_pestat] skip orientation FF as there are not enough pairs
[M::mem_pestat] analyzing insert size distribution for orientation FR...
[M::mem_pestat] (25, 50, 75) percentile: (183, 226, 312)
[M::mem_pestat] low and high boundaries for computing mean and std.dev: (1, 570)
[M::mem_pestat] mean and std.dev: (248.84, 89.94)
[M::mem_pestat] low and high boundaries for proper pairs: (1, 699)
[M::mem_pestat] analyzing insert size distribution for orientation RF...
[M::mem_pestat] (25, 50, 75) percentile: (223, 831, 1866)
[M::mem_pestat] low and high boundaries for computing mean and std.dev: (1, 5152)
[M::mem_pestat] mean and std.dev: (962.68, 1030.65)
[M::mem_pestat] low and high boundaries for proper pairs: (1, 6795)
[M::mem_pestat] analyzing insert size distribution for orientation RR...
[M::mem_pestat] (25, 50, 75) percentile: (755, 1932, 2440)
[M::mem_pestat] low and high boundaries for computing mean and std.dev: (1, 5810)
[M::mem_pestat] mean and std.dev: (1741.76, 1428.73)
[M::mem_pestat] low and high boundaries for proper pairs: (1, 7495)
[M::mem_pestat] skip orientation RF
[M::mem_pestat] skip orientation RR
[M::mem_process_seqs] Processed 2810214 reads in 3112.753 CPU sec, 78.032 real sec
[M::process] read 2813024 sequences (400000002 bp)...
[M::mem_pestat] # candidate unique pairs for (FF, FR, RF, RR): (19, 734044, 73, 10)
[M::mem_pestat] analyzing insert size distribution for orientation FF...
[M::mem_pestat] (25, 50, 75) percentile: (237, 512, 2649)
[M::mem_pestat] low and high boundaries for computing mean and std.dev: (1, 7473)
[M::mem_pestat] mean and std.dev: (1586.63, 1977.08)
[M::mem_pestat] low and high boundaries for proper pairs: (1, 9885)
[M::mem_pestat] analyzing insert size distribution for orientation FR...
[M::mem_pestat] (25, 50, 75) percentile: (183, 227, 313)
[M::mem_pestat] low and high boundaries for computing mean and std.dev: (1, 573)
[M::mem_pestat] mean and std.dev: (249.74, 90.38)
[M::mem_pestat] low and high boundaries for proper pairs: (1, 703)
[M::mem_pestat] analyzing insert size distribution for orientation RF...
[M::mem_pestat] (25, 50, 75) percentile: (133, 360, 1224)
[M::mem_pestat] low and high boundaries for computing mean and std.dev: (1, 3406)
[M::mem_pestat] mean and std.dev: (593.23, 799.79)
[M::mem_pestat] low and high boundaries for proper pairs: (1, 4497)
[M::mem_pestat] analyzing insert size distribution for orientation RR...
[M::mem_pestat] (25, 50, 75) percentile: (283, 1398, 3398)
[M::mem_pestat] low and high boundaries for computing mean and std.dev: (1, 9628)
[M::mem_pestat] mean and std.dev: (1691.60, 1782.44)
[M::mem_pestat] low and high boundaries for proper pairs: (1, 12743)
[M::mem_pestat] skip orientation FF
[M::mem_pestat] skip orientation RF
[M::mem_pestat] skip orientation RR
[M::mem_process_seqs] Processed 2808744 reads in 3134.401 CPU sec, 78.570 real sec
[M::process] read 2829450 sequences (400000123 bp)...
[M::mem_pestat] # candidate unique pairs for (FF, FR, RF, RR): (8, 730848, 71, 19)
[M::mem_pestat] skip orientation FF as there are not enough pairs
[M::mem_pestat] analyzing insert size distribution for orientation FR...
[M::mem_pestat] (25, 50, 75) percentile: (187, 235, 324)
[M::mem_pestat] low and high boundaries for computing mean and std.dev: (1, 598)
[M::mem_pestat] mean and std.dev: (256.81, 93.04)
[M::mem_pestat] low and high boundaries for proper pairs: (1, 735)
[M::mem_pestat] analyzing insert size distribution for orientation RF...
[M::mem_pestat] (25, 50, 75) percentile: (198, 512, 3169)
[M::mem_pestat] low and high boundaries for computing mean and std.dev: (1, 9111)
[M::mem_pestat] mean and std.dev: (1724.75, 2124.59)
[M::mem_pestat] low and high boundaries for proper pairs: (1, 12082)
[M::mem_pestat] analyzing insert size distribution for orientation RR...
[M::mem_pestat] (25, 50, 75) percentile: (126, 190, 1587)
[M::mem_pestat] low and high boundaries for computing mean and std.dev: (1, 4509)
[M::mem_pestat] mean and std.dev: (445.62, 804.46)
[M::mem_pestat] low and high boundaries for proper pairs: (1, 5970)
[M::mem_pestat] skip orientation RF
[M::mem_pestat] skip orientation RR
[M::mem_process_seqs] Processed 2813024 reads in 3158.999 CPU sec, 79.187 real sec
[M::process] read 2832176 sequences (400000175 bp)...
[M::mem_pestat] # candidate unique pairs for (FF, FR, RF, RR): (16, 730555, 73, 10)
[M::mem_pestat] analyzing insert size distribution for orientation FF...
[M::mem_pestat] (25, 50, 75) percentile: (207, 539, 3897)
[M::mem_pestat] low and high boundaries for computing mean and std.dev: (1, 11277)
[M::mem_pestat] mean and std.dev: (2238.81, 3146.13)
[M::mem_pestat] low and high boundaries for proper pairs: (1, 14967)
[M::mem_pestat] analyzing insert size distribution for orientation FR...
[M::mem_pestat] (25, 50, 75) percentile: (186, 234, 324)
[M::mem_pestat] low and high boundaries for computing mean and std.dev: (1, 600)
[M::mem_pestat] mean and std.dev: (256.43, 93.40)
[M::mem_pestat] low and high boundaries for proper pairs: (1, 738)
[M::mem_pestat] analyzing insert size distribution for orientation RF...
[M::mem_pestat] (25, 50, 75) percentile: (190, 447, 2134)
[M::mem_pestat] low and high boundaries for computing mean and std.dev: (1, 6022)
[M::mem_pestat] mean and std.dev: (960.96, 1252.20)
[M::mem_pestat] low and high boundaries for proper pairs: (1, 7966)
[M::mem_pestat] analyzing insert size distribution for orientation RR...
[M::mem_pestat] (25, 50, 75) percentile: (286, 2325, 4474)
[M::mem_pestat] low and high boundaries for computing mean and std.dev: (1, 12850)
[M::mem_pestat] mean and std.dev: (2300.10, 1834.81)
[M::mem_pestat] low and high boundaries for proper pairs: (1, 17038)
[M::mem_pestat] skip orientation FF
[M::mem_pestat] skip orientation RF
[M::mem_pestat] skip orientation RR
[M::mem_process_seqs] Processed 2829450 reads in 3169.134 CPU sec, 79.504 real sec
[M::process] read 2833766 sequences (400000169 bp)...
[M::mem_pestat] # candidate unique pairs for (FF, FR, RF, RR): (21, 731445, 73, 13)
[M::mem_pestat] analyzing insert size distribution for orientation FF...
[M::mem_pestat] (25, 50, 75) percentile: (356, 1933, 4301)
[M::mem_pestat] low and high boundaries for computing mean and std.dev: (1, 12191)
[M::mem_pestat] mean and std.dev: (2821.00, 2699.80)
[M::mem_pestat] low and high boundaries for proper pairs: (1, 16136)
[M::mem_pestat] analyzing insert size distribution for orientation FR...
[M::mem_pestat] (25, 50, 75) percentile: (186, 233, 323)
[M::mem_pestat] low and high boundaries for computing mean and std.dev: (1, 597)
[M::mem_pestat] mean and std.dev: (255.65, 93.03)
[M::mem_pestat] low and high boundaries for proper pairs: (1, 734)
[M::mem_pestat] analyzing insert size distribution for orientation RF...
[M::mem_pestat] (25, 50, 75) percentile: (223, 945, 2482)
[M::mem_pestat] low and high boundaries for computing mean and std.dev: (1, 7000)
[M::mem_pestat] mean and std.dev: (1581.72, 1837.47)
[M::mem_pestat] low and high boundaries for proper pairs: (1, 9259)
[M::mem_pestat] analyzing insert size distribution for orientation RR...
[M::mem_pestat] (25, 50, 75) percentile: (269, 585, 3835)
[M::mem_pestat] low and high boundaries for computing mean and std.dev: (1, 10967)
[M::mem_pestat] mean and std.dev: (1572.69, 1984.82)
[M::mem_pestat] low and high boundaries for proper pairs: (1, 14533)
[M::mem_pestat] skip orientation FF
[M::mem_pestat] skip orientation RF
[M::mem_pestat] skip orientation RR
[M::mem_process_seqs] Processed 2832176 reads in 3567.268 CPU sec, 94.422 real sec
[M::process] read 2833834 sequences (400000142 bp)...
[M::mem_pestat] # candidate unique pairs for (FF, FR, RF, RR): (7, 732178, 60, 11)
[M::mem_pestat] skip orientation FF as there are not enough pairs
[M::mem_pestat] analyzing insert size distribution for orientation FR...
[M::mem_pestat] (25, 50, 75) percentile: (186, 233, 324)
[M::mem_pestat] low and high boundaries for computing mean and std.dev: (1, 600)
[M::mem_pestat] mean and std.dev: (255.96, 93.15)
[M::mem_pestat] low and high boundaries for proper pairs: (1, 738)
[M::mem_pestat] analyzing insert size distribution for orientation RF...
[M::mem_pestat] (25, 50, 75) percentile: (201, 384, 1775)
[M::mem_pestat] low and high boundaries for computing mean and std.dev: (1, 4923)
[M::mem_pestat] mean and std.dev: (867.38, 1211.67)
[M::mem_pestat] low and high boundaries for proper pairs: (1, 6497)
[M::mem_pestat] analyzing insert size distribution for orientation RR...
[M::mem_pestat] (25, 50, 75) percentile: (237, 243, 1891)
[M::mem_pestat] low and high boundaries for computing mean and std.dev: (1, 5199)
[M::mem_pestat] mean and std.dev: (1151.09, 1152.68)
[M::mem_pestat] low and high boundaries for proper pairs: (1, 6853)
[M::mem_pestat] skip orientation RF
[M::mem_pestat] skip orientation RR
[M::mem_process_seqs] Processed 2833766 reads in 3644.086 CPU sec, 91.344 real sec
[M::process] read 2819560 sequences (400000199 bp)...
[M::mem_pestat] # candidate unique pairs for (FF, FR, RF, RR): (10, 731984, 63, 12)
[M::mem_pestat] analyzing insert size distribution for orientation FF...
[M::mem_pestat] (25, 50, 75) percentile: (145, 198, 244)
[M::mem_pestat] low and high boundaries for computing mean and std.dev: (1, 442)
[M::mem_pestat] mean and std.dev: (168.50, 46.04)
[M::mem_pestat] low and high boundaries for proper pairs: (1, 541)
[M::mem_pestat] analyzing insert size distribution for orientation FR...
[M::mem_pestat] (25, 50, 75) percentile: (186, 233, 324)
[M::mem_pestat] low and high boundaries for computing mean and std.dev: (1, 600)
[M::mem_pestat] mean and std.dev: (256.25, 93.34)
[M::mem_pestat] low and high boundaries for proper pairs: (1, 738)
[M::mem_pestat] analyzing insert size distribution for orientation RF...
[M::mem_pestat] (25, 50, 75) percentile: (132, 364, 1795)
[M::mem_pestat] low and high boundaries for computing mean and std.dev: (1, 5121)
[M::mem_pestat] mean and std.dev: (934.13, 1057.15)
[M::mem_pestat] low and high boundaries for proper pairs: (1, 6784)
[M::mem_pestat] analyzing insert size distribution for orientation RR...
[M::mem_pestat] (25, 50, 75) percentile: (221, 750, 775)
[M::mem_pestat] low and high boundaries for computing mean and std.dev: (1, 1883)
[M::mem_pestat] mean and std.dev: (459.00, 274.42)
[M::mem_pestat] low and high boundaries for proper pairs: (1, 2437)
[M::mem_pestat] skip orientation FF
[M::mem_pestat] skip orientation RF
[M::mem_pestat] skip orientation RR
[M::mem_process_seqs] Processed 2833834 reads in 3272.654 CPU sec, 82.089 real sec
[M::process] read 2796918 sequences (400000041 bp)...
[M::mem_pestat] # candidate unique pairs for (FF, FR, RF, RR): (15, 730308, 72, 11)
[M::mem_pestat] analyzing insert size distribution for orientation FF...
[M::mem_pestat] (25, 50, 75) percentile: (196, 1895, 2482)
[M::mem_pestat] low and high boundaries for computing mean and std.dev: (1, 7054)
[M::mem_pestat] mean and std.dev: (1673.80, 1643.97)
[M::mem_pestat] low and high boundaries for proper pairs: (1, 9340)
[M::mem_pestat] analyzing insert size distribution for orientation FR...
[M::mem_pestat] (25, 50, 75) percentile: (186, 234, 324)
[M::mem_pestat] low and high boundaries for computing mean and std.dev: (1, 600)
[M::mem_pestat] mean and std.dev: (256.40, 93.24)
[M::mem_pestat] low and high boundaries for proper pairs: (1, 738)
[M::mem_pestat] analyzing insert size distribution for orientation RF...
[M::mem_pestat] (25, 50, 75) percentile: (158, 377, 2439)
[M::mem_pestat] low and high boundaries for computing mean and std.dev: (1, 7001)
[M::mem_pestat] mean and std.dev: (1183.23, 1674.18)
[M::mem_pestat] low and high boundaries for proper pairs: (1, 9282)
[M::mem_pestat] analyzing insert size distribution for orientation RR...
[M::mem_pestat] (25, 50, 75) percentile: (246, 250, 366)
[M::mem_pestat] low and high boundaries for computing mean and std.dev: (6, 606)
[M::mem_pestat] mean and std.dev: (265.09, 81.27)
[M::mem_pestat] low and high boundaries for proper pairs: (1, 726)
[M::mem_pestat] skip orientation FF
[M::mem_pestat] skip orientation RF
[M::mem_pestat] skip orientation RR
[M::mem_process_seqs] Processed 2819560 reads in 3166.668 CPU sec, 79.654 real sec
[M::process] read 2795180 sequences (400000214 bp)...
[M::mem_pestat] # candidate unique pairs for (FF, FR, RF, RR): (9, 729042, 83, 8)
[M::mem_pestat] skip orientation FF as there are not enough pairs
[M::mem_pestat] analyzing insert size distribution for orientation FR...
[M::mem_pestat] (25, 50, 75) percentile: (187, 234, 325)
[M::mem_pestat] low and high boundaries for computing mean and std.dev: (1, 601)
[M::mem_pestat] mean and std.dev: (256.92, 93.27)
[M::mem_pestat] low and high boundaries for proper pairs: (1, 739)
[M::mem_pestat] analyzing insert size distribution for orientation RF...
[M::mem_pestat] (25, 50, 75) percentile: (178, 353, 1415)
[M::mem_pestat] low and high boundaries for computing mean and std.dev: (1, 3889)
[M::mem_pestat] mean and std.dev: (676.70, 831.09)
[M::mem_pestat] low and high boundaries for proper pairs: (1, 5126)
[M::mem_pestat] skip orientation RR as there are not enough pairs
[M::mem_pestat] skip orientation RF
[M::mem_process_seqs] Processed 2796918 reads in 3146.765 CPU sec, 78.945 real sec
[M::process] read 2791652 sequences (400000074 bp)...
[M::mem_pestat] # candidate unique pairs for (FF, FR, RF, RR): (13, 728559, 77, 12)
[M::mem_pestat] analyzing insert size distribution for orientation FF...
[M::mem_pestat] (25, 50, 75) percentile: (150, 168, 6702)
[M::mem_pestat] low and high boundaries for computing mean and std.dev: (1, 19806)
[M::mem_pestat] mean and std.dev: (2313.38, 3432.34)
[M::mem_pestat] low and high boundaries for proper pairs: (1, 26358)
[M::mem_pestat] analyzing insert size distribution for orientation FR...
[M::mem_pestat] (25, 50, 75) percentile: (187, 236, 326)
[M::mem_pestat] low and high boundaries for computing mean and std.dev: (1, 604)
[M::mem_pestat] mean and std.dev: (258.31, 93.84)
[M::mem_pestat] low and high boundaries for proper pairs: (1, 743)
[M::mem_pestat] analyzing insert size distribution for orientation RF...
[M::mem_pestat] (25, 50, 75) percentile: (197, 450, 1461)
[M::mem_pestat] low and high boundaries for computing mean and std.dev: (1, 3989)
[M::mem_pestat] mean and std.dev: (702.94, 881.23)
[M::mem_pestat] low and high boundaries for proper pairs: (1, 5253)
[M::mem_pestat] analyzing insert size distribution for orientation RR...
[M::mem_pestat] (25, 50, 75) percentile: (946, 3747, 4968)
[M::mem_pestat] low and high boundaries for computing mean and std.dev: (1, 13012)
[M::mem_pestat] mean and std.dev: (2898.25, 2088.57)
[M::mem_pestat] low and high boundaries for proper pairs: (1, 17034)
[M::mem_pestat] skip orientation FF
[M::mem_pestat] skip orientation RF
[M::mem_pestat] skip orientation RR
[M::mem_process_seqs] Processed 2795180 reads in 3159.166 CPU sec, 79.012 real sec
[M::process] read 2801010 sequences (400000170 bp)...
[M::mem_pestat] # candidate unique pairs for (FF, FR, RF, RR): (12, 725918, 76, 20)
[M::mem_pestat] analyzing insert size distribution for orientation FF...
[M::mem_pestat] (25, 50, 75) percentile: (182, 2040, 4622)
[M::mem_pestat] low and high boundaries for computing mean and std.dev: (1, 13502)
[M::mem_pestat] mean and std.dev: (2125.67, 2357.59)
[M::mem_pestat] low and high boundaries for proper pairs: (1, 17942)
[M::mem_pestat] analyzing insert size distribution for orientation FR...
[M::mem_pestat] (25, 50, 75) percentile: (189, 239, 331)
[M::mem_pestat] low and high boundaries for computing mean and std.dev: (1, 615)
[M::mem_pestat] mean and std.dev: (261.18, 94.93)
[M::mem_pestat] low and high boundaries for proper pairs: (1, 757)
[M::mem_pestat] analyzing insert size distribution for orientation RF...
[M::mem_pestat] (25, 50, 75) percentile: (223, 570, 1474)
[M::mem_pestat] low and high boundaries for computing mean and std.dev: (1, 3976)
[M::mem_pestat] mean and std.dev: (846.24, 887.44)
[M::mem_pestat] low and high boundaries for proper pairs: (1, 5227)
[M::mem_pestat] analyzing insert size distribution for orientation RR...
[M::mem_pestat] (25, 50, 75) percentile: (185, 358, 3869)
[M::mem_pestat] low and high boundaries for computing mean and std.dev: (1, 11237)
[M::mem_pestat] mean and std.dev: (2092.45, 3348.73)
[M::mem_pestat] low and high boundaries for proper pairs: (1, 15487)
[M::mem_pestat] skip orientation FF
[M::mem_pestat] skip orientation RF
[M::mem_pestat] skip orientation RR
[M::mem_process_seqs] Processed 2791652 reads in 3167.873 CPU sec, 79.593 real sec
[M::process] read 2810130 sequences (400000230 bp)...
[M::mem_pestat] # candidate unique pairs for (FF, FR, RF, RR): (23, 723193, 74, 6)
[M::mem_pestat] analyzing insert size distribution for orientation FF...
[M::mem_pestat] (25, 50, 75) percentile: (253, 446, 4204)
[M::mem_pestat] low and high boundaries for computing mean and std.dev: (1, 12106)
[M::mem_pestat] mean and std.dev: (2079.65, 2448.77)
[M::mem_pestat] low and high boundaries for proper pairs: (1, 16057)
[M::mem_pestat] analyzing insert size distribution for orientation FR...
[M::mem_pestat] (25, 50, 75) percentile: (191, 243, 335)
[M::mem_pestat] low and high boundaries for computing mean and std.dev: (1, 623)
[M::mem_pestat] mean and std.dev: (264.21, 95.40)
[M::mem_pestat] low and high boundaries for proper pairs: (1, 767)
[M::mem_pestat] analyzing insert size distribution for orientation RF...
[M::mem_pestat] (25, 50, 75) percentile: (190, 358, 1516)
[M::mem_pestat] low and high boundaries for computing mean and std.dev: (1, 4168)
[M::mem_pestat] mean and std.dev: (717.27, 817.54)
[M::mem_pestat] low and high boundaries for proper pairs: (1, 5494)
[M::mem_pestat] skip orientation RR as there are not enough pairs
[M::mem_pestat] skip orientation FF
[M::mem_pestat] skip orientation RF
[M::mem_process_seqs] Processed 2801010 reads in 3300.754 CPU sec, 82.728 real sec
[M::process] read 2808310 sequences (400000088 bp)...
[M::mem_pestat] # candidate unique pairs for (FF, FR, RF, RR): (9, 724545, 77, 11)
[M::mem_pestat] skip orientation FF as there are not enough pairs
[M::mem_pestat] analyzing insert size distribution for orientation FR...
[M::mem_pestat] (25, 50, 75) percentile: (190, 241, 334)
[M::mem_pestat] low and high boundaries for computing mean and std.dev: (1, 622)
[M::mem_pestat] mean and std.dev: (263.02, 95.83)
[M::mem_pestat] low and high boundaries for proper pairs: (1, 766)
[M::mem_pestat] analyzing insert size distribution for orientation RF...
[M::mem_pestat] (25, 50, 75) percentile: (208, 406, 1723)
[M::mem_pestat] low and high boundaries for computing mean and std.dev: (1, 4753)
[M::mem_pestat] mean and std.dev: (833.44, 1064.46)
[M::mem_pestat] low and high boundaries for proper pairs: (1, 6268)
[M::mem_pestat] analyzing insert size distribution for orientation RR...
[M::mem_pestat] (25, 50, 75) percentile: (224, 707, 1779)
[M::mem_pestat] low and high boundaries for computing mean and std.dev: (1, 4889)
[M::mem_pestat] mean and std.dev: (777.60, 724.53)
[M::mem_pestat] low and high boundaries for proper pairs: (1, 6444)
[M::mem_pestat] skip orientation RF
[M::mem_pestat] skip orientation RR
[M::mem_process_seqs] Processed 2810130 reads in 3252.858 CPU sec, 81.413 real sec
[M::process] read 2724428 sequences (388781816 bp)...
[M::mem_pestat] # candidate unique pairs for (FF, FR, RF, RR): (6, 724727, 65, 13)
[M::mem_pestat] skip orientation FF as there are not enough pairs
[M::mem_pestat] analyzing insert size distribution for orientation FR...
[M::mem_pestat] (25, 50, 75) percentile: (190, 243, 336)
[M::mem_pestat] low and high boundaries for computing mean and std.dev: (1, 628)
[M::mem_pestat] mean and std.dev: (264.53, 96.28)
[M::mem_pestat] low and high boundaries for proper pairs: (1, 774)
[M::mem_pestat] analyzing insert size distribution for orientation RF...
[M::mem_pestat] (25, 50, 75) percentile: (175, 726, 2485)
[M::mem_pestat] low and high boundaries for computing mean and std.dev: (1, 7105)
[M::mem_pestat] mean and std.dev: (1152.40, 1336.76)
[M::mem_pestat] low and high boundaries for proper pairs: (1, 9415)
[M::mem_pestat] analyzing insert size distribution for orientation RR...
[M::mem_pestat] (25, 50, 75) percentile: (245, 828, 2904)
[M::mem_pestat] low and high boundaries for computing mean and std.dev: (1, 8222)
[M::mem_pestat] mean and std.dev: (1470.62, 1516.52)
[M::mem_pestat] low and high boundaries for proper pairs: (1, 10881)
[M::mem_pestat] skip orientation RF
[M::mem_pestat] skip orientation RR
[M::mem_process_seqs] Processed 2808310 reads in 3230.741 CPU sec, 81.192 real sec
[M::mem_pestat] # candidate unique pairs for (FF, FR, RF, RR): (10, 702191, 81, 10)
[M::mem_pestat] analyzing insert size distribution for orientation FF...
[M::mem_pestat] (25, 50, 75) percentile: (155, 339, 4003)
[M::mem_pestat] low and high boundaries for computing mean and std.dev: (1, 11699)
[M::mem_pestat] mean and std.dev: (1715.60, 2069.09)
[M::mem_pestat] low and high boundaries for proper pairs: (1, 15547)
[M::mem_pestat] analyzing insert size distribution for orientation FR...
[M::mem_pestat] (25, 50, 75) percentile: (190, 243, 336)
[M::mem_pestat] low and high boundaries for computing mean and std.dev: (1, 628)
[M::mem_pestat] mean and std.dev: (264.73, 96.67)
[M::mem_pestat] low and high boundaries for proper pairs: (1, 774)
[M::mem_pestat] analyzing insert size distribution for orientation RF...
[M::mem_pestat] (25, 50, 75) percentile: (144, 427, 2167)
[M::mem_pestat] low and high boundaries for computing mean and std.dev: (1, 6213)
[M::mem_pestat] mean and std.dev: (1192.95, 1468.29)
[M::mem_pestat] low and high boundaries for proper pairs: (1, 8236)
[M::mem_pestat] analyzing insert size distribution for orientation RR...
[M::mem_pestat] (25, 50, 75) percentile: (148, 650, 1945)
[M::mem_pestat] low and high boundaries for computing mean and std.dev: (1, 5539)
[M::mem_pestat] mean and std.dev: (554.38, 584.29)
[M::mem_pestat] low and high boundaries for proper pairs: (1, 7336)
[M::mem_pestat] skip orientation FF
[M::mem_pestat] skip orientation RF
[M::mem_pestat] skip orientation RR
[M::mem_process_seqs] Processed 2724428 reads in 3128.644 CPU sec, 78.437 real sec
[main] Version: 0.7.17-r1188
[main] CMD: /home/shared/bwa-0.7.17/bwa mem -M -t 40 ../data/bwa-GCF_031168955.1_ASM3116895v1_genomic ../data/trimmed-fastqs-heatwave-genetics/MHW069_trimmed_clipped_R1_paired.fq.gz ../data/trimmed-fastqs-heatwave-genetics/MHW069_trimmed_clipped_R2_paired.fq.gz
[main] Real time: 2251.993 sec; CPU: 89186.377 sec
