[M::bwa_idx_load_from_disk] read 0 ALT contigs
[M::process] read 3484036 sequences (400000041 bp)...
[M::process] read 3486538 sequences (400000048 bp)...
[M::mem_pestat] # candidate unique pairs for (FF, FR, RF, RR): (4, 724770, 15, 8)
[M::mem_pestat] skip orientation FF as there are not enough pairs
[M::mem_pestat] analyzing insert size distribution for orientation FR...
[M::mem_pestat] (25, 50, 75) percentile: (92, 120, 154)
[M::mem_pestat] low and high boundaries for computing mean and std.dev: (1, 278)
[M::mem_pestat] mean and std.dev: (124.78, 45.60)
[M::mem_pestat] low and high boundaries for proper pairs: (1, 340)
[M::mem_pestat] analyzing insert size distribution for orientation RF...
[M::mem_pestat] (25, 50, 75) percentile: (112, 223, 1293)
[M::mem_pestat] low and high boundaries for computing mean and std.dev: (1, 3655)
[M::mem_pestat] mean and std.dev: (304.42, 426.26)
[M::mem_pestat] low and high boundaries for proper pairs: (1, 4836)
[M::mem_pestat] skip orientation RR as there are not enough pairs
[M::mem_pestat] skip orientation RF
[M::mem_process_seqs] Processed 3484036 reads in 4710.372 CPU sec, 118.131 real sec
[M::process] read 3479786 sequences (400000230 bp)...
[M::mem_pestat] # candidate unique pairs for (FF, FR, RF, RR): (8, 721450, 24, 4)
[M::mem_pestat] skip orientation FF as there are not enough pairs
[M::mem_pestat] analyzing insert size distribution for orientation FR...
[M::mem_pestat] (25, 50, 75) percentile: (93, 121, 155)
[M::mem_pestat] low and high boundaries for computing mean and std.dev: (1, 279)
[M::mem_pestat] mean and std.dev: (125.52, 46.02)
[M::mem_pestat] low and high boundaries for proper pairs: (1, 341)
[M::mem_pestat] analyzing insert size distribution for orientation RF...
[M::mem_pestat] (25, 50, 75) percentile: (285, 1440, 3000)
[M::mem_pestat] low and high boundaries for computing mean and std.dev: (1, 8430)
[M::mem_pestat] mean and std.dev: (1871.57, 2218.69)
[M::mem_pestat] low and high boundaries for proper pairs: (1, 11145)
[M::mem_pestat] skip orientation RR as there are not enough pairs
[M::mem_pestat] skip orientation RF
[M::mem_process_seqs] Processed 3486538 reads in 4796.253 CPU sec, 120.455 real sec
[M::process] read 3474182 sequences (400000036 bp)...
[M::mem_pestat] # candidate unique pairs for (FF, FR, RF, RR): (8, 717635, 9, 6)
[M::mem_pestat] skip orientation FF as there are not enough pairs
[M::mem_pestat] analyzing insert size distribution for orientation FR...
[M::mem_pestat] (25, 50, 75) percentile: (93, 121, 156)
[M::mem_pestat] low and high boundaries for computing mean and std.dev: (1, 282)
[M::mem_pestat] mean and std.dev: (125.87, 46.51)
[M::mem_pestat] low and high boundaries for proper pairs: (1, 345)
[M::mem_pestat] skip orientation RF as there are not enough pairs
[M::mem_pestat] skip orientation RR as there are not enough pairs
[M::mem_process_seqs] Processed 3479786 reads in 4935.996 CPU sec, 123.921 real sec
[M::process] read 3482344 sequences (400000007 bp)...
[M::mem_pestat] # candidate unique pairs for (FF, FR, RF, RR): (5, 719816, 10, 7)
[M::mem_pestat] skip orientation FF as there are not enough pairs
[M::mem_pestat] analyzing insert size distribution for orientation FR...
[M::mem_pestat] (25, 50, 75) percentile: (93, 121, 155)
[M::mem_pestat] low and high boundaries for computing mean and std.dev: (1, 279)
[M::mem_pestat] mean and std.dev: (125.41, 46.03)
[M::mem_pestat] low and high boundaries for proper pairs: (1, 341)
[M::mem_pestat] analyzing insert size distribution for orientation RF...
[M::mem_pestat] (25, 50, 75) percentile: (62, 148, 2285)
[M::mem_pestat] low and high boundaries for computing mean and std.dev: (1, 6731)
[M::mem_pestat] mean and std.dev: (957.40, 1334.17)
[M::mem_pestat] low and high boundaries for proper pairs: (1, 8954)
[M::mem_pestat] skip orientation RR as there are not enough pairs
[M::mem_pestat] skip orientation RF
[M::mem_process_seqs] Processed 3474182 reads in 4928.405 CPU sec, 123.691 real sec
[M::process] read 3463216 sequences (400000178 bp)...
[M::mem_pestat] # candidate unique pairs for (FF, FR, RF, RR): (3, 713005, 16, 5)
[M::mem_pestat] skip orientation FF as there are not enough pairs
[M::mem_pestat] analyzing insert size distribution for orientation FR...
[M::mem_pestat] (25, 50, 75) percentile: (93, 122, 157)
[M::mem_pestat] low and high boundaries for computing mean and std.dev: (1, 285)
[M::mem_pestat] mean and std.dev: (126.62, 47.11)
[M::mem_pestat] low and high boundaries for proper pairs: (1, 349)
[M::mem_pestat] analyzing insert size distribution for orientation RF...
[M::mem_pestat] (25, 50, 75) percentile: (230, 884, 1960)
[M::mem_pestat] low and high boundaries for computing mean and std.dev: (1, 5420)
[M::mem_pestat] mean and std.dev: (715.08, 602.41)
[M::mem_pestat] low and high boundaries for proper pairs: (1, 7150)
[M::mem_pestat] skip orientation RR as there are not enough pairs
[M::mem_pestat] skip orientation RF
[M::mem_process_seqs] Processed 3482344 reads in 5292.427 CPU sec, 132.765 real sec
[M::process] read 2504748 sequences (289477122 bp)...
[M::mem_pestat] # candidate unique pairs for (FF, FR, RF, RR): (0, 709232, 17, 5)
[M::mem_pestat] skip orientation FF as there are not enough pairs
[M::mem_pestat] analyzing insert size distribution for orientation FR...
[M::mem_pestat] (25, 50, 75) percentile: (93, 120, 153)
[M::mem_pestat] low and high boundaries for computing mean and std.dev: (1, 273)
[M::mem_pestat] mean and std.dev: (123.86, 44.32)
[M::mem_pestat] low and high boundaries for proper pairs: (1, 333)
[M::mem_pestat] analyzing insert size distribution for orientation RF...
[M::mem_pestat] (25, 50, 75) percentile: (35, 400, 560)
[M::mem_pestat] low and high boundaries for computing mean and std.dev: (1, 1610)
[M::mem_pestat] mean and std.dev: (384.47, 343.11)
[M::mem_pestat] low and high boundaries for proper pairs: (1, 2135)
[M::mem_pestat] skip orientation RR as there are not enough pairs
[M::mem_pestat] skip orientation RF
[M::mem_process_seqs] Processed 3463216 reads in 4983.046 CPU sec, 125.141 real sec
[M::mem_pestat] # candidate unique pairs for (FF, FR, RF, RR): (2, 507660, 16, 2)
[M::mem_pestat] skip orientation FF as there are not enough pairs
[M::mem_pestat] analyzing insert size distribution for orientation FR...
[M::mem_pestat] (25, 50, 75) percentile: (93, 121, 153)
[M::mem_pestat] low and high boundaries for computing mean and std.dev: (1, 273)
[M::mem_pestat] mean and std.dev: (124.19, 44.30)
[M::mem_pestat] low and high boundaries for proper pairs: (1, 333)
[M::mem_pestat] analyzing insert size distribution for orientation RF...
[M::mem_pestat] (25, 50, 75) percentile: (44, 240, 1309)
[M::mem_pestat] low and high boundaries for computing mean and std.dev: (1, 3839)
[M::mem_pestat] mean and std.dev: (458.21, 669.66)
[M::mem_pestat] low and high boundaries for proper pairs: (1, 5104)
[M::mem_pestat] skip orientation RR as there are not enough pairs
[M::mem_pestat] skip orientation RF
[M::mem_process_seqs] Processed 2504748 reads in 3667.470 CPU sec, 92.207 real sec
[main] Version: 0.7.17-r1188
[main] CMD: /home/shared/bwa-0.7.17/bwa mem -M -t 40 ../data/bwa-GCF_031168955.1_ASM3116895v1_genomic ../data/trimmed-fastqs-heatwave-genetics/MHW001_trimmed_clipped_R1_paired.fq.gz ../data/trimmed-fastqs-heatwave-genetics/MHW001_trimmed_clipped_R2_paired.fq.gz
[main] Real time: 846.753 sec; CPU: 33323.382 sec
