[M::bwa_idx_load_from_disk] read 0 ALT contigs
[M::process] read 2832354 sequences (400000296 bp)...
[M::process] read 2827882 sequences (400000014 bp)...
[M::mem_pestat] # candidate unique pairs for (FF, FR, RF, RR): (15, 721265, 71, 12)
[M::mem_pestat] analyzing insert size distribution for orientation FF...
[M::mem_pestat] (25, 50, 75) percentile: (123, 219, 3453)
[M::mem_pestat] low and high boundaries for computing mean and std.dev: (1, 10113)
[M::mem_pestat] mean and std.dev: (1866.40, 2745.52)
[M::mem_pestat] low and high boundaries for proper pairs: (1, 13443)
[M::mem_pestat] analyzing insert size distribution for orientation FR...
[M::mem_pestat] (25, 50, 75) percentile: (181, 225, 305)
[M::mem_pestat] low and high boundaries for computing mean and std.dev: (1, 553)
[M::mem_pestat] mean and std.dev: (245.09, 88.64)
[M::mem_pestat] low and high boundaries for proper pairs: (1, 677)
[M::mem_pestat] analyzing insert size distribution for orientation RF...
[M::mem_pestat] (25, 50, 75) percentile: (73, 289, 1351)
[M::mem_pestat] low and high boundaries for computing mean and std.dev: (1, 3907)
[M::mem_pestat] mean and std.dev: (597.97, 813.23)
[M::mem_pestat] low and high boundaries for proper pairs: (1, 5185)
[M::mem_pestat] analyzing insert size distribution for orientation RR...
[M::mem_pestat] (25, 50, 75) percentile: (141, 196, 1754)
[M::mem_pestat] low and high boundaries for computing mean and std.dev: (1, 4980)
[M::mem_pestat] mean and std.dev: (920.83, 1060.06)
[M::mem_pestat] low and high boundaries for proper pairs: (1, 6593)
[M::mem_pestat] skip orientation FF
[M::mem_pestat] skip orientation RF
[M::mem_pestat] skip orientation RR
[M::mem_process_seqs] Processed 2832354 reads in 2928.966 CPU sec, 73.458 real sec
[M::process] read 2828052 sequences (400000277 bp)...
[M::mem_pestat] # candidate unique pairs for (FF, FR, RF, RR): (10, 721749, 56, 18)
[M::mem_pestat] analyzing insert size distribution for orientation FF...
[M::mem_pestat] (25, 50, 75) percentile: (188, 2383, 2702)
[M::mem_pestat] low and high boundaries for computing mean and std.dev: (1, 7730)
[M::mem_pestat] mean and std.dev: (1328.00, 1119.35)
[M::mem_pestat] low and high boundaries for proper pairs: (1, 10244)
[M::mem_pestat] analyzing insert size distribution for orientation FR...
[M::mem_pestat] (25, 50, 75) percentile: (182, 226, 307)
[M::mem_pestat] low and high boundaries for computing mean and std.dev: (1, 557)
[M::mem_pestat] mean and std.dev: (246.23, 89.24)
[M::mem_pestat] low and high boundaries for proper pairs: (1, 682)
[M::mem_pestat] analyzing insert size distribution for orientation RF...
[M::mem_pestat] (25, 50, 75) percentile: (122, 347, 2449)
[M::mem_pestat] low and high boundaries for computing mean and std.dev: (1, 7103)
[M::mem_pestat] mean and std.dev: (1177.11, 1548.09)
[M::mem_pestat] low and high boundaries for proper pairs: (1, 9430)
[M::mem_pestat] analyzing insert size distribution for orientation RR...
[M::mem_pestat] (25, 50, 75) percentile: (306, 2166, 8415)
[M::mem_pestat] low and high boundaries for computing mean and std.dev: (1, 24633)
[M::mem_pestat] mean and std.dev: (3409.89, 3646.90)
[M::mem_pestat] low and high boundaries for proper pairs: (1, 32742)
[M::mem_pestat] skip orientation FF
[M::mem_pestat] skip orientation RF
[M::mem_pestat] skip orientation RR
[M::mem_process_seqs] Processed 2827882 reads in 3024.817 CPU sec, 75.870 real sec
[M::process] read 2825454 sequences (400000137 bp)...
[M::mem_pestat] # candidate unique pairs for (FF, FR, RF, RR): (15, 719753, 89, 16)
[M::mem_pestat] analyzing insert size distribution for orientation FF...
[M::mem_pestat] (25, 50, 75) percentile: (178, 217, 306)
[M::mem_pestat] low and high boundaries for computing mean and std.dev: (1, 562)
[M::mem_pestat] mean and std.dev: (218.71, 87.09)
[M::mem_pestat] low and high boundaries for proper pairs: (1, 690)
[M::mem_pestat] analyzing insert size distribution for orientation FR...
[M::mem_pestat] (25, 50, 75) percentile: (183, 227, 309)
[M::mem_pestat] low and high boundaries for computing mean and std.dev: (1, 561)
[M::mem_pestat] mean and std.dev: (247.46, 89.65)
[M::mem_pestat] low and high boundaries for proper pairs: (1, 687)
[M::mem_pestat] analyzing insert size distribution for orientation RF...
[M::mem_pestat] (25, 50, 75) percentile: (76, 226, 1531)
[M::mem_pestat] low and high boundaries for computing mean and std.dev: (1, 4441)
[M::mem_pestat] mean and std.dev: (735.12, 1001.85)
[M::mem_pestat] low and high boundaries for proper pairs: (1, 5896)
[M::mem_pestat] analyzing insert size distribution for orientation RR...
[M::mem_pestat] (25, 50, 75) percentile: (270, 2065, 3286)
[M::mem_pestat] low and high boundaries for computing mean and std.dev: (1, 9318)
[M::mem_pestat] mean and std.dev: (1822.40, 1883.42)
[M::mem_pestat] low and high boundaries for proper pairs: (1, 12334)
[M::mem_pestat] skip orientation FF
[M::mem_pestat] skip orientation RF
[M::mem_pestat] skip orientation RR
[M::mem_process_seqs] Processed 2828052 reads in 3058.833 CPU sec, 76.714 real sec
[M::process] read 2827790 sequences (400000261 bp)...
[M::mem_pestat] # candidate unique pairs for (FF, FR, RF, RR): (13, 718229, 96, 14)
[M::mem_pestat] analyzing insert size distribution for orientation FF...
[M::mem_pestat] (25, 50, 75) percentile: (161, 203, 307)
[M::mem_pestat] low and high boundaries for computing mean and std.dev: (1, 599)
[M::mem_pestat] mean and std.dev: (226.33, 109.39)
[M::mem_pestat] low and high boundaries for proper pairs: (1, 745)
[M::mem_pestat] analyzing insert size distribution for orientation FR...
[M::mem_pestat] (25, 50, 75) percentile: (183, 229, 312)
[M::mem_pestat] low and high boundaries for computing mean and std.dev: (1, 570)
[M::mem_pestat] mean and std.dev: (249.41, 90.58)
[M::mem_pestat] low and high boundaries for proper pairs: (1, 699)
[M::mem_pestat] analyzing insert size distribution for orientation RF...
[M::mem_pestat] (25, 50, 75) percentile: (107, 225, 1129)
[M::mem_pestat] low and high boundaries for computing mean and std.dev: (1, 3173)
[M::mem_pestat] mean and std.dev: (463.77, 600.33)
[M::mem_pestat] low and high boundaries for proper pairs: (1, 4195)
[M::mem_pestat] analyzing insert size distribution for orientation RR...
[M::mem_pestat] (25, 50, 75) percentile: (204, 464, 5470)
[M::mem_pestat] low and high boundaries for computing mean and std.dev: (1, 16002)
[M::mem_pestat] mean and std.dev: (2340.57, 3113.83)
[M::mem_pestat] low and high boundaries for proper pairs: (1, 21268)
[M::mem_pestat] skip orientation FF
[M::mem_pestat] skip orientation RF
[M::mem_pestat] skip orientation RR
[M::mem_process_seqs] Processed 2825454 reads in 3049.101 CPU sec, 76.657 real sec
[M::process] read 2842864 sequences (400000268 bp)...
[M::mem_pestat] # candidate unique pairs for (FF, FR, RF, RR): (16, 715835, 69, 21)
[M::mem_pestat] analyzing insert size distribution for orientation FF...
[M::mem_pestat] (25, 50, 75) percentile: (248, 360, 3090)
[M::mem_pestat] low and high boundaries for computing mean and std.dev: (1, 8774)
[M::mem_pestat] mean and std.dev: (1685.69, 1909.09)
[M::mem_pestat] low and high boundaries for proper pairs: (1, 11616)
[M::mem_pestat] analyzing insert size distribution for orientation FR...
[M::mem_pestat] (25, 50, 75) percentile: (185, 232, 316)
[M::mem_pestat] low and high boundaries for computing mean and std.dev: (1, 578)
[M::mem_pestat] mean and std.dev: (252.03, 91.52)
[M::mem_pestat] low and high boundaries for proper pairs: (1, 709)
[M::mem_pestat] analyzing insert size distribution for orientation RF...
[M::mem_pestat] (25, 50, 75) percentile: (155, 380, 1223)
[M::mem_pestat] low and high boundaries for computing mean and std.dev: (1, 3359)
[M::mem_pestat] mean and std.dev: (676.30, 773.75)
[M::mem_pestat] low and high boundaries for proper pairs: (1, 4427)
[M::mem_pestat] analyzing insert size distribution for orientation RR...
[M::mem_pestat] (25, 50, 75) percentile: (141, 290, 533)
[M::mem_pestat] low and high boundaries for computing mean and std.dev: (1, 1317)
[M::mem_pestat] mean and std.dev: (267.78, 168.47)
[M::mem_pestat] low and high boundaries for proper pairs: (1, 1709)
[M::mem_pestat] skip orientation FF
[M::mem_pestat] skip orientation RF
[M::mem_pestat] skip orientation RR
[M::mem_process_seqs] Processed 2827790 reads in 3073.841 CPU sec, 77.056 real sec
[M::process] read 2847326 sequences (400000219 bp)...
[M::mem_pestat] # candidate unique pairs for (FF, FR, RF, RR): (16, 713005, 76, 15)
[M::mem_pestat] analyzing insert size distribution for orientation FF...
[M::mem_pestat] (25, 50, 75) percentile: (403, 4595, 4986)
[M::mem_pestat] low and high boundaries for computing mean and std.dev: (1, 14152)
[M::mem_pestat] mean and std.dev: (3259.25, 2568.05)
[M::mem_pestat] low and high boundaries for proper pairs: (1, 18735)
[M::mem_pestat] analyzing insert size distribution for orientation FR...
[M::mem_pestat] (25, 50, 75) percentile: (186, 233, 319)
[M::mem_pestat] low and high boundaries for computing mean and std.dev: (1, 585)
[M::mem_pestat] mean and std.dev: (253.82, 92.52)
[M::mem_pestat] low and high boundaries for proper pairs: (1, 718)
[M::mem_pestat] analyzing insert size distribution for orientation RF...
[M::mem_pestat] (25, 50, 75) percentile: (194, 444, 1437)
[M::mem_pestat] low and high boundaries for computing mean and std.dev: (1, 3923)
[M::mem_pestat] mean and std.dev: (737.04, 827.30)
[M::mem_pestat] low and high boundaries for proper pairs: (1, 5166)
[M::mem_pestat] analyzing insert size distribution for orientation RR...
[M::mem_pestat] (25, 50, 75) percentile: (323, 438, 1755)
[M::mem_pestat] low and high boundaries for computing mean and std.dev: (1, 4619)
[M::mem_pestat] mean and std.dev: (853.67, 839.07)
[M::mem_pestat] low and high boundaries for proper pairs: (1, 6051)
[M::mem_pestat] skip orientation FF
[M::mem_pestat] skip orientation RF
[M::mem_pestat] skip orientation RR
[M::mem_process_seqs] Processed 2842864 reads in 3086.711 CPU sec, 77.282 real sec
[M::process] read 2854494 sequences (400000216 bp)...
[M::mem_pestat] # candidate unique pairs for (FF, FR, RF, RR): (16, 714420, 71, 6)
[M::mem_pestat] analyzing insert size distribution for orientation FF...
[M::mem_pestat] (25, 50, 75) percentile: (213, 444, 2777)
[M::mem_pestat] low and high boundaries for computing mean and std.dev: (1, 7905)
[M::mem_pestat] mean and std.dev: (1612.75, 2094.29)
[M::mem_pestat] low and high boundaries for proper pairs: (1, 10469)
[M::mem_pestat] analyzing insert size distribution for orientation FR...
[M::mem_pestat] (25, 50, 75) percentile: (185, 231, 316)
[M::mem_pestat] low and high boundaries for computing mean and std.dev: (1, 578)
[M::mem_pestat] mean and std.dev: (251.80, 91.64)
[M::mem_pestat] low and high boundaries for proper pairs: (1, 709)
[M::mem_pestat] analyzing insert size distribution for orientation RF...
[M::mem_pestat] (25, 50, 75) percentile: (114, 526, 2373)
[M::mem_pestat] low and high boundaries for computing mean and std.dev: (1, 6891)
[M::mem_pestat] mean and std.dev: (1263.64, 1720.96)
[M::mem_pestat] low and high boundaries for proper pairs: (1, 9150)
[M::mem_pestat] skip orientation RR as there are not enough pairs
[M::mem_pestat] skip orientation FF
[M::mem_pestat] skip orientation RF
[M::mem_process_seqs] Processed 2847326 reads in 3071.611 CPU sec, 77.263 real sec
[M::process] read 2846842 sequences (400000194 bp)...
[M::mem_pestat] # candidate unique pairs for (FF, FR, RF, RR): (10, 713958, 82, 10)
[M::mem_pestat] analyzing insert size distribution for orientation FF...
[M::mem_pestat] (25, 50, 75) percentile: (171, 735, 3687)
[M::mem_pestat] low and high boundaries for computing mean and std.dev: (1, 10719)
[M::mem_pestat] mean and std.dev: (1414.00, 1583.25)
[M::mem_pestat] low and high boundaries for proper pairs: (1, 14235)
[M::mem_pestat] analyzing insert size distribution for orientation FR...
[M::mem_pestat] (25, 50, 75) percentile: (185, 233, 319)
[M::mem_pestat] low and high boundaries for computing mean and std.dev: (1, 587)
[M::mem_pestat] mean and std.dev: (253.68, 92.74)
[M::mem_pestat] low and high boundaries for proper pairs: (1, 721)
[M::mem_pestat] analyzing insert size distribution for orientation RF...
[M::mem_pestat] (25, 50, 75) percentile: (116, 314, 1672)
[M::mem_pestat] low and high boundaries for computing mean and std.dev: (1, 4784)
[M::mem_pestat] mean and std.dev: (838.09, 1138.20)
[M::mem_pestat] low and high boundaries for proper pairs: (1, 6340)
[M::mem_pestat] analyzing insert size distribution for orientation RR...
[M::mem_pestat] (25, 50, 75) percentile: (180, 533, 2142)
[M::mem_pestat] low and high boundaries for computing mean and std.dev: (1, 6066)
[M::mem_pestat] mean and std.dev: (1078.11, 1366.87)
[M::mem_pestat] low and high boundaries for proper pairs: (1, 8028)
[M::mem_pestat] skip orientation FF
[M::mem_pestat] skip orientation RF
[M::mem_pestat] skip orientation RR
[M::mem_process_seqs] Processed 2854494 reads in 3197.769 CPU sec, 79.972 real sec
[M::process] read 2830636 sequences (400000204 bp)...
[M::mem_pestat] # candidate unique pairs for (FF, FR, RF, RR): (8, 714009, 45, 11)
[M::mem_pestat] skip orientation FF as there are not enough pairs
[M::mem_pestat] analyzing insert size distribution for orientation FR...
[M::mem_pestat] (25, 50, 75) percentile: (186, 233, 319)
[M::mem_pestat] low and high boundaries for computing mean and std.dev: (1, 585)
[M::mem_pestat] mean and std.dev: (253.92, 92.46)
[M::mem_pestat] low and high boundaries for proper pairs: (1, 718)
[M::mem_pestat] analyzing insert size distribution for orientation RF...
[M::mem_pestat] (25, 50, 75) percentile: (119, 346, 1467)
[M::mem_pestat] low and high boundaries for computing mean and std.dev: (1, 4163)
[M::mem_pestat] mean and std.dev: (431.89, 568.92)
[M::mem_pestat] low and high boundaries for proper pairs: (1, 5511)
[M::mem_pestat] analyzing insert size distribution for orientation RR...
[M::mem_pestat] (25, 50, 75) percentile: (136, 226, 481)
[M::mem_pestat] low and high boundaries for computing mean and std.dev: (1, 1171)
[M::mem_pestat] mean and std.dev: (207.44, 112.07)
[M::mem_pestat] low and high boundaries for proper pairs: (1, 1516)
[M::mem_pestat] skip orientation RF
[M::mem_pestat] skip orientation RR
[M::mem_process_seqs] Processed 2846842 reads in 3119.009 CPU sec, 78.442 real sec
[M::process] read 2825220 sequences (400000058 bp)...
[M::mem_pestat] # candidate unique pairs for (FF, FR, RF, RR): (16, 716609, 92, 15)
[M::mem_pestat] analyzing insert size distribution for orientation FF...
[M::mem_pestat] (25, 50, 75) percentile: (200, 370, 1699)
[M::mem_pestat] low and high boundaries for computing mean and std.dev: (1, 4697)
[M::mem_pestat] mean and std.dev: (692.27, 648.94)
[M::mem_pestat] low and high boundaries for proper pairs: (1, 6196)
[M::mem_pestat] analyzing insert size distribution for orientation FR...
[M::mem_pestat] (25, 50, 75) percentile: (184, 230, 315)
[M::mem_pestat] low and high boundaries for computing mean and std.dev: (1, 577)
[M::mem_pestat] mean and std.dev: (251.10, 91.59)
[M::mem_pestat] low and high boundaries for proper pairs: (1, 708)
[M::mem_pestat] analyzing insert size distribution for orientation RF...
[M::mem_pestat] (25, 50, 75) percentile: (129, 304, 1485)
[M::mem_pestat] low and high boundaries for computing mean and std.dev: (1, 4197)
[M::mem_pestat] mean and std.dev: (755.83, 1060.60)
[M::mem_pestat] low and high boundaries for proper pairs: (1, 5553)
[M::mem_pestat] analyzing insert size distribution for orientation RR...
[M::mem_pestat] (25, 50, 75) percentile: (200, 257, 1706)
[M::mem_pestat] low and high boundaries for computing mean and std.dev: (1, 4718)
[M::mem_pestat] mean and std.dev: (774.79, 1066.53)
[M::mem_pestat] low and high boundaries for proper pairs: (1, 6224)
[M::mem_pestat] skip orientation FF
[M::mem_pestat] skip orientation RF
[M::mem_pestat] skip orientation RR
[M::mem_process_seqs] Processed 2830636 reads in 3107.411 CPU sec, 77.719 real sec
[M::process] read 2826432 sequences (400000052 bp)...
[M::mem_pestat] # candidate unique pairs for (FF, FR, RF, RR): (16, 716306, 68, 16)
[M::mem_pestat] analyzing insert size distribution for orientation FF...
[M::mem_pestat] (25, 50, 75) percentile: (242, 2306, 3908)
[M::mem_pestat] low and high boundaries for computing mean and std.dev: (1, 11240)
[M::mem_pestat] mean and std.dev: (2699.12, 2601.11)
[M::mem_pestat] low and high boundaries for proper pairs: (1, 14906)
[M::mem_pestat] analyzing insert size distribution for orientation FR...
[M::mem_pestat] (25, 50, 75) percentile: (184, 231, 315)
[M::mem_pestat] low and high boundaries for computing mean and std.dev: (1, 577)
[M::mem_pestat] mean and std.dev: (251.27, 91.49)
[M::mem_pestat] low and high boundaries for proper pairs: (1, 708)
[M::mem_pestat] analyzing insert size distribution for orientation RF...
[M::mem_pestat] (25, 50, 75) percentile: (200, 991, 2782)
[M::mem_pestat] low and high boundaries for computing mean and std.dev: (1, 7946)
[M::mem_pestat] mean and std.dev: (1664.38, 2050.19)
[M::mem_pestat] low and high boundaries for proper pairs: (1, 10528)
[M::mem_pestat] analyzing insert size distribution for orientation RR...
[M::mem_pestat] (25, 50, 75) percentile: (208, 406, 2028)
[M::mem_pestat] low and high boundaries for computing mean and std.dev: (1, 5668)
[M::mem_pestat] mean and std.dev: (1024.00, 1249.80)
[M::mem_pestat] low and high boundaries for proper pairs: (1, 7488)
[M::mem_pestat] skip orientation FF
[M::mem_pestat] skip orientation RF
[M::mem_pestat] skip orientation RR
[M::mem_process_seqs] Processed 2825220 reads in 3078.727 CPU sec, 77.381 real sec
[M::process] read 2827172 sequences (400000204 bp)...
[M::mem_pestat] # candidate unique pairs for (FF, FR, RF, RR): (18, 716387, 91, 11)
[M::mem_pestat] analyzing insert size distribution for orientation FF...
[M::mem_pestat] (25, 50, 75) percentile: (201, 269, 8950)
[M::mem_pestat] low and high boundaries for computing mean and std.dev: (1, 26448)
[M::mem_pestat] mean and std.dev: (3085.50, 3998.74)
[M::mem_pestat] low and high boundaries for proper pairs: (1, 35197)
[M::mem_pestat] analyzing insert size distribution for orientation FR...
[M::mem_pestat] (25, 50, 75) percentile: (184, 229, 312)
[M::mem_pestat] low and high boundaries for computing mean and std.dev: (1, 568)
[M::mem_pestat] mean and std.dev: (249.70, 90.43)
[M::mem_pestat] low and high boundaries for proper pairs: (1, 696)
[M::mem_pestat] analyzing insert size distribution for orientation RF...
[M::mem_pestat] (25, 50, 75) percentile: (185, 401, 1881)
[M::mem_pestat] low and high boundaries for computing mean and std.dev: (1, 5273)
[M::mem_pestat] mean and std.dev: (879.48, 1023.10)
[M::mem_pestat] low and high boundaries for proper pairs: (1, 6969)
[M::mem_pestat] analyzing insert size distribution for orientation RR...
[M::mem_pestat] (25, 50, 75) percentile: (186, 218, 622)
[M::mem_pestat] low and high boundaries for computing mean and std.dev: (1, 1494)
[M::mem_pestat] mean and std.dev: (295.60, 187.28)
[M::mem_pestat] low and high boundaries for proper pairs: (1, 1930)
[M::mem_pestat] skip orientation FF
[M::mem_pestat] skip orientation RF
[M::mem_pestat] skip orientation RR
[M::mem_process_seqs] Processed 2826432 reads in 3089.756 CPU sec, 77.531 real sec
[M::process] read 2825090 sequences (400000129 bp)...
[M::mem_pestat] # candidate unique pairs for (FF, FR, RF, RR): (14, 719619, 88, 17)
[M::mem_pestat] analyzing insert size distribution for orientation FF...
[M::mem_pestat] (25, 50, 75) percentile: (134, 245, 2527)
[M::mem_pestat] low and high boundaries for computing mean and std.dev: (1, 7313)
[M::mem_pestat] mean and std.dev: (1088.57, 1385.36)
[M::mem_pestat] low and high boundaries for proper pairs: (1, 9706)
[M::mem_pestat] analyzing insert size distribution for orientation FR...
[M::mem_pestat] (25, 50, 75) percentile: (182, 227, 309)
[M::mem_pestat] low and high boundaries for computing mean and std.dev: (1, 563)
[M::mem_pestat] mean and std.dev: (247.60, 89.89)
[M::mem_pestat] low and high boundaries for proper pairs: (1, 690)
[M::mem_pestat] analyzing insert size distribution for orientation RF...
[M::mem_pestat] (25, 50, 75) percentile: (191, 767, 2338)
[M::mem_pestat] low and high boundaries for computing mean and std.dev: (1, 6632)
[M::mem_pestat] mean and std.dev: (1288.19, 1571.94)
[M::mem_pestat] low and high boundaries for proper pairs: (1, 8779)
[M::mem_pestat] analyzing insert size distribution for orientation RR...
[M::mem_pestat] (25, 50, 75) percentile: (232, 1339, 4968)
[M::mem_pestat] low and high boundaries for computing mean and std.dev: (1, 14440)
[M::mem_pestat] mean and std.dev: (2041.88, 2157.06)
[M::mem_pestat] low and high boundaries for proper pairs: (1, 19176)
[M::mem_pestat] skip orientation FF
[M::mem_pestat] skip orientation RF
[M::mem_pestat] skip orientation RR
[M::mem_process_seqs] Processed 2827172 reads in 3081.007 CPU sec, 77.240 real sec
[M::process] read 2836816 sequences (400000072 bp)...
[M::mem_pestat] # candidate unique pairs for (FF, FR, RF, RR): (6, 718123, 77, 15)
[M::mem_pestat] skip orientation FF as there are not enough pairs
[M::mem_pestat] analyzing insert size distribution for orientation FR...
[M::mem_pestat] (25, 50, 75) percentile: (183, 228, 310)
[M::mem_pestat] low and high boundaries for computing mean and std.dev: (1, 564)
[M::mem_pestat] mean and std.dev: (248.18, 90.16)
[M::mem_pestat] low and high boundaries for proper pairs: (1, 691)
[M::mem_pestat] analyzing insert size distribution for orientation RF...
[M::mem_pestat] (25, 50, 75) percentile: (100, 411, 1862)
[M::mem_pestat] low and high boundaries for computing mean and std.dev: (1, 5386)
[M::mem_pestat] mean and std.dev: (782.94, 1022.43)
[M::mem_pestat] low and high boundaries for proper pairs: (1, 7148)
[M::mem_pestat] analyzing insert size distribution for orientation RR...
[M::mem_pestat] (25, 50, 75) percentile: (190, 595, 4029)
[M::mem_pestat] low and high boundaries for computing mean and std.dev: (1, 11707)
[M::mem_pestat] mean and std.dev: (2037.93, 2955.51)
[M::mem_pestat] low and high boundaries for proper pairs: (1, 15546)
[M::mem_pestat] skip orientation RF
[M::mem_pestat] skip orientation RR
[M::mem_process_seqs] Processed 2825090 reads in 3067.641 CPU sec, 76.947 real sec
[M::process] read 2847996 sequences (400000030 bp)...
[M::mem_pestat] # candidate unique pairs for (FF, FR, RF, RR): (11, 711850, 77, 9)
[M::mem_pestat] analyzing insert size distribution for orientation FF...
[M::mem_pestat] (25, 50, 75) percentile: (201, 213, 323)
[M::mem_pestat] low and high boundaries for computing mean and std.dev: (1, 567)
[M::mem_pestat] mean and std.dev: (183.78, 84.10)
[M::mem_pestat] low and high boundaries for proper pairs: (1, 689)
[M::mem_pestat] analyzing insert size distribution for orientation FR...
[M::mem_pestat] (25, 50, 75) percentile: (186, 235, 321)
[M::mem_pestat] low and high boundaries for computing mean and std.dev: (1, 591)
[M::mem_pestat] mean and std.dev: (255.03, 92.89)
[M::mem_pestat] low and high boundaries for proper pairs: (1, 726)
[M::mem_pestat] analyzing insert size distribution for orientation RF...
[M::mem_pestat] (25, 50, 75) percentile: (126, 488, 2290)
[M::mem_pestat] low and high boundaries for computing mean and std.dev: (1, 6618)
[M::mem_pestat] mean and std.dev: (923.74, 1315.79)
[M::mem_pestat] low and high boundaries for proper pairs: (1, 8782)
[M::mem_pestat] skip orientation RR as there are not enough pairs
[M::mem_pestat] skip orientation FF
[M::mem_pestat] skip orientation RF
[M::mem_process_seqs] Processed 2836816 reads in 3135.669 CPU sec, 78.600 real sec
[M::process] read 2851652 sequences (400000113 bp)...
[M::mem_pestat] # candidate unique pairs for (FF, FR, RF, RR): (21, 713443, 83, 17)
[M::mem_pestat] analyzing insert size distribution for orientation FF...
[M::mem_pestat] (25, 50, 75) percentile: (152, 199, 2688)
[M::mem_pestat] low and high boundaries for computing mean and std.dev: (1, 7760)
[M::mem_pestat] mean and std.dev: (728.32, 1152.27)
[M::mem_pestat] low and high boundaries for proper pairs: (1, 10296)
[M::mem_pestat] analyzing insert size distribution for orientation FR...
[M::mem_pestat] (25, 50, 75) percentile: (186, 233, 320)
[M::mem_pestat] low and high boundaries for computing mean and std.dev: (1, 588)
[M::mem_pestat] mean and std.dev: (254.23, 92.96)
[M::mem_pestat] low and high boundaries for proper pairs: (1, 722)
[M::mem_pestat] analyzing insert size distribution for orientation RF...
[M::mem_pestat] (25, 50, 75) percentile: (128, 280, 1664)
[M::mem_pestat] low and high boundaries for computing mean and std.dev: (1, 4736)
[M::mem_pestat] mean and std.dev: (850.80, 1138.66)
[M::mem_pestat] low and high boundaries for proper pairs: (1, 6272)
[M::mem_pestat] analyzing insert size distribution for orientation RR...
[M::mem_pestat] (25, 50, 75) percentile: (170, 1296, 3411)
[M::mem_pestat] low and high boundaries for computing mean and std.dev: (1, 9893)
[M::mem_pestat] mean and std.dev: (1566.53, 1765.64)
[M::mem_pestat] low and high boundaries for proper pairs: (1, 13134)
[M::mem_pestat] skip orientation FF
[M::mem_pestat] skip orientation RF
[M::mem_pestat] skip orientation RR
[M::mem_process_seqs] Processed 2847996 reads in 3181.451 CPU sec, 79.565 real sec
[M::process] read 2844146 sequences (400000089 bp)...
[M::mem_pestat] # candidate unique pairs for (FF, FR, RF, RR): (15, 713323, 73, 8)
[M::mem_pestat] analyzing insert size distribution for orientation FF...
[M::mem_pestat] (25, 50, 75) percentile: (150, 236, 2688)
[M::mem_pestat] low and high boundaries for computing mean and std.dev: (1, 7764)
[M::mem_pestat] mean and std.dev: (1805.07, 2256.72)
[M::mem_pestat] low and high boundaries for proper pairs: (1, 10832)
[M::mem_pestat] analyzing insert size distribution for orientation FR...
[M::mem_pestat] (25, 50, 75) percentile: (185, 233, 320)
[M::mem_pestat] low and high boundaries for computing mean and std.dev: (1, 590)
[M::mem_pestat] mean and std.dev: (254.23, 92.99)
[M::mem_pestat] low and high boundaries for proper pairs: (1, 725)
[M::mem_pestat] analyzing insert size distribution for orientation RF...
[M::mem_pestat] (25, 50, 75) percentile: (128, 533, 1844)
[M::mem_pestat] low and high boundaries for computing mean and std.dev: (1, 5276)
[M::mem_pestat] mean and std.dev: (963.10, 1068.80)
[M::mem_pestat] low and high boundaries for proper pairs: (1, 6992)
[M::mem_pestat] skip orientation RR as there are not enough pairs
[M::mem_pestat] skip orientation FF
[M::mem_pestat] skip orientation RF
[M::mem_process_seqs] Processed 2851652 reads in 3321.199 CPU sec, 83.464 real sec
[M::process] read 2845824 sequences (400000135 bp)...
[M::mem_pestat] # candidate unique pairs for (FF, FR, RF, RR): (13, 713380, 83, 9)
[M::mem_pestat] analyzing insert size distribution for orientation FF...
[M::mem_pestat] (25, 50, 75) percentile: (202, 389, 2677)
[M::mem_pestat] low and high boundaries for computing mean and std.dev: (1, 7627)
[M::mem_pestat] mean and std.dev: (849.85, 1010.39)
[M::mem_pestat] low and high boundaries for proper pairs: (1, 10102)
[M::mem_pestat] analyzing insert size distribution for orientation FR...
[M::mem_pestat] (25, 50, 75) percentile: (186, 234, 320)
[M::mem_pestat] low and high boundaries for computing mean and std.dev: (1, 588)
[M::mem_pestat] mean and std.dev: (254.51, 92.84)
[M::mem_pestat] low and high boundaries for proper pairs: (1, 722)
[M::mem_pestat] analyzing insert size distribution for orientation RF...
[M::mem_pestat] (25, 50, 75) percentile: (223, 612, 2356)
[M::mem_pestat] low and high boundaries for computing mean and std.dev: (1, 6622)
[M::mem_pestat] mean and std.dev: (1169.44, 1524.31)
[M::mem_pestat] low and high boundaries for proper pairs: (1, 8755)
[M::mem_pestat] skip orientation RR as there are not enough pairs
[M::mem_pestat] skip orientation FF
[M::mem_pestat] skip orientation RF
[M::mem_process_seqs] Processed 2844146 reads in 3703.847 CPU sec, 98.750 real sec
[M::process] read 2818174 sequences (400000156 bp)...
[M::mem_pestat] # candidate unique pairs for (FF, FR, RF, RR): (15, 713215, 80, 12)
[M::mem_pestat] analyzing insert size distribution for orientation FF...
[M::mem_pestat] (25, 50, 75) percentile: (282, 2090, 4891)
[M::mem_pestat] low and high boundaries for computing mean and std.dev: (1, 14109)
[M::mem_pestat] mean and std.dev: (2268.40, 1931.84)
[M::mem_pestat] low and high boundaries for proper pairs: (1, 18718)
[M::mem_pestat] analyzing insert size distribution for orientation FR...
[M::mem_pestat] (25, 50, 75) percentile: (185, 233, 320)
[M::mem_pestat] low and high boundaries for computing mean and std.dev: (1, 590)
[M::mem_pestat] mean and std.dev: (253.88, 93.00)
[M::mem_pestat] low and high boundaries for proper pairs: (1, 725)
[M::mem_pestat] analyzing insert size distribution for orientation RF...
[M::mem_pestat] (25, 50, 75) percentile: (126, 601, 3071)
[M::mem_pestat] low and high boundaries for computing mean and std.dev: (1, 8961)
[M::mem_pestat] mean and std.dev: (1767.18, 2336.54)
[M::mem_pestat] low and high boundaries for proper pairs: (1, 11906)
[M::mem_pestat] analyzing insert size distribution for orientation RR...
[M::mem_pestat] (25, 50, 75) percentile: (117, 4164, 8853)
[M::mem_pestat] low and high boundaries for computing mean and std.dev: (1, 26325)
[M::mem_pestat] mean and std.dev: (3799.17, 3937.12)
[M::mem_pestat] low and high boundaries for proper pairs: (1, 35061)
[M::mem_pestat] skip orientation FF
[M::mem_pestat] skip orientation RF
[M::mem_pestat] skip orientation RR
[M::mem_process_seqs] Processed 2845824 reads in 3176.207 CPU sec, 79.442 real sec
[M::process] read 2810488 sequences (400000178 bp)...
[M::mem_pestat] # candidate unique pairs for (FF, FR, RF, RR): (10, 707803, 86, 10)
[M::mem_pestat] analyzing insert size distribution for orientation FF...
[M::mem_pestat] (25, 50, 75) percentile: (309, 1738, 2714)
[M::mem_pestat] low and high boundaries for computing mean and std.dev: (1, 7524)
[M::mem_pestat] mean and std.dev: (1536.67, 1378.51)
[M::mem_pestat] low and high boundaries for proper pairs: (1, 9929)
[M::mem_pestat] analyzing insert size distribution for orientation FR...
[M::mem_pestat] (25, 50, 75) percentile: (186, 235, 321)
[M::mem_pestat] low and high boundaries for computing mean and std.dev: (1, 591)
[M::mem_pestat] mean and std.dev: (255.33, 93.35)
[M::mem_pestat] low and high boundaries for proper pairs: (1, 726)
[M::mem_pestat] analyzing insert size distribution for orientation RF...
[M::mem_pestat] (25, 50, 75) percentile: (146, 453, 1705)
[M::mem_pestat] low and high boundaries for computing mean and std.dev: (1, 4823)
[M::mem_pestat] mean and std.dev: (982.62, 1167.64)
[M::mem_pestat] low and high boundaries for proper pairs: (1, 6382)
[M::mem_pestat] analyzing insert size distribution for orientation RR...
[M::mem_pestat] (25, 50, 75) percentile: (143, 230, 1383)
[M::mem_pestat] low and high boundaries for computing mean and std.dev: (1, 3863)
[M::mem_pestat] mean and std.dev: (624.40, 568.67)
[M::mem_pestat] low and high boundaries for proper pairs: (1, 5103)
[M::mem_pestat] skip orientation FF
[M::mem_pestat] skip orientation RF
[M::mem_pestat] skip orientation RR
[M::mem_process_seqs] Processed 2818174 reads in 3097.577 CPU sec, 77.877 real sec
[M::process] read 2808266 sequences (400000279 bp)...
[M::mem_pestat] # candidate unique pairs for (FF, FR, RF, RR): (11, 705838, 78, 11)
[M::mem_pestat] analyzing insert size distribution for orientation FF...
[M::mem_pestat] (25, 50, 75) percentile: (193, 2098, 3483)
[M::mem_pestat] low and high boundaries for computing mean and std.dev: (1, 10063)
[M::mem_pestat] mean and std.dev: (2241.55, 2288.38)
[M::mem_pestat] low and high boundaries for proper pairs: (1, 13353)
[M::mem_pestat] analyzing insert size distribution for orientation FR...
[M::mem_pestat] (25, 50, 75) percentile: (187, 236, 324)
[M::mem_pestat] low and high boundaries for computing mean and std.dev: (1, 598)
[M::mem_pestat] mean and std.dev: (256.87, 93.62)
[M::mem_pestat] low and high boundaries for proper pairs: (1, 735)
[M::mem_pestat] analyzing insert size distribution for orientation RF...
[M::mem_pestat] (25, 50, 75) percentile: (121, 1051, 3165)
[M::mem_pestat] low and high boundaries for computing mean and std.dev: (1, 9253)
[M::mem_pestat] mean and std.dev: (2032.64, 2452.43)
[M::mem_pestat] low and high boundaries for proper pairs: (1, 12297)
[M::mem_pestat] analyzing insert size distribution for orientation RR...
[M::mem_pestat] (25, 50, 75) percentile: (214, 301, 1913)
[M::mem_pestat] low and high boundaries for computing mean and std.dev: (1, 5311)
[M::mem_pestat] mean and std.dev: (741.40, 801.38)
[M::mem_pestat] low and high boundaries for proper pairs: (1, 7010)
[M::mem_pestat] skip orientation FF
[M::mem_pestat] skip orientation RF
[M::mem_pestat] skip orientation RR
[M::mem_process_seqs] Processed 2810488 reads in 3104.681 CPU sec, 77.663 real sec
[M::process] read 2814820 sequences (400000054 bp)...
[M::mem_pestat] # candidate unique pairs for (FF, FR, RF, RR): (7, 705359, 69, 14)
[M::mem_pestat] skip orientation FF as there are not enough pairs
[M::mem_pestat] analyzing insert size distribution for orientation FR...
[M::mem_pestat] (25, 50, 75) percentile: (187, 236, 324)
[M::mem_pestat] low and high boundaries for computing mean and std.dev: (1, 598)
[M::mem_pestat] mean and std.dev: (257.03, 94.10)
[M::mem_pestat] low and high boundaries for proper pairs: (1, 735)
[M::mem_pestat] analyzing insert size distribution for orientation RF...
[M::mem_pestat] (25, 50, 75) percentile: (105, 233, 2133)
[M::mem_pestat] low and high boundaries for computing mean and std.dev: (1, 6189)
[M::mem_pestat] mean and std.dev: (965.00, 1266.94)
[M::mem_pestat] low and high boundaries for proper pairs: (1, 8217)
[M::mem_pestat] analyzing insert size distribution for orientation RR...
[M::mem_pestat] (25, 50, 75) percentile: (155, 221, 825)
[M::mem_pestat] low and high boundaries for computing mean and std.dev: (1, 2165)
[M::mem_pestat] mean and std.dev: (396.42, 464.01)
[M::mem_pestat] low and high boundaries for proper pairs: (1, 2835)
[M::mem_pestat] skip orientation RF
[M::mem_pestat] skip orientation RR
[M::mem_process_seqs] Processed 2808266 reads in 3105.589 CPU sec, 78.062 real sec
[M::process] read 2826446 sequences (400000183 bp)...
[M::mem_pestat] # candidate unique pairs for (FF, FR, RF, RR): (23, 701290, 69, 21)
[M::mem_pestat] analyzing insert size distribution for orientation FF...
[M::mem_pestat] (25, 50, 75) percentile: (163, 646, 3726)
[M::mem_pestat] low and high boundaries for computing mean and std.dev: (1, 10852)
[M::mem_pestat] mean and std.dev: (1799.65, 2311.71)
[M::mem_pestat] low and high boundaries for proper pairs: (1, 14415)
[M::mem_pestat] analyzing insert size distribution for orientation FR...
[M::mem_pestat] (25, 50, 75) percentile: (190, 242, 331)
[M::mem_pestat] low and high boundaries for computing mean and std.dev: (1, 613)
[M::mem_pestat] mean and std.dev: (262.12, 95.32)
[M::mem_pestat] low and high boundaries for proper pairs: (1, 754)
[M::mem_pestat] analyzing insert size distribution for orientation RF...
[M::mem_pestat] (25, 50, 75) percentile: (171, 576, 1764)
[M::mem_pestat] low and high boundaries for computing mean and std.dev: (1, 4950)
[M::mem_pestat] mean and std.dev: (801.90, 1054.05)
[M::mem_pestat] low and high boundaries for proper pairs: (1, 6543)
[M::mem_pestat] analyzing insert size distribution for orientation RR...
[M::mem_pestat] (25, 50, 75) percentile: (189, 428, 4275)
[M::mem_pestat] low and high boundaries for computing mean and std.dev: (1, 12447)
[M::mem_pestat] mean and std.dev: (1963.57, 2425.43)
[M::mem_pestat] low and high boundaries for proper pairs: (1, 16533)
[M::mem_pestat] skip orientation FF
[M::mem_pestat] skip orientation RF
[M::mem_pestat] skip orientation RR
[M::mem_process_seqs] Processed 2814820 reads in 3225.373 CPU sec, 80.848 real sec
[M::process] read 2827676 sequences (400000070 bp)...
[M::mem_pestat] # candidate unique pairs for (FF, FR, RF, RR): (15, 703143, 78, 12)
[M::mem_pestat] analyzing insert size distribution for orientation FF...
[M::mem_pestat] (25, 50, 75) percentile: (193, 221, 717)
[M::mem_pestat] low and high boundaries for computing mean and std.dev: (1, 1765)
[M::mem_pestat] mean and std.dev: (266.58, 165.25)
[M::mem_pestat] low and high boundaries for proper pairs: (1, 2289)
[M::mem_pestat] analyzing insert size distribution for orientation FR...
[M::mem_pestat] (25, 50, 75) percentile: (189, 240, 330)
[M::mem_pestat] low and high boundaries for computing mean and std.dev: (1, 612)
[M::mem_pestat] mean and std.dev: (260.81, 95.44)
[M::mem_pestat] low and high boundaries for proper pairs: (1, 753)
[M::mem_pestat] analyzing insert size distribution for orientation RF...
[M::mem_pestat] (25, 50, 75) percentile: (119, 479, 2075)
[M::mem_pestat] low and high boundaries for computing mean and std.dev: (1, 5987)
[M::mem_pestat] mean and std.dev: (1187.92, 1657.86)
[M::mem_pestat] low and high boundaries for proper pairs: (1, 7943)
[M::mem_pestat] analyzing insert size distribution for orientation RR...
[M::mem_pestat] (25, 50, 75) percentile: (247, 273, 2330)
[M::mem_pestat] low and high boundaries for computing mean and std.dev: (1, 6496)
[M::mem_pestat] mean and std.dev: (810.75, 947.56)
[M::mem_pestat] low and high boundaries for proper pairs: (1, 8579)
[M::mem_pestat] skip orientation FF
[M::mem_pestat] skip orientation RF
[M::mem_pestat] skip orientation RR
[M::mem_process_seqs] Processed 2826446 reads in 3194.822 CPU sec, 80.164 real sec
[M::process] read 2190486 sequences (311319935 bp)...
[M::mem_pestat] # candidate unique pairs for (FF, FR, RF, RR): (13, 700874, 84, 9)
[M::mem_pestat] analyzing insert size distribution for orientation FF...
[M::mem_pestat] (25, 50, 75) percentile: (106, 200, 1247)
[M::mem_pestat] low and high boundaries for computing mean and std.dev: (1, 3529)
[M::mem_pestat] mean and std.dev: (394.33, 438.32)
[M::mem_pestat] low and high boundaries for proper pairs: (1, 4670)
[M::mem_pestat] analyzing insert size distribution for orientation FR...
[M::mem_pestat] (25, 50, 75) percentile: (189, 242, 332)
[M::mem_pestat] low and high boundaries for computing mean and std.dev: (1, 618)
[M::mem_pestat] mean and std.dev: (262.21, 96.17)
[M::mem_pestat] low and high boundaries for proper pairs: (1, 761)
[M::mem_pestat] analyzing insert size distribution for orientation RF...
[M::mem_pestat] (25, 50, 75) percentile: (216, 688, 1831)
[M::mem_pestat] low and high boundaries for computing mean and std.dev: (1, 5061)
[M::mem_pestat] mean and std.dev: (933.12, 989.20)
[M::mem_pestat] low and high boundaries for proper pairs: (1, 6676)
[M::mem_pestat] skip orientation RR as there are not enough pairs
[M::mem_pestat] skip orientation FF
[M::mem_pestat] skip orientation RF
[M::mem_process_seqs] Processed 2827676 reads in 3207.980 CPU sec, 80.463 real sec
[M::mem_pestat] # candidate unique pairs for (FF, FR, RF, RR): (9, 544301, 57, 12)
[M::mem_pestat] skip orientation FF as there are not enough pairs
[M::mem_pestat] analyzing insert size distribution for orientation FR...
[M::mem_pestat] (25, 50, 75) percentile: (190, 243, 333)
[M::mem_pestat] low and high boundaries for computing mean and std.dev: (1, 619)
[M::mem_pestat] mean and std.dev: (263.01, 96.52)
[M::mem_pestat] low and high boundaries for proper pairs: (1, 762)
[M::mem_pestat] analyzing insert size distribution for orientation RF...
[M::mem_pestat] (25, 50, 75) percentile: (223, 1041, 2122)
[M::mem_pestat] low and high boundaries for computing mean and std.dev: (1, 5920)
[M::mem_pestat] mean and std.dev: (991.12, 942.53)
[M::mem_pestat] low and high boundaries for proper pairs: (1, 7819)
[M::mem_pestat] analyzing insert size distribution for orientation RR...
[M::mem_pestat] (25, 50, 75) percentile: (196, 215, 828)
[M::mem_pestat] low and high boundaries for computing mean and std.dev: (1, 2092)
[M::mem_pestat] mean and std.dev: (598.75, 650.98)
[M::mem_pestat] low and high boundaries for proper pairs: (1, 3203)
[M::mem_pestat] skip orientation RF
[M::mem_pestat] skip orientation RR
[M::mem_process_seqs] Processed 2190486 reads in 2455.829 CPU sec, 61.554 real sec
[main] Version: 0.7.17-r1188
[main] CMD: /home/shared/bwa-0.7.17/bwa mem -M -t 40 ../data/bwa-GCF_031168955.1_ASM3116895v1_genomic ../data/trimmed-fastqs-heatwave-genetics/MHW080_trimmed_clipped_R1_paired.fq.gz ../data/trimmed-fastqs-heatwave-genetics/MHW080_trimmed_clipped_R2_paired.fq.gz
[main] Real time: 2045.628 sec; CPU: 80953.867 sec
