[M::bwa_idx_load_from_disk] read 0 ALT contigs
[M::process] read 3483380 sequences (400000035 bp)...
[M::process] read 3474976 sequences (400000078 bp)...
[M::mem_pestat] # candidate unique pairs for (FF, FR, RF, RR): (7, 717405, 16, 5)
[M::mem_pestat] skip orientation FF as there are not enough pairs
[M::mem_pestat] analyzing insert size distribution for orientation FR...
[M::mem_pestat] (25, 50, 75) percentile: (95, 125, 162)
[M::mem_pestat] low and high boundaries for computing mean and std.dev: (1, 296)
[M::mem_pestat] mean and std.dev: (130.43, 49.35)
[M::mem_pestat] low and high boundaries for proper pairs: (1, 363)
[M::mem_pestat] analyzing insert size distribution for orientation RF...
[M::mem_pestat] (25, 50, 75) percentile: (220, 1070, 1339)
[M::mem_pestat] low and high boundaries for computing mean and std.dev: (1, 3577)
[M::mem_pestat] mean and std.dev: (766.29, 695.50)
[M::mem_pestat] low and high boundaries for proper pairs: (1, 4696)
[M::mem_pestat] skip orientation RR as there are not enough pairs
[M::mem_pestat] skip orientation RF
[M::mem_process_seqs] Processed 3483380 reads in 5239.435 CPU sec, 131.360 real sec
[M::process] read 3495122 sequences (400000101 bp)...
[M::mem_pestat] # candidate unique pairs for (FF, FR, RF, RR): (6, 708682, 25, 10)
[M::mem_pestat] skip orientation FF as there are not enough pairs
[M::mem_pestat] analyzing insert size distribution for orientation FR...
[M::mem_pestat] (25, 50, 75) percentile: (96, 126, 164)
[M::mem_pestat] low and high boundaries for computing mean and std.dev: (1, 300)
[M::mem_pestat] mean and std.dev: (131.82, 50.26)
[M::mem_pestat] low and high boundaries for proper pairs: (1, 368)
[M::mem_pestat] analyzing insert size distribution for orientation RF...
[M::mem_pestat] (25, 50, 75) percentile: (45, 223, 1332)
[M::mem_pestat] low and high boundaries for computing mean and std.dev: (1, 3906)
[M::mem_pestat] mean and std.dev: (632.91, 750.63)
[M::mem_pestat] low and high boundaries for proper pairs: (1, 5193)
[M::mem_pestat] analyzing insert size distribution for orientation RR...
[M::mem_pestat] (25, 50, 75) percentile: (133, 222, 4205)
[M::mem_pestat] low and high boundaries for computing mean and std.dev: (1, 12349)
[M::mem_pestat] mean and std.dev: (2192.10, 3082.65)
[M::mem_pestat] low and high boundaries for proper pairs: (1, 16421)
[M::mem_pestat] skip orientation RF
[M::mem_pestat] skip orientation RR
[M::mem_process_seqs] Processed 3474976 reads in 5311.781 CPU sec, 133.273 real sec
[M::process] read 3467430 sequences (400000054 bp)...
[M::mem_pestat] # candidate unique pairs for (FF, FR, RF, RR): (7, 707559, 28, 6)
[M::mem_pestat] skip orientation FF as there are not enough pairs
[M::mem_pestat] analyzing insert size distribution for orientation FR...
[M::mem_pestat] (25, 50, 75) percentile: (96, 126, 164)
[M::mem_pestat] low and high boundaries for computing mean and std.dev: (1, 300)
[M::mem_pestat] mean and std.dev: (131.86, 50.27)
[M::mem_pestat] low and high boundaries for proper pairs: (1, 368)
[M::mem_pestat] analyzing insert size distribution for orientation RF...
[M::mem_pestat] (25, 50, 75) percentile: (157, 1065, 1308)
[M::mem_pestat] low and high boundaries for computing mean and std.dev: (1, 3610)
[M::mem_pestat] mean and std.dev: (784.04, 543.59)
[M::mem_pestat] low and high boundaries for proper pairs: (1, 4761)
[M::mem_pestat] skip orientation RR as there are not enough pairs
[M::mem_pestat] skip orientation RF
[M::mem_process_seqs] Processed 3495122 reads in 5385.280 CPU sec, 135.390 real sec
[M::process] read 3473982 sequences (400000037 bp)...
[M::mem_pestat] # candidate unique pairs for (FF, FR, RF, RR): (5, 706777, 22, 6)
[M::mem_pestat] skip orientation FF as there are not enough pairs
[M::mem_pestat] analyzing insert size distribution for orientation FR...
[M::mem_pestat] (25, 50, 75) percentile: (96, 126, 164)
[M::mem_pestat] low and high boundaries for computing mean and std.dev: (1, 300)
[M::mem_pestat] mean and std.dev: (131.76, 50.19)
[M::mem_pestat] low and high boundaries for proper pairs: (1, 368)
[M::mem_pestat] analyzing insert size distribution for orientation RF...
[M::mem_pestat] (25, 50, 75) percentile: (224, 1312, 2742)
[M::mem_pestat] low and high boundaries for computing mean and std.dev: (1, 7778)
[M::mem_pestat] mean and std.dev: (1452.33, 1294.97)
[M::mem_pestat] low and high boundaries for proper pairs: (1, 10296)
[M::mem_pestat] skip orientation RR as there are not enough pairs
[M::mem_pestat] skip orientation RF
[M::mem_process_seqs] Processed 3467430 reads in 5397.902 CPU sec, 135.073 real sec
[M::process] read 3487052 sequences (400000010 bp)...
[M::mem_pestat] # candidate unique pairs for (FF, FR, RF, RR): (6, 705907, 25, 8)
[M::mem_pestat] skip orientation FF as there are not enough pairs
[M::mem_pestat] analyzing insert size distribution for orientation FR...
[M::mem_pestat] (25, 50, 75) percentile: (95, 126, 164)
[M::mem_pestat] low and high boundaries for computing mean and std.dev: (1, 302)
[M::mem_pestat] mean and std.dev: (131.69, 50.48)
[M::mem_pestat] low and high boundaries for proper pairs: (1, 371)
[M::mem_pestat] analyzing insert size distribution for orientation RF...
[M::mem_pestat] (25, 50, 75) percentile: (250, 1266, 2295)
[M::mem_pestat] low and high boundaries for computing mean and std.dev: (1, 6385)
[M::mem_pestat] mean and std.dev: (1243.52, 1053.68)
[M::mem_pestat] low and high boundaries for proper pairs: (1, 8430)
[M::mem_pestat] skip orientation RR as there are not enough pairs
[M::mem_pestat] skip orientation RF
[M::mem_process_seqs] Processed 3473982 reads in 5405.341 CPU sec, 135.879 real sec
[M::process] read 3458148 sequences (400000134 bp)...
[M::mem_pestat] # candidate unique pairs for (FF, FR, RF, RR): (3, 704372, 27, 7)
[M::mem_pestat] skip orientation FF as there are not enough pairs
[M::mem_pestat] analyzing insert size distribution for orientation FR...
[M::mem_pestat] (25, 50, 75) percentile: (96, 127, 165)
[M::mem_pestat] low and high boundaries for computing mean and std.dev: (1, 303)
[M::mem_pestat] mean and std.dev: (132.56, 50.77)
[M::mem_pestat] low and high boundaries for proper pairs: (1, 372)
[M::mem_pestat] analyzing insert size distribution for orientation RF...
[M::mem_pestat] (25, 50, 75) percentile: (132, 731, 1338)
[M::mem_pestat] low and high boundaries for computing mean and std.dev: (1, 3750)
[M::mem_pestat] mean and std.dev: (933.92, 970.36)
[M::mem_pestat] low and high boundaries for proper pairs: (1, 4956)
[M::mem_pestat] skip orientation RR as there are not enough pairs
[M::mem_pestat] skip orientation RF
[M::mem_process_seqs] Processed 3487052 reads in 5833.821 CPU sec, 146.281 real sec
[M::process] read 3456030 sequences (400000106 bp)...
[M::mem_pestat] # candidate unique pairs for (FF, FR, RF, RR): (7, 699137, 29, 3)
[M::mem_pestat] skip orientation FF as there are not enough pairs
[M::mem_pestat] analyzing insert size distribution for orientation FR...
[M::mem_pestat] (25, 50, 75) percentile: (96, 126, 163)
[M::mem_pestat] low and high boundaries for computing mean and std.dev: (1, 297)
[M::mem_pestat] mean and std.dev: (131.20, 49.43)
[M::mem_pestat] low and high boundaries for proper pairs: (1, 364)
[M::mem_pestat] analyzing insert size distribution for orientation RF...
[M::mem_pestat] (25, 50, 75) percentile: (175, 1264, 1287)
[M::mem_pestat] low and high boundaries for computing mean and std.dev: (1, 3511)
[M::mem_pestat] mean and std.dev: (954.07, 767.08)
[M::mem_pestat] low and high boundaries for proper pairs: (1, 4623)
[M::mem_pestat] skip orientation RR as there are not enough pairs
[M::mem_pestat] skip orientation RF
[M::mem_process_seqs] Processed 3458148 reads in 5445.870 CPU sec, 136.276 real sec
[M::process] read 990974 sequences (114725696 bp)...
[M::mem_pestat] # candidate unique pairs for (FF, FR, RF, RR): (3, 693634, 31, 9)
[M::mem_pestat] skip orientation FF as there are not enough pairs
[M::mem_pestat] analyzing insert size distribution for orientation FR...
[M::mem_pestat] (25, 50, 75) percentile: (96, 126, 163)
[M::mem_pestat] low and high boundaries for computing mean and std.dev: (1, 297)
[M::mem_pestat] mean and std.dev: (131.48, 49.41)
[M::mem_pestat] low and high boundaries for proper pairs: (1, 364)
[M::mem_pestat] analyzing insert size distribution for orientation RF...
[M::mem_pestat] (25, 50, 75) percentile: (95, 1268, 1317)
[M::mem_pestat] low and high boundaries for computing mean and std.dev: (1, 3761)
[M::mem_pestat] mean and std.dev: (811.33, 671.48)
[M::mem_pestat] low and high boundaries for proper pairs: (1, 4983)
[M::mem_pestat] skip orientation RR as there are not enough pairs
[M::mem_pestat] skip orientation RF
[M::mem_process_seqs] Processed 3456030 reads in 5539.540 CPU sec, 139.099 real sec
[M::mem_pestat] # candidate unique pairs for (FF, FR, RF, RR): (3, 198977, 11, 3)
[M::mem_pestat] skip orientation FF as there are not enough pairs
[M::mem_pestat] analyzing insert size distribution for orientation FR...
[M::mem_pestat] (25, 50, 75) percentile: (96, 126, 164)
[M::mem_pestat] low and high boundaries for computing mean and std.dev: (1, 300)
[M::mem_pestat] mean and std.dev: (131.87, 49.82)
[M::mem_pestat] low and high boundaries for proper pairs: (1, 368)
[M::mem_pestat] analyzing insert size distribution for orientation RF...
[M::mem_pestat] (25, 50, 75) percentile: (132, 202, 3302)
[M::mem_pestat] low and high boundaries for computing mean and std.dev: (1, 9642)
[M::mem_pestat] mean and std.dev: (1389.09, 1955.88)
[M::mem_pestat] low and high boundaries for proper pairs: (1, 12812)
[M::mem_pestat] skip orientation RR as there are not enough pairs
[M::mem_pestat] skip orientation RF
[M::mem_process_seqs] Processed 990974 reads in 1604.948 CPU sec, 40.317 real sec
[main] Version: 0.7.17-r1188
[main] CMD: /home/shared/bwa-0.7.17/bwa mem -M -t 40 ../data/bwa-GCF_031168955.1_ASM3116895v1_genomic ../data/trimmed-fastqs-heatwave-genetics/MHW006_trimmed_clipped_R1_paired.fq.gz ../data/trimmed-fastqs-heatwave-genetics/MHW006_trimmed_clipped_R2_paired.fq.gz
[main] Real time: 1141.400 sec; CPU: 45171.961 sec
