[M::bwa_idx_load_from_disk] read 0 ALT contigs
[M::process] read 2814162 sequences (400000136 bp)...
[M::process] read 2810446 sequences (400000045 bp)...
[M::mem_pestat] # candidate unique pairs for (FF, FR, RF, RR): (9, 752748, 81, 16)
[M::mem_pestat] skip orientation FF as there are not enough pairs
[M::mem_pestat] analyzing insert size distribution for orientation FR...
[M::mem_pestat] (25, 50, 75) percentile: (182, 228, 296)
[M::mem_pestat] low and high boundaries for computing mean and std.dev: (1, 524)
[M::mem_pestat] mean and std.dev: (241.96, 83.70)
[M::mem_pestat] low and high boundaries for proper pairs: (1, 638)
[M::mem_pestat] analyzing insert size distribution for orientation RF...
[M::mem_pestat] (25, 50, 75) percentile: (58, 387, 1512)
[M::mem_pestat] low and high boundaries for computing mean and std.dev: (1, 4420)
[M::mem_pestat] mean and std.dev: (768.76, 1026.35)
[M::mem_pestat] low and high boundaries for proper pairs: (1, 5874)
[M::mem_pestat] analyzing insert size distribution for orientation RR...
[M::mem_pestat] (25, 50, 75) percentile: (209, 1828, 3581)
[M::mem_pestat] low and high boundaries for computing mean and std.dev: (1, 10325)
[M::mem_pestat] mean and std.dev: (2047.62, 2496.68)
[M::mem_pestat] low and high boundaries for proper pairs: (1, 13697)
[M::mem_pestat] skip orientation RF
[M::mem_pestat] skip orientation RR
[M::mem_process_seqs] Processed 2814162 reads in 2819.727 CPU sec, 70.715 real sec
[M::process] read 2807618 sequences (400000115 bp)...
[M::mem_pestat] # candidate unique pairs for (FF, FR, RF, RR): (10, 751728, 78, 9)
[M::mem_pestat] analyzing insert size distribution for orientation FF...
[M::mem_pestat] (25, 50, 75) percentile: (94, 192, 2058)
[M::mem_pestat] low and high boundaries for computing mean and std.dev: (1, 5986)
[M::mem_pestat] mean and std.dev: (753.80, 921.13)
[M::mem_pestat] low and high boundaries for proper pairs: (1, 7950)
[M::mem_pestat] analyzing insert size distribution for orientation FR...
[M::mem_pestat] (25, 50, 75) percentile: (183, 230, 299)
[M::mem_pestat] low and high boundaries for computing mean and std.dev: (1, 531)
[M::mem_pestat] mean and std.dev: (243.66, 84.58)
[M::mem_pestat] low and high boundaries for proper pairs: (1, 647)
[M::mem_pestat] analyzing insert size distribution for orientation RF...
[M::mem_pestat] (25, 50, 75) percentile: (142, 817, 2273)
[M::mem_pestat] low and high boundaries for computing mean and std.dev: (1, 6535)
[M::mem_pestat] mean and std.dev: (1255.11, 1439.34)
[M::mem_pestat] low and high boundaries for proper pairs: (1, 8666)
[M::mem_pestat] skip orientation RR as there are not enough pairs
[M::mem_pestat] skip orientation FF
[M::mem_pestat] skip orientation RF
[M::mem_process_seqs] Processed 2810446 reads in 2915.902 CPU sec, 73.140 real sec
[M::process] read 2808034 sequences (400000292 bp)...
[M::mem_pestat] # candidate unique pairs for (FF, FR, RF, RR): (14, 749177, 80, 10)
[M::mem_pestat] analyzing insert size distribution for orientation FF...
[M::mem_pestat] (25, 50, 75) percentile: (361, 3716, 3716)
[M::mem_pestat] low and high boundaries for computing mean and std.dev: (1, 10426)
[M::mem_pestat] mean and std.dev: (2770.93, 1641.18)
[M::mem_pestat] low and high boundaries for proper pairs: (1, 13781)
[M::mem_pestat] analyzing insert size distribution for orientation FR...
[M::mem_pestat] (25, 50, 75) percentile: (185, 234, 304)
[M::mem_pestat] low and high boundaries for computing mean and std.dev: (1, 542)
[M::mem_pestat] mean and std.dev: (247.37, 85.90)
[M::mem_pestat] low and high boundaries for proper pairs: (1, 661)
[M::mem_pestat] analyzing insert size distribution for orientation RF...
[M::mem_pestat] (25, 50, 75) percentile: (223, 478, 2656)
[M::mem_pestat] low and high boundaries for computing mean and std.dev: (1, 7522)
[M::mem_pestat] mean and std.dev: (1485.42, 1689.36)
[M::mem_pestat] low and high boundaries for proper pairs: (1, 9955)
[M::mem_pestat] analyzing insert size distribution for orientation RR...
[M::mem_pestat] (25, 50, 75) percentile: (360, 935, 2730)
[M::mem_pestat] low and high boundaries for computing mean and std.dev: (1, 7470)
[M::mem_pestat] mean and std.dev: (1579.80, 1792.49)
[M::mem_pestat] low and high boundaries for proper pairs: (1, 9840)
[M::mem_pestat] skip orientation FF
[M::mem_pestat] skip orientation RF
[M::mem_pestat] skip orientation RR
[M::mem_process_seqs] Processed 2807618 reads in 2950.437 CPU sec, 73.992 real sec
[M::process] read 2804708 sequences (400000266 bp)...
[M::mem_pestat] # candidate unique pairs for (FF, FR, RF, RR): (8, 746667, 61, 7)
[M::mem_pestat] skip orientation FF as there are not enough pairs
[M::mem_pestat] analyzing insert size distribution for orientation FR...
[M::mem_pestat] (25, 50, 75) percentile: (186, 235, 307)
[M::mem_pestat] low and high boundaries for computing mean and std.dev: (1, 549)
[M::mem_pestat] mean and std.dev: (249.35, 86.94)
[M::mem_pestat] low and high boundaries for proper pairs: (1, 670)
[M::mem_pestat] analyzing insert size distribution for orientation RF...
[M::mem_pestat] (25, 50, 75) percentile: (209, 452, 1898)
[M::mem_pestat] low and high boundaries for computing mean and std.dev: (1, 5276)
[M::mem_pestat] mean and std.dev: (980.75, 1255.61)
[M::mem_pestat] low and high boundaries for proper pairs: (1, 6965)
[M::mem_pestat] skip orientation RR as there are not enough pairs
[M::mem_pestat] skip orientation RF
[M::mem_process_seqs] Processed 2808034 reads in 2956.685 CPU sec, 74.337 real sec
[M::process] read 2825526 sequences (400000012 bp)...
[M::mem_pestat] # candidate unique pairs for (FF, FR, RF, RR): (12, 751323, 64, 10)
[M::mem_pestat] analyzing insert size distribution for orientation FF...
[M::mem_pestat] (25, 50, 75) percentile: (189, 961, 2663)
[M::mem_pestat] low and high boundaries for computing mean and std.dev: (1, 7611)
[M::mem_pestat] mean and std.dev: (1470.25, 1396.54)
[M::mem_pestat] low and high boundaries for proper pairs: (1, 10085)
[M::mem_pestat] analyzing insert size distribution for orientation FR...
[M::mem_pestat] (25, 50, 75) percentile: (183, 230, 299)
[M::mem_pestat] low and high boundaries for computing mean and std.dev: (1, 531)
[M::mem_pestat] mean and std.dev: (244.03, 84.82)
[M::mem_pestat] low and high boundaries for proper pairs: (1, 647)
[M::mem_pestat] analyzing insert size distribution for orientation RF...
[M::mem_pestat] (25, 50, 75) percentile: (226, 794, 3622)
[M::mem_pestat] low and high boundaries for computing mean and std.dev: (1, 10414)
[M::mem_pestat] mean and std.dev: (2164.44, 2638.63)
[M::mem_pestat] low and high boundaries for proper pairs: (1, 13810)
[M::mem_pestat] analyzing insert size distribution for orientation RR...
[M::mem_pestat] (25, 50, 75) percentile: (146, 718, 1915)
[M::mem_pestat] low and high boundaries for computing mean and std.dev: (1, 5453)
[M::mem_pestat] mean and std.dev: (1504.40, 1892.22)
[M::mem_pestat] low and high boundaries for proper pairs: (1, 9073)
[M::mem_pestat] skip orientation FF
[M::mem_pestat] skip orientation RF
[M::mem_pestat] skip orientation RR
[M::mem_process_seqs] Processed 2804708 reads in 2938.374 CPU sec, 73.722 real sec
[M::process] read 2829332 sequences (400000038 bp)...
[M::mem_pestat] # candidate unique pairs for (FF, FR, RF, RR): (11, 746477, 71, 10)
[M::mem_pestat] analyzing insert size distribution for orientation FF...
[M::mem_pestat] (25, 50, 75) percentile: (1962, 3793, 8697)
[M::mem_pestat] low and high boundaries for computing mean and std.dev: (1, 22167)
[M::mem_pestat] mean and std.dev: (4840.55, 3663.51)
[M::mem_pestat] low and high boundaries for proper pairs: (1, 28902)
[M::mem_pestat] analyzing insert size distribution for orientation FR...
[M::mem_pestat] (25, 50, 75) percentile: (186, 236, 307)
[M::mem_pestat] low and high boundaries for computing mean and std.dev: (1, 549)
[M::mem_pestat] mean and std.dev: (249.57, 86.87)
[M::mem_pestat] low and high boundaries for proper pairs: (1, 670)
[M::mem_pestat] analyzing insert size distribution for orientation RF...
[M::mem_pestat] (25, 50, 75) percentile: (335, 1131, 2444)
[M::mem_pestat] low and high boundaries for computing mean and std.dev: (1, 6662)
[M::mem_pestat] mean and std.dev: (1447.85, 1380.64)
[M::mem_pestat] low and high boundaries for proper pairs: (1, 8771)
[M::mem_pestat] analyzing insert size distribution for orientation RR...
[M::mem_pestat] (25, 50, 75) percentile: (386, 2387, 3632)
[M::mem_pestat] low and high boundaries for computing mean and std.dev: (1, 10124)
[M::mem_pestat] mean and std.dev: (2839.20, 2625.61)
[M::mem_pestat] low and high boundaries for proper pairs: (1, 13370)
[M::mem_pestat] skip orientation FF
[M::mem_pestat] skip orientation RF
[M::mem_pestat] skip orientation RR
[M::mem_process_seqs] Processed 2825526 reads in 2977.239 CPU sec, 74.524 real sec
[M::process] read 2832208 sequences (400000203 bp)...
[M::mem_pestat] # candidate unique pairs for (FF, FR, RF, RR): (14, 745062, 70, 9)
[M::mem_pestat] analyzing insert size distribution for orientation FF...
[M::mem_pestat] (25, 50, 75) percentile: (410, 1944, 3164)
[M::mem_pestat] low and high boundaries for computing mean and std.dev: (1, 8672)
[M::mem_pestat] mean and std.dev: (1807.62, 1692.13)
[M::mem_pestat] low and high boundaries for proper pairs: (1, 11426)
[M::mem_pestat] analyzing insert size distribution for orientation FR...
[M::mem_pestat] (25, 50, 75) percentile: (186, 236, 308)
[M::mem_pestat] low and high boundaries for computing mean and std.dev: (1, 552)
[M::mem_pestat] mean and std.dev: (250.09, 87.41)
[M::mem_pestat] low and high boundaries for proper pairs: (1, 674)
[M::mem_pestat] analyzing insert size distribution for orientation RF...
[M::mem_pestat] (25, 50, 75) percentile: (159, 376, 1968)
[M::mem_pestat] low and high boundaries for computing mean and std.dev: (1, 5586)
[M::mem_pestat] mean and std.dev: (1169.04, 1587.69)
[M::mem_pestat] low and high boundaries for proper pairs: (1, 7520)
[M::mem_pestat] skip orientation RR as there are not enough pairs
[M::mem_pestat] skip orientation FF
[M::mem_pestat] skip orientation RF
[M::mem_process_seqs] Processed 2829332 reads in 2960.508 CPU sec, 74.408 real sec
[M::process] read 2835056 sequences (400000127 bp)...
[M::mem_pestat] # candidate unique pairs for (FF, FR, RF, RR): (17, 745124, 62, 11)
[M::mem_pestat] analyzing insert size distribution for orientation FF...
[M::mem_pestat] (25, 50, 75) percentile: (205, 1808, 4080)
[M::mem_pestat] low and high boundaries for computing mean and std.dev: (1, 11830)
[M::mem_pestat] mean and std.dev: (2384.00, 2168.53)
[M::mem_pestat] low and high boundaries for proper pairs: (1, 15705)
[M::mem_pestat] analyzing insert size distribution for orientation FR...
[M::mem_pestat] (25, 50, 75) percentile: (187, 237, 310)
[M::mem_pestat] low and high boundaries for computing mean and std.dev: (1, 556)
[M::mem_pestat] mean and std.dev: (251.34, 87.82)
[M::mem_pestat] low and high boundaries for proper pairs: (1, 679)
[M::mem_pestat] analyzing insert size distribution for orientation RF...
[M::mem_pestat] (25, 50, 75) percentile: (223, 376, 1403)
[M::mem_pestat] low and high boundaries for computing mean and std.dev: (1, 3763)
[M::mem_pestat] mean and std.dev: (698.98, 711.41)
[M::mem_pestat] low and high boundaries for proper pairs: (1, 4943)
[M::mem_pestat] analyzing insert size distribution for orientation RR...
[M::mem_pestat] (25, 50, 75) percentile: (403, 928, 4091)
[M::mem_pestat] low and high boundaries for computing mean and std.dev: (1, 11467)
[M::mem_pestat] mean and std.dev: (1810.09, 1827.76)
[M::mem_pestat] low and high boundaries for proper pairs: (1, 15155)
[M::mem_pestat] skip orientation FF
[M::mem_pestat] skip orientation RF
[M::mem_pestat] skip orientation RR
[M::mem_process_seqs] Processed 2832208 reads in 2999.257 CPU sec, 75.181 real sec
[M::process] read 2829664 sequences (400000008 bp)...
[M::mem_pestat] # candidate unique pairs for (FF, FR, RF, RR): (12, 745208, 81, 8)
[M::mem_pestat] analyzing insert size distribution for orientation FF...
[M::mem_pestat] (25, 50, 75) percentile: (187, 479, 5742)
[M::mem_pestat] low and high boundaries for computing mean and std.dev: (1, 16852)
[M::mem_pestat] mean and std.dev: (1960.83, 2957.35)
[M::mem_pestat] low and high boundaries for proper pairs: (1, 22407)
[M::mem_pestat] analyzing insert size distribution for orientation FR...
[M::mem_pestat] (25, 50, 75) percentile: (186, 236, 308)
[M::mem_pestat] low and high boundaries for computing mean and std.dev: (1, 552)
[M::mem_pestat] mean and std.dev: (250.12, 87.43)
[M::mem_pestat] low and high boundaries for proper pairs: (1, 674)
[M::mem_pestat] analyzing insert size distribution for orientation RF...
[M::mem_pestat] (25, 50, 75) percentile: (128, 226, 1771)
[M::mem_pestat] low and high boundaries for computing mean and std.dev: (1, 5057)
[M::mem_pestat] mean and std.dev: (709.10, 1003.40)
[M::mem_pestat] low and high boundaries for proper pairs: (1, 6700)
[M::mem_pestat] skip orientation RR as there are not enough pairs
[M::mem_pestat] skip orientation FF
[M::mem_pestat] skip orientation RF
[M::mem_process_seqs] Processed 2835056 reads in 3066.488 CPU sec, 76.683 real sec
[M::process] read 2811606 sequences (400000140 bp)...
[M::mem_pestat] # candidate unique pairs for (FF, FR, RF, RR): (7, 745444, 81, 14)
[M::mem_pestat] skip orientation FF as there are not enough pairs
[M::mem_pestat] analyzing insert size distribution for orientation FR...
[M::mem_pestat] (25, 50, 75) percentile: (187, 236, 309)
[M::mem_pestat] low and high boundaries for computing mean and std.dev: (1, 553)
[M::mem_pestat] mean and std.dev: (250.50, 87.36)
[M::mem_pestat] low and high boundaries for proper pairs: (1, 675)
[M::mem_pestat] analyzing insert size distribution for orientation RF...
[M::mem_pestat] (25, 50, 75) percentile: (213, 730, 2004)
[M::mem_pestat] low and high boundaries for computing mean and std.dev: (1, 5586)
[M::mem_pestat] mean and std.dev: (1063.72, 1254.12)
[M::mem_pestat] low and high boundaries for proper pairs: (1, 7377)
[M::mem_pestat] analyzing insert size distribution for orientation RR...
[M::mem_pestat] (25, 50, 75) percentile: (234, 1320, 2021)
[M::mem_pestat] low and high boundaries for computing mean and std.dev: (1, 5595)
[M::mem_pestat] mean and std.dev: (1020.67, 981.15)
[M::mem_pestat] low and high boundaries for proper pairs: (1, 7382)
[M::mem_pestat] skip orientation RF
[M::mem_pestat] skip orientation RR
[M::mem_process_seqs] Processed 2829664 reads in 3026.615 CPU sec, 75.893 real sec
[M::process] read 2805620 sequences (400000152 bp)...
[M::mem_pestat] # candidate unique pairs for (FF, FR, RF, RR): (14, 746287, 66, 15)
[M::mem_pestat] analyzing insert size distribution for orientation FF...
[M::mem_pestat] (25, 50, 75) percentile: (104, 2279, 2688)
[M::mem_pestat] low and high boundaries for computing mean and std.dev: (1, 7856)
[M::mem_pestat] mean and std.dev: (1553.64, 1473.28)
[M::mem_pestat] low and high boundaries for proper pairs: (1, 10440)
[M::mem_pestat] analyzing insert size distribution for orientation FR...
[M::mem_pestat] (25, 50, 75) percentile: (185, 234, 305)
[M::mem_pestat] low and high boundaries for computing mean and std.dev: (1, 545)
[M::mem_pestat] mean and std.dev: (247.65, 86.63)
[M::mem_pestat] low and high boundaries for proper pairs: (1, 665)
[M::mem_pestat] analyzing insert size distribution for orientation RF...
[M::mem_pestat] (25, 50, 75) percentile: (128, 353, 2098)
[M::mem_pestat] low and high boundaries for computing mean and std.dev: (1, 6038)
[M::mem_pestat] mean and std.dev: (1127.92, 1538.95)
[M::mem_pestat] low and high boundaries for proper pairs: (1, 8008)
[M::mem_pestat] analyzing insert size distribution for orientation RR...
[M::mem_pestat] (25, 50, 75) percentile: (171, 1580, 2876)
[M::mem_pestat] low and high boundaries for computing mean and std.dev: (1, 8286)
[M::mem_pestat] mean and std.dev: (1715.07, 1829.16)
[M::mem_pestat] low and high boundaries for proper pairs: (1, 10991)
[M::mem_pestat] skip orientation FF
[M::mem_pestat] skip orientation RF
[M::mem_pestat] skip orientation RR
[M::mem_process_seqs] Processed 2811606 reads in 2976.567 CPU sec, 74.825 real sec
[M::process] read 2808054 sequences (400000125 bp)...
[M::mem_pestat] # candidate unique pairs for (FF, FR, RF, RR): (11, 745165, 79, 13)
[M::mem_pestat] analyzing insert size distribution for orientation FF...
[M::mem_pestat] (25, 50, 75) percentile: (299, 2029, 5702)
[M::mem_pestat] low and high boundaries for computing mean and std.dev: (1, 16508)
[M::mem_pestat] mean and std.dev: (2399.09, 2310.66)
[M::mem_pestat] low and high boundaries for proper pairs: (1, 21911)
[M::mem_pestat] analyzing insert size distribution for orientation FR...
[M::mem_pestat] (25, 50, 75) percentile: (186, 235, 306)
[M::mem_pestat] low and high boundaries for computing mean and std.dev: (1, 546)
[M::mem_pestat] mean and std.dev: (249.07, 86.67)
[M::mem_pestat] low and high boundaries for proper pairs: (1, 666)
[M::mem_pestat] analyzing insert size distribution for orientation RF...
[M::mem_pestat] (25, 50, 75) percentile: (129, 486, 1246)
[M::mem_pestat] low and high boundaries for computing mean and std.dev: (1, 3480)
[M::mem_pestat] mean and std.dev: (581.72, 605.05)
[M::mem_pestat] low and high boundaries for proper pairs: (1, 4597)
[M::mem_pestat] analyzing insert size distribution for orientation RR...
[M::mem_pestat] (25, 50, 75) percentile: (210, 290, 1623)
[M::mem_pestat] low and high boundaries for computing mean and std.dev: (1, 4449)
[M::mem_pestat] mean and std.dev: (1015.85, 970.90)
[M::mem_pestat] low and high boundaries for proper pairs: (1, 5862)
[M::mem_pestat] skip orientation FF
[M::mem_pestat] skip orientation RF
[M::mem_pestat] skip orientation RR
[M::mem_process_seqs] Processed 2805620 reads in 2967.266 CPU sec, 74.379 real sec
[M::process] read 2809084 sequences (400000066 bp)...
[M::mem_pestat] # candidate unique pairs for (FF, FR, RF, RR): (9, 750430, 62, 10)
[M::mem_pestat] skip orientation FF as there are not enough pairs
[M::mem_pestat] analyzing insert size distribution for orientation FR...
[M::mem_pestat] (25, 50, 75) percentile: (184, 231, 301)
[M::mem_pestat] low and high boundaries for computing mean and std.dev: (1, 535)
[M::mem_pestat] mean and std.dev: (245.11, 85.10)
[M::mem_pestat] low and high boundaries for proper pairs: (1, 652)
[M::mem_pestat] analyzing insert size distribution for orientation RF...
[M::mem_pestat] (25, 50, 75) percentile: (225, 759, 2386)
[M::mem_pestat] low and high boundaries for computing mean and std.dev: (1, 6708)
[M::mem_pestat] mean and std.dev: (1285.40, 1509.20)
[M::mem_pestat] low and high boundaries for proper pairs: (1, 8869)
[M::mem_pestat] analyzing insert size distribution for orientation RR...
[M::mem_pestat] (25, 50, 75) percentile: (132, 2290, 2682)
[M::mem_pestat] low and high boundaries for computing mean and std.dev: (1, 7782)
[M::mem_pestat] mean and std.dev: (1456.78, 1297.62)
[M::mem_pestat] low and high boundaries for proper pairs: (1, 10332)
[M::mem_pestat] skip orientation RF
[M::mem_pestat] skip orientation RR
[M::mem_process_seqs] Processed 2808054 reads in 2951.537 CPU sec, 73.992 real sec
[M::process] read 2804844 sequences (400000196 bp)...
[M::mem_pestat] # candidate unique pairs for (FF, FR, RF, RR): (10, 749815, 58, 11)
[M::mem_pestat] analyzing insert size distribution for orientation FF...
[M::mem_pestat] (25, 50, 75) percentile: (230, 485, 1715)
[M::mem_pestat] low and high boundaries for computing mean and std.dev: (1, 4685)
[M::mem_pestat] mean and std.dev: (720.11, 716.99)
[M::mem_pestat] low and high boundaries for proper pairs: (1, 6170)
[M::mem_pestat] analyzing insert size distribution for orientation FR...
[M::mem_pestat] (25, 50, 75) percentile: (183, 231, 300)
[M::mem_pestat] low and high boundaries for computing mean and std.dev: (1, 534)
[M::mem_pestat] mean and std.dev: (244.80, 85.23)
[M::mem_pestat] low and high boundaries for proper pairs: (1, 651)
[M::mem_pestat] analyzing insert size distribution for orientation RF...
[M::mem_pestat] (25, 50, 75) percentile: (225, 854, 3235)
[M::mem_pestat] low and high boundaries for computing mean and std.dev: (1, 9255)
[M::mem_pestat] mean and std.dev: (1972.74, 2412.66)
[M::mem_pestat] low and high boundaries for proper pairs: (1, 12265)
[M::mem_pestat] analyzing insert size distribution for orientation RR...
[M::mem_pestat] (25, 50, 75) percentile: (154, 174, 1148)
[M::mem_pestat] low and high boundaries for computing mean and std.dev: (1, 3136)
[M::mem_pestat] mean and std.dev: (490.40, 679.04)
[M::mem_pestat] low and high boundaries for proper pairs: (1, 4130)
[M::mem_pestat] skip orientation FF
[M::mem_pestat] skip orientation RF
[M::mem_pestat] skip orientation RR
[M::mem_process_seqs] Processed 2809084 reads in 2967.761 CPU sec, 74.290 real sec
[M::process] read 2806418 sequences (400000188 bp)...
[M::mem_pestat] # candidate unique pairs for (FF, FR, RF, RR): (7, 748539, 58, 14)
[M::mem_pestat] skip orientation FF as there are not enough pairs
[M::mem_pestat] analyzing insert size distribution for orientation FR...
[M::mem_pestat] (25, 50, 75) percentile: (185, 233, 304)
[M::mem_pestat] low and high boundaries for computing mean and std.dev: (1, 542)
[M::mem_pestat] mean and std.dev: (247.01, 86.11)
[M::mem_pestat] low and high boundaries for proper pairs: (1, 661)
[M::mem_pestat] analyzing insert size distribution for orientation RF...
[M::mem_pestat] (25, 50, 75) percentile: (222, 398, 2239)
[M::mem_pestat] low and high boundaries for computing mean and std.dev: (1, 6273)
[M::mem_pestat] mean and std.dev: (1064.98, 1479.71)
[M::mem_pestat] low and high boundaries for proper pairs: (1, 8290)
[M::mem_pestat] analyzing insert size distribution for orientation RR...
[M::mem_pestat] (25, 50, 75) percentile: (1908, 2772, 5123)
[M::mem_pestat] low and high boundaries for computing mean and std.dev: (1, 11553)
[M::mem_pestat] mean and std.dev: (3452.50, 2568.89)
[M::mem_pestat] low and high boundaries for proper pairs: (1, 14768)
[M::mem_pestat] skip orientation RF
[M::mem_pestat] skip orientation RR
[M::mem_process_seqs] Processed 2804844 reads in 2971.436 CPU sec, 74.757 real sec
[M::process] read 2830496 sequences (400000074 bp)...
[M::mem_pestat] # candidate unique pairs for (FF, FR, RF, RR): (7, 745940, 63, 14)
[M::mem_pestat] skip orientation FF as there are not enough pairs
[M::mem_pestat] analyzing insert size distribution for orientation FR...
[M::mem_pestat] (25, 50, 75) percentile: (187, 237, 308)
[M::mem_pestat] low and high boundaries for computing mean and std.dev: (1, 550)
[M::mem_pestat] mean and std.dev: (250.51, 87.10)
[M::mem_pestat] low and high boundaries for proper pairs: (1, 671)
[M::mem_pestat] analyzing insert size distribution for orientation RF...
[M::mem_pestat] (25, 50, 75) percentile: (114, 384, 2447)
[M::mem_pestat] low and high boundaries for computing mean and std.dev: (1, 7113)
[M::mem_pestat] mean and std.dev: (1443.84, 2040.60)
[M::mem_pestat] low and high boundaries for proper pairs: (1, 9606)
[M::mem_pestat] analyzing insert size distribution for orientation RR...
[M::mem_pestat] (25, 50, 75) percentile: (387, 1715, 2633)
[M::mem_pestat] low and high boundaries for computing mean and std.dev: (1, 7125)
[M::mem_pestat] mean and std.dev: (1796.71, 1580.84)
[M::mem_pestat] low and high boundaries for proper pairs: (1, 9371)
[M::mem_pestat] skip orientation RF
[M::mem_pestat] skip orientation RR
[M::mem_process_seqs] Processed 2806418 reads in 2984.563 CPU sec, 74.643 real sec
[M::process] read 2832956 sequences (400000240 bp)...
[M::mem_pestat] # candidate unique pairs for (FF, FR, RF, RR): (9, 744522, 71, 10)
[M::mem_pestat] skip orientation FF as there are not enough pairs
[M::mem_pestat] analyzing insert size distribution for orientation FR...
[M::mem_pestat] (25, 50, 75) percentile: (187, 237, 310)
[M::mem_pestat] low and high boundaries for computing mean and std.dev: (1, 556)
[M::mem_pestat] mean and std.dev: (251.20, 87.82)
[M::mem_pestat] low and high boundaries for proper pairs: (1, 679)
[M::mem_pestat] analyzing insert size distribution for orientation RF...
[M::mem_pestat] (25, 50, 75) percentile: (223, 435, 1204)
[M::mem_pestat] low and high boundaries for computing mean and std.dev: (1, 3166)
[M::mem_pestat] mean and std.dev: (635.48, 643.71)
[M::mem_pestat] low and high boundaries for proper pairs: (1, 4147)
[M::mem_pestat] analyzing insert size distribution for orientation RR...
[M::mem_pestat] (25, 50, 75) percentile: (231, 2041, 3783)
[M::mem_pestat] low and high boundaries for computing mean and std.dev: (1, 10887)
[M::mem_pestat] mean and std.dev: (1853.40, 1712.42)
[M::mem_pestat] low and high boundaries for proper pairs: (1, 14439)
[M::mem_pestat] skip orientation RF
[M::mem_pestat] skip orientation RR
[M::mem_process_seqs] Processed 2830496 reads in 2982.957 CPU sec, 75.051 real sec
[M::process] read 2834020 sequences (400000239 bp)...
[M::mem_pestat] # candidate unique pairs for (FF, FR, RF, RR): (19, 743868, 61, 7)
[M::mem_pestat] analyzing insert size distribution for orientation FF...
[M::mem_pestat] (25, 50, 75) percentile: (1924, 1977, 2616)
[M::mem_pestat] low and high boundaries for computing mean and std.dev: (540, 4000)
[M::mem_pestat] mean and std.dev: (2027.75, 472.54)
[M::mem_pestat] low and high boundaries for proper pairs: (1, 4692)
[M::mem_pestat] analyzing insert size distribution for orientation FR...
[M::mem_pestat] (25, 50, 75) percentile: (187, 237, 309)
[M::mem_pestat] low and high boundaries for computing mean and std.dev: (1, 553)
[M::mem_pestat] mean and std.dev: (250.90, 87.81)
[M::mem_pestat] low and high boundaries for proper pairs: (1, 675)
[M::mem_pestat] analyzing insert size distribution for orientation RF...
[M::mem_pestat] (25, 50, 75) percentile: (223, 454, 2547)
[M::mem_pestat] low and high boundaries for computing mean and std.dev: (1, 7195)
[M::mem_pestat] mean and std.dev: (1394.75, 1786.62)
[M::mem_pestat] low and high boundaries for proper pairs: (1, 9519)
[M::mem_pestat] skip orientation RR as there are not enough pairs
[M::mem_pestat] skip orientation FF
[M::mem_pestat] skip orientation RF
[M::mem_process_seqs] Processed 2832956 reads in 3427.159 CPU sec, 91.735 real sec
[M::process] read 2834672 sequences (400000250 bp)...
[M::mem_pestat] # candidate unique pairs for (FF, FR, RF, RR): (4, 744867, 66, 11)
[M::mem_pestat] skip orientation FF as there are not enough pairs
[M::mem_pestat] analyzing insert size distribution for orientation FR...
[M::mem_pestat] (25, 50, 75) percentile: (187, 237, 310)
[M::mem_pestat] low and high boundaries for computing mean and std.dev: (1, 556)
[M::mem_pestat] mean and std.dev: (251.30, 87.91)
[M::mem_pestat] low and high boundaries for proper pairs: (1, 679)
[M::mem_pestat] analyzing insert size distribution for orientation RF...
[M::mem_pestat] (25, 50, 75) percentile: (224, 838, 2964)
[M::mem_pestat] low and high boundaries for computing mean and std.dev: (1, 8444)
[M::mem_pestat] mean and std.dev: (1709.36, 2110.80)
[M::mem_pestat] low and high boundaries for proper pairs: (1, 11184)
[M::mem_pestat] analyzing insert size distribution for orientation RR...
[M::mem_pestat] (25, 50, 75) percentile: (180, 216, 4923)
[M::mem_pestat] low and high boundaries for computing mean and std.dev: (1, 14409)
[M::mem_pestat] mean and std.dev: (1930.36, 2976.11)
[M::mem_pestat] low and high boundaries for proper pairs: (1, 19152)
[M::mem_pestat] skip orientation RF
[M::mem_pestat] skip orientation RR
[M::mem_process_seqs] Processed 2834020 reads in 3398.836 CPU sec, 85.183 real sec
[M::process] read 2821912 sequences (400000152 bp)...
[M::mem_pestat] # candidate unique pairs for (FF, FR, RF, RR): (7, 746784, 65, 22)
[M::mem_pestat] skip orientation FF as there are not enough pairs
[M::mem_pestat] analyzing insert size distribution for orientation FR...
[M::mem_pestat] (25, 50, 75) percentile: (187, 237, 309)
[M::mem_pestat] low and high boundaries for computing mean and std.dev: (1, 553)
[M::mem_pestat] mean and std.dev: (250.99, 87.72)
[M::mem_pestat] low and high boundaries for proper pairs: (1, 675)
[M::mem_pestat] analyzing insert size distribution for orientation RF...
[M::mem_pestat] (25, 50, 75) percentile: (253, 1436, 3116)
[M::mem_pestat] low and high boundaries for computing mean and std.dev: (1, 8842)
[M::mem_pestat] mean and std.dev: (1777.65, 1730.75)
[M::mem_pestat] low and high boundaries for proper pairs: (1, 11705)
[M::mem_pestat] analyzing insert size distribution for orientation RR...
[M::mem_pestat] (25, 50, 75) percentile: (403, 1822, 1953)
[M::mem_pestat] low and high boundaries for computing mean and std.dev: (1, 5053)
[M::mem_pestat] mean and std.dev: (1320.89, 1240.48)
[M::mem_pestat] low and high boundaries for proper pairs: (1, 6603)
[M::mem_pestat] skip orientation RF
[M::mem_pestat] skip orientation RR
[M::mem_process_seqs] Processed 2834672 reads in 3135.528 CPU sec, 78.479 real sec
[M::process] read 2797588 sequences (400000191 bp)...
[M::mem_pestat] # candidate unique pairs for (FF, FR, RF, RR): (10, 743894, 68, 17)
[M::mem_pestat] analyzing insert size distribution for orientation FF...
[M::mem_pestat] (25, 50, 75) percentile: (173, 417, 1845)
[M::mem_pestat] low and high boundaries for computing mean and std.dev: (1, 5189)
[M::mem_pestat] mean and std.dev: (1206.90, 1360.62)
[M::mem_pestat] low and high boundaries for proper pairs: (1, 6861)
[M::mem_pestat] analyzing insert size distribution for orientation FR...
[M::mem_pestat] (25, 50, 75) percentile: (187, 237, 309)
[M::mem_pestat] low and high boundaries for computing mean and std.dev: (1, 553)
[M::mem_pestat] mean and std.dev: (250.88, 87.72)
[M::mem_pestat] low and high boundaries for proper pairs: (1, 675)
[M::mem_pestat] analyzing insert size distribution for orientation RF...
[M::mem_pestat] (25, 50, 75) percentile: (223, 397, 1893)
[M::mem_pestat] low and high boundaries for computing mean and std.dev: (1, 5233)
[M::mem_pestat] mean and std.dev: (790.53, 976.97)
[M::mem_pestat] low and high boundaries for proper pairs: (1, 6903)
[M::mem_pestat] analyzing insert size distribution for orientation RR...
[M::mem_pestat] (25, 50, 75) percentile: (137, 263, 2361)
[M::mem_pestat] low and high boundaries for computing mean and std.dev: (1, 6809)
[M::mem_pestat] mean and std.dev: (850.31, 1219.22)
[M::mem_pestat] low and high boundaries for proper pairs: (1, 9033)
[M::mem_pestat] skip orientation FF
[M::mem_pestat] skip orientation RF
[M::mem_pestat] skip orientation RR
[M::mem_process_seqs] Processed 2821912 reads in 3027.617 CPU sec, 76.108 real sec
[M::process] read 2791242 sequences (400000013 bp)...
[M::mem_pestat] # candidate unique pairs for (FF, FR, RF, RR): (6, 743294, 65, 12)
[M::mem_pestat] skip orientation FF as there are not enough pairs
[M::mem_pestat] analyzing insert size distribution for orientation FR...
[M::mem_pestat] (25, 50, 75) percentile: (188, 238, 311)
[M::mem_pestat] low and high boundaries for computing mean and std.dev: (1, 557)
[M::mem_pestat] mean and std.dev: (252.59, 88.24)
[M::mem_pestat] low and high boundaries for proper pairs: (1, 680)
[M::mem_pestat] analyzing insert size distribution for orientation RF...
[M::mem_pestat] (25, 50, 75) percentile: (223, 897, 3786)
[M::mem_pestat] low and high boundaries for computing mean and std.dev: (1, 10912)
[M::mem_pestat] mean and std.dev: (2224.80, 2755.21)
[M::mem_pestat] low and high boundaries for proper pairs: (1, 14475)
[M::mem_pestat] analyzing insert size distribution for orientation RR...
[M::mem_pestat] (25, 50, 75) percentile: (166, 1305, 1878)
[M::mem_pestat] low and high boundaries for computing mean and std.dev: (1, 5302)
[M::mem_pestat] mean and std.dev: (1064.33, 965.38)
[M::mem_pestat] low and high boundaries for proper pairs: (1, 7014)
[M::mem_pestat] skip orientation RF
[M::mem_pestat] skip orientation RR
[M::mem_process_seqs] Processed 2797588 reads in 2976.667 CPU sec, 74.440 real sec
[M::process] read 2789338 sequences (400000059 bp)...
[M::mem_pestat] # candidate unique pairs for (FF, FR, RF, RR): (8, 742035, 89, 5)
[M::mem_pestat] skip orientation FF as there are not enough pairs
[M::mem_pestat] analyzing insert size distribution for orientation FR...
[M::mem_pestat] (25, 50, 75) percentile: (189, 240, 313)
[M::mem_pestat] low and high boundaries for computing mean and std.dev: (1, 561)
[M::mem_pestat] mean and std.dev: (253.79, 88.32)
[M::mem_pestat] low and high boundaries for proper pairs: (1, 685)
[M::mem_pestat] analyzing insert size distribution for orientation RF...
[M::mem_pestat] (25, 50, 75) percentile: (192, 388, 1089)
[M::mem_pestat] low and high boundaries for computing mean and std.dev: (1, 2883)
[M::mem_pestat] mean and std.dev: (524.18, 590.60)
[M::mem_pestat] low and high boundaries for proper pairs: (1, 3780)
[M::mem_pestat] skip orientation RR as there are not enough pairs
[M::mem_pestat] skip orientation RF
[M::mem_process_seqs] Processed 2791242 reads in 2990.885 CPU sec, 75.174 real sec
[M::process] read 2794380 sequences (400000286 bp)...
[M::mem_pestat] # candidate unique pairs for (FF, FR, RF, RR): (11, 742678, 58, 5)
[M::mem_pestat] analyzing insert size distribution for orientation FF...
[M::mem_pestat] (25, 50, 75) percentile: (229, 2199, 4109)
[M::mem_pestat] low and high boundaries for computing mean and std.dev: (1, 11869)
[M::mem_pestat] mean and std.dev: (2246.64, 2067.91)
[M::mem_pestat] low and high boundaries for proper pairs: (1, 15749)
[M::mem_pestat] analyzing insert size distribution for orientation FR...
[M::mem_pestat] (25, 50, 75) percentile: (189, 240, 313)
[M::mem_pestat] low and high boundaries for computing mean and std.dev: (1, 561)
[M::mem_pestat] mean and std.dev: (254.14, 88.62)
[M::mem_pestat] low and high boundaries for proper pairs: (1, 685)
[M::mem_pestat] analyzing insert size distribution for orientation RF...
[M::mem_pestat] (25, 50, 75) percentile: (180, 609, 1055)
[M::mem_pestat] low and high boundaries for computing mean and std.dev: (1, 2805)
[M::mem_pestat] mean and std.dev: (602.78, 625.41)
[M::mem_pestat] low and high boundaries for proper pairs: (1, 3680)
[M::mem_pestat] skip orientation RR as there are not enough pairs
[M::mem_pestat] skip orientation FF
[M::mem_pestat] skip orientation RF
[M::mem_process_seqs] Processed 2789338 reads in 2985.777 CPU sec, 74.654 real sec
[M::process] read 2812048 sequences (400000284 bp)...
[M::mem_pestat] # candidate unique pairs for (FF, FR, RF, RR): (16, 738630, 55, 13)
[M::mem_pestat] analyzing insert size distribution for orientation FF...
[M::mem_pestat] (25, 50, 75) percentile: (191, 2262, 2278)
[M::mem_pestat] low and high boundaries for computing mean and std.dev: (1, 6452)
[M::mem_pestat] mean and std.dev: (1557.38, 1156.90)
[M::mem_pestat] low and high boundaries for proper pairs: (1, 8539)
[M::mem_pestat] analyzing insert size distribution for orientation FR...
[M::mem_pestat] (25, 50, 75) percentile: (191, 243, 318)
[M::mem_pestat] low and high boundaries for computing mean and std.dev: (1, 572)
[M::mem_pestat] mean and std.dev: (257.23, 89.68)
[M::mem_pestat] low and high boundaries for proper pairs: (1, 699)
[M::mem_pestat] analyzing insert size distribution for orientation RF...
[M::mem_pestat] (25, 50, 75) percentile: (180, 553, 2456)
[M::mem_pestat] low and high boundaries for computing mean and std.dev: (1, 7008)
[M::mem_pestat] mean and std.dev: (1114.04, 1468.86)
[M::mem_pestat] low and high boundaries for proper pairs: (1, 9284)
[M::mem_pestat] analyzing insert size distribution for orientation RR...
[M::mem_pestat] (25, 50, 75) percentile: (330, 1688, 2021)
[M::mem_pestat] low and high boundaries for computing mean and std.dev: (1, 5403)
[M::mem_pestat] mean and std.dev: (1212.77, 939.40)
[M::mem_pestat] low and high boundaries for proper pairs: (1, 7094)
[M::mem_pestat] skip orientation FF
[M::mem_pestat] skip orientation RF
[M::mem_pestat] skip orientation RR
[M::mem_process_seqs] Processed 2794380 reads in 3111.112 CPU sec, 78.277 real sec
[M::process] read 2808194 sequences (400000117 bp)...
[M::mem_pestat] # candidate unique pairs for (FF, FR, RF, RR): (17, 739791, 80, 6)
[M::mem_pestat] analyzing insert size distribution for orientation FF...
[M::mem_pestat] (25, 50, 75) percentile: (1341, 3365, 8923)
[M::mem_pestat] low and high boundaries for computing mean and std.dev: (1, 24087)
[M::mem_pestat] mean and std.dev: (4037.00, 3158.02)
[M::mem_pestat] low and high boundaries for proper pairs: (1, 31669)
[M::mem_pestat] analyzing insert size distribution for orientation FR...
[M::mem_pestat] (25, 50, 75) percentile: (190, 243, 318)
[M::mem_pestat] low and high boundaries for computing mean and std.dev: (1, 574)
[M::mem_pestat] mean and std.dev: (257.06, 90.12)
[M::mem_pestat] low and high boundaries for proper pairs: (1, 702)
[M::mem_pestat] analyzing insert size distribution for orientation RF...
[M::mem_pestat] (25, 50, 75) percentile: (154, 741, 3202)
[M::mem_pestat] low and high boundaries for computing mean and std.dev: (1, 9298)
[M::mem_pestat] mean and std.dev: (1829.87, 2406.45)
[M::mem_pestat] low and high boundaries for proper pairs: (1, 12346)
[M::mem_pestat] skip orientation RR as there are not enough pairs
[M::mem_pestat] skip orientation FF
[M::mem_pestat] skip orientation RF
[M::mem_process_seqs] Processed 2812048 reads in 3087.752 CPU sec, 77.237 real sec
[M::process] read 2803902 sequences (400000188 bp)...
[M::mem_pestat] # candidate unique pairs for (FF, FR, RF, RR): (9, 739597, 77, 11)
[M::mem_pestat] skip orientation FF as there are not enough pairs
[M::mem_pestat] analyzing insert size distribution for orientation FR...
[M::mem_pestat] (25, 50, 75) percentile: (191, 244, 319)
[M::mem_pestat] low and high boundaries for computing mean and std.dev: (1, 575)
[M::mem_pestat] mean and std.dev: (258.27, 90.44)
[M::mem_pestat] low and high boundaries for proper pairs: (1, 703)
[M::mem_pestat] analyzing insert size distribution for orientation RF...
[M::mem_pestat] (25, 50, 75) percentile: (223, 659, 2347)
[M::mem_pestat] low and high boundaries for computing mean and std.dev: (1, 6595)
[M::mem_pestat] mean and std.dev: (1331.25, 1466.42)
[M::mem_pestat] low and high boundaries for proper pairs: (1, 8719)
[M::mem_pestat] analyzing insert size distribution for orientation RR...
[M::mem_pestat] (25, 50, 75) percentile: (210, 3218, 4413)
[M::mem_pestat] low and high boundaries for computing mean and std.dev: (1, 12819)
[M::mem_pestat] mean and std.dev: (2465.27, 2089.54)
[M::mem_pestat] low and high boundaries for proper pairs: (1, 17022)
[M::mem_pestat] skip orientation RF
[M::mem_pestat] skip orientation RR
[M::mem_process_seqs] Processed 2808194 reads in 3057.822 CPU sec, 76.766 real sec
[M::process] read 508068 sequences (72548762 bp)...
[M::mem_pestat] # candidate unique pairs for (FF, FR, RF, RR): (4, 738818, 68, 12)
[M::mem_pestat] skip orientation FF as there are not enough pairs
[M::mem_pestat] analyzing insert size distribution for orientation FR...
[M::mem_pestat] (25, 50, 75) percentile: (191, 244, 320)
[M::mem_pestat] low and high boundaries for computing mean and std.dev: (1, 578)
[M::mem_pestat] mean and std.dev: (258.87, 91.22)
[M::mem_pestat] low and high boundaries for proper pairs: (1, 707)
[M::mem_pestat] analyzing insert size distribution for orientation RF...
[M::mem_pestat] (25, 50, 75) percentile: (223, 477, 2062)
[M::mem_pestat] low and high boundaries for computing mean and std.dev: (1, 5740)
[M::mem_pestat] mean and std.dev: (1029.44, 1158.20)
[M::mem_pestat] low and high boundaries for proper pairs: (1, 7579)
[M::mem_pestat] analyzing insert size distribution for orientation RR...
[M::mem_pestat] (25, 50, 75) percentile: (1960, 3869, 5809)
[M::mem_pestat] low and high boundaries for computing mean and std.dev: (1, 13507)
[M::mem_pestat] mean and std.dev: (3027.58, 2110.17)
[M::mem_pestat] low and high boundaries for proper pairs: (1, 17356)
[M::mem_pestat] skip orientation RF
[M::mem_pestat] skip orientation RR
[M::mem_process_seqs] Processed 2803902 reads in 3047.260 CPU sec, 76.592 real sec
[M::mem_pestat] # candidate unique pairs for (FF, FR, RF, RR): (2, 134853, 13, 2)
[M::mem_pestat] skip orientation FF as there are not enough pairs
[M::mem_pestat] analyzing insert size distribution for orientation FR...
[M::mem_pestat] (25, 50, 75) percentile: (191, 244, 320)
[M::mem_pestat] low and high boundaries for computing mean and std.dev: (1, 578)
[M::mem_pestat] mean and std.dev: (258.66, 91.18)
[M::mem_pestat] low and high boundaries for proper pairs: (1, 707)
[M::mem_pestat] analyzing insert size distribution for orientation RF...
[M::mem_pestat] (25, 50, 75) percentile: (92, 376, 901)
[M::mem_pestat] low and high boundaries for computing mean and std.dev: (1, 2519)
[M::mem_pestat] mean and std.dev: (470.42, 492.66)
[M::mem_pestat] low and high boundaries for proper pairs: (1, 3328)
[M::mem_pestat] skip orientation RR as there are not enough pairs
[M::mem_pestat] skip orientation RF
[M::mem_process_seqs] Processed 508068 reads in 586.250 CPU sec, 14.890 real sec
[main] Version: 0.7.17-r1188
[main] CMD: /home/shared/bwa-0.7.17/bwa mem -M -t 40 ../data/bwa-GCF_031168955.1_ASM3116895v1_genomic ../data/trimmed-fastqs-heatwave-genetics/MHW083_trimmed_clipped_R1_paired.fq.gz ../data/trimmed-fastqs-heatwave-genetics/MHW083_trimmed_clipped_R2_paired.fq.gz
[main] Real time: 2151.055 sec; CPU: 85252.714 sec
