[M::bwa_idx_load_from_disk] read 0 ALT contigs
[M::process] read 2827454 sequences (400000198 bp)...
[M::process] read 2819558 sequences (400000130 bp)...
[M::mem_pestat] # candidate unique pairs for (FF, FR, RF, RR): (10, 719406, 60, 10)
[M::mem_pestat] analyzing insert size distribution for orientation FF...
[M::mem_pestat] (25, 50, 75) percentile: (306, 2554, 3970)
[M::mem_pestat] low and high boundaries for computing mean and std.dev: (1, 11298)
[M::mem_pestat] mean and std.dev: (2601.10, 2777.26)
[M::mem_pestat] low and high boundaries for proper pairs: (1, 14962)
[M::mem_pestat] analyzing insert size distribution for orientation FR...
[M::mem_pestat] (25, 50, 75) percentile: (165, 207, 284)
[M::mem_pestat] low and high boundaries for computing mean and std.dev: (1, 522)
[M::mem_pestat] mean and std.dev: (227.98, 85.65)
[M::mem_pestat] low and high boundaries for proper pairs: (1, 641)
[M::mem_pestat] analyzing insert size distribution for orientation RF...
[M::mem_pestat] (25, 50, 75) percentile: (189, 372, 1189)
[M::mem_pestat] low and high boundaries for computing mean and std.dev: (1, 3189)
[M::mem_pestat] mean and std.dev: (582.67, 669.35)
[M::mem_pestat] low and high boundaries for proper pairs: (1, 4189)
[M::mem_pestat] analyzing insert size distribution for orientation RR...
[M::mem_pestat] (25, 50, 75) percentile: (184, 4342, 4657)
[M::mem_pestat] low and high boundaries for computing mean and std.dev: (1, 13603)
[M::mem_pestat] mean and std.dev: (2818.60, 2771.50)
[M::mem_pestat] low and high boundaries for proper pairs: (1, 18076)
[M::mem_pestat] skip orientation FF
[M::mem_pestat] skip orientation RF
[M::mem_pestat] skip orientation RR
[M::mem_process_seqs] Processed 2827454 reads in 2784.908 CPU sec, 69.870 real sec
[M::process] read 2817010 sequences (400000141 bp)...
[M::mem_pestat] # candidate unique pairs for (FF, FR, RF, RR): (10, 705660, 75, 18)
[M::mem_pestat] analyzing insert size distribution for orientation FF...
[M::mem_pestat] (25, 50, 75) percentile: (1488, 3889, 4385)
[M::mem_pestat] low and high boundaries for computing mean and std.dev: (1, 10179)
[M::mem_pestat] mean and std.dev: (2956.60, 2041.42)
[M::mem_pestat] low and high boundaries for proper pairs: (1, 13076)
[M::mem_pestat] analyzing insert size distribution for orientation FR...
[M::mem_pestat] (25, 50, 75) percentile: (170, 217, 304)
[M::mem_pestat] low and high boundaries for computing mean and std.dev: (1, 572)
[M::mem_pestat] mean and std.dev: (239.70, 91.65)
[M::mem_pestat] low and high boundaries for proper pairs: (1, 706)
[M::mem_pestat] analyzing insert size distribution for orientation RF...
[M::mem_pestat] (25, 50, 75) percentile: (225, 887, 3850)
[M::mem_pestat] low and high boundaries for computing mean and std.dev: (1, 11100)
[M::mem_pestat] mean and std.dev: (2303.32, 2834.77)
[M::mem_pestat] low and high boundaries for proper pairs: (1, 14725)
[M::mem_pestat] analyzing insert size distribution for orientation RR...
[M::mem_pestat] (25, 50, 75) percentile: (157, 279, 2957)
[M::mem_pestat] low and high boundaries for computing mean and std.dev: (1, 8557)
[M::mem_pestat] mean and std.dev: (1385.50, 1715.94)
[M::mem_pestat] low and high boundaries for proper pairs: (1, 11357)
[M::mem_pestat] skip orientation FF
[M::mem_pestat] skip orientation RF
[M::mem_pestat] skip orientation RR
[M::mem_process_seqs] Processed 2819558 reads in 2926.937 CPU sec, 73.486 real sec
[M::process] read 2819656 sequences (400000101 bp)...
[M::mem_pestat] # candidate unique pairs for (FF, FR, RF, RR): (12, 712094, 54, 7)
[M::mem_pestat] analyzing insert size distribution for orientation FF...
[M::mem_pestat] (25, 50, 75) percentile: (1035, 1721, 8136)
[M::mem_pestat] low and high boundaries for computing mean and std.dev: (1, 22338)
[M::mem_pestat] mean and std.dev: (3292.00, 3339.97)
[M::mem_pestat] low and high boundaries for proper pairs: (1, 29439)
[M::mem_pestat] analyzing insert size distribution for orientation FR...
[M::mem_pestat] (25, 50, 75) percentile: (168, 212, 295)
[M::mem_pestat] low and high boundaries for computing mean and std.dev: (1, 549)
[M::mem_pestat] mean and std.dev: (234.19, 89.05)
[M::mem_pestat] low and high boundaries for proper pairs: (1, 676)
[M::mem_pestat] analyzing insert size distribution for orientation RF...
[M::mem_pestat] (25, 50, 75) percentile: (109, 223, 1209)
[M::mem_pestat] low and high boundaries for computing mean and std.dev: (1, 3409)
[M::mem_pestat] mean and std.dev: (628.66, 864.13)
[M::mem_pestat] low and high boundaries for proper pairs: (1, 4509)
[M::mem_pestat] skip orientation RR as there are not enough pairs
[M::mem_pestat] skip orientation FF
[M::mem_pestat] skip orientation RF
[M::mem_process_seqs] Processed 2817010 reads in 2908.052 CPU sec, 72.971 real sec
[M::process] read 2818364 sequences (400000003 bp)...
[M::mem_pestat] # candidate unique pairs for (FF, FR, RF, RR): (12, 709854, 58, 14)
[M::mem_pestat] analyzing insert size distribution for orientation FF...
[M::mem_pestat] (25, 50, 75) percentile: (255, 944, 2052)
[M::mem_pestat] low and high boundaries for computing mean and std.dev: (1, 5646)
[M::mem_pestat] mean and std.dev: (1168.09, 1240.56)
[M::mem_pestat] low and high boundaries for proper pairs: (1, 7443)
[M::mem_pestat] analyzing insert size distribution for orientation FR...
[M::mem_pestat] (25, 50, 75) percentile: (169, 214, 299)
[M::mem_pestat] low and high boundaries for computing mean and std.dev: (1, 559)
[M::mem_pestat] mean and std.dev: (236.39, 90.26)
[M::mem_pestat] low and high boundaries for proper pairs: (1, 689)
[M::mem_pestat] analyzing insert size distribution for orientation RF...
[M::mem_pestat] (25, 50, 75) percentile: (105, 442, 3064)
[M::mem_pestat] low and high boundaries for computing mean and std.dev: (1, 8982)
[M::mem_pestat] mean and std.dev: (1709.28, 2321.21)
[M::mem_pestat] low and high boundaries for proper pairs: (1, 11941)
[M::mem_pestat] analyzing insert size distribution for orientation RR...
[M::mem_pestat] (25, 50, 75) percentile: (194, 1855, 3515)
[M::mem_pestat] low and high boundaries for computing mean and std.dev: (1, 10157)
[M::mem_pestat] mean and std.dev: (2400.93, 2886.94)
[M::mem_pestat] low and high boundaries for proper pairs: (1, 13949)
[M::mem_pestat] skip orientation FF
[M::mem_pestat] skip orientation RF
[M::mem_pestat] skip orientation RR
[M::mem_process_seqs] Processed 2819656 reads in 2938.350 CPU sec, 73.913 real sec
[M::process] read 2818108 sequences (400000042 bp)...
[M::mem_pestat] # candidate unique pairs for (FF, FR, RF, RR): (9, 706498, 54, 9)
[M::mem_pestat] skip orientation FF as there are not enough pairs
[M::mem_pestat] analyzing insert size distribution for orientation FR...
[M::mem_pestat] (25, 50, 75) percentile: (170, 217, 304)
[M::mem_pestat] low and high boundaries for computing mean and std.dev: (1, 572)
[M::mem_pestat] mean and std.dev: (239.30, 91.63)
[M::mem_pestat] low and high boundaries for proper pairs: (1, 706)
[M::mem_pestat] analyzing insert size distribution for orientation RF...
[M::mem_pestat] (25, 50, 75) percentile: (204, 929, 3683)
[M::mem_pestat] low and high boundaries for computing mean and std.dev: (1, 10641)
[M::mem_pestat] mean and std.dev: (2201.54, 2523.87)
[M::mem_pestat] low and high boundaries for proper pairs: (1, 14120)
[M::mem_pestat] skip orientation RR as there are not enough pairs
[M::mem_pestat] skip orientation RF
[M::mem_process_seqs] Processed 2818364 reads in 2938.516 CPU sec, 73.488 real sec
[M::process] read 2809332 sequences (400000124 bp)...
[M::mem_pestat] # candidate unique pairs for (FF, FR, RF, RR): (8, 714448, 54, 15)
[M::mem_pestat] skip orientation FF as there are not enough pairs
[M::mem_pestat] analyzing insert size distribution for orientation FR...
[M::mem_pestat] (25, 50, 75) percentile: (167, 211, 292)
[M::mem_pestat] low and high boundaries for computing mean and std.dev: (1, 542)
[M::mem_pestat] mean and std.dev: (232.32, 88.21)
[M::mem_pestat] low and high boundaries for proper pairs: (1, 667)
[M::mem_pestat] analyzing insert size distribution for orientation RF...
[M::mem_pestat] (25, 50, 75) percentile: (223, 547, 1606)
[M::mem_pestat] low and high boundaries for computing mean and std.dev: (1, 4372)
[M::mem_pestat] mean and std.dev: (810.25, 969.21)
[M::mem_pestat] low and high boundaries for proper pairs: (1, 5755)
[M::mem_pestat] analyzing insert size distribution for orientation RR...
[M::mem_pestat] (25, 50, 75) percentile: (297, 1397, 3978)
[M::mem_pestat] low and high boundaries for computing mean and std.dev: (1, 11340)
[M::mem_pestat] mean and std.dev: (2494.33, 2773.56)
[M::mem_pestat] low and high boundaries for proper pairs: (1, 15021)
[M::mem_pestat] skip orientation RF
[M::mem_pestat] skip orientation RR
[M::mem_process_seqs] Processed 2818108 reads in 2905.941 CPU sec, 72.877 real sec
[M::process] read 2843072 sequences (400000238 bp)...
[M::mem_pestat] # candidate unique pairs for (FF, FR, RF, RR): (11, 701797, 73, 6)
[M::mem_pestat] analyzing insert size distribution for orientation FF...
[M::mem_pestat] (25, 50, 75) percentile: (632, 2022, 4036)
[M::mem_pestat] low and high boundaries for computing mean and std.dev: (1, 10844)
[M::mem_pestat] mean and std.dev: (2127.82, 1907.18)
[M::mem_pestat] low and high boundaries for proper pairs: (1, 14248)
[M::mem_pestat] analyzing insert size distribution for orientation FR...
[M::mem_pestat] (25, 50, 75) percentile: (172, 221, 311)
[M::mem_pestat] low and high boundaries for computing mean and std.dev: (1, 589)
[M::mem_pestat] mean and std.dev: (243.56, 93.31)
[M::mem_pestat] low and high boundaries for proper pairs: (1, 728)
[M::mem_pestat] analyzing insert size distribution for orientation RF...
[M::mem_pestat] (25, 50, 75) percentile: (99, 277, 1369)
[M::mem_pestat] low and high boundaries for computing mean and std.dev: (1, 3909)
[M::mem_pestat] mean and std.dev: (710.09, 925.42)
[M::mem_pestat] low and high boundaries for proper pairs: (1, 5179)
[M::mem_pestat] skip orientation RR as there are not enough pairs
[M::mem_pestat] skip orientation FF
[M::mem_pestat] skip orientation RF
[M::mem_process_seqs] Processed 2809332 reads in 2963.812 CPU sec, 74.575 real sec
[M::process] read 2833230 sequences (400000167 bp)...
[M::mem_pestat] # candidate unique pairs for (FF, FR, RF, RR): (6, 706679, 58, 8)
[M::mem_pestat] skip orientation FF as there are not enough pairs
[M::mem_pestat] analyzing insert size distribution for orientation FR...
[M::mem_pestat] (25, 50, 75) percentile: (169, 216, 302)
[M::mem_pestat] low and high boundaries for computing mean and std.dev: (1, 568)
[M::mem_pestat] mean and std.dev: (238.39, 91.25)
[M::mem_pestat] low and high boundaries for proper pairs: (1, 701)
[M::mem_pestat] analyzing insert size distribution for orientation RF...
[M::mem_pestat] (25, 50, 75) percentile: (225, 994, 2324)
[M::mem_pestat] low and high boundaries for computing mean and std.dev: (1, 6522)
[M::mem_pestat] mean and std.dev: (1274.62, 1494.16)
[M::mem_pestat] low and high boundaries for proper pairs: (1, 8621)
[M::mem_pestat] skip orientation RR as there are not enough pairs
[M::mem_pestat] skip orientation RF
[M::mem_process_seqs] Processed 2843072 reads in 2956.912 CPU sec, 74.130 real sec
[M::process] read 2839180 sequences (400000084 bp)...
[M::mem_pestat] # candidate unique pairs for (FF, FR, RF, RR): (7, 700593, 56, 14)
[M::mem_pestat] skip orientation FF as there are not enough pairs
[M::mem_pestat] analyzing insert size distribution for orientation FR...
[M::mem_pestat] (25, 50, 75) percentile: (171, 220, 309)
[M::mem_pestat] low and high boundaries for computing mean and std.dev: (1, 585)
[M::mem_pestat] mean and std.dev: (242.63, 93.62)
[M::mem_pestat] low and high boundaries for proper pairs: (1, 723)
[M::mem_pestat] analyzing insert size distribution for orientation RF...
[M::mem_pestat] (25, 50, 75) percentile: (86, 320, 1233)
[M::mem_pestat] low and high boundaries for computing mean and std.dev: (1, 3527)
[M::mem_pestat] mean and std.dev: (427.91, 488.18)
[M::mem_pestat] low and high boundaries for proper pairs: (1, 4674)
[M::mem_pestat] analyzing insert size distribution for orientation RR...
[M::mem_pestat] (25, 50, 75) percentile: (391, 712, 2033)
[M::mem_pestat] low and high boundaries for computing mean and std.dev: (1, 5317)
[M::mem_pestat] mean and std.dev: (724.09, 611.31)
[M::mem_pestat] low and high boundaries for proper pairs: (1, 6959)
[M::mem_pestat] skip orientation RF
[M::mem_pestat] skip orientation RR
[M::mem_process_seqs] Processed 2833230 reads in 2973.416 CPU sec, 74.539 real sec
[M::process] read 2846150 sequences (400000111 bp)...
[M::mem_pestat] # candidate unique pairs for (FF, FR, RF, RR): (3, 704508, 53, 7)
[M::mem_pestat] skip orientation FF as there are not enough pairs
[M::mem_pestat] analyzing insert size distribution for orientation FR...
[M::mem_pestat] (25, 50, 75) percentile: (170, 217, 306)
[M::mem_pestat] low and high boundaries for computing mean and std.dev: (1, 578)
[M::mem_pestat] mean and std.dev: (240.33, 92.24)
[M::mem_pestat] low and high boundaries for proper pairs: (1, 714)
[M::mem_pestat] analyzing insert size distribution for orientation RF...
[M::mem_pestat] (25, 50, 75) percentile: (100, 223, 947)
[M::mem_pestat] low and high boundaries for computing mean and std.dev: (1, 2641)
[M::mem_pestat] mean and std.dev: (352.94, 397.73)
[M::mem_pestat] low and high boundaries for proper pairs: (1, 3488)
[M::mem_pestat] skip orientation RR as there are not enough pairs
[M::mem_pestat] skip orientation RF
[M::mem_process_seqs] Processed 2839180 reads in 2961.447 CPU sec, 74.070 real sec
[M::process] read 2839134 sequences (400000054 bp)...
[M::mem_pestat] # candidate unique pairs for (FF, FR, RF, RR): (6, 703196, 60, 12)
[M::mem_pestat] skip orientation FF as there are not enough pairs
[M::mem_pestat] analyzing insert size distribution for orientation FR...
[M::mem_pestat] (25, 50, 75) percentile: (171, 219, 308)
[M::mem_pestat] low and high boundaries for computing mean and std.dev: (1, 582)
[M::mem_pestat] mean and std.dev: (241.84, 92.95)
[M::mem_pestat] low and high boundaries for proper pairs: (1, 719)
[M::mem_pestat] analyzing insert size distribution for orientation RF...
[M::mem_pestat] (25, 50, 75) percentile: (78, 502, 3844)
[M::mem_pestat] low and high boundaries for computing mean and std.dev: (1, 11376)
[M::mem_pestat] mean and std.dev: (1845.03, 2607.91)
[M::mem_pestat] low and high boundaries for proper pairs: (1, 15142)
[M::mem_pestat] analyzing insert size distribution for orientation RR...
[M::mem_pestat] (25, 50, 75) percentile: (290, 464, 5738)
[M::mem_pestat] low and high boundaries for computing mean and std.dev: (1, 16634)
[M::mem_pestat] mean and std.dev: (2460.67, 2895.07)
[M::mem_pestat] low and high boundaries for proper pairs: (1, 22082)
[M::mem_pestat] skip orientation RF
[M::mem_pestat] skip orientation RR
[M::mem_process_seqs] Processed 2846150 reads in 3012.680 CPU sec, 75.556 real sec
[M::process] read 2843214 sequences (400000046 bp)...
[M::mem_pestat] # candidate unique pairs for (FF, FR, RF, RR): (7, 701550, 64, 6)
[M::mem_pestat] skip orientation FF as there are not enough pairs
[M::mem_pestat] analyzing insert size distribution for orientation FR...
[M::mem_pestat] (25, 50, 75) percentile: (171, 220, 310)
[M::mem_pestat] low and high boundaries for computing mean and std.dev: (1, 588)
[M::mem_pestat] mean and std.dev: (242.85, 93.55)
[M::mem_pestat] low and high boundaries for proper pairs: (1, 727)
[M::mem_pestat] analyzing insert size distribution for orientation RF...
[M::mem_pestat] (25, 50, 75) percentile: (123, 375, 1245)
[M::mem_pestat] low and high boundaries for computing mean and std.dev: (1, 3489)
[M::mem_pestat] mean and std.dev: (551.32, 591.11)
[M::mem_pestat] low and high boundaries for proper pairs: (1, 4611)
[M::mem_pestat] skip orientation RR as there are not enough pairs
[M::mem_pestat] skip orientation RF
[M::mem_process_seqs] Processed 2839134 reads in 3055.354 CPU sec, 76.803 real sec
[M::process] read 2821674 sequences (400000247 bp)...
[M::mem_pestat] # candidate unique pairs for (FF, FR, RF, RR): (10, 703234, 53, 8)
[M::mem_pestat] analyzing insert size distribution for orientation FF...
[M::mem_pestat] (25, 50, 75) percentile: (361, 4893, 4952)
[M::mem_pestat] low and high boundaries for computing mean and std.dev: (1, 14134)
[M::mem_pestat] mean and std.dev: (3844.90, 3304.67)
[M::mem_pestat] low and high boundaries for proper pairs: (1, 18725)
[M::mem_pestat] analyzing insert size distribution for orientation FR...
[M::mem_pestat] (25, 50, 75) percentile: (171, 219, 307)
[M::mem_pestat] low and high boundaries for computing mean and std.dev: (1, 579)
[M::mem_pestat] mean and std.dev: (241.33, 92.56)
[M::mem_pestat] low and high boundaries for proper pairs: (1, 715)
[M::mem_pestat] analyzing insert size distribution for orientation RF...
[M::mem_pestat] (25, 50, 75) percentile: (122, 334, 1424)
[M::mem_pestat] low and high boundaries for computing mean and std.dev: (1, 4028)
[M::mem_pestat] mean and std.dev: (715.19, 940.73)
[M::mem_pestat] low and high boundaries for proper pairs: (1, 5330)
[M::mem_pestat] skip orientation RR as there are not enough pairs
[M::mem_pestat] skip orientation FF
[M::mem_pestat] skip orientation RF
[M::mem_process_seqs] Processed 2843214 reads in 3039.317 CPU sec, 76.192 real sec
[M::process] read 2823096 sequences (400000041 bp)...
[M::mem_pestat] # candidate unique pairs for (FF, FR, RF, RR): (10, 700414, 76, 13)
[M::mem_pestat] analyzing insert size distribution for orientation FF...
[M::mem_pestat] (25, 50, 75) percentile: (1827, 3682, 8475)
[M::mem_pestat] low and high boundaries for computing mean and std.dev: (1, 21771)
[M::mem_pestat] mean and std.dev: (4509.20, 3658.42)
[M::mem_pestat] low and high boundaries for proper pairs: (1, 28419)
[M::mem_pestat] analyzing insert size distribution for orientation FR...
[M::mem_pestat] (25, 50, 75) percentile: (172, 221, 312)
[M::mem_pestat] low and high boundaries for computing mean and std.dev: (1, 592)
[M::mem_pestat] mean and std.dev: (244.12, 94.01)
[M::mem_pestat] low and high boundaries for proper pairs: (1, 732)
[M::mem_pestat] analyzing insert size distribution for orientation RF...
[M::mem_pestat] (25, 50, 75) percentile: (108, 602, 1195)
[M::mem_pestat] low and high boundaries for computing mean and std.dev: (1, 3369)
[M::mem_pestat] mean and std.dev: (523.63, 585.36)
[M::mem_pestat] low and high boundaries for proper pairs: (1, 4456)
[M::mem_pestat] analyzing insert size distribution for orientation RR...
[M::mem_pestat] (25, 50, 75) percentile: (162, 1368, 4699)
[M::mem_pestat] low and high boundaries for computing mean and std.dev: (1, 13773)
[M::mem_pestat] mean and std.dev: (2679.62, 2802.16)
[M::mem_pestat] low and high boundaries for proper pairs: (1, 18310)
[M::mem_pestat] skip orientation FF
[M::mem_pestat] skip orientation RF
[M::mem_pestat] skip orientation RR
[M::mem_process_seqs] Processed 2821674 reads in 2994.146 CPU sec, 75.056 real sec
[M::process] read 2814704 sequences (400000233 bp)...
[M::mem_pestat] # candidate unique pairs for (FF, FR, RF, RR): (11, 714000, 59, 6)
[M::mem_pestat] analyzing insert size distribution for orientation FF...
[M::mem_pestat] (25, 50, 75) percentile: (1809, 3833, 6501)
[M::mem_pestat] low and high boundaries for computing mean and std.dev: (1, 15885)
[M::mem_pestat] mean and std.dev: (3635.45, 2903.07)
[M::mem_pestat] low and high boundaries for proper pairs: (1, 20577)
[M::mem_pestat] analyzing insert size distribution for orientation FR...
[M::mem_pestat] (25, 50, 75) percentile: (167, 210, 291)
[M::mem_pestat] low and high boundaries for computing mean and std.dev: (1, 539)
[M::mem_pestat] mean and std.dev: (231.88, 88.08)
[M::mem_pestat] low and high boundaries for proper pairs: (1, 663)
[M::mem_pestat] analyzing insert size distribution for orientation RF...
[M::mem_pestat] (25, 50, 75) percentile: (130, 226, 2395)
[M::mem_pestat] low and high boundaries for computing mean and std.dev: (1, 6925)
[M::mem_pestat] mean and std.dev: (1244.15, 1685.42)
[M::mem_pestat] low and high boundaries for proper pairs: (1, 9190)
[M::mem_pestat] skip orientation RR as there are not enough pairs
[M::mem_pestat] skip orientation FF
[M::mem_pestat] skip orientation RF
[M::mem_process_seqs] Processed 2823096 reads in 2924.214 CPU sec, 73.378 real sec
[M::process] read 2817812 sequences (400000175 bp)...
[M::mem_pestat] # candidate unique pairs for (FF, FR, RF, RR): (9, 700493, 65, 7)
[M::mem_pestat] skip orientation FF as there are not enough pairs
[M::mem_pestat] analyzing insert size distribution for orientation FR...
[M::mem_pestat] (25, 50, 75) percentile: (171, 220, 309)
[M::mem_pestat] low and high boundaries for computing mean and std.dev: (1, 585)
[M::mem_pestat] mean and std.dev: (242.54, 92.90)
[M::mem_pestat] low and high boundaries for proper pairs: (1, 723)
[M::mem_pestat] analyzing insert size distribution for orientation RF...
[M::mem_pestat] (25, 50, 75) percentile: (124, 223, 1453)
[M::mem_pestat] low and high boundaries for computing mean and std.dev: (1, 4111)
[M::mem_pestat] mean and std.dev: (448.84, 633.29)
[M::mem_pestat] low and high boundaries for proper pairs: (1, 5440)
[M::mem_pestat] skip orientation RR as there are not enough pairs
[M::mem_pestat] skip orientation RF
[M::mem_process_seqs] Processed 2814704 reads in 2985.484 CPU sec, 74.668 real sec
[M::process] read 2818922 sequences (400000069 bp)...
[M::mem_pestat] # candidate unique pairs for (FF, FR, RF, RR): (10, 712243, 60, 6)
[M::mem_pestat] analyzing insert size distribution for orientation FF...
[M::mem_pestat] (25, 50, 75) percentile: (126, 156, 409)
[M::mem_pestat] low and high boundaries for computing mean and std.dev: (1, 975)
[M::mem_pestat] mean and std.dev: (146.50, 112.82)
[M::mem_pestat] low and high boundaries for proper pairs: (1, 1258)
[M::mem_pestat] analyzing insert size distribution for orientation FR...
[M::mem_pestat] (25, 50, 75) percentile: (167, 211, 293)
[M::mem_pestat] low and high boundaries for computing mean and std.dev: (1, 545)
[M::mem_pestat] mean and std.dev: (233.14, 88.79)
[M::mem_pestat] low and high boundaries for proper pairs: (1, 671)
[M::mem_pestat] analyzing insert size distribution for orientation RF...
[M::mem_pestat] (25, 50, 75) percentile: (131, 357, 1791)
[M::mem_pestat] low and high boundaries for computing mean and std.dev: (1, 5111)
[M::mem_pestat] mean and std.dev: (705.70, 782.85)
[M::mem_pestat] low and high boundaries for proper pairs: (1, 6771)
[M::mem_pestat] skip orientation RR as there are not enough pairs
[M::mem_pestat] skip orientation FF
[M::mem_pestat] skip orientation RF
[M::mem_process_seqs] Processed 2817812 reads in 2917.095 CPU sec, 73.165 real sec
[M::process] read 2816652 sequences (400000236 bp)...
[M::mem_pestat] # candidate unique pairs for (FF, FR, RF, RR): (5, 707894, 52, 6)
[M::mem_pestat] skip orientation FF as there are not enough pairs
[M::mem_pestat] analyzing insert size distribution for orientation FR...
[M::mem_pestat] (25, 50, 75) percentile: (170, 217, 303)
[M::mem_pestat] low and high boundaries for computing mean and std.dev: (1, 569)
[M::mem_pestat] mean and std.dev: (239.01, 91.34)
[M::mem_pestat] low and high boundaries for proper pairs: (1, 702)
[M::mem_pestat] analyzing insert size distribution for orientation RF...
[M::mem_pestat] (25, 50, 75) percentile: (204, 719, 1790)
[M::mem_pestat] low and high boundaries for computing mean and std.dev: (1, 4962)
[M::mem_pestat] mean and std.dev: (881.74, 1056.55)
[M::mem_pestat] low and high boundaries for proper pairs: (1, 6548)
[M::mem_pestat] skip orientation RR as there are not enough pairs
[M::mem_pestat] skip orientation RF
[M::mem_process_seqs] Processed 2818922 reads in 3207.764 CPU sec, 85.856 real sec
[M::process] read 2816076 sequences (400000000 bp)...
[M::mem_pestat] # candidate unique pairs for (FF, FR, RF, RR): (7, 708962, 52, 7)
[M::mem_pestat] skip orientation FF as there are not enough pairs
[M::mem_pestat] analyzing insert size distribution for orientation FR...
[M::mem_pestat] (25, 50, 75) percentile: (169, 214, 300)
[M::mem_pestat] low and high boundaries for computing mean and std.dev: (1, 562)
[M::mem_pestat] mean and std.dev: (236.95, 90.60)
[M::mem_pestat] low and high boundaries for proper pairs: (1, 693)
[M::mem_pestat] analyzing insert size distribution for orientation RF...
[M::mem_pestat] (25, 50, 75) percentile: (132, 421, 1338)
[M::mem_pestat] low and high boundaries for computing mean and std.dev: (1, 3750)
[M::mem_pestat] mean and std.dev: (610.48, 707.43)
[M::mem_pestat] low and high boundaries for proper pairs: (1, 4956)
[M::mem_pestat] skip orientation RR as there are not enough pairs
[M::mem_pestat] skip orientation RF
[M::mem_process_seqs] Processed 2816652 reads in 2944.202 CPU sec, 73.846 real sec
[M::process] read 2810522 sequences (400000100 bp)...
[M::mem_pestat] # candidate unique pairs for (FF, FR, RF, RR): (10, 710535, 51, 9)
[M::mem_pestat] analyzing insert size distribution for orientation FF...
[M::mem_pestat] (25, 50, 75) percentile: (187, 2557, 2807)
[M::mem_pestat] low and high boundaries for computing mean and std.dev: (1, 8047)
[M::mem_pestat] mean and std.dev: (2253.20, 2436.18)
[M::mem_pestat] low and high boundaries for proper pairs: (1, 11998)
[M::mem_pestat] analyzing insert size distribution for orientation FR...
[M::mem_pestat] (25, 50, 75) percentile: (168, 213, 297)
[M::mem_pestat] low and high boundaries for computing mean and std.dev: (1, 555)
[M::mem_pestat] mean and std.dev: (235.24, 89.78)
[M::mem_pestat] low and high boundaries for proper pairs: (1, 684)
[M::mem_pestat] analyzing insert size distribution for orientation RF...
[M::mem_pestat] (25, 50, 75) percentile: (194, 451, 1093)
[M::mem_pestat] low and high boundaries for computing mean and std.dev: (1, 2891)
[M::mem_pestat] mean and std.dev: (686.94, 630.48)
[M::mem_pestat] low and high boundaries for proper pairs: (1, 3790)
[M::mem_pestat] skip orientation RR as there are not enough pairs
[M::mem_pestat] skip orientation FF
[M::mem_pestat] skip orientation RF
[M::mem_process_seqs] Processed 2816076 reads in 2927.413 CPU sec, 73.419 real sec
[M::process] read 2836874 sequences (400000150 bp)...
[M::mem_pestat] # candidate unique pairs for (FF, FR, RF, RR): (9, 702876, 55, 15)
[M::mem_pestat] skip orientation FF as there are not enough pairs
[M::mem_pestat] analyzing insert size distribution for orientation FR...
[M::mem_pestat] (25, 50, 75) percentile: (171, 219, 308)
[M::mem_pestat] low and high boundaries for computing mean and std.dev: (1, 582)
[M::mem_pestat] mean and std.dev: (241.95, 92.84)
[M::mem_pestat] low and high boundaries for proper pairs: (1, 719)
[M::mem_pestat] analyzing insert size distribution for orientation RF...
[M::mem_pestat] (25, 50, 75) percentile: (105, 229, 1705)
[M::mem_pestat] low and high boundaries for computing mean and std.dev: (1, 4905)
[M::mem_pestat] mean and std.dev: (741.69, 988.50)
[M::mem_pestat] low and high boundaries for proper pairs: (1, 6505)
[M::mem_pestat] analyzing insert size distribution for orientation RR...
[M::mem_pestat] (25, 50, 75) percentile: (1158, 1698, 3507)
[M::mem_pestat] low and high boundaries for computing mean and std.dev: (1, 8205)
[M::mem_pestat] mean and std.dev: (1941.80, 1800.11)
[M::mem_pestat] low and high boundaries for proper pairs: (1, 10554)
[M::mem_pestat] skip orientation RF
[M::mem_pestat] skip orientation RR
[M::mem_process_seqs] Processed 2810522 reads in 2963.950 CPU sec, 74.332 real sec
[M::process] read 2838774 sequences (400000155 bp)...
[M::mem_pestat] # candidate unique pairs for (FF, FR, RF, RR): (9, 700702, 52, 9)
[M::mem_pestat] skip orientation FF as there are not enough pairs
[M::mem_pestat] analyzing insert size distribution for orientation FR...
[M::mem_pestat] (25, 50, 75) percentile: (171, 219, 309)
[M::mem_pestat] low and high boundaries for computing mean and std.dev: (1, 585)
[M::mem_pestat] mean and std.dev: (242.30, 93.41)
[M::mem_pestat] low and high boundaries for proper pairs: (1, 723)
[M::mem_pestat] analyzing insert size distribution for orientation RF...
[M::mem_pestat] (25, 50, 75) percentile: (223, 762, 3023)
[M::mem_pestat] low and high boundaries for computing mean and std.dev: (1, 8623)
[M::mem_pestat] mean and std.dev: (1470.35, 1828.57)
[M::mem_pestat] low and high boundaries for proper pairs: (1, 11423)
[M::mem_pestat] skip orientation RR as there are not enough pairs
[M::mem_pestat] skip orientation RF
[M::mem_process_seqs] Processed 2836874 reads in 3015.460 CPU sec, 75.628 real sec
[M::process] read 2840762 sequences (400000130 bp)...
[M::mem_pestat] # candidate unique pairs for (FF, FR, RF, RR): (11, 701310, 69, 10)
[M::mem_pestat] analyzing insert size distribution for orientation FF...
[M::mem_pestat] (25, 50, 75) percentile: (220, 1694, 2894)
[M::mem_pestat] low and high boundaries for computing mean and std.dev: (1, 8242)
[M::mem_pestat] mean and std.dev: (1525.55, 1258.61)
[M::mem_pestat] low and high boundaries for proper pairs: (1, 10916)
[M::mem_pestat] analyzing insert size distribution for orientation FR...
[M::mem_pestat] (25, 50, 75) percentile: (171, 219, 308)
[M::mem_pestat] low and high boundaries for computing mean and std.dev: (1, 582)
[M::mem_pestat] mean and std.dev: (242.13, 93.09)
[M::mem_pestat] low and high boundaries for proper pairs: (1, 719)
[M::mem_pestat] analyzing insert size distribution for orientation RF...
[M::mem_pestat] (25, 50, 75) percentile: (162, 886, 2388)
[M::mem_pestat] low and high boundaries for computing mean and std.dev: (1, 6840)
[M::mem_pestat] mean and std.dev: (1398.12, 1623.32)
[M::mem_pestat] low and high boundaries for proper pairs: (1, 9066)
[M::mem_pestat] analyzing insert size distribution for orientation RR...
[M::mem_pestat] (25, 50, 75) percentile: (76, 798, 2666)
[M::mem_pestat] low and high boundaries for computing mean and std.dev: (1, 7846)
[M::mem_pestat] mean and std.dev: (1679.00, 1856.64)
[M::mem_pestat] low and high boundaries for proper pairs: (1, 10436)
[M::mem_pestat] skip orientation FF
[M::mem_pestat] skip orientation RF
[M::mem_pestat] skip orientation RR
[M::mem_process_seqs] Processed 2838774 reads in 2994.223 CPU sec, 75.211 real sec
[M::process] read 2846926 sequences (400000282 bp)...
[M::mem_pestat] # candidate unique pairs for (FF, FR, RF, RR): (5, 701243, 69, 16)
[M::mem_pestat] skip orientation FF as there are not enough pairs
[M::mem_pestat] analyzing insert size distribution for orientation FR...
[M::mem_pestat] (25, 50, 75) percentile: (171, 219, 308)
[M::mem_pestat] low and high boundaries for computing mean and std.dev: (1, 582)
[M::mem_pestat] mean and std.dev: (241.88, 93.14)
[M::mem_pestat] low and high boundaries for proper pairs: (1, 719)
[M::mem_pestat] analyzing insert size distribution for orientation RF...
[M::mem_pestat] (25, 50, 75) percentile: (190, 362, 3380)
[M::mem_pestat] low and high boundaries for computing mean and std.dev: (1, 9760)
[M::mem_pestat] mean and std.dev: (1938.87, 2484.55)
[M::mem_pestat] low and high boundaries for proper pairs: (1, 12950)
[M::mem_pestat] analyzing insert size distribution for orientation RR...
[M::mem_pestat] (25, 50, 75) percentile: (140, 210, 309)
[M::mem_pestat] low and high boundaries for computing mean and std.dev: (1, 647)
[M::mem_pestat] mean and std.dev: (187.64, 87.15)
[M::mem_pestat] low and high boundaries for proper pairs: (1, 816)
[M::mem_pestat] skip orientation RF
[M::mem_pestat] skip orientation RR
[M::mem_process_seqs] Processed 2840762 reads in 3156.172 CPU sec, 79.200 real sec
[M::process] read 2834578 sequences (400000003 bp)...
[M::mem_pestat] # candidate unique pairs for (FF, FR, RF, RR): (8, 703798, 58, 5)
[M::mem_pestat] skip orientation FF as there are not enough pairs
[M::mem_pestat] analyzing insert size distribution for orientation FR...
[M::mem_pestat] (25, 50, 75) percentile: (171, 219, 308)
[M::mem_pestat] low and high boundaries for computing mean and std.dev: (1, 582)
[M::mem_pestat] mean and std.dev: (241.95, 93.17)
[M::mem_pestat] low and high boundaries for proper pairs: (1, 719)
[M::mem_pestat] analyzing insert size distribution for orientation RF...
[M::mem_pestat] (25, 50, 75) percentile: (80, 326, 2098)
[M::mem_pestat] low and high boundaries for computing mean and std.dev: (1, 6134)
[M::mem_pestat] mean and std.dev: (998.98, 1454.42)
[M::mem_pestat] low and high boundaries for proper pairs: (1, 8152)
[M::mem_pestat] skip orientation RR as there are not enough pairs
[M::mem_pestat] skip orientation RF
[M::mem_process_seqs] Processed 2846926 reads in 3293.584 CPU sec, 82.844 real sec
[M::process] read 2845958 sequences (400000037 bp)...
[M::mem_pestat] # candidate unique pairs for (FF, FR, RF, RR): (9, 701540, 63, 11)
[M::mem_pestat] skip orientation FF as there are not enough pairs
[M::mem_pestat] analyzing insert size distribution for orientation FR...
[M::mem_pestat] (25, 50, 75) percentile: (171, 219, 308)
[M::mem_pestat] low and high boundaries for computing mean and std.dev: (1, 582)
[M::mem_pestat] mean and std.dev: (242.10, 93.08)
[M::mem_pestat] low and high boundaries for proper pairs: (1, 719)
[M::mem_pestat] analyzing insert size distribution for orientation RF...
[M::mem_pestat] (25, 50, 75) percentile: (128, 376, 1636)
[M::mem_pestat] low and high boundaries for computing mean and std.dev: (1, 4652)
[M::mem_pestat] mean and std.dev: (815.03, 1031.98)
[M::mem_pestat] low and high boundaries for proper pairs: (1, 6160)
[M::mem_pestat] analyzing insert size distribution for orientation RR...
[M::mem_pestat] (25, 50, 75) percentile: (498, 1152, 3696)
[M::mem_pestat] low and high boundaries for computing mean and std.dev: (1, 10092)
[M::mem_pestat] mean and std.dev: (2603.00, 2485.68)
[M::mem_pestat] low and high boundaries for proper pairs: (1, 13290)
[M::mem_pestat] skip orientation RF
[M::mem_pestat] skip orientation RR
[M::mem_process_seqs] Processed 2834578 reads in 3302.435 CPU sec, 82.594 real sec
[M::process] read 2828260 sequences (400000062 bp)...
[M::mem_pestat] # candidate unique pairs for (FF, FR, RF, RR): (8, 702028, 65, 13)
[M::mem_pestat] skip orientation FF as there are not enough pairs
[M::mem_pestat] analyzing insert size distribution for orientation FR...
[M::mem_pestat] (25, 50, 75) percentile: (171, 219, 308)
[M::mem_pestat] low and high boundaries for computing mean and std.dev: (1, 582)
[M::mem_pestat] mean and std.dev: (241.91, 93.19)
[M::mem_pestat] low and high boundaries for proper pairs: (1, 719)
[M::mem_pestat] analyzing insert size distribution for orientation RF...
[M::mem_pestat] (25, 50, 75) percentile: (223, 405, 1992)
[M::mem_pestat] low and high boundaries for computing mean and std.dev: (1, 5530)
[M::mem_pestat] mean and std.dev: (1091.67, 1414.68)
[M::mem_pestat] low and high boundaries for proper pairs: (1, 7299)
[M::mem_pestat] analyzing insert size distribution for orientation RR...
[M::mem_pestat] (25, 50, 75) percentile: (461, 3998, 9498)
[M::mem_pestat] low and high boundaries for computing mean and std.dev: (1, 27572)
[M::mem_pestat] mean and std.dev: (4497.31, 4008.84)
[M::mem_pestat] low and high boundaries for proper pairs: (1, 36609)
[M::mem_pestat] skip orientation RF
[M::mem_pestat] skip orientation RR
[M::mem_process_seqs] Processed 2845958 reads in 3092.007 CPU sec, 77.724 real sec
[M::process] read 2806884 sequences (400000062 bp)...
[M::mem_pestat] # candidate unique pairs for (FF, FR, RF, RR): (6, 701899, 58, 13)
[M::mem_pestat] skip orientation FF as there are not enough pairs
[M::mem_pestat] analyzing insert size distribution for orientation FR...
[M::mem_pestat] (25, 50, 75) percentile: (171, 219, 309)
[M::mem_pestat] low and high boundaries for computing mean and std.dev: (1, 585)
[M::mem_pestat] mean and std.dev: (242.38, 93.45)
[M::mem_pestat] low and high boundaries for proper pairs: (1, 723)
[M::mem_pestat] analyzing insert size distribution for orientation RF...
[M::mem_pestat] (25, 50, 75) percentile: (213, 301, 1018)
[M::mem_pestat] low and high boundaries for computing mean and std.dev: (1, 2628)
[M::mem_pestat] mean and std.dev: (482.88, 620.71)
[M::mem_pestat] low and high boundaries for proper pairs: (1, 3433)
[M::mem_pestat] analyzing insert size distribution for orientation RR...
[M::mem_pestat] (25, 50, 75) percentile: (184, 703, 3977)
[M::mem_pestat] low and high boundaries for computing mean and std.dev: (1, 11563)
[M::mem_pestat] mean and std.dev: (2313.46, 2847.11)
[M::mem_pestat] low and high boundaries for proper pairs: (1, 15356)
[M::mem_pestat] skip orientation RF
[M::mem_pestat] skip orientation RR
[M::mem_process_seqs] Processed 2828260 reads in 2985.668 CPU sec, 74.854 real sec
[M::process] read 2799034 sequences (400000124 bp)...
[M::mem_pestat] # candidate unique pairs for (FF, FR, RF, RR): (11, 700228, 60, 11)
[M::mem_pestat] analyzing insert size distribution for orientation FF...
[M::mem_pestat] (25, 50, 75) percentile: (650, 2740, 5162)
[M::mem_pestat] low and high boundaries for computing mean and std.dev: (1, 14186)
[M::mem_pestat] mean and std.dev: (2859.09, 2567.80)
[M::mem_pestat] low and high boundaries for proper pairs: (1, 18698)
[M::mem_pestat] analyzing insert size distribution for orientation FR...
[M::mem_pestat] (25, 50, 75) percentile: (170, 218, 307)
[M::mem_pestat] low and high boundaries for computing mean and std.dev: (1, 581)
[M::mem_pestat] mean and std.dev: (241.40, 93.12)
[M::mem_pestat] low and high boundaries for proper pairs: (1, 718)
[M::mem_pestat] analyzing insert size distribution for orientation RF...
[M::mem_pestat] (25, 50, 75) percentile: (132, 391, 3178)
[M::mem_pestat] low and high boundaries for computing mean and std.dev: (1, 9270)
[M::mem_pestat] mean and std.dev: (1865.65, 2425.15)
[M::mem_pestat] low and high boundaries for proper pairs: (1, 12316)
[M::mem_pestat] analyzing insert size distribution for orientation RR...
[M::mem_pestat] (25, 50, 75) percentile: (1503, 1916, 7943)
[M::mem_pestat] low and high boundaries for computing mean and std.dev: (1, 20823)
[M::mem_pestat] mean and std.dev: (3867.18, 3195.53)
[M::mem_pestat] low and high boundaries for proper pairs: (1, 27263)
[M::mem_pestat] skip orientation FF
[M::mem_pestat] skip orientation RF
[M::mem_pestat] skip orientation RR
[M::mem_process_seqs] Processed 2806884 reads in 2957.898 CPU sec, 74.155 real sec
[M::process] read 2798904 sequences (400000174 bp)...
[M::mem_pestat] # candidate unique pairs for (FF, FR, RF, RR): (8, 697510, 66, 8)
[M::mem_pestat] skip orientation FF as there are not enough pairs
[M::mem_pestat] analyzing insert size distribution for orientation FR...
[M::mem_pestat] (25, 50, 75) percentile: (171, 220, 310)
[M::mem_pestat] low and high boundaries for computing mean and std.dev: (1, 588)
[M::mem_pestat] mean and std.dev: (243.20, 93.70)
[M::mem_pestat] low and high boundaries for proper pairs: (1, 727)
[M::mem_pestat] analyzing insert size distribution for orientation RF...
[M::mem_pestat] (25, 50, 75) percentile: (132, 728, 2178)
[M::mem_pestat] low and high boundaries for computing mean and std.dev: (1, 6270)
[M::mem_pestat] mean and std.dev: (1594.22, 1933.19)
[M::mem_pestat] low and high boundaries for proper pairs: (1, 9327)
[M::mem_pestat] skip orientation RR as there are not enough pairs
[M::mem_pestat] skip orientation RF
[M::mem_process_seqs] Processed 2799034 reads in 2960.351 CPU sec, 74.057 real sec
[M::process] read 2795408 sequences (400000206 bp)...
[M::mem_pestat] # candidate unique pairs for (FF, FR, RF, RR): (3, 696019, 75, 5)
[M::mem_pestat] skip orientation FF as there are not enough pairs
[M::mem_pestat] analyzing insert size distribution for orientation FR...
[M::mem_pestat] (25, 50, 75) percentile: (172, 222, 313)
[M::mem_pestat] low and high boundaries for computing mean and std.dev: (1, 595)
[M::mem_pestat] mean and std.dev: (245.26, 94.44)
[M::mem_pestat] low and high boundaries for proper pairs: (1, 736)
[M::mem_pestat] analyzing insert size distribution for orientation RF...
[M::mem_pestat] (25, 50, 75) percentile: (192, 226, 1722)
[M::mem_pestat] low and high boundaries for computing mean and std.dev: (1, 4782)
[M::mem_pestat] mean and std.dev: (961.00, 1233.93)
[M::mem_pestat] low and high boundaries for proper pairs: (1, 6312)
[M::mem_pestat] skip orientation RR as there are not enough pairs
[M::mem_pestat] skip orientation RF
[M::mem_process_seqs] Processed 2798904 reads in 3001.808 CPU sec, 75.469 real sec
[M::process] read 2797740 sequences (400000050 bp)...
[M::mem_pestat] # candidate unique pairs for (FF, FR, RF, RR): (10, 695069, 55, 8)
[M::mem_pestat] analyzing insert size distribution for orientation FF...
[M::mem_pestat] (25, 50, 75) percentile: (271, 2610, 4546)
[M::mem_pestat] low and high boundaries for computing mean and std.dev: (1, 13096)
[M::mem_pestat] mean and std.dev: (2282.40, 1965.25)
[M::mem_pestat] low and high boundaries for proper pairs: (1, 17371)
[M::mem_pestat] analyzing insert size distribution for orientation FR...
[M::mem_pestat] (25, 50, 75) percentile: (173, 224, 316)
[M::mem_pestat] low and high boundaries for computing mean and std.dev: (1, 602)
[M::mem_pestat] mean and std.dev: (247.17, 95.29)
[M::mem_pestat] low and high boundaries for proper pairs: (1, 745)
[M::mem_pestat] analyzing insert size distribution for orientation RF...
[M::mem_pestat] (25, 50, 75) percentile: (71, 224, 2521)
[M::mem_pestat] low and high boundaries for computing mean and std.dev: (1, 7421)
[M::mem_pestat] mean and std.dev: (1274.98, 1823.40)
[M::mem_pestat] low and high boundaries for proper pairs: (1, 9871)
[M::mem_pestat] skip orientation RR as there are not enough pairs
[M::mem_pestat] skip orientation FF
[M::mem_pestat] skip orientation RF
[M::mem_process_seqs] Processed 2795408 reads in 2984.902 CPU sec, 74.723 real sec
[M::process] read 2815892 sequences (400000076 bp)...
[M::mem_pestat] # candidate unique pairs for (FF, FR, RF, RR): (5, 690832, 68, 9)
[M::mem_pestat] skip orientation FF as there are not enough pairs
[M::mem_pestat] analyzing insert size distribution for orientation FR...
[M::mem_pestat] (25, 50, 75) percentile: (175, 228, 321)
[M::mem_pestat] low and high boundaries for computing mean and std.dev: (1, 613)
[M::mem_pestat] mean and std.dev: (250.14, 96.37)
[M::mem_pestat] low and high boundaries for proper pairs: (1, 759)
[M::mem_pestat] analyzing insert size distribution for orientation RF...
[M::mem_pestat] (25, 50, 75) percentile: (126, 224, 1699)
[M::mem_pestat] low and high boundaries for computing mean and std.dev: (1, 4845)
[M::mem_pestat] mean and std.dev: (749.94, 1149.03)
[M::mem_pestat] low and high boundaries for proper pairs: (1, 6418)
[M::mem_pestat] skip orientation RR as there are not enough pairs
[M::mem_pestat] skip orientation RF
[M::mem_process_seqs] Processed 2797740 reads in 3072.821 CPU sec, 77.332 real sec
[M::process] read 2812242 sequences (400000188 bp)...
[M::mem_pestat] # candidate unique pairs for (FF, FR, RF, RR): (8, 693181, 66, 7)
[M::mem_pestat] skip orientation FF as there are not enough pairs
[M::mem_pestat] analyzing insert size distribution for orientation FR...
[M::mem_pestat] (25, 50, 75) percentile: (174, 226, 319)
[M::mem_pestat] low and high boundaries for computing mean and std.dev: (1, 609)
[M::mem_pestat] mean and std.dev: (248.94, 96.60)
[M::mem_pestat] low and high boundaries for proper pairs: (1, 754)
[M::mem_pestat] analyzing insert size distribution for orientation RF...
[M::mem_pestat] (25, 50, 75) percentile: (65, 154, 917)
[M::mem_pestat] low and high boundaries for computing mean and std.dev: (1, 2621)
[M::mem_pestat] mean and std.dev: (428.05, 611.27)
[M::mem_pestat] low and high boundaries for proper pairs: (1, 3473)
[M::mem_pestat] skip orientation RR as there are not enough pairs
[M::mem_pestat] skip orientation RF
[M::mem_process_seqs] Processed 2815892 reads in 3363.517 CPU sec, 89.487 real sec
[M::process] read 2812400 sequences (400000005 bp)...
[M::mem_pestat] # candidate unique pairs for (FF, FR, RF, RR): (6, 693651, 65, 12)
[M::mem_pestat] skip orientation FF as there are not enough pairs
[M::mem_pestat] analyzing insert size distribution for orientation FR...
[M::mem_pestat] (25, 50, 75) percentile: (174, 226, 319)
[M::mem_pestat] low and high boundaries for computing mean and std.dev: (1, 609)
[M::mem_pestat] mean and std.dev: (248.41, 96.01)
[M::mem_pestat] low and high boundaries for proper pairs: (1, 754)
[M::mem_pestat] analyzing insert size distribution for orientation RF...
[M::mem_pestat] (25, 50, 75) percentile: (68, 135, 361)
[M::mem_pestat] low and high boundaries for computing mean and std.dev: (1, 947)
[M::mem_pestat] mean and std.dev: (181.27, 203.68)
[M::mem_pestat] low and high boundaries for proper pairs: (1, 1240)
[M::mem_pestat] analyzing insert size distribution for orientation RR...
[M::mem_pestat] (25, 50, 75) percentile: (699, 1587, 9018)
[M::mem_pestat] low and high boundaries for computing mean and std.dev: (1, 25656)
[M::mem_pestat] mean and std.dev: (3595.92, 3933.14)
[M::mem_pestat] low and high boundaries for proper pairs: (1, 33975)
[M::mem_pestat] skip orientation RF
[M::mem_pestat] skip orientation RR
[M::mem_process_seqs] Processed 2812242 reads in 3107.588 CPU sec, 77.906 real sec
[M::process] read 2811276 sequences (400000288 bp)...
[M::mem_pestat] # candidate unique pairs for (FF, FR, RF, RR): (7, 690884, 57, 9)
[M::mem_pestat] skip orientation FF as there are not enough pairs
[M::mem_pestat] analyzing insert size distribution for orientation FR...
[M::mem_pestat] (25, 50, 75) percentile: (174, 227, 321)
[M::mem_pestat] low and high boundaries for computing mean and std.dev: (1, 615)
[M::mem_pestat] mean and std.dev: (250.12, 96.85)
[M::mem_pestat] low and high boundaries for proper pairs: (1, 762)
[M::mem_pestat] analyzing insert size distribution for orientation RF...
[M::mem_pestat] (25, 50, 75) percentile: (113, 304, 1486)
[M::mem_pestat] low and high boundaries for computing mean and std.dev: (1, 4232)
[M::mem_pestat] mean and std.dev: (698.64, 963.07)
[M::mem_pestat] low and high boundaries for proper pairs: (1, 5605)
[M::mem_pestat] skip orientation RR as there are not enough pairs
[M::mem_pestat] skip orientation RF
[M::mem_process_seqs] Processed 2812400 reads in 3062.331 CPU sec, 76.604 real sec
[M::process] read 1292902 sequences (184428476 bp)...
[M::mem_pestat] # candidate unique pairs for (FF, FR, RF, RR): (14, 691771, 65, 14)
[M::mem_pestat] analyzing insert size distribution for orientation FF...
[M::mem_pestat] (25, 50, 75) percentile: (184, 960, 2091)
[M::mem_pestat] low and high boundaries for computing mean and std.dev: (1, 5905)
[M::mem_pestat] mean and std.dev: (747.00, 780.34)
[M::mem_pestat] low and high boundaries for proper pairs: (1, 7812)
[M::mem_pestat] analyzing insert size distribution for orientation FR...
[M::mem_pestat] (25, 50, 75) percentile: (174, 226, 321)
[M::mem_pestat] low and high boundaries for computing mean and std.dev: (1, 615)
[M::mem_pestat] mean and std.dev: (249.55, 96.88)
[M::mem_pestat] low and high boundaries for proper pairs: (1, 762)
[M::mem_pestat] analyzing insert size distribution for orientation RF...
[M::mem_pestat] (25, 50, 75) percentile: (135, 393, 1119)
[M::mem_pestat] low and high boundaries for computing mean and std.dev: (1, 3087)
[M::mem_pestat] mean and std.dev: (548.52, 580.24)
[M::mem_pestat] low and high boundaries for proper pairs: (1, 4071)
[M::mem_pestat] analyzing insert size distribution for orientation RR...
[M::mem_pestat] (25, 50, 75) percentile: (160, 1326, 2829)
[M::mem_pestat] low and high boundaries for computing mean and std.dev: (1, 8167)
[M::mem_pestat] mean and std.dev: (1412.00, 1568.01)
[M::mem_pestat] low and high boundaries for proper pairs: (1, 10836)
[M::mem_pestat] skip orientation FF
[M::mem_pestat] skip orientation RF
[M::mem_pestat] skip orientation RR
[M::mem_process_seqs] Processed 2811276 reads in 3046.145 CPU sec, 76.591 real sec
[M::mem_pestat] # candidate unique pairs for (FF, FR, RF, RR): (1, 317039, 28, 4)
[M::mem_pestat] skip orientation FF as there are not enough pairs
[M::mem_pestat] analyzing insert size distribution for orientation FR...
[M::mem_pestat] (25, 50, 75) percentile: (175, 229, 324)
[M::mem_pestat] low and high boundaries for computing mean and std.dev: (1, 622)
[M::mem_pestat] mean and std.dev: (252.42, 98.26)
[M::mem_pestat] low and high boundaries for proper pairs: (1, 771)
[M::mem_pestat] analyzing insert size distribution for orientation RF...
[M::mem_pestat] (25, 50, 75) percentile: (162, 395, 780)
[M::mem_pestat] low and high boundaries for computing mean and std.dev: (1, 2016)
[M::mem_pestat] mean and std.dev: (508.20, 545.37)
[M::mem_pestat] low and high boundaries for proper pairs: (1, 2690)
[M::mem_pestat] skip orientation RR as there are not enough pairs
[M::mem_pestat] skip orientation RF
[M::mem_process_seqs] Processed 1292902 reads in 1419.592 CPU sec, 35.598 real sec
[main] Version: 0.7.17-r1188
[main] CMD: /home/shared/bwa-0.7.17/bwa mem -M -t 40 ../data/bwa-GCF_031168955.1_ASM3116895v1_genomic ../data/trimmed-fastqs-heatwave-genetics/MHW059_trimmed_clipped_R1_paired.fq.gz ../data/trimmed-fastqs-heatwave-genetics/MHW059_trimmed_clipped_R2_paired.fq.gz
[main] Real time: 2854.562 sec; CPU: 113054.043 sec
