[M::bwa_idx_load_from_disk] read 0 ALT contigs
[M::process] read 2827594 sequences (400000146 bp)...
[M::process] read 2824044 sequences (400000265 bp)...
[M::mem_pestat] # candidate unique pairs for (FF, FR, RF, RR): (22, 755971, 73, 13)
[M::mem_pestat] analyzing insert size distribution for orientation FF...
[M::mem_pestat] (25, 50, 75) percentile: (170, 465, 3137)
[M::mem_pestat] low and high boundaries for computing mean and std.dev: (1, 9071)
[M::mem_pestat] mean and std.dev: (1968.18, 2477.73)
[M::mem_pestat] low and high boundaries for proper pairs: (1, 12038)
[M::mem_pestat] analyzing insert size distribution for orientation FR...
[M::mem_pestat] (25, 50, 75) percentile: (176, 216, 274)
[M::mem_pestat] low and high boundaries for computing mean and std.dev: (1, 470)
[M::mem_pestat] mean and std.dev: (227.57, 73.61)
[M::mem_pestat] low and high boundaries for proper pairs: (1, 568)
[M::mem_pestat] analyzing insert size distribution for orientation RF...
[M::mem_pestat] (25, 50, 75) percentile: (160, 920, 2357)
[M::mem_pestat] low and high boundaries for computing mean and std.dev: (1, 6751)
[M::mem_pestat] mean and std.dev: (1348.90, 1467.50)
[M::mem_pestat] low and high boundaries for proper pairs: (1, 8948)
[M::mem_pestat] analyzing insert size distribution for orientation RR...
[M::mem_pestat] (25, 50, 75) percentile: (328, 355, 2586)
[M::mem_pestat] low and high boundaries for computing mean and std.dev: (1, 7102)
[M::mem_pestat] mean and std.dev: (1176.92, 1730.69)
[M::mem_pestat] low and high boundaries for proper pairs: (1, 9360)
[M::mem_pestat] skip orientation FF
[M::mem_pestat] skip orientation RF
[M::mem_pestat] skip orientation RR
[M::mem_process_seqs] Processed 2827594 reads in 2865.100 CPU sec, 71.855 real sec
[M::process] read 2818844 sequences (400000155 bp)...
[M::mem_pestat] # candidate unique pairs for (FF, FR, RF, RR): (8, 753162, 69, 16)
[M::mem_pestat] skip orientation FF as there are not enough pairs
[M::mem_pestat] analyzing insert size distribution for orientation FR...
[M::mem_pestat] (25, 50, 75) percentile: (178, 219, 278)
[M::mem_pestat] low and high boundaries for computing mean and std.dev: (1, 478)
[M::mem_pestat] mean and std.dev: (230.85, 74.73)
[M::mem_pestat] low and high boundaries for proper pairs: (1, 578)
[M::mem_pestat] analyzing insert size distribution for orientation RF...
[M::mem_pestat] (25, 50, 75) percentile: (78, 743, 2207)
[M::mem_pestat] low and high boundaries for computing mean and std.dev: (1, 6465)
[M::mem_pestat] mean and std.dev: (1146.88, 1474.72)
[M::mem_pestat] low and high boundaries for proper pairs: (1, 8594)
[M::mem_pestat] analyzing insert size distribution for orientation RR...
[M::mem_pestat] (25, 50, 75) percentile: (84, 159, 214)
[M::mem_pestat] low and high boundaries for computing mean and std.dev: (1, 474)
[M::mem_pestat] mean and std.dev: (152.94, 96.64)
[M::mem_pestat] low and high boundaries for proper pairs: (1, 604)
[M::mem_pestat] skip orientation RF
[M::mem_pestat] skip orientation RR
[M::mem_process_seqs] Processed 2824044 reads in 2965.414 CPU sec, 74.407 real sec
[M::process] read 2823932 sequences (400000295 bp)...
[M::mem_pestat] # candidate unique pairs for (FF, FR, RF, RR): (16, 751994, 58, 24)
[M::mem_pestat] analyzing insert size distribution for orientation FF...
[M::mem_pestat] (25, 50, 75) percentile: (162, 205, 428)
[M::mem_pestat] low and high boundaries for computing mean and std.dev: (1, 960)
[M::mem_pestat] mean and std.dev: (224.07, 106.32)
[M::mem_pestat] low and high boundaries for proper pairs: (1, 1226)
[M::mem_pestat] analyzing insert size distribution for orientation FR...
[M::mem_pestat] (25, 50, 75) percentile: (180, 222, 283)
[M::mem_pestat] low and high boundaries for computing mean and std.dev: (1, 489)
[M::mem_pestat] mean and std.dev: (234.46, 75.94)
[M::mem_pestat] low and high boundaries for proper pairs: (1, 592)
[M::mem_pestat] analyzing insert size distribution for orientation RF...
[M::mem_pestat] (25, 50, 75) percentile: (177, 744, 1739)
[M::mem_pestat] low and high boundaries for computing mean and std.dev: (1, 4863)
[M::mem_pestat] mean and std.dev: (958.27, 1057.48)
[M::mem_pestat] low and high boundaries for proper pairs: (1, 6425)
[M::mem_pestat] analyzing insert size distribution for orientation RR...
[M::mem_pestat] (25, 50, 75) percentile: (198, 382, 1270)
[M::mem_pestat] low and high boundaries for computing mean and std.dev: (1, 3414)
[M::mem_pestat] mean and std.dev: (827.70, 996.26)
[M::mem_pestat] low and high boundaries for proper pairs: (1, 4813)
[M::mem_pestat] skip orientation FF
[M::mem_pestat] skip orientation RF
[M::mem_pestat] skip orientation RR
[M::mem_process_seqs] Processed 2818844 reads in 2975.365 CPU sec, 74.666 real sec
[M::process] read 2821608 sequences (400000150 bp)...
[M::mem_pestat] # candidate unique pairs for (FF, FR, RF, RR): (20, 755339, 52, 11)
[M::mem_pestat] analyzing insert size distribution for orientation FF...
[M::mem_pestat] (25, 50, 75) percentile: (119, 243, 2724)
[M::mem_pestat] low and high boundaries for computing mean and std.dev: (1, 7934)
[M::mem_pestat] mean and std.dev: (811.56, 1304.37)
[M::mem_pestat] low and high boundaries for proper pairs: (1, 10539)
[M::mem_pestat] analyzing insert size distribution for orientation FR...
[M::mem_pestat] (25, 50, 75) percentile: (177, 218, 277)
[M::mem_pestat] low and high boundaries for computing mean and std.dev: (1, 477)
[M::mem_pestat] mean and std.dev: (229.74, 74.44)
[M::mem_pestat] low and high boundaries for proper pairs: (1, 577)
[M::mem_pestat] analyzing insert size distribution for orientation RF...
[M::mem_pestat] (25, 50, 75) percentile: (127, 657, 2148)
[M::mem_pestat] low and high boundaries for computing mean and std.dev: (1, 6190)
[M::mem_pestat] mean and std.dev: (1050.69, 1303.35)
[M::mem_pestat] low and high boundaries for proper pairs: (1, 8211)
[M::mem_pestat] analyzing insert size distribution for orientation RR...
[M::mem_pestat] (25, 50, 75) percentile: (125, 164, 1644)
[M::mem_pestat] low and high boundaries for computing mean and std.dev: (1, 4682)
[M::mem_pestat] mean and std.dev: (950.18, 1386.56)
[M::mem_pestat] low and high boundaries for proper pairs: (1, 6496)
[M::mem_pestat] skip orientation FF
[M::mem_pestat] skip orientation RF
[M::mem_pestat] skip orientation RR
[M::mem_process_seqs] Processed 2823932 reads in 2939.321 CPU sec, 73.908 real sec
[M::process] read 2818854 sequences (400000029 bp)...
[M::mem_pestat] # candidate unique pairs for (FF, FR, RF, RR): (11, 754465, 65, 12)
[M::mem_pestat] analyzing insert size distribution for orientation FF...
[M::mem_pestat] (25, 50, 75) percentile: (151, 186, 3865)
[M::mem_pestat] low and high boundaries for computing mean and std.dev: (1, 11293)
[M::mem_pestat] mean and std.dev: (2296.82, 2721.75)
[M::mem_pestat] low and high boundaries for proper pairs: (1, 15007)
[M::mem_pestat] analyzing insert size distribution for orientation FR...
[M::mem_pestat] (25, 50, 75) percentile: (177, 219, 278)
[M::mem_pestat] low and high boundaries for computing mean and std.dev: (1, 480)
[M::mem_pestat] mean and std.dev: (230.53, 74.85)
[M::mem_pestat] low and high boundaries for proper pairs: (1, 581)
[M::mem_pestat] analyzing insert size distribution for orientation RF...
[M::mem_pestat] (25, 50, 75) percentile: (191, 939, 2498)
[M::mem_pestat] low and high boundaries for computing mean and std.dev: (1, 7112)
[M::mem_pestat] mean and std.dev: (1568.56, 1854.19)
[M::mem_pestat] low and high boundaries for proper pairs: (1, 9419)
[M::mem_pestat] analyzing insert size distribution for orientation RR...
[M::mem_pestat] (25, 50, 75) percentile: (187, 192, 628)
[M::mem_pestat] low and high boundaries for computing mean and std.dev: (1, 1510)
[M::mem_pestat] mean and std.dev: (253.50, 190.14)
[M::mem_pestat] low and high boundaries for proper pairs: (1, 1951)
[M::mem_pestat] skip orientation FF
[M::mem_pestat] skip orientation RF
[M::mem_pestat] skip orientation RR
[M::mem_process_seqs] Processed 2821608 reads in 2965.309 CPU sec, 74.339 real sec
[M::process] read 2841584 sequences (400000224 bp)...
[M::mem_pestat] # candidate unique pairs for (FF, FR, RF, RR): (13, 750948, 70, 12)
[M::mem_pestat] analyzing insert size distribution for orientation FF...
[M::mem_pestat] (25, 50, 75) percentile: (172, 202, 1209)
[M::mem_pestat] low and high boundaries for computing mean and std.dev: (1, 3283)
[M::mem_pestat] mean and std.dev: (552.00, 653.51)
[M::mem_pestat] low and high boundaries for proper pairs: (1, 4320)
[M::mem_pestat] analyzing insert size distribution for orientation FR...
[M::mem_pestat] (25, 50, 75) percentile: (180, 223, 285)
[M::mem_pestat] low and high boundaries for computing mean and std.dev: (1, 495)
[M::mem_pestat] mean and std.dev: (235.63, 76.59)
[M::mem_pestat] low and high boundaries for proper pairs: (1, 600)
[M::mem_pestat] analyzing insert size distribution for orientation RF...
[M::mem_pestat] (25, 50, 75) percentile: (223, 664, 2393)
[M::mem_pestat] low and high boundaries for computing mean and std.dev: (1, 6733)
[M::mem_pestat] mean and std.dev: (1350.61, 1530.55)
[M::mem_pestat] low and high boundaries for proper pairs: (1, 8903)
[M::mem_pestat] analyzing insert size distribution for orientation RR...
[M::mem_pestat] (25, 50, 75) percentile: (270, 1133, 2645)
[M::mem_pestat] low and high boundaries for computing mean and std.dev: (1, 7395)
[M::mem_pestat] mean and std.dev: (1350.08, 1238.91)
[M::mem_pestat] low and high boundaries for proper pairs: (1, 9770)
[M::mem_pestat] skip orientation FF
[M::mem_pestat] skip orientation RF
[M::mem_pestat] skip orientation RR
[M::mem_process_seqs] Processed 2818854 reads in 2991.840 CPU sec, 74.833 real sec
[M::process] read 2842018 sequences (400000099 bp)...
[M::mem_pestat] # candidate unique pairs for (FF, FR, RF, RR): (17, 749413, 65, 12)
[M::mem_pestat] analyzing insert size distribution for orientation FF...
[M::mem_pestat] (25, 50, 75) percentile: (151, 195, 2414)
[M::mem_pestat] low and high boundaries for computing mean and std.dev: (1, 6940)
[M::mem_pestat] mean and std.dev: (1152.44, 2062.76)
[M::mem_pestat] low and high boundaries for proper pairs: (1, 9403)
[M::mem_pestat] analyzing insert size distribution for orientation FR...
[M::mem_pestat] (25, 50, 75) percentile: (180, 222, 284)
[M::mem_pestat] low and high boundaries for computing mean and std.dev: (1, 492)
[M::mem_pestat] mean and std.dev: (234.41, 76.38)
[M::mem_pestat] low and high boundaries for proper pairs: (1, 596)
[M::mem_pestat] analyzing insert size distribution for orientation RF...
[M::mem_pestat] (25, 50, 75) percentile: (128, 534, 1236)
[M::mem_pestat] low and high boundaries for computing mean and std.dev: (1, 3452)
[M::mem_pestat] mean and std.dev: (787.94, 826.39)
[M::mem_pestat] low and high boundaries for proper pairs: (1, 4560)
[M::mem_pestat] analyzing insert size distribution for orientation RR...
[M::mem_pestat] (25, 50, 75) percentile: (159, 249, 648)
[M::mem_pestat] low and high boundaries for computing mean and std.dev: (1, 1626)
[M::mem_pestat] mean and std.dev: (395.73, 412.59)
[M::mem_pestat] low and high boundaries for proper pairs: (1, 2115)
[M::mem_pestat] skip orientation FF
[M::mem_pestat] skip orientation RF
[M::mem_pestat] skip orientation RR
[M::mem_process_seqs] Processed 2841584 reads in 2980.383 CPU sec, 74.967 real sec
[M::process] read 2843870 sequences (400000096 bp)...
[M::mem_pestat] # candidate unique pairs for (FF, FR, RF, RR): (15, 751200, 70, 8)
[M::mem_pestat] analyzing insert size distribution for orientation FF...
[M::mem_pestat] (25, 50, 75) percentile: (124, 167, 1584)
[M::mem_pestat] low and high boundaries for computing mean and std.dev: (1, 4504)
[M::mem_pestat] mean and std.dev: (662.27, 888.53)
[M::mem_pestat] low and high boundaries for proper pairs: (1, 5964)
[M::mem_pestat] analyzing insert size distribution for orientation FR...
[M::mem_pestat] (25, 50, 75) percentile: (180, 222, 284)
[M::mem_pestat] low and high boundaries for computing mean and std.dev: (1, 492)
[M::mem_pestat] mean and std.dev: (234.41, 76.33)
[M::mem_pestat] low and high boundaries for proper pairs: (1, 596)
[M::mem_pestat] analyzing insert size distribution for orientation RF...
[M::mem_pestat] (25, 50, 75) percentile: (223, 1120, 2514)
[M::mem_pestat] low and high boundaries for computing mean and std.dev: (1, 7096)
[M::mem_pestat] mean and std.dev: (1426.26, 1477.49)
[M::mem_pestat] low and high boundaries for proper pairs: (1, 9387)
[M::mem_pestat] skip orientation RR as there are not enough pairs
[M::mem_pestat] skip orientation FF
[M::mem_pestat] skip orientation RF
[M::mem_process_seqs] Processed 2842018 reads in 2996.207 CPU sec, 75.114 real sec
[M::process] read 2842846 sequences (400000089 bp)...
[M::mem_pestat] # candidate unique pairs for (FF, FR, RF, RR): (20, 750437, 62, 8)
[M::mem_pestat] analyzing insert size distribution for orientation FF...
[M::mem_pestat] (25, 50, 75) percentile: (268, 541, 1497)
[M::mem_pestat] low and high boundaries for computing mean and std.dev: (1, 3955)
[M::mem_pestat] mean and std.dev: (975.26, 1058.17)
[M::mem_pestat] low and high boundaries for proper pairs: (1, 5208)
[M::mem_pestat] analyzing insert size distribution for orientation FR...
[M::mem_pestat] (25, 50, 75) percentile: (180, 223, 286)
[M::mem_pestat] low and high boundaries for computing mean and std.dev: (1, 498)
[M::mem_pestat] mean and std.dev: (235.83, 76.89)
[M::mem_pestat] low and high boundaries for proper pairs: (1, 604)
[M::mem_pestat] analyzing insert size distribution for orientation RF...
[M::mem_pestat] (25, 50, 75) percentile: (158, 1129, 2454)
[M::mem_pestat] low and high boundaries for computing mean and std.dev: (1, 7046)
[M::mem_pestat] mean and std.dev: (1557.31, 1814.40)
[M::mem_pestat] low and high boundaries for proper pairs: (1, 9342)
[M::mem_pestat] skip orientation RR as there are not enough pairs
[M::mem_pestat] skip orientation FF
[M::mem_pestat] skip orientation RF
[M::mem_process_seqs] Processed 2843870 reads in 3013.161 CPU sec, 75.357 real sec
[M::process] read 2841248 sequences (400000297 bp)...
[M::mem_pestat] # candidate unique pairs for (FF, FR, RF, RR): (13, 750489, 64, 16)
[M::mem_pestat] analyzing insert size distribution for orientation FF...
[M::mem_pestat] (25, 50, 75) percentile: (187, 643, 5796)
[M::mem_pestat] low and high boundaries for computing mean and std.dev: (1, 17014)
[M::mem_pestat] mean and std.dev: (2580.15, 3395.95)
[M::mem_pestat] low and high boundaries for proper pairs: (1, 22623)
[M::mem_pestat] analyzing insert size distribution for orientation FR...
[M::mem_pestat] (25, 50, 75) percentile: (180, 223, 285)
[M::mem_pestat] low and high boundaries for computing mean and std.dev: (1, 495)
[M::mem_pestat] mean and std.dev: (235.45, 76.71)
[M::mem_pestat] low and high boundaries for proper pairs: (1, 600)
[M::mem_pestat] analyzing insert size distribution for orientation RF...
[M::mem_pestat] (25, 50, 75) percentile: (198, 789, 2405)
[M::mem_pestat] low and high boundaries for computing mean and std.dev: (1, 6819)
[M::mem_pestat] mean and std.dev: (1249.69, 1508.56)
[M::mem_pestat] low and high boundaries for proper pairs: (1, 9026)
[M::mem_pestat] analyzing insert size distribution for orientation RR...
[M::mem_pestat] (25, 50, 75) percentile: (213, 1195, 2220)
[M::mem_pestat] low and high boundaries for computing mean and std.dev: (1, 6234)
[M::mem_pestat] mean and std.dev: (1290.40, 1413.42)
[M::mem_pestat] low and high boundaries for proper pairs: (1, 8241)
[M::mem_pestat] skip orientation FF
[M::mem_pestat] skip orientation RF
[M::mem_pestat] skip orientation RR
[M::mem_process_seqs] Processed 2842846 reads in 3079.975 CPU sec, 77.408 real sec
[M::process] read 2824778 sequences (400000040 bp)...
[M::mem_pestat] # candidate unique pairs for (FF, FR, RF, RR): (10, 750073, 60, 6)
[M::mem_pestat] analyzing insert size distribution for orientation FF...
[M::mem_pestat] (25, 50, 75) percentile: (125, 216, 349)
[M::mem_pestat] low and high boundaries for computing mean and std.dev: (1, 797)
[M::mem_pestat] mean and std.dev: (230.44, 155.64)
[M::mem_pestat] low and high boundaries for proper pairs: (1, 1021)
[M::mem_pestat] analyzing insert size distribution for orientation FR...
[M::mem_pestat] (25, 50, 75) percentile: (180, 223, 285)
[M::mem_pestat] low and high boundaries for computing mean and std.dev: (1, 495)
[M::mem_pestat] mean and std.dev: (235.35, 76.60)
[M::mem_pestat] low and high boundaries for proper pairs: (1, 600)
[M::mem_pestat] analyzing insert size distribution for orientation RF...
[M::mem_pestat] (25, 50, 75) percentile: (172, 422, 1499)
[M::mem_pestat] low and high boundaries for computing mean and std.dev: (1, 4153)
[M::mem_pestat] mean and std.dev: (779.59, 831.55)
[M::mem_pestat] low and high boundaries for proper pairs: (1, 5480)
[M::mem_pestat] skip orientation RR as there are not enough pairs
[M::mem_pestat] skip orientation FF
[M::mem_pestat] skip orientation RF
[M::mem_process_seqs] Processed 2841248 reads in 3040.881 CPU sec, 76.278 real sec
[M::process] read 2819826 sequences (400000215 bp)...
[M::mem_pestat] # candidate unique pairs for (FF, FR, RF, RR): (14, 751866, 70, 16)
[M::mem_pestat] analyzing insert size distribution for orientation FF...
[M::mem_pestat] (25, 50, 75) percentile: (182, 355, 1034)
[M::mem_pestat] low and high boundaries for computing mean and std.dev: (1, 2738)
[M::mem_pestat] mean and std.dev: (546.15, 543.93)
[M::mem_pestat] low and high boundaries for proper pairs: (1, 3590)
[M::mem_pestat] analyzing insert size distribution for orientation FR...
[M::mem_pestat] (25, 50, 75) percentile: (179, 222, 283)
[M::mem_pestat] low and high boundaries for computing mean and std.dev: (1, 491)
[M::mem_pestat] mean and std.dev: (234.04, 76.37)
[M::mem_pestat] low and high boundaries for proper pairs: (1, 595)
[M::mem_pestat] analyzing insert size distribution for orientation RF...
[M::mem_pestat] (25, 50, 75) percentile: (122, 640, 1993)
[M::mem_pestat] low and high boundaries for computing mean and std.dev: (1, 5735)
[M::mem_pestat] mean and std.dev: (1058.72, 1283.89)
[M::mem_pestat] low and high boundaries for proper pairs: (1, 7606)
[M::mem_pestat] analyzing insert size distribution for orientation RR...
[M::mem_pestat] (25, 50, 75) percentile: (260, 337, 909)
[M::mem_pestat] low and high boundaries for computing mean and std.dev: (1, 2207)
[M::mem_pestat] mean and std.dev: (400.08, 296.01)
[M::mem_pestat] low and high boundaries for proper pairs: (1, 2856)
[M::mem_pestat] skip orientation FF
[M::mem_pestat] skip orientation RF
[M::mem_pestat] skip orientation RR
[M::mem_process_seqs] Processed 2824778 reads in 3018.414 CPU sec, 75.665 real sec
[M::process] read 2821842 sequences (400000066 bp)...
[M::mem_pestat] # candidate unique pairs for (FF, FR, RF, RR): (20, 752096, 78, 14)
[M::mem_pestat] analyzing insert size distribution for orientation FF...
[M::mem_pestat] (25, 50, 75) percentile: (172, 1177, 4340)
[M::mem_pestat] low and high boundaries for computing mean and std.dev: (1, 12676)
[M::mem_pestat] mean and std.dev: (2272.30, 2767.71)
[M::mem_pestat] low and high boundaries for proper pairs: (1, 16844)
[M::mem_pestat] analyzing insert size distribution for orientation FR...
[M::mem_pestat] (25, 50, 75) percentile: (179, 221, 281)
[M::mem_pestat] low and high boundaries for computing mean and std.dev: (1, 485)
[M::mem_pestat] mean and std.dev: (232.63, 75.53)
[M::mem_pestat] low and high boundaries for proper pairs: (1, 587)
[M::mem_pestat] analyzing insert size distribution for orientation RF...
[M::mem_pestat] (25, 50, 75) percentile: (334, 1192, 2995)
[M::mem_pestat] low and high boundaries for computing mean and std.dev: (1, 8317)
[M::mem_pestat] mean and std.dev: (2027.29, 2227.75)
[M::mem_pestat] low and high boundaries for proper pairs: (1, 10978)
[M::mem_pestat] analyzing insert size distribution for orientation RR...
[M::mem_pestat] (25, 50, 75) percentile: (140, 269, 818)
[M::mem_pestat] low and high boundaries for computing mean and std.dev: (1, 2174)
[M::mem_pestat] mean and std.dev: (299.50, 241.76)
[M::mem_pestat] low and high boundaries for proper pairs: (1, 2852)
[M::mem_pestat] skip orientation FF
[M::mem_pestat] skip orientation RF
[M::mem_pestat] skip orientation RR
[M::mem_process_seqs] Processed 2819826 reads in 2987.273 CPU sec, 74.875 real sec
[M::process] read 2821814 sequences (400000174 bp)...
[M::mem_pestat] # candidate unique pairs for (FF, FR, RF, RR): (6, 752457, 81, 16)
[M::mem_pestat] skip orientation FF as there are not enough pairs
[M::mem_pestat] analyzing insert size distribution for orientation FR...
[M::mem_pestat] (25, 50, 75) percentile: (177, 218, 278)
[M::mem_pestat] low and high boundaries for computing mean and std.dev: (1, 480)
[M::mem_pestat] mean and std.dev: (230.50, 74.95)
[M::mem_pestat] low and high boundaries for proper pairs: (1, 581)
[M::mem_pestat] analyzing insert size distribution for orientation RF...
[M::mem_pestat] (25, 50, 75) percentile: (138, 438, 2480)
[M::mem_pestat] low and high boundaries for computing mean and std.dev: (1, 7164)
[M::mem_pestat] mean and std.dev: (1188.01, 1420.46)
[M::mem_pestat] low and high boundaries for proper pairs: (1, 9506)
[M::mem_pestat] analyzing insert size distribution for orientation RR...
[M::mem_pestat] (25, 50, 75) percentile: (149, 345, 3781)
[M::mem_pestat] low and high boundaries for computing mean and std.dev: (1, 11045)
[M::mem_pestat] mean and std.dev: (1276.25, 1631.82)
[M::mem_pestat] low and high boundaries for proper pairs: (1, 14677)
[M::mem_pestat] skip orientation RF
[M::mem_pestat] skip orientation RR
[M::mem_process_seqs] Processed 2821842 reads in 3001.694 CPU sec, 75.254 real sec
[M::process] read 2818060 sequences (400000210 bp)...
[M::mem_pestat] # candidate unique pairs for (FF, FR, RF, RR): (15, 753279, 61, 11)
[M::mem_pestat] analyzing insert size distribution for orientation FF...
[M::mem_pestat] (25, 50, 75) percentile: (143, 202, 4515)
[M::mem_pestat] low and high boundaries for computing mean and std.dev: (1, 13259)
[M::mem_pestat] mean and std.dev: (1545.27, 2289.18)
[M::mem_pestat] low and high boundaries for proper pairs: (1, 17631)
[M::mem_pestat] analyzing insert size distribution for orientation FR...
[M::mem_pestat] (25, 50, 75) percentile: (179, 221, 281)
[M::mem_pestat] low and high boundaries for computing mean and std.dev: (1, 485)
[M::mem_pestat] mean and std.dev: (233.11, 75.53)
[M::mem_pestat] low and high boundaries for proper pairs: (1, 587)
[M::mem_pestat] analyzing insert size distribution for orientation RF...
[M::mem_pestat] (25, 50, 75) percentile: (226, 1121, 2430)
[M::mem_pestat] low and high boundaries for computing mean and std.dev: (1, 6838)
[M::mem_pestat] mean and std.dev: (1512.79, 1789.58)
[M::mem_pestat] low and high boundaries for proper pairs: (1, 9042)
[M::mem_pestat] analyzing insert size distribution for orientation RR...
[M::mem_pestat] (25, 50, 75) percentile: (167, 226, 896)
[M::mem_pestat] low and high boundaries for computing mean and std.dev: (1, 2354)
[M::mem_pestat] mean and std.dev: (380.56, 324.47)
[M::mem_pestat] low and high boundaries for proper pairs: (1, 3083)
[M::mem_pestat] skip orientation FF
[M::mem_pestat] skip orientation RF
[M::mem_pestat] skip orientation RR
[M::mem_process_seqs] Processed 2821814 reads in 3013.721 CPU sec, 75.548 real sec
[M::process] read 2820838 sequences (400000067 bp)...
[M::mem_pestat] # candidate unique pairs for (FF, FR, RF, RR): (11, 752443, 68, 9)
[M::mem_pestat] analyzing insert size distribution for orientation FF...
[M::mem_pestat] (25, 50, 75) percentile: (103, 157, 304)
[M::mem_pestat] low and high boundaries for computing mean and std.dev: (1, 706)
[M::mem_pestat] mean and std.dev: (163.30, 90.40)
[M::mem_pestat] low and high boundaries for proper pairs: (1, 907)
[M::mem_pestat] analyzing insert size distribution for orientation FR...
[M::mem_pestat] (25, 50, 75) percentile: (179, 221, 282)
[M::mem_pestat] low and high boundaries for computing mean and std.dev: (1, 488)
[M::mem_pestat] mean and std.dev: (233.55, 75.74)
[M::mem_pestat] low and high boundaries for proper pairs: (1, 591)
[M::mem_pestat] analyzing insert size distribution for orientation RF...
[M::mem_pestat] (25, 50, 75) percentile: (224, 816, 2410)
[M::mem_pestat] low and high boundaries for computing mean and std.dev: (1, 6782)
[M::mem_pestat] mean and std.dev: (1194.97, 1297.41)
[M::mem_pestat] low and high boundaries for proper pairs: (1, 8968)
[M::mem_pestat] skip orientation RR as there are not enough pairs
[M::mem_pestat] skip orientation FF
[M::mem_pestat] skip orientation RF
[M::mem_process_seqs] Processed 2818060 reads in 2997.503 CPU sec, 74.960 real sec
[M::process] read 2828832 sequences (400000075 bp)...
[M::mem_pestat] # candidate unique pairs for (FF, FR, RF, RR): (12, 751937, 68, 13)
[M::mem_pestat] analyzing insert size distribution for orientation FF...
[M::mem_pestat] (25, 50, 75) percentile: (150, 263, 562)
[M::mem_pestat] low and high boundaries for computing mean and std.dev: (1, 1386)
[M::mem_pestat] mean and std.dev: (233.10, 186.74)
[M::mem_pestat] low and high boundaries for proper pairs: (1, 1798)
[M::mem_pestat] analyzing insert size distribution for orientation FR...
[M::mem_pestat] (25, 50, 75) percentile: (177, 218, 278)
[M::mem_pestat] low and high boundaries for computing mean and std.dev: (1, 480)
[M::mem_pestat] mean and std.dev: (230.49, 75.02)
[M::mem_pestat] low and high boundaries for proper pairs: (1, 581)
[M::mem_pestat] analyzing insert size distribution for orientation RF...
[M::mem_pestat] (25, 50, 75) percentile: (346, 1235, 2468)
[M::mem_pestat] low and high boundaries for computing mean and std.dev: (1, 6712)
[M::mem_pestat] mean and std.dev: (1174.00, 997.22)
[M::mem_pestat] low and high boundaries for proper pairs: (1, 8834)
[M::mem_pestat] analyzing insert size distribution for orientation RR...
[M::mem_pestat] (25, 50, 75) percentile: (33, 129, 3979)
[M::mem_pestat] low and high boundaries for computing mean and std.dev: (1, 11871)
[M::mem_pestat] mean and std.dev: (1369.15, 1879.36)
[M::mem_pestat] low and high boundaries for proper pairs: (1, 15817)
[M::mem_pestat] skip orientation FF
[M::mem_pestat] skip orientation RF
[M::mem_pestat] skip orientation RR
[M::mem_process_seqs] Processed 2820838 reads in 2983.068 CPU sec, 75.005 real sec
[M::process] read 2839252 sequences (400000204 bp)...
[M::mem_pestat] # candidate unique pairs for (FF, FR, RF, RR): (6, 747797, 68, 22)
[M::mem_pestat] skip orientation FF as there are not enough pairs
[M::mem_pestat] analyzing insert size distribution for orientation FR...
[M::mem_pestat] (25, 50, 75) percentile: (181, 224, 287)
[M::mem_pestat] low and high boundaries for computing mean and std.dev: (1, 499)
[M::mem_pestat] mean and std.dev: (236.71, 77.07)
[M::mem_pestat] low and high boundaries for proper pairs: (1, 605)
[M::mem_pestat] analyzing insert size distribution for orientation RF...
[M::mem_pestat] (25, 50, 75) percentile: (119, 818, 2435)
[M::mem_pestat] low and high boundaries for computing mean and std.dev: (1, 7067)
[M::mem_pestat] mean and std.dev: (1209.46, 1307.80)
[M::mem_pestat] low and high boundaries for proper pairs: (1, 9383)
[M::mem_pestat] analyzing insert size distribution for orientation RR...
[M::mem_pestat] (25, 50, 75) percentile: (223, 492, 2767)
[M::mem_pestat] low and high boundaries for computing mean and std.dev: (1, 7855)
[M::mem_pestat] mean and std.dev: (1402.90, 1796.95)
[M::mem_pestat] low and high boundaries for proper pairs: (1, 10399)
[M::mem_pestat] skip orientation RF
[M::mem_pestat] skip orientation RR
[M::mem_process_seqs] Processed 2828832 reads in 3298.695 CPU sec, 88.558 real sec
[M::process] read 2842952 sequences (400000010 bp)...
[M::mem_pestat] # candidate unique pairs for (FF, FR, RF, RR): (14, 749338, 75, 12)
[M::mem_pestat] analyzing insert size distribution for orientation FF...
[M::mem_pestat] (25, 50, 75) percentile: (98, 439, 3239)
[M::mem_pestat] low and high boundaries for computing mean and std.dev: (1, 9521)
[M::mem_pestat] mean and std.dev: (963.08, 1347.27)
[M::mem_pestat] low and high boundaries for proper pairs: (1, 12662)
[M::mem_pestat] analyzing insert size distribution for orientation FR...
[M::mem_pestat] (25, 50, 75) percentile: (181, 224, 286)
[M::mem_pestat] low and high boundaries for computing mean and std.dev: (1, 496)
[M::mem_pestat] mean and std.dev: (236.02, 76.95)
[M::mem_pestat] low and high boundaries for proper pairs: (1, 601)
[M::mem_pestat] analyzing insert size distribution for orientation RF...
[M::mem_pestat] (25, 50, 75) percentile: (137, 431, 1330)
[M::mem_pestat] low and high boundaries for computing mean and std.dev: (1, 3716)
[M::mem_pestat] mean and std.dev: (665.42, 799.70)
[M::mem_pestat] low and high boundaries for proper pairs: (1, 4909)
[M::mem_pestat] analyzing insert size distribution for orientation RR...
[M::mem_pestat] (25, 50, 75) percentile: (156, 222, 298)
[M::mem_pestat] low and high boundaries for computing mean and std.dev: (1, 582)
[M::mem_pestat] mean and std.dev: (179.00, 66.31)
[M::mem_pestat] low and high boundaries for proper pairs: (1, 724)
[M::mem_pestat] skip orientation FF
[M::mem_pestat] skip orientation RF
[M::mem_pestat] skip orientation RR
[M::mem_process_seqs] Processed 2839252 reads in 3033.833 CPU sec, 76.255 real sec
[M::process] read 2846028 sequences (400000264 bp)...
[M::mem_pestat] # candidate unique pairs for (FF, FR, RF, RR): (10, 749217, 77, 11)
[M::mem_pestat] analyzing insert size distribution for orientation FF...
[M::mem_pestat] (25, 50, 75) percentile: (162, 195, 1764)
[M::mem_pestat] low and high boundaries for computing mean and std.dev: (1, 4968)
[M::mem_pestat] mean and std.dev: (897.50, 1207.77)
[M::mem_pestat] low and high boundaries for proper pairs: (1, 6570)
[M::mem_pestat] analyzing insert size distribution for orientation FR...
[M::mem_pestat] (25, 50, 75) percentile: (180, 223, 285)
[M::mem_pestat] low and high boundaries for computing mean and std.dev: (1, 495)
[M::mem_pestat] mean and std.dev: (235.53, 76.94)
[M::mem_pestat] low and high boundaries for proper pairs: (1, 600)
[M::mem_pestat] analyzing insert size distribution for orientation RF...
[M::mem_pestat] (25, 50, 75) percentile: (154, 597, 2445)
[M::mem_pestat] low and high boundaries for computing mean and std.dev: (1, 7027)
[M::mem_pestat] mean and std.dev: (1182.19, 1302.30)
[M::mem_pestat] low and high boundaries for proper pairs: (1, 9318)
[M::mem_pestat] analyzing insert size distribution for orientation RR...
[M::mem_pestat] (25, 50, 75) percentile: (215, 981, 3781)
[M::mem_pestat] low and high boundaries for computing mean and std.dev: (1, 10913)
[M::mem_pestat] mean and std.dev: (2576.55, 3453.07)
[M::mem_pestat] low and high boundaries for proper pairs: (1, 16389)
[M::mem_pestat] skip orientation FF
[M::mem_pestat] skip orientation RF
[M::mem_pestat] skip orientation RR
[M::mem_process_seqs] Processed 2842952 reads in 3179.429 CPU sec, 79.748 real sec
[M::process] read 2844064 sequences (400000082 bp)...
[M::mem_pestat] # candidate unique pairs for (FF, FR, RF, RR): (18, 750645, 68, 13)
[M::mem_pestat] analyzing insert size distribution for orientation FF...
[M::mem_pestat] (25, 50, 75) percentile: (163, 190, 493)
[M::mem_pestat] low and high boundaries for computing mean and std.dev: (1, 1153)
[M::mem_pestat] mean and std.dev: (242.56, 180.25)
[M::mem_pestat] low and high boundaries for proper pairs: (1, 1483)
[M::mem_pestat] analyzing insert size distribution for orientation FR...
[M::mem_pestat] (25, 50, 75) percentile: (180, 223, 285)
[M::mem_pestat] low and high boundaries for computing mean and std.dev: (1, 495)
[M::mem_pestat] mean and std.dev: (235.58, 76.82)
[M::mem_pestat] low and high boundaries for proper pairs: (1, 600)
[M::mem_pestat] analyzing insert size distribution for orientation RF...
[M::mem_pestat] (25, 50, 75) percentile: (132, 373, 2190)
[M::mem_pestat] low and high boundaries for computing mean and std.dev: (1, 6306)
[M::mem_pestat] mean and std.dev: (1084.96, 1329.47)
[M::mem_pestat] low and high boundaries for proper pairs: (1, 8364)
[M::mem_pestat] analyzing insert size distribution for orientation RR...
[M::mem_pestat] (25, 50, 75) percentile: (307, 387, 4597)
[M::mem_pestat] low and high boundaries for computing mean and std.dev: (1, 13177)
[M::mem_pestat] mean and std.dev: (2076.38, 2754.15)
[M::mem_pestat] low and high boundaries for proper pairs: (1, 17467)
[M::mem_pestat] skip orientation FF
[M::mem_pestat] skip orientation RF
[M::mem_pestat] skip orientation RR
[M::mem_process_seqs] Processed 2846028 reads in 3504.119 CPU sec, 87.640 real sec
[M::process] read 2834176 sequences (400000162 bp)...
[M::mem_pestat] # candidate unique pairs for (FF, FR, RF, RR): (19, 751157, 69, 8)
[M::mem_pestat] analyzing insert size distribution for orientation FF...
[M::mem_pestat] (25, 50, 75) percentile: (177, 329, 1177)
[M::mem_pestat] low and high boundaries for computing mean and std.dev: (1, 3177)
[M::mem_pestat] mean and std.dev: (561.41, 722.04)
[M::mem_pestat] low and high boundaries for proper pairs: (1, 4177)
[M::mem_pestat] analyzing insert size distribution for orientation FR...
[M::mem_pestat] (25, 50, 75) percentile: (180, 223, 285)
[M::mem_pestat] low and high boundaries for computing mean and std.dev: (1, 495)
[M::mem_pestat] mean and std.dev: (235.62, 76.79)
[M::mem_pestat] low and high boundaries for proper pairs: (1, 600)
[M::mem_pestat] analyzing insert size distribution for orientation RF...
[M::mem_pestat] (25, 50, 75) percentile: (223, 609, 1522)
[M::mem_pestat] low and high boundaries for computing mean and std.dev: (1, 4120)
[M::mem_pestat] mean and std.dev: (969.60, 995.54)
[M::mem_pestat] low and high boundaries for proper pairs: (1, 5419)
[M::mem_pestat] skip orientation RR as there are not enough pairs
[M::mem_pestat] skip orientation FF
[M::mem_pestat] skip orientation RF
[M::mem_process_seqs] Processed 2844064 reads in 3117.362 CPU sec, 78.369 real sec
[M::process] read 2813040 sequences (400000194 bp)...
[M::mem_pestat] # candidate unique pairs for (FF, FR, RF, RR): (16, 748317, 77, 18)
[M::mem_pestat] analyzing insert size distribution for orientation FF...
[M::mem_pestat] (25, 50, 75) percentile: (147, 1408, 3191)
[M::mem_pestat] low and high boundaries for computing mean and std.dev: (1, 9279)
[M::mem_pestat] mean and std.dev: (1868.75, 2141.64)
[M::mem_pestat] low and high boundaries for proper pairs: (1, 12323)
[M::mem_pestat] analyzing insert size distribution for orientation FR...
[M::mem_pestat] (25, 50, 75) percentile: (180, 223, 285)
[M::mem_pestat] low and high boundaries for computing mean and std.dev: (1, 495)
[M::mem_pestat] mean and std.dev: (235.35, 76.91)
[M::mem_pestat] low and high boundaries for proper pairs: (1, 600)
[M::mem_pestat] analyzing insert size distribution for orientation RF...
[M::mem_pestat] (25, 50, 75) percentile: (175, 1210, 3369)
[M::mem_pestat] low and high boundaries for computing mean and std.dev: (1, 9757)
[M::mem_pestat] mean and std.dev: (1970.86, 2251.74)
[M::mem_pestat] low and high boundaries for proper pairs: (1, 12951)
[M::mem_pestat] analyzing insert size distribution for orientation RR...
[M::mem_pestat] (25, 50, 75) percentile: (94, 170, 322)
[M::mem_pestat] low and high boundaries for computing mean and std.dev: (1, 778)
[M::mem_pestat] mean and std.dev: (155.43, 86.40)
[M::mem_pestat] low and high boundaries for proper pairs: (1, 1006)
[M::mem_pestat] skip orientation FF
[M::mem_pestat] skip orientation RF
[M::mem_pestat] skip orientation RR
[M::mem_process_seqs] Processed 2834176 reads in 3061.456 CPU sec, 76.799 real sec
[M::process] read 2802286 sequences (400000000 bp)...
[M::mem_pestat] # candidate unique pairs for (FF, FR, RF, RR): (9, 750194, 65, 9)
[M::mem_pestat] skip orientation FF as there are not enough pairs
[M::mem_pestat] analyzing insert size distribution for orientation FR...
[M::mem_pestat] (25, 50, 75) percentile: (180, 223, 285)
[M::mem_pestat] low and high boundaries for computing mean and std.dev: (1, 495)
[M::mem_pestat] mean and std.dev: (235.61, 76.65)
[M::mem_pestat] low and high boundaries for proper pairs: (1, 600)
[M::mem_pestat] analyzing insert size distribution for orientation RF...
[M::mem_pestat] (25, 50, 75) percentile: (223, 1075, 4032)
[M::mem_pestat] low and high boundaries for computing mean and std.dev: (1, 11650)
[M::mem_pestat] mean and std.dev: (2283.65, 2666.00)
[M::mem_pestat] low and high boundaries for proper pairs: (1, 15459)
[M::mem_pestat] skip orientation RR as there are not enough pairs
[M::mem_pestat] skip orientation RF
[M::mem_process_seqs] Processed 2813040 reads in 3014.857 CPU sec, 75.643 real sec
[M::process] read 2802434 sequences (400000146 bp)...
[M::mem_pestat] # candidate unique pairs for (FF, FR, RF, RR): (17, 750408, 58, 16)
[M::mem_pestat] analyzing insert size distribution for orientation FF...
[M::mem_pestat] (25, 50, 75) percentile: (105, 146, 247)
[M::mem_pestat] low and high boundaries for computing mean and std.dev: (1, 531)
[M::mem_pestat] mean and std.dev: (165.65, 88.97)
[M::mem_pestat] low and high boundaries for proper pairs: (1, 673)
[M::mem_pestat] analyzing insert size distribution for orientation FR...
[M::mem_pestat] (25, 50, 75) percentile: (182, 226, 288)
[M::mem_pestat] low and high boundaries for computing mean and std.dev: (1, 500)
[M::mem_pestat] mean and std.dev: (237.96, 77.11)
[M::mem_pestat] low and high boundaries for proper pairs: (1, 606)
[M::mem_pestat] analyzing insert size distribution for orientation RF...
[M::mem_pestat] (25, 50, 75) percentile: (168, 492, 2318)
[M::mem_pestat] low and high boundaries for computing mean and std.dev: (1, 6618)
[M::mem_pestat] mean and std.dev: (1162.14, 1230.67)
[M::mem_pestat] low and high boundaries for proper pairs: (1, 8768)
[M::mem_pestat] analyzing insert size distribution for orientation RR...
[M::mem_pestat] (25, 50, 75) percentile: (354, 878, 4874)
[M::mem_pestat] low and high boundaries for computing mean and std.dev: (1, 13914)
[M::mem_pestat] mean and std.dev: (2233.12, 2290.68)
[M::mem_pestat] low and high boundaries for proper pairs: (1, 18434)
[M::mem_pestat] skip orientation FF
[M::mem_pestat] skip orientation RF
[M::mem_pestat] skip orientation RR
[M::mem_process_seqs] Processed 2802286 reads in 3005.425 CPU sec, 75.191 real sec
[M::process] read 2800996 sequences (400000274 bp)...
[M::mem_pestat] # candidate unique pairs for (FF, FR, RF, RR): (7, 748708, 81, 18)
[M::mem_pestat] skip orientation FF as there are not enough pairs
[M::mem_pestat] analyzing insert size distribution for orientation FR...
[M::mem_pestat] (25, 50, 75) percentile: (183, 227, 291)
[M::mem_pestat] low and high boundaries for computing mean and std.dev: (1, 507)
[M::mem_pestat] mean and std.dev: (239.78, 77.69)
[M::mem_pestat] low and high boundaries for proper pairs: (1, 615)
[M::mem_pestat] analyzing insert size distribution for orientation RF...
[M::mem_pestat] (25, 50, 75) percentile: (225, 525, 1898)
[M::mem_pestat] low and high boundaries for computing mean and std.dev: (1, 5244)
[M::mem_pestat] mean and std.dev: (976.62, 1100.50)
[M::mem_pestat] low and high boundaries for proper pairs: (1, 6917)
[M::mem_pestat] analyzing insert size distribution for orientation RR...
[M::mem_pestat] (25, 50, 75) percentile: (137, 316, 1997)
[M::mem_pestat] low and high boundaries for computing mean and std.dev: (1, 5717)
[M::mem_pestat] mean and std.dev: (1117.41, 1340.79)
[M::mem_pestat] low and high boundaries for proper pairs: (1, 7577)
[M::mem_pestat] skip orientation RF
[M::mem_pestat] skip orientation RR
[M::mem_process_seqs] Processed 2802434 reads in 3027.648 CPU sec, 76.112 real sec
[M::process] read 2817960 sequences (400000123 bp)...
[M::mem_pestat] # candidate unique pairs for (FF, FR, RF, RR): (8, 746815, 98, 9)
[M::mem_pestat] skip orientation FF as there are not enough pairs
[M::mem_pestat] analyzing insert size distribution for orientation FR...
[M::mem_pestat] (25, 50, 75) percentile: (183, 227, 290)
[M::mem_pestat] low and high boundaries for computing mean and std.dev: (1, 504)
[M::mem_pestat] mean and std.dev: (239.39, 77.66)
[M::mem_pestat] low and high boundaries for proper pairs: (1, 611)
[M::mem_pestat] analyzing insert size distribution for orientation RF...
[M::mem_pestat] (25, 50, 75) percentile: (137, 365, 1235)
[M::mem_pestat] low and high boundaries for computing mean and std.dev: (1, 3431)
[M::mem_pestat] mean and std.dev: (646.37, 818.89)
[M::mem_pestat] low and high boundaries for proper pairs: (1, 4529)
[M::mem_pestat] skip orientation RR as there are not enough pairs
[M::mem_pestat] skip orientation RF
[M::mem_process_seqs] Processed 2800996 reads in 3026.348 CPU sec, 75.853 real sec
[M::process] read 2818756 sequences (400000003 bp)...
[M::mem_pestat] # candidate unique pairs for (FF, FR, RF, RR): (7, 747136, 80, 11)
[M::mem_pestat] skip orientation FF as there are not enough pairs
[M::mem_pestat] analyzing insert size distribution for orientation FR...
[M::mem_pestat] (25, 50, 75) percentile: (183, 228, 292)
[M::mem_pestat] low and high boundaries for computing mean and std.dev: (1, 510)
[M::mem_pestat] mean and std.dev: (240.48, 78.30)
[M::mem_pestat] low and high boundaries for proper pairs: (1, 619)
[M::mem_pestat] analyzing insert size distribution for orientation RF...
[M::mem_pestat] (25, 50, 75) percentile: (224, 1425, 2611)
[M::mem_pestat] low and high boundaries for computing mean and std.dev: (1, 7385)
[M::mem_pestat] mean and std.dev: (1617.90, 1761.05)
[M::mem_pestat] low and high boundaries for proper pairs: (1, 9772)
[M::mem_pestat] analyzing insert size distribution for orientation RR...
[M::mem_pestat] (25, 50, 75) percentile: (194, 347, 1651)
[M::mem_pestat] low and high boundaries for computing mean and std.dev: (1, 4565)
[M::mem_pestat] mean and std.dev: (785.70, 998.69)
[M::mem_pestat] low and high boundaries for proper pairs: (1, 6022)
[M::mem_pestat] skip orientation RF
[M::mem_pestat] skip orientation RR
[M::mem_process_seqs] Processed 2817960 reads in 3172.782 CPU sec, 79.539 real sec
[M::process] read 2819670 sequences (400000274 bp)...
[M::mem_pestat] # candidate unique pairs for (FF, FR, RF, RR): (12, 745862, 69, 13)
[M::mem_pestat] analyzing insert size distribution for orientation FF...
[M::mem_pestat] (25, 50, 75) percentile: (119, 178, 387)
[M::mem_pestat] low and high boundaries for computing mean and std.dev: (1, 923)
[M::mem_pestat] mean and std.dev: (210.36, 158.15)
[M::mem_pestat] low and high boundaries for proper pairs: (1, 1191)
[M::mem_pestat] analyzing insert size distribution for orientation FR...
[M::mem_pestat] (25, 50, 75) percentile: (183, 227, 292)
[M::mem_pestat] low and high boundaries for computing mean and std.dev: (1, 510)
[M::mem_pestat] mean and std.dev: (240.01, 78.30)
[M::mem_pestat] low and high boundaries for proper pairs: (1, 619)
[M::mem_pestat] analyzing insert size distribution for orientation RF...
[M::mem_pestat] (25, 50, 75) percentile: (182, 740, 1634)
[M::mem_pestat] low and high boundaries for computing mean and std.dev: (1, 4538)
[M::mem_pestat] mean and std.dev: (933.26, 904.56)
[M::mem_pestat] low and high boundaries for proper pairs: (1, 5990)
[M::mem_pestat] analyzing insert size distribution for orientation RR...
[M::mem_pestat] (25, 50, 75) percentile: (212, 294, 9094)
[M::mem_pestat] low and high boundaries for computing mean and std.dev: (1, 26858)
[M::mem_pestat] mean and std.dev: (2710.23, 3753.21)
[M::mem_pestat] low and high boundaries for proper pairs: (1, 35740)
[M::mem_pestat] skip orientation FF
[M::mem_pestat] skip orientation RF
[M::mem_pestat] skip orientation RR
[M::mem_process_seqs] Processed 2818756 reads in 3129.149 CPU sec, 78.256 real sec
[M::process] read 2559750 sequences (364647658 bp)...
[M::mem_pestat] # candidate unique pairs for (FF, FR, RF, RR): (23, 747414, 72, 14)
[M::mem_pestat] analyzing insert size distribution for orientation FF...
[M::mem_pestat] (25, 50, 75) percentile: (167, 224, 1371)
[M::mem_pestat] low and high boundaries for computing mean and std.dev: (1, 3779)
[M::mem_pestat] mean and std.dev: (492.85, 566.88)
[M::mem_pestat] low and high boundaries for proper pairs: (1, 4983)
[M::mem_pestat] analyzing insert size distribution for orientation FR...
[M::mem_pestat] (25, 50, 75) percentile: (184, 229, 294)
[M::mem_pestat] low and high boundaries for computing mean and std.dev: (1, 514)
[M::mem_pestat] mean and std.dev: (241.49, 78.74)
[M::mem_pestat] low and high boundaries for proper pairs: (1, 624)
[M::mem_pestat] analyzing insert size distribution for orientation RF...
[M::mem_pestat] (25, 50, 75) percentile: (158, 862, 2427)
[M::mem_pestat] low and high boundaries for computing mean and std.dev: (1, 6965)
[M::mem_pestat] mean and std.dev: (1166.03, 1393.10)
[M::mem_pestat] low and high boundaries for proper pairs: (1, 9234)
[M::mem_pestat] analyzing insert size distribution for orientation RR...
[M::mem_pestat] (25, 50, 75) percentile: (134, 160, 228)
[M::mem_pestat] low and high boundaries for computing mean and std.dev: (1, 416)
[M::mem_pestat] mean and std.dev: (146.73, 34.35)
[M::mem_pestat] low and high boundaries for proper pairs: (1, 510)
[M::mem_pestat] skip orientation FF
[M::mem_pestat] skip orientation RF
[M::mem_pestat] skip orientation RR
[M::mem_process_seqs] Processed 2819670 reads in 3104.350 CPU sec, 78.026 real sec
[M::mem_pestat] # candidate unique pairs for (FF, FR, RF, RR): (16, 679832, 68, 19)
[M::mem_pestat] analyzing insert size distribution for orientation FF...
[M::mem_pestat] (25, 50, 75) percentile: (142, 291, 2682)
[M::mem_pestat] low and high boundaries for computing mean and std.dev: (1, 7762)
[M::mem_pestat] mean and std.dev: (1165.81, 1420.46)
[M::mem_pestat] low and high boundaries for proper pairs: (1, 10302)
[M::mem_pestat] analyzing insert size distribution for orientation FR...
[M::mem_pestat] (25, 50, 75) percentile: (184, 229, 295)
[M::mem_pestat] low and high boundaries for computing mean and std.dev: (1, 517)
[M::mem_pestat] mean and std.dev: (242.00, 79.24)
[M::mem_pestat] low and high boundaries for proper pairs: (1, 628)
[M::mem_pestat] analyzing insert size distribution for orientation RF...
[M::mem_pestat] (25, 50, 75) percentile: (118, 421, 1706)
[M::mem_pestat] low and high boundaries for computing mean and std.dev: (1, 4882)
[M::mem_pestat] mean and std.dev: (923.76, 1141.80)
[M::mem_pestat] low and high boundaries for proper pairs: (1, 6470)
[M::mem_pestat] analyzing insert size distribution for orientation RR...
[M::mem_pestat] (25, 50, 75) percentile: (114, 246, 3319)
[M::mem_pestat] low and high boundaries for computing mean and std.dev: (1, 9729)
[M::mem_pestat] mean and std.dev: (1575.89, 2219.41)
[M::mem_pestat] low and high boundaries for proper pairs: (1, 12934)
[M::mem_pestat] skip orientation FF
[M::mem_pestat] skip orientation RF
[M::mem_pestat] skip orientation RR
[M::mem_process_seqs] Processed 2559750 reads in 2769.125 CPU sec, 69.512 real sec
[main] Version: 0.7.17-r1188
[main] CMD: /home/shared/bwa-0.7.17/bwa mem -M -t 40 ../data/bwa-GCF_031168955.1_ASM3116895v1_genomic ../data/trimmed-fastqs-heatwave-genetics/MHW050_trimmed_clipped_R1_paired.fq.gz ../data/trimmed-fastqs-heatwave-genetics/MHW050_trimmed_clipped_R2_paired.fq.gz
[main] Real time: 2379.862 sec; CPU: 94267.797 sec
