[M::bwa_idx_load_from_disk] read 0 ALT contigs
[M::process] read 2812046 sequences (400000108 bp)...
[M::process] read 2807050 sequences (400000181 bp)...
[M::mem_pestat] # candidate unique pairs for (FF, FR, RF, RR): (13, 771484, 64, 18)
[M::mem_pestat] analyzing insert size distribution for orientation FF...
[M::mem_pestat] (25, 50, 75) percentile: (133, 286, 2584)
[M::mem_pestat] low and high boundaries for computing mean and std.dev: (1, 7486)
[M::mem_pestat] mean and std.dev: (1018.31, 1018.96)
[M::mem_pestat] low and high boundaries for proper pairs: (1, 9937)
[M::mem_pestat] analyzing insert size distribution for orientation FR...
[M::mem_pestat] (25, 50, 75) percentile: (182, 223, 298)
[M::mem_pestat] low and high boundaries for computing mean and std.dev: (1, 530)
[M::mem_pestat] mean and std.dev: (242.17, 82.86)
[M::mem_pestat] low and high boundaries for proper pairs: (1, 646)
[M::mem_pestat] analyzing insert size distribution for orientation RF...
[M::mem_pestat] (25, 50, 75) percentile: (116, 296, 881)
[M::mem_pestat] low and high boundaries for computing mean and std.dev: (1, 2411)
[M::mem_pestat] mean and std.dev: (418.30, 547.43)
[M::mem_pestat] low and high boundaries for proper pairs: (1, 3176)
[M::mem_pestat] analyzing insert size distribution for orientation RR...
[M::mem_pestat] (25, 50, 75) percentile: (163, 2942, 3290)
[M::mem_pestat] low and high boundaries for computing mean and std.dev: (1, 9544)
[M::mem_pestat] mean and std.dev: (2559.56, 2945.85)
[M::mem_pestat] low and high boundaries for proper pairs: (1, 14343)
[M::mem_pestat] skip orientation FF
[M::mem_pestat] skip orientation RF
[M::mem_pestat] skip orientation RR
[M::mem_process_seqs] Processed 2812046 reads in 2742.403 CPU sec, 68.788 real sec
[M::process] read 2803902 sequences (400000050 bp)...
[M::mem_pestat] # candidate unique pairs for (FF, FR, RF, RR): (14, 768097, 73, 15)
[M::mem_pestat] analyzing insert size distribution for orientation FF...
[M::mem_pestat] (25, 50, 75) percentile: (225, 2037, 3879)
[M::mem_pestat] low and high boundaries for computing mean and std.dev: (1, 11187)
[M::mem_pestat] mean and std.dev: (2197.57, 1913.61)
[M::mem_pestat] low and high boundaries for proper pairs: (1, 14841)
[M::mem_pestat] analyzing insert size distribution for orientation FR...
[M::mem_pestat] (25, 50, 75) percentile: (187, 232, 315)
[M::mem_pestat] low and high boundaries for computing mean and std.dev: (1, 571)
[M::mem_pestat] mean and std.dev: (252.15, 87.41)
[M::mem_pestat] low and high boundaries for proper pairs: (1, 699)
[M::mem_pestat] analyzing insert size distribution for orientation RF...
[M::mem_pestat] (25, 50, 75) percentile: (172, 225, 1667)
[M::mem_pestat] low and high boundaries for computing mean and std.dev: (1, 4657)
[M::mem_pestat] mean and std.dev: (562.05, 688.08)
[M::mem_pestat] low and high boundaries for proper pairs: (1, 6152)
[M::mem_pestat] analyzing insert size distribution for orientation RR...
[M::mem_pestat] (25, 50, 75) percentile: (179, 479, 7195)
[M::mem_pestat] low and high boundaries for computing mean and std.dev: (1, 21227)
[M::mem_pestat] mean and std.dev: (3302.33, 3784.28)
[M::mem_pestat] low and high boundaries for proper pairs: (1, 28243)
[M::mem_pestat] skip orientation FF
[M::mem_pestat] skip orientation RF
[M::mem_pestat] skip orientation RR
[M::mem_process_seqs] Processed 2807050 reads in 2871.952 CPU sec, 72.051 real sec
[M::process] read 2806788 sequences (400000081 bp)...
[M::mem_pestat] # candidate unique pairs for (FF, FR, RF, RR): (13, 771486, 95, 11)
[M::mem_pestat] analyzing insert size distribution for orientation FF...
[M::mem_pestat] (25, 50, 75) percentile: (203, 266, 4106)
[M::mem_pestat] low and high boundaries for computing mean and std.dev: (1, 11912)
[M::mem_pestat] mean and std.dev: (1862.69, 1900.58)
[M::mem_pestat] low and high boundaries for proper pairs: (1, 15815)
[M::mem_pestat] analyzing insert size distribution for orientation FR...
[M::mem_pestat] (25, 50, 75) percentile: (185, 228, 308)
[M::mem_pestat] low and high boundaries for computing mean and std.dev: (1, 554)
[M::mem_pestat] mean and std.dev: (248.04, 85.47)
[M::mem_pestat] low and high boundaries for proper pairs: (1, 677)
[M::mem_pestat] analyzing insert size distribution for orientation RF...
[M::mem_pestat] (25, 50, 75) percentile: (143, 374, 1373)
[M::mem_pestat] low and high boundaries for computing mean and std.dev: (1, 3833)
[M::mem_pestat] mean and std.dev: (802.53, 915.81)
[M::mem_pestat] low and high boundaries for proper pairs: (1, 5063)
[M::mem_pestat] analyzing insert size distribution for orientation RR...
[M::mem_pestat] (25, 50, 75) percentile: (1460, 2744, 4291)
[M::mem_pestat] low and high boundaries for computing mean and std.dev: (1, 9953)
[M::mem_pestat] mean and std.dev: (2971.00, 2770.33)
[M::mem_pestat] low and high boundaries for proper pairs: (1, 14052)
[M::mem_pestat] skip orientation FF
[M::mem_pestat] skip orientation RF
[M::mem_pestat] skip orientation RR
[M::mem_process_seqs] Processed 2803902 reads in 2843.191 CPU sec, 71.324 real sec
[M::process] read 2805266 sequences (400000226 bp)...
[M::mem_pestat] # candidate unique pairs for (FF, FR, RF, RR): (16, 770779, 71, 10)
[M::mem_pestat] analyzing insert size distribution for orientation FF...
[M::mem_pestat] (25, 50, 75) percentile: (213, 1331, 5712)
[M::mem_pestat] low and high boundaries for computing mean and std.dev: (1, 16710)
[M::mem_pestat] mean and std.dev: (2258.56, 2308.79)
[M::mem_pestat] low and high boundaries for proper pairs: (1, 22209)
[M::mem_pestat] analyzing insert size distribution for orientation FR...
[M::mem_pestat] (25, 50, 75) percentile: (185, 229, 310)
[M::mem_pestat] low and high boundaries for computing mean and std.dev: (1, 560)
[M::mem_pestat] mean and std.dev: (248.97, 86.03)
[M::mem_pestat] low and high boundaries for proper pairs: (1, 685)
[M::mem_pestat] analyzing insert size distribution for orientation RF...
[M::mem_pestat] (25, 50, 75) percentile: (223, 915, 2343)
[M::mem_pestat] low and high boundaries for computing mean and std.dev: (1, 6583)
[M::mem_pestat] mean and std.dev: (1055.15, 1210.89)
[M::mem_pestat] low and high boundaries for proper pairs: (1, 8703)
[M::mem_pestat] analyzing insert size distribution for orientation RR...
[M::mem_pestat] (25, 50, 75) percentile: (199, 590, 5002)
[M::mem_pestat] low and high boundaries for computing mean and std.dev: (1, 14608)
[M::mem_pestat] mean and std.dev: (2674.10, 3189.17)
[M::mem_pestat] low and high boundaries for proper pairs: (1, 19411)
[M::mem_pestat] skip orientation FF
[M::mem_pestat] skip orientation RF
[M::mem_pestat] skip orientation RR
[M::mem_process_seqs] Processed 2806788 reads in 2881.687 CPU sec, 72.273 real sec
[M::process] read 2803906 sequences (400000223 bp)...
[M::mem_pestat] # candidate unique pairs for (FF, FR, RF, RR): (17, 768782, 76, 18)
[M::mem_pestat] analyzing insert size distribution for orientation FF...
[M::mem_pestat] (25, 50, 75) percentile: (158, 501, 4059)
[M::mem_pestat] low and high boundaries for computing mean and std.dev: (1, 11861)
[M::mem_pestat] mean and std.dev: (1695.35, 2084.04)
[M::mem_pestat] low and high boundaries for proper pairs: (1, 15762)
[M::mem_pestat] analyzing insert size distribution for orientation FR...
[M::mem_pestat] (25, 50, 75) percentile: (187, 233, 316)
[M::mem_pestat] low and high boundaries for computing mean and std.dev: (1, 574)
[M::mem_pestat] mean and std.dev: (252.99, 87.93)
[M::mem_pestat] low and high boundaries for proper pairs: (1, 703)
[M::mem_pestat] analyzing insert size distribution for orientation RF...
[M::mem_pestat] (25, 50, 75) percentile: (150, 392, 1159)
[M::mem_pestat] low and high boundaries for computing mean and std.dev: (1, 3177)
[M::mem_pestat] mean and std.dev: (685.49, 796.45)
[M::mem_pestat] low and high boundaries for proper pairs: (1, 4186)
[M::mem_pestat] analyzing insert size distribution for orientation RR...
[M::mem_pestat] (25, 50, 75) percentile: (163, 242, 783)
[M::mem_pestat] low and high boundaries for computing mean and std.dev: (1, 2023)
[M::mem_pestat] mean and std.dev: (273.79, 214.54)
[M::mem_pestat] low and high boundaries for proper pairs: (1, 2643)
[M::mem_pestat] skip orientation FF
[M::mem_pestat] skip orientation RF
[M::mem_pestat] skip orientation RR
[M::mem_process_seqs] Processed 2805266 reads in 2887.699 CPU sec, 72.495 real sec
[M::process] read 2801222 sequences (400000127 bp)...
[M::mem_pestat] # candidate unique pairs for (FF, FR, RF, RR): (15, 771321, 67, 12)
[M::mem_pestat] analyzing insert size distribution for orientation FF...
[M::mem_pestat] (25, 50, 75) percentile: (144, 1698, 6141)
[M::mem_pestat] low and high boundaries for computing mean and std.dev: (1, 18135)
[M::mem_pestat] mean and std.dev: (2864.13, 3646.84)
[M::mem_pestat] low and high boundaries for proper pairs: (1, 24132)
[M::mem_pestat] analyzing insert size distribution for orientation FR...
[M::mem_pestat] (25, 50, 75) percentile: (183, 225, 303)
[M::mem_pestat] low and high boundaries for computing mean and std.dev: (1, 543)
[M::mem_pestat] mean and std.dev: (244.95, 84.36)
[M::mem_pestat] low and high boundaries for proper pairs: (1, 663)
[M::mem_pestat] analyzing insert size distribution for orientation RF...
[M::mem_pestat] (25, 50, 75) percentile: (201, 312, 990)
[M::mem_pestat] low and high boundaries for computing mean and std.dev: (1, 2568)
[M::mem_pestat] mean and std.dev: (489.13, 519.45)
[M::mem_pestat] low and high boundaries for proper pairs: (1, 3357)
[M::mem_pestat] analyzing insert size distribution for orientation RR...
[M::mem_pestat] (25, 50, 75) percentile: (142, 253, 1373)
[M::mem_pestat] low and high boundaries for computing mean and std.dev: (1, 3835)
[M::mem_pestat] mean and std.dev: (648.73, 792.72)
[M::mem_pestat] low and high boundaries for proper pairs: (1, 5066)
[M::mem_pestat] skip orientation FF
[M::mem_pestat] skip orientation RF
[M::mem_pestat] skip orientation RR
[M::mem_process_seqs] Processed 2803906 reads in 2844.158 CPU sec, 71.580 real sec
[M::process] read 2832564 sequences (400000131 bp)...
[M::mem_pestat] # candidate unique pairs for (FF, FR, RF, RR): (14, 766909, 76, 12)
[M::mem_pestat] analyzing insert size distribution for orientation FF...
[M::mem_pestat] (25, 50, 75) percentile: (282, 4240, 4310)
[M::mem_pestat] low and high boundaries for computing mean and std.dev: (1, 12366)
[M::mem_pestat] mean and std.dev: (3233.36, 2870.44)
[M::mem_pestat] low and high boundaries for proper pairs: (1, 16394)
[M::mem_pestat] analyzing insert size distribution for orientation FR...
[M::mem_pestat] (25, 50, 75) percentile: (189, 236, 321)
[M::mem_pestat] low and high boundaries for computing mean and std.dev: (1, 585)
[M::mem_pestat] mean and std.dev: (255.97, 88.67)
[M::mem_pestat] low and high boundaries for proper pairs: (1, 717)
[M::mem_pestat] analyzing insert size distribution for orientation RF...
[M::mem_pestat] (25, 50, 75) percentile: (223, 404, 2742)
[M::mem_pestat] low and high boundaries for computing mean and std.dev: (1, 7780)
[M::mem_pestat] mean and std.dev: (1325.92, 1834.76)
[M::mem_pestat] low and high boundaries for proper pairs: (1, 10299)
[M::mem_pestat] analyzing insert size distribution for orientation RR...
[M::mem_pestat] (25, 50, 75) percentile: (225, 657, 2258)
[M::mem_pestat] low and high boundaries for computing mean and std.dev: (1, 6324)
[M::mem_pestat] mean and std.dev: (1046.27, 1071.18)
[M::mem_pestat] low and high boundaries for proper pairs: (1, 8357)
[M::mem_pestat] skip orientation FF
[M::mem_pestat] skip orientation RF
[M::mem_pestat] skip orientation RR
[M::mem_process_seqs] Processed 2801222 reads in 2909.054 CPU sec, 72.989 real sec
[M::process] read 2825838 sequences (400000121 bp)...
[M::mem_pestat] # candidate unique pairs for (FF, FR, RF, RR): (14, 766011, 69, 13)
[M::mem_pestat] analyzing insert size distribution for orientation FF...
[M::mem_pestat] (25, 50, 75) percentile: (161, 2028, 3533)
[M::mem_pestat] low and high boundaries for computing mean and std.dev: (1, 10277)
[M::mem_pestat] mean and std.dev: (2058.07, 2386.80)
[M::mem_pestat] low and high boundaries for proper pairs: (1, 13649)
[M::mem_pestat] analyzing insert size distribution for orientation FR...
[M::mem_pestat] (25, 50, 75) percentile: (187, 232, 315)
[M::mem_pestat] low and high boundaries for computing mean and std.dev: (1, 571)
[M::mem_pestat] mean and std.dev: (251.92, 87.41)
[M::mem_pestat] low and high boundaries for proper pairs: (1, 699)
[M::mem_pestat] analyzing insert size distribution for orientation RF...
[M::mem_pestat] (25, 50, 75) percentile: (223, 438, 2352)
[M::mem_pestat] low and high boundaries for computing mean and std.dev: (1, 6610)
[M::mem_pestat] mean and std.dev: (1139.83, 1542.44)
[M::mem_pestat] low and high boundaries for proper pairs: (1, 8739)
[M::mem_pestat] analyzing insert size distribution for orientation RR...
[M::mem_pestat] (25, 50, 75) percentile: (271, 2942, 4742)
[M::mem_pestat] low and high boundaries for computing mean and std.dev: (1, 13684)
[M::mem_pestat] mean and std.dev: (2587.85, 2362.37)
[M::mem_pestat] low and high boundaries for proper pairs: (1, 18155)
[M::mem_pestat] skip orientation FF
[M::mem_pestat] skip orientation RF
[M::mem_pestat] skip orientation RR
[M::mem_process_seqs] Processed 2832564 reads in 2892.609 CPU sec, 72.550 real sec
[M::process] read 2826498 sequences (400000194 bp)...
[M::mem_pestat] # candidate unique pairs for (FF, FR, RF, RR): (19, 767227, 94, 13)
[M::mem_pestat] analyzing insert size distribution for orientation FF...
[M::mem_pestat] (25, 50, 75) percentile: (167, 281, 3852)
[M::mem_pestat] low and high boundaries for computing mean and std.dev: (1, 11222)
[M::mem_pestat] mean and std.dev: (1726.32, 2042.02)
[M::mem_pestat] low and high boundaries for proper pairs: (1, 14907)
[M::mem_pestat] analyzing insert size distribution for orientation FR...
[M::mem_pestat] (25, 50, 75) percentile: (188, 234, 319)
[M::mem_pestat] low and high boundaries for computing mean and std.dev: (1, 581)
[M::mem_pestat] mean and std.dev: (254.37, 88.70)
[M::mem_pestat] low and high boundaries for proper pairs: (1, 712)
[M::mem_pestat] analyzing insert size distribution for orientation RF...
[M::mem_pestat] (25, 50, 75) percentile: (171, 447, 1819)
[M::mem_pestat] low and high boundaries for computing mean and std.dev: (1, 5115)
[M::mem_pestat] mean and std.dev: (854.10, 1020.31)
[M::mem_pestat] low and high boundaries for proper pairs: (1, 6763)
[M::mem_pestat] analyzing insert size distribution for orientation RR...
[M::mem_pestat] (25, 50, 75) percentile: (70, 226, 2984)
[M::mem_pestat] low and high boundaries for computing mean and std.dev: (1, 8812)
[M::mem_pestat] mean and std.dev: (1642.08, 2354.84)
[M::mem_pestat] low and high boundaries for proper pairs: (1, 11726)
[M::mem_pestat] skip orientation FF
[M::mem_pestat] skip orientation RF
[M::mem_pestat] skip orientation RR
[M::mem_process_seqs] Processed 2825838 reads in 2901.045 CPU sec, 72.795 real sec
[M::process] read 2837618 sequences (400000200 bp)...
[M::mem_pestat] # candidate unique pairs for (FF, FR, RF, RR): (12, 768189, 74, 16)
[M::mem_pestat] analyzing insert size distribution for orientation FF...
[M::mem_pestat] (25, 50, 75) percentile: (174, 229, 1830)
[M::mem_pestat] low and high boundaries for computing mean and std.dev: (1, 5142)
[M::mem_pestat] mean and std.dev: (767.25, 975.22)
[M::mem_pestat] low and high boundaries for proper pairs: (1, 6798)
[M::mem_pestat] analyzing insert size distribution for orientation FR...
[M::mem_pestat] (25, 50, 75) percentile: (187, 233, 318)
[M::mem_pestat] low and high boundaries for computing mean and std.dev: (1, 580)
[M::mem_pestat] mean and std.dev: (253.86, 88.31)
[M::mem_pestat] low and high boundaries for proper pairs: (1, 711)
[M::mem_pestat] analyzing insert size distribution for orientation RF...
[M::mem_pestat] (25, 50, 75) percentile: (223, 460, 2186)
[M::mem_pestat] low and high boundaries for computing mean and std.dev: (1, 6112)
[M::mem_pestat] mean and std.dev: (1014.77, 1220.72)
[M::mem_pestat] low and high boundaries for proper pairs: (1, 8075)
[M::mem_pestat] analyzing insert size distribution for orientation RR...
[M::mem_pestat] (25, 50, 75) percentile: (193, 231, 2216)
[M::mem_pestat] low and high boundaries for computing mean and std.dev: (1, 6262)
[M::mem_pestat] mean and std.dev: (926.38, 1178.93)
[M::mem_pestat] low and high boundaries for proper pairs: (1, 8285)
[M::mem_pestat] skip orientation FF
[M::mem_pestat] skip orientation RF
[M::mem_pestat] skip orientation RR
[M::mem_process_seqs] Processed 2826498 reads in 2892.681 CPU sec, 72.578 real sec
[M::process] read 2827224 sequences (400000181 bp)...
[M::mem_pestat] # candidate unique pairs for (FF, FR, RF, RR): (10, 767658, 66, 14)
[M::mem_pestat] analyzing insert size distribution for orientation FF...
[M::mem_pestat] (25, 50, 75) percentile: (183, 1198, 2670)
[M::mem_pestat] low and high boundaries for computing mean and std.dev: (1, 7644)
[M::mem_pestat] mean and std.dev: (1349.80, 1281.50)
[M::mem_pestat] low and high boundaries for proper pairs: (1, 10131)
[M::mem_pestat] analyzing insert size distribution for orientation FR...
[M::mem_pestat] (25, 50, 75) percentile: (187, 234, 318)
[M::mem_pestat] low and high boundaries for computing mean and std.dev: (1, 580)
[M::mem_pestat] mean and std.dev: (254.24, 88.62)
[M::mem_pestat] low and high boundaries for proper pairs: (1, 711)
[M::mem_pestat] analyzing insert size distribution for orientation RF...
[M::mem_pestat] (25, 50, 75) percentile: (185, 392, 1277)
[M::mem_pestat] low and high boundaries for computing mean and std.dev: (1, 3461)
[M::mem_pestat] mean and std.dev: (610.22, 731.55)
[M::mem_pestat] low and high boundaries for proper pairs: (1, 4553)
[M::mem_pestat] analyzing insert size distribution for orientation RR...
[M::mem_pestat] (25, 50, 75) percentile: (123, 1076, 1806)
[M::mem_pestat] low and high boundaries for computing mean and std.dev: (1, 5172)
[M::mem_pestat] mean and std.dev: (1203.71, 1275.70)
[M::mem_pestat] low and high boundaries for proper pairs: (1, 6855)
[M::mem_pestat] skip orientation FF
[M::mem_pestat] skip orientation RF
[M::mem_pestat] skip orientation RR
[M::mem_process_seqs] Processed 2837618 reads in 2999.500 CPU sec, 75.192 real sec
[M::process] read 2831106 sequences (400000162 bp)...
[M::mem_pestat] # candidate unique pairs for (FF, FR, RF, RR): (12, 766946, 78, 17)
[M::mem_pestat] analyzing insert size distribution for orientation FF...
[M::mem_pestat] (25, 50, 75) percentile: (165, 216, 1880)
[M::mem_pestat] low and high boundaries for computing mean and std.dev: (1, 5310)
[M::mem_pestat] mean and std.dev: (964.83, 1425.55)
[M::mem_pestat] low and high boundaries for proper pairs: (1, 7025)
[M::mem_pestat] analyzing insert size distribution for orientation FR...
[M::mem_pestat] (25, 50, 75) percentile: (188, 235, 321)
[M::mem_pestat] low and high boundaries for computing mean and std.dev: (1, 587)
[M::mem_pestat] mean and std.dev: (255.96, 89.42)
[M::mem_pestat] low and high boundaries for proper pairs: (1, 720)
[M::mem_pestat] analyzing insert size distribution for orientation RF...
[M::mem_pestat] (25, 50, 75) percentile: (139, 362, 2145)
[M::mem_pestat] low and high boundaries for computing mean and std.dev: (1, 6157)
[M::mem_pestat] mean and std.dev: (943.64, 1171.32)
[M::mem_pestat] low and high boundaries for proper pairs: (1, 8163)
[M::mem_pestat] analyzing insert size distribution for orientation RR...
[M::mem_pestat] (25, 50, 75) percentile: (238, 1913, 3607)
[M::mem_pestat] low and high boundaries for computing mean and std.dev: (1, 10345)
[M::mem_pestat] mean and std.dev: (1808.29, 1506.42)
[M::mem_pestat] low and high boundaries for proper pairs: (1, 13714)
[M::mem_pestat] skip orientation FF
[M::mem_pestat] skip orientation RF
[M::mem_pestat] skip orientation RR
[M::mem_process_seqs] Processed 2827224 reads in 2946.912 CPU sec, 73.935 real sec
[M::process] read 2810922 sequences (400000034 bp)...
[M::mem_pestat] # candidate unique pairs for (FF, FR, RF, RR): (22, 768373, 58, 10)
[M::mem_pestat] analyzing insert size distribution for orientation FF...
[M::mem_pestat] (25, 50, 75) percentile: (153, 263, 3349)
[M::mem_pestat] low and high boundaries for computing mean and std.dev: (1, 9741)
[M::mem_pestat] mean and std.dev: (1338.14, 1506.45)
[M::mem_pestat] low and high boundaries for proper pairs: (1, 12937)
[M::mem_pestat] analyzing insert size distribution for orientation FR...
[M::mem_pestat] (25, 50, 75) percentile: (187, 233, 317)
[M::mem_pestat] low and high boundaries for computing mean and std.dev: (1, 577)
[M::mem_pestat] mean and std.dev: (253.64, 88.17)
[M::mem_pestat] low and high boundaries for proper pairs: (1, 707)
[M::mem_pestat] analyzing insert size distribution for orientation RF...
[M::mem_pestat] (25, 50, 75) percentile: (142, 501, 2201)
[M::mem_pestat] low and high boundaries for computing mean and std.dev: (1, 6319)
[M::mem_pestat] mean and std.dev: (839.96, 1044.53)
[M::mem_pestat] low and high boundaries for proper pairs: (1, 8378)
[M::mem_pestat] analyzing insert size distribution for orientation RR...
[M::mem_pestat] (25, 50, 75) percentile: (114, 631, 1799)
[M::mem_pestat] low and high boundaries for computing mean and std.dev: (1, 5169)
[M::mem_pestat] mean and std.dev: (1047.50, 1126.49)
[M::mem_pestat] low and high boundaries for proper pairs: (1, 6854)
[M::mem_pestat] skip orientation FF
[M::mem_pestat] skip orientation RF
[M::mem_pestat] skip orientation RR
[M::mem_process_seqs] Processed 2831106 reads in 2971.554 CPU sec, 74.339 real sec
[M::process] read 2807758 sequences (400000150 bp)...
[M::mem_pestat] # candidate unique pairs for (FF, FR, RF, RR): (17, 765633, 84, 19)
[M::mem_pestat] analyzing insert size distribution for orientation FF...
[M::mem_pestat] (25, 50, 75) percentile: (107, 194, 1456)
[M::mem_pestat] low and high boundaries for computing mean and std.dev: (1, 4154)
[M::mem_pestat] mean and std.dev: (641.69, 1090.77)
[M::mem_pestat] low and high boundaries for proper pairs: (1, 5503)
[M::mem_pestat] analyzing insert size distribution for orientation FR...
[M::mem_pestat] (25, 50, 75) percentile: (189, 236, 321)
[M::mem_pestat] low and high boundaries for computing mean and std.dev: (1, 585)
[M::mem_pestat] mean and std.dev: (256.27, 89.24)
[M::mem_pestat] low and high boundaries for proper pairs: (1, 717)
[M::mem_pestat] analyzing insert size distribution for orientation RF...
[M::mem_pestat] (25, 50, 75) percentile: (223, 500, 1843)
[M::mem_pestat] low and high boundaries for computing mean and std.dev: (1, 5083)
[M::mem_pestat] mean and std.dev: (1012.85, 1237.28)
[M::mem_pestat] low and high boundaries for proper pairs: (1, 6703)
[M::mem_pestat] analyzing insert size distribution for orientation RR...
[M::mem_pestat] (25, 50, 75) percentile: (222, 1937, 4577)
[M::mem_pestat] low and high boundaries for computing mean and std.dev: (1, 13287)
[M::mem_pestat] mean and std.dev: (2650.00, 2867.33)
[M::mem_pestat] low and high boundaries for proper pairs: (1, 17642)
[M::mem_pestat] skip orientation FF
[M::mem_pestat] skip orientation RF
[M::mem_pestat] skip orientation RR
[M::mem_process_seqs] Processed 2810922 reads in 2939.200 CPU sec, 73.884 real sec
[M::process] read 2803820 sequences (400000141 bp)...
[M::mem_pestat] # candidate unique pairs for (FF, FR, RF, RR): (12, 768351, 68, 6)
[M::mem_pestat] analyzing insert size distribution for orientation FF...
[M::mem_pestat] (25, 50, 75) percentile: (223, 1806, 3000)
[M::mem_pestat] low and high boundaries for computing mean and std.dev: (1, 8554)
[M::mem_pestat] mean and std.dev: (1640.33, 1328.41)
[M::mem_pestat] low and high boundaries for proper pairs: (1, 11331)
[M::mem_pestat] analyzing insert size distribution for orientation FR...
[M::mem_pestat] (25, 50, 75) percentile: (183, 225, 303)
[M::mem_pestat] low and high boundaries for computing mean and std.dev: (1, 543)
[M::mem_pestat] mean and std.dev: (244.96, 84.53)
[M::mem_pestat] low and high boundaries for proper pairs: (1, 663)
[M::mem_pestat] analyzing insert size distribution for orientation RF...
[M::mem_pestat] (25, 50, 75) percentile: (126, 357, 2553)
[M::mem_pestat] low and high boundaries for computing mean and std.dev: (1, 7407)
[M::mem_pestat] mean and std.dev: (1292.91, 1806.54)
[M::mem_pestat] low and high boundaries for proper pairs: (1, 9834)
[M::mem_pestat] skip orientation RR as there are not enough pairs
[M::mem_pestat] skip orientation FF
[M::mem_pestat] skip orientation RF
[M::mem_process_seqs] Processed 2807758 reads in 2874.158 CPU sec, 72.057 real sec
[M::process] read 2805102 sequences (400000299 bp)...
[M::mem_pestat] # candidate unique pairs for (FF, FR, RF, RR): (18, 766981, 81, 13)
[M::mem_pestat] analyzing insert size distribution for orientation FF...
[M::mem_pestat] (25, 50, 75) percentile: (193, 1825, 3575)
[M::mem_pestat] low and high boundaries for computing mean and std.dev: (1, 10339)
[M::mem_pestat] mean and std.dev: (2004.44, 2237.82)
[M::mem_pestat] low and high boundaries for proper pairs: (1, 13721)
[M::mem_pestat] analyzing insert size distribution for orientation FR...
[M::mem_pestat] (25, 50, 75) percentile: (187, 233, 316)
[M::mem_pestat] low and high boundaries for computing mean and std.dev: (1, 574)
[M::mem_pestat] mean and std.dev: (252.77, 87.69)
[M::mem_pestat] low and high boundaries for proper pairs: (1, 703)
[M::mem_pestat] analyzing insert size distribution for orientation RF...
[M::mem_pestat] (25, 50, 75) percentile: (223, 561, 1749)
[M::mem_pestat] low and high boundaries for computing mean and std.dev: (1, 4801)
[M::mem_pestat] mean and std.dev: (901.37, 868.70)
[M::mem_pestat] low and high boundaries for proper pairs: (1, 6327)
[M::mem_pestat] analyzing insert size distribution for orientation RR...
[M::mem_pestat] (25, 50, 75) percentile: (213, 354, 4759)
[M::mem_pestat] low and high boundaries for computing mean and std.dev: (1, 13851)
[M::mem_pestat] mean and std.dev: (1920.23, 1944.99)
[M::mem_pestat] low and high boundaries for proper pairs: (1, 18397)
[M::mem_pestat] skip orientation FF
[M::mem_pestat] skip orientation RF
[M::mem_pestat] skip orientation RR
[M::mem_process_seqs] Processed 2803820 reads in 2898.968 CPU sec, 72.509 real sec
[M::process] read 2806718 sequences (400000161 bp)...
[M::mem_pestat] # candidate unique pairs for (FF, FR, RF, RR): (15, 768828, 86, 7)
[M::mem_pestat] analyzing insert size distribution for orientation FF...
[M::mem_pestat] (25, 50, 75) percentile: (158, 1582, 6573)
[M::mem_pestat] low and high boundaries for computing mean and std.dev: (1, 19403)
[M::mem_pestat] mean and std.dev: (2956.67, 3344.48)
[M::mem_pestat] low and high boundaries for proper pairs: (1, 25818)
[M::mem_pestat] analyzing insert size distribution for orientation FR...
[M::mem_pestat] (25, 50, 75) percentile: (185, 229, 311)
[M::mem_pestat] low and high boundaries for computing mean and std.dev: (1, 563)
[M::mem_pestat] mean and std.dev: (249.55, 86.42)
[M::mem_pestat] low and high boundaries for proper pairs: (1, 689)
[M::mem_pestat] analyzing insert size distribution for orientation RF...
[M::mem_pestat] (25, 50, 75) percentile: (223, 873, 2643)
[M::mem_pestat] low and high boundaries for computing mean and std.dev: (1, 7483)
[M::mem_pestat] mean and std.dev: (1597.34, 1951.25)
[M::mem_pestat] low and high boundaries for proper pairs: (1, 9903)
[M::mem_pestat] skip orientation RR as there are not enough pairs
[M::mem_pestat] skip orientation FF
[M::mem_pestat] skip orientation RF
[M::mem_process_seqs] Processed 2805102 reads in 2865.860 CPU sec, 72.064 real sec
[M::process] read 2803974 sequences (400000084 bp)...
[M::mem_pestat] # candidate unique pairs for (FF, FR, RF, RR): (12, 769087, 76, 7)
[M::mem_pestat] analyzing insert size distribution for orientation FF...
[M::mem_pestat] (25, 50, 75) percentile: (270, 2919, 4447)
[M::mem_pestat] low and high boundaries for computing mean and std.dev: (1, 12801)
[M::mem_pestat] mean and std.dev: (2847.33, 2799.13)
[M::mem_pestat] low and high boundaries for proper pairs: (1, 16978)
[M::mem_pestat] analyzing insert size distribution for orientation FR...
[M::mem_pestat] (25, 50, 75) percentile: (185, 229, 310)
[M::mem_pestat] low and high boundaries for computing mean and std.dev: (1, 560)
[M::mem_pestat] mean and std.dev: (249.17, 86.30)
[M::mem_pestat] low and high boundaries for proper pairs: (1, 685)
[M::mem_pestat] analyzing insert size distribution for orientation RF...
[M::mem_pestat] (25, 50, 75) percentile: (161, 366, 2357)
[M::mem_pestat] low and high boundaries for computing mean and std.dev: (1, 6749)
[M::mem_pestat] mean and std.dev: (1111.16, 1670.43)
[M::mem_pestat] low and high boundaries for proper pairs: (1, 8945)
[M::mem_pestat] skip orientation RR as there are not enough pairs
[M::mem_pestat] skip orientation FF
[M::mem_pestat] skip orientation RF
[M::mem_process_seqs] Processed 2806718 reads in 3149.522 CPU sec, 84.444 real sec
[M::process] read 2804106 sequences (400000113 bp)...
[M::mem_pestat] # candidate unique pairs for (FF, FR, RF, RR): (18, 768126, 70, 11)
[M::mem_pestat] analyzing insert size distribution for orientation FF...
[M::mem_pestat] (25, 50, 75) percentile: (142, 2223, 4101)
[M::mem_pestat] low and high boundaries for computing mean and std.dev: (1, 12019)
[M::mem_pestat] mean and std.dev: (2399.72, 2307.19)
[M::mem_pestat] low and high boundaries for proper pairs: (1, 15978)
[M::mem_pestat] analyzing insert size distribution for orientation FR...
[M::mem_pestat] (25, 50, 75) percentile: (187, 233, 316)
[M::mem_pestat] low and high boundaries for computing mean and std.dev: (1, 574)
[M::mem_pestat] mean and std.dev: (253.00, 87.65)
[M::mem_pestat] low and high boundaries for proper pairs: (1, 703)
[M::mem_pestat] analyzing insert size distribution for orientation RF...
[M::mem_pestat] (25, 50, 75) percentile: (160, 438, 2172)
[M::mem_pestat] low and high boundaries for computing mean and std.dev: (1, 6196)
[M::mem_pestat] mean and std.dev: (1109.65, 1362.94)
[M::mem_pestat] low and high boundaries for proper pairs: (1, 8208)
[M::mem_pestat] analyzing insert size distribution for orientation RR...
[M::mem_pestat] (25, 50, 75) percentile: (261, 2430, 2838)
[M::mem_pestat] low and high boundaries for computing mean and std.dev: (1, 7992)
[M::mem_pestat] mean and std.dev: (1983.27, 1408.80)
[M::mem_pestat] low and high boundaries for proper pairs: (1, 10569)
[M::mem_pestat] skip orientation FF
[M::mem_pestat] skip orientation RF
[M::mem_pestat] skip orientation RR
[M::mem_process_seqs] Processed 2803974 reads in 2900.320 CPU sec, 72.708 real sec
[M::process] read 2802488 sequences (400000025 bp)...
[M::mem_pestat] # candidate unique pairs for (FF, FR, RF, RR): (17, 768944, 60, 10)
[M::mem_pestat] analyzing insert size distribution for orientation FF...
[M::mem_pestat] (25, 50, 75) percentile: (141, 221, 653)
[M::mem_pestat] low and high boundaries for computing mean and std.dev: (1, 1677)
[M::mem_pestat] mean and std.dev: (315.40, 366.37)
[M::mem_pestat] low and high boundaries for proper pairs: (1, 2189)
[M::mem_pestat] analyzing insert size distribution for orientation FR...
[M::mem_pestat] (25, 50, 75) percentile: (184, 226, 306)
[M::mem_pestat] low and high boundaries for computing mean and std.dev: (1, 550)
[M::mem_pestat] mean and std.dev: (246.44, 85.19)
[M::mem_pestat] low and high boundaries for proper pairs: (1, 672)
[M::mem_pestat] analyzing insert size distribution for orientation RF...
[M::mem_pestat] (25, 50, 75) percentile: (223, 1043, 3012)
[M::mem_pestat] low and high boundaries for computing mean and std.dev: (1, 8590)
[M::mem_pestat] mean and std.dev: (1739.66, 1799.26)
[M::mem_pestat] low and high boundaries for proper pairs: (1, 11379)
[M::mem_pestat] analyzing insert size distribution for orientation RR...
[M::mem_pestat] (25, 50, 75) percentile: (163, 180, 1025)
[M::mem_pestat] low and high boundaries for computing mean and std.dev: (1, 2749)
[M::mem_pestat] mean and std.dev: (527.90, 611.34)
[M::mem_pestat] low and high boundaries for proper pairs: (1, 3611)
[M::mem_pestat] skip orientation FF
[M::mem_pestat] skip orientation RF
[M::mem_pestat] skip orientation RR
[M::mem_process_seqs] Processed 2804106 reads in 2870.297 CPU sec, 72.012 real sec
[M::process] read 2829452 sequences (400000278 bp)...
[M::mem_pestat] # candidate unique pairs for (FF, FR, RF, RR): (15, 767627, 92, 11)
[M::mem_pestat] analyzing insert size distribution for orientation FF...
[M::mem_pestat] (25, 50, 75) percentile: (212, 232, 559)
[M::mem_pestat] low and high boundaries for computing mean and std.dev: (1, 1253)
[M::mem_pestat] mean and std.dev: (227.50, 125.77)
[M::mem_pestat] low and high boundaries for proper pairs: (1, 1600)
[M::mem_pestat] analyzing insert size distribution for orientation FR...
[M::mem_pestat] (25, 50, 75) percentile: (189, 236, 321)
[M::mem_pestat] low and high boundaries for computing mean and std.dev: (1, 585)
[M::mem_pestat] mean and std.dev: (256.14, 88.65)
[M::mem_pestat] low and high boundaries for proper pairs: (1, 717)
[M::mem_pestat] analyzing insert size distribution for orientation RF...
[M::mem_pestat] (25, 50, 75) percentile: (114, 227, 1624)
[M::mem_pestat] low and high boundaries for computing mean and std.dev: (1, 4644)
[M::mem_pestat] mean and std.dev: (644.35, 924.96)
[M::mem_pestat] low and high boundaries for proper pairs: (1, 6154)
[M::mem_pestat] analyzing insert size distribution for orientation RR...
[M::mem_pestat] (25, 50, 75) percentile: (143, 219, 5146)
[M::mem_pestat] low and high boundaries for computing mean and std.dev: (1, 15152)
[M::mem_pestat] mean and std.dev: (2092.45, 2254.21)
[M::mem_pestat] low and high boundaries for proper pairs: (1, 20155)
[M::mem_pestat] skip orientation FF
[M::mem_pestat] skip orientation RF
[M::mem_pestat] skip orientation RR
[M::mem_process_seqs] Processed 2802488 reads in 2923.673 CPU sec, 73.376 real sec
[M::process] read 2829434 sequences (400000203 bp)...
[M::mem_pestat] # candidate unique pairs for (FF, FR, RF, RR): (20, 765059, 69, 16)
[M::mem_pestat] analyzing insert size distribution for orientation FF...
[M::mem_pestat] (25, 50, 75) percentile: (223, 1084, 3201)
[M::mem_pestat] low and high boundaries for computing mean and std.dev: (1, 9157)
[M::mem_pestat] mean and std.dev: (1377.40, 1329.64)
[M::mem_pestat] low and high boundaries for proper pairs: (1, 12135)
[M::mem_pestat] analyzing insert size distribution for orientation FR...
[M::mem_pestat] (25, 50, 75) percentile: (188, 234, 319)
[M::mem_pestat] low and high boundaries for computing mean and std.dev: (1, 581)
[M::mem_pestat] mean and std.dev: (254.44, 88.80)
[M::mem_pestat] low and high boundaries for proper pairs: (1, 712)
[M::mem_pestat] analyzing insert size distribution for orientation RF...
[M::mem_pestat] (25, 50, 75) percentile: (162, 457, 1450)
[M::mem_pestat] low and high boundaries for computing mean and std.dev: (1, 4026)
[M::mem_pestat] mean and std.dev: (748.43, 848.19)
[M::mem_pestat] low and high boundaries for proper pairs: (1, 5314)
[M::mem_pestat] analyzing insert size distribution for orientation RR...
[M::mem_pestat] (25, 50, 75) percentile: (206, 343, 2563)
[M::mem_pestat] low and high boundaries for computing mean and std.dev: (1, 7277)
[M::mem_pestat] mean and std.dev: (1082.20, 1397.43)
[M::mem_pestat] low and high boundaries for proper pairs: (1, 9634)
[M::mem_pestat] skip orientation FF
[M::mem_pestat] skip orientation RF
[M::mem_pestat] skip orientation RR
[M::mem_process_seqs] Processed 2829452 reads in 2939.032 CPU sec, 73.675 real sec
[M::process] read 2828878 sequences (400000209 bp)...
[M::mem_pestat] # candidate unique pairs for (FF, FR, RF, RR): (11, 764418, 94, 6)
[M::mem_pestat] analyzing insert size distribution for orientation FF...
[M::mem_pestat] (25, 50, 75) percentile: (187, 256, 3960)
[M::mem_pestat] low and high boundaries for computing mean and std.dev: (1, 11506)
[M::mem_pestat] mean and std.dev: (2208.45, 3519.33)
[M::mem_pestat] low and high boundaries for proper pairs: (1, 16286)
[M::mem_pestat] analyzing insert size distribution for orientation FR...
[M::mem_pestat] (25, 50, 75) percentile: (187, 234, 319)
[M::mem_pestat] low and high boundaries for computing mean and std.dev: (1, 583)
[M::mem_pestat] mean and std.dev: (254.44, 88.89)
[M::mem_pestat] low and high boundaries for proper pairs: (1, 715)
[M::mem_pestat] analyzing insert size distribution for orientation RF...
[M::mem_pestat] (25, 50, 75) percentile: (174, 453, 1156)
[M::mem_pestat] low and high boundaries for computing mean and std.dev: (1, 3120)
[M::mem_pestat] mean and std.dev: (730.88, 787.07)
[M::mem_pestat] low and high boundaries for proper pairs: (1, 4102)
[M::mem_pestat] skip orientation RR as there are not enough pairs
[M::mem_pestat] skip orientation FF
[M::mem_pestat] skip orientation RF
[M::mem_process_seqs] Processed 2829434 reads in 2969.536 CPU sec, 74.432 real sec
[M::process] read 2835986 sequences (400000012 bp)...
[M::mem_pestat] # candidate unique pairs for (FF, FR, RF, RR): (14, 767026, 67, 13)
[M::mem_pestat] analyzing insert size distribution for orientation FF...
[M::mem_pestat] (25, 50, 75) percentile: (241, 403, 1405)
[M::mem_pestat] low and high boundaries for computing mean and std.dev: (1, 3733)
[M::mem_pestat] mean and std.dev: (895.54, 1038.58)
[M::mem_pestat] low and high boundaries for proper pairs: (1, 5050)
[M::mem_pestat] analyzing insert size distribution for orientation FR...
[M::mem_pestat] (25, 50, 75) percentile: (188, 235, 320)
[M::mem_pestat] low and high boundaries for computing mean and std.dev: (1, 584)
[M::mem_pestat] mean and std.dev: (255.15, 88.87)
[M::mem_pestat] low and high boundaries for proper pairs: (1, 716)
[M::mem_pestat] analyzing insert size distribution for orientation RF...
[M::mem_pestat] (25, 50, 75) percentile: (156, 503, 2350)
[M::mem_pestat] low and high boundaries for computing mean and std.dev: (1, 6738)
[M::mem_pestat] mean and std.dev: (1299.18, 1753.61)
[M::mem_pestat] low and high boundaries for proper pairs: (1, 8932)
[M::mem_pestat] analyzing insert size distribution for orientation RR...
[M::mem_pestat] (25, 50, 75) percentile: (410, 2751, 5866)
[M::mem_pestat] low and high boundaries for computing mean and std.dev: (1, 16778)
[M::mem_pestat] mean and std.dev: (3280.38, 3117.64)
[M::mem_pestat] low and high boundaries for proper pairs: (1, 22234)
[M::mem_pestat] skip orientation FF
[M::mem_pestat] skip orientation RF
[M::mem_pestat] skip orientation RR
[M::mem_process_seqs] Processed 2828878 reads in 3079.545 CPU sec, 77.078 real sec
[M::process] read 2825814 sequences (400000274 bp)...
[M::mem_pestat] # candidate unique pairs for (FF, FR, RF, RR): (12, 767574, 93, 7)
[M::mem_pestat] analyzing insert size distribution for orientation FF...
[M::mem_pestat] (25, 50, 75) percentile: (152, 415, 2363)
[M::mem_pestat] low and high boundaries for computing mean and std.dev: (1, 6785)
[M::mem_pestat] mean and std.dev: (1331.83, 1774.43)
[M::mem_pestat] low and high boundaries for proper pairs: (1, 8996)
[M::mem_pestat] analyzing insert size distribution for orientation FR...
[M::mem_pestat] (25, 50, 75) percentile: (188, 234, 320)
[M::mem_pestat] low and high boundaries for computing mean and std.dev: (1, 584)
[M::mem_pestat] mean and std.dev: (254.87, 88.97)
[M::mem_pestat] low and high boundaries for proper pairs: (1, 716)
[M::mem_pestat] analyzing insert size distribution for orientation RF...
[M::mem_pestat] (25, 50, 75) percentile: (112, 284, 2244)
[M::mem_pestat] low and high boundaries for computing mean and std.dev: (1, 6508)
[M::mem_pestat] mean and std.dev: (1073.38, 1518.32)
[M::mem_pestat] low and high boundaries for proper pairs: (1, 8640)
[M::mem_pestat] skip orientation RR as there are not enough pairs
[M::mem_pestat] skip orientation FF
[M::mem_pestat] skip orientation RF
[M::mem_process_seqs] Processed 2835986 reads in 3430.086 CPU sec, 86.221 real sec
[M::process] read 2832458 sequences (400000184 bp)...
[M::mem_pestat] # candidate unique pairs for (FF, FR, RF, RR): (9, 769689, 63, 12)
[M::mem_pestat] skip orientation FF as there are not enough pairs
[M::mem_pestat] analyzing insert size distribution for orientation FR...
[M::mem_pestat] (25, 50, 75) percentile: (188, 234, 319)
[M::mem_pestat] low and high boundaries for computing mean and std.dev: (1, 581)
[M::mem_pestat] mean and std.dev: (254.84, 88.61)
[M::mem_pestat] low and high boundaries for proper pairs: (1, 712)
[M::mem_pestat] analyzing insert size distribution for orientation RF...
[M::mem_pestat] (25, 50, 75) percentile: (223, 781, 2081)
[M::mem_pestat] low and high boundaries for computing mean and std.dev: (1, 5797)
[M::mem_pestat] mean and std.dev: (1154.59, 1350.46)
[M::mem_pestat] low and high boundaries for proper pairs: (1, 7655)
[M::mem_pestat] analyzing insert size distribution for orientation RR...
[M::mem_pestat] (25, 50, 75) percentile: (268, 2317, 3603)
[M::mem_pestat] low and high boundaries for computing mean and std.dev: (1, 10273)
[M::mem_pestat] mean and std.dev: (1960.83, 1783.54)
[M::mem_pestat] low and high boundaries for proper pairs: (1, 13608)
[M::mem_pestat] skip orientation RF
[M::mem_pestat] skip orientation RR
[M::mem_process_seqs] Processed 2825814 reads in 3056.826 CPU sec, 76.535 real sec
[M::process] read 2814270 sequences (400000107 bp)...
[M::mem_pestat] # candidate unique pairs for (FF, FR, RF, RR): (12, 766132, 71, 12)
[M::mem_pestat] analyzing insert size distribution for orientation FF...
[M::mem_pestat] (25, 50, 75) percentile: (122, 329, 2919)
[M::mem_pestat] low and high boundaries for computing mean and std.dev: (1, 8513)
[M::mem_pestat] mean and std.dev: (1471.58, 2356.96)
[M::mem_pestat] low and high boundaries for proper pairs: (1, 11310)
[M::mem_pestat] analyzing insert size distribution for orientation FR...
[M::mem_pestat] (25, 50, 75) percentile: (187, 234, 319)
[M::mem_pestat] low and high boundaries for computing mean and std.dev: (1, 583)
[M::mem_pestat] mean and std.dev: (254.40, 88.94)
[M::mem_pestat] low and high boundaries for proper pairs: (1, 715)
[M::mem_pestat] analyzing insert size distribution for orientation RF...
[M::mem_pestat] (25, 50, 75) percentile: (107, 225, 2555)
[M::mem_pestat] low and high boundaries for computing mean and std.dev: (1, 7451)
[M::mem_pestat] mean and std.dev: (1092.34, 1638.84)
[M::mem_pestat] low and high boundaries for proper pairs: (1, 9899)
[M::mem_pestat] analyzing insert size distribution for orientation RR...
[M::mem_pestat] (25, 50, 75) percentile: (198, 2326, 4902)
[M::mem_pestat] low and high boundaries for computing mean and std.dev: (1, 14310)
[M::mem_pestat] mean and std.dev: (2779.33, 2314.87)
[M::mem_pestat] low and high boundaries for proper pairs: (1, 19014)
[M::mem_pestat] skip orientation FF
[M::mem_pestat] skip orientation RF
[M::mem_pestat] skip orientation RR
[M::mem_process_seqs] Processed 2832458 reads in 3000.827 CPU sec, 75.338 real sec
[M::process] read 2788604 sequences (400000203 bp)...
[M::mem_pestat] # candidate unique pairs for (FF, FR, RF, RR): (16, 766398, 70, 18)
[M::mem_pestat] analyzing insert size distribution for orientation FF...
[M::mem_pestat] (25, 50, 75) percentile: (172, 255, 3751)
[M::mem_pestat] low and high boundaries for computing mean and std.dev: (1, 10909)
[M::mem_pestat] mean and std.dev: (1706.44, 2387.53)
[M::mem_pestat] low and high boundaries for proper pairs: (1, 14488)
[M::mem_pestat] analyzing insert size distribution for orientation FR...
[M::mem_pestat] (25, 50, 75) percentile: (188, 234, 319)
[M::mem_pestat] low and high boundaries for computing mean and std.dev: (1, 581)
[M::mem_pestat] mean and std.dev: (254.88, 88.89)
[M::mem_pestat] low and high boundaries for proper pairs: (1, 712)
[M::mem_pestat] analyzing insert size distribution for orientation RF...
[M::mem_pestat] (25, 50, 75) percentile: (189, 418, 2260)
[M::mem_pestat] low and high boundaries for computing mean and std.dev: (1, 6402)
[M::mem_pestat] mean and std.dev: (786.41, 1155.82)
[M::mem_pestat] low and high boundaries for proper pairs: (1, 8473)
[M::mem_pestat] analyzing insert size distribution for orientation RR...
[M::mem_pestat] (25, 50, 75) percentile: (176, 1777, 2230)
[M::mem_pestat] low and high boundaries for computing mean and std.dev: (1, 6338)
[M::mem_pestat] mean and std.dev: (1496.00, 1355.48)
[M::mem_pestat] low and high boundaries for proper pairs: (1, 8392)
[M::mem_pestat] skip orientation FF
[M::mem_pestat] skip orientation RF
[M::mem_pestat] skip orientation RR
[M::mem_process_seqs] Processed 2814270 reads in 2927.236 CPU sec, 73.580 real sec
[M::process] read 2788724 sequences (400000053 bp)...
[M::mem_pestat] # candidate unique pairs for (FF, FR, RF, RR): (13, 765153, 71, 15)
[M::mem_pestat] analyzing insert size distribution for orientation FF...
[M::mem_pestat] (25, 50, 75) percentile: (99, 126, 3991)
[M::mem_pestat] low and high boundaries for computing mean and std.dev: (1, 11775)
[M::mem_pestat] mean and std.dev: (1662.92, 1980.40)
[M::mem_pestat] low and high boundaries for proper pairs: (1, 15667)
[M::mem_pestat] analyzing insert size distribution for orientation FR...
[M::mem_pestat] (25, 50, 75) percentile: (189, 236, 322)
[M::mem_pestat] low and high boundaries for computing mean and std.dev: (1, 588)
[M::mem_pestat] mean and std.dev: (256.89, 89.41)
[M::mem_pestat] low and high boundaries for proper pairs: (1, 721)
[M::mem_pestat] analyzing insert size distribution for orientation RF...
[M::mem_pestat] (25, 50, 75) percentile: (126, 400, 1900)
[M::mem_pestat] low and high boundaries for computing mean and std.dev: (1, 5448)
[M::mem_pestat] mean and std.dev: (811.92, 1112.35)
[M::mem_pestat] low and high boundaries for proper pairs: (1, 7222)
[M::mem_pestat] analyzing insert size distribution for orientation RR...
[M::mem_pestat] (25, 50, 75) percentile: (141, 159, 1874)
[M::mem_pestat] low and high boundaries for computing mean and std.dev: (1, 5340)
[M::mem_pestat] mean and std.dev: (1139.29, 1583.38)
[M::mem_pestat] low and high boundaries for proper pairs: (1, 7473)
[M::mem_pestat] skip orientation FF
[M::mem_pestat] skip orientation RF
[M::mem_pestat] skip orientation RR
[M::mem_process_seqs] Processed 2788604 reads in 2915.570 CPU sec, 73.102 real sec
[M::process] read 2787230 sequences (400000116 bp)...
[M::mem_pestat] # candidate unique pairs for (FF, FR, RF, RR): (19, 766326, 69, 17)
[M::mem_pestat] analyzing insert size distribution for orientation FF...
[M::mem_pestat] (25, 50, 75) percentile: (184, 603, 2486)
[M::mem_pestat] low and high boundaries for computing mean and std.dev: (1, 7090)
[M::mem_pestat] mean and std.dev: (1551.21, 1907.76)
[M::mem_pestat] low and high boundaries for proper pairs: (1, 9392)
[M::mem_pestat] analyzing insert size distribution for orientation FR...
[M::mem_pestat] (25, 50, 75) percentile: (189, 236, 322)
[M::mem_pestat] low and high boundaries for computing mean and std.dev: (1, 588)
[M::mem_pestat] mean and std.dev: (256.51, 89.37)
[M::mem_pestat] low and high boundaries for proper pairs: (1, 721)
[M::mem_pestat] analyzing insert size distribution for orientation RF...
[M::mem_pestat] (25, 50, 75) percentile: (172, 434, 1864)
[M::mem_pestat] low and high boundaries for computing mean and std.dev: (1, 5248)
[M::mem_pestat] mean and std.dev: (785.26, 947.10)
[M::mem_pestat] low and high boundaries for proper pairs: (1, 6940)
[M::mem_pestat] analyzing insert size distribution for orientation RR...
[M::mem_pestat] (25, 50, 75) percentile: (183, 352, 3498)
[M::mem_pestat] low and high boundaries for computing mean and std.dev: (1, 10128)
[M::mem_pestat] mean and std.dev: (1807.53, 2316.29)
[M::mem_pestat] low and high boundaries for proper pairs: (1, 13443)
[M::mem_pestat] skip orientation FF
[M::mem_pestat] skip orientation RF
[M::mem_pestat] skip orientation RR
[M::mem_process_seqs] Processed 2788724 reads in 2916.303 CPU sec, 73.108 real sec
[M::process] read 2786028 sequences (400000249 bp)...
[M::mem_pestat] # candidate unique pairs for (FF, FR, RF, RR): (13, 764570, 75, 17)
[M::mem_pestat] analyzing insert size distribution for orientation FF...
[M::mem_pestat] (25, 50, 75) percentile: (157, 259, 1982)
[M::mem_pestat] low and high boundaries for computing mean and std.dev: (1, 5632)
[M::mem_pestat] mean and std.dev: (637.92, 788.82)
[M::mem_pestat] low and high boundaries for proper pairs: (1, 7457)
[M::mem_pestat] analyzing insert size distribution for orientation FR...
[M::mem_pestat] (25, 50, 75) percentile: (190, 238, 324)
[M::mem_pestat] low and high boundaries for computing mean and std.dev: (1, 592)
[M::mem_pestat] mean and std.dev: (258.25, 89.95)
[M::mem_pestat] low and high boundaries for proper pairs: (1, 726)
[M::mem_pestat] analyzing insert size distribution for orientation RF...
[M::mem_pestat] (25, 50, 75) percentile: (142, 322, 2916)
[M::mem_pestat] low and high boundaries for computing mean and std.dev: (1, 8464)
[M::mem_pestat] mean and std.dev: (1343.87, 1893.59)
[M::mem_pestat] low and high boundaries for proper pairs: (1, 11238)
[M::mem_pestat] analyzing insert size distribution for orientation RR...
[M::mem_pestat] (25, 50, 75) percentile: (157, 210, 4311)
[M::mem_pestat] low and high boundaries for computing mean and std.dev: (1, 12619)
[M::mem_pestat] mean and std.dev: (1739.00, 2777.63)
[M::mem_pestat] low and high boundaries for proper pairs: (1, 16773)
[M::mem_pestat] skip orientation FF
[M::mem_pestat] skip orientation RF
[M::mem_pestat] skip orientation RR
[M::mem_process_seqs] Processed 2787230 reads in 2923.355 CPU sec, 73.276 real sec
[M::process] read 2797594 sequences (400000056 bp)...
[M::mem_pestat] # candidate unique pairs for (FF, FR, RF, RR): (11, 763257, 72, 19)
[M::mem_pestat] analyzing insert size distribution for orientation FF...
[M::mem_pestat] (25, 50, 75) percentile: (376, 1819, 3507)
[M::mem_pestat] low and high boundaries for computing mean and std.dev: (1, 9769)
[M::mem_pestat] mean and std.dev: (2704.27, 2896.38)
[M::mem_pestat] low and high boundaries for proper pairs: (1, 14290)
[M::mem_pestat] analyzing insert size distribution for orientation FR...
[M::mem_pestat] (25, 50, 75) percentile: (190, 238, 324)
[M::mem_pestat] low and high boundaries for computing mean and std.dev: (1, 592)
[M::mem_pestat] mean and std.dev: (258.26, 90.04)
[M::mem_pestat] low and high boundaries for proper pairs: (1, 726)
[M::mem_pestat] analyzing insert size distribution for orientation RF...
[M::mem_pestat] (25, 50, 75) percentile: (222, 354, 2293)
[M::mem_pestat] low and high boundaries for computing mean and std.dev: (1, 6435)
[M::mem_pestat] mean and std.dev: (1179.62, 1671.40)
[M::mem_pestat] low and high boundaries for proper pairs: (1, 8506)
[M::mem_pestat] analyzing insert size distribution for orientation RR...
[M::mem_pestat] (25, 50, 75) percentile: (264, 1985, 4301)
[M::mem_pestat] low and high boundaries for computing mean and std.dev: (1, 12375)
[M::mem_pestat] mean and std.dev: (2352.53, 2160.52)
[M::mem_pestat] low and high boundaries for proper pairs: (1, 16412)
[M::mem_pestat] skip orientation FF
[M::mem_pestat] skip orientation RF
[M::mem_pestat] skip orientation RR
[M::mem_process_seqs] Processed 2786028 reads in 2926.278 CPU sec, 73.357 real sec
[M::process] read 2809096 sequences (400000111 bp)...
[M::mem_pestat] # candidate unique pairs for (FF, FR, RF, RR): (22, 763556, 77, 15)
[M::mem_pestat] analyzing insert size distribution for orientation FF...
[M::mem_pestat] (25, 50, 75) percentile: (156, 202, 571)
[M::mem_pestat] low and high boundaries for computing mean and std.dev: (1, 1401)
[M::mem_pestat] mean and std.dev: (190.00, 101.44)
[M::mem_pestat] low and high boundaries for proper pairs: (1, 1816)
[M::mem_pestat] analyzing insert size distribution for orientation FR...
[M::mem_pestat] (25, 50, 75) percentile: (192, 243, 329)
[M::mem_pestat] low and high boundaries for computing mean and std.dev: (1, 603)
[M::mem_pestat] mean and std.dev: (261.84, 90.80)
[M::mem_pestat] low and high boundaries for proper pairs: (1, 740)
[M::mem_pestat] analyzing insert size distribution for orientation RF...
[M::mem_pestat] (25, 50, 75) percentile: (132, 437, 2246)
[M::mem_pestat] low and high boundaries for computing mean and std.dev: (1, 6474)
[M::mem_pestat] mean and std.dev: (1089.85, 1385.12)
[M::mem_pestat] low and high boundaries for proper pairs: (1, 8588)
[M::mem_pestat] analyzing insert size distribution for orientation RR...
[M::mem_pestat] (25, 50, 75) percentile: (147, 670, 3853)
[M::mem_pestat] low and high boundaries for computing mean and std.dev: (1, 11265)
[M::mem_pestat] mean and std.dev: (1756.87, 1871.48)
[M::mem_pestat] low and high boundaries for proper pairs: (1, 14971)
[M::mem_pestat] skip orientation FF
[M::mem_pestat] skip orientation RF
[M::mem_pestat] skip orientation RR
[M::mem_process_seqs] Processed 2797594 reads in 3087.067 CPU sec, 77.380 real sec
[M::process] read 2807688 sequences (400000216 bp)...
[M::mem_pestat] # candidate unique pairs for (FF, FR, RF, RR): (14, 764421, 80, 16)
[M::mem_pestat] analyzing insert size distribution for orientation FF...
[M::mem_pestat] (25, 50, 75) percentile: (165, 271, 2871)
[M::mem_pestat] low and high boundaries for computing mean and std.dev: (1, 8283)
[M::mem_pestat] mean and std.dev: (1399.93, 1590.14)
[M::mem_pestat] low and high boundaries for proper pairs: (1, 10989)
[M::mem_pestat] analyzing insert size distribution for orientation FR...
[M::mem_pestat] (25, 50, 75) percentile: (190, 240, 327)
[M::mem_pestat] low and high boundaries for computing mean and std.dev: (1, 601)
[M::mem_pestat] mean and std.dev: (260.20, 91.03)
[M::mem_pestat] low and high boundaries for proper pairs: (1, 738)
[M::mem_pestat] analyzing insert size distribution for orientation RF...
[M::mem_pestat] (25, 50, 75) percentile: (223, 414, 1361)
[M::mem_pestat] low and high boundaries for computing mean and std.dev: (1, 3637)
[M::mem_pestat] mean and std.dev: (670.09, 753.96)
[M::mem_pestat] low and high boundaries for proper pairs: (1, 4775)
[M::mem_pestat] analyzing insert size distribution for orientation RR...
[M::mem_pestat] (25, 50, 75) percentile: (195, 340, 3652)
[M::mem_pestat] low and high boundaries for computing mean and std.dev: (1, 10566)
[M::mem_pestat] mean and std.dev: (1874.31, 2513.87)
[M::mem_pestat] low and high boundaries for proper pairs: (1, 14023)
[M::mem_pestat] skip orientation FF
[M::mem_pestat] skip orientation RF
[M::mem_pestat] skip orientation RR
[M::mem_process_seqs] Processed 2809096 reads in 3032.973 CPU sec, 75.854 real sec
[M::process] read 2807938 sequences (400000166 bp)...
[M::mem_pestat] # candidate unique pairs for (FF, FR, RF, RR): (22, 765129, 61, 14)
[M::mem_pestat] analyzing insert size distribution for orientation FF...
[M::mem_pestat] (25, 50, 75) percentile: (107, 185, 1584)
[M::mem_pestat] low and high boundaries for computing mean and std.dev: (1, 4538)
[M::mem_pestat] mean and std.dev: (824.43, 1366.32)
[M::mem_pestat] low and high boundaries for proper pairs: (1, 6290)
[M::mem_pestat] analyzing insert size distribution for orientation FR...
[M::mem_pestat] (25, 50, 75) percentile: (191, 241, 328)
[M::mem_pestat] low and high boundaries for computing mean and std.dev: (1, 602)
[M::mem_pestat] mean and std.dev: (260.57, 91.06)
[M::mem_pestat] low and high boundaries for proper pairs: (1, 739)
[M::mem_pestat] analyzing insert size distribution for orientation RF...
[M::mem_pestat] (25, 50, 75) percentile: (107, 308, 2136)
[M::mem_pestat] low and high boundaries for computing mean and std.dev: (1, 6194)
[M::mem_pestat] mean and std.dev: (1112.33, 1412.57)
[M::mem_pestat] low and high boundaries for proper pairs: (1, 8223)
[M::mem_pestat] analyzing insert size distribution for orientation RR...
[M::mem_pestat] (25, 50, 75) percentile: (123, 2344, 5354)
[M::mem_pestat] low and high boundaries for computing mean and std.dev: (1, 15816)
[M::mem_pestat] mean and std.dev: (2673.57, 2916.60)
[M::mem_pestat] low and high boundaries for proper pairs: (1, 21047)
[M::mem_pestat] skip orientation FF
[M::mem_pestat] skip orientation RF
[M::mem_pestat] skip orientation RR
[M::mem_process_seqs] Processed 2807688 reads in 3291.783 CPU sec, 88.462 real sec
[M::process] read 2795386 sequences (400000189 bp)...
[M::mem_pestat] # candidate unique pairs for (FF, FR, RF, RR): (8, 765744, 86, 14)
[M::mem_pestat] skip orientation FF as there are not enough pairs
[M::mem_pestat] analyzing insert size distribution for orientation FR...
[M::mem_pestat] (25, 50, 75) percentile: (191, 243, 330)
[M::mem_pestat] low and high boundaries for computing mean and std.dev: (1, 608)
[M::mem_pestat] mean and std.dev: (262.27, 91.67)
[M::mem_pestat] low and high boundaries for proper pairs: (1, 747)
[M::mem_pestat] analyzing insert size distribution for orientation RF...
[M::mem_pestat] (25, 50, 75) percentile: (154, 363, 1437)
[M::mem_pestat] low and high boundaries for computing mean and std.dev: (1, 4003)
[M::mem_pestat] mean and std.dev: (814.45, 946.72)
[M::mem_pestat] low and high boundaries for proper pairs: (1, 5286)
[M::mem_pestat] analyzing insert size distribution for orientation RR...
[M::mem_pestat] (25, 50, 75) percentile: (133, 1678, 4074)
[M::mem_pestat] low and high boundaries for computing mean and std.dev: (1, 11956)
[M::mem_pestat] mean and std.dev: (2097.57, 2135.30)
[M::mem_pestat] low and high boundaries for proper pairs: (1, 15897)
[M::mem_pestat] skip orientation RF
[M::mem_pestat] skip orientation RR
[M::mem_process_seqs] Processed 2807938 reads in 3028.456 CPU sec, 75.913 real sec
[M::process] read 129978 sequences (18586918 bp)...
[M::mem_pestat] # candidate unique pairs for (FF, FR, RF, RR): (10, 763004, 70, 9)
[M::mem_pestat] analyzing insert size distribution for orientation FF...
[M::mem_pestat] (25, 50, 75) percentile: (128, 648, 4908)
[M::mem_pestat] low and high boundaries for computing mean and std.dev: (1, 14468)
[M::mem_pestat] mean and std.dev: (2065.30, 2287.01)
[M::mem_pestat] low and high boundaries for proper pairs: (1, 19248)
[M::mem_pestat] analyzing insert size distribution for orientation FR...
[M::mem_pestat] (25, 50, 75) percentile: (192, 243, 331)
[M::mem_pestat] low and high boundaries for computing mean and std.dev: (1, 609)
[M::mem_pestat] mean and std.dev: (262.93, 92.14)
[M::mem_pestat] low and high boundaries for proper pairs: (1, 748)
[M::mem_pestat] analyzing insert size distribution for orientation RF...
[M::mem_pestat] (25, 50, 75) percentile: (116, 338, 1390)
[M::mem_pestat] low and high boundaries for computing mean and std.dev: (1, 3938)
[M::mem_pestat] mean and std.dev: (656.69, 862.92)
[M::mem_pestat] low and high boundaries for proper pairs: (1, 5212)
[M::mem_pestat] skip orientation RR as there are not enough pairs
[M::mem_pestat] skip orientation FF
[M::mem_pestat] skip orientation RF
[M::mem_process_seqs] Processed 2795386 reads in 2961.193 CPU sec, 74.242 real sec
[M::mem_pestat] # candidate unique pairs for (FF, FR, RF, RR): (0, 35478, 5, 0)
[M::mem_pestat] skip orientation FF as there are not enough pairs
[M::mem_pestat] analyzing insert size distribution for orientation FR...
[M::mem_pestat] (25, 50, 75) percentile: (191, 242, 330)
[M::mem_pestat] low and high boundaries for computing mean and std.dev: (1, 608)
[M::mem_pestat] mean and std.dev: (262.30, 92.34)
[M::mem_pestat] low and high boundaries for proper pairs: (1, 747)
[M::mem_pestat] skip orientation RF as there are not enough pairs
[M::mem_pestat] skip orientation RR as there are not enough pairs
[M::mem_process_seqs] Processed 129978 reads in 158.516 CPU sec, 4.011 real sec
[main] Version: 0.7.17-r1188
[main] CMD: /home/shared/bwa-0.7.17/bwa mem -M -t 40 ../data/bwa-GCF_031168955.1_ASM3116895v1_genomic ../data/trimmed-fastqs-heatwave-genetics/MHW060_trimmed_clipped_R1_paired.fq.gz ../data/trimmed-fastqs-heatwave-genetics/MHW060_trimmed_clipped_R2_paired.fq.gz
[main] Real time: 2770.541 sec; CPU: 109659.143 sec
