[M::bwa_idx_load_from_disk] read 0 ALT contigs
[M::process] read 2820824 sequences (400000231 bp)...
[M::process] read 2815536 sequences (400000210 bp)...
[M::mem_pestat] # candidate unique pairs for (FF, FR, RF, RR): (8, 730962, 69, 11)
[M::mem_pestat] skip orientation FF as there are not enough pairs
[M::mem_pestat] analyzing insert size distribution for orientation FR...
[M::mem_pestat] (25, 50, 75) percentile: (177, 213, 285)
[M::mem_pestat] low and high boundaries for computing mean and std.dev: (1, 501)
[M::mem_pestat] mean and std.dev: (233.00, 80.33)
[M::mem_pestat] low and high boundaries for proper pairs: (1, 609)
[M::mem_pestat] analyzing insert size distribution for orientation RF...
[M::mem_pestat] (25, 50, 75) percentile: (223, 937, 2405)
[M::mem_pestat] low and high boundaries for computing mean and std.dev: (1, 6769)
[M::mem_pestat] mean and std.dev: (1242.88, 1543.24)
[M::mem_pestat] low and high boundaries for proper pairs: (1, 8951)
[M::mem_pestat] analyzing insert size distribution for orientation RR...
[M::mem_pestat] (25, 50, 75) percentile: (121, 684, 2449)
[M::mem_pestat] low and high boundaries for computing mean and std.dev: (1, 7105)
[M::mem_pestat] mean and std.dev: (1295.00, 1915.89)
[M::mem_pestat] low and high boundaries for proper pairs: (1, 9433)
[M::mem_pestat] skip orientation RF
[M::mem_pestat] skip orientation RR
[M::mem_process_seqs] Processed 2820824 reads in 2914.693 CPU sec, 73.104 real sec
[M::process] read 2812010 sequences (400000072 bp)...
[M::mem_pestat] # candidate unique pairs for (FF, FR, RF, RR): (6, 723501, 70, 11)
[M::mem_pestat] skip orientation FF as there are not enough pairs
[M::mem_pestat] analyzing insert size distribution for orientation FR...
[M::mem_pestat] (25, 50, 75) percentile: (180, 220, 302)
[M::mem_pestat] low and high boundaries for computing mean and std.dev: (1, 546)
[M::mem_pestat] mean and std.dev: (241.96, 84.98)
[M::mem_pestat] low and high boundaries for proper pairs: (1, 668)
[M::mem_pestat] analyzing insert size distribution for orientation RF...
[M::mem_pestat] (25, 50, 75) percentile: (128, 410, 1706)
[M::mem_pestat] low and high boundaries for computing mean and std.dev: (1, 4862)
[M::mem_pestat] mean and std.dev: (842.87, 1021.81)
[M::mem_pestat] low and high boundaries for proper pairs: (1, 6440)
[M::mem_pestat] analyzing insert size distribution for orientation RR...
[M::mem_pestat] (25, 50, 75) percentile: (220, 265, 377)
[M::mem_pestat] low and high boundaries for computing mean and std.dev: (1, 691)
[M::mem_pestat] mean and std.dev: (248.60, 94.82)
[M::mem_pestat] low and high boundaries for proper pairs: (1, 848)
[M::mem_pestat] skip orientation RF
[M::mem_pestat] skip orientation RR
[M::mem_process_seqs] Processed 2815536 reads in 3057.883 CPU sec, 76.722 real sec
[M::process] read 2816084 sequences (400000157 bp)...
[M::mem_pestat] # candidate unique pairs for (FF, FR, RF, RR): (12, 724760, 77, 11)
[M::mem_pestat] analyzing insert size distribution for orientation FF...
[M::mem_pestat] (25, 50, 75) percentile: (533, 2637, 2968)
[M::mem_pestat] low and high boundaries for computing mean and std.dev: (1, 7838)
[M::mem_pestat] mean and std.dev: (1706.00, 1318.33)
[M::mem_pestat] low and high boundaries for proper pairs: (1, 10273)
[M::mem_pestat] analyzing insert size distribution for orientation FR...
[M::mem_pestat] (25, 50, 75) percentile: (180, 218, 298)
[M::mem_pestat] low and high boundaries for computing mean and std.dev: (1, 534)
[M::mem_pestat] mean and std.dev: (240.04, 83.98)
[M::mem_pestat] low and high boundaries for proper pairs: (1, 652)
[M::mem_pestat] analyzing insert size distribution for orientation RF...
[M::mem_pestat] (25, 50, 75) percentile: (155, 340, 2345)
[M::mem_pestat] low and high boundaries for computing mean and std.dev: (1, 6725)
[M::mem_pestat] mean and std.dev: (1062.84, 1477.88)
[M::mem_pestat] low and high boundaries for proper pairs: (1, 8915)
[M::mem_pestat] analyzing insert size distribution for orientation RR...
[M::mem_pestat] (25, 50, 75) percentile: (340, 1426, 5624)
[M::mem_pestat] low and high boundaries for computing mean and std.dev: (1, 16192)
[M::mem_pestat] mean and std.dev: (2702.27, 2897.86)
[M::mem_pestat] low and high boundaries for proper pairs: (1, 21476)
[M::mem_pestat] skip orientation FF
[M::mem_pestat] skip orientation RF
[M::mem_pestat] skip orientation RR
[M::mem_process_seqs] Processed 2812010 reads in 3042.727 CPU sec, 76.369 real sec
[M::process] read 2811934 sequences (400000299 bp)...
[M::mem_pestat] # candidate unique pairs for (FF, FR, RF, RR): (11, 727255, 79, 13)
[M::mem_pestat] analyzing insert size distribution for orientation FF...
[M::mem_pestat] (25, 50, 75) percentile: (129, 235, 952)
[M::mem_pestat] low and high boundaries for computing mean and std.dev: (1, 2598)
[M::mem_pestat] mean and std.dev: (517.20, 605.17)
[M::mem_pestat] low and high boundaries for proper pairs: (1, 3421)
[M::mem_pestat] analyzing insert size distribution for orientation FR...
[M::mem_pestat] (25, 50, 75) percentile: (179, 216, 294)
[M::mem_pestat] low and high boundaries for computing mean and std.dev: (1, 524)
[M::mem_pestat] mean and std.dev: (237.79, 83.04)
[M::mem_pestat] low and high boundaries for proper pairs: (1, 639)
[M::mem_pestat] analyzing insert size distribution for orientation RF...
[M::mem_pestat] (25, 50, 75) percentile: (223, 543, 1761)
[M::mem_pestat] low and high boundaries for computing mean and std.dev: (1, 4837)
[M::mem_pestat] mean and std.dev: (984.50, 1109.06)
[M::mem_pestat] low and high boundaries for proper pairs: (1, 6375)
[M::mem_pestat] analyzing insert size distribution for orientation RR...
[M::mem_pestat] (25, 50, 75) percentile: (299, 330, 1732)
[M::mem_pestat] low and high boundaries for computing mean and std.dev: (1, 4598)
[M::mem_pestat] mean and std.dev: (621.50, 723.27)
[M::mem_pestat] low and high boundaries for proper pairs: (1, 6031)
[M::mem_pestat] skip orientation FF
[M::mem_pestat] skip orientation RF
[M::mem_pestat] skip orientation RR
[M::mem_process_seqs] Processed 2816084 reads in 3035.640 CPU sec, 76.232 real sec
[M::process] read 2813666 sequences (400000202 bp)...
[M::mem_pestat] # candidate unique pairs for (FF, FR, RF, RR): (13, 719386, 73, 14)
[M::mem_pestat] analyzing insert size distribution for orientation FF...
[M::mem_pestat] (25, 50, 75) percentile: (231, 1338, 2575)
[M::mem_pestat] low and high boundaries for computing mean and std.dev: (1, 7263)
[M::mem_pestat] mean and std.dev: (1894.31, 2149.97)
[M::mem_pestat] low and high boundaries for proper pairs: (1, 10494)
[M::mem_pestat] analyzing insert size distribution for orientation FR...
[M::mem_pestat] (25, 50, 75) percentile: (182, 223, 309)
[M::mem_pestat] low and high boundaries for computing mean and std.dev: (1, 563)
[M::mem_pestat] mean and std.dev: (245.98, 86.86)
[M::mem_pestat] low and high boundaries for proper pairs: (1, 690)
[M::mem_pestat] analyzing insert size distribution for orientation RF...
[M::mem_pestat] (25, 50, 75) percentile: (188, 507, 2313)
[M::mem_pestat] low and high boundaries for computing mean and std.dev: (1, 6563)
[M::mem_pestat] mean and std.dev: (1006.67, 1210.65)
[M::mem_pestat] low and high boundaries for proper pairs: (1, 8688)
[M::mem_pestat] analyzing insert size distribution for orientation RR...
[M::mem_pestat] (25, 50, 75) percentile: (299, 1450, 6841)
[M::mem_pestat] low and high boundaries for computing mean and std.dev: (1, 19925)
[M::mem_pestat] mean and std.dev: (3483.14, 3530.50)
[M::mem_pestat] low and high boundaries for proper pairs: (1, 26467)
[M::mem_pestat] skip orientation FF
[M::mem_pestat] skip orientation RF
[M::mem_pestat] skip orientation RR
[M::mem_process_seqs] Processed 2811934 reads in 3099.528 CPU sec, 77.901 real sec
[M::process] read 2817766 sequences (400000233 bp)...
[M::mem_pestat] # candidate unique pairs for (FF, FR, RF, RR): (12, 730000, 83, 12)
[M::mem_pestat] analyzing insert size distribution for orientation FF...
[M::mem_pestat] (25, 50, 75) percentile: (247, 2013, 5532)
[M::mem_pestat] low and high boundaries for computing mean and std.dev: (1, 16102)
[M::mem_pestat] mean and std.dev: (2500.17, 2880.77)
[M::mem_pestat] low and high boundaries for proper pairs: (1, 21387)
[M::mem_pestat] analyzing insert size distribution for orientation FR...
[M::mem_pestat] (25, 50, 75) percentile: (177, 214, 289)
[M::mem_pestat] low and high boundaries for computing mean and std.dev: (1, 513)
[M::mem_pestat] mean and std.dev: (235.06, 81.61)
[M::mem_pestat] low and high boundaries for proper pairs: (1, 625)
[M::mem_pestat] analyzing insert size distribution for orientation RF...
[M::mem_pestat] (25, 50, 75) percentile: (177, 388, 1531)
[M::mem_pestat] low and high boundaries for computing mean and std.dev: (1, 4239)
[M::mem_pestat] mean and std.dev: (918.46, 1071.71)
[M::mem_pestat] low and high boundaries for proper pairs: (1, 5593)
[M::mem_pestat] analyzing insert size distribution for orientation RR...
[M::mem_pestat] (25, 50, 75) percentile: (143, 542, 2594)
[M::mem_pestat] low and high boundaries for computing mean and std.dev: (1, 7496)
[M::mem_pestat] mean and std.dev: (982.91, 1283.47)
[M::mem_pestat] low and high boundaries for proper pairs: (1, 9947)
[M::mem_pestat] skip orientation FF
[M::mem_pestat] skip orientation RF
[M::mem_pestat] skip orientation RR
[M::mem_process_seqs] Processed 2813666 reads in 3020.537 CPU sec, 75.548 real sec
[M::process] read 2832212 sequences (400000101 bp)...
[M::mem_pestat] # candidate unique pairs for (FF, FR, RF, RR): (14, 719983, 83, 12)
[M::mem_pestat] analyzing insert size distribution for orientation FF...
[M::mem_pestat] (25, 50, 75) percentile: (314, 2822, 4235)
[M::mem_pestat] low and high boundaries for computing mean and std.dev: (1, 12077)
[M::mem_pestat] mean and std.dev: (2450.29, 2007.44)
[M::mem_pestat] low and high boundaries for proper pairs: (1, 15998)
[M::mem_pestat] analyzing insert size distribution for orientation FR...
[M::mem_pestat] (25, 50, 75) percentile: (182, 223, 308)
[M::mem_pestat] low and high boundaries for computing mean and std.dev: (1, 560)
[M::mem_pestat] mean and std.dev: (245.34, 86.51)
[M::mem_pestat] low and high boundaries for proper pairs: (1, 686)
[M::mem_pestat] analyzing insert size distribution for orientation RF...
[M::mem_pestat] (25, 50, 75) percentile: (162, 374, 1347)
[M::mem_pestat] low and high boundaries for computing mean and std.dev: (1, 3717)
[M::mem_pestat] mean and std.dev: (788.71, 829.24)
[M::mem_pestat] low and high boundaries for proper pairs: (1, 4902)
[M::mem_pestat] analyzing insert size distribution for orientation RR...
[M::mem_pestat] (25, 50, 75) percentile: (102, 170, 979)
[M::mem_pestat] low and high boundaries for computing mean and std.dev: (1, 2733)
[M::mem_pestat] mean and std.dev: (374.91, 373.50)
[M::mem_pestat] low and high boundaries for proper pairs: (1, 3610)
[M::mem_pestat] skip orientation FF
[M::mem_pestat] skip orientation RF
[M::mem_pestat] skip orientation RR
[M::mem_process_seqs] Processed 2817766 reads in 3103.749 CPU sec, 78.071 real sec
[M::process] read 2835802 sequences (400000163 bp)...
[M::mem_pestat] # candidate unique pairs for (FF, FR, RF, RR): (5, 720786, 82, 12)
[M::mem_pestat] skip orientation FF as there are not enough pairs
[M::mem_pestat] analyzing insert size distribution for orientation FR...
[M::mem_pestat] (25, 50, 75) percentile: (181, 222, 306)
[M::mem_pestat] low and high boundaries for computing mean and std.dev: (1, 556)
[M::mem_pestat] mean and std.dev: (244.31, 86.32)
[M::mem_pestat] low and high boundaries for proper pairs: (1, 681)
[M::mem_pestat] analyzing insert size distribution for orientation RF...
[M::mem_pestat] (25, 50, 75) percentile: (165, 665, 1947)
[M::mem_pestat] low and high boundaries for computing mean and std.dev: (1, 5511)
[M::mem_pestat] mean and std.dev: (1090.81, 1253.49)
[M::mem_pestat] low and high boundaries for proper pairs: (1, 7293)
[M::mem_pestat] analyzing insert size distribution for orientation RR...
[M::mem_pestat] (25, 50, 75) percentile: (178, 331, 1350)
[M::mem_pestat] low and high boundaries for computing mean and std.dev: (1, 3694)
[M::mem_pestat] mean and std.dev: (541.73, 474.21)
[M::mem_pestat] low and high boundaries for proper pairs: (1, 4866)
[M::mem_pestat] skip orientation RF
[M::mem_pestat] skip orientation RR
[M::mem_process_seqs] Processed 2832212 reads in 3052.041 CPU sec, 76.532 real sec
[M::process] read 2829230 sequences (400000196 bp)...
[M::mem_pestat] # candidate unique pairs for (FF, FR, RF, RR): (9, 721897, 83, 14)
[M::mem_pestat] skip orientation FF as there are not enough pairs
[M::mem_pestat] analyzing insert size distribution for orientation FR...
[M::mem_pestat] (25, 50, 75) percentile: (181, 221, 305)
[M::mem_pestat] low and high boundaries for computing mean and std.dev: (1, 553)
[M::mem_pestat] mean and std.dev: (243.58, 86.10)
[M::mem_pestat] low and high boundaries for proper pairs: (1, 677)
[M::mem_pestat] analyzing insert size distribution for orientation RF...
[M::mem_pestat] (25, 50, 75) percentile: (88, 391, 1742)
[M::mem_pestat] low and high boundaries for computing mean and std.dev: (1, 5050)
[M::mem_pestat] mean and std.dev: (859.83, 1106.92)
[M::mem_pestat] low and high boundaries for proper pairs: (1, 6704)
[M::mem_pestat] analyzing insert size distribution for orientation RR...
[M::mem_pestat] (25, 50, 75) percentile: (103, 326, 2263)
[M::mem_pestat] low and high boundaries for computing mean and std.dev: (1, 6583)
[M::mem_pestat] mean and std.dev: (1149.21, 1620.31)
[M::mem_pestat] low and high boundaries for proper pairs: (1, 8743)
[M::mem_pestat] skip orientation RF
[M::mem_pestat] skip orientation RR
[M::mem_process_seqs] Processed 2835802 reads in 3076.250 CPU sec, 77.116 real sec
[M::process] read 2844070 sequences (400000070 bp)...
[M::mem_pestat] # candidate unique pairs for (FF, FR, RF, RR): (13, 718413, 74, 6)
[M::mem_pestat] analyzing insert size distribution for orientation FF...
[M::mem_pestat] (25, 50, 75) percentile: (168, 282, 2673)
[M::mem_pestat] low and high boundaries for computing mean and std.dev: (1, 7683)
[M::mem_pestat] mean and std.dev: (1439.00, 1525.82)
[M::mem_pestat] low and high boundaries for proper pairs: (1, 10188)
[M::mem_pestat] analyzing insert size distribution for orientation FR...
[M::mem_pestat] (25, 50, 75) percentile: (182, 223, 309)
[M::mem_pestat] low and high boundaries for computing mean and std.dev: (1, 563)
[M::mem_pestat] mean and std.dev: (246.17, 87.21)
[M::mem_pestat] low and high boundaries for proper pairs: (1, 690)
[M::mem_pestat] analyzing insert size distribution for orientation RF...
[M::mem_pestat] (25, 50, 75) percentile: (140, 367, 1195)
[M::mem_pestat] low and high boundaries for computing mean and std.dev: (1, 3305)
[M::mem_pestat] mean and std.dev: (613.66, 710.78)
[M::mem_pestat] low and high boundaries for proper pairs: (1, 4360)
[M::mem_pestat] skip orientation RR as there are not enough pairs
[M::mem_pestat] skip orientation FF
[M::mem_pestat] skip orientation RF
[M::mem_process_seqs] Processed 2829230 reads in 3096.822 CPU sec, 77.448 real sec
[M::process] read 2836276 sequences (400000017 bp)...
[M::mem_pestat] # candidate unique pairs for (FF, FR, RF, RR): (9, 720418, 79, 17)
[M::mem_pestat] skip orientation FF as there are not enough pairs
[M::mem_pestat] analyzing insert size distribution for orientation FR...
[M::mem_pestat] (25, 50, 75) percentile: (181, 221, 305)
[M::mem_pestat] low and high boundaries for computing mean and std.dev: (1, 553)
[M::mem_pestat] mean and std.dev: (243.62, 86.11)
[M::mem_pestat] low and high boundaries for proper pairs: (1, 677)
[M::mem_pestat] analyzing insert size distribution for orientation RF...
[M::mem_pestat] (25, 50, 75) percentile: (224, 670, 2470)
[M::mem_pestat] low and high boundaries for computing mean and std.dev: (1, 6962)
[M::mem_pestat] mean and std.dev: (1489.56, 1694.19)
[M::mem_pestat] low and high boundaries for proper pairs: (1, 9208)
[M::mem_pestat] analyzing insert size distribution for orientation RR...
[M::mem_pestat] (25, 50, 75) percentile: (191, 1646, 1995)
[M::mem_pestat] low and high boundaries for computing mean and std.dev: (1, 5603)
[M::mem_pestat] mean and std.dev: (1214.73, 1160.65)
[M::mem_pestat] low and high boundaries for proper pairs: (1, 7407)
[M::mem_pestat] skip orientation RF
[M::mem_pestat] skip orientation RR
[M::mem_process_seqs] Processed 2844070 reads in 3201.271 CPU sec, 80.285 real sec
[M::process] read 2824308 sequences (400000010 bp)...
[M::mem_pestat] # candidate unique pairs for (FF, FR, RF, RR): (13, 718746, 98, 8)
[M::mem_pestat] analyzing insert size distribution for orientation FF...
[M::mem_pestat] (25, 50, 75) percentile: (715, 4258, 4277)
[M::mem_pestat] low and high boundaries for computing mean and std.dev: (1, 11401)
[M::mem_pestat] mean and std.dev: (2931.46, 1840.67)
[M::mem_pestat] low and high boundaries for proper pairs: (1, 14963)
[M::mem_pestat] analyzing insert size distribution for orientation FR...
[M::mem_pestat] (25, 50, 75) percentile: (182, 223, 310)
[M::mem_pestat] low and high boundaries for computing mean and std.dev: (1, 566)
[M::mem_pestat] mean and std.dev: (246.50, 87.62)
[M::mem_pestat] low and high boundaries for proper pairs: (1, 694)
[M::mem_pestat] analyzing insert size distribution for orientation RF...
[M::mem_pestat] (25, 50, 75) percentile: (96, 342, 1379)
[M::mem_pestat] low and high boundaries for computing mean and std.dev: (1, 3945)
[M::mem_pestat] mean and std.dev: (685.24, 788.56)
[M::mem_pestat] low and high boundaries for proper pairs: (1, 5228)
[M::mem_pestat] skip orientation RR as there are not enough pairs
[M::mem_pestat] skip orientation FF
[M::mem_pestat] skip orientation RF
[M::mem_process_seqs] Processed 2836276 reads in 3143.772 CPU sec, 78.825 real sec
[M::process] read 2816472 sequences (400000087 bp)...
[M::mem_pestat] # candidate unique pairs for (FF, FR, RF, RR): (12, 720818, 63, 19)
[M::mem_pestat] analyzing insert size distribution for orientation FF...
[M::mem_pestat] (25, 50, 75) percentile: (188, 248, 1319)
[M::mem_pestat] low and high boundaries for computing mean and std.dev: (1, 3581)
[M::mem_pestat] mean and std.dev: (555.55, 826.21)
[M::mem_pestat] low and high boundaries for proper pairs: (1, 4712)
[M::mem_pestat] analyzing insert size distribution for orientation FR...
[M::mem_pestat] (25, 50, 75) percentile: (182, 222, 307)
[M::mem_pestat] low and high boundaries for computing mean and std.dev: (1, 557)
[M::mem_pestat] mean and std.dev: (244.82, 86.41)
[M::mem_pestat] low and high boundaries for proper pairs: (1, 682)
[M::mem_pestat] analyzing insert size distribution for orientation RF...
[M::mem_pestat] (25, 50, 75) percentile: (214, 226, 1222)
[M::mem_pestat] low and high boundaries for computing mean and std.dev: (1, 3238)
[M::mem_pestat] mean and std.dev: (696.29, 842.75)
[M::mem_pestat] low and high boundaries for proper pairs: (1, 4246)
[M::mem_pestat] analyzing insert size distribution for orientation RR...
[M::mem_pestat] (25, 50, 75) percentile: (186, 217, 1694)
[M::mem_pestat] low and high boundaries for computing mean and std.dev: (1, 4710)
[M::mem_pestat] mean and std.dev: (843.35, 1308.35)
[M::mem_pestat] low and high boundaries for proper pairs: (1, 6218)
[M::mem_pestat] skip orientation FF
[M::mem_pestat] skip orientation RF
[M::mem_pestat] skip orientation RR
[M::mem_process_seqs] Processed 2824308 reads in 3111.474 CPU sec, 78.218 real sec
[M::process] read 2811748 sequences (400000251 bp)...
[M::mem_pestat] # candidate unique pairs for (FF, FR, RF, RR): (19, 724039, 75, 13)
[M::mem_pestat] analyzing insert size distribution for orientation FF...
[M::mem_pestat] (25, 50, 75) percentile: (101, 195, 2974)
[M::mem_pestat] low and high boundaries for computing mean and std.dev: (1, 8720)
[M::mem_pestat] mean and std.dev: (1520.21, 1867.58)
[M::mem_pestat] low and high boundaries for proper pairs: (1, 11593)
[M::mem_pestat] analyzing insert size distribution for orientation FR...
[M::mem_pestat] (25, 50, 75) percentile: (179, 218, 298)
[M::mem_pestat] low and high boundaries for computing mean and std.dev: (1, 536)
[M::mem_pestat] mean and std.dev: (240.13, 84.58)
[M::mem_pestat] low and high boundaries for proper pairs: (1, 655)
[M::mem_pestat] analyzing insert size distribution for orientation RF...
[M::mem_pestat] (25, 50, 75) percentile: (156, 427, 2141)
[M::mem_pestat] low and high boundaries for computing mean and std.dev: (1, 6111)
[M::mem_pestat] mean and std.dev: (1058.01, 1461.72)
[M::mem_pestat] low and high boundaries for proper pairs: (1, 8096)
[M::mem_pestat] analyzing insert size distribution for orientation RR...
[M::mem_pestat] (25, 50, 75) percentile: (136, 202, 4858)
[M::mem_pestat] low and high boundaries for computing mean and std.dev: (1, 14302)
[M::mem_pestat] mean and std.dev: (1579.85, 2568.28)
[M::mem_pestat] low and high boundaries for proper pairs: (1, 19024)
[M::mem_pestat] skip orientation FF
[M::mem_pestat] skip orientation RF
[M::mem_pestat] skip orientation RR
[M::mem_process_seqs] Processed 2816472 reads in 3064.338 CPU sec, 76.884 real sec
[M::process] read 2814110 sequences (400000097 bp)...
[M::mem_pestat] # candidate unique pairs for (FF, FR, RF, RR): (8, 721358, 59, 14)
[M::mem_pestat] skip orientation FF as there are not enough pairs
[M::mem_pestat] analyzing insert size distribution for orientation FR...
[M::mem_pestat] (25, 50, 75) percentile: (181, 221, 304)
[M::mem_pestat] low and high boundaries for computing mean and std.dev: (1, 550)
[M::mem_pestat] mean and std.dev: (243.58, 85.83)
[M::mem_pestat] low and high boundaries for proper pairs: (1, 673)
[M::mem_pestat] analyzing insert size distribution for orientation RF...
[M::mem_pestat] (25, 50, 75) percentile: (188, 331, 1507)
[M::mem_pestat] low and high boundaries for computing mean and std.dev: (1, 4145)
[M::mem_pestat] mean and std.dev: (850.55, 1031.25)
[M::mem_pestat] low and high boundaries for proper pairs: (1, 5464)
[M::mem_pestat] analyzing insert size distribution for orientation RR...
[M::mem_pestat] (25, 50, 75) percentile: (910, 2230, 3168)
[M::mem_pestat] low and high boundaries for computing mean and std.dev: (1, 7684)
[M::mem_pestat] mean and std.dev: (1735.54, 1088.03)
[M::mem_pestat] low and high boundaries for proper pairs: (1, 9942)
[M::mem_pestat] skip orientation RF
[M::mem_pestat] skip orientation RR
[M::mem_process_seqs] Processed 2811748 reads in 3084.231 CPU sec, 77.131 real sec
[M::process] read 2813156 sequences (400000294 bp)...
[M::mem_pestat] # candidate unique pairs for (FF, FR, RF, RR): (15, 726856, 58, 7)
[M::mem_pestat] analyzing insert size distribution for orientation FF...
[M::mem_pestat] (25, 50, 75) percentile: (183, 413, 3662)
[M::mem_pestat] low and high boundaries for computing mean and std.dev: (1, 10620)
[M::mem_pestat] mean and std.dev: (2006.13, 2853.97)
[M::mem_pestat] low and high boundaries for proper pairs: (1, 14099)
[M::mem_pestat] analyzing insert size distribution for orientation FR...
[M::mem_pestat] (25, 50, 75) percentile: (178, 216, 293)
[M::mem_pestat] low and high boundaries for computing mean and std.dev: (1, 523)
[M::mem_pestat] mean and std.dev: (237.03, 82.83)
[M::mem_pestat] low and high boundaries for proper pairs: (1, 638)
[M::mem_pestat] analyzing insert size distribution for orientation RF...
[M::mem_pestat] (25, 50, 75) percentile: (191, 990, 3519)
[M::mem_pestat] low and high boundaries for computing mean and std.dev: (1, 10175)
[M::mem_pestat] mean and std.dev: (1880.26, 2304.41)
[M::mem_pestat] low and high boundaries for proper pairs: (1, 13503)
[M::mem_pestat] skip orientation RR as there are not enough pairs
[M::mem_pestat] skip orientation FF
[M::mem_pestat] skip orientation RF
[M::mem_process_seqs] Processed 2814110 reads in 3034.087 CPU sec, 76.267 real sec
[M::process] read 2812876 sequences (400000070 bp)...
[M::mem_pestat] # candidate unique pairs for (FF, FR, RF, RR): (10, 721320, 87, 21)
[M::mem_pestat] analyzing insert size distribution for orientation FF...
[M::mem_pestat] (25, 50, 75) percentile: (173, 1610, 2329)
[M::mem_pestat] low and high boundaries for computing mean and std.dev: (1, 6641)
[M::mem_pestat] mean and std.dev: (1285.67, 1244.97)
[M::mem_pestat] low and high boundaries for proper pairs: (1, 8797)
[M::mem_pestat] analyzing insert size distribution for orientation FR...
[M::mem_pestat] (25, 50, 75) percentile: (182, 222, 306)
[M::mem_pestat] low and high boundaries for computing mean and std.dev: (1, 554)
[M::mem_pestat] mean and std.dev: (244.55, 86.19)
[M::mem_pestat] low and high boundaries for proper pairs: (1, 678)
[M::mem_pestat] analyzing insert size distribution for orientation RF...
[M::mem_pestat] (25, 50, 75) percentile: (224, 767, 2313)
[M::mem_pestat] low and high boundaries for computing mean and std.dev: (1, 6491)
[M::mem_pestat] mean and std.dev: (1325.85, 1536.42)
[M::mem_pestat] low and high boundaries for proper pairs: (1, 8580)
[M::mem_pestat] analyzing insert size distribution for orientation RR...
[M::mem_pestat] (25, 50, 75) percentile: (115, 305, 3421)
[M::mem_pestat] low and high boundaries for computing mean and std.dev: (1, 10033)
[M::mem_pestat] mean and std.dev: (1592.95, 2128.02)
[M::mem_pestat] low and high boundaries for proper pairs: (1, 13339)
[M::mem_pestat] skip orientation FF
[M::mem_pestat] skip orientation RF
[M::mem_pestat] skip orientation RR
[M::mem_process_seqs] Processed 2813156 reads in 3115.607 CPU sec, 77.926 real sec
[M::process] read 2813124 sequences (400000006 bp)...
[M::mem_pestat] # candidate unique pairs for (FF, FR, RF, RR): (12, 725924, 63, 7)
[M::mem_pestat] analyzing insert size distribution for orientation FF...
[M::mem_pestat] (25, 50, 75) percentile: (204, 1490, 1577)
[M::mem_pestat] low and high boundaries for computing mean and std.dev: (1, 4323)
[M::mem_pestat] mean and std.dev: (841.91, 678.49)
[M::mem_pestat] low and high boundaries for proper pairs: (1, 5696)
[M::mem_pestat] analyzing insert size distribution for orientation FR...
[M::mem_pestat] (25, 50, 75) percentile: (179, 217, 295)
[M::mem_pestat] low and high boundaries for computing mean and std.dev: (1, 527)
[M::mem_pestat] mean and std.dev: (238.50, 83.34)
[M::mem_pestat] low and high boundaries for proper pairs: (1, 643)
[M::mem_pestat] analyzing insert size distribution for orientation RF...
[M::mem_pestat] (25, 50, 75) percentile: (223, 947, 2491)
[M::mem_pestat] low and high boundaries for computing mean and std.dev: (1, 7027)
[M::mem_pestat] mean and std.dev: (918.25, 1030.57)
[M::mem_pestat] low and high boundaries for proper pairs: (1, 9295)
[M::mem_pestat] skip orientation RR as there are not enough pairs
[M::mem_pestat] skip orientation FF
[M::mem_pestat] skip orientation RF
[M::mem_process_seqs] Processed 2812876 reads in 3302.572 CPU sec, 88.829 real sec
[M::process] read 2809016 sequences (400000248 bp)...
[M::mem_pestat] # candidate unique pairs for (FF, FR, RF, RR): (16, 723764, 80, 10)
[M::mem_pestat] analyzing insert size distribution for orientation FF...
[M::mem_pestat] (25, 50, 75) percentile: (102, 308, 379)
[M::mem_pestat] low and high boundaries for computing mean and std.dev: (1, 933)
[M::mem_pestat] mean and std.dev: (242.73, 181.20)
[M::mem_pestat] low and high boundaries for proper pairs: (1, 1210)
[M::mem_pestat] analyzing insert size distribution for orientation FR...
[M::mem_pestat] (25, 50, 75) percentile: (180, 218, 298)
[M::mem_pestat] low and high boundaries for computing mean and std.dev: (1, 534)
[M::mem_pestat] mean and std.dev: (240.14, 84.13)
[M::mem_pestat] low and high boundaries for proper pairs: (1, 652)
[M::mem_pestat] analyzing insert size distribution for orientation RF...
[M::mem_pestat] (25, 50, 75) percentile: (128, 256, 1319)
[M::mem_pestat] low and high boundaries for computing mean and std.dev: (1, 3701)
[M::mem_pestat] mean and std.dev: (728.24, 937.55)
[M::mem_pestat] low and high boundaries for proper pairs: (1, 4892)
[M::mem_pestat] analyzing insert size distribution for orientation RR...
[M::mem_pestat] (25, 50, 75) percentile: (154, 365, 1552)
[M::mem_pestat] low and high boundaries for computing mean and std.dev: (1, 4348)
[M::mem_pestat] mean and std.dev: (575.89, 624.22)
[M::mem_pestat] low and high boundaries for proper pairs: (1, 5746)
[M::mem_pestat] skip orientation FF
[M::mem_pestat] skip orientation RF
[M::mem_pestat] skip orientation RR
[M::mem_process_seqs] Processed 2813124 reads in 3083.069 CPU sec, 77.276 real sec
[M::process] read 2832306 sequences (400000146 bp)...
[M::mem_pestat] # candidate unique pairs for (FF, FR, RF, RR): (18, 720217, 69, 12)
[M::mem_pestat] analyzing insert size distribution for orientation FF...
[M::mem_pestat] (25, 50, 75) percentile: (162, 247, 6308)
[M::mem_pestat] low and high boundaries for computing mean and std.dev: (1, 18600)
[M::mem_pestat] mean and std.dev: (2883.50, 3602.78)
[M::mem_pestat] low and high boundaries for proper pairs: (1, 24746)
[M::mem_pestat] analyzing insert size distribution for orientation FR...
[M::mem_pestat] (25, 50, 75) percentile: (181, 222, 305)
[M::mem_pestat] low and high boundaries for computing mean and std.dev: (1, 553)
[M::mem_pestat] mean and std.dev: (243.76, 85.85)
[M::mem_pestat] low and high boundaries for proper pairs: (1, 677)
[M::mem_pestat] analyzing insert size distribution for orientation RF...
[M::mem_pestat] (25, 50, 75) percentile: (127, 664, 2236)
[M::mem_pestat] low and high boundaries for computing mean and std.dev: (1, 6454)
[M::mem_pestat] mean and std.dev: (971.12, 1021.68)
[M::mem_pestat] low and high boundaries for proper pairs: (1, 8563)
[M::mem_pestat] analyzing insert size distribution for orientation RR...
[M::mem_pestat] (25, 50, 75) percentile: (1422, 2321, 7041)
[M::mem_pestat] low and high boundaries for computing mean and std.dev: (1, 18279)
[M::mem_pestat] mean and std.dev: (3338.92, 2780.34)
[M::mem_pestat] low and high boundaries for proper pairs: (1, 23898)
[M::mem_pestat] skip orientation FF
[M::mem_pestat] skip orientation RF
[M::mem_pestat] skip orientation RR
[M::mem_process_seqs] Processed 2809016 reads in 3089.560 CPU sec, 77.340 real sec
[M::process] read 2834154 sequences (400000032 bp)...
[M::mem_pestat] # candidate unique pairs for (FF, FR, RF, RR): (9, 717471, 81, 8)
[M::mem_pestat] skip orientation FF as there are not enough pairs
[M::mem_pestat] analyzing insert size distribution for orientation FR...
[M::mem_pestat] (25, 50, 75) percentile: (182, 223, 308)
[M::mem_pestat] low and high boundaries for computing mean and std.dev: (1, 560)
[M::mem_pestat] mean and std.dev: (245.54, 86.95)
[M::mem_pestat] low and high boundaries for proper pairs: (1, 686)
[M::mem_pestat] analyzing insert size distribution for orientation RF...
[M::mem_pestat] (25, 50, 75) percentile: (98, 364, 1234)
[M::mem_pestat] low and high boundaries for computing mean and std.dev: (1, 3506)
[M::mem_pestat] mean and std.dev: (607.44, 780.47)
[M::mem_pestat] low and high boundaries for proper pairs: (1, 4642)
[M::mem_pestat] skip orientation RR as there are not enough pairs
[M::mem_pestat] skip orientation RF
[M::mem_process_seqs] Processed 2832306 reads in 3135.851 CPU sec, 78.833 real sec
[M::process] read 2836746 sequences (400000299 bp)...
[M::mem_pestat] # candidate unique pairs for (FF, FR, RF, RR): (8, 720213, 80, 14)
[M::mem_pestat] skip orientation FF as there are not enough pairs
[M::mem_pestat] analyzing insert size distribution for orientation FR...
[M::mem_pestat] (25, 50, 75) percentile: (181, 222, 308)
[M::mem_pestat] low and high boundaries for computing mean and std.dev: (1, 562)
[M::mem_pestat] mean and std.dev: (245.25, 87.04)
[M::mem_pestat] low and high boundaries for proper pairs: (1, 689)
[M::mem_pestat] analyzing insert size distribution for orientation RF...
[M::mem_pestat] (25, 50, 75) percentile: (222, 526, 2154)
[M::mem_pestat] low and high boundaries for computing mean and std.dev: (1, 6018)
[M::mem_pestat] mean and std.dev: (1188.23, 1438.37)
[M::mem_pestat] low and high boundaries for proper pairs: (1, 7950)
[M::mem_pestat] analyzing insert size distribution for orientation RR...
[M::mem_pestat] (25, 50, 75) percentile: (113, 225, 531)
[M::mem_pestat] low and high boundaries for computing mean and std.dev: (1, 1367)
[M::mem_pestat] mean and std.dev: (257.33, 211.62)
[M::mem_pestat] low and high boundaries for proper pairs: (1, 1785)
[M::mem_pestat] skip orientation RF
[M::mem_pestat] skip orientation RR
[M::mem_process_seqs] Processed 2834154 reads in 3123.204 CPU sec, 78.287 real sec
[M::process] read 2841020 sequences (400000099 bp)...
[M::mem_pestat] # candidate unique pairs for (FF, FR, RF, RR): (8, 719034, 58, 14)
[M::mem_pestat] skip orientation FF as there are not enough pairs
[M::mem_pestat] analyzing insert size distribution for orientation FR...
[M::mem_pestat] (25, 50, 75) percentile: (182, 222, 308)
[M::mem_pestat] low and high boundaries for computing mean and std.dev: (1, 560)
[M::mem_pestat] mean and std.dev: (245.27, 87.07)
[M::mem_pestat] low and high boundaries for proper pairs: (1, 686)
[M::mem_pestat] analyzing insert size distribution for orientation RF...
[M::mem_pestat] (25, 50, 75) percentile: (151, 477, 1875)
[M::mem_pestat] low and high boundaries for computing mean and std.dev: (1, 5323)
[M::mem_pestat] mean and std.dev: (949.15, 1256.08)
[M::mem_pestat] low and high boundaries for proper pairs: (1, 7047)
[M::mem_pestat] analyzing insert size distribution for orientation RR...
[M::mem_pestat] (25, 50, 75) percentile: (256, 728, 2126)
[M::mem_pestat] low and high boundaries for computing mean and std.dev: (1, 5866)
[M::mem_pestat] mean and std.dev: (1432.50, 1731.23)
[M::mem_pestat] low and high boundaries for proper pairs: (1, 8357)
[M::mem_pestat] skip orientation RF
[M::mem_pestat] skip orientation RR
[M::mem_process_seqs] Processed 2836746 reads in 3290.476 CPU sec, 82.536 real sec
[M::process] read 2830728 sequences (400000047 bp)...
[M::mem_pestat] # candidate unique pairs for (FF, FR, RF, RR): (16, 720579, 76, 6)
[M::mem_pestat] analyzing insert size distribution for orientation FF...
[M::mem_pestat] (25, 50, 75) percentile: (74, 473, 2926)
[M::mem_pestat] low and high boundaries for computing mean and std.dev: (1, 8630)
[M::mem_pestat] mean and std.dev: (1184.19, 1392.48)
[M::mem_pestat] low and high boundaries for proper pairs: (1, 11482)
[M::mem_pestat] analyzing insert size distribution for orientation FR...
[M::mem_pestat] (25, 50, 75) percentile: (182, 222, 307)
[M::mem_pestat] low and high boundaries for computing mean and std.dev: (1, 557)
[M::mem_pestat] mean and std.dev: (245.18, 86.86)
[M::mem_pestat] low and high boundaries for proper pairs: (1, 682)
[M::mem_pestat] analyzing insert size distribution for orientation RF...
[M::mem_pestat] (25, 50, 75) percentile: (184, 392, 1155)
[M::mem_pestat] low and high boundaries for computing mean and std.dev: (1, 3097)
[M::mem_pestat] mean and std.dev: (656.63, 733.91)
[M::mem_pestat] low and high boundaries for proper pairs: (1, 4068)
[M::mem_pestat] skip orientation RR as there are not enough pairs
[M::mem_pestat] skip orientation FF
[M::mem_pestat] skip orientation RF
[M::mem_process_seqs] Processed 2841020 reads in 3548.678 CPU sec, 88.928 real sec
[M::process] read 2839502 sequences (400000275 bp)...
[M::mem_pestat] # candidate unique pairs for (FF, FR, RF, RR): (13, 719741, 80, 11)
[M::mem_pestat] analyzing insert size distribution for orientation FF...
[M::mem_pestat] (25, 50, 75) percentile: (160, 237, 3491)
[M::mem_pestat] low and high boundaries for computing mean and std.dev: (1, 10153)
[M::mem_pestat] mean and std.dev: (2018.85, 2260.32)
[M::mem_pestat] low and high boundaries for proper pairs: (1, 13484)
[M::mem_pestat] analyzing insert size distribution for orientation FR...
[M::mem_pestat] (25, 50, 75) percentile: (182, 222, 307)
[M::mem_pestat] low and high boundaries for computing mean and std.dev: (1, 557)
[M::mem_pestat] mean and std.dev: (245.17, 86.65)
[M::mem_pestat] low and high boundaries for proper pairs: (1, 682)
[M::mem_pestat] analyzing insert size distribution for orientation RF...
[M::mem_pestat] (25, 50, 75) percentile: (128, 519, 2452)
[M::mem_pestat] low and high boundaries for computing mean and std.dev: (1, 7100)
[M::mem_pestat] mean and std.dev: (1278.72, 1628.00)
[M::mem_pestat] low and high boundaries for proper pairs: (1, 9424)
[M::mem_pestat] analyzing insert size distribution for orientation RR...
[M::mem_pestat] (25, 50, 75) percentile: (474, 474, 1465)
[M::mem_pestat] low and high boundaries for computing mean and std.dev: (1, 3447)
[M::mem_pestat] mean and std.dev: (678.80, 534.85)
[M::mem_pestat] low and high boundaries for proper pairs: (1, 4438)
[M::mem_pestat] skip orientation FF
[M::mem_pestat] skip orientation RF
[M::mem_pestat] skip orientation RR
[M::mem_process_seqs] Processed 2830728 reads in 3328.222 CPU sec, 83.419 real sec
[M::process] read 2821694 sequences (400000053 bp)...
[M::mem_pestat] # candidate unique pairs for (FF, FR, RF, RR): (10, 719628, 76, 12)
[M::mem_pestat] analyzing insert size distribution for orientation FF...
[M::mem_pestat] (25, 50, 75) percentile: (145, 287, 1905)
[M::mem_pestat] low and high boundaries for computing mean and std.dev: (1, 5425)
[M::mem_pestat] mean and std.dev: (604.33, 735.55)
[M::mem_pestat] low and high boundaries for proper pairs: (1, 7185)
[M::mem_pestat] analyzing insert size distribution for orientation FR...
[M::mem_pestat] (25, 50, 75) percentile: (181, 222, 307)
[M::mem_pestat] low and high boundaries for computing mean and std.dev: (1, 559)
[M::mem_pestat] mean and std.dev: (244.79, 86.94)
[M::mem_pestat] low and high boundaries for proper pairs: (1, 685)
[M::mem_pestat] analyzing insert size distribution for orientation RF...
[M::mem_pestat] (25, 50, 75) percentile: (226, 1056, 2452)
[M::mem_pestat] low and high boundaries for computing mean and std.dev: (1, 6904)
[M::mem_pestat] mean and std.dev: (1165.97, 1309.82)
[M::mem_pestat] low and high boundaries for proper pairs: (1, 9130)
[M::mem_pestat] analyzing insert size distribution for orientation RR...
[M::mem_pestat] (25, 50, 75) percentile: (299, 426, 2697)
[M::mem_pestat] low and high boundaries for computing mean and std.dev: (1, 7493)
[M::mem_pestat] mean and std.dev: (1013.64, 1375.01)
[M::mem_pestat] low and high boundaries for proper pairs: (1, 9891)
[M::mem_pestat] skip orientation FF
[M::mem_pestat] skip orientation RF
[M::mem_pestat] skip orientation RR
[M::mem_process_seqs] Processed 2839502 reads in 3197.894 CPU sec, 80.170 real sec
[M::process] read 2798308 sequences (400000144 bp)...
[M::mem_pestat] # candidate unique pairs for (FF, FR, RF, RR): (15, 719985, 76, 13)
[M::mem_pestat] analyzing insert size distribution for orientation FF...
[M::mem_pestat] (25, 50, 75) percentile: (173, 301, 1467)
[M::mem_pestat] low and high boundaries for computing mean and std.dev: (1, 4055)
[M::mem_pestat] mean and std.dev: (456.00, 558.23)
[M::mem_pestat] low and high boundaries for proper pairs: (1, 5349)
[M::mem_pestat] analyzing insert size distribution for orientation FR...
[M::mem_pestat] (25, 50, 75) percentile: (182, 223, 309)
[M::mem_pestat] low and high boundaries for computing mean and std.dev: (1, 563)
[M::mem_pestat] mean and std.dev: (245.90, 87.45)
[M::mem_pestat] low and high boundaries for proper pairs: (1, 690)
[M::mem_pestat] analyzing insert size distribution for orientation RF...
[M::mem_pestat] (25, 50, 75) percentile: (288, 1230, 2417)
[M::mem_pestat] low and high boundaries for computing mean and std.dev: (1, 6675)
[M::mem_pestat] mean and std.dev: (1315.03, 1270.85)
[M::mem_pestat] low and high boundaries for proper pairs: (1, 8804)
[M::mem_pestat] analyzing insert size distribution for orientation RR...
[M::mem_pestat] (25, 50, 75) percentile: (283, 330, 2663)
[M::mem_pestat] low and high boundaries for computing mean and std.dev: (1, 7423)
[M::mem_pestat] mean and std.dev: (1339.46, 1417.00)
[M::mem_pestat] low and high boundaries for proper pairs: (1, 9803)
[M::mem_pestat] skip orientation FF
[M::mem_pestat] skip orientation RF
[M::mem_pestat] skip orientation RR
[M::mem_process_seqs] Processed 2821694 reads in 3104.004 CPU sec, 77.865 real sec
[M::process] read 2797406 sequences (400000194 bp)...
[M::mem_pestat] # candidate unique pairs for (FF, FR, RF, RR): (10, 717063, 74, 9)
[M::mem_pestat] analyzing insert size distribution for orientation FF...
[M::mem_pestat] (25, 50, 75) percentile: (127, 1205, 2662)
[M::mem_pestat] low and high boundaries for computing mean and std.dev: (1, 7732)
[M::mem_pestat] mean and std.dev: (1548.50, 1746.88)
[M::mem_pestat] low and high boundaries for proper pairs: (1, 10267)
[M::mem_pestat] analyzing insert size distribution for orientation FR...
[M::mem_pestat] (25, 50, 75) percentile: (183, 224, 311)
[M::mem_pestat] low and high boundaries for computing mean and std.dev: (1, 567)
[M::mem_pestat] mean and std.dev: (247.31, 87.74)
[M::mem_pestat] low and high boundaries for proper pairs: (1, 695)
[M::mem_pestat] analyzing insert size distribution for orientation RF...
[M::mem_pestat] (25, 50, 75) percentile: (223, 486, 1870)
[M::mem_pestat] low and high boundaries for computing mean and std.dev: (1, 5164)
[M::mem_pestat] mean and std.dev: (934.11, 1068.91)
[M::mem_pestat] low and high boundaries for proper pairs: (1, 6811)
[M::mem_pestat] skip orientation RR as there are not enough pairs
[M::mem_pestat] skip orientation FF
[M::mem_pestat] skip orientation RF
[M::mem_process_seqs] Processed 2798308 reads in 3090.606 CPU sec, 77.481 real sec
[M::process] read 2795914 sequences (400000091 bp)...
[M::mem_pestat] # candidate unique pairs for (FF, FR, RF, RR): (9, 716648, 74, 5)
[M::mem_pestat] skip orientation FF as there are not enough pairs
[M::mem_pestat] analyzing insert size distribution for orientation FR...
[M::mem_pestat] (25, 50, 75) percentile: (182, 224, 311)
[M::mem_pestat] low and high boundaries for computing mean and std.dev: (1, 569)
[M::mem_pestat] mean and std.dev: (247.34, 87.82)
[M::mem_pestat] low and high boundaries for proper pairs: (1, 698)
[M::mem_pestat] analyzing insert size distribution for orientation RF...
[M::mem_pestat] (25, 50, 75) percentile: (205, 975, 2467)
[M::mem_pestat] low and high boundaries for computing mean and std.dev: (1, 6991)
[M::mem_pestat] mean and std.dev: (1589.48, 1898.91)
[M::mem_pestat] low and high boundaries for proper pairs: (1, 9253)
[M::mem_pestat] skip orientation RR as there are not enough pairs
[M::mem_pestat] skip orientation RF
[M::mem_process_seqs] Processed 2797406 reads in 3101.958 CPU sec, 77.590 real sec
[M::process] read 2794302 sequences (400000179 bp)...
[M::mem_pestat] # candidate unique pairs for (FF, FR, RF, RR): (13, 714382, 89, 9)
[M::mem_pestat] analyzing insert size distribution for orientation FF...
[M::mem_pestat] (25, 50, 75) percentile: (124, 5254, 9343)
[M::mem_pestat] low and high boundaries for computing mean and std.dev: (1, 27781)
[M::mem_pestat] mean and std.dev: (4401.23, 3774.71)
[M::mem_pestat] low and high boundaries for proper pairs: (1, 37000)
[M::mem_pestat] analyzing insert size distribution for orientation FR...
[M::mem_pestat] (25, 50, 75) percentile: (183, 226, 314)
[M::mem_pestat] low and high boundaries for computing mean and std.dev: (1, 576)
[M::mem_pestat] mean and std.dev: (249.06, 88.42)
[M::mem_pestat] low and high boundaries for proper pairs: (1, 707)
[M::mem_pestat] analyzing insert size distribution for orientation RF...
[M::mem_pestat] (25, 50, 75) percentile: (108, 458, 2214)
[M::mem_pestat] low and high boundaries for computing mean and std.dev: (1, 6426)
[M::mem_pestat] mean and std.dev: (967.33, 1113.61)
[M::mem_pestat] low and high boundaries for proper pairs: (1, 8532)
[M::mem_pestat] skip orientation RR as there are not enough pairs
[M::mem_pestat] skip orientation FF
[M::mem_pestat] skip orientation RF
[M::mem_process_seqs] Processed 2795914 reads in 3119.729 CPU sec, 78.419 real sec
[M::process] read 2807676 sequences (400000064 bp)...
[M::mem_pestat] # candidate unique pairs for (FF, FR, RF, RR): (8, 716584, 89, 5)
[M::mem_pestat] skip orientation FF as there are not enough pairs
[M::mem_pestat] analyzing insert size distribution for orientation FR...
[M::mem_pestat] (25, 50, 75) percentile: (183, 226, 313)
[M::mem_pestat] low and high boundaries for computing mean and std.dev: (1, 573)
[M::mem_pestat] mean and std.dev: (248.70, 88.45)
[M::mem_pestat] low and high boundaries for proper pairs: (1, 703)
[M::mem_pestat] analyzing insert size distribution for orientation RF...
[M::mem_pestat] (25, 50, 75) percentile: (143, 528, 1398)
[M::mem_pestat] low and high boundaries for computing mean and std.dev: (1, 3908)
[M::mem_pestat] mean and std.dev: (761.05, 890.78)
[M::mem_pestat] low and high boundaries for proper pairs: (1, 5163)
[M::mem_pestat] skip orientation RR as there are not enough pairs
[M::mem_pestat] skip orientation RF
[M::mem_process_seqs] Processed 2794302 reads in 3104.361 CPU sec, 77.832 real sec
[M::process] read 2814760 sequences (400000297 bp)...
[M::mem_pestat] # candidate unique pairs for (FF, FR, RF, RR): (11, 712820, 73, 18)
[M::mem_pestat] analyzing insert size distribution for orientation FF...
[M::mem_pestat] (25, 50, 75) percentile: (228, 228, 2681)
[M::mem_pestat] low and high boundaries for computing mean and std.dev: (1, 7587)
[M::mem_pestat] mean and std.dev: (1128.90, 1944.98)
[M::mem_pestat] low and high boundaries for proper pairs: (1, 10040)
[M::mem_pestat] analyzing insert size distribution for orientation FR...
[M::mem_pestat] (25, 50, 75) percentile: (185, 229, 318)
[M::mem_pestat] low and high boundaries for computing mean and std.dev: (1, 584)
[M::mem_pestat] mean and std.dev: (251.67, 89.19)
[M::mem_pestat] low and high boundaries for proper pairs: (1, 717)
[M::mem_pestat] analyzing insert size distribution for orientation RF...
[M::mem_pestat] (25, 50, 75) percentile: (110, 803, 2348)
[M::mem_pestat] low and high boundaries for computing mean and std.dev: (1, 6824)
[M::mem_pestat] mean and std.dev: (1156.52, 1246.25)
[M::mem_pestat] low and high boundaries for proper pairs: (1, 9062)
[M::mem_pestat] analyzing insert size distribution for orientation RR...
[M::mem_pestat] (25, 50, 75) percentile: (148, 3033, 6562)
[M::mem_pestat] low and high boundaries for computing mean and std.dev: (1, 19390)
[M::mem_pestat] mean and std.dev: (3453.28, 3365.50)
[M::mem_pestat] low and high boundaries for proper pairs: (1, 25804)
[M::mem_pestat] skip orientation FF
[M::mem_pestat] skip orientation RF
[M::mem_pestat] skip orientation RR
[M::mem_process_seqs] Processed 2807676 reads in 3287.946 CPU sec, 82.430 real sec
[M::process] read 2812104 sequences (400000089 bp)...
[M::mem_pestat] # candidate unique pairs for (FF, FR, RF, RR): (8, 715085, 79, 13)
[M::mem_pestat] skip orientation FF as there are not enough pairs
[M::mem_pestat] analyzing insert size distribution for orientation FR...
[M::mem_pestat] (25, 50, 75) percentile: (184, 227, 316)
[M::mem_pestat] low and high boundaries for computing mean and std.dev: (1, 580)
[M::mem_pestat] mean and std.dev: (250.45, 89.14)
[M::mem_pestat] low and high boundaries for proper pairs: (1, 712)
[M::mem_pestat] analyzing insert size distribution for orientation RF...
[M::mem_pestat] (25, 50, 75) percentile: (223, 691, 2522)
[M::mem_pestat] low and high boundaries for computing mean and std.dev: (1, 7120)
[M::mem_pestat] mean and std.dev: (1431.70, 1767.97)
[M::mem_pestat] low and high boundaries for proper pairs: (1, 9419)
[M::mem_pestat] analyzing insert size distribution for orientation RR...
[M::mem_pestat] (25, 50, 75) percentile: (113, 255, 6623)
[M::mem_pestat] low and high boundaries for computing mean and std.dev: (1, 19643)
[M::mem_pestat] mean and std.dev: (2468.46, 3167.46)
[M::mem_pestat] low and high boundaries for proper pairs: (1, 26153)
[M::mem_pestat] skip orientation RF
[M::mem_pestat] skip orientation RR
[M::mem_process_seqs] Processed 2814760 reads in 3213.098 CPU sec, 80.403 real sec
[M::process] read 2813140 sequences (400000109 bp)...
[M::mem_pestat] # candidate unique pairs for (FF, FR, RF, RR): (10, 713374, 77, 10)
[M::mem_pestat] analyzing insert size distribution for orientation FF...
[M::mem_pestat] (25, 50, 75) percentile: (173, 245, 428)
[M::mem_pestat] low and high boundaries for computing mean and std.dev: (1, 938)
[M::mem_pestat] mean and std.dev: (286.44, 191.14)
[M::mem_pestat] low and high boundaries for proper pairs: (1, 1193)
[M::mem_pestat] analyzing insert size distribution for orientation FR...
[M::mem_pestat] (25, 50, 75) percentile: (184, 228, 318)
[M::mem_pestat] low and high boundaries for computing mean and std.dev: (1, 586)
[M::mem_pestat] mean and std.dev: (251.66, 89.76)
[M::mem_pestat] low and high boundaries for proper pairs: (1, 720)
[M::mem_pestat] analyzing insert size distribution for orientation RF...
[M::mem_pestat] (25, 50, 75) percentile: (132, 786, 2404)
[M::mem_pestat] low and high boundaries for computing mean and std.dev: (1, 6948)
[M::mem_pestat] mean and std.dev: (1127.81, 1597.44)
[M::mem_pestat] low and high boundaries for proper pairs: (1, 9220)
[M::mem_pestat] analyzing insert size distribution for orientation RR...
[M::mem_pestat] (25, 50, 75) percentile: (292, 300, 1839)
[M::mem_pestat] low and high boundaries for computing mean and std.dev: (1, 4933)
[M::mem_pestat] mean and std.dev: (1058.30, 1257.66)
[M::mem_pestat] low and high boundaries for proper pairs: (1, 6480)
[M::mem_pestat] skip orientation FF
[M::mem_pestat] skip orientation RF
[M::mem_pestat] skip orientation RR
[M::mem_process_seqs] Processed 2812104 reads in 3425.399 CPU sec, 91.581 real sec
[M::process] read 2362524 sequences (337370953 bp)...
[M::mem_pestat] # candidate unique pairs for (FF, FR, RF, RR): (10, 712956, 77, 10)
[M::mem_pestat] analyzing insert size distribution for orientation FF...
[M::mem_pestat] (25, 50, 75) percentile: (111, 406, 2578)
[M::mem_pestat] low and high boundaries for computing mean and std.dev: (1, 7512)
[M::mem_pestat] mean and std.dev: (708.88, 947.01)
[M::mem_pestat] low and high boundaries for proper pairs: (1, 9979)
[M::mem_pestat] analyzing insert size distribution for orientation FR...
[M::mem_pestat] (25, 50, 75) percentile: (184, 228, 319)
[M::mem_pestat] low and high boundaries for computing mean and std.dev: (1, 589)
[M::mem_pestat] mean and std.dev: (252.01, 89.99)
[M::mem_pestat] low and high boundaries for proper pairs: (1, 724)
[M::mem_pestat] analyzing insert size distribution for orientation RF...
[M::mem_pestat] (25, 50, 75) percentile: (128, 564, 1302)
[M::mem_pestat] low and high boundaries for computing mean and std.dev: (1, 3650)
[M::mem_pestat] mean and std.dev: (751.51, 782.35)
[M::mem_pestat] low and high boundaries for proper pairs: (1, 4824)
[M::mem_pestat] analyzing insert size distribution for orientation RR...
[M::mem_pestat] (25, 50, 75) percentile: (369, 824, 4665)
[M::mem_pestat] low and high boundaries for computing mean and std.dev: (1, 13257)
[M::mem_pestat] mean and std.dev: (2206.40, 2966.21)
[M::mem_pestat] low and high boundaries for proper pairs: (1, 17553)
[M::mem_pestat] skip orientation FF
[M::mem_pestat] skip orientation RF
[M::mem_pestat] skip orientation RR
[M::mem_process_seqs] Processed 2813140 reads in 3191.576 CPU sec, 79.920 real sec
[M::mem_pestat] # candidate unique pairs for (FF, FR, RF, RR): (8, 599257, 65, 10)
[M::mem_pestat] skip orientation FF as there are not enough pairs
[M::mem_pestat] analyzing insert size distribution for orientation FR...
[M::mem_pestat] (25, 50, 75) percentile: (185, 231, 323)
[M::mem_pestat] low and high boundaries for computing mean and std.dev: (1, 599)
[M::mem_pestat] mean and std.dev: (254.39, 91.54)
[M::mem_pestat] low and high boundaries for proper pairs: (1, 737)
[M::mem_pestat] analyzing insert size distribution for orientation RF...
[M::mem_pestat] (25, 50, 75) percentile: (223, 926, 1148)
[M::mem_pestat] low and high boundaries for computing mean and std.dev: (1, 2998)
[M::mem_pestat] mean and std.dev: (725.38, 531.88)
[M::mem_pestat] low and high boundaries for proper pairs: (1, 3923)
[M::mem_pestat] analyzing insert size distribution for orientation RR...
[M::mem_pestat] (25, 50, 75) percentile: (194, 1785, 2913)
[M::mem_pestat] low and high boundaries for computing mean and std.dev: (1, 8351)
[M::mem_pestat] mean and std.dev: (1655.67, 1735.16)
[M::mem_pestat] low and high boundaries for proper pairs: (1, 11070)
[M::mem_pestat] skip orientation RF
[M::mem_pestat] skip orientation RR
[M::mem_process_seqs] Processed 2362524 reads in 2664.954 CPU sec, 66.998 real sec
[main] Version: 0.7.17-r1188
[main] CMD: /home/shared/bwa-0.7.17/bwa mem -M -t 40 ../data/bwa-GCF_031168955.1_ASM3116895v1_genomic ../data/trimmed-fastqs-heatwave-genetics/MHW058_trimmed_clipped_R1_paired.fq.gz ../data/trimmed-fastqs-heatwave-genetics/MHW058_trimmed_clipped_R2_paired.fq.gz
[main] Real time: 2846.609 sec; CPU: 112666.332 sec
