[M::bwa_idx_load_from_disk] read 0 ALT contigs
[M::process] read 3109048 sequences (400000087 bp)...
[M::process] read 3103708 sequences (400000167 bp)...
[M::mem_pestat] # candidate unique pairs for (FF, FR, RF, RR): (1, 771309, 36, 5)
[M::mem_pestat] skip orientation FF as there are not enough pairs
[M::mem_pestat] analyzing insert size distribution for orientation FR...
[M::mem_pestat] (25, 50, 75) percentile: (120, 151, 187)
[M::mem_pestat] low and high boundaries for computing mean and std.dev: (1, 321)
[M::mem_pestat] mean and std.dev: (154.59, 50.19)
[M::mem_pestat] low and high boundaries for proper pairs: (1, 388)
[M::mem_pestat] analyzing insert size distribution for orientation RF...
[M::mem_pestat] (25, 50, 75) percentile: (223, 922, 3912)
[M::mem_pestat] low and high boundaries for computing mean and std.dev: (1, 11290)
[M::mem_pestat] mean and std.dev: (2252.19, 2635.81)
[M::mem_pestat] low and high boundaries for proper pairs: (1, 14979)
[M::mem_pestat] skip orientation RR as there are not enough pairs
[M::mem_pestat] skip orientation RF
[M::mem_process_seqs] Processed 3109048 reads in 3501.274 CPU sec, 87.811 real sec
[M::process] read 3119216 sequences (400000150 bp)...
[M::mem_pestat] # candidate unique pairs for (FF, FR, RF, RR): (7, 770529, 23, 18)
[M::mem_pestat] skip orientation FF as there are not enough pairs
[M::mem_pestat] analyzing insert size distribution for orientation FR...
[M::mem_pestat] (25, 50, 75) percentile: (120, 152, 188)
[M::mem_pestat] low and high boundaries for computing mean and std.dev: (1, 324)
[M::mem_pestat] mean and std.dev: (155.24, 50.52)
[M::mem_pestat] low and high boundaries for proper pairs: (1, 392)
[M::mem_pestat] analyzing insert size distribution for orientation RF...
[M::mem_pestat] (25, 50, 75) percentile: (65, 223, 1207)
[M::mem_pestat] low and high boundaries for computing mean and std.dev: (1, 3491)
[M::mem_pestat] mean and std.dev: (593.41, 775.92)
[M::mem_pestat] low and high boundaries for proper pairs: (1, 4633)
[M::mem_pestat] analyzing insert size distribution for orientation RR...
[M::mem_pestat] (25, 50, 75) percentile: (118, 197, 1967)
[M::mem_pestat] low and high boundaries for computing mean and std.dev: (1, 5665)
[M::mem_pestat] mean and std.dev: (776.38, 1356.13)
[M::mem_pestat] low and high boundaries for proper pairs: (1, 7514)
[M::mem_pestat] skip orientation RF
[M::mem_pestat] skip orientation RR
[M::mem_process_seqs] Processed 3103708 reads in 3591.006 CPU sec, 90.118 real sec
[M::process] read 3115742 sequences (400000012 bp)...
[M::mem_pestat] # candidate unique pairs for (FF, FR, RF, RR): (6, 763631, 21, 3)
[M::mem_pestat] skip orientation FF as there are not enough pairs
[M::mem_pestat] analyzing insert size distribution for orientation FR...
[M::mem_pestat] (25, 50, 75) percentile: (121, 153, 189)
[M::mem_pestat] low and high boundaries for computing mean and std.dev: (1, 325)
[M::mem_pestat] mean and std.dev: (156.24, 50.95)
[M::mem_pestat] low and high boundaries for proper pairs: (1, 393)
[M::mem_pestat] analyzing insert size distribution for orientation RF...
[M::mem_pestat] (25, 50, 75) percentile: (223, 324, 1511)
[M::mem_pestat] low and high boundaries for computing mean and std.dev: (1, 4087)
[M::mem_pestat] mean and std.dev: (572.44, 656.23)
[M::mem_pestat] low and high boundaries for proper pairs: (1, 5375)
[M::mem_pestat] skip orientation RR as there are not enough pairs
[M::mem_pestat] skip orientation RF
[M::mem_process_seqs] Processed 3119216 reads in 3588.935 CPU sec, 90.103 real sec
[M::process] read 3102862 sequences (400000119 bp)...
[M::mem_pestat] # candidate unique pairs for (FF, FR, RF, RR): (9, 763885, 24, 5)
[M::mem_pestat] skip orientation FF as there are not enough pairs
[M::mem_pestat] analyzing insert size distribution for orientation FR...
[M::mem_pestat] (25, 50, 75) percentile: (121, 153, 189)
[M::mem_pestat] low and high boundaries for computing mean and std.dev: (1, 325)
[M::mem_pestat] mean and std.dev: (156.53, 51.11)
[M::mem_pestat] low and high boundaries for proper pairs: (1, 393)
[M::mem_pestat] analyzing insert size distribution for orientation RF...
[M::mem_pestat] (25, 50, 75) percentile: (133, 500, 2914)
[M::mem_pestat] low and high boundaries for computing mean and std.dev: (1, 8476)
[M::mem_pestat] mean and std.dev: (1036.05, 1212.24)
[M::mem_pestat] low and high boundaries for proper pairs: (1, 11257)
[M::mem_pestat] skip orientation RR as there are not enough pairs
[M::mem_pestat] skip orientation RF
[M::mem_process_seqs] Processed 3115742 reads in 3655.756 CPU sec, 91.795 real sec
[M::process] read 3101488 sequences (400000258 bp)...
[M::mem_pestat] # candidate unique pairs for (FF, FR, RF, RR): (8, 768127, 34, 5)
[M::mem_pestat] skip orientation FF as there are not enough pairs
[M::mem_pestat] analyzing insert size distribution for orientation FR...
[M::mem_pestat] (25, 50, 75) percentile: (121, 152, 188)
[M::mem_pestat] low and high boundaries for computing mean and std.dev: (1, 322)
[M::mem_pestat] mean and std.dev: (155.31, 50.55)
[M::mem_pestat] low and high boundaries for proper pairs: (1, 389)
[M::mem_pestat] analyzing insert size distribution for orientation RF...
[M::mem_pestat] (25, 50, 75) percentile: (58, 223, 2428)
[M::mem_pestat] low and high boundaries for computing mean and std.dev: (1, 7168)
[M::mem_pestat] mean and std.dev: (1562.74, 2304.78)
[M::mem_pestat] low and high boundaries for proper pairs: (1, 10782)
[M::mem_pestat] skip orientation RR as there are not enough pairs
[M::mem_pestat] skip orientation RF
[M::mem_process_seqs] Processed 3102862 reads in 3624.043 CPU sec, 90.923 real sec
[M::process] read 3117112 sequences (400000123 bp)...
[M::mem_pestat] # candidate unique pairs for (FF, FR, RF, RR): (6, 767154, 31, 6)
[M::mem_pestat] skip orientation FF as there are not enough pairs
[M::mem_pestat] analyzing insert size distribution for orientation FR...
[M::mem_pestat] (25, 50, 75) percentile: (120, 152, 188)
[M::mem_pestat] low and high boundaries for computing mean and std.dev: (1, 324)
[M::mem_pestat] mean and std.dev: (155.36, 50.66)
[M::mem_pestat] low and high boundaries for proper pairs: (1, 392)
[M::mem_pestat] analyzing insert size distribution for orientation RF...
[M::mem_pestat] (25, 50, 75) percentile: (105, 286, 5120)
[M::mem_pestat] low and high boundaries for computing mean and std.dev: (1, 15150)
[M::mem_pestat] mean and std.dev: (2619.74, 3257.90)
[M::mem_pestat] low and high boundaries for proper pairs: (1, 20165)
[M::mem_pestat] skip orientation RR as there are not enough pairs
[M::mem_pestat] skip orientation RF
[M::mem_process_seqs] Processed 3101488 reads in 3619.153 CPU sec, 90.821 real sec
[M::process] read 3113728 sequences (400000126 bp)...
[M::mem_pestat] # candidate unique pairs for (FF, FR, RF, RR): (7, 761422, 27, 12)
[M::mem_pestat] skip orientation FF as there are not enough pairs
[M::mem_pestat] analyzing insert size distribution for orientation FR...
[M::mem_pestat] (25, 50, 75) percentile: (121, 153, 190)
[M::mem_pestat] low and high boundaries for computing mean and std.dev: (1, 328)
[M::mem_pestat] mean and std.dev: (156.84, 51.47)
[M::mem_pestat] low and high boundaries for proper pairs: (1, 397)
[M::mem_pestat] analyzing insert size distribution for orientation RF...
[M::mem_pestat] (25, 50, 75) percentile: (124, 783, 2512)
[M::mem_pestat] low and high boundaries for computing mean and std.dev: (1, 7288)
[M::mem_pestat] mean and std.dev: (1343.76, 1741.26)
[M::mem_pestat] low and high boundaries for proper pairs: (1, 9676)
[M::mem_pestat] analyzing insert size distribution for orientation RR...
[M::mem_pestat] (25, 50, 75) percentile: (149, 238, 728)
[M::mem_pestat] low and high boundaries for computing mean and std.dev: (1, 1886)
[M::mem_pestat] mean and std.dev: (226.00, 181.32)
[M::mem_pestat] low and high boundaries for proper pairs: (1, 2465)
[M::mem_pestat] skip orientation RF
[M::mem_pestat] skip orientation RR
[M::mem_process_seqs] Processed 3117112 reads in 3688.138 CPU sec, 92.740 real sec
[M::process] read 3083250 sequences (400000034 bp)...
[M::mem_pestat] # candidate unique pairs for (FF, FR, RF, RR): (10, 761408, 32, 9)
[M::mem_pestat] analyzing insert size distribution for orientation FF...
[M::mem_pestat] (25, 50, 75) percentile: (110, 144, 613)
[M::mem_pestat] low and high boundaries for computing mean and std.dev: (1, 1619)
[M::mem_pestat] mean and std.dev: (203.38, 177.38)
[M::mem_pestat] low and high boundaries for proper pairs: (1, 2122)
[M::mem_pestat] analyzing insert size distribution for orientation FR...
[M::mem_pestat] (25, 50, 75) percentile: (121, 153, 189)
[M::mem_pestat] low and high boundaries for computing mean and std.dev: (1, 325)
[M::mem_pestat] mean and std.dev: (156.48, 51.06)
[M::mem_pestat] low and high boundaries for proper pairs: (1, 393)
[M::mem_pestat] analyzing insert size distribution for orientation RF...
[M::mem_pestat] (25, 50, 75) percentile: (223, 403, 2742)
[M::mem_pestat] low and high boundaries for computing mean and std.dev: (1, 7780)
[M::mem_pestat] mean and std.dev: (1570.12, 1999.10)
[M::mem_pestat] low and high boundaries for proper pairs: (1, 10299)
[M::mem_pestat] skip orientation RR as there are not enough pairs
[M::mem_pestat] skip orientation FF
[M::mem_pestat] skip orientation RF
[M::mem_process_seqs] Processed 3113728 reads in 3952.864 CPU sec, 98.894 real sec
[M::process] read 3087814 sequences (400000235 bp)...
[M::mem_pestat] # candidate unique pairs for (FF, FR, RF, RR): (4, 759938, 28, 4)
[M::mem_pestat] skip orientation FF as there are not enough pairs
[M::mem_pestat] analyzing insert size distribution for orientation FR...
[M::mem_pestat] (25, 50, 75) percentile: (121, 152, 188)
[M::mem_pestat] low and high boundaries for computing mean and std.dev: (1, 322)
[M::mem_pestat] mean and std.dev: (155.53, 50.17)
[M::mem_pestat] low and high boundaries for proper pairs: (1, 389)
[M::mem_pestat] analyzing insert size distribution for orientation RF...
[M::mem_pestat] (25, 50, 75) percentile: (128, 345, 1486)
[M::mem_pestat] low and high boundaries for computing mean and std.dev: (1, 4202)
[M::mem_pestat] mean and std.dev: (573.04, 665.52)
[M::mem_pestat] low and high boundaries for proper pairs: (1, 5560)
[M::mem_pestat] skip orientation RR as there are not enough pairs
[M::mem_pestat] skip orientation RF
[M::mem_process_seqs] Processed 3083250 reads in 3602.546 CPU sec, 90.462 real sec
[M::process] read 1435260 sequences (186250031 bp)...
[M::mem_pestat] # candidate unique pairs for (FF, FR, RF, RR): (7, 756336, 28, 5)
[M::mem_pestat] skip orientation FF as there are not enough pairs
[M::mem_pestat] analyzing insert size distribution for orientation FR...
[M::mem_pestat] (25, 50, 75) percentile: (122, 153, 189)
[M::mem_pestat] low and high boundaries for computing mean and std.dev: (1, 323)
[M::mem_pestat] mean and std.dev: (156.44, 50.63)
[M::mem_pestat] low and high boundaries for proper pairs: (1, 390)
[M::mem_pestat] analyzing insert size distribution for orientation RF...
[M::mem_pestat] (25, 50, 75) percentile: (167, 717, 1687)
[M::mem_pestat] low and high boundaries for computing mean and std.dev: (1, 4727)
[M::mem_pestat] mean and std.dev: (835.88, 917.18)
[M::mem_pestat] low and high boundaries for proper pairs: (1, 6247)
[M::mem_pestat] skip orientation RR as there are not enough pairs
[M::mem_pestat] skip orientation RF
[M::mem_process_seqs] Processed 3087814 reads in 3690.509 CPU sec, 92.791 real sec
[M::mem_pestat] # candidate unique pairs for (FF, FR, RF, RR): (3, 350648, 16, 1)
[M::mem_pestat] skip orientation FF as there are not enough pairs
[M::mem_pestat] analyzing insert size distribution for orientation FR...
[M::mem_pestat] (25, 50, 75) percentile: (122, 153, 190)
[M::mem_pestat] low and high boundaries for computing mean and std.dev: (1, 326)
[M::mem_pestat] mean and std.dev: (156.97, 51.04)
[M::mem_pestat] low and high boundaries for proper pairs: (1, 394)
[M::mem_pestat] analyzing insert size distribution for orientation RF...
[M::mem_pestat] (25, 50, 75) percentile: (128, 413, 1158)
[M::mem_pestat] low and high boundaries for computing mean and std.dev: (1, 3218)
[M::mem_pestat] mean and std.dev: (539.60, 644.67)
[M::mem_pestat] low and high boundaries for proper pairs: (1, 4248)
[M::mem_pestat] skip orientation RR as there are not enough pairs
[M::mem_pestat] skip orientation RF
[M::mem_process_seqs] Processed 1435260 reads in 1717.791 CPU sec, 43.106 real sec
[main] Version: 0.7.17-r1188
[main] CMD: /home/shared/bwa-0.7.17/bwa mem -M -t 40 ../data/bwa-GCF_031168955.1_ASM3116895v1_genomic ../data/trimmed-fastqs-heatwave-genetics/MHW005_trimmed_clipped_R1_paired.fq.gz ../data/trimmed-fastqs-heatwave-genetics/MHW005_trimmed_clipped_R2_paired.fq.gz
[main] Real time: 968.501 sec; CPU: 38240.364 sec
