[M::bwa_idx_load_from_disk] read 0 ALT contigs
[M::process] read 2810862 sequences (400000113 bp)...
[M::process] read 2804682 sequences (400000175 bp)...
[M::mem_pestat] # candidate unique pairs for (FF, FR, RF, RR): (11, 688504, 78, 10)
[M::mem_pestat] analyzing insert size distribution for orientation FF...
[M::mem_pestat] (25, 50, 75) percentile: (194, 2581, 9172)
[M::mem_pestat] low and high boundaries for computing mean and std.dev: (1, 27128)
[M::mem_pestat] mean and std.dev: (4343.18, 4272.32)
[M::mem_pestat] low and high boundaries for proper pairs: (1, 36106)
[M::mem_pestat] analyzing insert size distribution for orientation FR...
[M::mem_pestat] (25, 50, 75) percentile: (184, 234, 312)
[M::mem_pestat] low and high boundaries for computing mean and std.dev: (1, 568)
[M::mem_pestat] mean and std.dev: (250.62, 90.77)
[M::mem_pestat] low and high boundaries for proper pairs: (1, 696)
[M::mem_pestat] analyzing insert size distribution for orientation RF...
[M::mem_pestat] (25, 50, 75) percentile: (159, 227, 1001)
[M::mem_pestat] low and high boundaries for computing mean and std.dev: (1, 2685)
[M::mem_pestat] mean and std.dev: (422.75, 557.29)
[M::mem_pestat] low and high boundaries for proper pairs: (1, 3527)
[M::mem_pestat] analyzing insert size distribution for orientation RR...
[M::mem_pestat] (25, 50, 75) percentile: (154, 1623, 3514)
[M::mem_pestat] low and high boundaries for computing mean and std.dev: (1, 10234)
[M::mem_pestat] mean and std.dev: (1819.20, 1897.57)
[M::mem_pestat] low and high boundaries for proper pairs: (1, 13594)
[M::mem_pestat] skip orientation FF
[M::mem_pestat] skip orientation RF
[M::mem_pestat] skip orientation RR
[M::mem_process_seqs] Processed 2810862 reads in 2992.140 CPU sec, 75.037 real sec
[M::process] read 2798478 sequences (400000202 bp)...
[M::mem_pestat] # candidate unique pairs for (FF, FR, RF, RR): (7, 680288, 58, 19)
[M::mem_pestat] skip orientation FF as there are not enough pairs
[M::mem_pestat] analyzing insert size distribution for orientation FR...
[M::mem_pestat] (25, 50, 75) percentile: (188, 240, 320)
[M::mem_pestat] low and high boundaries for computing mean and std.dev: (1, 584)
[M::mem_pestat] mean and std.dev: (256.50, 92.71)
[M::mem_pestat] low and high boundaries for proper pairs: (1, 716)
[M::mem_pestat] analyzing insert size distribution for orientation RF...
[M::mem_pestat] (25, 50, 75) percentile: (139, 760, 1771)
[M::mem_pestat] low and high boundaries for computing mean and std.dev: (1, 5035)
[M::mem_pestat] mean and std.dev: (1161.13, 1464.67)
[M::mem_pestat] low and high boundaries for proper pairs: (1, 7020)
[M::mem_pestat] analyzing insert size distribution for orientation RR...
[M::mem_pestat] (25, 50, 75) percentile: (467, 787, 4120)
[M::mem_pestat] low and high boundaries for computing mean and std.dev: (1, 11426)
[M::mem_pestat] mean and std.dev: (1791.63, 1685.86)
[M::mem_pestat] low and high boundaries for proper pairs: (1, 15079)
[M::mem_pestat] skip orientation RF
[M::mem_pestat] skip orientation RR
[M::mem_process_seqs] Processed 2804682 reads in 3099.044 CPU sec, 77.734 real sec
[M::process] read 2808568 sequences (400000076 bp)...
[M::mem_pestat] # candidate unique pairs for (FF, FR, RF, RR): (8, 674853, 69, 11)
[M::mem_pestat] skip orientation FF as there are not enough pairs
[M::mem_pestat] analyzing insert size distribution for orientation FR...
[M::mem_pestat] (25, 50, 75) percentile: (191, 245, 326)
[M::mem_pestat] low and high boundaries for computing mean and std.dev: (1, 596)
[M::mem_pestat] mean and std.dev: (261.07, 94.02)
[M::mem_pestat] low and high boundaries for proper pairs: (1, 731)
[M::mem_pestat] analyzing insert size distribution for orientation RF...
[M::mem_pestat] (25, 50, 75) percentile: (156, 252, 1502)
[M::mem_pestat] low and high boundaries for computing mean and std.dev: (1, 4194)
[M::mem_pestat] mean and std.dev: (722.34, 886.15)
[M::mem_pestat] low and high boundaries for proper pairs: (1, 5540)
[M::mem_pestat] analyzing insert size distribution for orientation RR...
[M::mem_pestat] (25, 50, 75) percentile: (234, 295, 2210)
[M::mem_pestat] low and high boundaries for computing mean and std.dev: (1, 6162)
[M::mem_pestat] mean and std.dev: (1129.60, 1779.77)
[M::mem_pestat] low and high boundaries for proper pairs: (1, 8249)
[M::mem_pestat] skip orientation RF
[M::mem_pestat] skip orientation RR
[M::mem_process_seqs] Processed 2798478 reads in 3131.969 CPU sec, 78.707 real sec
[M::process] read 2801498 sequences (400000041 bp)...
[M::mem_pestat] # candidate unique pairs for (FF, FR, RF, RR): (7, 684230, 70, 15)
[M::mem_pestat] skip orientation FF as there are not enough pairs
[M::mem_pestat] analyzing insert size distribution for orientation FR...
[M::mem_pestat] (25, 50, 75) percentile: (186, 236, 315)
[M::mem_pestat] low and high boundaries for computing mean and std.dev: (1, 573)
[M::mem_pestat] mean and std.dev: (252.72, 91.68)
[M::mem_pestat] low and high boundaries for proper pairs: (1, 702)
[M::mem_pestat] analyzing insert size distribution for orientation RF...
[M::mem_pestat] (25, 50, 75) percentile: (224, 716, 2465)
[M::mem_pestat] low and high boundaries for computing mean and std.dev: (1, 6947)
[M::mem_pestat] mean and std.dev: (1051.02, 1252.81)
[M::mem_pestat] low and high boundaries for proper pairs: (1, 9188)
[M::mem_pestat] analyzing insert size distribution for orientation RR...
[M::mem_pestat] (25, 50, 75) percentile: (550, 1725, 3258)
[M::mem_pestat] low and high boundaries for computing mean and std.dev: (1, 8674)
[M::mem_pestat] mean and std.dev: (2049.71, 2158.58)
[M::mem_pestat] low and high boundaries for proper pairs: (1, 11382)
[M::mem_pestat] skip orientation RF
[M::mem_pestat] skip orientation RR
[M::mem_process_seqs] Processed 2808568 reads in 3098.706 CPU sec, 77.689 real sec
[M::process] read 2796602 sequences (400000132 bp)...
[M::mem_pestat] # candidate unique pairs for (FF, FR, RF, RR): (20, 678203, 100, 15)
[M::mem_pestat] analyzing insert size distribution for orientation FF...
[M::mem_pestat] (25, 50, 75) percentile: (375, 1779, 3729)
[M::mem_pestat] low and high boundaries for computing mean and std.dev: (1, 10437)
[M::mem_pestat] mean and std.dev: (2069.70, 2199.76)
[M::mem_pestat] low and high boundaries for proper pairs: (1, 13791)
[M::mem_pestat] analyzing insert size distribution for orientation FR...
[M::mem_pestat] (25, 50, 75) percentile: (189, 243, 323)
[M::mem_pestat] low and high boundaries for computing mean and std.dev: (1, 591)
[M::mem_pestat] mean and std.dev: (258.75, 93.63)
[M::mem_pestat] low and high boundaries for proper pairs: (1, 725)
[M::mem_pestat] analyzing insert size distribution for orientation RF...
[M::mem_pestat] (25, 50, 75) percentile: (122, 284, 2457)
[M::mem_pestat] low and high boundaries for computing mean and std.dev: (1, 7127)
[M::mem_pestat] mean and std.dev: (1189.24, 1593.97)
[M::mem_pestat] low and high boundaries for proper pairs: (1, 9462)
[M::mem_pestat] analyzing insert size distribution for orientation RR...
[M::mem_pestat] (25, 50, 75) percentile: (593, 2021, 6724)
[M::mem_pestat] low and high boundaries for computing mean and std.dev: (1, 18986)
[M::mem_pestat] mean and std.dev: (3540.93, 2991.70)
[M::mem_pestat] low and high boundaries for proper pairs: (1, 25117)
[M::mem_pestat] skip orientation FF
[M::mem_pestat] skip orientation RF
[M::mem_pestat] skip orientation RR
[M::mem_process_seqs] Processed 2801498 reads in 3126.267 CPU sec, 78.366 real sec
[M::process] read 2823958 sequences (400000119 bp)...
[M::mem_pestat] # candidate unique pairs for (FF, FR, RF, RR): (11, 676104, 64, 11)
[M::mem_pestat] analyzing insert size distribution for orientation FF...
[M::mem_pestat] (25, 50, 75) percentile: (1095, 1825, 7402)
[M::mem_pestat] low and high boundaries for computing mean and std.dev: (1, 20016)
[M::mem_pestat] mean and std.dev: (3081.64, 2870.69)
[M::mem_pestat] low and high boundaries for proper pairs: (1, 26323)
[M::mem_pestat] analyzing insert size distribution for orientation FR...
[M::mem_pestat] (25, 50, 75) percentile: (190, 244, 324)
[M::mem_pestat] low and high boundaries for computing mean and std.dev: (1, 592)
[M::mem_pestat] mean and std.dev: (259.79, 93.61)
[M::mem_pestat] low and high boundaries for proper pairs: (1, 726)
[M::mem_pestat] analyzing insert size distribution for orientation RF...
[M::mem_pestat] (25, 50, 75) percentile: (223, 681, 2511)
[M::mem_pestat] low and high boundaries for computing mean and std.dev: (1, 7087)
[M::mem_pestat] mean and std.dev: (1481.89, 1803.82)
[M::mem_pestat] low and high boundaries for proper pairs: (1, 9375)
[M::mem_pestat] analyzing insert size distribution for orientation RR...
[M::mem_pestat] (25, 50, 75) percentile: (921, 3962, 8937)
[M::mem_pestat] low and high boundaries for computing mean and std.dev: (1, 24969)
[M::mem_pestat] mean and std.dev: (3955.45, 3385.02)
[M::mem_pestat] low and high boundaries for proper pairs: (1, 32985)
[M::mem_pestat] skip orientation FF
[M::mem_pestat] skip orientation RF
[M::mem_pestat] skip orientation RR
[M::mem_process_seqs] Processed 2796602 reads in 3130.931 CPU sec, 78.310 real sec
[M::process] read 2820554 sequences (400000112 bp)...
[M::mem_pestat] # candidate unique pairs for (FF, FR, RF, RR): (6, 674629, 85, 11)
[M::mem_pestat] skip orientation FF as there are not enough pairs
[M::mem_pestat] analyzing insert size distribution for orientation FR...
[M::mem_pestat] (25, 50, 75) percentile: (190, 244, 324)
[M::mem_pestat] low and high boundaries for computing mean and std.dev: (1, 592)
[M::mem_pestat] mean and std.dev: (259.82, 93.83)
[M::mem_pestat] low and high boundaries for proper pairs: (1, 726)
[M::mem_pestat] analyzing insert size distribution for orientation RF...
[M::mem_pestat] (25, 50, 75) percentile: (225, 518, 2278)
[M::mem_pestat] low and high boundaries for computing mean and std.dev: (1, 6384)
[M::mem_pestat] mean and std.dev: (1146.89, 1416.33)
[M::mem_pestat] low and high boundaries for proper pairs: (1, 8437)
[M::mem_pestat] analyzing insert size distribution for orientation RR...
[M::mem_pestat] (25, 50, 75) percentile: (663, 841, 3847)
[M::mem_pestat] low and high boundaries for computing mean and std.dev: (1, 10215)
[M::mem_pestat] mean and std.dev: (2322.00, 2533.94)
[M::mem_pestat] low and high boundaries for proper pairs: (1, 13399)
[M::mem_pestat] skip orientation RF
[M::mem_pestat] skip orientation RR
[M::mem_process_seqs] Processed 2823958 reads in 3150.745 CPU sec, 79.188 real sec
[M::process] read 2820868 sequences (400000124 bp)...
[M::mem_pestat] # candidate unique pairs for (FF, FR, RF, RR): (9, 671065, 86, 17)
[M::mem_pestat] skip orientation FF as there are not enough pairs
[M::mem_pestat] analyzing insert size distribution for orientation FR...
[M::mem_pestat] (25, 50, 75) percentile: (191, 246, 328)
[M::mem_pestat] low and high boundaries for computing mean and std.dev: (1, 602)
[M::mem_pestat] mean and std.dev: (262.26, 94.97)
[M::mem_pestat] low and high boundaries for proper pairs: (1, 739)
[M::mem_pestat] analyzing insert size distribution for orientation RF...
[M::mem_pestat] (25, 50, 75) percentile: (185, 537, 1434)
[M::mem_pestat] low and high boundaries for computing mean and std.dev: (1, 3932)
[M::mem_pestat] mean and std.dev: (624.56, 678.55)
[M::mem_pestat] low and high boundaries for proper pairs: (1, 5181)
[M::mem_pestat] analyzing insert size distribution for orientation RR...
[M::mem_pestat] (25, 50, 75) percentile: (202, 1272, 3725)
[M::mem_pestat] low and high boundaries for computing mean and std.dev: (1, 10771)
[M::mem_pestat] mean and std.dev: (1921.24, 1893.46)
[M::mem_pestat] low and high boundaries for proper pairs: (1, 14294)
[M::mem_pestat] skip orientation RF
[M::mem_pestat] skip orientation RR
[M::mem_process_seqs] Processed 2820554 reads in 3156.001 CPU sec, 78.944 real sec
[M::process] read 2832876 sequences (400000283 bp)...
[M::mem_pestat] # candidate unique pairs for (FF, FR, RF, RR): (13, 672581, 74, 6)
[M::mem_pestat] analyzing insert size distribution for orientation FF...
[M::mem_pestat] (25, 50, 75) percentile: (445, 1654, 3701)
[M::mem_pestat] low and high boundaries for computing mean and std.dev: (1, 10213)
[M::mem_pestat] mean and std.dev: (2367.54, 2140.17)
[M::mem_pestat] low and high boundaries for proper pairs: (1, 13469)
[M::mem_pestat] analyzing insert size distribution for orientation FR...
[M::mem_pestat] (25, 50, 75) percentile: (191, 246, 327)
[M::mem_pestat] low and high boundaries for computing mean and std.dev: (1, 599)
[M::mem_pestat] mean and std.dev: (261.86, 94.64)
[M::mem_pestat] low and high boundaries for proper pairs: (1, 735)
[M::mem_pestat] analyzing insert size distribution for orientation RF...
[M::mem_pestat] (25, 50, 75) percentile: (223, 499, 2436)
[M::mem_pestat] low and high boundaries for computing mean and std.dev: (1, 6862)
[M::mem_pestat] mean and std.dev: (1225.49, 1615.13)
[M::mem_pestat] low and high boundaries for proper pairs: (1, 9075)
[M::mem_pestat] skip orientation RR as there are not enough pairs
[M::mem_pestat] skip orientation FF
[M::mem_pestat] skip orientation RF
[M::mem_process_seqs] Processed 2820868 reads in 3142.208 CPU sec, 78.792 real sec
[M::process] read 2827858 sequences (400000214 bp)...
[M::mem_pestat] # candidate unique pairs for (FF, FR, RF, RR): (22, 673319, 75, 11)
[M::mem_pestat] analyzing insert size distribution for orientation FF...
[M::mem_pestat] (25, 50, 75) percentile: (202, 986, 3360)
[M::mem_pestat] low and high boundaries for computing mean and std.dev: (1, 9676)
[M::mem_pestat] mean and std.dev: (2144.23, 2494.37)
[M::mem_pestat] low and high boundaries for proper pairs: (1, 12834)
[M::mem_pestat] analyzing insert size distribution for orientation FR...
[M::mem_pestat] (25, 50, 75) percentile: (191, 246, 327)
[M::mem_pestat] low and high boundaries for computing mean and std.dev: (1, 599)
[M::mem_pestat] mean and std.dev: (261.79, 94.86)
[M::mem_pestat] low and high boundaries for proper pairs: (1, 735)
[M::mem_pestat] analyzing insert size distribution for orientation RF...
[M::mem_pestat] (25, 50, 75) percentile: (174, 762, 1519)
[M::mem_pestat] low and high boundaries for computing mean and std.dev: (1, 4209)
[M::mem_pestat] mean and std.dev: (903.96, 956.72)
[M::mem_pestat] low and high boundaries for proper pairs: (1, 5554)
[M::mem_pestat] analyzing insert size distribution for orientation RR...
[M::mem_pestat] (25, 50, 75) percentile: (137, 885, 5393)
[M::mem_pestat] low and high boundaries for computing mean and std.dev: (1, 15905)
[M::mem_pestat] mean and std.dev: (2270.64, 2509.26)
[M::mem_pestat] low and high boundaries for proper pairs: (1, 21161)
[M::mem_pestat] skip orientation FF
[M::mem_pestat] skip orientation RF
[M::mem_pestat] skip orientation RR
[M::mem_process_seqs] Processed 2832876 reads in 3268.547 CPU sec, 82.150 real sec
[M::process] read 2813394 sequences (400000084 bp)...
[M::mem_pestat] # candidate unique pairs for (FF, FR, RF, RR): (10, 668797, 90, 12)
[M::mem_pestat] analyzing insert size distribution for orientation FF...
[M::mem_pestat] (25, 50, 75) percentile: (211, 306, 3980)
[M::mem_pestat] low and high boundaries for computing mean and std.dev: (1, 11518)
[M::mem_pestat] mean and std.dev: (1707.20, 2294.53)
[M::mem_pestat] low and high boundaries for proper pairs: (1, 15287)
[M::mem_pestat] analyzing insert size distribution for orientation FR...
[M::mem_pestat] (25, 50, 75) percentile: (192, 249, 331)
[M::mem_pestat] low and high boundaries for computing mean and std.dev: (1, 609)
[M::mem_pestat] mean and std.dev: (264.61, 95.99)
[M::mem_pestat] low and high boundaries for proper pairs: (1, 748)
[M::mem_pestat] analyzing insert size distribution for orientation RF...
[M::mem_pestat] (25, 50, 75) percentile: (156, 531, 2767)
[M::mem_pestat] low and high boundaries for computing mean and std.dev: (1, 7989)
[M::mem_pestat] mean and std.dev: (1460.10, 1732.33)
[M::mem_pestat] low and high boundaries for proper pairs: (1, 10600)
[M::mem_pestat] analyzing insert size distribution for orientation RR...
[M::mem_pestat] (25, 50, 75) percentile: (198, 1957, 4786)
[M::mem_pestat] low and high boundaries for computing mean and std.dev: (1, 13962)
[M::mem_pestat] mean and std.dev: (2938.50, 3394.68)
[M::mem_pestat] low and high boundaries for proper pairs: (1, 18550)
[M::mem_pestat] skip orientation FF
[M::mem_pestat] skip orientation RF
[M::mem_pestat] skip orientation RR
[M::mem_process_seqs] Processed 2827858 reads in 3216.410 CPU sec, 80.614 real sec
[M::process] read 2806642 sequences (400000166 bp)...
[M::mem_pestat] # candidate unique pairs for (FF, FR, RF, RR): (12, 673120, 96, 11)
[M::mem_pestat] analyzing insert size distribution for orientation FF...
[M::mem_pestat] (25, 50, 75) percentile: (289, 685, 6339)
[M::mem_pestat] low and high boundaries for computing mean and std.dev: (1, 18439)
[M::mem_pestat] mean and std.dev: (2774.83, 3248.10)
[M::mem_pestat] low and high boundaries for proper pairs: (1, 24489)
[M::mem_pestat] analyzing insert size distribution for orientation FR...
[M::mem_pestat] (25, 50, 75) percentile: (191, 246, 327)
[M::mem_pestat] low and high boundaries for computing mean and std.dev: (1, 599)
[M::mem_pestat] mean and std.dev: (261.47, 94.28)
[M::mem_pestat] low and high boundaries for proper pairs: (1, 735)
[M::mem_pestat] analyzing insert size distribution for orientation RF...
[M::mem_pestat] (25, 50, 75) percentile: (160, 266, 1196)
[M::mem_pestat] low and high boundaries for computing mean and std.dev: (1, 3268)
[M::mem_pestat] mean and std.dev: (502.79, 590.71)
[M::mem_pestat] low and high boundaries for proper pairs: (1, 4304)
[M::mem_pestat] analyzing insert size distribution for orientation RR...
[M::mem_pestat] (25, 50, 75) percentile: (1564, 2135, 4425)
[M::mem_pestat] low and high boundaries for computing mean and std.dev: (1, 10147)
[M::mem_pestat] mean and std.dev: (3080.64, 2193.45)
[M::mem_pestat] low and high boundaries for proper pairs: (1, 13008)
[M::mem_pestat] skip orientation FF
[M::mem_pestat] skip orientation RF
[M::mem_pestat] skip orientation RR
[M::mem_process_seqs] Processed 2813394 reads in 3174.524 CPU sec, 79.401 real sec
[M::process] read 2800314 sequences (400000199 bp)...
[M::mem_pestat] # candidate unique pairs for (FF, FR, RF, RR): (12, 679373, 83, 16)
[M::mem_pestat] analyzing insert size distribution for orientation FF...
[M::mem_pestat] (25, 50, 75) percentile: (201, 659, 3429)
[M::mem_pestat] low and high boundaries for computing mean and std.dev: (1, 9885)
[M::mem_pestat] mean and std.dev: (1831.33, 2640.41)
[M::mem_pestat] low and high boundaries for proper pairs: (1, 13113)
[M::mem_pestat] analyzing insert size distribution for orientation FR...
[M::mem_pestat] (25, 50, 75) percentile: (188, 240, 321)
[M::mem_pestat] low and high boundaries for computing mean and std.dev: (1, 587)
[M::mem_pestat] mean and std.dev: (256.74, 93.61)
[M::mem_pestat] low and high boundaries for proper pairs: (1, 720)
[M::mem_pestat] analyzing insert size distribution for orientation RF...
[M::mem_pestat] (25, 50, 75) percentile: (206, 460, 2466)
[M::mem_pestat] low and high boundaries for computing mean and std.dev: (1, 6986)
[M::mem_pestat] mean and std.dev: (1221.28, 1630.14)
[M::mem_pestat] low and high boundaries for proper pairs: (1, 9246)
[M::mem_pestat] analyzing insert size distribution for orientation RR...
[M::mem_pestat] (25, 50, 75) percentile: (292, 778, 1919)
[M::mem_pestat] low and high boundaries for computing mean and std.dev: (1, 5173)
[M::mem_pestat] mean and std.dev: (1072.13, 1193.11)
[M::mem_pestat] low and high boundaries for proper pairs: (1, 6800)
[M::mem_pestat] skip orientation FF
[M::mem_pestat] skip orientation RF
[M::mem_pestat] skip orientation RR
[M::mem_process_seqs] Processed 2806642 reads in 3125.056 CPU sec, 78.604 real sec
[M::process] read 2804254 sequences (400000089 bp)...
[M::mem_pestat] # candidate unique pairs for (FF, FR, RF, RR): (12, 673620, 94, 13)
[M::mem_pestat] analyzing insert size distribution for orientation FF...
[M::mem_pestat] (25, 50, 75) percentile: (1385, 1446, 5904)
[M::mem_pestat] low and high boundaries for computing mean and std.dev: (1, 14942)
[M::mem_pestat] mean and std.dev: (2922.83, 2758.23)
[M::mem_pestat] low and high boundaries for proper pairs: (1, 19461)
[M::mem_pestat] analyzing insert size distribution for orientation FR...
[M::mem_pestat] (25, 50, 75) percentile: (191, 247, 328)
[M::mem_pestat] low and high boundaries for computing mean and std.dev: (1, 602)
[M::mem_pestat] mean and std.dev: (262.31, 94.42)
[M::mem_pestat] low and high boundaries for proper pairs: (1, 739)
[M::mem_pestat] analyzing insert size distribution for orientation RF...
[M::mem_pestat] (25, 50, 75) percentile: (162, 598, 2811)
[M::mem_pestat] low and high boundaries for computing mean and std.dev: (1, 8109)
[M::mem_pestat] mean and std.dev: (1376.83, 1746.46)
[M::mem_pestat] low and high boundaries for proper pairs: (1, 10758)
[M::mem_pestat] analyzing insert size distribution for orientation RR...
[M::mem_pestat] (25, 50, 75) percentile: (316, 706, 1937)
[M::mem_pestat] low and high boundaries for computing mean and std.dev: (1, 5179)
[M::mem_pestat] mean and std.dev: (907.42, 770.25)
[M::mem_pestat] low and high boundaries for proper pairs: (1, 6800)
[M::mem_pestat] skip orientation FF
[M::mem_pestat] skip orientation RF
[M::mem_pestat] skip orientation RR
[M::mem_process_seqs] Processed 2800314 reads in 3142.719 CPU sec, 78.775 real sec
[M::process] read 2803876 sequences (400000249 bp)...
[M::mem_pestat] # candidate unique pairs for (FF, FR, RF, RR): (14, 681877, 62, 8)
[M::mem_pestat] analyzing insert size distribution for orientation FF...
[M::mem_pestat] (25, 50, 75) percentile: (173, 2531, 2979)
[M::mem_pestat] low and high boundaries for computing mean and std.dev: (1, 8591)
[M::mem_pestat] mean and std.dev: (1794.29, 1763.78)
[M::mem_pestat] low and high boundaries for proper pairs: (1, 11397)
[M::mem_pestat] analyzing insert size distribution for orientation FR...
[M::mem_pestat] (25, 50, 75) percentile: (186, 237, 317)
[M::mem_pestat] low and high boundaries for computing mean and std.dev: (1, 579)
[M::mem_pestat] mean and std.dev: (254.07, 92.20)
[M::mem_pestat] low and high boundaries for proper pairs: (1, 710)
[M::mem_pestat] analyzing insert size distribution for orientation RF...
[M::mem_pestat] (25, 50, 75) percentile: (223, 356, 1275)
[M::mem_pestat] low and high boundaries for computing mean and std.dev: (1, 3379)
[M::mem_pestat] mean and std.dev: (643.46, 666.33)
[M::mem_pestat] low and high boundaries for proper pairs: (1, 4431)
[M::mem_pestat] skip orientation RR as there are not enough pairs
[M::mem_pestat] skip orientation FF
[M::mem_pestat] skip orientation RF
[M::mem_process_seqs] Processed 2804254 reads in 3122.431 CPU sec, 78.150 real sec
[M::process] read 2800324 sequences (400000076 bp)...
[M::mem_pestat] # candidate unique pairs for (FF, FR, RF, RR): (14, 678863, 83, 10)
[M::mem_pestat] analyzing insert size distribution for orientation FF...
[M::mem_pestat] (25, 50, 75) percentile: (207, 264, 4520)
[M::mem_pestat] low and high boundaries for computing mean and std.dev: (1, 13146)
[M::mem_pestat] mean and std.dev: (2261.71, 3234.41)
[M::mem_pestat] low and high boundaries for proper pairs: (1, 17459)
[M::mem_pestat] analyzing insert size distribution for orientation FR...
[M::mem_pestat] (25, 50, 75) percentile: (188, 241, 321)
[M::mem_pestat] low and high boundaries for computing mean and std.dev: (1, 587)
[M::mem_pestat] mean and std.dev: (257.57, 93.26)
[M::mem_pestat] low and high boundaries for proper pairs: (1, 720)
[M::mem_pestat] analyzing insert size distribution for orientation RF...
[M::mem_pestat] (25, 50, 75) percentile: (223, 535, 1164)
[M::mem_pestat] low and high boundaries for computing mean and std.dev: (1, 3046)
[M::mem_pestat] mean and std.dev: (609.85, 617.24)
[M::mem_pestat] low and high boundaries for proper pairs: (1, 3987)
[M::mem_pestat] analyzing insert size distribution for orientation RR...
[M::mem_pestat] (25, 50, 75) percentile: (345, 464, 607)
[M::mem_pestat] low and high boundaries for computing mean and std.dev: (1, 1131)
[M::mem_pestat] mean and std.dev: (381.38, 176.34)
[M::mem_pestat] low and high boundaries for proper pairs: (1, 1393)
[M::mem_pestat] skip orientation FF
[M::mem_pestat] skip orientation RF
[M::mem_pestat] skip orientation RR
[M::mem_process_seqs] Processed 2803876 reads in 3150.825 CPU sec, 79.196 real sec
[M::process] read 2801614 sequences (400000231 bp)...
[M::mem_pestat] # candidate unique pairs for (FF, FR, RF, RR): (15, 674403, 76, 10)
[M::mem_pestat] analyzing insert size distribution for orientation FF...
[M::mem_pestat] (25, 50, 75) percentile: (1362, 2553, 6084)
[M::mem_pestat] low and high boundaries for computing mean and std.dev: (1, 15528)
[M::mem_pestat] mean and std.dev: (3752.33, 3237.47)
[M::mem_pestat] low and high boundaries for proper pairs: (1, 20250)
[M::mem_pestat] analyzing insert size distribution for orientation FR...
[M::mem_pestat] (25, 50, 75) percentile: (191, 245, 326)
[M::mem_pestat] low and high boundaries for computing mean and std.dev: (1, 596)
[M::mem_pestat] mean and std.dev: (261.21, 94.11)
[M::mem_pestat] low and high boundaries for proper pairs: (1, 731)
[M::mem_pestat] analyzing insert size distribution for orientation RF...
[M::mem_pestat] (25, 50, 75) percentile: (223, 563, 1758)
[M::mem_pestat] low and high boundaries for computing mean and std.dev: (1, 4828)
[M::mem_pestat] mean and std.dev: (922.26, 1087.74)
[M::mem_pestat] low and high boundaries for proper pairs: (1, 6363)
[M::mem_pestat] analyzing insert size distribution for orientation RR...
[M::mem_pestat] (25, 50, 75) percentile: (110, 1272, 2764)
[M::mem_pestat] low and high boundaries for computing mean and std.dev: (1, 8072)
[M::mem_pestat] mean and std.dev: (1355.90, 1373.75)
[M::mem_pestat] low and high boundaries for proper pairs: (1, 10726)
[M::mem_pestat] skip orientation FF
[M::mem_pestat] skip orientation RF
[M::mem_pestat] skip orientation RR
[M::mem_process_seqs] Processed 2800324 reads in 3169.988 CPU sec, 79.288 real sec
[M::process] read 2809674 sequences (400000203 bp)...
[M::mem_pestat] # candidate unique pairs for (FF, FR, RF, RR): (10, 683022, 72, 10)
[M::mem_pestat] analyzing insert size distribution for orientation FF...
[M::mem_pestat] (25, 50, 75) percentile: (491, 2914, 5239)
[M::mem_pestat] low and high boundaries for computing mean and std.dev: (1, 14735)
[M::mem_pestat] mean and std.dev: (2980.50, 2657.57)
[M::mem_pestat] low and high boundaries for proper pairs: (1, 19483)
[M::mem_pestat] analyzing insert size distribution for orientation FR...
[M::mem_pestat] (25, 50, 75) percentile: (186, 238, 317)
[M::mem_pestat] low and high boundaries for computing mean and std.dev: (1, 579)
[M::mem_pestat] mean and std.dev: (254.30, 92.36)
[M::mem_pestat] low and high boundaries for proper pairs: (1, 710)
[M::mem_pestat] analyzing insert size distribution for orientation RF...
[M::mem_pestat] (25, 50, 75) percentile: (224, 628, 2128)
[M::mem_pestat] low and high boundaries for computing mean and std.dev: (1, 5936)
[M::mem_pestat] mean and std.dev: (1262.20, 1459.32)
[M::mem_pestat] low and high boundaries for proper pairs: (1, 7840)
[M::mem_pestat] analyzing insert size distribution for orientation RR...
[M::mem_pestat] (25, 50, 75) percentile: (145, 537, 3771)
[M::mem_pestat] low and high boundaries for computing mean and std.dev: (1, 11023)
[M::mem_pestat] mean and std.dev: (1743.00, 2170.24)
[M::mem_pestat] low and high boundaries for proper pairs: (1, 14649)
[M::mem_pestat] skip orientation FF
[M::mem_pestat] skip orientation RF
[M::mem_pestat] skip orientation RR
[M::mem_process_seqs] Processed 2801614 reads in 3395.285 CPU sec, 91.286 real sec
[M::process] read 2823030 sequences (400000144 bp)...
[M::mem_pestat] # candidate unique pairs for (FF, FR, RF, RR): (8, 670162, 67, 15)
[M::mem_pestat] skip orientation FF as there are not enough pairs
[M::mem_pestat] analyzing insert size distribution for orientation FR...
[M::mem_pestat] (25, 50, 75) percentile: (192, 248, 329)
[M::mem_pestat] low and high boundaries for computing mean and std.dev: (1, 603)
[M::mem_pestat] mean and std.dev: (263.31, 94.76)
[M::mem_pestat] low and high boundaries for proper pairs: (1, 740)
[M::mem_pestat] analyzing insert size distribution for orientation RF...
[M::mem_pestat] (25, 50, 75) percentile: (234, 840, 1536)
[M::mem_pestat] low and high boundaries for computing mean and std.dev: (1, 4140)
[M::mem_pestat] mean and std.dev: (882.14, 838.70)
[M::mem_pestat] low and high boundaries for proper pairs: (1, 5442)
[M::mem_pestat] analyzing insert size distribution for orientation RR...
[M::mem_pestat] (25, 50, 75) percentile: (635, 856, 5319)
[M::mem_pestat] low and high boundaries for computing mean and std.dev: (1, 14687)
[M::mem_pestat] mean and std.dev: (2485.67, 2738.32)
[M::mem_pestat] low and high boundaries for proper pairs: (1, 19371)
[M::mem_pestat] skip orientation RF
[M::mem_pestat] skip orientation RR
[M::mem_process_seqs] Processed 2809674 reads in 3198.747 CPU sec, 79.996 real sec
[M::process] read 2827164 sequences (400000239 bp)...
[M::mem_pestat] # candidate unique pairs for (FF, FR, RF, RR): (18, 671374, 92, 12)
[M::mem_pestat] analyzing insert size distribution for orientation FF...
[M::mem_pestat] (25, 50, 75) percentile: (824, 2361, 4401)
[M::mem_pestat] low and high boundaries for computing mean and std.dev: (1, 11555)
[M::mem_pestat] mean and std.dev: (2781.83, 2565.44)
[M::mem_pestat] low and high boundaries for proper pairs: (1, 15132)
[M::mem_pestat] analyzing insert size distribution for orientation FR...
[M::mem_pestat] (25, 50, 75) percentile: (192, 248, 330)
[M::mem_pestat] low and high boundaries for computing mean and std.dev: (1, 606)
[M::mem_pestat] mean and std.dev: (263.47, 95.22)
[M::mem_pestat] low and high boundaries for proper pairs: (1, 744)
[M::mem_pestat] analyzing insert size distribution for orientation RF...
[M::mem_pestat] (25, 50, 75) percentile: (223, 907, 2449)
[M::mem_pestat] low and high boundaries for computing mean and std.dev: (1, 6901)
[M::mem_pestat] mean and std.dev: (1323.44, 1501.57)
[M::mem_pestat] low and high boundaries for proper pairs: (1, 9127)
[M::mem_pestat] analyzing insert size distribution for orientation RR...
[M::mem_pestat] (25, 50, 75) percentile: (319, 1914, 5815)
[M::mem_pestat] low and high boundaries for computing mean and std.dev: (1, 16807)
[M::mem_pestat] mean and std.dev: (2692.42, 3021.05)
[M::mem_pestat] low and high boundaries for proper pairs: (1, 22303)
[M::mem_pestat] skip orientation FF
[M::mem_pestat] skip orientation RF
[M::mem_pestat] skip orientation RR
[M::mem_process_seqs] Processed 2823030 reads in 3187.422 CPU sec, 80.116 real sec
[M::process] read 2830660 sequences (400000213 bp)...
[M::mem_pestat] # candidate unique pairs for (FF, FR, RF, RR): (15, 672130, 68, 5)
[M::mem_pestat] analyzing insert size distribution for orientation FF...
[M::mem_pestat] (25, 50, 75) percentile: (232, 1964, 8632)
[M::mem_pestat] low and high boundaries for computing mean and std.dev: (1, 25432)
[M::mem_pestat] mean and std.dev: (3799.80, 3941.87)
[M::mem_pestat] low and high boundaries for proper pairs: (1, 33832)
[M::mem_pestat] analyzing insert size distribution for orientation FR...
[M::mem_pestat] (25, 50, 75) percentile: (191, 247, 328)
[M::mem_pestat] low and high boundaries for computing mean and std.dev: (1, 602)
[M::mem_pestat] mean and std.dev: (262.35, 95.02)
[M::mem_pestat] low and high boundaries for proper pairs: (1, 739)
[M::mem_pestat] analyzing insert size distribution for orientation RF...
[M::mem_pestat] (25, 50, 75) percentile: (222, 458, 1772)
[M::mem_pestat] low and high boundaries for computing mean and std.dev: (1, 4872)
[M::mem_pestat] mean and std.dev: (851.07, 1028.84)
[M::mem_pestat] low and high boundaries for proper pairs: (1, 6422)
[M::mem_pestat] skip orientation RR as there are not enough pairs
[M::mem_pestat] skip orientation FF
[M::mem_pestat] skip orientation RF
[M::mem_process_seqs] Processed 2827164 reads in 3342.584 CPU sec, 83.841 real sec
[M::process] read 2819160 sequences (400000046 bp)...
[M::mem_pestat] # candidate unique pairs for (FF, FR, RF, RR): (9, 672466, 83, 21)
[M::mem_pestat] skip orientation FF as there are not enough pairs
[M::mem_pestat] analyzing insert size distribution for orientation FR...
[M::mem_pestat] (25, 50, 75) percentile: (191, 246, 328)
[M::mem_pestat] low and high boundaries for computing mean and std.dev: (1, 602)
[M::mem_pestat] mean and std.dev: (262.42, 95.15)
[M::mem_pestat] low and high boundaries for proper pairs: (1, 739)
[M::mem_pestat] analyzing insert size distribution for orientation RF...
[M::mem_pestat] (25, 50, 75) percentile: (140, 235, 1288)
[M::mem_pestat] low and high boundaries for computing mean and std.dev: (1, 3584)
[M::mem_pestat] mean and std.dev: (657.99, 803.72)
[M::mem_pestat] low and high boundaries for proper pairs: (1, 4732)
[M::mem_pestat] analyzing insert size distribution for orientation RR...
[M::mem_pestat] (25, 50, 75) percentile: (696, 2873, 6619)
[M::mem_pestat] low and high boundaries for computing mean and std.dev: (1, 18465)
[M::mem_pestat] mean and std.dev: (3148.48, 2633.16)
[M::mem_pestat] low and high boundaries for proper pairs: (1, 24388)
[M::mem_pestat] skip orientation RF
[M::mem_pestat] skip orientation RR
[M::mem_process_seqs] Processed 2830660 reads in 3468.080 CPU sec, 86.954 real sec
[M::process] read 2829814 sequences (400000216 bp)...
[M::mem_pestat] # candidate unique pairs for (FF, FR, RF, RR): (12, 670798, 67, 7)
[M::mem_pestat] analyzing insert size distribution for orientation FF...
[M::mem_pestat] (25, 50, 75) percentile: (1286, 4242, 6323)
[M::mem_pestat] low and high boundaries for computing mean and std.dev: (1, 16397)
[M::mem_pestat] mean and std.dev: (3137.08, 2426.60)
[M::mem_pestat] low and high boundaries for proper pairs: (1, 21434)
[M::mem_pestat] analyzing insert size distribution for orientation FR...
[M::mem_pestat] (25, 50, 75) percentile: (192, 247, 328)
[M::mem_pestat] low and high boundaries for computing mean and std.dev: (1, 600)
[M::mem_pestat] mean and std.dev: (262.81, 94.85)
[M::mem_pestat] low and high boundaries for proper pairs: (1, 736)
[M::mem_pestat] analyzing insert size distribution for orientation RF...
[M::mem_pestat] (25, 50, 75) percentile: (191, 490, 2123)
[M::mem_pestat] low and high boundaries for computing mean and std.dev: (1, 5987)
[M::mem_pestat] mean and std.dev: (864.10, 1114.13)
[M::mem_pestat] low and high boundaries for proper pairs: (1, 7919)
[M::mem_pestat] skip orientation RR as there are not enough pairs
[M::mem_pestat] skip orientation FF
[M::mem_pestat] skip orientation RF
[M::mem_process_seqs] Processed 2819160 reads in 3459.251 CPU sec, 86.733 real sec
[M::process] read 2810740 sequences (400000137 bp)...
[M::mem_pestat] # candidate unique pairs for (FF, FR, RF, RR): (9, 670750, 73, 9)
[M::mem_pestat] skip orientation FF as there are not enough pairs
[M::mem_pestat] analyzing insert size distribution for orientation FR...
[M::mem_pestat] (25, 50, 75) percentile: (191, 247, 328)
[M::mem_pestat] low and high boundaries for computing mean and std.dev: (1, 602)
[M::mem_pestat] mean and std.dev: (262.61, 95.29)
[M::mem_pestat] low and high boundaries for proper pairs: (1, 739)
[M::mem_pestat] analyzing insert size distribution for orientation RF...
[M::mem_pestat] (25, 50, 75) percentile: (156, 423, 1290)
[M::mem_pestat] low and high boundaries for computing mean and std.dev: (1, 3558)
[M::mem_pestat] mean and std.dev: (616.69, 734.38)
[M::mem_pestat] low and high boundaries for proper pairs: (1, 4692)
[M::mem_pestat] skip orientation RR as there are not enough pairs
[M::mem_pestat] skip orientation RF
[M::mem_process_seqs] Processed 2829814 reads in 3248.952 CPU sec, 81.441 real sec
[M::process] read 2784764 sequences (400000210 bp)...
[M::mem_pestat] # candidate unique pairs for (FF, FR, RF, RR): (8, 670689, 79, 16)
[M::mem_pestat] skip orientation FF as there are not enough pairs
[M::mem_pestat] analyzing insert size distribution for orientation FR...
[M::mem_pestat] (25, 50, 75) percentile: (191, 247, 329)
[M::mem_pestat] low and high boundaries for computing mean and std.dev: (1, 605)
[M::mem_pestat] mean and std.dev: (262.83, 95.52)
[M::mem_pestat] low and high boundaries for proper pairs: (1, 743)
[M::mem_pestat] analyzing insert size distribution for orientation RF...
[M::mem_pestat] (25, 50, 75) percentile: (224, 829, 1609)
[M::mem_pestat] low and high boundaries for computing mean and std.dev: (1, 4379)
[M::mem_pestat] mean and std.dev: (1054.96, 1063.56)
[M::mem_pestat] low and high boundaries for proper pairs: (1, 5764)
[M::mem_pestat] analyzing insert size distribution for orientation RR...
[M::mem_pestat] (25, 50, 75) percentile: (396, 4842, 6820)
[M::mem_pestat] low and high boundaries for computing mean and std.dev: (1, 19668)
[M::mem_pestat] mean and std.dev: (3826.19, 3164.04)
[M::mem_pestat] low and high boundaries for proper pairs: (1, 26092)
[M::mem_pestat] skip orientation RF
[M::mem_pestat] skip orientation RR
[M::mem_process_seqs] Processed 2810740 reads in 3193.408 CPU sec, 80.117 real sec
[M::process] read 2783860 sequences (400000051 bp)...
[M::mem_pestat] # candidate unique pairs for (FF, FR, RF, RR): (14, 665836, 80, 14)
[M::mem_pestat] analyzing insert size distribution for orientation FF...
[M::mem_pestat] (25, 50, 75) percentile: (2754, 4191, 7140)
[M::mem_pestat] low and high boundaries for computing mean and std.dev: (1, 15912)
[M::mem_pestat] mean and std.dev: (4149.36, 2540.63)
[M::mem_pestat] low and high boundaries for proper pairs: (1, 20298)
[M::mem_pestat] analyzing insert size distribution for orientation FR...
[M::mem_pestat] (25, 50, 75) percentile: (193, 250, 332)
[M::mem_pestat] low and high boundaries for computing mean and std.dev: (1, 610)
[M::mem_pestat] mean and std.dev: (265.82, 95.95)
[M::mem_pestat] low and high boundaries for proper pairs: (1, 749)
[M::mem_pestat] analyzing insert size distribution for orientation RF...
[M::mem_pestat] (25, 50, 75) percentile: (224, 695, 2315)
[M::mem_pestat] low and high boundaries for computing mean and std.dev: (1, 6497)
[M::mem_pestat] mean and std.dev: (962.49, 967.93)
[M::mem_pestat] low and high boundaries for proper pairs: (1, 8588)
[M::mem_pestat] analyzing insert size distribution for orientation RR...
[M::mem_pestat] (25, 50, 75) percentile: (238, 1904, 2013)
[M::mem_pestat] low and high boundaries for computing mean and std.dev: (1, 5563)
[M::mem_pestat] mean and std.dev: (1515.43, 1342.40)
[M::mem_pestat] low and high boundaries for proper pairs: (1, 7338)
[M::mem_pestat] skip orientation FF
[M::mem_pestat] skip orientation RF
[M::mem_pestat] skip orientation RR
[M::mem_process_seqs] Processed 2784764 reads in 3172.443 CPU sec, 79.516 real sec
[M::process] read 2781500 sequences (400000073 bp)...
[M::mem_pestat] # candidate unique pairs for (FF, FR, RF, RR): (17, 665794, 68, 21)
[M::mem_pestat] analyzing insert size distribution for orientation FF...
[M::mem_pestat] (25, 50, 75) percentile: (370, 1973, 7909)
[M::mem_pestat] low and high boundaries for computing mean and std.dev: (1, 22987)
[M::mem_pestat] mean and std.dev: (3108.47, 3533.01)
[M::mem_pestat] low and high boundaries for proper pairs: (1, 30526)
[M::mem_pestat] analyzing insert size distribution for orientation FR...
[M::mem_pestat] (25, 50, 75) percentile: (194, 252, 333)
[M::mem_pestat] low and high boundaries for computing mean and std.dev: (1, 611)
[M::mem_pestat] mean and std.dev: (266.68, 95.74)
[M::mem_pestat] low and high boundaries for proper pairs: (1, 750)
[M::mem_pestat] analyzing insert size distribution for orientation RF...
[M::mem_pestat] (25, 50, 75) percentile: (223, 325, 1329)
[M::mem_pestat] low and high boundaries for computing mean and std.dev: (1, 3541)
[M::mem_pestat] mean and std.dev: (498.84, 574.08)
[M::mem_pestat] low and high boundaries for proper pairs: (1, 4647)
[M::mem_pestat] analyzing insert size distribution for orientation RR...
[M::mem_pestat] (25, 50, 75) percentile: (797, 4010, 7463)
[M::mem_pestat] low and high boundaries for computing mean and std.dev: (1, 20795)
[M::mem_pestat] mean and std.dev: (4139.76, 3105.26)
[M::mem_pestat] low and high boundaries for proper pairs: (1, 27461)
[M::mem_pestat] skip orientation FF
[M::mem_pestat] skip orientation RF
[M::mem_pestat] skip orientation RR
[M::mem_process_seqs] Processed 2783860 reads in 3178.206 CPU sec, 79.653 real sec
[M::process] read 2780450 sequences (400000005 bp)...
[M::mem_pestat] # candidate unique pairs for (FF, FR, RF, RR): (8, 663900, 48, 9)
[M::mem_pestat] skip orientation FF as there are not enough pairs
[M::mem_pestat] analyzing insert size distribution for orientation FR...
[M::mem_pestat] (25, 50, 75) percentile: (195, 254, 335)
[M::mem_pestat] low and high boundaries for computing mean and std.dev: (1, 615)
[M::mem_pestat] mean and std.dev: (268.66, 96.55)
[M::mem_pestat] low and high boundaries for proper pairs: (1, 755)
[M::mem_pestat] analyzing insert size distribution for orientation RF...
[M::mem_pestat] (25, 50, 75) percentile: (175, 253, 3060)
[M::mem_pestat] low and high boundaries for computing mean and std.dev: (1, 8830)
[M::mem_pestat] mean and std.dev: (1567.27, 2067.84)
[M::mem_pestat] low and high boundaries for proper pairs: (1, 11715)
[M::mem_pestat] skip orientation RR as there are not enough pairs
[M::mem_pestat] skip orientation RF
[M::mem_process_seqs] Processed 2781500 reads in 3165.967 CPU sec, 79.359 real sec
[M::process] read 2801488 sequences (400000113 bp)...
[M::mem_pestat] # candidate unique pairs for (FF, FR, RF, RR): (22, 664126, 84, 4)
[M::mem_pestat] analyzing insert size distribution for orientation FF...
[M::mem_pestat] (25, 50, 75) percentile: (156, 629, 2773)
[M::mem_pestat] low and high boundaries for computing mean and std.dev: (1, 8007)
[M::mem_pestat] mean and std.dev: (1315.91, 1768.23)
[M::mem_pestat] low and high boundaries for proper pairs: (1, 10624)
[M::mem_pestat] analyzing insert size distribution for orientation FR...
[M::mem_pestat] (25, 50, 75) percentile: (195, 253, 335)
[M::mem_pestat] low and high boundaries for computing mean and std.dev: (1, 615)
[M::mem_pestat] mean and std.dev: (267.78, 96.50)
[M::mem_pestat] low and high boundaries for proper pairs: (1, 755)
[M::mem_pestat] analyzing insert size distribution for orientation RF...
[M::mem_pestat] (25, 50, 75) percentile: (223, 828, 3341)
[M::mem_pestat] low and high boundaries for computing mean and std.dev: (1, 9577)
[M::mem_pestat] mean and std.dev: (1885.52, 2267.24)
[M::mem_pestat] low and high boundaries for proper pairs: (1, 12695)
[M::mem_pestat] skip orientation RR as there are not enough pairs
[M::mem_pestat] skip orientation FF
[M::mem_pestat] skip orientation RF
[M::mem_process_seqs] Processed 2780450 reads in 3172.343 CPU sec, 79.507 real sec
[M::process] read 2799788 sequences (400000290 bp)...
[M::mem_pestat] # candidate unique pairs for (FF, FR, RF, RR): (15, 661722, 83, 16)
[M::mem_pestat] analyzing insert size distribution for orientation FF...
[M::mem_pestat] (25, 50, 75) percentile: (233, 2464, 4275)
[M::mem_pestat] low and high boundaries for computing mean and std.dev: (1, 12359)
[M::mem_pestat] mean and std.dev: (2365.60, 2055.67)
[M::mem_pestat] low and high boundaries for proper pairs: (1, 16401)
[M::mem_pestat] analyzing insert size distribution for orientation FR...
[M::mem_pestat] (25, 50, 75) percentile: (196, 255, 337)
[M::mem_pestat] low and high boundaries for computing mean and std.dev: (1, 619)
[M::mem_pestat] mean and std.dev: (269.69, 97.22)
[M::mem_pestat] low and high boundaries for proper pairs: (1, 760)
[M::mem_pestat] analyzing insert size distribution for orientation RF...
[M::mem_pestat] (25, 50, 75) percentile: (223, 340, 1735)
[M::mem_pestat] low and high boundaries for computing mean and std.dev: (1, 4759)
[M::mem_pestat] mean and std.dev: (913.29, 1205.30)
[M::mem_pestat] low and high boundaries for proper pairs: (1, 6271)
[M::mem_pestat] analyzing insert size distribution for orientation RR...
[M::mem_pestat] (25, 50, 75) percentile: (228, 1454, 4100)
[M::mem_pestat] low and high boundaries for computing mean and std.dev: (1, 11844)
[M::mem_pestat] mean and std.dev: (2282.50, 2268.63)
[M::mem_pestat] low and high boundaries for proper pairs: (1, 15716)
[M::mem_pestat] skip orientation FF
[M::mem_pestat] skip orientation RF
[M::mem_pestat] skip orientation RR
[M::mem_process_seqs] Processed 2801488 reads in 3317.208 CPU sec, 83.019 real sec
[M::process] read 2798368 sequences (400000083 bp)...
[M::mem_pestat] # candidate unique pairs for (FF, FR, RF, RR): (7, 661701, 97, 13)
[M::mem_pestat] skip orientation FF as there are not enough pairs
[M::mem_pestat] analyzing insert size distribution for orientation FR...
[M::mem_pestat] (25, 50, 75) percentile: (196, 255, 337)
[M::mem_pestat] low and high boundaries for computing mean and std.dev: (1, 619)
[M::mem_pestat] mean and std.dev: (269.58, 97.10)
[M::mem_pestat] low and high boundaries for proper pairs: (1, 760)
[M::mem_pestat] analyzing insert size distribution for orientation RF...
[M::mem_pestat] (25, 50, 75) percentile: (152, 257, 1394)
[M::mem_pestat] low and high boundaries for computing mean and std.dev: (1, 3878)
[M::mem_pestat] mean and std.dev: (644.80, 881.28)
[M::mem_pestat] low and high boundaries for proper pairs: (1, 5120)
[M::mem_pestat] analyzing insert size distribution for orientation RR...
[M::mem_pestat] (25, 50, 75) percentile: (1142, 1312, 4093)
[M::mem_pestat] low and high boundaries for computing mean and std.dev: (1, 9995)
[M::mem_pestat] mean and std.dev: (2083.69, 1698.21)
[M::mem_pestat] low and high boundaries for proper pairs: (1, 12946)
[M::mem_pestat] skip orientation RF
[M::mem_pestat] skip orientation RR
[M::mem_process_seqs] Processed 2799788 reads in 3288.942 CPU sec, 82.713 real sec
[M::process] read 2795514 sequences (400000243 bp)...
[M::mem_pestat] # candidate unique pairs for (FF, FR, RF, RR): (13, 659611, 91, 6)
[M::mem_pestat] analyzing insert size distribution for orientation FF...
[M::mem_pestat] (25, 50, 75) percentile: (1456, 2123, 6396)
[M::mem_pestat] low and high boundaries for computing mean and std.dev: (1, 16276)
[M::mem_pestat] mean and std.dev: (3030.92, 2576.72)
[M::mem_pestat] low and high boundaries for proper pairs: (1, 21216)
[M::mem_pestat] analyzing insert size distribution for orientation FR...
[M::mem_pestat] (25, 50, 75) percentile: (197, 257, 340)
[M::mem_pestat] low and high boundaries for computing mean and std.dev: (1, 626)
[M::mem_pestat] mean and std.dev: (271.77, 97.84)
[M::mem_pestat] low and high boundaries for proper pairs: (1, 769)
[M::mem_pestat] analyzing insert size distribution for orientation RF...
[M::mem_pestat] (25, 50, 75) percentile: (133, 348, 1906)
[M::mem_pestat] low and high boundaries for computing mean and std.dev: (1, 5452)
[M::mem_pestat] mean and std.dev: (978.54, 1315.69)
[M::mem_pestat] low and high boundaries for proper pairs: (1, 7225)
[M::mem_pestat] skip orientation RR as there are not enough pairs
[M::mem_pestat] skip orientation FF
[M::mem_pestat] skip orientation RF
[M::mem_process_seqs] Processed 2798368 reads in 3268.751 CPU sec, 81.935 real sec
[M::process] read 825050 sequences (118120886 bp)...
[M::mem_pestat] # candidate unique pairs for (FF, FR, RF, RR): (11, 658688, 91, 9)
[M::mem_pestat] analyzing insert size distribution for orientation FF...
[M::mem_pestat] (25, 50, 75) percentile: (288, 866, 4842)
[M::mem_pestat] low and high boundaries for computing mean and std.dev: (1, 13950)
[M::mem_pestat] mean and std.dev: (2802.00, 2977.27)
[M::mem_pestat] low and high boundaries for proper pairs: (1, 18504)
[M::mem_pestat] analyzing insert size distribution for orientation FR...
[M::mem_pestat] (25, 50, 75) percentile: (196, 257, 340)
[M::mem_pestat] low and high boundaries for computing mean and std.dev: (1, 628)
[M::mem_pestat] mean and std.dev: (271.79, 98.42)
[M::mem_pestat] low and high boundaries for proper pairs: (1, 772)
[M::mem_pestat] analyzing insert size distribution for orientation RF...
[M::mem_pestat] (25, 50, 75) percentile: (161, 342, 1302)
[M::mem_pestat] low and high boundaries for computing mean and std.dev: (1, 3584)
[M::mem_pestat] mean and std.dev: (619.03, 704.67)
[M::mem_pestat] low and high boundaries for proper pairs: (1, 4725)
[M::mem_pestat] skip orientation RR as there are not enough pairs
[M::mem_pestat] skip orientation FF
[M::mem_pestat] skip orientation RF
[M::mem_process_seqs] Processed 2795514 reads in 3217.687 CPU sec, 80.695 real sec
[M::mem_pestat] # candidate unique pairs for (FF, FR, RF, RR): (2, 193849, 33, 6)
[M::mem_pestat] skip orientation FF as there are not enough pairs
[M::mem_pestat] analyzing insert size distribution for orientation FR...
[M::mem_pestat] (25, 50, 75) percentile: (197, 259, 343)
[M::mem_pestat] low and high boundaries for computing mean and std.dev: (1, 635)
[M::mem_pestat] mean and std.dev: (273.48, 99.45)
[M::mem_pestat] low and high boundaries for proper pairs: (1, 781)
[M::mem_pestat] analyzing insert size distribution for orientation RF...
[M::mem_pestat] (25, 50, 75) percentile: (167, 226, 1529)
[M::mem_pestat] low and high boundaries for computing mean and std.dev: (1, 4253)
[M::mem_pestat] mean and std.dev: (708.90, 852.94)
[M::mem_pestat] low and high boundaries for proper pairs: (1, 5615)
[M::mem_pestat] skip orientation RR as there are not enough pairs
[M::mem_pestat] skip orientation RF
[M::mem_process_seqs] Processed 825050 reads in 1170.254 CPU sec, 35.283 real sec
[main] Version: 0.7.17-r1188
[main] CMD: /home/shared/bwa-0.7.17/bwa mem -M -t 40 ../data/bwa-GCF_031168955.1_ASM3116895v1_genomic ../data/trimmed-fastqs-heatwave-genetics/MHW140_trimmed_clipped_R1_paired.fq.gz ../data/trimmed-fastqs-heatwave-genetics/MHW140_trimmed_clipped_R2_paired.fq.gz
[main] Real time: 2702.010 sec; CPU: 106852.108 sec
