[M::bwa_idx_load_from_disk] read 0 ALT contigs
[M::process] read 2892564 sequences (400000020 bp)...
[M::process] read 2878816 sequences (400000071 bp)...
[M::mem_pestat] # candidate unique pairs for (FF, FR, RF, RR): (6, 778701, 59, 9)
[M::mem_pestat] skip orientation FF as there are not enough pairs
[M::mem_pestat] analyzing insert size distribution for orientation FR...
[M::mem_pestat] (25, 50, 75) percentile: (149, 184, 240)
[M::mem_pestat] low and high boundaries for computing mean and std.dev: (1, 422)
[M::mem_pestat] mean and std.dev: (197.63, 72.16)
[M::mem_pestat] low and high boundaries for proper pairs: (1, 513)
[M::mem_pestat] analyzing insert size distribution for orientation RF...
[M::mem_pestat] (25, 50, 75) percentile: (223, 462, 2365)
[M::mem_pestat] low and high boundaries for computing mean and std.dev: (1, 6649)
[M::mem_pestat] mean and std.dev: (1412.04, 1866.74)
[M::mem_pestat] low and high boundaries for proper pairs: (1, 8879)
[M::mem_pestat] skip orientation RR as there are not enough pairs
[M::mem_pestat] skip orientation RF
[M::mem_process_seqs] Processed 2892564 reads in 3585.235 CPU sec, 89.885 real sec
[M::process] read 2883796 sequences (400000005 bp)...
[M::mem_pestat] # candidate unique pairs for (FF, FR, RF, RR): (8, 773219, 58, 8)
[M::mem_pestat] skip orientation FF as there are not enough pairs
[M::mem_pestat] analyzing insert size distribution for orientation FR...
[M::mem_pestat] (25, 50, 75) percentile: (153, 190, 252)
[M::mem_pestat] low and high boundaries for computing mean and std.dev: (1, 450)
[M::mem_pestat] mean and std.dev: (205.45, 75.64)
[M::mem_pestat] low and high boundaries for proper pairs: (1, 549)
[M::mem_pestat] analyzing insert size distribution for orientation RF...
[M::mem_pestat] (25, 50, 75) percentile: (89, 224, 562)
[M::mem_pestat] low and high boundaries for computing mean and std.dev: (1, 1508)
[M::mem_pestat] mean and std.dev: (266.90, 307.14)
[M::mem_pestat] low and high boundaries for proper pairs: (1, 1981)
[M::mem_pestat] skip orientation RR as there are not enough pairs
[M::mem_pestat] skip orientation RF
[M::mem_process_seqs] Processed 2878816 reads in 3804.884 CPU sec, 95.420 real sec
[M::process] read 2874340 sequences (400000104 bp)...
[M::mem_pestat] # candidate unique pairs for (FF, FR, RF, RR): (2, 778891, 58, 10)
[M::mem_pestat] skip orientation FF as there are not enough pairs
[M::mem_pestat] analyzing insert size distribution for orientation FR...
[M::mem_pestat] (25, 50, 75) percentile: (150, 185, 242)
[M::mem_pestat] low and high boundaries for computing mean and std.dev: (1, 426)
[M::mem_pestat] mean and std.dev: (199.10, 72.89)
[M::mem_pestat] low and high boundaries for proper pairs: (1, 518)
[M::mem_pestat] analyzing insert size distribution for orientation RF...
[M::mem_pestat] (25, 50, 75) percentile: (80, 398, 984)
[M::mem_pestat] low and high boundaries for computing mean and std.dev: (1, 2792)
[M::mem_pestat] mean and std.dev: (430.35, 502.16)
[M::mem_pestat] low and high boundaries for proper pairs: (1, 3696)
[M::mem_pestat] analyzing insert size distribution for orientation RR...
[M::mem_pestat] (25, 50, 75) percentile: (154, 2948, 4589)
[M::mem_pestat] low and high boundaries for computing mean and std.dev: (1, 13459)
[M::mem_pestat] mean and std.dev: (2636.90, 2918.42)
[M::mem_pestat] low and high boundaries for proper pairs: (1, 17894)
[M::mem_pestat] skip orientation RF
[M::mem_pestat] skip orientation RR
[M::mem_process_seqs] Processed 2883796 reads in 3724.786 CPU sec, 93.425 real sec
[M::process] read 2885990 sequences (400000020 bp)...
[M::mem_pestat] # candidate unique pairs for (FF, FR, RF, RR): (9, 774583, 55, 3)
[M::mem_pestat] skip orientation FF as there are not enough pairs
[M::mem_pestat] analyzing insert size distribution for orientation FR...
[M::mem_pestat] (25, 50, 75) percentile: (153, 190, 251)
[M::mem_pestat] low and high boundaries for computing mean and std.dev: (1, 447)
[M::mem_pestat] mean and std.dev: (204.78, 75.12)
[M::mem_pestat] low and high boundaries for proper pairs: (1, 545)
[M::mem_pestat] analyzing insert size distribution for orientation RF...
[M::mem_pestat] (25, 50, 75) percentile: (131, 225, 515)
[M::mem_pestat] low and high boundaries for computing mean and std.dev: (1, 1283)
[M::mem_pestat] mean and std.dev: (275.02, 279.97)
[M::mem_pestat] low and high boundaries for proper pairs: (1, 1667)
[M::mem_pestat] skip orientation RR as there are not enough pairs
[M::mem_pestat] skip orientation RF
[M::mem_process_seqs] Processed 2874340 reads in 3851.508 CPU sec, 96.599 real sec
[M::process] read 2873790 sequences (400000116 bp)...
[M::mem_pestat] # candidate unique pairs for (FF, FR, RF, RR): (7, 777680, 49, 3)
[M::mem_pestat] skip orientation FF as there are not enough pairs
[M::mem_pestat] analyzing insert size distribution for orientation FR...
[M::mem_pestat] (25, 50, 75) percentile: (150, 186, 243)
[M::mem_pestat] low and high boundaries for computing mean and std.dev: (1, 429)
[M::mem_pestat] mean and std.dev: (199.66, 73.14)
[M::mem_pestat] low and high boundaries for proper pairs: (1, 522)
[M::mem_pestat] analyzing insert size distribution for orientation RF...
[M::mem_pestat] (25, 50, 75) percentile: (120, 435, 2048)
[M::mem_pestat] low and high boundaries for computing mean and std.dev: (1, 5904)
[M::mem_pestat] mean and std.dev: (932.64, 1014.01)
[M::mem_pestat] low and high boundaries for proper pairs: (1, 7832)
[M::mem_pestat] skip orientation RR as there are not enough pairs
[M::mem_pestat] skip orientation RF
[M::mem_process_seqs] Processed 2885990 reads in 3755.342 CPU sec, 94.189 real sec
[M::process] read 2882374 sequences (400000033 bp)...
[M::mem_pestat] # candidate unique pairs for (FF, FR, RF, RR): (7, 775945, 50, 8)
[M::mem_pestat] skip orientation FF as there are not enough pairs
[M::mem_pestat] analyzing insert size distribution for orientation FR...
[M::mem_pestat] (25, 50, 75) percentile: (153, 190, 250)
[M::mem_pestat] low and high boundaries for computing mean and std.dev: (1, 444)
[M::mem_pestat] mean and std.dev: (204.47, 75.13)
[M::mem_pestat] low and high boundaries for proper pairs: (1, 541)
[M::mem_pestat] analyzing insert size distribution for orientation RF...
[M::mem_pestat] (25, 50, 75) percentile: (131, 383, 750)
[M::mem_pestat] low and high boundaries for computing mean and std.dev: (1, 1988)
[M::mem_pestat] mean and std.dev: (366.51, 340.01)
[M::mem_pestat] low and high boundaries for proper pairs: (1, 2607)
[M::mem_pestat] skip orientation RR as there are not enough pairs
[M::mem_pestat] skip orientation RF
[M::mem_process_seqs] Processed 2873790 reads in 3803.000 CPU sec, 95.433 real sec
[M::process] read 2873322 sequences (400000206 bp)...
[M::mem_pestat] # candidate unique pairs for (FF, FR, RF, RR): (7, 779641, 49, 6)
[M::mem_pestat] skip orientation FF as there are not enough pairs
[M::mem_pestat] analyzing insert size distribution for orientation FR...
[M::mem_pestat] (25, 50, 75) percentile: (150, 186, 243)
[M::mem_pestat] low and high boundaries for computing mean and std.dev: (1, 429)
[M::mem_pestat] mean and std.dev: (199.86, 73.30)
[M::mem_pestat] low and high boundaries for proper pairs: (1, 522)
[M::mem_pestat] analyzing insert size distribution for orientation RF...
[M::mem_pestat] (25, 50, 75) percentile: (198, 235, 1524)
[M::mem_pestat] low and high boundaries for computing mean and std.dev: (1, 4176)
[M::mem_pestat] mean and std.dev: (719.33, 916.09)
[M::mem_pestat] low and high boundaries for proper pairs: (1, 5502)
[M::mem_pestat] skip orientation RR as there are not enough pairs
[M::mem_pestat] skip orientation RF
[M::mem_process_seqs] Processed 2882374 reads in 3729.782 CPU sec, 93.742 real sec
[M::process] read 2904600 sequences (400000115 bp)...
[M::mem_pestat] # candidate unique pairs for (FF, FR, RF, RR): (9, 774052, 67, 17)
[M::mem_pestat] skip orientation FF as there are not enough pairs
[M::mem_pestat] analyzing insert size distribution for orientation FR...
[M::mem_pestat] (25, 50, 75) percentile: (153, 191, 253)
[M::mem_pestat] low and high boundaries for computing mean and std.dev: (1, 453)
[M::mem_pestat] mean and std.dev: (205.94, 76.05)
[M::mem_pestat] low and high boundaries for proper pairs: (1, 553)
[M::mem_pestat] analyzing insert size distribution for orientation RF...
[M::mem_pestat] (25, 50, 75) percentile: (130, 427, 1244)
[M::mem_pestat] low and high boundaries for computing mean and std.dev: (1, 3472)
[M::mem_pestat] mean and std.dev: (706.37, 875.95)
[M::mem_pestat] low and high boundaries for proper pairs: (1, 4586)
[M::mem_pestat] analyzing insert size distribution for orientation RR...
[M::mem_pestat] (25, 50, 75) percentile: (1145, 1978, 3802)
[M::mem_pestat] low and high boundaries for computing mean and std.dev: (1, 9116)
[M::mem_pestat] mean and std.dev: (2321.41, 1453.73)
[M::mem_pestat] low and high boundaries for proper pairs: (1, 11773)
[M::mem_pestat] skip orientation RF
[M::mem_pestat] skip orientation RR
[M::mem_process_seqs] Processed 2873322 reads in 3842.502 CPU sec, 96.336 real sec
[M::process] read 2900826 sequences (400000259 bp)...
[M::mem_pestat] # candidate unique pairs for (FF, FR, RF, RR): (9, 775013, 45, 7)
[M::mem_pestat] skip orientation FF as there are not enough pairs
[M::mem_pestat] analyzing insert size distribution for orientation FR...
[M::mem_pestat] (25, 50, 75) percentile: (151, 188, 247)
[M::mem_pestat] low and high boundaries for computing mean and std.dev: (1, 439)
[M::mem_pestat] mean and std.dev: (202.43, 74.79)
[M::mem_pestat] low and high boundaries for proper pairs: (1, 535)
[M::mem_pestat] analyzing insert size distribution for orientation RF...
[M::mem_pestat] (25, 50, 75) percentile: (144, 977, 1524)
[M::mem_pestat] low and high boundaries for computing mean and std.dev: (1, 4284)
[M::mem_pestat] mean and std.dev: (949.34, 1004.27)
[M::mem_pestat] low and high boundaries for proper pairs: (1, 5664)
[M::mem_pestat] skip orientation RR as there are not enough pairs
[M::mem_pestat] skip orientation RF
[M::mem_process_seqs] Processed 2904600 reads in 3785.916 CPU sec, 94.717 real sec
[M::process] read 2895094 sequences (400000038 bp)...
[M::mem_pestat] # candidate unique pairs for (FF, FR, RF, RR): (7, 773893, 47, 5)
[M::mem_pestat] skip orientation FF as there are not enough pairs
[M::mem_pestat] analyzing insert size distribution for orientation FR...
[M::mem_pestat] (25, 50, 75) percentile: (152, 189, 250)
[M::mem_pestat] low and high boundaries for computing mean and std.dev: (1, 446)
[M::mem_pestat] mean and std.dev: (204.25, 75.81)
[M::mem_pestat] low and high boundaries for proper pairs: (1, 544)
[M::mem_pestat] analyzing insert size distribution for orientation RF...
[M::mem_pestat] (25, 50, 75) percentile: (132, 227, 1121)
[M::mem_pestat] low and high boundaries for computing mean and std.dev: (1, 3099)
[M::mem_pestat] mean and std.dev: (544.12, 672.75)
[M::mem_pestat] low and high boundaries for proper pairs: (1, 4088)
[M::mem_pestat] skip orientation RR as there are not enough pairs
[M::mem_pestat] skip orientation RF
[M::mem_process_seqs] Processed 2900826 reads in 3842.005 CPU sec, 96.355 real sec
[M::process] read 2894348 sequences (400000264 bp)...
[M::mem_pestat] # candidate unique pairs for (FF, FR, RF, RR): (6, 774781, 58, 7)
[M::mem_pestat] skip orientation FF as there are not enough pairs
[M::mem_pestat] analyzing insert size distribution for orientation FR...
[M::mem_pestat] (25, 50, 75) percentile: (152, 188, 248)
[M::mem_pestat] low and high boundaries for computing mean and std.dev: (1, 440)
[M::mem_pestat] mean and std.dev: (202.78, 74.92)
[M::mem_pestat] low and high boundaries for proper pairs: (1, 536)
[M::mem_pestat] analyzing insert size distribution for orientation RF...
[M::mem_pestat] (25, 50, 75) percentile: (127, 224, 585)
[M::mem_pestat] low and high boundaries for computing mean and std.dev: (1, 1501)
[M::mem_pestat] mean and std.dev: (258.35, 235.26)
[M::mem_pestat] low and high boundaries for proper pairs: (1, 1959)
[M::mem_pestat] skip orientation RR as there are not enough pairs
[M::mem_pestat] skip orientation RF
[M::mem_process_seqs] Processed 2895094 reads in 3800.922 CPU sec, 95.334 real sec
[M::process] read 2894394 sequences (400000271 bp)...
[M::mem_pestat] # candidate unique pairs for (FF, FR, RF, RR): (11, 776323, 43, 9)
[M::mem_pestat] analyzing insert size distribution for orientation FF...
[M::mem_pestat] (25, 50, 75) percentile: (141, 244, 4099)
[M::mem_pestat] low and high boundaries for computing mean and std.dev: (1, 12015)
[M::mem_pestat] mean and std.dev: (1711.73, 2351.38)
[M::mem_pestat] low and high boundaries for proper pairs: (1, 15973)
[M::mem_pestat] analyzing insert size distribution for orientation FR...
[M::mem_pestat] (25, 50, 75) percentile: (152, 189, 250)
[M::mem_pestat] low and high boundaries for computing mean and std.dev: (1, 446)
[M::mem_pestat] mean and std.dev: (203.96, 75.69)
[M::mem_pestat] low and high boundaries for proper pairs: (1, 544)
[M::mem_pestat] analyzing insert size distribution for orientation RF...
[M::mem_pestat] (25, 50, 75) percentile: (104, 321, 2255)
[M::mem_pestat] low and high boundaries for computing mean and std.dev: (1, 6557)
[M::mem_pestat] mean and std.dev: (1274.14, 1754.01)
[M::mem_pestat] low and high boundaries for proper pairs: (1, 8708)
[M::mem_pestat] skip orientation RR as there are not enough pairs
[M::mem_pestat] skip orientation FF
[M::mem_pestat] skip orientation RF
[M::mem_process_seqs] Processed 2894348 reads in 3837.276 CPU sec, 96.238 real sec
[M::process] read 2900588 sequences (400000245 bp)...
[M::mem_pestat] # candidate unique pairs for (FF, FR, RF, RR): (11, 775300, 57, 10)
[M::mem_pestat] analyzing insert size distribution for orientation FF...
[M::mem_pestat] (25, 50, 75) percentile: (2040, 2203, 4077)
[M::mem_pestat] low and high boundaries for computing mean and std.dev: (1, 8151)
[M::mem_pestat] mean and std.dev: (2557.82, 1944.83)
[M::mem_pestat] low and high boundaries for proper pairs: (1, 10337)
[M::mem_pestat] analyzing insert size distribution for orientation FR...
[M::mem_pestat] (25, 50, 75) percentile: (152, 189, 248)
[M::mem_pestat] low and high boundaries for computing mean and std.dev: (1, 440)
[M::mem_pestat] mean and std.dev: (203.14, 74.93)
[M::mem_pestat] low and high boundaries for proper pairs: (1, 536)
[M::mem_pestat] analyzing insert size distribution for orientation RF...
[M::mem_pestat] (25, 50, 75) percentile: (78, 244, 2175)
[M::mem_pestat] low and high boundaries for computing mean and std.dev: (1, 6369)
[M::mem_pestat] mean and std.dev: (978.89, 1254.24)
[M::mem_pestat] low and high boundaries for proper pairs: (1, 8466)
[M::mem_pestat] analyzing insert size distribution for orientation RR...
[M::mem_pestat] (25, 50, 75) percentile: (2421, 3325, 4234)
[M::mem_pestat] low and high boundaries for computing mean and std.dev: (1, 7860)
[M::mem_pestat] mean and std.dev: (3097.80, 1869.56)
[M::mem_pestat] low and high boundaries for proper pairs: (1, 10576)
[M::mem_pestat] skip orientation FF
[M::mem_pestat] skip orientation RF
[M::mem_pestat] skip orientation RR
[M::mem_process_seqs] Processed 2894394 reads in 3807.758 CPU sec, 95.504 real sec
[M::process] read 2888624 sequences (400000213 bp)...
[M::mem_pestat] # candidate unique pairs for (FF, FR, RF, RR): (11, 776455, 59, 9)
[M::mem_pestat] analyzing insert size distribution for orientation FF...
[M::mem_pestat] (25, 50, 75) percentile: (204, 226, 459)
[M::mem_pestat] low and high boundaries for computing mean and std.dev: (1, 969)
[M::mem_pestat] mean and std.dev: (305.80, 212.42)
[M::mem_pestat] low and high boundaries for proper pairs: (1, 1224)
[M::mem_pestat] analyzing insert size distribution for orientation FR...
[M::mem_pestat] (25, 50, 75) percentile: (152, 188, 248)
[M::mem_pestat] low and high boundaries for computing mean and std.dev: (1, 440)
[M::mem_pestat] mean and std.dev: (202.77, 74.85)
[M::mem_pestat] low and high boundaries for proper pairs: (1, 536)
[M::mem_pestat] analyzing insert size distribution for orientation RF...
[M::mem_pestat] (25, 50, 75) percentile: (154, 345, 1546)
[M::mem_pestat] low and high boundaries for computing mean and std.dev: (1, 4330)
[M::mem_pestat] mean and std.dev: (722.00, 821.00)
[M::mem_pestat] low and high boundaries for proper pairs: (1, 5722)
[M::mem_pestat] skip orientation RR as there are not enough pairs
[M::mem_pestat] skip orientation FF
[M::mem_pestat] skip orientation RF
[M::mem_process_seqs] Processed 2900588 reads in 3897.375 CPU sec, 97.761 real sec
[M::process] read 2882278 sequences (400000195 bp)...
[M::mem_pestat] # candidate unique pairs for (FF, FR, RF, RR): (9, 777050, 58, 8)
[M::mem_pestat] skip orientation FF as there are not enough pairs
[M::mem_pestat] analyzing insert size distribution for orientation FR...
[M::mem_pestat] (25, 50, 75) percentile: (152, 188, 248)
[M::mem_pestat] low and high boundaries for computing mean and std.dev: (1, 440)
[M::mem_pestat] mean and std.dev: (203.01, 75.01)
[M::mem_pestat] low and high boundaries for proper pairs: (1, 536)
[M::mem_pestat] analyzing insert size distribution for orientation RF...
[M::mem_pestat] (25, 50, 75) percentile: (30, 302, 1533)
[M::mem_pestat] low and high boundaries for computing mean and std.dev: (1, 4539)
[M::mem_pestat] mean and std.dev: (656.98, 1100.42)
[M::mem_pestat] low and high boundaries for proper pairs: (1, 6042)
[M::mem_pestat] skip orientation RR as there are not enough pairs
[M::mem_pestat] skip orientation RF
[M::mem_process_seqs] Processed 2888624 reads in 3794.621 CPU sec, 95.244 real sec
[M::process] read 2875866 sequences (400000206 bp)...
[M::mem_pestat] # candidate unique pairs for (FF, FR, RF, RR): (8, 776841, 60, 9)
[M::mem_pestat] skip orientation FF as there are not enough pairs
[M::mem_pestat] analyzing insert size distribution for orientation FR...
[M::mem_pestat] (25, 50, 75) percentile: (151, 188, 247)
[M::mem_pestat] low and high boundaries for computing mean and std.dev: (1, 439)
[M::mem_pestat] mean and std.dev: (202.22, 74.64)
[M::mem_pestat] low and high boundaries for proper pairs: (1, 535)
[M::mem_pestat] analyzing insert size distribution for orientation RF...
[M::mem_pestat] (25, 50, 75) percentile: (95, 241, 2751)
[M::mem_pestat] low and high boundaries for computing mean and std.dev: (1, 8063)
[M::mem_pestat] mean and std.dev: (934.07, 1219.47)
[M::mem_pestat] low and high boundaries for proper pairs: (1, 10719)
[M::mem_pestat] skip orientation RR as there are not enough pairs
[M::mem_pestat] skip orientation RF
[M::mem_process_seqs] Processed 2882278 reads in 3780.375 CPU sec, 95.013 real sec
[M::process] read 2876598 sequences (400000148 bp)...
[M::mem_pestat] # candidate unique pairs for (FF, FR, RF, RR): (13, 775210, 35, 5)
[M::mem_pestat] analyzing insert size distribution for orientation FF...
[M::mem_pestat] (25, 50, 75) percentile: (306, 1235, 2383)
[M::mem_pestat] low and high boundaries for computing mean and std.dev: (1, 6537)
[M::mem_pestat] mean and std.dev: (1564.46, 1339.72)
[M::mem_pestat] low and high boundaries for proper pairs: (1, 8614)
[M::mem_pestat] analyzing insert size distribution for orientation FR...
[M::mem_pestat] (25, 50, 75) percentile: (153, 189, 249)
[M::mem_pestat] low and high boundaries for computing mean and std.dev: (1, 441)
[M::mem_pestat] mean and std.dev: (203.67, 74.78)
[M::mem_pestat] low and high boundaries for proper pairs: (1, 537)
[M::mem_pestat] analyzing insert size distribution for orientation RF...
[M::mem_pestat] (25, 50, 75) percentile: (62, 223, 1050)
[M::mem_pestat] low and high boundaries for computing mean and std.dev: (1, 3026)
[M::mem_pestat] mean and std.dev: (616.09, 815.15)
[M::mem_pestat] low and high boundaries for proper pairs: (1, 4014)
[M::mem_pestat] skip orientation RR as there are not enough pairs
[M::mem_pestat] skip orientation FF
[M::mem_pestat] skip orientation RF
[M::mem_process_seqs] Processed 2875866 reads in 3791.765 CPU sec, 94.883 real sec
[M::process] read 2873338 sequences (400000185 bp)...
[M::mem_pestat] # candidate unique pairs for (FF, FR, RF, RR): (13, 776386, 35, 7)
[M::mem_pestat] analyzing insert size distribution for orientation FF...
[M::mem_pestat] (25, 50, 75) percentile: (101, 118, 198)
[M::mem_pestat] low and high boundaries for computing mean and std.dev: (1, 392)
[M::mem_pestat] mean and std.dev: (103.09, 51.39)
[M::mem_pestat] low and high boundaries for proper pairs: (1, 489)
[M::mem_pestat] analyzing insert size distribution for orientation FR...
[M::mem_pestat] (25, 50, 75) percentile: (151, 187, 246)
[M::mem_pestat] low and high boundaries for computing mean and std.dev: (1, 436)
[M::mem_pestat] mean and std.dev: (201.67, 74.13)
[M::mem_pestat] low and high boundaries for proper pairs: (1, 531)
[M::mem_pestat] analyzing insert size distribution for orientation RF...
[M::mem_pestat] (25, 50, 75) percentile: (25, 140, 260)
[M::mem_pestat] low and high boundaries for computing mean and std.dev: (1, 730)
[M::mem_pestat] mean and std.dev: (122.13, 120.11)
[M::mem_pestat] low and high boundaries for proper pairs: (1, 965)
[M::mem_pestat] skip orientation RR as there are not enough pairs
[M::mem_pestat] skip orientation FF
[M::mem_pestat] skip orientation RF
[M::mem_process_seqs] Processed 2876598 reads in 4060.280 CPU sec, 107.502 real sec
[M::process] read 2879296 sequences (400000205 bp)...
[M::mem_pestat] # candidate unique pairs for (FF, FR, RF, RR): (4, 775744, 62, 4)
[M::mem_pestat] skip orientation FF as there are not enough pairs
[M::mem_pestat] analyzing insert size distribution for orientation FR...
[M::mem_pestat] (25, 50, 75) percentile: (153, 190, 250)
[M::mem_pestat] low and high boundaries for computing mean and std.dev: (1, 444)
[M::mem_pestat] mean and std.dev: (204.36, 75.02)
[M::mem_pestat] low and high boundaries for proper pairs: (1, 541)
[M::mem_pestat] analyzing insert size distribution for orientation RF...
[M::mem_pestat] (25, 50, 75) percentile: (54, 279, 881)
[M::mem_pestat] low and high boundaries for computing mean and std.dev: (1, 2535)
[M::mem_pestat] mean and std.dev: (402.85, 503.38)
[M::mem_pestat] low and high boundaries for proper pairs: (1, 3362)
[M::mem_pestat] skip orientation RR as there are not enough pairs
[M::mem_pestat] skip orientation RF
[M::mem_process_seqs] Processed 2873338 reads in 3815.036 CPU sec, 95.670 real sec
[M::process] read 2872018 sequences (400000041 bp)...
[M::mem_pestat] # candidate unique pairs for (FF, FR, RF, RR): (9, 776172, 48, 0)
[M::mem_pestat] skip orientation FF as there are not enough pairs
[M::mem_pestat] analyzing insert size distribution for orientation FR...
[M::mem_pestat] (25, 50, 75) percentile: (152, 188, 247)
[M::mem_pestat] low and high boundaries for computing mean and std.dev: (1, 437)
[M::mem_pestat] mean and std.dev: (202.10, 74.27)
[M::mem_pestat] low and high boundaries for proper pairs: (1, 532)
[M::mem_pestat] analyzing insert size distribution for orientation RF...
[M::mem_pestat] (25, 50, 75) percentile: (128, 345, 2246)
[M::mem_pestat] low and high boundaries for computing mean and std.dev: (1, 6482)
[M::mem_pestat] mean and std.dev: (912.95, 1330.84)
[M::mem_pestat] low and high boundaries for proper pairs: (1, 8600)
[M::mem_pestat] skip orientation RR as there are not enough pairs
[M::mem_pestat] skip orientation RF
[M::mem_process_seqs] Processed 2879296 reads in 3802.065 CPU sec, 95.553 real sec
[M::process] read 2874176 sequences (400000296 bp)...
[M::mem_pestat] # candidate unique pairs for (FF, FR, RF, RR): (9, 774066, 48, 5)
[M::mem_pestat] skip orientation FF as there are not enough pairs
[M::mem_pestat] analyzing insert size distribution for orientation FR...
[M::mem_pestat] (25, 50, 75) percentile: (153, 190, 251)
[M::mem_pestat] low and high boundaries for computing mean and std.dev: (1, 447)
[M::mem_pestat] mean and std.dev: (205.04, 75.42)
[M::mem_pestat] low and high boundaries for proper pairs: (1, 545)
[M::mem_pestat] analyzing insert size distribution for orientation RF...
[M::mem_pestat] (25, 50, 75) percentile: (52, 612, 1804)
[M::mem_pestat] low and high boundaries for computing mean and std.dev: (1, 5308)
[M::mem_pestat] mean and std.dev: (897.09, 1210.06)
[M::mem_pestat] low and high boundaries for proper pairs: (1, 7060)
[M::mem_pestat] skip orientation RR as there are not enough pairs
[M::mem_pestat] skip orientation RF
[M::mem_process_seqs] Processed 2872018 reads in 3810.131 CPU sec, 95.326 real sec
[M::process] read 2867352 sequences (400000097 bp)...
[M::mem_pestat] # candidate unique pairs for (FF, FR, RF, RR): (3, 776324, 47, 7)
[M::mem_pestat] skip orientation FF as there are not enough pairs
[M::mem_pestat] analyzing insert size distribution for orientation FR...
[M::mem_pestat] (25, 50, 75) percentile: (151, 188, 247)
[M::mem_pestat] low and high boundaries for computing mean and std.dev: (1, 439)
[M::mem_pestat] mean and std.dev: (202.34, 74.64)
[M::mem_pestat] low and high boundaries for proper pairs: (1, 535)
[M::mem_pestat] analyzing insert size distribution for orientation RF...
[M::mem_pestat] (25, 50, 75) percentile: (114, 248, 1550)
[M::mem_pestat] low and high boundaries for computing mean and std.dev: (1, 4422)
[M::mem_pestat] mean and std.dev: (783.74, 950.48)
[M::mem_pestat] low and high boundaries for proper pairs: (1, 5858)
[M::mem_pestat] skip orientation RR as there are not enough pairs
[M::mem_pestat] skip orientation RF
[M::mem_process_seqs] Processed 2874176 reads in 3764.341 CPU sec, 94.436 real sec
[M::process] read 2896342 sequences (400000007 bp)...
[M::mem_pestat] # candidate unique pairs for (FF, FR, RF, RR): (3, 774347, 53, 8)
[M::mem_pestat] skip orientation FF as there are not enough pairs
[M::mem_pestat] analyzing insert size distribution for orientation FR...
[M::mem_pestat] (25, 50, 75) percentile: (153, 191, 252)
[M::mem_pestat] low and high boundaries for computing mean and std.dev: (1, 450)
[M::mem_pestat] mean and std.dev: (205.66, 75.82)
[M::mem_pestat] low and high boundaries for proper pairs: (1, 549)
[M::mem_pestat] analyzing insert size distribution for orientation RF...
[M::mem_pestat] (25, 50, 75) percentile: (202, 238, 935)
[M::mem_pestat] low and high boundaries for computing mean and std.dev: (1, 2401)
[M::mem_pestat] mean and std.dev: (415.40, 518.08)
[M::mem_pestat] low and high boundaries for proper pairs: (1, 3134)
[M::mem_pestat] skip orientation RR as there are not enough pairs
[M::mem_pestat] skip orientation RF
[M::mem_process_seqs] Processed 2867352 reads in 3806.934 CPU sec, 95.497 real sec
[M::process] read 2893464 sequences (400000089 bp)...
[M::mem_pestat] # candidate unique pairs for (FF, FR, RF, RR): (4, 774438, 50, 13)
[M::mem_pestat] skip orientation FF as there are not enough pairs
[M::mem_pestat] analyzing insert size distribution for orientation FR...
[M::mem_pestat] (25, 50, 75) percentile: (152, 189, 249)
[M::mem_pestat] low and high boundaries for computing mean and std.dev: (1, 443)
[M::mem_pestat] mean and std.dev: (203.47, 75.45)
[M::mem_pestat] low and high boundaries for proper pairs: (1, 540)
[M::mem_pestat] analyzing insert size distribution for orientation RF...
[M::mem_pestat] (25, 50, 75) percentile: (169, 230, 1002)
[M::mem_pestat] low and high boundaries for computing mean and std.dev: (1, 2668)
[M::mem_pestat] mean and std.dev: (572.78, 704.32)
[M::mem_pestat] low and high boundaries for proper pairs: (1, 3501)
[M::mem_pestat] analyzing insert size distribution for orientation RR...
[M::mem_pestat] (25, 50, 75) percentile: (144, 167, 503)
[M::mem_pestat] low and high boundaries for computing mean and std.dev: (1, 1221)
[M::mem_pestat] mean and std.dev: (194.45, 152.24)
[M::mem_pestat] low and high boundaries for proper pairs: (1, 1580)
[M::mem_pestat] skip orientation RF
[M::mem_pestat] skip orientation RR
[M::mem_process_seqs] Processed 2896342 reads in 3800.146 CPU sec, 95.509 real sec
[M::process] read 2897260 sequences (400000053 bp)...
[M::mem_pestat] # candidate unique pairs for (FF, FR, RF, RR): (9, 775345, 44, 14)
[M::mem_pestat] skip orientation FF as there are not enough pairs
[M::mem_pestat] analyzing insert size distribution for orientation FR...
[M::mem_pestat] (25, 50, 75) percentile: (152, 189, 250)
[M::mem_pestat] low and high boundaries for computing mean and std.dev: (1, 446)
[M::mem_pestat] mean and std.dev: (203.96, 75.46)
[M::mem_pestat] low and high boundaries for proper pairs: (1, 544)
[M::mem_pestat] analyzing insert size distribution for orientation RF...
[M::mem_pestat] (25, 50, 75) percentile: (209, 1437, 3913)
[M::mem_pestat] low and high boundaries for computing mean and std.dev: (1, 11321)
[M::mem_pestat] mean and std.dev: (2336.82, 2547.20)
[M::mem_pestat] low and high boundaries for proper pairs: (1, 15025)
[M::mem_pestat] analyzing insert size distribution for orientation RR...
[M::mem_pestat] (25, 50, 75) percentile: (132, 2106, 4061)
[M::mem_pestat] low and high boundaries for computing mean and std.dev: (1, 11919)
[M::mem_pestat] mean and std.dev: (2285.57, 2628.20)
[M::mem_pestat] low and high boundaries for proper pairs: (1, 15848)
[M::mem_pestat] skip orientation RF
[M::mem_pestat] skip orientation RR
[M::mem_process_seqs] Processed 2893464 reads in 3833.576 CPU sec, 96.160 real sec
[M::process] read 2889934 sequences (400000055 bp)...
[M::mem_pestat] # candidate unique pairs for (FF, FR, RF, RR): (7, 775690, 56, 9)
[M::mem_pestat] skip orientation FF as there are not enough pairs
[M::mem_pestat] analyzing insert size distribution for orientation FR...
[M::mem_pestat] (25, 50, 75) percentile: (152, 188, 249)
[M::mem_pestat] low and high boundaries for computing mean and std.dev: (1, 443)
[M::mem_pestat] mean and std.dev: (203.10, 75.34)
[M::mem_pestat] low and high boundaries for proper pairs: (1, 540)
[M::mem_pestat] analyzing insert size distribution for orientation RF...
[M::mem_pestat] (25, 50, 75) percentile: (213, 414, 2564)
[M::mem_pestat] low and high boundaries for computing mean and std.dev: (1, 7266)
[M::mem_pestat] mean and std.dev: (1237.17, 1545.35)
[M::mem_pestat] low and high boundaries for proper pairs: (1, 9617)
[M::mem_pestat] skip orientation RR as there are not enough pairs
[M::mem_pestat] skip orientation RF
[M::mem_process_seqs] Processed 2897260 reads in 3833.301 CPU sec, 96.150 real sec
[M::process] read 2896540 sequences (400000295 bp)...
[M::mem_pestat] # candidate unique pairs for (FF, FR, RF, RR): (13, 776564, 53, 14)
[M::mem_pestat] analyzing insert size distribution for orientation FF...
[M::mem_pestat] (25, 50, 75) percentile: (174, 201, 1985)
[M::mem_pestat] low and high boundaries for computing mean and std.dev: (1, 5607)
[M::mem_pestat] mean and std.dev: (892.15, 1254.97)
[M::mem_pestat] low and high boundaries for proper pairs: (1, 7418)
[M::mem_pestat] analyzing insert size distribution for orientation FR...
[M::mem_pestat] (25, 50, 75) percentile: (152, 189, 249)
[M::mem_pestat] low and high boundaries for computing mean and std.dev: (1, 443)
[M::mem_pestat] mean and std.dev: (203.68, 75.25)
[M::mem_pestat] low and high boundaries for proper pairs: (1, 540)
[M::mem_pestat] analyzing insert size distribution for orientation RF...
[M::mem_pestat] (25, 50, 75) percentile: (157, 416, 2306)
[M::mem_pestat] low and high boundaries for computing mean and std.dev: (1, 6604)
[M::mem_pestat] mean and std.dev: (1243.24, 1642.56)
[M::mem_pestat] low and high boundaries for proper pairs: (1, 8753)
[M::mem_pestat] analyzing insert size distribution for orientation RR...
[M::mem_pestat] (25, 50, 75) percentile: (150, 5993, 7444)
[M::mem_pestat] low and high boundaries for computing mean and std.dev: (1, 22032)
[M::mem_pestat] mean and std.dev: (3652.79, 3269.69)
[M::mem_pestat] low and high boundaries for proper pairs: (1, 29326)
[M::mem_pestat] skip orientation FF
[M::mem_pestat] skip orientation RF
[M::mem_pestat] skip orientation RR
[M::mem_process_seqs] Processed 2889934 reads in 3803.731 CPU sec, 95.157 real sec
[M::process] read 2892966 sequences (400000048 bp)...
[M::mem_pestat] # candidate unique pairs for (FF, FR, RF, RR): (9, 774675, 50, 8)
[M::mem_pestat] skip orientation FF as there are not enough pairs
[M::mem_pestat] analyzing insert size distribution for orientation FR...
[M::mem_pestat] (25, 50, 75) percentile: (152, 189, 250)
[M::mem_pestat] low and high boundaries for computing mean and std.dev: (1, 446)
[M::mem_pestat] mean and std.dev: (204.10, 75.77)
[M::mem_pestat] low and high boundaries for proper pairs: (1, 544)
[M::mem_pestat] analyzing insert size distribution for orientation RF...
[M::mem_pestat] (25, 50, 75) percentile: (195, 381, 1581)
[M::mem_pestat] low and high boundaries for computing mean and std.dev: (1, 4353)
[M::mem_pestat] mean and std.dev: (699.86, 807.95)
[M::mem_pestat] low and high boundaries for proper pairs: (1, 5739)
[M::mem_pestat] skip orientation RR as there are not enough pairs
[M::mem_pestat] skip orientation RF
[M::mem_process_seqs] Processed 2896540 reads in 3803.293 CPU sec, 95.658 real sec
[M::process] read 2879328 sequences (400000094 bp)...
[M::mem_pestat] # candidate unique pairs for (FF, FR, RF, RR): (4, 775229, 52, 12)
[M::mem_pestat] skip orientation FF as there are not enough pairs
[M::mem_pestat] analyzing insert size distribution for orientation FR...
[M::mem_pestat] (25, 50, 75) percentile: (152, 189, 250)
[M::mem_pestat] low and high boundaries for computing mean and std.dev: (1, 446)
[M::mem_pestat] mean and std.dev: (204.07, 75.58)
[M::mem_pestat] low and high boundaries for proper pairs: (1, 544)
[M::mem_pestat] analyzing insert size distribution for orientation RF...
[M::mem_pestat] (25, 50, 75) percentile: (112, 422, 1380)
[M::mem_pestat] low and high boundaries for computing mean and std.dev: (1, 3916)
[M::mem_pestat] mean and std.dev: (735.66, 837.05)
[M::mem_pestat] low and high boundaries for proper pairs: (1, 5184)
[M::mem_pestat] analyzing insert size distribution for orientation RR...
[M::mem_pestat] (25, 50, 75) percentile: (163, 497, 3342)
[M::mem_pestat] low and high boundaries for computing mean and std.dev: (1, 9700)
[M::mem_pestat] mean and std.dev: (1717.08, 1889.77)
[M::mem_pestat] low and high boundaries for proper pairs: (1, 12879)
[M::mem_pestat] skip orientation RF
[M::mem_pestat] skip orientation RR
[M::mem_process_seqs] Processed 2892966 reads in 3856.286 CPU sec, 96.538 real sec
[M::process] read 2879508 sequences (400000199 bp)...
[M::mem_pestat] # candidate unique pairs for (FF, FR, RF, RR): (5, 776536, 53, 14)
[M::mem_pestat] skip orientation FF as there are not enough pairs
[M::mem_pestat] analyzing insert size distribution for orientation FR...
[M::mem_pestat] (25, 50, 75) percentile: (152, 189, 250)
[M::mem_pestat] low and high boundaries for computing mean and std.dev: (1, 446)
[M::mem_pestat] mean and std.dev: (204.15, 75.87)
[M::mem_pestat] low and high boundaries for proper pairs: (1, 544)
[M::mem_pestat] analyzing insert size distribution for orientation RF...
[M::mem_pestat] (25, 50, 75) percentile: (111, 309, 1009)
[M::mem_pestat] low and high boundaries for computing mean and std.dev: (1, 2805)
[M::mem_pestat] mean and std.dev: (499.33, 602.16)
[M::mem_pestat] low and high boundaries for proper pairs: (1, 3703)
[M::mem_pestat] analyzing insert size distribution for orientation RR...
[M::mem_pestat] (25, 50, 75) percentile: (346, 3899, 3899)
[M::mem_pestat] low and high boundaries for computing mean and std.dev: (1, 11005)
[M::mem_pestat] mean and std.dev: (2713.43, 1808.58)
[M::mem_pestat] low and high boundaries for proper pairs: (1, 14558)
[M::mem_pestat] skip orientation RF
[M::mem_pestat] skip orientation RR
[M::mem_process_seqs] Processed 2879328 reads in 3787.164 CPU sec, 95.169 real sec
[M::process] read 2876224 sequences (400000145 bp)...
[M::mem_pestat] # candidate unique pairs for (FF, FR, RF, RR): (8, 775438, 52, 16)
[M::mem_pestat] skip orientation FF as there are not enough pairs
[M::mem_pestat] analyzing insert size distribution for orientation FR...
[M::mem_pestat] (25, 50, 75) percentile: (152, 188, 246)
[M::mem_pestat] low and high boundaries for computing mean and std.dev: (1, 434)
[M::mem_pestat] mean and std.dev: (202.00, 73.84)
[M::mem_pestat] low and high boundaries for proper pairs: (1, 528)
[M::mem_pestat] analyzing insert size distribution for orientation RF...
[M::mem_pestat] (25, 50, 75) percentile: (224, 676, 2983)
[M::mem_pestat] low and high boundaries for computing mean and std.dev: (1, 8501)
[M::mem_pestat] mean and std.dev: (1608.96, 1900.70)
[M::mem_pestat] low and high boundaries for proper pairs: (1, 11260)
[M::mem_pestat] analyzing insert size distribution for orientation RR...
[M::mem_pestat] (25, 50, 75) percentile: (407, 902, 2651)
[M::mem_pestat] low and high boundaries for computing mean and std.dev: (1, 7139)
[M::mem_pestat] mean and std.dev: (1341.81, 1113.44)
[M::mem_pestat] low and high boundaries for proper pairs: (1, 9383)
[M::mem_pestat] skip orientation RF
[M::mem_pestat] skip orientation RR
[M::mem_process_seqs] Processed 2879508 reads in 3803.123 CPU sec, 95.338 real sec
[M::process] read 2871220 sequences (400000245 bp)...
[M::mem_pestat] # candidate unique pairs for (FF, FR, RF, RR): (7, 775156, 35, 11)
[M::mem_pestat] skip orientation FF as there are not enough pairs
[M::mem_pestat] analyzing insert size distribution for orientation FR...
[M::mem_pestat] (25, 50, 75) percentile: (151, 187, 242)
[M::mem_pestat] low and high boundaries for computing mean and std.dev: (1, 424)
[M::mem_pestat] mean and std.dev: (199.91, 71.74)
[M::mem_pestat] low and high boundaries for proper pairs: (1, 515)
[M::mem_pestat] analyzing insert size distribution for orientation RF...
[M::mem_pestat] (25, 50, 75) percentile: (223, 359, 1680)
[M::mem_pestat] low and high boundaries for computing mean and std.dev: (1, 4594)
[M::mem_pestat] mean and std.dev: (853.61, 981.31)
[M::mem_pestat] low and high boundaries for proper pairs: (1, 6051)
[M::mem_pestat] analyzing insert size distribution for orientation RR...
[M::mem_pestat] (25, 50, 75) percentile: (864, 2020, 4327)
[M::mem_pestat] low and high boundaries for computing mean and std.dev: (1, 11253)
[M::mem_pestat] mean and std.dev: (2232.91, 1811.00)
[M::mem_pestat] low and high boundaries for proper pairs: (1, 14716)
[M::mem_pestat] skip orientation RF
[M::mem_pestat] skip orientation RR
[M::mem_process_seqs] Processed 2876224 reads in 3820.340 CPU sec, 95.766 real sec
[M::process] read 2898226 sequences (400000033 bp)...
[M::mem_pestat] # candidate unique pairs for (FF, FR, RF, RR): (5, 776098, 42, 8)
[M::mem_pestat] skip orientation FF as there are not enough pairs
[M::mem_pestat] analyzing insert size distribution for orientation FR...
[M::mem_pestat] (25, 50, 75) percentile: (152, 188, 244)
[M::mem_pestat] low and high boundaries for computing mean and std.dev: (1, 428)
[M::mem_pestat] mean and std.dev: (201.20, 72.22)
[M::mem_pestat] low and high boundaries for proper pairs: (1, 520)
[M::mem_pestat] analyzing insert size distribution for orientation RF...
[M::mem_pestat] (25, 50, 75) percentile: (52, 290, 1448)
[M::mem_pestat] low and high boundaries for computing mean and std.dev: (1, 4240)
[M::mem_pestat] mean and std.dev: (674.27, 1054.98)
[M::mem_pestat] low and high boundaries for proper pairs: (1, 5636)
[M::mem_pestat] skip orientation RR as there are not enough pairs
[M::mem_pestat] skip orientation RF
[M::mem_process_seqs] Processed 2871220 reads in 3808.123 CPU sec, 95.464 real sec
[M::process] read 2892032 sequences (400000092 bp)...
[M::mem_pestat] # candidate unique pairs for (FF, FR, RF, RR): (8, 775741, 45, 12)
[M::mem_pestat] skip orientation FF as there are not enough pairs
[M::mem_pestat] analyzing insert size distribution for orientation FR...
[M::mem_pestat] (25, 50, 75) percentile: (151, 186, 241)
[M::mem_pestat] low and high boundaries for computing mean and std.dev: (1, 421)
[M::mem_pestat] mean and std.dev: (198.95, 71.47)
[M::mem_pestat] low and high boundaries for proper pairs: (1, 511)
[M::mem_pestat] analyzing insert size distribution for orientation RF...
[M::mem_pestat] (25, 50, 75) percentile: (182, 451, 2341)
[M::mem_pestat] low and high boundaries for computing mean and std.dev: (1, 6659)
[M::mem_pestat] mean and std.dev: (1318.30, 1763.36)
[M::mem_pestat] low and high boundaries for proper pairs: (1, 8818)
[M::mem_pestat] analyzing insert size distribution for orientation RR...
[M::mem_pestat] (25, 50, 75) percentile: (78, 181, 5686)
[M::mem_pestat] low and high boundaries for computing mean and std.dev: (1, 16902)
[M::mem_pestat] mean and std.dev: (1651.33, 2480.21)
[M::mem_pestat] low and high boundaries for proper pairs: (1, 22510)
[M::mem_pestat] skip orientation RF
[M::mem_pestat] skip orientation RR
[M::mem_process_seqs] Processed 2898226 reads in 4098.483 CPU sec, 108.445 real sec
[M::process] read 1311744 sequences (182064112 bp)...
[M::mem_pestat] # candidate unique pairs for (FF, FR, RF, RR): (6, 777772, 47, 10)
[M::mem_pestat] skip orientation FF as there are not enough pairs
[M::mem_pestat] analyzing insert size distribution for orientation FR...
[M::mem_pestat] (25, 50, 75) percentile: (151, 186, 241)
[M::mem_pestat] low and high boundaries for computing mean and std.dev: (1, 421)
[M::mem_pestat] mean and std.dev: (198.96, 71.45)
[M::mem_pestat] low and high boundaries for proper pairs: (1, 511)
[M::mem_pestat] analyzing insert size distribution for orientation RF...
[M::mem_pestat] (25, 50, 75) percentile: (131, 533, 2133)
[M::mem_pestat] low and high boundaries for computing mean and std.dev: (1, 6137)
[M::mem_pestat] mean and std.dev: (1093.13, 1224.59)
[M::mem_pestat] low and high boundaries for proper pairs: (1, 8139)
[M::mem_pestat] analyzing insert size distribution for orientation RR...
[M::mem_pestat] (25, 50, 75) percentile: (240, 1266, 3892)
[M::mem_pestat] low and high boundaries for computing mean and std.dev: (1, 11196)
[M::mem_pestat] mean and std.dev: (2162.00, 2765.92)
[M::mem_pestat] low and high boundaries for proper pairs: (1, 14848)
[M::mem_pestat] skip orientation RF
[M::mem_pestat] skip orientation RR
[M::mem_process_seqs] Processed 2892032 reads in 3855.985 CPU sec, 96.652 real sec
[M::mem_pestat] # candidate unique pairs for (FF, FR, RF, RR): (3, 354110, 22, 1)
[M::mem_pestat] skip orientation FF as there are not enough pairs
[M::mem_pestat] analyzing insert size distribution for orientation FR...
[M::mem_pestat] (25, 50, 75) percentile: (151, 186, 242)
[M::mem_pestat] low and high boundaries for computing mean and std.dev: (1, 424)
[M::mem_pestat] mean and std.dev: (199.76, 71.97)
[M::mem_pestat] low and high boundaries for proper pairs: (1, 515)
[M::mem_pestat] analyzing insert size distribution for orientation RF...
[M::mem_pestat] (25, 50, 75) percentile: (119, 369, 1020)
[M::mem_pestat] low and high boundaries for computing mean and std.dev: (1, 2822)
[M::mem_pestat] mean and std.dev: (443.22, 565.51)
[M::mem_pestat] low and high boundaries for proper pairs: (1, 3723)
[M::mem_pestat] skip orientation RR as there are not enough pairs
[M::mem_pestat] skip orientation RF
[M::mem_process_seqs] Processed 1311744 reads in 1784.395 CPU sec, 44.737 real sec
[main] Version: 0.7.17-r1188
[main] CMD: /home/shared/bwa-0.7.17/bwa mem -M -t 40 ../data/bwa-GCF_031168955.1_ASM3116895v1_genomic ../data/trimmed-fastqs-heatwave-genetics/MHW128_trimmed_clipped_R1_paired.fq.gz ../data/trimmed-fastqs-heatwave-genetics/MHW128_trimmed_clipped_R2_paired.fq.gz
[main] Real time: 3415.735 sec; CPU: 135390.004 sec
