[M::bwa_idx_load_from_disk] read 0 ALT contigs
[M::process] read 2991810 sequences (400000274 bp)...
[M::process] read 2981014 sequences (400000062 bp)...
[M::mem_pestat] # candidate unique pairs for (FF, FR, RF, RR): (2, 724977, 37, 5)
[M::mem_pestat] skip orientation FF as there are not enough pairs
[M::mem_pestat] analyzing insert size distribution for orientation FR...
[M::mem_pestat] (25, 50, 75) percentile: (132, 163, 205)
[M::mem_pestat] low and high boundaries for computing mean and std.dev: (1, 351)
[M::mem_pestat] mean and std.dev: (170.71, 59.64)
[M::mem_pestat] low and high boundaries for proper pairs: (1, 424)
[M::mem_pestat] analyzing insert size distribution for orientation RF...
[M::mem_pestat] (25, 50, 75) percentile: (68, 218, 1714)
[M::mem_pestat] low and high boundaries for computing mean and std.dev: (1, 5006)
[M::mem_pestat] mean and std.dev: (743.68, 1023.30)
[M::mem_pestat] low and high boundaries for proper pairs: (1, 6652)
[M::mem_pestat] skip orientation RR as there are not enough pairs
[M::mem_pestat] skip orientation RF
[M::mem_process_seqs] Processed 2991810 reads in 4734.330 CPU sec, 118.685 real sec
[M::process] read 2979284 sequences (400000271 bp)...
[M::mem_pestat] # candidate unique pairs for (FF, FR, RF, RR): (3, 718626, 52, 1)
[M::mem_pestat] skip orientation FF as there are not enough pairs
[M::mem_pestat] analyzing insert size distribution for orientation FR...
[M::mem_pestat] (25, 50, 75) percentile: (134, 165, 209)
[M::mem_pestat] low and high boundaries for computing mean and std.dev: (1, 359)
[M::mem_pestat] mean and std.dev: (174.17, 61.48)
[M::mem_pestat] low and high boundaries for proper pairs: (1, 434)
[M::mem_pestat] analyzing insert size distribution for orientation RF...
[M::mem_pestat] (25, 50, 75) percentile: (70, 402, 2254)
[M::mem_pestat] low and high boundaries for computing mean and std.dev: (1, 6622)
[M::mem_pestat] mean and std.dev: (892.04, 1148.34)
[M::mem_pestat] low and high boundaries for proper pairs: (1, 8806)
[M::mem_pestat] skip orientation RR as there are not enough pairs
[M::mem_pestat] skip orientation RF
[M::mem_process_seqs] Processed 2981014 reads in 4992.128 CPU sec, 125.296 real sec
[M::process] read 2982870 sequences (400000159 bp)...
[M::mem_pestat] # candidate unique pairs for (FF, FR, RF, RR): (5, 723321, 49, 3)
[M::mem_pestat] skip orientation FF as there are not enough pairs
[M::mem_pestat] analyzing insert size distribution for orientation FR...
[M::mem_pestat] (25, 50, 75) percentile: (132, 164, 207)
[M::mem_pestat] low and high boundaries for computing mean and std.dev: (1, 357)
[M::mem_pestat] mean and std.dev: (172.38, 60.77)
[M::mem_pestat] low and high boundaries for proper pairs: (1, 432)
[M::mem_pestat] analyzing insert size distribution for orientation RF...
[M::mem_pestat] (25, 50, 75) percentile: (40, 160, 952)
[M::mem_pestat] low and high boundaries for computing mean and std.dev: (1, 2776)
[M::mem_pestat] mean and std.dev: (391.84, 653.28)
[M::mem_pestat] low and high boundaries for proper pairs: (1, 3688)
[M::mem_pestat] skip orientation RR as there are not enough pairs
[M::mem_pestat] skip orientation RF
[M::mem_process_seqs] Processed 2979284 reads in 4922.033 CPU sec, 123.429 real sec
[M::process] read 2975272 sequences (400000144 bp)...
[M::mem_pestat] # candidate unique pairs for (FF, FR, RF, RR): (4, 723696, 44, 0)
[M::mem_pestat] skip orientation FF as there are not enough pairs
[M::mem_pestat] analyzing insert size distribution for orientation FR...
[M::mem_pestat] (25, 50, 75) percentile: (133, 164, 207)
[M::mem_pestat] low and high boundaries for computing mean and std.dev: (1, 355)
[M::mem_pestat] mean and std.dev: (172.65, 60.59)
[M::mem_pestat] low and high boundaries for proper pairs: (1, 429)
[M::mem_pestat] analyzing insert size distribution for orientation RF...
[M::mem_pestat] (25, 50, 75) percentile: (72, 241, 1232)
[M::mem_pestat] low and high boundaries for computing mean and std.dev: (1, 3552)
[M::mem_pestat] mean and std.dev: (522.59, 619.94)
[M::mem_pestat] low and high boundaries for proper pairs: (1, 4712)
[M::mem_pestat] skip orientation RR as there are not enough pairs
[M::mem_pestat] skip orientation RF
[M::mem_process_seqs] Processed 2982870 reads in 5012.725 CPU sec, 125.780 real sec
[M::process] read 2983618 sequences (400000267 bp)...
[M::mem_pestat] # candidate unique pairs for (FF, FR, RF, RR): (2, 721978, 43, 12)
[M::mem_pestat] skip orientation FF as there are not enough pairs
[M::mem_pestat] analyzing insert size distribution for orientation FR...
[M::mem_pestat] (25, 50, 75) percentile: (133, 165, 209)
[M::mem_pestat] low and high boundaries for computing mean and std.dev: (1, 361)
[M::mem_pestat] mean and std.dev: (174.10, 61.87)
[M::mem_pestat] low and high boundaries for proper pairs: (1, 437)
[M::mem_pestat] analyzing insert size distribution for orientation RF...
[M::mem_pestat] (25, 50, 75) percentile: (106, 372, 2187)
[M::mem_pestat] low and high boundaries for computing mean and std.dev: (1, 6349)
[M::mem_pestat] mean and std.dev: (1223.60, 1494.93)
[M::mem_pestat] low and high boundaries for proper pairs: (1, 8430)
[M::mem_pestat] analyzing insert size distribution for orientation RR...
[M::mem_pestat] (25, 50, 75) percentile: (158, 1997, 1997)
[M::mem_pestat] low and high boundaries for computing mean and std.dev: (1, 5675)
[M::mem_pestat] mean and std.dev: (1048.73, 1003.54)
[M::mem_pestat] low and high boundaries for proper pairs: (1, 7514)
[M::mem_pestat] skip orientation RF
[M::mem_pestat] skip orientation RR
[M::mem_process_seqs] Processed 2975272 reads in 4964.427 CPU sec, 124.810 real sec
[M::process] read 2968154 sequences (400000083 bp)...
[M::mem_pestat] # candidate unique pairs for (FF, FR, RF, RR): (7, 725435, 50, 4)
[M::mem_pestat] skip orientation FF as there are not enough pairs
[M::mem_pestat] analyzing insert size distribution for orientation FR...
[M::mem_pestat] (25, 50, 75) percentile: (132, 164, 206)
[M::mem_pestat] low and high boundaries for computing mean and std.dev: (1, 354)
[M::mem_pestat] mean and std.dev: (171.66, 60.20)
[M::mem_pestat] low and high boundaries for proper pairs: (1, 428)
[M::mem_pestat] analyzing insert size distribution for orientation RF...
[M::mem_pestat] (25, 50, 75) percentile: (31, 131, 1296)
[M::mem_pestat] low and high boundaries for computing mean and std.dev: (1, 3826)
[M::mem_pestat] mean and std.dev: (622.00, 896.06)
[M::mem_pestat] low and high boundaries for proper pairs: (1, 5091)
[M::mem_pestat] skip orientation RR as there are not enough pairs
[M::mem_pestat] skip orientation RF
[M::mem_process_seqs] Processed 2983618 reads in 4912.594 CPU sec, 123.149 real sec
[M::process] read 3001744 sequences (400000209 bp)...
[M::mem_pestat] # candidate unique pairs for (FF, FR, RF, RR): (3, 720176, 34, 5)
[M::mem_pestat] skip orientation FF as there are not enough pairs
[M::mem_pestat] analyzing insert size distribution for orientation FR...
[M::mem_pestat] (25, 50, 75) percentile: (134, 166, 212)
[M::mem_pestat] low and high boundaries for computing mean and std.dev: (1, 368)
[M::mem_pestat] mean and std.dev: (175.89, 62.88)
[M::mem_pestat] low and high boundaries for proper pairs: (1, 446)
[M::mem_pestat] analyzing insert size distribution for orientation RF...
[M::mem_pestat] (25, 50, 75) percentile: (71, 223, 1209)
[M::mem_pestat] low and high boundaries for computing mean and std.dev: (1, 3485)
[M::mem_pestat] mean and std.dev: (564.91, 769.43)
[M::mem_pestat] low and high boundaries for proper pairs: (1, 4623)
[M::mem_pestat] skip orientation RR as there are not enough pairs
[M::mem_pestat] skip orientation RF
[M::mem_process_seqs] Processed 2968154 reads in 5007.265 CPU sec, 125.531 real sec
[M::process] read 2998520 sequences (400000200 bp)...
[M::mem_pestat] # candidate unique pairs for (FF, FR, RF, RR): (10, 718879, 44, 11)
[M::mem_pestat] analyzing insert size distribution for orientation FF...
[M::mem_pestat] (25, 50, 75) percentile: (87, 2664, 4818)
[M::mem_pestat] low and high boundaries for computing mean and std.dev: (1, 14280)
[M::mem_pestat] mean and std.dev: (2507.70, 2300.97)
[M::mem_pestat] low and high boundaries for proper pairs: (1, 19011)
[M::mem_pestat] analyzing insert size distribution for orientation FR...
[M::mem_pestat] (25, 50, 75) percentile: (133, 165, 209)
[M::mem_pestat] low and high boundaries for computing mean and std.dev: (1, 361)
[M::mem_pestat] mean and std.dev: (173.94, 61.73)
[M::mem_pestat] low and high boundaries for proper pairs: (1, 437)
[M::mem_pestat] analyzing insert size distribution for orientation RF...
[M::mem_pestat] (25, 50, 75) percentile: (73, 138, 1158)
[M::mem_pestat] low and high boundaries for computing mean and std.dev: (1, 3328)
[M::mem_pestat] mean and std.dev: (456.22, 733.98)
[M::mem_pestat] low and high boundaries for proper pairs: (1, 4413)
[M::mem_pestat] analyzing insert size distribution for orientation RR...
[M::mem_pestat] (25, 50, 75) percentile: (154, 279, 1251)
[M::mem_pestat] low and high boundaries for computing mean and std.dev: (1, 3445)
[M::mem_pestat] mean and std.dev: (699.73, 798.63)
[M::mem_pestat] low and high boundaries for proper pairs: (1, 4542)
[M::mem_pestat] skip orientation FF
[M::mem_pestat] skip orientation RF
[M::mem_pestat] skip orientation RR
[M::mem_process_seqs] Processed 3001744 reads in 5014.721 CPU sec, 125.505 real sec
[M::process] read 2995120 sequences (400000219 bp)...
[M::mem_pestat] # candidate unique pairs for (FF, FR, RF, RR): (7, 720994, 62, 4)
[M::mem_pestat] skip orientation FF as there are not enough pairs
[M::mem_pestat] analyzing insert size distribution for orientation FR...
[M::mem_pestat] (25, 50, 75) percentile: (134, 165, 209)
[M::mem_pestat] low and high boundaries for computing mean and std.dev: (1, 359)
[M::mem_pestat] mean and std.dev: (173.92, 61.48)
[M::mem_pestat] low and high boundaries for proper pairs: (1, 434)
[M::mem_pestat] analyzing insert size distribution for orientation RF...
[M::mem_pestat] (25, 50, 75) percentile: (29, 129, 1220)
[M::mem_pestat] low and high boundaries for computing mean and std.dev: (1, 3602)
[M::mem_pestat] mean and std.dev: (509.09, 857.47)
[M::mem_pestat] low and high boundaries for proper pairs: (1, 4793)
[M::mem_pestat] skip orientation RR as there are not enough pairs
[M::mem_pestat] skip orientation RF
[M::mem_process_seqs] Processed 2998520 reads in 5016.475 CPU sec, 125.797 real sec
[M::process] read 2993678 sequences (400000203 bp)...
[M::mem_pestat] # candidate unique pairs for (FF, FR, RF, RR): (4, 719804, 43, 5)
[M::mem_pestat] skip orientation FF as there are not enough pairs
[M::mem_pestat] analyzing insert size distribution for orientation FR...
[M::mem_pestat] (25, 50, 75) percentile: (133, 165, 209)
[M::mem_pestat] low and high boundaries for computing mean and std.dev: (1, 361)
[M::mem_pestat] mean and std.dev: (173.51, 61.72)
[M::mem_pestat] low and high boundaries for proper pairs: (1, 437)
[M::mem_pestat] analyzing insert size distribution for orientation RF...
[M::mem_pestat] (25, 50, 75) percentile: (122, 321, 1286)
[M::mem_pestat] low and high boundaries for computing mean and std.dev: (1, 3614)
[M::mem_pestat] mean and std.dev: (689.00, 776.00)
[M::mem_pestat] low and high boundaries for proper pairs: (1, 4778)
[M::mem_pestat] skip orientation RR as there are not enough pairs
[M::mem_pestat] skip orientation RF
[M::mem_process_seqs] Processed 2995120 reads in 5005.147 CPU sec, 125.910 real sec
[M::process] read 2990012 sequences (400000091 bp)...
[M::mem_pestat] # candidate unique pairs for (FF, FR, RF, RR): (9, 721456, 39, 6)
[M::mem_pestat] skip orientation FF as there are not enough pairs
[M::mem_pestat] analyzing insert size distribution for orientation FR...
[M::mem_pestat] (25, 50, 75) percentile: (133, 165, 209)
[M::mem_pestat] low and high boundaries for computing mean and std.dev: (1, 361)
[M::mem_pestat] mean and std.dev: (173.75, 61.63)
[M::mem_pestat] low and high boundaries for proper pairs: (1, 437)
[M::mem_pestat] analyzing insert size distribution for orientation RF...
[M::mem_pestat] (25, 50, 75) percentile: (41, 296, 1197)
[M::mem_pestat] low and high boundaries for computing mean and std.dev: (1, 3509)
[M::mem_pestat] mean and std.dev: (543.34, 766.39)
[M::mem_pestat] low and high boundaries for proper pairs: (1, 4665)
[M::mem_pestat] skip orientation RR as there are not enough pairs
[M::mem_pestat] skip orientation RF
[M::mem_process_seqs] Processed 2993678 reads in 4984.954 CPU sec, 124.737 real sec
[M::process] read 3000250 sequences (400000008 bp)...
[M::mem_pestat] # candidate unique pairs for (FF, FR, RF, RR): (11, 721762, 53, 4)
[M::mem_pestat] analyzing insert size distribution for orientation FF...
[M::mem_pestat] (25, 50, 75) percentile: (124, 148, 1215)
[M::mem_pestat] low and high boundaries for computing mean and std.dev: (1, 3397)
[M::mem_pestat] mean and std.dev: (588.00, 805.10)
[M::mem_pestat] low and high boundaries for proper pairs: (1, 4488)
[M::mem_pestat] analyzing insert size distribution for orientation FR...
[M::mem_pestat] (25, 50, 75) percentile: (133, 165, 209)
[M::mem_pestat] low and high boundaries for computing mean and std.dev: (1, 361)
[M::mem_pestat] mean and std.dev: (173.99, 61.80)
[M::mem_pestat] low and high boundaries for proper pairs: (1, 437)
[M::mem_pestat] analyzing insert size distribution for orientation RF...
[M::mem_pestat] (25, 50, 75) percentile: (46, 196, 1224)
[M::mem_pestat] low and high boundaries for computing mean and std.dev: (1, 3580)
[M::mem_pestat] mean and std.dev: (619.66, 820.42)
[M::mem_pestat] low and high boundaries for proper pairs: (1, 4758)
[M::mem_pestat] skip orientation RR as there are not enough pairs
[M::mem_pestat] skip orientation FF
[M::mem_pestat] skip orientation RF
[M::mem_process_seqs] Processed 2990012 reads in 4967.936 CPU sec, 124.591 real sec
[M::process] read 2978426 sequences (400000126 bp)...
[M::mem_pestat] # candidate unique pairs for (FF, FR, RF, RR): (6, 722549, 43, 4)
[M::mem_pestat] skip orientation FF as there are not enough pairs
[M::mem_pestat] analyzing insert size distribution for orientation FR...
[M::mem_pestat] (25, 50, 75) percentile: (133, 164, 207)
[M::mem_pestat] low and high boundaries for computing mean and std.dev: (1, 355)
[M::mem_pestat] mean and std.dev: (172.51, 60.68)
[M::mem_pestat] low and high boundaries for proper pairs: (1, 429)
[M::mem_pestat] analyzing insert size distribution for orientation RF...
[M::mem_pestat] (25, 50, 75) percentile: (57, 172, 1546)
[M::mem_pestat] low and high boundaries for computing mean and std.dev: (1, 4524)
[M::mem_pestat] mean and std.dev: (867.23, 1250.54)
[M::mem_pestat] low and high boundaries for proper pairs: (1, 6013)
[M::mem_pestat] skip orientation RR as there are not enough pairs
[M::mem_pestat] skip orientation RF
[M::mem_process_seqs] Processed 3000250 reads in 5092.040 CPU sec, 127.993 real sec
[M::process] read 2982248 sequences (400000097 bp)...
[M::mem_pestat] # candidate unique pairs for (FF, FR, RF, RR): (12, 721870, 39, 9)
[M::mem_pestat] analyzing insert size distribution for orientation FF...
[M::mem_pestat] (25, 50, 75) percentile: (48, 191, 3973)
[M::mem_pestat] low and high boundaries for computing mean and std.dev: (1, 11823)
[M::mem_pestat] mean and std.dev: (1415.00, 1847.39)
[M::mem_pestat] low and high boundaries for proper pairs: (1, 15748)
[M::mem_pestat] analyzing insert size distribution for orientation FR...
[M::mem_pestat] (25, 50, 75) percentile: (134, 165, 210)
[M::mem_pestat] low and high boundaries for computing mean and std.dev: (1, 362)
[M::mem_pestat] mean and std.dev: (174.41, 62.00)
[M::mem_pestat] low and high boundaries for proper pairs: (1, 438)
[M::mem_pestat] analyzing insert size distribution for orientation RF...
[M::mem_pestat] (25, 50, 75) percentile: (32, 238, 1097)
[M::mem_pestat] low and high boundaries for computing mean and std.dev: (1, 3227)
[M::mem_pestat] mean and std.dev: (465.03, 562.85)
[M::mem_pestat] low and high boundaries for proper pairs: (1, 4292)
[M::mem_pestat] skip orientation RR as there are not enough pairs
[M::mem_pestat] skip orientation FF
[M::mem_pestat] skip orientation RF
[M::mem_process_seqs] Processed 2978426 reads in 4980.341 CPU sec, 124.856 real sec
[M::process] read 2969918 sequences (400000132 bp)...
[M::mem_pestat] # candidate unique pairs for (FF, FR, RF, RR): (6, 723937, 54, 4)
[M::mem_pestat] skip orientation FF as there are not enough pairs
[M::mem_pestat] analyzing insert size distribution for orientation FR...
[M::mem_pestat] (25, 50, 75) percentile: (133, 164, 207)
[M::mem_pestat] low and high boundaries for computing mean and std.dev: (1, 355)
[M::mem_pestat] mean and std.dev: (172.37, 60.66)
[M::mem_pestat] low and high boundaries for proper pairs: (1, 429)
[M::mem_pestat] analyzing insert size distribution for orientation RF...
[M::mem_pestat] (25, 50, 75) percentile: (52, 224, 1318)
[M::mem_pestat] low and high boundaries for computing mean and std.dev: (1, 3850)
[M::mem_pestat] mean and std.dev: (616.24, 861.31)
[M::mem_pestat] low and high boundaries for proper pairs: (1, 5116)
[M::mem_pestat] skip orientation RR as there are not enough pairs
[M::mem_pestat] skip orientation RF
[M::mem_process_seqs] Processed 2982248 reads in 4921.364 CPU sec, 123.413 real sec
[M::process] read 2974350 sequences (400000003 bp)...
[M::mem_pestat] # candidate unique pairs for (FF, FR, RF, RR): (5, 721831, 44, 7)
[M::mem_pestat] skip orientation FF as there are not enough pairs
[M::mem_pestat] analyzing insert size distribution for orientation FR...
[M::mem_pestat] (25, 50, 75) percentile: (134, 166, 210)
[M::mem_pestat] low and high boundaries for computing mean and std.dev: (1, 362)
[M::mem_pestat] mean and std.dev: (174.86, 61.93)
[M::mem_pestat] low and high boundaries for proper pairs: (1, 438)
[M::mem_pestat] analyzing insert size distribution for orientation RF...
[M::mem_pestat] (25, 50, 75) percentile: (79, 140, 1321)
[M::mem_pestat] low and high boundaries for computing mean and std.dev: (1, 3805)
[M::mem_pestat] mean and std.dev: (636.76, 985.85)
[M::mem_pestat] low and high boundaries for proper pairs: (1, 5047)
[M::mem_pestat] skip orientation RR as there are not enough pairs
[M::mem_pestat] skip orientation RF
[M::mem_process_seqs] Processed 2969918 reads in 4976.339 CPU sec, 124.749 real sec
[M::process] read 2978122 sequences (400000072 bp)...
[M::mem_pestat] # candidate unique pairs for (FF, FR, RF, RR): (8, 721351, 39, 3)
[M::mem_pestat] skip orientation FF as there are not enough pairs
[M::mem_pestat] analyzing insert size distribution for orientation FR...
[M::mem_pestat] (25, 50, 75) percentile: (133, 165, 208)
[M::mem_pestat] low and high boundaries for computing mean and std.dev: (1, 358)
[M::mem_pestat] mean and std.dev: (173.18, 61.12)
[M::mem_pestat] low and high boundaries for proper pairs: (1, 433)
[M::mem_pestat] analyzing insert size distribution for orientation RF...
[M::mem_pestat] (25, 50, 75) percentile: (79, 127, 1259)
[M::mem_pestat] low and high boundaries for computing mean and std.dev: (1, 3619)
[M::mem_pestat] mean and std.dev: (620.22, 755.68)
[M::mem_pestat] low and high boundaries for proper pairs: (1, 4799)
[M::mem_pestat] skip orientation RR as there are not enough pairs
[M::mem_pestat] skip orientation RF
[M::mem_process_seqs] Processed 2974350 reads in 5267.273 CPU sec, 138.321 real sec
[M::process] read 2970360 sequences (400000159 bp)...
[M::mem_pestat] # candidate unique pairs for (FF, FR, RF, RR): (4, 722668, 38, 3)
[M::mem_pestat] skip orientation FF as there are not enough pairs
[M::mem_pestat] analyzing insert size distribution for orientation FR...
[M::mem_pestat] (25, 50, 75) percentile: (133, 165, 208)
[M::mem_pestat] low and high boundaries for computing mean and std.dev: (1, 358)
[M::mem_pestat] mean and std.dev: (173.25, 61.14)
[M::mem_pestat] low and high boundaries for proper pairs: (1, 433)
[M::mem_pestat] analyzing insert size distribution for orientation RF...
[M::mem_pestat] (25, 50, 75) percentile: (105, 735, 2085)
[M::mem_pestat] low and high boundaries for computing mean and std.dev: (1, 6045)
[M::mem_pestat] mean and std.dev: (947.89, 962.19)
[M::mem_pestat] low and high boundaries for proper pairs: (1, 8025)
[M::mem_pestat] skip orientation RR as there are not enough pairs
[M::mem_pestat] skip orientation RF
[M::mem_process_seqs] Processed 2978122 reads in 4980.833 CPU sec, 125.154 real sec
[M::process] read 2972002 sequences (400000178 bp)...
[M::mem_pestat] # candidate unique pairs for (FF, FR, RF, RR): (10, 719730, 42, 8)
[M::mem_pestat] analyzing insert size distribution for orientation FF...
[M::mem_pestat] (25, 50, 75) percentile: (2752, 2952, 4121)
[M::mem_pestat] low and high boundaries for computing mean and std.dev: (14, 6859)
[M::mem_pestat] mean and std.dev: (3176.50, 1417.28)
[M::mem_pestat] low and high boundaries for proper pairs: (1, 8846)
[M::mem_pestat] analyzing insert size distribution for orientation FR...
[M::mem_pestat] (25, 50, 75) percentile: (134, 166, 211)
[M::mem_pestat] low and high boundaries for computing mean and std.dev: (1, 365)
[M::mem_pestat] mean and std.dev: (175.28, 62.43)
[M::mem_pestat] low and high boundaries for proper pairs: (1, 442)
[M::mem_pestat] analyzing insert size distribution for orientation RF...
[M::mem_pestat] (25, 50, 75) percentile: (113, 416, 2452)
[M::mem_pestat] low and high boundaries for computing mean and std.dev: (1, 7130)
[M::mem_pestat] mean and std.dev: (1090.59, 1524.11)
[M::mem_pestat] low and high boundaries for proper pairs: (1, 9469)
[M::mem_pestat] skip orientation RR as there are not enough pairs
[M::mem_pestat] skip orientation FF
[M::mem_pestat] skip orientation RF
[M::mem_process_seqs] Processed 2970360 reads in 4983.122 CPU sec, 124.688 real sec
[M::process] read 2964946 sequences (400000134 bp)...
[M::mem_pestat] # candidate unique pairs for (FF, FR, RF, RR): (4, 721108, 39, 7)
[M::mem_pestat] skip orientation FF as there are not enough pairs
[M::mem_pestat] analyzing insert size distribution for orientation FR...
[M::mem_pestat] (25, 50, 75) percentile: (133, 165, 209)
[M::mem_pestat] low and high boundaries for computing mean and std.dev: (1, 361)
[M::mem_pestat] mean and std.dev: (173.59, 61.44)
[M::mem_pestat] low and high boundaries for proper pairs: (1, 437)
[M::mem_pestat] analyzing insert size distribution for orientation RF...
[M::mem_pestat] (25, 50, 75) percentile: (137, 347, 1184)
[M::mem_pestat] low and high boundaries for computing mean and std.dev: (1, 3278)
[M::mem_pestat] mean and std.dev: (657.47, 671.33)
[M::mem_pestat] low and high boundaries for proper pairs: (1, 4325)
[M::mem_pestat] skip orientation RR as there are not enough pairs
[M::mem_pestat] skip orientation RF
[M::mem_process_seqs] Processed 2972002 reads in 4918.907 CPU sec, 123.609 real sec
[M::process] read 2999496 sequences (400000075 bp)...
[M::mem_pestat] # candidate unique pairs for (FF, FR, RF, RR): (8, 719945, 57, 8)
[M::mem_pestat] skip orientation FF as there are not enough pairs
[M::mem_pestat] analyzing insert size distribution for orientation FR...
[M::mem_pestat] (25, 50, 75) percentile: (134, 166, 211)
[M::mem_pestat] low and high boundaries for computing mean and std.dev: (1, 365)
[M::mem_pestat] mean and std.dev: (175.53, 62.29)
[M::mem_pestat] low and high boundaries for proper pairs: (1, 442)
[M::mem_pestat] analyzing insert size distribution for orientation RF...
[M::mem_pestat] (25, 50, 75) percentile: (73, 171, 1166)
[M::mem_pestat] low and high boundaries for computing mean and std.dev: (1, 3352)
[M::mem_pestat] mean and std.dev: (530.61, 669.91)
[M::mem_pestat] low and high boundaries for proper pairs: (1, 4445)
[M::mem_pestat] skip orientation RR as there are not enough pairs
[M::mem_pestat] skip orientation RF
[M::mem_process_seqs] Processed 2964946 reads in 5007.400 CPU sec, 125.376 real sec
[M::process] read 2991292 sequences (400000132 bp)...
[M::mem_pestat] # candidate unique pairs for (FF, FR, RF, RR): (7, 720051, 46, 2)
[M::mem_pestat] skip orientation FF as there are not enough pairs
[M::mem_pestat] analyzing insert size distribution for orientation FR...
[M::mem_pestat] (25, 50, 75) percentile: (133, 165, 209)
[M::mem_pestat] low and high boundaries for computing mean and std.dev: (1, 361)
[M::mem_pestat] mean and std.dev: (173.68, 61.88)
[M::mem_pestat] low and high boundaries for proper pairs: (1, 437)
[M::mem_pestat] analyzing insert size distribution for orientation RF...
[M::mem_pestat] (25, 50, 75) percentile: (70, 290, 1302)
[M::mem_pestat] low and high boundaries for computing mean and std.dev: (1, 3766)
[M::mem_pestat] mean and std.dev: (856.75, 1037.76)
[M::mem_pestat] low and high boundaries for proper pairs: (1, 5008)
[M::mem_pestat] skip orientation RR as there are not enough pairs
[M::mem_pestat] skip orientation RF
[M::mem_process_seqs] Processed 2999496 reads in 4955.319 CPU sec, 124.531 real sec
[M::process] read 2987990 sequences (400000205 bp)...
[M::mem_pestat] # candidate unique pairs for (FF, FR, RF, RR): (9, 721172, 55, 6)
[M::mem_pestat] skip orientation FF as there are not enough pairs
[M::mem_pestat] analyzing insert size distribution for orientation FR...
[M::mem_pestat] (25, 50, 75) percentile: (134, 165, 210)
[M::mem_pestat] low and high boundaries for computing mean and std.dev: (1, 362)
[M::mem_pestat] mean and std.dev: (174.34, 61.90)
[M::mem_pestat] low and high boundaries for proper pairs: (1, 438)
[M::mem_pestat] analyzing insert size distribution for orientation RF...
[M::mem_pestat] (25, 50, 75) percentile: (132, 236, 1281)
[M::mem_pestat] low and high boundaries for computing mean and std.dev: (1, 3579)
[M::mem_pestat] mean and std.dev: (579.10, 687.55)
[M::mem_pestat] low and high boundaries for proper pairs: (1, 4728)
[M::mem_pestat] skip orientation RR as there are not enough pairs
[M::mem_pestat] skip orientation RF
[M::mem_process_seqs] Processed 2991292 reads in 5015.525 CPU sec, 125.770 real sec
[M::process] read 2990098 sequences (400000162 bp)...
[M::mem_pestat] # candidate unique pairs for (FF, FR, RF, RR): (7, 721925, 56, 6)
[M::mem_pestat] skip orientation FF as there are not enough pairs
[M::mem_pestat] analyzing insert size distribution for orientation FR...
[M::mem_pestat] (25, 50, 75) percentile: (133, 165, 209)
[M::mem_pestat] low and high boundaries for computing mean and std.dev: (1, 361)
[M::mem_pestat] mean and std.dev: (173.73, 61.53)
[M::mem_pestat] low and high boundaries for proper pairs: (1, 437)
[M::mem_pestat] analyzing insert size distribution for orientation RF...
[M::mem_pestat] (25, 50, 75) percentile: (40, 200, 1186)
[M::mem_pestat] low and high boundaries for computing mean and std.dev: (1, 3478)
[M::mem_pestat] mean and std.dev: (477.67, 612.60)
[M::mem_pestat] low and high boundaries for proper pairs: (1, 4624)
[M::mem_pestat] skip orientation RR as there are not enough pairs
[M::mem_pestat] skip orientation RF
[M::mem_process_seqs] Processed 2987990 reads in 4984.359 CPU sec, 124.963 real sec
[M::process] read 2991106 sequences (400000045 bp)...
[M::mem_pestat] # candidate unique pairs for (FF, FR, RF, RR): (8, 720655, 53, 14)
[M::mem_pestat] skip orientation FF as there are not enough pairs
[M::mem_pestat] analyzing insert size distribution for orientation FR...
[M::mem_pestat] (25, 50, 75) percentile: (134, 165, 210)
[M::mem_pestat] low and high boundaries for computing mean and std.dev: (1, 362)
[M::mem_pestat] mean and std.dev: (174.43, 62.06)
[M::mem_pestat] low and high boundaries for proper pairs: (1, 438)
[M::mem_pestat] analyzing insert size distribution for orientation RF...
[M::mem_pestat] (25, 50, 75) percentile: (40, 194, 1290)
[M::mem_pestat] low and high boundaries for computing mean and std.dev: (1, 3790)
[M::mem_pestat] mean and std.dev: (637.59, 946.43)
[M::mem_pestat] low and high boundaries for proper pairs: (1, 5040)
[M::mem_pestat] analyzing insert size distribution for orientation RR...
[M::mem_pestat] (25, 50, 75) percentile: (228, 443, 2146)
[M::mem_pestat] low and high boundaries for computing mean and std.dev: (1, 5982)
[M::mem_pestat] mean and std.dev: (1476.57, 1926.34)
[M::mem_pestat] low and high boundaries for proper pairs: (1, 9182)
[M::mem_pestat] skip orientation RF
[M::mem_pestat] skip orientation RR
[M::mem_process_seqs] Processed 2990098 reads in 4992.529 CPU sec, 124.965 real sec
[M::process] read 2980528 sequences (400000016 bp)...
[M::mem_pestat] # candidate unique pairs for (FF, FR, RF, RR): (6, 722429, 43, 10)
[M::mem_pestat] skip orientation FF as there are not enough pairs
[M::mem_pestat] analyzing insert size distribution for orientation FR...
[M::mem_pestat] (25, 50, 75) percentile: (133, 165, 210)
[M::mem_pestat] low and high boundaries for computing mean and std.dev: (1, 364)
[M::mem_pestat] mean and std.dev: (174.34, 61.98)
[M::mem_pestat] low and high boundaries for proper pairs: (1, 441)
[M::mem_pestat] analyzing insert size distribution for orientation RF...
[M::mem_pestat] (25, 50, 75) percentile: (60, 225, 1295)
[M::mem_pestat] low and high boundaries for computing mean and std.dev: (1, 3765)
[M::mem_pestat] mean and std.dev: (709.95, 904.39)
[M::mem_pestat] low and high boundaries for proper pairs: (1, 5000)
[M::mem_pestat] analyzing insert size distribution for orientation RR...
[M::mem_pestat] (25, 50, 75) percentile: (111, 1995, 3988)
[M::mem_pestat] low and high boundaries for computing mean and std.dev: (1, 11742)
[M::mem_pestat] mean and std.dev: (1911.20, 2047.11)
[M::mem_pestat] low and high boundaries for proper pairs: (1, 15619)
[M::mem_pestat] skip orientation RF
[M::mem_pestat] skip orientation RR
[M::mem_process_seqs] Processed 2991106 reads in 5016.783 CPU sec, 126.049 real sec
[M::process] read 2982842 sequences (400000096 bp)...
[M::mem_pestat] # candidate unique pairs for (FF, FR, RF, RR): (8, 721519, 45, 9)
[M::mem_pestat] skip orientation FF as there are not enough pairs
[M::mem_pestat] analyzing insert size distribution for orientation FR...
[M::mem_pestat] (25, 50, 75) percentile: (133, 165, 210)
[M::mem_pestat] low and high boundaries for computing mean and std.dev: (1, 364)
[M::mem_pestat] mean and std.dev: (174.38, 62.28)
[M::mem_pestat] low and high boundaries for proper pairs: (1, 441)
[M::mem_pestat] analyzing insert size distribution for orientation RF...
[M::mem_pestat] (25, 50, 75) percentile: (100, 734, 2448)
[M::mem_pestat] low and high boundaries for computing mean and std.dev: (1, 7144)
[M::mem_pestat] mean and std.dev: (1559.80, 1824.52)
[M::mem_pestat] low and high boundaries for proper pairs: (1, 9492)
[M::mem_pestat] skip orientation RR as there are not enough pairs
[M::mem_pestat] skip orientation RF
[M::mem_process_seqs] Processed 2980528 reads in 4984.462 CPU sec, 124.787 real sec
[M::process] read 2989180 sequences (400000189 bp)...
[M::mem_pestat] # candidate unique pairs for (FF, FR, RF, RR): (5, 722336, 51, 3)
[M::mem_pestat] skip orientation FF as there are not enough pairs
[M::mem_pestat] analyzing insert size distribution for orientation FR...
[M::mem_pestat] (25, 50, 75) percentile: (133, 165, 208)
[M::mem_pestat] low and high boundaries for computing mean and std.dev: (1, 358)
[M::mem_pestat] mean and std.dev: (173.01, 60.97)
[M::mem_pestat] low and high boundaries for proper pairs: (1, 433)
[M::mem_pestat] analyzing insert size distribution for orientation RF...
[M::mem_pestat] (25, 50, 75) percentile: (128, 368, 1290)
[M::mem_pestat] low and high boundaries for computing mean and std.dev: (1, 3614)
[M::mem_pestat] mean and std.dev: (732.35, 811.11)
[M::mem_pestat] low and high boundaries for proper pairs: (1, 4776)
[M::mem_pestat] skip orientation RR as there are not enough pairs
[M::mem_pestat] skip orientation RF
[M::mem_process_seqs] Processed 2982842 reads in 4978.068 CPU sec, 124.838 real sec
[M::process] read 2983636 sequences (400000242 bp)...
[M::mem_pestat] # candidate unique pairs for (FF, FR, RF, RR): (6, 718398, 37, 6)
[M::mem_pestat] skip orientation FF as there are not enough pairs
[M::mem_pestat] analyzing insert size distribution for orientation FR...
[M::mem_pestat] (25, 50, 75) percentile: (132, 163, 205)
[M::mem_pestat] low and high boundaries for computing mean and std.dev: (1, 351)
[M::mem_pestat] mean and std.dev: (170.96, 59.51)
[M::mem_pestat] low and high boundaries for proper pairs: (1, 424)
[M::mem_pestat] analyzing insert size distribution for orientation RF...
[M::mem_pestat] (25, 50, 75) percentile: (39, 406, 1892)
[M::mem_pestat] low and high boundaries for computing mean and std.dev: (1, 5598)
[M::mem_pestat] mean and std.dev: (727.54, 832.53)
[M::mem_pestat] low and high boundaries for proper pairs: (1, 7451)
[M::mem_pestat] skip orientation RR as there are not enough pairs
[M::mem_pestat] skip orientation RF
[M::mem_process_seqs] Processed 2989180 reads in 5069.883 CPU sec, 127.557 real sec
[M::process] read 3012078 sequences (400000077 bp)...
[M::mem_pestat] # candidate unique pairs for (FF, FR, RF, RR): (3, 717497, 40, 6)
[M::mem_pestat] skip orientation FF as there are not enough pairs
[M::mem_pestat] analyzing insert size distribution for orientation FR...
[M::mem_pestat] (25, 50, 75) percentile: (132, 164, 206)
[M::mem_pestat] low and high boundaries for computing mean and std.dev: (1, 354)
[M::mem_pestat] mean and std.dev: (171.95, 60.20)
[M::mem_pestat] low and high boundaries for proper pairs: (1, 428)
[M::mem_pestat] analyzing insert size distribution for orientation RF...
[M::mem_pestat] (25, 50, 75) percentile: (53, 223, 526)
[M::mem_pestat] low and high boundaries for computing mean and std.dev: (1, 1472)
[M::mem_pestat] mean and std.dev: (285.14, 362.46)
[M::mem_pestat] low and high boundaries for proper pairs: (1, 1945)
[M::mem_pestat] skip orientation RR as there are not enough pairs
[M::mem_pestat] skip orientation RF
[M::mem_process_seqs] Processed 2983636 reads in 5089.642 CPU sec, 127.642 real sec
[M::process] read 3004286 sequences (400000001 bp)...
[M::mem_pestat] # candidate unique pairs for (FF, FR, RF, RR): (4, 717077, 37, 4)
[M::mem_pestat] skip orientation FF as there are not enough pairs
[M::mem_pestat] analyzing insert size distribution for orientation FR...
[M::mem_pestat] (25, 50, 75) percentile: (132, 163, 204)
[M::mem_pestat] low and high boundaries for computing mean and std.dev: (1, 348)
[M::mem_pestat] mean and std.dev: (170.24, 58.98)
[M::mem_pestat] low and high boundaries for proper pairs: (1, 420)
[M::mem_pestat] analyzing insert size distribution for orientation RF...
[M::mem_pestat] (25, 50, 75) percentile: (78, 223, 1288)
[M::mem_pestat] low and high boundaries for computing mean and std.dev: (1, 3708)
[M::mem_pestat] mean and std.dev: (560.48, 734.13)
[M::mem_pestat] low and high boundaries for proper pairs: (1, 4918)
[M::mem_pestat] skip orientation RR as there are not enough pairs
[M::mem_pestat] skip orientation RF
[M::mem_process_seqs] Processed 3012078 reads in 5072.877 CPU sec, 127.169 real sec
[M::process] read 1017738 sequences (136017737 bp)...
[M::mem_pestat] # candidate unique pairs for (FF, FR, RF, RR): (4, 719198, 42, 11)
[M::mem_pestat] skip orientation FF as there are not enough pairs
[M::mem_pestat] analyzing insert size distribution for orientation FR...
[M::mem_pestat] (25, 50, 75) percentile: (132, 163, 204)
[M::mem_pestat] low and high boundaries for computing mean and std.dev: (1, 348)
[M::mem_pestat] mean and std.dev: (170.16, 58.88)
[M::mem_pestat] low and high boundaries for proper pairs: (1, 420)
[M::mem_pestat] analyzing insert size distribution for orientation RF...
[M::mem_pestat] (25, 50, 75) percentile: (42, 203, 1367)
[M::mem_pestat] low and high boundaries for computing mean and std.dev: (1, 4017)
[M::mem_pestat] mean and std.dev: (675.00, 945.61)
[M::mem_pestat] low and high boundaries for proper pairs: (1, 5342)
[M::mem_pestat] analyzing insert size distribution for orientation RR...
[M::mem_pestat] (25, 50, 75) percentile: (946, 1445, 5149)
[M::mem_pestat] low and high boundaries for computing mean and std.dev: (1, 13555)
[M::mem_pestat] mean and std.dev: (2474.91, 2693.60)
[M::mem_pestat] low and high boundaries for proper pairs: (1, 17758)
[M::mem_pestat] skip orientation RF
[M::mem_pestat] skip orientation RR
[M::mem_process_seqs] Processed 3004286 reads in 5160.382 CPU sec, 129.339 real sec
[M::mem_pestat] # candidate unique pairs for (FF, FR, RF, RR): (2, 245095, 20, 1)
[M::mem_pestat] skip orientation FF as there are not enough pairs
[M::mem_pestat] analyzing insert size distribution for orientation FR...
[M::mem_pestat] (25, 50, 75) percentile: (132, 163, 205)
[M::mem_pestat] low and high boundaries for computing mean and std.dev: (1, 351)
[M::mem_pestat] mean and std.dev: (171.03, 59.49)
[M::mem_pestat] low and high boundaries for proper pairs: (1, 424)
[M::mem_pestat] analyzing insert size distribution for orientation RF...
[M::mem_pestat] (25, 50, 75) percentile: (44, 138, 1216)
[M::mem_pestat] low and high boundaries for computing mean and std.dev: (1, 3560)
[M::mem_pestat] mean and std.dev: (563.00, 729.24)
[M::mem_pestat] low and high boundaries for proper pairs: (1, 4732)
[M::mem_pestat] skip orientation RR as there are not enough pairs
[M::mem_pestat] skip orientation RF
[M::mem_process_seqs] Processed 1017738 reads in 2090.156 CPU sec, 58.830 real sec
[main] Version: 0.7.17-r1188
[main] CMD: /home/shared/bwa-0.7.17/bwa mem -M -t 40 ../data/bwa-GCF_031168955.1_ASM3116895v1_genomic ../data/trimmed-fastqs-heatwave-genetics/MHW124_trimmed_clipped_R1_paired.fq.gz ../data/trimmed-fastqs-heatwave-genetics/MHW124_trimmed_clipped_R2_paired.fq.gz
[main] Real time: 4086.407 sec; CPU: 162080.469 sec
