[M::bwa_idx_load_from_disk] read 0 ALT contigs
[M::process] read 2812080 sequences (400000163 bp)...
[M::process] read 2807286 sequences (400000122 bp)...
[M::mem_pestat] # candidate unique pairs for (FF, FR, RF, RR): (8, 776684, 96, 12)
[M::mem_pestat] skip orientation FF as there are not enough pairs
[M::mem_pestat] analyzing insert size distribution for orientation FR...
[M::mem_pestat] (25, 50, 75) percentile: (182, 240, 319)
[M::mem_pestat] low and high boundaries for computing mean and std.dev: (1, 593)
[M::mem_pestat] mean and std.dev: (255.81, 98.76)
[M::mem_pestat] low and high boundaries for proper pairs: (1, 730)
[M::mem_pestat] analyzing insert size distribution for orientation RF...
[M::mem_pestat] (25, 50, 75) percentile: (212, 390, 1577)
[M::mem_pestat] low and high boundaries for computing mean and std.dev: (1, 4307)
[M::mem_pestat] mean and std.dev: (868.41, 1188.79)
[M::mem_pestat] low and high boundaries for proper pairs: (1, 5672)
[M::mem_pestat] analyzing insert size distribution for orientation RR...
[M::mem_pestat] (25, 50, 75) percentile: (236, 940, 3550)
[M::mem_pestat] low and high boundaries for computing mean and std.dev: (1, 10178)
[M::mem_pestat] mean and std.dev: (1589.92, 1766.77)
[M::mem_pestat] low and high boundaries for proper pairs: (1, 13492)
[M::mem_pestat] skip orientation RF
[M::mem_pestat] skip orientation RR
[M::mem_process_seqs] Processed 2812080 reads in 3164.557 CPU sec, 79.368 real sec
[M::process] read 2804916 sequences (400000088 bp)...
[M::mem_pestat] # candidate unique pairs for (FF, FR, RF, RR): (11, 773429, 119, 7)
[M::mem_pestat] analyzing insert size distribution for orientation FF...
[M::mem_pestat] (25, 50, 75) percentile: (1215, 2052, 4072)
[M::mem_pestat] low and high boundaries for computing mean and std.dev: (1, 9786)
[M::mem_pestat] mean and std.dev: (2413.36, 1749.96)
[M::mem_pestat] low and high boundaries for proper pairs: (1, 12643)
[M::mem_pestat] analyzing insert size distribution for orientation FR...
[M::mem_pestat] (25, 50, 75) percentile: (190, 252, 332)
[M::mem_pestat] low and high boundaries for computing mean and std.dev: (1, 616)
[M::mem_pestat] mean and std.dev: (266.10, 101.04)
[M::mem_pestat] low and high boundaries for proper pairs: (1, 758)
[M::mem_pestat] analyzing insert size distribution for orientation RF...
[M::mem_pestat] (25, 50, 75) percentile: (153, 226, 1280)
[M::mem_pestat] low and high boundaries for computing mean and std.dev: (1, 3534)
[M::mem_pestat] mean and std.dev: (614.33, 798.87)
[M::mem_pestat] low and high boundaries for proper pairs: (1, 4661)
[M::mem_pestat] skip orientation RR as there are not enough pairs
[M::mem_pestat] skip orientation FF
[M::mem_pestat] skip orientation RF
[M::mem_process_seqs] Processed 2807286 reads in 3332.564 CPU sec, 83.602 real sec
[M::process] read 2802648 sequences (400000079 bp)...
[M::mem_pestat] # candidate unique pairs for (FF, FR, RF, RR): (15, 775347, 115, 12)
[M::mem_pestat] analyzing insert size distribution for orientation FF...
[M::mem_pestat] (25, 50, 75) percentile: (307, 412, 2641)
[M::mem_pestat] low and high boundaries for computing mean and std.dev: (1, 7309)
[M::mem_pestat] mean and std.dev: (1770.27, 2196.20)
[M::mem_pestat] low and high boundaries for proper pairs: (1, 10555)
[M::mem_pestat] analyzing insert size distribution for orientation FR...
[M::mem_pestat] (25, 50, 75) percentile: (183, 242, 321)
[M::mem_pestat] low and high boundaries for computing mean and std.dev: (1, 597)
[M::mem_pestat] mean and std.dev: (257.20, 99.07)
[M::mem_pestat] low and high boundaries for proper pairs: (1, 735)
[M::mem_pestat] analyzing insert size distribution for orientation RF...
[M::mem_pestat] (25, 50, 75) percentile: (155, 426, 2191)
[M::mem_pestat] low and high boundaries for computing mean and std.dev: (1, 6263)
[M::mem_pestat] mean and std.dev: (1117.58, 1396.30)
[M::mem_pestat] low and high boundaries for proper pairs: (1, 8299)
[M::mem_pestat] analyzing insert size distribution for orientation RR...
[M::mem_pestat] (25, 50, 75) percentile: (120, 265, 1940)
[M::mem_pestat] low and high boundaries for computing mean and std.dev: (1, 5580)
[M::mem_pestat] mean and std.dev: (658.92, 749.75)
[M::mem_pestat] low and high boundaries for proper pairs: (1, 7400)
[M::mem_pestat] skip orientation FF
[M::mem_pestat] skip orientation RF
[M::mem_pestat] skip orientation RR
[M::mem_process_seqs] Processed 2804916 reads in 3260.726 CPU sec, 81.788 real sec
[M::process] read 2808764 sequences (400000001 bp)...
[M::mem_pestat] # candidate unique pairs for (FF, FR, RF, RR): (10, 774828, 107, 9)
[M::mem_pestat] analyzing insert size distribution for orientation FF...
[M::mem_pestat] (25, 50, 75) percentile: (170, 299, 1321)
[M::mem_pestat] low and high boundaries for computing mean and std.dev: (1, 3623)
[M::mem_pestat] mean and std.dev: (674.20, 664.24)
[M::mem_pestat] low and high boundaries for proper pairs: (1, 4774)
[M::mem_pestat] analyzing insert size distribution for orientation FR...
[M::mem_pestat] (25, 50, 75) percentile: (190, 252, 331)
[M::mem_pestat] low and high boundaries for computing mean and std.dev: (1, 613)
[M::mem_pestat] mean and std.dev: (265.60, 100.60)
[M::mem_pestat] low and high boundaries for proper pairs: (1, 754)
[M::mem_pestat] analyzing insert size distribution for orientation RF...
[M::mem_pestat] (25, 50, 75) percentile: (223, 1238, 3624)
[M::mem_pestat] low and high boundaries for computing mean and std.dev: (1, 10426)
[M::mem_pestat] mean and std.dev: (1936.99, 2246.72)
[M::mem_pestat] low and high boundaries for proper pairs: (1, 13827)
[M::mem_pestat] skip orientation RR as there are not enough pairs
[M::mem_pestat] skip orientation FF
[M::mem_pestat] skip orientation RF
[M::mem_process_seqs] Processed 2802648 reads in 3373.921 CPU sec, 84.805 real sec
[M::process] read 2800594 sequences (400000002 bp)...
[M::mem_pestat] # candidate unique pairs for (FF, FR, RF, RR): (5, 776599, 114, 14)
[M::mem_pestat] skip orientation FF as there are not enough pairs
[M::mem_pestat] analyzing insert size distribution for orientation FR...
[M::mem_pestat] (25, 50, 75) percentile: (184, 242, 321)
[M::mem_pestat] low and high boundaries for computing mean and std.dev: (1, 595)
[M::mem_pestat] mean and std.dev: (257.35, 98.71)
[M::mem_pestat] low and high boundaries for proper pairs: (1, 732)
[M::mem_pestat] analyzing insert size distribution for orientation RF...
[M::mem_pestat] (25, 50, 75) percentile: (223, 957, 2469)
[M::mem_pestat] low and high boundaries for computing mean and std.dev: (1, 6961)
[M::mem_pestat] mean and std.dev: (1405.37, 1654.82)
[M::mem_pestat] low and high boundaries for proper pairs: (1, 9207)
[M::mem_pestat] analyzing insert size distribution for orientation RR...
[M::mem_pestat] (25, 50, 75) percentile: (930, 1899, 1915)
[M::mem_pestat] low and high boundaries for computing mean and std.dev: (1, 3885)
[M::mem_pestat] mean and std.dev: (1197.64, 698.12)
[M::mem_pestat] low and high boundaries for proper pairs: (1, 4870)
[M::mem_pestat] skip orientation RF
[M::mem_pestat] skip orientation RR
[M::mem_process_seqs] Processed 2808764 reads in 3298.554 CPU sec, 82.745 real sec
[M::process] read 2806156 sequences (400000295 bp)...
[M::mem_pestat] # candidate unique pairs for (FF, FR, RF, RR): (6, 775162, 86, 13)
[M::mem_pestat] skip orientation FF as there are not enough pairs
[M::mem_pestat] analyzing insert size distribution for orientation FR...
[M::mem_pestat] (25, 50, 75) percentile: (190, 252, 331)
[M::mem_pestat] low and high boundaries for computing mean and std.dev: (1, 613)
[M::mem_pestat] mean and std.dev: (265.63, 100.52)
[M::mem_pestat] low and high boundaries for proper pairs: (1, 754)
[M::mem_pestat] analyzing insert size distribution for orientation RF...
[M::mem_pestat] (25, 50, 75) percentile: (224, 805, 1283)
[M::mem_pestat] low and high boundaries for computing mean and std.dev: (1, 3401)
[M::mem_pestat] mean and std.dev: (824.44, 732.24)
[M::mem_pestat] low and high boundaries for proper pairs: (1, 4460)
[M::mem_pestat] analyzing insert size distribution for orientation RR...
[M::mem_pestat] (25, 50, 75) percentile: (237, 366, 736)
[M::mem_pestat] low and high boundaries for computing mean and std.dev: (1, 1734)
[M::mem_pestat] mean and std.dev: (335.91, 210.90)
[M::mem_pestat] low and high boundaries for proper pairs: (1, 2233)
[M::mem_pestat] skip orientation RF
[M::mem_pestat] skip orientation RR
[M::mem_process_seqs] Processed 2800594 reads in 3347.394 CPU sec, 83.917 real sec
[M::process] read 2798588 sequences (400000262 bp)...
[M::mem_pestat] # candidate unique pairs for (FF, FR, RF, RR): (3, 777025, 88, 9)
[M::mem_pestat] skip orientation FF as there are not enough pairs
[M::mem_pestat] analyzing insert size distribution for orientation FR...
[M::mem_pestat] (25, 50, 75) percentile: (183, 242, 321)
[M::mem_pestat] low and high boundaries for computing mean and std.dev: (1, 597)
[M::mem_pestat] mean and std.dev: (256.98, 98.94)
[M::mem_pestat] low and high boundaries for proper pairs: (1, 735)
[M::mem_pestat] analyzing insert size distribution for orientation RF...
[M::mem_pestat] (25, 50, 75) percentile: (167, 224, 2185)
[M::mem_pestat] low and high boundaries for computing mean and std.dev: (1, 6221)
[M::mem_pestat] mean and std.dev: (1058.96, 1426.28)
[M::mem_pestat] low and high boundaries for proper pairs: (1, 8239)
[M::mem_pestat] skip orientation RR as there are not enough pairs
[M::mem_pestat] skip orientation RF
[M::mem_process_seqs] Processed 2806156 reads in 3288.928 CPU sec, 82.459 real sec
[M::process] read 2827088 sequences (400000198 bp)...
[M::mem_pestat] # candidate unique pairs for (FF, FR, RF, RR): (8, 774236, 122, 11)
[M::mem_pestat] skip orientation FF as there are not enough pairs
[M::mem_pestat] analyzing insert size distribution for orientation FR...
[M::mem_pestat] (25, 50, 75) percentile: (191, 253, 333)
[M::mem_pestat] low and high boundaries for computing mean and std.dev: (1, 617)
[M::mem_pestat] mean and std.dev: (266.81, 100.84)
[M::mem_pestat] low and high boundaries for proper pairs: (1, 759)
[M::mem_pestat] analyzing insert size distribution for orientation RF...
[M::mem_pestat] (25, 50, 75) percentile: (162, 226, 1904)
[M::mem_pestat] low and high boundaries for computing mean and std.dev: (1, 5388)
[M::mem_pestat] mean and std.dev: (824.50, 1089.79)
[M::mem_pestat] low and high boundaries for proper pairs: (1, 7130)
[M::mem_pestat] analyzing insert size distribution for orientation RR...
[M::mem_pestat] (25, 50, 75) percentile: (351, 816, 1878)
[M::mem_pestat] low and high boundaries for computing mean and std.dev: (1, 4932)
[M::mem_pestat] mean and std.dev: (1041.10, 1114.63)
[M::mem_pestat] low and high boundaries for proper pairs: (1, 6459)
[M::mem_pestat] skip orientation RF
[M::mem_pestat] skip orientation RR
[M::mem_process_seqs] Processed 2798588 reads in 3377.539 CPU sec, 84.724 real sec
[M::process] read 2825122 sequences (400000254 bp)...
[M::mem_pestat] # candidate unique pairs for (FF, FR, RF, RR): (14, 773607, 113, 9)
[M::mem_pestat] analyzing insert size distribution for orientation FF...
[M::mem_pestat] (25, 50, 75) percentile: (117, 3018, 6779)
[M::mem_pestat] low and high boundaries for computing mean and std.dev: (1, 20103)
[M::mem_pestat] mean and std.dev: (3392.21, 3688.90)
[M::mem_pestat] low and high boundaries for proper pairs: (1, 26765)
[M::mem_pestat] analyzing insert size distribution for orientation FR...
[M::mem_pestat] (25, 50, 75) percentile: (187, 248, 328)
[M::mem_pestat] low and high boundaries for computing mean and std.dev: (1, 610)
[M::mem_pestat] mean and std.dev: (262.43, 100.72)
[M::mem_pestat] low and high boundaries for proper pairs: (1, 751)
[M::mem_pestat] analyzing insert size distribution for orientation RF...
[M::mem_pestat] (25, 50, 75) percentile: (142, 867, 2262)
[M::mem_pestat] low and high boundaries for computing mean and std.dev: (1, 6502)
[M::mem_pestat] mean and std.dev: (1022.06, 1075.25)
[M::mem_pestat] low and high boundaries for proper pairs: (1, 8622)
[M::mem_pestat] skip orientation RR as there are not enough pairs
[M::mem_pestat] skip orientation FF
[M::mem_pestat] skip orientation RF
[M::mem_process_seqs] Processed 2827088 reads in 3342.746 CPU sec, 83.802 real sec
[M::process] read 2823370 sequences (400000008 bp)...
[M::mem_pestat] # candidate unique pairs for (FF, FR, RF, RR): (13, 773105, 123, 7)
[M::mem_pestat] analyzing insert size distribution for orientation FF...
[M::mem_pestat] (25, 50, 75) percentile: (108, 108, 258)
[M::mem_pestat] low and high boundaries for computing mean and std.dev: (1, 558)
[M::mem_pestat] mean and std.dev: (141.25, 72.38)
[M::mem_pestat] low and high boundaries for proper pairs: (1, 708)
[M::mem_pestat] analyzing insert size distribution for orientation FR...
[M::mem_pestat] (25, 50, 75) percentile: (188, 251, 332)
[M::mem_pestat] low and high boundaries for computing mean and std.dev: (1, 620)
[M::mem_pestat] mean and std.dev: (265.69, 102.51)
[M::mem_pestat] low and high boundaries for proper pairs: (1, 764)
[M::mem_pestat] analyzing insert size distribution for orientation RF...
[M::mem_pestat] (25, 50, 75) percentile: (128, 371, 1483)
[M::mem_pestat] low and high boundaries for computing mean and std.dev: (1, 4193)
[M::mem_pestat] mean and std.dev: (678.34, 791.18)
[M::mem_pestat] low and high boundaries for proper pairs: (1, 5548)
[M::mem_pestat] skip orientation RR as there are not enough pairs
[M::mem_pestat] skip orientation FF
[M::mem_pestat] skip orientation RF
[M::mem_process_seqs] Processed 2825122 reads in 3379.353 CPU sec, 84.524 real sec
[M::process] read 2816036 sequences (400000068 bp)...
[M::mem_pestat] # candidate unique pairs for (FF, FR, RF, RR): (12, 775337, 111, 9)
[M::mem_pestat] analyzing insert size distribution for orientation FF...
[M::mem_pestat] (25, 50, 75) percentile: (352, 685, 3151)
[M::mem_pestat] low and high boundaries for computing mean and std.dev: (1, 8749)
[M::mem_pestat] mean and std.dev: (1421.58, 1319.29)
[M::mem_pestat] low and high boundaries for proper pairs: (1, 11548)
[M::mem_pestat] analyzing insert size distribution for orientation FR...
[M::mem_pestat] (25, 50, 75) percentile: (187, 248, 328)
[M::mem_pestat] low and high boundaries for computing mean and std.dev: (1, 610)
[M::mem_pestat] mean and std.dev: (262.48, 100.73)
[M::mem_pestat] low and high boundaries for proper pairs: (1, 751)
[M::mem_pestat] analyzing insert size distribution for orientation RF...
[M::mem_pestat] (25, 50, 75) percentile: (154, 383, 1169)
[M::mem_pestat] low and high boundaries for computing mean and std.dev: (1, 3199)
[M::mem_pestat] mean and std.dev: (591.15, 639.74)
[M::mem_pestat] low and high boundaries for proper pairs: (1, 4214)
[M::mem_pestat] skip orientation RR as there are not enough pairs
[M::mem_pestat] skip orientation FF
[M::mem_pestat] skip orientation RF
[M::mem_process_seqs] Processed 2823370 reads in 3350.433 CPU sec, 84.018 real sec
[M::process] read 2825424 sequences (400000111 bp)...
[M::mem_pestat] # candidate unique pairs for (FF, FR, RF, RR): (12, 775694, 104, 11)
[M::mem_pestat] analyzing insert size distribution for orientation FF...
[M::mem_pestat] (25, 50, 75) percentile: (815, 1884, 3042)
[M::mem_pestat] low and high boundaries for computing mean and std.dev: (1, 7496)
[M::mem_pestat] mean and std.dev: (1949.33, 1145.78)
[M::mem_pestat] low and high boundaries for proper pairs: (1, 9723)
[M::mem_pestat] analyzing insert size distribution for orientation FR...
[M::mem_pestat] (25, 50, 75) percentile: (189, 252, 334)
[M::mem_pestat] low and high boundaries for computing mean and std.dev: (1, 624)
[M::mem_pestat] mean and std.dev: (266.94, 102.96)
[M::mem_pestat] low and high boundaries for proper pairs: (1, 769)
[M::mem_pestat] analyzing insert size distribution for orientation RF...
[M::mem_pestat] (25, 50, 75) percentile: (179, 543, 2417)
[M::mem_pestat] low and high boundaries for computing mean and std.dev: (1, 6893)
[M::mem_pestat] mean and std.dev: (976.07, 1361.12)
[M::mem_pestat] low and high boundaries for proper pairs: (1, 9131)
[M::mem_pestat] analyzing insert size distribution for orientation RR...
[M::mem_pestat] (25, 50, 75) percentile: (98, 1327, 1944)
[M::mem_pestat] low and high boundaries for computing mean and std.dev: (1, 5636)
[M::mem_pestat] mean and std.dev: (1086.09, 950.43)
[M::mem_pestat] low and high boundaries for proper pairs: (1, 7482)
[M::mem_pestat] skip orientation FF
[M::mem_pestat] skip orientation RF
[M::mem_pestat] skip orientation RR
[M::mem_process_seqs] Processed 2816036 reads in 3359.480 CPU sec, 84.248 real sec
[M::process] read 2820828 sequences (400000191 bp)...
[M::mem_pestat] # candidate unique pairs for (FF, FR, RF, RR): (11, 775286, 94, 5)
[M::mem_pestat] analyzing insert size distribution for orientation FF...
[M::mem_pestat] (25, 50, 75) percentile: (1892, 1921, 3194)
[M::mem_pestat] low and high boundaries for computing mean and std.dev: (1, 5798)
[M::mem_pestat] mean and std.dev: (2451.09, 1751.85)
[M::mem_pestat] low and high boundaries for proper pairs: (1, 9458)
[M::mem_pestat] analyzing insert size distribution for orientation FR...
[M::mem_pestat] (25, 50, 75) percentile: (187, 248, 327)
[M::mem_pestat] low and high boundaries for computing mean and std.dev: (1, 607)
[M::mem_pestat] mean and std.dev: (262.09, 100.43)
[M::mem_pestat] low and high boundaries for proper pairs: (1, 747)
[M::mem_pestat] analyzing insert size distribution for orientation RF...
[M::mem_pestat] (25, 50, 75) percentile: (124, 374, 1539)
[M::mem_pestat] low and high boundaries for computing mean and std.dev: (1, 4369)
[M::mem_pestat] mean and std.dev: (816.46, 941.69)
[M::mem_pestat] low and high boundaries for proper pairs: (1, 5784)
[M::mem_pestat] skip orientation RR as there are not enough pairs
[M::mem_pestat] skip orientation FF
[M::mem_pestat] skip orientation RF
[M::mem_process_seqs] Processed 2825424 reads in 3326.542 CPU sec, 83.414 real sec
[M::process] read 2823974 sequences (400000027 bp)...
[M::mem_pestat] # candidate unique pairs for (FF, FR, RF, RR): (12, 776132, 118, 18)
[M::mem_pestat] analyzing insert size distribution for orientation FF...
[M::mem_pestat] (25, 50, 75) percentile: (588, 2022, 7402)
[M::mem_pestat] low and high boundaries for computing mean and std.dev: (1, 21030)
[M::mem_pestat] mean and std.dev: (3570.50, 3454.65)
[M::mem_pestat] low and high boundaries for proper pairs: (1, 27844)
[M::mem_pestat] analyzing insert size distribution for orientation FR...
[M::mem_pestat] (25, 50, 75) percentile: (189, 251, 332)
[M::mem_pestat] low and high boundaries for computing mean and std.dev: (1, 618)
[M::mem_pestat] mean and std.dev: (265.91, 102.34)
[M::mem_pestat] low and high boundaries for proper pairs: (1, 761)
[M::mem_pestat] analyzing insert size distribution for orientation RF...
[M::mem_pestat] (25, 50, 75) percentile: (157, 875, 2471)
[M::mem_pestat] low and high boundaries for computing mean and std.dev: (1, 7099)
[M::mem_pestat] mean and std.dev: (1320.77, 1527.89)
[M::mem_pestat] low and high boundaries for proper pairs: (1, 9413)
[M::mem_pestat] analyzing insert size distribution for orientation RR...
[M::mem_pestat] (25, 50, 75) percentile: (244, 492, 2017)
[M::mem_pestat] low and high boundaries for computing mean and std.dev: (1, 5563)
[M::mem_pestat] mean and std.dev: (1224.56, 1495.47)
[M::mem_pestat] low and high boundaries for proper pairs: (1, 7336)
[M::mem_pestat] skip orientation FF
[M::mem_pestat] skip orientation RF
[M::mem_pestat] skip orientation RR
[M::mem_process_seqs] Processed 2820828 reads in 3375.440 CPU sec, 84.826 real sec
[M::process] read 2806800 sequences (400000260 bp)...
[M::mem_pestat] # candidate unique pairs for (FF, FR, RF, RR): (7, 776065, 121, 13)
[M::mem_pestat] skip orientation FF as there are not enough pairs
[M::mem_pestat] analyzing insert size distribution for orientation FR...
[M::mem_pestat] (25, 50, 75) percentile: (186, 246, 326)
[M::mem_pestat] low and high boundaries for computing mean and std.dev: (1, 606)
[M::mem_pestat] mean and std.dev: (260.98, 100.43)
[M::mem_pestat] low and high boundaries for proper pairs: (1, 746)
[M::mem_pestat] analyzing insert size distribution for orientation RF...
[M::mem_pestat] (25, 50, 75) percentile: (223, 451, 2308)
[M::mem_pestat] low and high boundaries for computing mean and std.dev: (1, 6478)
[M::mem_pestat] mean and std.dev: (1085.45, 1300.06)
[M::mem_pestat] low and high boundaries for proper pairs: (1, 8563)
[M::mem_pestat] analyzing insert size distribution for orientation RR...
[M::mem_pestat] (25, 50, 75) percentile: (379, 1238, 2372)
[M::mem_pestat] low and high boundaries for computing mean and std.dev: (1, 6358)
[M::mem_pestat] mean and std.dev: (1493.15, 1378.91)
[M::mem_pestat] low and high boundaries for proper pairs: (1, 8351)
[M::mem_pestat] skip orientation RF
[M::mem_pestat] skip orientation RR
[M::mem_process_seqs] Processed 2823974 reads in 3416.903 CPU sec, 85.476 real sec
[M::process] read 2806626 sequences (400000057 bp)...
[M::mem_pestat] # candidate unique pairs for (FF, FR, RF, RR): (7, 774513, 108, 7)
[M::mem_pestat] skip orientation FF as there are not enough pairs
[M::mem_pestat] analyzing insert size distribution for orientation FR...
[M::mem_pestat] (25, 50, 75) percentile: (189, 252, 334)
[M::mem_pestat] low and high boundaries for computing mean and std.dev: (1, 624)
[M::mem_pestat] mean and std.dev: (266.65, 102.67)
[M::mem_pestat] low and high boundaries for proper pairs: (1, 769)
[M::mem_pestat] analyzing insert size distribution for orientation RF...
[M::mem_pestat] (25, 50, 75) percentile: (102, 224, 2255)
[M::mem_pestat] low and high boundaries for computing mean and std.dev: (1, 6561)
[M::mem_pestat] mean and std.dev: (1002.11, 1369.34)
[M::mem_pestat] low and high boundaries for proper pairs: (1, 8714)
[M::mem_pestat] skip orientation RR as there are not enough pairs
[M::mem_pestat] skip orientation RF
[M::mem_process_seqs] Processed 2806800 reads in 3338.434 CPU sec, 83.937 real sec
[M::process] read 2800242 sequences (400000180 bp)...
[M::mem_pestat] # candidate unique pairs for (FF, FR, RF, RR): (7, 774594, 92, 9)
[M::mem_pestat] skip orientation FF as there are not enough pairs
[M::mem_pestat] analyzing insert size distribution for orientation FR...
[M::mem_pestat] (25, 50, 75) percentile: (185, 244, 323)
[M::mem_pestat] low and high boundaries for computing mean and std.dev: (1, 599)
[M::mem_pestat] mean and std.dev: (259.19, 99.14)
[M::mem_pestat] low and high boundaries for proper pairs: (1, 737)
[M::mem_pestat] analyzing insert size distribution for orientation RF...
[M::mem_pestat] (25, 50, 75) percentile: (223, 899, 2466)
[M::mem_pestat] low and high boundaries for computing mean and std.dev: (1, 6952)
[M::mem_pestat] mean and std.dev: (1247.03, 1381.35)
[M::mem_pestat] low and high boundaries for proper pairs: (1, 9195)
[M::mem_pestat] skip orientation RR as there are not enough pairs
[M::mem_pestat] skip orientation RF
[M::mem_process_seqs] Processed 2806626 reads in 3308.184 CPU sec, 82.934 real sec
[M::process] read 2800144 sequences (400000299 bp)...
[M::mem_pestat] # candidate unique pairs for (FF, FR, RF, RR): (10, 775644, 140, 17)
[M::mem_pestat] analyzing insert size distribution for orientation FF...
[M::mem_pestat] (25, 50, 75) percentile: (891, 1564, 3016)
[M::mem_pestat] low and high boundaries for computing mean and std.dev: (1, 7266)
[M::mem_pestat] mean and std.dev: (1822.90, 1533.39)
[M::mem_pestat] low and high boundaries for proper pairs: (1, 9391)
[M::mem_pestat] analyzing insert size distribution for orientation FR...
[M::mem_pestat] (25, 50, 75) percentile: (189, 250, 329)
[M::mem_pestat] low and high boundaries for computing mean and std.dev: (1, 609)
[M::mem_pestat] mean and std.dev: (264.17, 100.26)
[M::mem_pestat] low and high boundaries for proper pairs: (1, 749)
[M::mem_pestat] analyzing insert size distribution for orientation RF...
[M::mem_pestat] (25, 50, 75) percentile: (223, 373, 1514)
[M::mem_pestat] low and high boundaries for computing mean and std.dev: (1, 4096)
[M::mem_pestat] mean and std.dev: (788.80, 846.40)
[M::mem_pestat] low and high boundaries for proper pairs: (1, 5387)
[M::mem_pestat] analyzing insert size distribution for orientation RR...
[M::mem_pestat] (25, 50, 75) percentile: (369, 752, 4096)
[M::mem_pestat] low and high boundaries for computing mean and std.dev: (1, 11550)
[M::mem_pestat] mean and std.dev: (1570.12, 1512.04)
[M::mem_pestat] low and high boundaries for proper pairs: (1, 15277)
[M::mem_pestat] skip orientation FF
[M::mem_pestat] skip orientation RF
[M::mem_pestat] skip orientation RR
[M::mem_process_seqs] Processed 2800242 reads in 3597.363 CPU sec, 95.985 real sec
[M::process] read 2803792 sequences (400000251 bp)...
[M::mem_pestat] # candidate unique pairs for (FF, FR, RF, RR): (10, 776088, 114, 12)
[M::mem_pestat] analyzing insert size distribution for orientation FF...
[M::mem_pestat] (25, 50, 75) percentile: (118, 298, 3114)
[M::mem_pestat] low and high boundaries for computing mean and std.dev: (1, 9106)
[M::mem_pestat] mean and std.dev: (902.00, 1278.42)
[M::mem_pestat] low and high boundaries for proper pairs: (1, 12102)
[M::mem_pestat] analyzing insert size distribution for orientation FR...
[M::mem_pestat] (25, 50, 75) percentile: (186, 247, 326)
[M::mem_pestat] low and high boundaries for computing mean and std.dev: (1, 606)
[M::mem_pestat] mean and std.dev: (261.37, 99.99)
[M::mem_pestat] low and high boundaries for proper pairs: (1, 746)
[M::mem_pestat] analyzing insert size distribution for orientation RF...
[M::mem_pestat] (25, 50, 75) percentile: (147, 295, 1802)
[M::mem_pestat] low and high boundaries for computing mean and std.dev: (1, 5112)
[M::mem_pestat] mean and std.dev: (740.20, 982.83)
[M::mem_pestat] low and high boundaries for proper pairs: (1, 6767)
[M::mem_pestat] analyzing insert size distribution for orientation RR...
[M::mem_pestat] (25, 50, 75) percentile: (200, 262, 6052)
[M::mem_pestat] low and high boundaries for computing mean and std.dev: (1, 17756)
[M::mem_pestat] mean and std.dev: (2105.67, 2922.69)
[M::mem_pestat] low and high boundaries for proper pairs: (1, 23608)
[M::mem_pestat] skip orientation FF
[M::mem_pestat] skip orientation RF
[M::mem_pestat] skip orientation RR
[M::mem_process_seqs] Processed 2800144 reads in 3289.134 CPU sec, 82.470 real sec
[M::process] read 2800958 sequences (400000074 bp)...
[M::mem_pestat] # candidate unique pairs for (FF, FR, RF, RR): (8, 776354, 133, 14)
[M::mem_pestat] skip orientation FF as there are not enough pairs
[M::mem_pestat] analyzing insert size distribution for orientation FR...
[M::mem_pestat] (25, 50, 75) percentile: (188, 249, 328)
[M::mem_pestat] low and high boundaries for computing mean and std.dev: (1, 608)
[M::mem_pestat] mean and std.dev: (263.36, 99.97)
[M::mem_pestat] low and high boundaries for proper pairs: (1, 748)
[M::mem_pestat] analyzing insert size distribution for orientation RF...
[M::mem_pestat] (25, 50, 75) percentile: (133, 223, 1109)
[M::mem_pestat] low and high boundaries for computing mean and std.dev: (1, 3061)
[M::mem_pestat] mean and std.dev: (492.20, 593.79)
[M::mem_pestat] low and high boundaries for proper pairs: (1, 4037)
[M::mem_pestat] analyzing insert size distribution for orientation RR...
[M::mem_pestat] (25, 50, 75) percentile: (297, 1293, 2095)
[M::mem_pestat] low and high boundaries for computing mean and std.dev: (1, 5691)
[M::mem_pestat] mean and std.dev: (1299.85, 1287.10)
[M::mem_pestat] low and high boundaries for proper pairs: (1, 7489)
[M::mem_pestat] skip orientation RF
[M::mem_pestat] skip orientation RR
[M::mem_process_seqs] Processed 2803792 reads in 3355.038 CPU sec, 83.934 real sec
[M::process] read 2799616 sequences (400000077 bp)...
[M::mem_pestat] # candidate unique pairs for (FF, FR, RF, RR): (12, 774887, 121, 12)
[M::mem_pestat] analyzing insert size distribution for orientation FF...
[M::mem_pestat] (25, 50, 75) percentile: (175, 554, 4689)
[M::mem_pestat] low and high boundaries for computing mean and std.dev: (1, 13717)
[M::mem_pestat] mean and std.dev: (2332.92, 3388.20)
[M::mem_pestat] low and high boundaries for proper pairs: (1, 18231)
[M::mem_pestat] analyzing insert size distribution for orientation FR...
[M::mem_pestat] (25, 50, 75) percentile: (188, 249, 329)
[M::mem_pestat] low and high boundaries for computing mean and std.dev: (1, 611)
[M::mem_pestat] mean and std.dev: (263.49, 100.95)
[M::mem_pestat] low and high boundaries for proper pairs: (1, 752)
[M::mem_pestat] analyzing insert size distribution for orientation RF...
[M::mem_pestat] (25, 50, 75) percentile: (223, 468, 1257)
[M::mem_pestat] low and high boundaries for computing mean and std.dev: (1, 3325)
[M::mem_pestat] mean and std.dev: (705.89, 715.52)
[M::mem_pestat] low and high boundaries for proper pairs: (1, 4359)
[M::mem_pestat] analyzing insert size distribution for orientation RR...
[M::mem_pestat] (25, 50, 75) percentile: (1205, 1256, 2421)
[M::mem_pestat] low and high boundaries for computing mean and std.dev: (1, 4853)
[M::mem_pestat] mean and std.dev: (1690.17, 1166.95)
[M::mem_pestat] low and high boundaries for proper pairs: (1, 6358)
[M::mem_pestat] skip orientation FF
[M::mem_pestat] skip orientation RF
[M::mem_pestat] skip orientation RR
[M::mem_process_seqs] Processed 2800958 reads in 3324.051 CPU sec, 83.608 real sec
[M::process] read 2793736 sequences (400000123 bp)...
[M::mem_pestat] # candidate unique pairs for (FF, FR, RF, RR): (13, 775521, 97, 10)
[M::mem_pestat] analyzing insert size distribution for orientation FF...
[M::mem_pestat] (25, 50, 75) percentile: (375, 1973, 2679)
[M::mem_pestat] low and high boundaries for computing mean and std.dev: (1, 7287)
[M::mem_pestat] mean and std.dev: (1899.69, 1659.63)
[M::mem_pestat] low and high boundaries for proper pairs: (1, 9591)
[M::mem_pestat] analyzing insert size distribution for orientation FR...
[M::mem_pestat] (25, 50, 75) percentile: (188, 249, 329)
[M::mem_pestat] low and high boundaries for computing mean and std.dev: (1, 611)
[M::mem_pestat] mean and std.dev: (263.66, 100.49)
[M::mem_pestat] low and high boundaries for proper pairs: (1, 752)
[M::mem_pestat] analyzing insert size distribution for orientation RF...
[M::mem_pestat] (25, 50, 75) percentile: (170, 227, 2319)
[M::mem_pestat] low and high boundaries for computing mean and std.dev: (1, 6617)
[M::mem_pestat] mean and std.dev: (1041.76, 1333.43)
[M::mem_pestat] low and high boundaries for proper pairs: (1, 8766)
[M::mem_pestat] analyzing insert size distribution for orientation RR...
[M::mem_pestat] (25, 50, 75) percentile: (357, 3408, 5774)
[M::mem_pestat] low and high boundaries for computing mean and std.dev: (1, 16608)
[M::mem_pestat] mean and std.dev: (3707.30, 3273.95)
[M::mem_pestat] low and high boundaries for proper pairs: (1, 22025)
[M::mem_pestat] skip orientation FF
[M::mem_pestat] skip orientation RF
[M::mem_pestat] skip orientation RR
[M::mem_process_seqs] Processed 2799616 reads in 3306.843 CPU sec, 82.730 real sec
[M::process] read 2804632 sequences (400000148 bp)...
[M::mem_pestat] # candidate unique pairs for (FF, FR, RF, RR): (16, 775317, 99, 9)
[M::mem_pestat] analyzing insert size distribution for orientation FF...
[M::mem_pestat] (25, 50, 75) percentile: (197, 201, 471)
[M::mem_pestat] low and high boundaries for computing mean and std.dev: (1, 1019)
[M::mem_pestat] mean and std.dev: (232.38, 106.58)
[M::mem_pestat] low and high boundaries for proper pairs: (1, 1293)
[M::mem_pestat] analyzing insert size distribution for orientation FR...
[M::mem_pestat] (25, 50, 75) percentile: (188, 250, 330)
[M::mem_pestat] low and high boundaries for computing mean and std.dev: (1, 614)
[M::mem_pestat] mean and std.dev: (264.36, 101.18)
[M::mem_pestat] low and high boundaries for proper pairs: (1, 756)
[M::mem_pestat] analyzing insert size distribution for orientation RF...
[M::mem_pestat] (25, 50, 75) percentile: (223, 815, 2451)
[M::mem_pestat] low and high boundaries for computing mean and std.dev: (1, 6907)
[M::mem_pestat] mean and std.dev: (1353.25, 1743.03)
[M::mem_pestat] low and high boundaries for proper pairs: (1, 9135)
[M::mem_pestat] skip orientation RR as there are not enough pairs
[M::mem_pestat] skip orientation FF
[M::mem_pestat] skip orientation RF
[M::mem_process_seqs] Processed 2793736 reads in 3287.332 CPU sec, 82.618 real sec
[M::process] read 2822594 sequences (400000053 bp)...
[M::mem_pestat] # candidate unique pairs for (FF, FR, RF, RR): (14, 774915, 111, 18)
[M::mem_pestat] analyzing insert size distribution for orientation FF...
[M::mem_pestat] (25, 50, 75) percentile: (86, 926, 1079)
[M::mem_pestat] low and high boundaries for computing mean and std.dev: (1, 3065)
[M::mem_pestat] mean and std.dev: (642.86, 568.83)
[M::mem_pestat] low and high boundaries for proper pairs: (1, 4058)
[M::mem_pestat] analyzing insert size distribution for orientation FR...
[M::mem_pestat] (25, 50, 75) percentile: (189, 251, 330)
[M::mem_pestat] low and high boundaries for computing mean and std.dev: (1, 612)
[M::mem_pestat] mean and std.dev: (264.84, 100.73)
[M::mem_pestat] low and high boundaries for proper pairs: (1, 753)
[M::mem_pestat] analyzing insert size distribution for orientation RF...
[M::mem_pestat] (25, 50, 75) percentile: (218, 227, 1117)
[M::mem_pestat] low and high boundaries for computing mean and std.dev: (1, 2915)
[M::mem_pestat] mean and std.dev: (496.71, 620.67)
[M::mem_pestat] low and high boundaries for proper pairs: (1, 3814)
[M::mem_pestat] analyzing insert size distribution for orientation RR...
[M::mem_pestat] (25, 50, 75) percentile: (696, 859, 2070)
[M::mem_pestat] low and high boundaries for computing mean and std.dev: (1, 4818)
[M::mem_pestat] mean and std.dev: (1134.06, 1001.09)
[M::mem_pestat] low and high boundaries for proper pairs: (1, 6192)
[M::mem_pestat] skip orientation FF
[M::mem_pestat] skip orientation RF
[M::mem_pestat] skip orientation RR
[M::mem_process_seqs] Processed 2804632 reads in 3337.763 CPU sec, 83.490 real sec
[M::process] read 2822732 sequences (400000276 bp)...
[M::mem_pestat] # candidate unique pairs for (FF, FR, RF, RR): (14, 775105, 113, 6)
[M::mem_pestat] analyzing insert size distribution for orientation FF...
[M::mem_pestat] (25, 50, 75) percentile: (193, 747, 3694)
[M::mem_pestat] low and high boundaries for computing mean and std.dev: (1, 10696)
[M::mem_pestat] mean and std.dev: (1484.79, 1616.70)
[M::mem_pestat] low and high boundaries for proper pairs: (1, 14197)
[M::mem_pestat] analyzing insert size distribution for orientation FR...
[M::mem_pestat] (25, 50, 75) percentile: (187, 249, 330)
[M::mem_pestat] low and high boundaries for computing mean and std.dev: (1, 616)
[M::mem_pestat] mean and std.dev: (263.63, 101.42)
[M::mem_pestat] low and high boundaries for proper pairs: (1, 759)
[M::mem_pestat] analyzing insert size distribution for orientation RF...
[M::mem_pestat] (25, 50, 75) percentile: (223, 779, 3758)
[M::mem_pestat] low and high boundaries for computing mean and std.dev: (1, 10828)
[M::mem_pestat] mean and std.dev: (2296.04, 2826.65)
[M::mem_pestat] low and high boundaries for proper pairs: (1, 14363)
[M::mem_pestat] skip orientation RR as there are not enough pairs
[M::mem_pestat] skip orientation FF
[M::mem_pestat] skip orientation RF
[M::mem_process_seqs] Processed 2822594 reads in 3312.072 CPU sec, 83.349 real sec
[M::process] read 2819008 sequences (400000190 bp)...
[M::mem_pestat] # candidate unique pairs for (FF, FR, RF, RR): (15, 776017, 100, 18)
[M::mem_pestat] analyzing insert size distribution for orientation FF...
[M::mem_pestat] (25, 50, 75) percentile: (197, 222, 2654)
[M::mem_pestat] low and high boundaries for computing mean and std.dev: (1, 7568)
[M::mem_pestat] mean and std.dev: (1102.20, 1514.47)
[M::mem_pestat] low and high boundaries for proper pairs: (1, 10025)
[M::mem_pestat] analyzing insert size distribution for orientation FR...
[M::mem_pestat] (25, 50, 75) percentile: (188, 250, 332)
[M::mem_pestat] low and high boundaries for computing mean and std.dev: (1, 620)
[M::mem_pestat] mean and std.dev: (265.22, 101.97)
[M::mem_pestat] low and high boundaries for proper pairs: (1, 764)
[M::mem_pestat] analyzing insert size distribution for orientation RF...
[M::mem_pestat] (25, 50, 75) percentile: (164, 510, 2348)
[M::mem_pestat] low and high boundaries for computing mean and std.dev: (1, 6716)
[M::mem_pestat] mean and std.dev: (1143.43, 1456.83)
[M::mem_pestat] low and high boundaries for proper pairs: (1, 8900)
[M::mem_pestat] analyzing insert size distribution for orientation RR...
[M::mem_pestat] (25, 50, 75) percentile: (259, 2625, 4290)
[M::mem_pestat] low and high boundaries for computing mean and std.dev: (1, 12352)
[M::mem_pestat] mean and std.dev: (2347.83, 1955.85)
[M::mem_pestat] low and high boundaries for proper pairs: (1, 16383)
[M::mem_pestat] skip orientation FF
[M::mem_pestat] skip orientation RF
[M::mem_pestat] skip orientation RR
[M::mem_process_seqs] Processed 2822732 reads in 3381.575 CPU sec, 84.605 real sec
[M::process] read 2817202 sequences (400000280 bp)...
[M::mem_pestat] # candidate unique pairs for (FF, FR, RF, RR): (14, 775619, 100, 14)
[M::mem_pestat] analyzing insert size distribution for orientation FF...
[M::mem_pestat] (25, 50, 75) percentile: (195, 1655, 1933)
[M::mem_pestat] low and high boundaries for computing mean and std.dev: (1, 5409)
[M::mem_pestat] mean and std.dev: (974.42, 871.54)
[M::mem_pestat] low and high boundaries for proper pairs: (1, 7147)
[M::mem_pestat] analyzing insert size distribution for orientation FR...
[M::mem_pestat] (25, 50, 75) percentile: (188, 249, 330)
[M::mem_pestat] low and high boundaries for computing mean and std.dev: (1, 614)
[M::mem_pestat] mean and std.dev: (264.10, 101.39)
[M::mem_pestat] low and high boundaries for proper pairs: (1, 756)
[M::mem_pestat] analyzing insert size distribution for orientation RF...
[M::mem_pestat] (25, 50, 75) percentile: (159, 383, 1235)
[M::mem_pestat] low and high boundaries for computing mean and std.dev: (1, 3387)
[M::mem_pestat] mean and std.dev: (687.93, 769.24)
[M::mem_pestat] low and high boundaries for proper pairs: (1, 4463)
[M::mem_pestat] analyzing insert size distribution for orientation RR...
[M::mem_pestat] (25, 50, 75) percentile: (455, 1514, 3373)
[M::mem_pestat] low and high boundaries for computing mean and std.dev: (1, 9209)
[M::mem_pestat] mean and std.dev: (2198.50, 1685.09)
[M::mem_pestat] low and high boundaries for proper pairs: (1, 12127)
[M::mem_pestat] skip orientation FF
[M::mem_pestat] skip orientation RF
[M::mem_pestat] skip orientation RR
[M::mem_process_seqs] Processed 2819008 reads in 3347.549 CPU sec, 84.132 real sec
[M::process] read 2822058 sequences (400000039 bp)...
[M::mem_pestat] # candidate unique pairs for (FF, FR, RF, RR): (11, 774534, 92, 10)
[M::mem_pestat] analyzing insert size distribution for orientation FF...
[M::mem_pestat] (25, 50, 75) percentile: (315, 892, 3304)
[M::mem_pestat] low and high boundaries for computing mean and std.dev: (1, 9282)
[M::mem_pestat] mean and std.dev: (1402.55, 1306.46)
[M::mem_pestat] low and high boundaries for proper pairs: (1, 12271)
[M::mem_pestat] analyzing insert size distribution for orientation FR...
[M::mem_pestat] (25, 50, 75) percentile: (188, 251, 332)
[M::mem_pestat] low and high boundaries for computing mean and std.dev: (1, 620)
[M::mem_pestat] mean and std.dev: (265.47, 102.15)
[M::mem_pestat] low and high boundaries for proper pairs: (1, 764)
[M::mem_pestat] analyzing insert size distribution for orientation RF...
[M::mem_pestat] (25, 50, 75) percentile: (223, 825, 2291)
[M::mem_pestat] low and high boundaries for computing mean and std.dev: (1, 6427)
[M::mem_pestat] mean and std.dev: (1177.74, 1413.03)
[M::mem_pestat] low and high boundaries for proper pairs: (1, 8495)
[M::mem_pestat] analyzing insert size distribution for orientation RR...
[M::mem_pestat] (25, 50, 75) percentile: (118, 715, 1181)
[M::mem_pestat] low and high boundaries for computing mean and std.dev: (1, 3307)
[M::mem_pestat] mean and std.dev: (659.56, 543.79)
[M::mem_pestat] low and high boundaries for proper pairs: (1, 4370)
[M::mem_pestat] skip orientation FF
[M::mem_pestat] skip orientation RF
[M::mem_pestat] skip orientation RR
[M::mem_process_seqs] Processed 2817202 reads in 3342.972 CPU sec, 83.633 real sec
[M::process] read 2816778 sequences (400000000 bp)...
[M::mem_pestat] # candidate unique pairs for (FF, FR, RF, RR): (9, 775185, 99, 17)
[M::mem_pestat] skip orientation FF as there are not enough pairs
[M::mem_pestat] analyzing insert size distribution for orientation FR...
[M::mem_pestat] (25, 50, 75) percentile: (189, 251, 332)
[M::mem_pestat] low and high boundaries for computing mean and std.dev: (1, 618)
[M::mem_pestat] mean and std.dev: (265.33, 101.98)
[M::mem_pestat] low and high boundaries for proper pairs: (1, 761)
[M::mem_pestat] analyzing insert size distribution for orientation RF...
[M::mem_pestat] (25, 50, 75) percentile: (131, 226, 1117)
[M::mem_pestat] low and high boundaries for computing mean and std.dev: (1, 3089)
[M::mem_pestat] mean and std.dev: (534.68, 684.14)
[M::mem_pestat] low and high boundaries for proper pairs: (1, 4075)
[M::mem_pestat] analyzing insert size distribution for orientation RR...
[M::mem_pestat] (25, 50, 75) percentile: (248, 322, 842)
[M::mem_pestat] low and high boundaries for computing mean and std.dev: (1, 2030)
[M::mem_pestat] mean and std.dev: (570.19, 524.99)
[M::mem_pestat] low and high boundaries for proper pairs: (1, 2670)
[M::mem_pestat] skip orientation RF
[M::mem_pestat] skip orientation RR
[M::mem_process_seqs] Processed 2822058 reads in 3340.431 CPU sec, 83.947 real sec
[M::process] read 2804632 sequences (400000206 bp)...
[M::mem_pestat] # candidate unique pairs for (FF, FR, RF, RR): (6, 774578, 97, 9)
[M::mem_pestat] skip orientation FF as there are not enough pairs
[M::mem_pestat] analyzing insert size distribution for orientation FR...
[M::mem_pestat] (25, 50, 75) percentile: (188, 250, 332)
[M::mem_pestat] low and high boundaries for computing mean and std.dev: (1, 620)
[M::mem_pestat] mean and std.dev: (265.25, 102.19)
[M::mem_pestat] low and high boundaries for proper pairs: (1, 764)
[M::mem_pestat] analyzing insert size distribution for orientation RF...
[M::mem_pestat] (25, 50, 75) percentile: (174, 809, 2004)
[M::mem_pestat] low and high boundaries for computing mean and std.dev: (1, 5664)
[M::mem_pestat] mean and std.dev: (1057.17, 1122.41)
[M::mem_pestat] low and high boundaries for proper pairs: (1, 7494)
[M::mem_pestat] skip orientation RR as there are not enough pairs
[M::mem_pestat] skip orientation RF
[M::mem_process_seqs] Processed 2816778 reads in 3385.707 CPU sec, 84.692 real sec
[M::process] read 2808304 sequences (400000272 bp)...
[M::mem_pestat] # candidate unique pairs for (FF, FR, RF, RR): (7, 776509, 85, 14)
[M::mem_pestat] skip orientation FF as there are not enough pairs
[M::mem_pestat] analyzing insert size distribution for orientation FR...
[M::mem_pestat] (25, 50, 75) percentile: (189, 251, 332)
[M::mem_pestat] low and high boundaries for computing mean and std.dev: (1, 618)
[M::mem_pestat] mean and std.dev: (265.71, 102.34)
[M::mem_pestat] low and high boundaries for proper pairs: (1, 761)
[M::mem_pestat] analyzing insert size distribution for orientation RF...
[M::mem_pestat] (25, 50, 75) percentile: (223, 567, 3064)
[M::mem_pestat] low and high boundaries for computing mean and std.dev: (1, 8746)
[M::mem_pestat] mean and std.dev: (1781.40, 2245.07)
[M::mem_pestat] low and high boundaries for proper pairs: (1, 11587)
[M::mem_pestat] analyzing insert size distribution for orientation RR...
[M::mem_pestat] (25, 50, 75) percentile: (236, 2773, 2799)
[M::mem_pestat] low and high boundaries for computing mean and std.dev: (1, 7925)
[M::mem_pestat] mean and std.dev: (2214.93, 2267.03)
[M::mem_pestat] low and high boundaries for proper pairs: (1, 11283)
[M::mem_pestat] skip orientation RF
[M::mem_pestat] skip orientation RR
[M::mem_process_seqs] Processed 2804632 reads in 3337.851 CPU sec, 83.909 real sec
[M::process] read 2810106 sequences (400000014 bp)...
[M::mem_pestat] # candidate unique pairs for (FF, FR, RF, RR): (8, 774594, 94, 15)
[M::mem_pestat] skip orientation FF as there are not enough pairs
[M::mem_pestat] analyzing insert size distribution for orientation FR...
[M::mem_pestat] (25, 50, 75) percentile: (186, 245, 324)
[M::mem_pestat] low and high boundaries for computing mean and std.dev: (1, 600)
[M::mem_pestat] mean and std.dev: (259.87, 99.02)
[M::mem_pestat] low and high boundaries for proper pairs: (1, 738)
[M::mem_pestat] analyzing insert size distribution for orientation RF...
[M::mem_pestat] (25, 50, 75) percentile: (226, 1052, 2427)
[M::mem_pestat] low and high boundaries for computing mean and std.dev: (1, 6829)
[M::mem_pestat] mean and std.dev: (1115.52, 1227.09)
[M::mem_pestat] low and high boundaries for proper pairs: (1, 9030)
[M::mem_pestat] analyzing insert size distribution for orientation RR...
[M::mem_pestat] (25, 50, 75) percentile: (198, 301, 1396)
[M::mem_pestat] low and high boundaries for computing mean and std.dev: (1, 3792)
[M::mem_pestat] mean and std.dev: (637.69, 598.54)
[M::mem_pestat] low and high boundaries for proper pairs: (1, 4990)
[M::mem_pestat] skip orientation RF
[M::mem_pestat] skip orientation RR
[M::mem_process_seqs] Processed 2808304 reads in 3322.297 CPU sec, 83.281 real sec
[M::process] read 2808104 sequences (400000141 bp)...
[M::mem_pestat] # candidate unique pairs for (FF, FR, RF, RR): (9, 776382, 113, 4)
[M::mem_pestat] skip orientation FF as there are not enough pairs
[M::mem_pestat] analyzing insert size distribution for orientation FR...
[M::mem_pestat] (25, 50, 75) percentile: (184, 242, 317)
[M::mem_pestat] low and high boundaries for computing mean and std.dev: (1, 583)
[M::mem_pestat] mean and std.dev: (255.40, 95.93)
[M::mem_pestat] low and high boundaries for proper pairs: (1, 716)
[M::mem_pestat] analyzing insert size distribution for orientation RF...
[M::mem_pestat] (25, 50, 75) percentile: (180, 374, 1774)
[M::mem_pestat] low and high boundaries for computing mean and std.dev: (1, 4962)
[M::mem_pestat] mean and std.dev: (922.93, 1120.46)
[M::mem_pestat] low and high boundaries for proper pairs: (1, 6556)
[M::mem_pestat] skip orientation RR as there are not enough pairs
[M::mem_pestat] skip orientation RF
[M::mem_process_seqs] Processed 2810106 reads in 3322.447 CPU sec, 83.288 real sec
[M::process] read 2831310 sequences (400000025 bp)...
[M::mem_pestat] # candidate unique pairs for (FF, FR, RF, RR): (14, 774453, 118, 15)
[M::mem_pestat] analyzing insert size distribution for orientation FF...
[M::mem_pestat] (25, 50, 75) percentile: (91, 1386, 3334)
[M::mem_pestat] low and high boundaries for computing mean and std.dev: (1, 9820)
[M::mem_pestat] mean and std.dev: (1700.29, 1787.53)
[M::mem_pestat] low and high boundaries for proper pairs: (1, 13063)
[M::mem_pestat] analyzing insert size distribution for orientation FR...
[M::mem_pestat] (25, 50, 75) percentile: (185, 243, 320)
[M::mem_pestat] low and high boundaries for computing mean and std.dev: (1, 590)
[M::mem_pestat] mean and std.dev: (257.25, 96.85)
[M::mem_pestat] low and high boundaries for proper pairs: (1, 725)
[M::mem_pestat] analyzing insert size distribution for orientation RF...
[M::mem_pestat] (25, 50, 75) percentile: (156, 350, 1843)
[M::mem_pestat] low and high boundaries for computing mean and std.dev: (1, 5217)
[M::mem_pestat] mean and std.dev: (836.78, 1129.44)
[M::mem_pestat] low and high boundaries for proper pairs: (1, 6904)
[M::mem_pestat] analyzing insert size distribution for orientation RR...
[M::mem_pestat] (25, 50, 75) percentile: (410, 708, 3343)
[M::mem_pestat] low and high boundaries for computing mean and std.dev: (1, 9209)
[M::mem_pestat] mean and std.dev: (1818.27, 1490.24)
[M::mem_pestat] low and high boundaries for proper pairs: (1, 12142)
[M::mem_pestat] skip orientation FF
[M::mem_pestat] skip orientation RF
[M::mem_pestat] skip orientation RR
[M::mem_process_seqs] Processed 2808104 reads in 3341.221 CPU sec, 83.641 real sec
[M::process] read 2827080 sequences (400000226 bp)...
[M::mem_pestat] # candidate unique pairs for (FF, FR, RF, RR): (8, 776550, 98, 7)
[M::mem_pestat] skip orientation FF as there are not enough pairs
[M::mem_pestat] analyzing insert size distribution for orientation FR...
[M::mem_pestat] (25, 50, 75) percentile: (183, 240, 316)
[M::mem_pestat] low and high boundaries for computing mean and std.dev: (1, 582)
[M::mem_pestat] mean and std.dev: (254.37, 95.97)
[M::mem_pestat] low and high boundaries for proper pairs: (1, 715)
[M::mem_pestat] analyzing insert size distribution for orientation RF...
[M::mem_pestat] (25, 50, 75) percentile: (197, 427, 1744)
[M::mem_pestat] low and high boundaries for computing mean and std.dev: (1, 4838)
[M::mem_pestat] mean and std.dev: (847.66, 1006.89)
[M::mem_pestat] low and high boundaries for proper pairs: (1, 6385)
[M::mem_pestat] skip orientation RR as there are not enough pairs
[M::mem_pestat] skip orientation RF
[M::mem_process_seqs] Processed 2831310 reads in 3598.664 CPU sec, 96.449 real sec
[M::process] read 721018 sequences (102564972 bp)...
[M::mem_pestat] # candidate unique pairs for (FF, FR, RF, RR): (13, 777232, 103, 11)
[M::mem_pestat] analyzing insert size distribution for orientation FF...
[M::mem_pestat] (25, 50, 75) percentile: (158, 1587, 3845)
[M::mem_pestat] low and high boundaries for computing mean and std.dev: (1, 11219)
[M::mem_pestat] mean and std.dev: (1645.23, 1462.38)
[M::mem_pestat] low and high boundaries for proper pairs: (1, 14906)
[M::mem_pestat] analyzing insert size distribution for orientation FR...
[M::mem_pestat] (25, 50, 75) percentile: (183, 240, 317)
[M::mem_pestat] low and high boundaries for computing mean and std.dev: (1, 585)
[M::mem_pestat] mean and std.dev: (254.67, 96.56)
[M::mem_pestat] low and high boundaries for proper pairs: (1, 719)
[M::mem_pestat] analyzing insert size distribution for orientation RF...
[M::mem_pestat] (25, 50, 75) percentile: (130, 360, 1844)
[M::mem_pestat] low and high boundaries for computing mean and std.dev: (1, 5272)
[M::mem_pestat] mean and std.dev: (894.12, 1105.17)
[M::mem_pestat] low and high boundaries for proper pairs: (1, 6986)
[M::mem_pestat] analyzing insert size distribution for orientation RR...
[M::mem_pestat] (25, 50, 75) percentile: (226, 233, 2530)
[M::mem_pestat] low and high boundaries for computing mean and std.dev: (1, 7138)
[M::mem_pestat] mean and std.dev: (1088.91, 1207.91)
[M::mem_pestat] low and high boundaries for proper pairs: (1, 9442)
[M::mem_pestat] skip orientation FF
[M::mem_pestat] skip orientation RF
[M::mem_pestat] skip orientation RR
[M::mem_process_seqs] Processed 2827080 reads in 3384.378 CPU sec, 84.847 real sec
[M::mem_pestat] # candidate unique pairs for (FF, FR, RF, RR): (1, 198841, 31, 1)
[M::mem_pestat] skip orientation FF as there are not enough pairs
[M::mem_pestat] analyzing insert size distribution for orientation FR...
[M::mem_pestat] (25, 50, 75) percentile: (184, 243, 320)
[M::mem_pestat] low and high boundaries for computing mean and std.dev: (1, 592)
[M::mem_pestat] mean and std.dev: (257.28, 97.66)
[M::mem_pestat] low and high boundaries for proper pairs: (1, 728)
[M::mem_pestat] analyzing insert size distribution for orientation RF...
[M::mem_pestat] (25, 50, 75) percentile: (184, 227, 968)
[M::mem_pestat] low and high boundaries for computing mean and std.dev: (1, 2536)
[M::mem_pestat] mean and std.dev: (413.36, 433.35)
[M::mem_pestat] low and high boundaries for proper pairs: (1, 3320)
[M::mem_pestat] skip orientation RR as there are not enough pairs
[M::mem_pestat] skip orientation RF
[M::mem_process_seqs] Processed 721018 reads in 886.699 CPU sec, 22.323 real sec
[main] Version: 0.7.17-r1188
[main] CMD: /home/shared/bwa-0.7.17/bwa mem -M -t 40 ../data/bwa-GCF_031168955.1_ASM3116895v1_genomic ../data/trimmed-fastqs-heatwave-genetics/MHW166_trimmed_clipped_R1_paired.fq.gz ../data/trimmed-fastqs-heatwave-genetics/MHW166_trimmed_clipped_R2_paired.fq.gz
[main] Real time: 3065.374 sec; CPU: 121450.431 sec
