[M::bwa_idx_load_from_disk] read 0 ALT contigs
[M::process] read 2910488 sequences (400000074 bp)...
[M::process] read 2903082 sequences (400000120 bp)...
[M::mem_pestat] # candidate unique pairs for (FF, FR, RF, RR): (2, 798361, 30, 4)
[M::mem_pestat] skip orientation FF as there are not enough pairs
[M::mem_pestat] analyzing insert size distribution for orientation FR...
[M::mem_pestat] (25, 50, 75) percentile: (143, 171, 212)
[M::mem_pestat] low and high boundaries for computing mean and std.dev: (5, 350)
[M::mem_pestat] mean and std.dev: (178.70, 59.11)
[M::mem_pestat] low and high boundaries for proper pairs: (1, 419)
[M::mem_pestat] analyzing insert size distribution for orientation RF...
[M::mem_pestat] (25, 50, 75) percentile: (89, 228, 1292)
[M::mem_pestat] low and high boundaries for computing mean and std.dev: (1, 3698)
[M::mem_pestat] mean and std.dev: (753.69, 1029.31)
[M::mem_pestat] low and high boundaries for proper pairs: (1, 4901)
[M::mem_pestat] skip orientation RR as there are not enough pairs
[M::mem_pestat] skip orientation RF
[M::mem_process_seqs] Processed 2910488 reads in 3178.940 CPU sec, 79.729 real sec
[M::process] read 2895546 sequences (400000272 bp)...
[M::mem_pestat] # candidate unique pairs for (FF, FR, RF, RR): (5, 797523, 38, 3)
[M::mem_pestat] skip orientation FF as there are not enough pairs
[M::mem_pestat] analyzing insert size distribution for orientation FR...
[M::mem_pestat] (25, 50, 75) percentile: (144, 172, 215)
[M::mem_pestat] low and high boundaries for computing mean and std.dev: (2, 357)
[M::mem_pestat] mean and std.dev: (181.38, 61.09)
[M::mem_pestat] low and high boundaries for proper pairs: (1, 428)
[M::mem_pestat] analyzing insert size distribution for orientation RF...
[M::mem_pestat] (25, 50, 75) percentile: (122, 280, 2122)
[M::mem_pestat] low and high boundaries for computing mean and std.dev: (1, 6122)
[M::mem_pestat] mean and std.dev: (775.88, 1144.11)
[M::mem_pestat] low and high boundaries for proper pairs: (1, 8122)
[M::mem_pestat] skip orientation RR as there are not enough pairs
[M::mem_pestat] skip orientation RF
[M::mem_process_seqs] Processed 2903082 reads in 3301.520 CPU sec, 82.878 real sec
[M::process] read 2905702 sequences (400000092 bp)...
[M::mem_pestat] # candidate unique pairs for (FF, FR, RF, RR): (6, 798126, 40, 7)
[M::mem_pestat] skip orientation FF as there are not enough pairs
[M::mem_pestat] analyzing insert size distribution for orientation FR...
[M::mem_pestat] (25, 50, 75) percentile: (145, 173, 218)
[M::mem_pestat] low and high boundaries for computing mean and std.dev: (1, 364)
[M::mem_pestat] mean and std.dev: (183.77, 63.10)
[M::mem_pestat] low and high boundaries for proper pairs: (1, 437)
[M::mem_pestat] analyzing insert size distribution for orientation RF...
[M::mem_pestat] (25, 50, 75) percentile: (36, 112, 965)
[M::mem_pestat] low and high boundaries for computing mean and std.dev: (1, 2823)
[M::mem_pestat] mean and std.dev: (415.31, 716.62)
[M::mem_pestat] low and high boundaries for proper pairs: (1, 3752)
[M::mem_pestat] skip orientation RR as there are not enough pairs
[M::mem_pestat] skip orientation RF
[M::mem_process_seqs] Processed 2895546 reads in 3322.800 CPU sec, 83.555 real sec
[M::process] read 2895902 sequences (400000245 bp)...
[M::mem_pestat] # candidate unique pairs for (FF, FR, RF, RR): (3, 800863, 44, 4)
[M::mem_pestat] skip orientation FF as there are not enough pairs
[M::mem_pestat] analyzing insert size distribution for orientation FR...
[M::mem_pestat] (25, 50, 75) percentile: (143, 172, 214)
[M::mem_pestat] low and high boundaries for computing mean and std.dev: (1, 356)
[M::mem_pestat] mean and std.dev: (180.39, 60.72)
[M::mem_pestat] low and high boundaries for proper pairs: (1, 427)
[M::mem_pestat] analyzing insert size distribution for orientation RF...
[M::mem_pestat] (25, 50, 75) percentile: (96, 236, 2721)
[M::mem_pestat] low and high boundaries for computing mean and std.dev: (1, 7971)
[M::mem_pestat] mean and std.dev: (1278.02, 1912.35)
[M::mem_pestat] low and high boundaries for proper pairs: (1, 10596)
[M::mem_pestat] skip orientation RR as there are not enough pairs
[M::mem_pestat] skip orientation RF
[M::mem_process_seqs] Processed 2905702 reads in 3334.647 CPU sec, 83.641 real sec
[M::process] read 2897768 sequences (400000082 bp)...
[M::mem_pestat] # candidate unique pairs for (FF, FR, RF, RR): (4, 797294, 32, 3)
[M::mem_pestat] skip orientation FF as there are not enough pairs
[M::mem_pestat] analyzing insert size distribution for orientation FR...
[M::mem_pestat] (25, 50, 75) percentile: (145, 173, 217)
[M::mem_pestat] low and high boundaries for computing mean and std.dev: (1, 361)
[M::mem_pestat] mean and std.dev: (183.11, 62.42)
[M::mem_pestat] low and high boundaries for proper pairs: (1, 433)
[M::mem_pestat] analyzing insert size distribution for orientation RF...
[M::mem_pestat] (25, 50, 75) percentile: (48, 225, 1176)
[M::mem_pestat] low and high boundaries for computing mean and std.dev: (1, 3432)
[M::mem_pestat] mean and std.dev: (381.41, 546.52)
[M::mem_pestat] low and high boundaries for proper pairs: (1, 4560)
[M::mem_pestat] skip orientation RR as there are not enough pairs
[M::mem_pestat] skip orientation RF
[M::mem_process_seqs] Processed 2895902 reads in 3365.973 CPU sec, 84.221 real sec
[M::process] read 2911700 sequences (400000106 bp)...
[M::mem_pestat] # candidate unique pairs for (FF, FR, RF, RR): (6, 797532, 33, 7)
[M::mem_pestat] skip orientation FF as there are not enough pairs
[M::mem_pestat] analyzing insert size distribution for orientation FR...
[M::mem_pestat] (25, 50, 75) percentile: (144, 173, 216)
[M::mem_pestat] low and high boundaries for computing mean and std.dev: (1, 360)
[M::mem_pestat] mean and std.dev: (182.07, 61.98)
[M::mem_pestat] low and high boundaries for proper pairs: (1, 432)
[M::mem_pestat] analyzing insert size distribution for orientation RF...
[M::mem_pestat] (25, 50, 75) percentile: (119, 225, 1487)
[M::mem_pestat] low and high boundaries for computing mean and std.dev: (1, 4223)
[M::mem_pestat] mean and std.dev: (812.06, 1004.03)
[M::mem_pestat] low and high boundaries for proper pairs: (1, 5591)
[M::mem_pestat] skip orientation RR as there are not enough pairs
[M::mem_pestat] skip orientation RF
[M::mem_process_seqs] Processed 2897768 reads in 3320.329 CPU sec, 83.511 real sec
[M::process] read 2920984 sequences (400000003 bp)...
[M::mem_pestat] # candidate unique pairs for (FF, FR, RF, RR): (0, 796766, 42, 4)
[M::mem_pestat] skip orientation FF as there are not enough pairs
[M::mem_pestat] analyzing insert size distribution for orientation FR...
[M::mem_pestat] (25, 50, 75) percentile: (145, 173, 218)
[M::mem_pestat] low and high boundaries for computing mean and std.dev: (1, 364)
[M::mem_pestat] mean and std.dev: (183.77, 63.31)
[M::mem_pestat] low and high boundaries for proper pairs: (1, 437)
[M::mem_pestat] analyzing insert size distribution for orientation RF...
[M::mem_pestat] (25, 50, 75) percentile: (49, 132, 803)
[M::mem_pestat] low and high boundaries for computing mean and std.dev: (1, 2311)
[M::mem_pestat] mean and std.dev: (290.50, 477.77)
[M::mem_pestat] low and high boundaries for proper pairs: (1, 3065)
[M::mem_pestat] skip orientation RR as there are not enough pairs
[M::mem_pestat] skip orientation RF
[M::mem_process_seqs] Processed 2911700 reads in 3365.384 CPU sec, 84.370 real sec
[M::process] read 2918130 sequences (400000032 bp)...
[M::mem_pestat] # candidate unique pairs for (FF, FR, RF, RR): (6, 796333, 51, 4)
[M::mem_pestat] skip orientation FF as there are not enough pairs
[M::mem_pestat] analyzing insert size distribution for orientation FR...
[M::mem_pestat] (25, 50, 75) percentile: (145, 173, 218)
[M::mem_pestat] low and high boundaries for computing mean and std.dev: (1, 364)
[M::mem_pestat] mean and std.dev: (183.49, 63.08)
[M::mem_pestat] low and high boundaries for proper pairs: (1, 437)
[M::mem_pestat] analyzing insert size distribution for orientation RF...
[M::mem_pestat] (25, 50, 75) percentile: (148, 224, 2298)
[M::mem_pestat] low and high boundaries for computing mean and std.dev: (1, 6598)
[M::mem_pestat] mean and std.dev: (1167.82, 1572.65)
[M::mem_pestat] low and high boundaries for proper pairs: (1, 8748)
[M::mem_pestat] skip orientation RR as there are not enough pairs
[M::mem_pestat] skip orientation RF
[M::mem_process_seqs] Processed 2920984 reads in 3372.673 CPU sec, 84.564 real sec
[M::process] read 2917276 sequences (400000138 bp)...
[M::mem_pestat] # candidate unique pairs for (FF, FR, RF, RR): (2, 798214, 44, 10)
[M::mem_pestat] skip orientation FF as there are not enough pairs
[M::mem_pestat] analyzing insert size distribution for orientation FR...
[M::mem_pestat] (25, 50, 75) percentile: (144, 173, 216)
[M::mem_pestat] low and high boundaries for computing mean and std.dev: (1, 360)
[M::mem_pestat] mean and std.dev: (182.16, 62.24)
[M::mem_pestat] low and high boundaries for proper pairs: (1, 432)
[M::mem_pestat] analyzing insert size distribution for orientation RF...
[M::mem_pestat] (25, 50, 75) percentile: (108, 362, 1533)
[M::mem_pestat] low and high boundaries for computing mean and std.dev: (1, 4383)
[M::mem_pestat] mean and std.dev: (990.20, 1213.56)
[M::mem_pestat] low and high boundaries for proper pairs: (1, 5844)
[M::mem_pestat] analyzing insert size distribution for orientation RR...
[M::mem_pestat] (25, 50, 75) percentile: (124, 4315, 7207)
[M::mem_pestat] low and high boundaries for computing mean and std.dev: (1, 21373)
[M::mem_pestat] mean and std.dev: (3158.30, 3066.03)
[M::mem_pestat] low and high boundaries for proper pairs: (1, 28456)
[M::mem_pestat] skip orientation RF
[M::mem_pestat] skip orientation RR
[M::mem_process_seqs] Processed 2918130 reads in 3360.195 CPU sec, 84.076 real sec
[M::process] read 2911460 sequences (400000232 bp)...
[M::mem_pestat] # candidate unique pairs for (FF, FR, RF, RR): (4, 797746, 54, 2)
[M::mem_pestat] skip orientation FF as there are not enough pairs
[M::mem_pestat] analyzing insert size distribution for orientation FR...
[M::mem_pestat] (25, 50, 75) percentile: (144, 173, 217)
[M::mem_pestat] low and high boundaries for computing mean and std.dev: (1, 363)
[M::mem_pestat] mean and std.dev: (182.99, 62.80)
[M::mem_pestat] low and high boundaries for proper pairs: (1, 436)
[M::mem_pestat] analyzing insert size distribution for orientation RF...
[M::mem_pestat] (25, 50, 75) percentile: (93, 223, 611)
[M::mem_pestat] low and high boundaries for computing mean and std.dev: (1, 1647)
[M::mem_pestat] mean and std.dev: (227.41, 245.85)
[M::mem_pestat] low and high boundaries for proper pairs: (1, 2165)
[M::mem_pestat] skip orientation RR as there are not enough pairs
[M::mem_pestat] skip orientation RF
[M::mem_process_seqs] Processed 2917276 reads in 3375.917 CPU sec, 84.950 real sec
[M::process] read 2919722 sequences (400000037 bp)...
[M::mem_pestat] # candidate unique pairs for (FF, FR, RF, RR): (5, 798459, 37, 7)
[M::mem_pestat] skip orientation FF as there are not enough pairs
[M::mem_pestat] analyzing insert size distribution for orientation FR...
[M::mem_pestat] (25, 50, 75) percentile: (145, 173, 217)
[M::mem_pestat] low and high boundaries for computing mean and std.dev: (1, 361)
[M::mem_pestat] mean and std.dev: (183.01, 62.60)
[M::mem_pestat] low and high boundaries for proper pairs: (1, 433)
[M::mem_pestat] analyzing insert size distribution for orientation RF...
[M::mem_pestat] (25, 50, 75) percentile: (52, 224, 508)
[M::mem_pestat] low and high boundaries for computing mean and std.dev: (1, 1420)
[M::mem_pestat] mean and std.dev: (282.57, 259.18)
[M::mem_pestat] low and high boundaries for proper pairs: (1, 1876)
[M::mem_pestat] skip orientation RR as there are not enough pairs
[M::mem_pestat] skip orientation RF
[M::mem_process_seqs] Processed 2911460 reads in 3348.095 CPU sec, 83.956 real sec
[M::process] read 2902360 sequences (400000097 bp)...
[M::mem_pestat] # candidate unique pairs for (FF, FR, RF, RR): (5, 798718, 39, 3)
[M::mem_pestat] skip orientation FF as there are not enough pairs
[M::mem_pestat] analyzing insert size distribution for orientation FR...
[M::mem_pestat] (25, 50, 75) percentile: (144, 172, 215)
[M::mem_pestat] low and high boundaries for computing mean and std.dev: (2, 357)
[M::mem_pestat] mean and std.dev: (181.06, 61.25)
[M::mem_pestat] low and high boundaries for proper pairs: (1, 428)
[M::mem_pestat] analyzing insert size distribution for orientation RF...
[M::mem_pestat] (25, 50, 75) percentile: (104, 223, 1396)
[M::mem_pestat] low and high boundaries for computing mean and std.dev: (1, 3980)
[M::mem_pestat] mean and std.dev: (644.91, 961.53)
[M::mem_pestat] low and high boundaries for proper pairs: (1, 5272)
[M::mem_pestat] skip orientation RR as there are not enough pairs
[M::mem_pestat] skip orientation RF
[M::mem_process_seqs] Processed 2919722 reads in 3413.554 CPU sec, 85.402 real sec
[M::process] read 2895828 sequences (400000141 bp)...
[M::mem_pestat] # candidate unique pairs for (FF, FR, RF, RR): (5, 798653, 32, 1)
[M::mem_pestat] skip orientation FF as there are not enough pairs
[M::mem_pestat] analyzing insert size distribution for orientation FR...
[M::mem_pestat] (25, 50, 75) percentile: (144, 173, 216)
[M::mem_pestat] low and high boundaries for computing mean and std.dev: (1, 360)
[M::mem_pestat] mean and std.dev: (182.18, 62.16)
[M::mem_pestat] low and high boundaries for proper pairs: (1, 432)
[M::mem_pestat] analyzing insert size distribution for orientation RF...
[M::mem_pestat] (25, 50, 75) percentile: (77, 161, 444)
[M::mem_pestat] low and high boundaries for computing mean and std.dev: (1, 1178)
[M::mem_pestat] mean and std.dev: (161.80, 132.99)
[M::mem_pestat] low and high boundaries for proper pairs: (1, 1545)
[M::mem_pestat] skip orientation RR as there are not enough pairs
[M::mem_pestat] skip orientation RF
[M::mem_process_seqs] Processed 2902360 reads in 3329.327 CPU sec, 83.704 real sec
[M::process] read 2896192 sequences (400000096 bp)...
[M::mem_pestat] # candidate unique pairs for (FF, FR, RF, RR): (1, 798217, 43, 1)
[M::mem_pestat] skip orientation FF as there are not enough pairs
[M::mem_pestat] analyzing insert size distribution for orientation FR...
[M::mem_pestat] (25, 50, 75) percentile: (145, 173, 218)
[M::mem_pestat] low and high boundaries for computing mean and std.dev: (1, 364)
[M::mem_pestat] mean and std.dev: (183.61, 63.11)
[M::mem_pestat] low and high boundaries for proper pairs: (1, 437)
[M::mem_pestat] analyzing insert size distribution for orientation RF...
[M::mem_pestat] (25, 50, 75) percentile: (93, 283, 2313)
[M::mem_pestat] low and high boundaries for computing mean and std.dev: (1, 6753)
[M::mem_pestat] mean and std.dev: (1176.85, 1726.95)
[M::mem_pestat] low and high boundaries for proper pairs: (1, 8973)
[M::mem_pestat] skip orientation RR as there are not enough pairs
[M::mem_pestat] skip orientation RF
[M::mem_process_seqs] Processed 2895828 reads in 3328.850 CPU sec, 83.484 real sec
[M::process] read 2897590 sequences (400000105 bp)...
[M::mem_pestat] # candidate unique pairs for (FF, FR, RF, RR): (4, 797434, 46, 1)
[M::mem_pestat] skip orientation FF as there are not enough pairs
[M::mem_pestat] analyzing insert size distribution for orientation FR...
[M::mem_pestat] (25, 50, 75) percentile: (144, 173, 216)
[M::mem_pestat] low and high boundaries for computing mean and std.dev: (1, 360)
[M::mem_pestat] mean and std.dev: (182.18, 62.11)
[M::mem_pestat] low and high boundaries for proper pairs: (1, 432)
[M::mem_pestat] analyzing insert size distribution for orientation RF...
[M::mem_pestat] (25, 50, 75) percentile: (75, 226, 2039)
[M::mem_pestat] low and high boundaries for computing mean and std.dev: (1, 5967)
[M::mem_pestat] mean and std.dev: (1165.30, 1487.61)
[M::mem_pestat] low and high boundaries for proper pairs: (1, 7931)
[M::mem_pestat] skip orientation RR as there are not enough pairs
[M::mem_pestat] skip orientation RF
[M::mem_process_seqs] Processed 2896192 reads in 3330.020 CPU sec, 83.500 real sec
[M::process] read 2894710 sequences (400000167 bp)...
[M::mem_pestat] # candidate unique pairs for (FF, FR, RF, RR): (7, 798691, 33, 1)
[M::mem_pestat] skip orientation FF as there are not enough pairs
[M::mem_pestat] analyzing insert size distribution for orientation FR...
[M::mem_pestat] (25, 50, 75) percentile: (145, 173, 217)
[M::mem_pestat] low and high boundaries for computing mean and std.dev: (1, 361)
[M::mem_pestat] mean and std.dev: (182.85, 62.22)
[M::mem_pestat] low and high boundaries for proper pairs: (1, 433)
[M::mem_pestat] analyzing insert size distribution for orientation RF...
[M::mem_pestat] (25, 50, 75) percentile: (90, 313, 2375)
[M::mem_pestat] low and high boundaries for computing mean and std.dev: (1, 6945)
[M::mem_pestat] mean and std.dev: (951.42, 1173.67)
[M::mem_pestat] low and high boundaries for proper pairs: (1, 9230)
[M::mem_pestat] skip orientation RR as there are not enough pairs
[M::mem_pestat] skip orientation RF
[M::mem_process_seqs] Processed 2897590 reads in 3356.229 CPU sec, 84.210 real sec
[M::process] read 2893050 sequences (400000128 bp)...
[M::mem_pestat] # candidate unique pairs for (FF, FR, RF, RR): (4, 796336, 49, 10)
[M::mem_pestat] skip orientation FF as there are not enough pairs
[M::mem_pestat] analyzing insert size distribution for orientation FR...
[M::mem_pestat] (25, 50, 75) percentile: (145, 174, 219)
[M::mem_pestat] low and high boundaries for computing mean and std.dev: (1, 367)
[M::mem_pestat] mean and std.dev: (184.43, 63.91)
[M::mem_pestat] low and high boundaries for proper pairs: (1, 441)
[M::mem_pestat] analyzing insert size distribution for orientation RF...
[M::mem_pestat] (25, 50, 75) percentile: (46, 223, 1096)
[M::mem_pestat] low and high boundaries for computing mean and std.dev: (1, 3196)
[M::mem_pestat] mean and std.dev: (359.60, 444.70)
[M::mem_pestat] low and high boundaries for proper pairs: (1, 4246)
[M::mem_pestat] analyzing insert size distribution for orientation RR...
[M::mem_pestat] (25, 50, 75) percentile: (198, 209, 5709)
[M::mem_pestat] low and high boundaries for computing mean and std.dev: (1, 16731)
[M::mem_pestat] mean and std.dev: (2142.90, 3021.91)
[M::mem_pestat] low and high boundaries for proper pairs: (1, 22242)
[M::mem_pestat] skip orientation RF
[M::mem_pestat] skip orientation RR
[M::mem_process_seqs] Processed 2894710 reads in 3358.301 CPU sec, 84.189 real sec
[M::process] read 2893312 sequences (400000019 bp)...
[M::mem_pestat] # candidate unique pairs for (FF, FR, RF, RR): (5, 798248, 51, 3)
[M::mem_pestat] skip orientation FF as there are not enough pairs
[M::mem_pestat] analyzing insert size distribution for orientation FR...
[M::mem_pestat] (25, 50, 75) percentile: (144, 173, 217)
[M::mem_pestat] low and high boundaries for computing mean and std.dev: (1, 363)
[M::mem_pestat] mean and std.dev: (183.06, 62.82)
[M::mem_pestat] low and high boundaries for proper pairs: (1, 436)
[M::mem_pestat] analyzing insert size distribution for orientation RF...
[M::mem_pestat] (25, 50, 75) percentile: (77, 146, 280)
[M::mem_pestat] low and high boundaries for computing mean and std.dev: (1, 686)
[M::mem_pestat] mean and std.dev: (158.07, 129.39)
[M::mem_pestat] low and high boundaries for proper pairs: (1, 889)
[M::mem_pestat] skip orientation RR as there are not enough pairs
[M::mem_pestat] skip orientation RF
[M::mem_process_seqs] Processed 2893050 reads in 3612.369 CPU sec, 96.009 real sec
[M::process] read 2916552 sequences (400000105 bp)...
[M::mem_pestat] # candidate unique pairs for (FF, FR, RF, RR): (4, 796886, 40, 5)
[M::mem_pestat] skip orientation FF as there are not enough pairs
[M::mem_pestat] analyzing insert size distribution for orientation FR...
[M::mem_pestat] (25, 50, 75) percentile: (145, 174, 220)
[M::mem_pestat] low and high boundaries for computing mean and std.dev: (1, 370)
[M::mem_pestat] mean and std.dev: (185.40, 64.47)
[M::mem_pestat] low and high boundaries for proper pairs: (1, 445)
[M::mem_pestat] analyzing insert size distribution for orientation RF...
[M::mem_pestat] (25, 50, 75) percentile: (67, 169, 1008)
[M::mem_pestat] low and high boundaries for computing mean and std.dev: (1, 2890)
[M::mem_pestat] mean and std.dev: (349.60, 557.07)
[M::mem_pestat] low and high boundaries for proper pairs: (1, 3831)
[M::mem_pestat] skip orientation RR as there are not enough pairs
[M::mem_pestat] skip orientation RF
[M::mem_process_seqs] Processed 2893312 reads in 3347.037 CPU sec, 84.144 real sec
[M::process] read 2915824 sequences (400000248 bp)...
[M::mem_pestat] # candidate unique pairs for (FF, FR, RF, RR): (5, 796756, 32, 11)
[M::mem_pestat] skip orientation FF as there are not enough pairs
[M::mem_pestat] analyzing insert size distribution for orientation FR...
[M::mem_pestat] (25, 50, 75) percentile: (144, 173, 217)
[M::mem_pestat] low and high boundaries for computing mean and std.dev: (1, 363)
[M::mem_pestat] mean and std.dev: (182.89, 62.89)
[M::mem_pestat] low and high boundaries for proper pairs: (1, 436)
[M::mem_pestat] analyzing insert size distribution for orientation RF...
[M::mem_pestat] (25, 50, 75) percentile: (223, 499, 4720)
[M::mem_pestat] low and high boundaries for computing mean and std.dev: (1, 13714)
[M::mem_pestat] mean and std.dev: (1955.00, 2724.80)
[M::mem_pestat] low and high boundaries for proper pairs: (1, 18211)
[M::mem_pestat] analyzing insert size distribution for orientation RR...
[M::mem_pestat] (25, 50, 75) percentile: (442, 1339, 4385)
[M::mem_pestat] low and high boundaries for computing mean and std.dev: (1, 12271)
[M::mem_pestat] mean and std.dev: (2458.18, 2283.47)
[M::mem_pestat] low and high boundaries for proper pairs: (1, 16214)
[M::mem_pestat] skip orientation RF
[M::mem_pestat] skip orientation RR
[M::mem_process_seqs] Processed 2916552 reads in 3359.071 CPU sec, 84.290 real sec
[M::process] read 2911132 sequences (400000193 bp)...
[M::mem_pestat] # candidate unique pairs for (FF, FR, RF, RR): (5, 797713, 46, 4)
[M::mem_pestat] skip orientation FF as there are not enough pairs
[M::mem_pestat] analyzing insert size distribution for orientation FR...
[M::mem_pestat] (25, 50, 75) percentile: (144, 173, 218)
[M::mem_pestat] low and high boundaries for computing mean and std.dev: (1, 366)
[M::mem_pestat] mean and std.dev: (183.81, 63.71)
[M::mem_pestat] low and high boundaries for proper pairs: (1, 440)
[M::mem_pestat] analyzing insert size distribution for orientation RF...
[M::mem_pestat] (25, 50, 75) percentile: (83, 339, 962)
[M::mem_pestat] low and high boundaries for computing mean and std.dev: (1, 2720)
[M::mem_pestat] mean and std.dev: (416.51, 532.48)
[M::mem_pestat] low and high boundaries for proper pairs: (1, 3599)
[M::mem_pestat] skip orientation RR as there are not enough pairs
[M::mem_pestat] skip orientation RF
[M::mem_process_seqs] Processed 2915824 reads in 3372.859 CPU sec, 84.467 real sec
[M::process] read 2915094 sequences (400000198 bp)...
[M::mem_pestat] # candidate unique pairs for (FF, FR, RF, RR): (2, 797273, 38, 8)
[M::mem_pestat] skip orientation FF as there are not enough pairs
[M::mem_pestat] analyzing insert size distribution for orientation FR...
[M::mem_pestat] (25, 50, 75) percentile: (144, 173, 217)
[M::mem_pestat] low and high boundaries for computing mean and std.dev: (1, 363)
[M::mem_pestat] mean and std.dev: (183.06, 62.85)
[M::mem_pestat] low and high boundaries for proper pairs: (1, 436)
[M::mem_pestat] analyzing insert size distribution for orientation RF...
[M::mem_pestat] (25, 50, 75) percentile: (41, 137, 466)
[M::mem_pestat] low and high boundaries for computing mean and std.dev: (1, 1316)
[M::mem_pestat] mean and std.dev: (142.67, 149.86)
[M::mem_pestat] low and high boundaries for proper pairs: (1, 1741)
[M::mem_pestat] skip orientation RR as there are not enough pairs
[M::mem_pestat] skip orientation RF
[M::mem_process_seqs] Processed 2911132 reads in 3347.912 CPU sec, 84.199 real sec
[M::process] read 2907612 sequences (400000078 bp)...
[M::mem_pestat] # candidate unique pairs for (FF, FR, RF, RR): (3, 797624, 37, 6)
[M::mem_pestat] skip orientation FF as there are not enough pairs
[M::mem_pestat] analyzing insert size distribution for orientation FR...
[M::mem_pestat] (25, 50, 75) percentile: (145, 173, 219)
[M::mem_pestat] low and high boundaries for computing mean and std.dev: (1, 367)
[M::mem_pestat] mean and std.dev: (184.19, 64.03)
[M::mem_pestat] low and high boundaries for proper pairs: (1, 441)
[M::mem_pestat] analyzing insert size distribution for orientation RF...
[M::mem_pestat] (25, 50, 75) percentile: (62, 241, 1864)
[M::mem_pestat] low and high boundaries for computing mean and std.dev: (1, 5468)
[M::mem_pestat] mean and std.dev: (875.65, 1391.27)
[M::mem_pestat] low and high boundaries for proper pairs: (1, 7270)
[M::mem_pestat] skip orientation RR as there are not enough pairs
[M::mem_pestat] skip orientation RF
[M::mem_process_seqs] Processed 2915094 reads in 3355.333 CPU sec, 84.144 real sec
[M::process] read 2899800 sequences (400000219 bp)...
[M::mem_pestat] # candidate unique pairs for (FF, FR, RF, RR): (6, 796755, 36, 12)
[M::mem_pestat] skip orientation FF as there are not enough pairs
[M::mem_pestat] analyzing insert size distribution for orientation FR...
[M::mem_pestat] (25, 50, 75) percentile: (145, 173, 218)
[M::mem_pestat] low and high boundaries for computing mean and std.dev: (1, 364)
[M::mem_pestat] mean and std.dev: (183.59, 63.37)
[M::mem_pestat] low and high boundaries for proper pairs: (1, 437)
[M::mem_pestat] analyzing insert size distribution for orientation RF...
[M::mem_pestat] (25, 50, 75) percentile: (143, 539, 1437)
[M::mem_pestat] low and high boundaries for computing mean and std.dev: (1, 4025)
[M::mem_pestat] mean and std.dev: (624.39, 590.63)
[M::mem_pestat] low and high boundaries for proper pairs: (1, 5319)
[M::mem_pestat] analyzing insert size distribution for orientation RR...
[M::mem_pestat] (25, 50, 75) percentile: (125, 351, 3249)
[M::mem_pestat] low and high boundaries for computing mean and std.dev: (1, 9497)
[M::mem_pestat] mean and std.dev: (1140.33, 1490.97)
[M::mem_pestat] low and high boundaries for proper pairs: (1, 12621)
[M::mem_pestat] skip orientation RF
[M::mem_pestat] skip orientation RR
[M::mem_process_seqs] Processed 2907612 reads in 3387.753 CPU sec, 84.742 real sec
[M::process] read 2902810 sequences (400000126 bp)...
[M::mem_pestat] # candidate unique pairs for (FF, FR, RF, RR): (3, 797907, 58, 2)
[M::mem_pestat] skip orientation FF as there are not enough pairs
[M::mem_pestat] analyzing insert size distribution for orientation FR...
[M::mem_pestat] (25, 50, 75) percentile: (144, 173, 217)
[M::mem_pestat] low and high boundaries for computing mean and std.dev: (1, 363)
[M::mem_pestat] mean and std.dev: (182.84, 62.68)
[M::mem_pestat] low and high boundaries for proper pairs: (1, 436)
[M::mem_pestat] analyzing insert size distribution for orientation RF...
[M::mem_pestat] (25, 50, 75) percentile: (126, 385, 1984)
[M::mem_pestat] low and high boundaries for computing mean and std.dev: (1, 5700)
[M::mem_pestat] mean and std.dev: (963.91, 1265.03)
[M::mem_pestat] low and high boundaries for proper pairs: (1, 7558)
[M::mem_pestat] skip orientation RR as there are not enough pairs
[M::mem_pestat] skip orientation RF
[M::mem_process_seqs] Processed 2899800 reads in 3358.900 CPU sec, 84.256 real sec
[M::process] read 2900676 sequences (400000032 bp)...
[M::mem_pestat] # candidate unique pairs for (FF, FR, RF, RR): (5, 798996, 33, 2)
[M::mem_pestat] skip orientation FF as there are not enough pairs
[M::mem_pestat] analyzing insert size distribution for orientation FR...
[M::mem_pestat] (25, 50, 75) percentile: (144, 171, 212)
[M::mem_pestat] low and high boundaries for computing mean and std.dev: (8, 348)
[M::mem_pestat] mean and std.dev: (178.85, 58.49)
[M::mem_pestat] low and high boundaries for proper pairs: (1, 416)
[M::mem_pestat] analyzing insert size distribution for orientation RF...
[M::mem_pestat] (25, 50, 75) percentile: (67, 182, 675)
[M::mem_pestat] low and high boundaries for computing mean and std.dev: (1, 1891)
[M::mem_pestat] mean and std.dev: (257.68, 349.90)
[M::mem_pestat] low and high boundaries for proper pairs: (1, 2499)
[M::mem_pestat] skip orientation RR as there are not enough pairs
[M::mem_pestat] skip orientation RF
[M::mem_process_seqs] Processed 2902810 reads in 3359.131 CPU sec, 84.277 real sec
[M::process] read 2923536 sequences (400000263 bp)...
[M::mem_pestat] # candidate unique pairs for (FF, FR, RF, RR): (3, 798355, 33, 6)
[M::mem_pestat] skip orientation FF as there are not enough pairs
[M::mem_pestat] analyzing insert size distribution for orientation FR...
[M::mem_pestat] (25, 50, 75) percentile: (144, 172, 212)
[M::mem_pestat] low and high boundaries for computing mean and std.dev: (8, 348)
[M::mem_pestat] mean and std.dev: (179.29, 58.55)
[M::mem_pestat] low and high boundaries for proper pairs: (1, 416)
[M::mem_pestat] analyzing insert size distribution for orientation RF...
[M::mem_pestat] (25, 50, 75) percentile: (146, 307, 2223)
[M::mem_pestat] low and high boundaries for computing mean and std.dev: (1, 6377)
[M::mem_pestat] mean and std.dev: (1070.10, 1538.74)
[M::mem_pestat] low and high boundaries for proper pairs: (1, 8454)
[M::mem_pestat] skip orientation RR as there are not enough pairs
[M::mem_pestat] skip orientation RF
[M::mem_process_seqs] Processed 2900676 reads in 3338.491 CPU sec, 83.951 real sec
[M::process] read 2569284 sequences (352752424 bp)...
[M::mem_pestat] # candidate unique pairs for (FF, FR, RF, RR): (4, 799721, 38, 5)
[M::mem_pestat] skip orientation FF as there are not enough pairs
[M::mem_pestat] analyzing insert size distribution for orientation FR...
[M::mem_pestat] (25, 50, 75) percentile: (143, 171, 210)
[M::mem_pestat] low and high boundaries for computing mean and std.dev: (9, 344)
[M::mem_pestat] mean and std.dev: (177.15, 57.22)
[M::mem_pestat] low and high boundaries for proper pairs: (1, 411)
[M::mem_pestat] analyzing insert size distribution for orientation RF...
[M::mem_pestat] (25, 50, 75) percentile: (46, 124, 416)
[M::mem_pestat] low and high boundaries for computing mean and std.dev: (1, 1156)
[M::mem_pestat] mean and std.dev: (152.12, 161.24)
[M::mem_pestat] low and high boundaries for proper pairs: (1, 1526)
[M::mem_pestat] skip orientation RR as there are not enough pairs
[M::mem_pestat] skip orientation RF
[M::mem_process_seqs] Processed 2923536 reads in 3376.112 CPU sec, 84.722 real sec
[M::mem_pestat] # candidate unique pairs for (FF, FR, RF, RR): (6, 705679, 30, 3)
[M::mem_pestat] skip orientation FF as there are not enough pairs
[M::mem_pestat] analyzing insert size distribution for orientation FR...
[M::mem_pestat] (25, 50, 75) percentile: (143, 171, 211)
[M::mem_pestat] low and high boundaries for computing mean and std.dev: (7, 347)
[M::mem_pestat] mean and std.dev: (178.02, 58.07)
[M::mem_pestat] low and high boundaries for proper pairs: (1, 415)
[M::mem_pestat] analyzing insert size distribution for orientation RF...
[M::mem_pestat] (25, 50, 75) percentile: (134, 652, 2786)
[M::mem_pestat] low and high boundaries for computing mean and std.dev: (1, 8090)
[M::mem_pestat] mean and std.dev: (1112.04, 1715.56)
[M::mem_pestat] low and high boundaries for proper pairs: (1, 10742)
[M::mem_pestat] skip orientation RR as there are not enough pairs
[M::mem_pestat] skip orientation RF
[M::mem_process_seqs] Processed 2569284 reads in 3002.861 CPU sec, 75.385 real sec
[main] Version: 0.7.17-r1188
[main] CMD: /home/shared/bwa-0.7.17/bwa mem -M -t 40 ../data/bwa-GCF_031168955.1_ASM3116895v1_genomic ../data/trimmed-fastqs-heatwave-genetics/MHW134_trimmed_clipped_R1_paired.fq.gz ../data/trimmed-fastqs-heatwave-genetics/MHW134_trimmed_clipped_R2_paired.fq.gz
[main] Real time: 2448.863 sec; CPU: 96989.646 sec
