[M::bwa_idx_load_from_disk] read 0 ALT contigs
[M::process] read 2856526 sequences (400000231 bp)...
[M::process] read 2843652 sequences (400000180 bp)...
[M::mem_pestat] # candidate unique pairs for (FF, FR, RF, RR): (3, 775745, 78, 3)
[M::mem_pestat] skip orientation FF as there are not enough pairs
[M::mem_pestat] analyzing insert size distribution for orientation FR...
[M::mem_pestat] (25, 50, 75) percentile: (157, 193, 262)
[M::mem_pestat] low and high boundaries for computing mean and std.dev: (1, 472)
[M::mem_pestat] mean and std.dev: (212.36, 80.57)
[M::mem_pestat] low and high boundaries for proper pairs: (1, 577)
[M::mem_pestat] analyzing insert size distribution for orientation RF...
[M::mem_pestat] (25, 50, 75) percentile: (205, 226, 662)
[M::mem_pestat] low and high boundaries for computing mean and std.dev: (1, 1576)
[M::mem_pestat] mean and std.dev: (299.42, 228.94)
[M::mem_pestat] low and high boundaries for proper pairs: (1, 2033)
[M::mem_pestat] skip orientation RR as there are not enough pairs
[M::mem_pestat] skip orientation RF
[M::mem_process_seqs] Processed 2856526 reads in 3376.275 CPU sec, 84.659 real sec
[M::process] read 2849240 sequences (400000114 bp)...
[M::mem_pestat] # candidate unique pairs for (FF, FR, RF, RR): (8, 771122, 59, 11)
[M::mem_pestat] skip orientation FF as there are not enough pairs
[M::mem_pestat] analyzing insert size distribution for orientation FR...
[M::mem_pestat] (25, 50, 75) percentile: (162, 202, 280)
[M::mem_pestat] low and high boundaries for computing mean and std.dev: (1, 516)
[M::mem_pestat] mean and std.dev: (222.61, 85.08)
[M::mem_pestat] low and high boundaries for proper pairs: (1, 634)
[M::mem_pestat] analyzing insert size distribution for orientation RF...
[M::mem_pestat] (25, 50, 75) percentile: (123, 223, 407)
[M::mem_pestat] low and high boundaries for computing mean and std.dev: (1, 975)
[M::mem_pestat] mean and std.dev: (213.76, 156.10)
[M::mem_pestat] low and high boundaries for proper pairs: (1, 1259)
[M::mem_pestat] analyzing insert size distribution for orientation RR...
[M::mem_pestat] (25, 50, 75) percentile: (144, 303, 863)
[M::mem_pestat] low and high boundaries for computing mean and std.dev: (1, 2301)
[M::mem_pestat] mean and std.dev: (519.50, 510.47)
[M::mem_pestat] low and high boundaries for proper pairs: (1, 3020)
[M::mem_pestat] skip orientation RF
[M::mem_pestat] skip orientation RR
[M::mem_process_seqs] Processed 2843652 reads in 3544.205 CPU sec, 88.942 real sec
[M::process] read 2839526 sequences (400000077 bp)...
[M::mem_pestat] # candidate unique pairs for (FF, FR, RF, RR): (10, 772618, 66, 8)
[M::mem_pestat] analyzing insert size distribution for orientation FF...
[M::mem_pestat] (25, 50, 75) percentile: (1637, 1837, 4784)
[M::mem_pestat] low and high boundaries for computing mean and std.dev: (1, 11078)
[M::mem_pestat] mean and std.dev: (2711.00, 2166.16)
[M::mem_pestat] low and high boundaries for proper pairs: (1, 14225)
[M::mem_pestat] analyzing insert size distribution for orientation FR...
[M::mem_pestat] (25, 50, 75) percentile: (159, 196, 269)
[M::mem_pestat] low and high boundaries for computing mean and std.dev: (1, 489)
[M::mem_pestat] mean and std.dev: (216.00, 82.22)
[M::mem_pestat] low and high boundaries for proper pairs: (1, 599)
[M::mem_pestat] analyzing insert size distribution for orientation RF...
[M::mem_pestat] (25, 50, 75) percentile: (132, 223, 1682)
[M::mem_pestat] low and high boundaries for computing mean and std.dev: (1, 4782)
[M::mem_pestat] mean and std.dev: (558.34, 983.57)
[M::mem_pestat] low and high boundaries for proper pairs: (1, 6332)
[M::mem_pestat] skip orientation RR as there are not enough pairs
[M::mem_pestat] skip orientation FF
[M::mem_pestat] skip orientation RF
[M::mem_process_seqs] Processed 2849240 reads in 3506.467 CPU sec, 87.964 real sec
[M::process] read 2844496 sequences (400000053 bp)...
[M::mem_pestat] # candidate unique pairs for (FF, FR, RF, RR): (6, 773399, 68, 4)
[M::mem_pestat] skip orientation FF as there are not enough pairs
[M::mem_pestat] analyzing insert size distribution for orientation FR...
[M::mem_pestat] (25, 50, 75) percentile: (161, 200, 277)
[M::mem_pestat] low and high boundaries for computing mean and std.dev: (1, 509)
[M::mem_pestat] mean and std.dev: (220.99, 84.52)
[M::mem_pestat] low and high boundaries for proper pairs: (1, 625)
[M::mem_pestat] analyzing insert size distribution for orientation RF...
[M::mem_pestat] (25, 50, 75) percentile: (111, 223, 1414)
[M::mem_pestat] low and high boundaries for computing mean and std.dev: (1, 4020)
[M::mem_pestat] mean and std.dev: (716.90, 1068.09)
[M::mem_pestat] low and high boundaries for proper pairs: (1, 5323)
[M::mem_pestat] skip orientation RR as there are not enough pairs
[M::mem_pestat] skip orientation RF
[M::mem_process_seqs] Processed 2839526 reads in 3523.670 CPU sec, 88.422 real sec
[M::process] read 2847386 sequences (400000007 bp)...
[M::mem_pestat] # candidate unique pairs for (FF, FR, RF, RR): (6, 773398, 61, 3)
[M::mem_pestat] skip orientation FF as there are not enough pairs
[M::mem_pestat] analyzing insert size distribution for orientation FR...
[M::mem_pestat] (25, 50, 75) percentile: (161, 200, 276)
[M::mem_pestat] low and high boundaries for computing mean and std.dev: (1, 506)
[M::mem_pestat] mean and std.dev: (220.18, 83.96)
[M::mem_pestat] low and high boundaries for proper pairs: (1, 621)
[M::mem_pestat] analyzing insert size distribution for orientation RF...
[M::mem_pestat] (25, 50, 75) percentile: (159, 238, 1053)
[M::mem_pestat] low and high boundaries for computing mean and std.dev: (1, 2841)
[M::mem_pestat] mean and std.dev: (364.82, 516.62)
[M::mem_pestat] low and high boundaries for proper pairs: (1, 3735)
[M::mem_pestat] skip orientation RR as there are not enough pairs
[M::mem_pestat] skip orientation RF
[M::mem_process_seqs] Processed 2844496 reads in 3595.127 CPU sec, 90.354 real sec
[M::process] read 2835904 sequences (400000225 bp)...
[M::mem_pestat] # candidate unique pairs for (FF, FR, RF, RR): (10, 773478, 100, 8)
[M::mem_pestat] analyzing insert size distribution for orientation FF...
[M::mem_pestat] (25, 50, 75) percentile: (86, 246, 3396)
[M::mem_pestat] low and high boundaries for computing mean and std.dev: (1, 10016)
[M::mem_pestat] mean and std.dev: (1347.70, 1859.93)
[M::mem_pestat] low and high boundaries for proper pairs: (1, 13326)
[M::mem_pestat] analyzing insert size distribution for orientation FR...
[M::mem_pestat] (25, 50, 75) percentile: (159, 197, 270)
[M::mem_pestat] low and high boundaries for computing mean and std.dev: (1, 492)
[M::mem_pestat] mean and std.dev: (216.87, 82.72)
[M::mem_pestat] low and high boundaries for proper pairs: (1, 603)
[M::mem_pestat] analyzing insert size distribution for orientation RF...
[M::mem_pestat] (25, 50, 75) percentile: (151, 234, 1129)
[M::mem_pestat] low and high boundaries for computing mean and std.dev: (1, 3085)
[M::mem_pestat] mean and std.dev: (391.27, 493.91)
[M::mem_pestat] low and high boundaries for proper pairs: (1, 4063)
[M::mem_pestat] skip orientation RR as there are not enough pairs
[M::mem_pestat] skip orientation FF
[M::mem_pestat] skip orientation RF
[M::mem_process_seqs] Processed 2847386 reads in 3524.385 CPU sec, 88.154 real sec
[M::process] read 2849452 sequences (400000220 bp)...
[M::mem_pestat] # candidate unique pairs for (FF, FR, RF, RR): (8, 771591, 67, 5)
[M::mem_pestat] skip orientation FF as there are not enough pairs
[M::mem_pestat] analyzing insert size distribution for orientation FR...
[M::mem_pestat] (25, 50, 75) percentile: (162, 202, 281)
[M::mem_pestat] low and high boundaries for computing mean and std.dev: (1, 519)
[M::mem_pestat] mean and std.dev: (223.08, 85.35)
[M::mem_pestat] low and high boundaries for proper pairs: (1, 638)
[M::mem_pestat] analyzing insert size distribution for orientation RF...
[M::mem_pestat] (25, 50, 75) percentile: (200, 235, 892)
[M::mem_pestat] low and high boundaries for computing mean and std.dev: (1, 2276)
[M::mem_pestat] mean and std.dev: (335.96, 391.13)
[M::mem_pestat] low and high boundaries for proper pairs: (1, 2968)
[M::mem_pestat] skip orientation RR as there are not enough pairs
[M::mem_pestat] skip orientation RF
[M::mem_process_seqs] Processed 2835904 reads in 3580.682 CPU sec, 89.970 real sec
[M::process] read 2835570 sequences (400000181 bp)...
[M::mem_pestat] # candidate unique pairs for (FF, FR, RF, RR): (6, 776071, 64, 6)
[M::mem_pestat] skip orientation FF as there are not enough pairs
[M::mem_pestat] analyzing insert size distribution for orientation FR...
[M::mem_pestat] (25, 50, 75) percentile: (158, 195, 265)
[M::mem_pestat] low and high boundaries for computing mean and std.dev: (1, 479)
[M::mem_pestat] mean and std.dev: (214.19, 81.29)
[M::mem_pestat] low and high boundaries for proper pairs: (1, 586)
[M::mem_pestat] analyzing insert size distribution for orientation RF...
[M::mem_pestat] (25, 50, 75) percentile: (223, 226, 1405)
[M::mem_pestat] low and high boundaries for computing mean and std.dev: (1, 3769)
[M::mem_pestat] mean and std.dev: (591.29, 770.44)
[M::mem_pestat] low and high boundaries for proper pairs: (1, 4951)
[M::mem_pestat] skip orientation RR as there are not enough pairs
[M::mem_pestat] skip orientation RF
[M::mem_process_seqs] Processed 2849452 reads in 3491.571 CPU sec, 87.602 real sec
[M::process] read 2852188 sequences (400000278 bp)...
[M::mem_pestat] # candidate unique pairs for (FF, FR, RF, RR): (15, 771318, 66, 5)
[M::mem_pestat] analyzing insert size distribution for orientation FF...
[M::mem_pestat] (25, 50, 75) percentile: (129, 147, 1466)
[M::mem_pestat] low and high boundaries for computing mean and std.dev: (1, 4140)
[M::mem_pestat] mean and std.dev: (700.21, 812.43)
[M::mem_pestat] low and high boundaries for proper pairs: (1, 5477)
[M::mem_pestat] analyzing insert size distribution for orientation FR...
[M::mem_pestat] (25, 50, 75) percentile: (162, 202, 281)
[M::mem_pestat] low and high boundaries for computing mean and std.dev: (1, 519)
[M::mem_pestat] mean and std.dev: (222.95, 85.42)
[M::mem_pestat] low and high boundaries for proper pairs: (1, 638)
[M::mem_pestat] analyzing insert size distribution for orientation RF...
[M::mem_pestat] (25, 50, 75) percentile: (215, 290, 1425)
[M::mem_pestat] low and high boundaries for computing mean and std.dev: (1, 3845)
[M::mem_pestat] mean and std.dev: (530.68, 641.50)
[M::mem_pestat] low and high boundaries for proper pairs: (1, 5055)
[M::mem_pestat] skip orientation RR as there are not enough pairs
[M::mem_pestat] skip orientation FF
[M::mem_pestat] skip orientation RF
[M::mem_process_seqs] Processed 2835570 reads in 3566.359 CPU sec, 89.464 real sec
[M::process] read 2868048 sequences (400000156 bp)...
[M::mem_pestat] # candidate unique pairs for (FF, FR, RF, RR): (5, 770871, 82, 13)
[M::mem_pestat] skip orientation FF as there are not enough pairs
[M::mem_pestat] analyzing insert size distribution for orientation FR...
[M::mem_pestat] (25, 50, 75) percentile: (162, 201, 280)
[M::mem_pestat] low and high boundaries for computing mean and std.dev: (1, 516)
[M::mem_pestat] mean and std.dev: (222.37, 85.23)
[M::mem_pestat] low and high boundaries for proper pairs: (1, 634)
[M::mem_pestat] analyzing insert size distribution for orientation RF...
[M::mem_pestat] (25, 50, 75) percentile: (128, 227, 1331)
[M::mem_pestat] low and high boundaries for computing mean and std.dev: (1, 3737)
[M::mem_pestat] mean and std.dev: (493.93, 698.10)
[M::mem_pestat] low and high boundaries for proper pairs: (1, 4940)
[M::mem_pestat] analyzing insert size distribution for orientation RR...
[M::mem_pestat] (25, 50, 75) percentile: (497, 785, 2058)
[M::mem_pestat] low and high boundaries for computing mean and std.dev: (1, 5180)
[M::mem_pestat] mean and std.dev: (1263.77, 1223.73)
[M::mem_pestat] low and high boundaries for proper pairs: (1, 6741)
[M::mem_pestat] skip orientation RF
[M::mem_pestat] skip orientation RR
[M::mem_process_seqs] Processed 2852188 reads in 3623.541 CPU sec, 90.648 real sec
[M::process] read 2863838 sequences (400000245 bp)...
[M::mem_pestat] # candidate unique pairs for (FF, FR, RF, RR): (13, 770889, 82, 6)
[M::mem_pestat] analyzing insert size distribution for orientation FF...
[M::mem_pestat] (25, 50, 75) percentile: (257, 336, 2987)
[M::mem_pestat] low and high boundaries for computing mean and std.dev: (1, 8447)
[M::mem_pestat] mean and std.dev: (853.75, 1025.95)
[M::mem_pestat] low and high boundaries for proper pairs: (1, 11177)
[M::mem_pestat] analyzing insert size distribution for orientation FR...
[M::mem_pestat] (25, 50, 75) percentile: (161, 199, 276)
[M::mem_pestat] low and high boundaries for computing mean and std.dev: (1, 506)
[M::mem_pestat] mean and std.dev: (220.00, 84.61)
[M::mem_pestat] low and high boundaries for proper pairs: (1, 621)
[M::mem_pestat] analyzing insert size distribution for orientation RF...
[M::mem_pestat] (25, 50, 75) percentile: (84, 223, 479)
[M::mem_pestat] low and high boundaries for computing mean and std.dev: (1, 1269)
[M::mem_pestat] mean and std.dev: (224.81, 255.06)
[M::mem_pestat] low and high boundaries for proper pairs: (1, 1664)
[M::mem_pestat] skip orientation RR as there are not enough pairs
[M::mem_pestat] skip orientation FF
[M::mem_pestat] skip orientation RF
[M::mem_process_seqs] Processed 2868048 reads in 3572.085 CPU sec, 89.783 real sec
[M::process] read 2862726 sequences (400000259 bp)...
[M::mem_pestat] # candidate unique pairs for (FF, FR, RF, RR): (6, 771226, 79, 9)
[M::mem_pestat] skip orientation FF as there are not enough pairs
[M::mem_pestat] analyzing insert size distribution for orientation FR...
[M::mem_pestat] (25, 50, 75) percentile: (161, 200, 279)
[M::mem_pestat] low and high boundaries for computing mean and std.dev: (1, 515)
[M::mem_pestat] mean and std.dev: (221.70, 85.46)
[M::mem_pestat] low and high boundaries for proper pairs: (1, 633)
[M::mem_pestat] analyzing insert size distribution for orientation RF...
[M::mem_pestat] (25, 50, 75) percentile: (97, 190, 398)
[M::mem_pestat] low and high boundaries for computing mean and std.dev: (1, 1000)
[M::mem_pestat] mean and std.dev: (196.87, 171.73)
[M::mem_pestat] low and high boundaries for proper pairs: (1, 1301)
[M::mem_pestat] skip orientation RR as there are not enough pairs
[M::mem_pestat] skip orientation RF
[M::mem_process_seqs] Processed 2863838 reads in 3621.585 CPU sec, 90.589 real sec
[M::process] read 2850922 sequences (400000104 bp)...
[M::mem_pestat] # candidate unique pairs for (FF, FR, RF, RR): (8, 771700, 84, 9)
[M::mem_pestat] skip orientation FF as there are not enough pairs
[M::mem_pestat] analyzing insert size distribution for orientation FR...
[M::mem_pestat] (25, 50, 75) percentile: (161, 199, 276)
[M::mem_pestat] low and high boundaries for computing mean and std.dev: (1, 506)
[M::mem_pestat] mean and std.dev: (219.88, 84.38)
[M::mem_pestat] low and high boundaries for proper pairs: (1, 621)
[M::mem_pestat] analyzing insert size distribution for orientation RF...
[M::mem_pestat] (25, 50, 75) percentile: (131, 226, 2946)
[M::mem_pestat] low and high boundaries for computing mean and std.dev: (1, 8576)
[M::mem_pestat] mean and std.dev: (1520.06, 2263.60)
[M::mem_pestat] low and high boundaries for proper pairs: (1, 11391)
[M::mem_pestat] skip orientation RR as there are not enough pairs
[M::mem_pestat] skip orientation RF
[M::mem_process_seqs] Processed 2862726 reads in 3571.869 CPU sec, 89.644 real sec
[M::process] read 2868948 sequences (400000167 bp)...
[M::mem_pestat] # candidate unique pairs for (FF, FR, RF, RR): (18, 772208, 75, 14)
[M::mem_pestat] analyzing insert size distribution for orientation FF...
[M::mem_pestat] (25, 50, 75) percentile: (139, 1013, 1479)
[M::mem_pestat] low and high boundaries for computing mean and std.dev: (1, 4159)
[M::mem_pestat] mean and std.dev: (693.73, 619.46)
[M::mem_pestat] low and high boundaries for proper pairs: (1, 5499)
[M::mem_pestat] analyzing insert size distribution for orientation FR...
[M::mem_pestat] (25, 50, 75) percentile: (162, 201, 281)
[M::mem_pestat] low and high boundaries for computing mean and std.dev: (1, 519)
[M::mem_pestat] mean and std.dev: (222.53, 85.84)
[M::mem_pestat] low and high boundaries for proper pairs: (1, 638)
[M::mem_pestat] analyzing insert size distribution for orientation RF...
[M::mem_pestat] (25, 50, 75) percentile: (155, 225, 2261)
[M::mem_pestat] low and high boundaries for computing mean and std.dev: (1, 6473)
[M::mem_pestat] mean and std.dev: (1061.51, 1695.49)
[M::mem_pestat] low and high boundaries for proper pairs: (1, 8579)
[M::mem_pestat] analyzing insert size distribution for orientation RR...
[M::mem_pestat] (25, 50, 75) percentile: (348, 2601, 3685)
[M::mem_pestat] low and high boundaries for computing mean and std.dev: (1, 10359)
[M::mem_pestat] mean and std.dev: (2240.57, 1929.17)
[M::mem_pestat] low and high boundaries for proper pairs: (1, 13696)
[M::mem_pestat] skip orientation FF
[M::mem_pestat] skip orientation RF
[M::mem_pestat] skip orientation RR
[M::mem_process_seqs] Processed 2850922 reads in 3570.310 CPU sec, 89.546 real sec
[M::process] read 2855558 sequences (400000032 bp)...
[M::mem_pestat] # candidate unique pairs for (FF, FR, RF, RR): (6, 771893, 77, 12)
[M::mem_pestat] skip orientation FF as there are not enough pairs
[M::mem_pestat] analyzing insert size distribution for orientation FR...
[M::mem_pestat] (25, 50, 75) percentile: (160, 199, 275)
[M::mem_pestat] low and high boundaries for computing mean and std.dev: (1, 505)
[M::mem_pestat] mean and std.dev: (219.37, 84.40)
[M::mem_pestat] low and high boundaries for proper pairs: (1, 620)
[M::mem_pestat] analyzing insert size distribution for orientation RF...
[M::mem_pestat] (25, 50, 75) percentile: (107, 224, 959)
[M::mem_pestat] low and high boundaries for computing mean and std.dev: (1, 2663)
[M::mem_pestat] mean and std.dev: (405.81, 549.48)
[M::mem_pestat] low and high boundaries for proper pairs: (1, 3515)
[M::mem_pestat] analyzing insert size distribution for orientation RR...
[M::mem_pestat] (25, 50, 75) percentile: (138, 319, 2016)
[M::mem_pestat] low and high boundaries for computing mean and std.dev: (1, 5772)
[M::mem_pestat] mean and std.dev: (710.25, 843.54)
[M::mem_pestat] low and high boundaries for proper pairs: (1, 7650)
[M::mem_pestat] skip orientation RF
[M::mem_pestat] skip orientation RR
[M::mem_process_seqs] Processed 2868948 reads in 3590.652 CPU sec, 90.046 real sec
[M::process] read 2868118 sequences (400000129 bp)...
[M::mem_pestat] # candidate unique pairs for (FF, FR, RF, RR): (13, 772542, 87, 7)
[M::mem_pestat] analyzing insert size distribution for orientation FF...
[M::mem_pestat] (25, 50, 75) percentile: (1526, 2231, 2659)
[M::mem_pestat] low and high boundaries for computing mean and std.dev: (1, 4925)
[M::mem_pestat] mean and std.dev: (1938.00, 1259.08)
[M::mem_pestat] low and high boundaries for proper pairs: (1, 6974)
[M::mem_pestat] analyzing insert size distribution for orientation FR...
[M::mem_pestat] (25, 50, 75) percentile: (161, 200, 279)
[M::mem_pestat] low and high boundaries for computing mean and std.dev: (1, 515)
[M::mem_pestat] mean and std.dev: (221.47, 85.28)
[M::mem_pestat] low and high boundaries for proper pairs: (1, 633)
[M::mem_pestat] analyzing insert size distribution for orientation RF...
[M::mem_pestat] (25, 50, 75) percentile: (127, 223, 929)
[M::mem_pestat] low and high boundaries for computing mean and std.dev: (1, 2533)
[M::mem_pestat] mean and std.dev: (435.53, 597.06)
[M::mem_pestat] low and high boundaries for proper pairs: (1, 3335)
[M::mem_pestat] skip orientation RR as there are not enough pairs
[M::mem_pestat] skip orientation FF
[M::mem_pestat] skip orientation RF
[M::mem_process_seqs] Processed 2855558 reads in 3587.524 CPU sec, 90.186 real sec
[M::process] read 2854006 sequences (400000256 bp)...
[M::mem_pestat] # candidate unique pairs for (FF, FR, RF, RR): (7, 774457, 63, 11)
[M::mem_pestat] skip orientation FF as there are not enough pairs
[M::mem_pestat] analyzing insert size distribution for orientation FR...
[M::mem_pestat] (25, 50, 75) percentile: (160, 199, 275)
[M::mem_pestat] low and high boundaries for computing mean and std.dev: (1, 505)
[M::mem_pestat] mean and std.dev: (219.37, 84.44)
[M::mem_pestat] low and high boundaries for proper pairs: (1, 620)
[M::mem_pestat] analyzing insert size distribution for orientation RF...
[M::mem_pestat] (25, 50, 75) percentile: (226, 815, 2618)
[M::mem_pestat] low and high boundaries for computing mean and std.dev: (1, 7402)
[M::mem_pestat] mean and std.dev: (1335.35, 1703.61)
[M::mem_pestat] low and high boundaries for proper pairs: (1, 9794)
[M::mem_pestat] analyzing insert size distribution for orientation RR...
[M::mem_pestat] (25, 50, 75) percentile: (694, 2039, 3925)
[M::mem_pestat] low and high boundaries for computing mean and std.dev: (1, 10387)
[M::mem_pestat] mean and std.dev: (2249.82, 1644.43)
[M::mem_pestat] low and high boundaries for proper pairs: (1, 13618)
[M::mem_pestat] skip orientation RF
[M::mem_pestat] skip orientation RR
[M::mem_process_seqs] Processed 2868118 reads in 3649.095 CPU sec, 91.267 real sec
[M::process] read 2844190 sequences (400000041 bp)...
[M::mem_pestat] # candidate unique pairs for (FF, FR, RF, RR): (5, 772409, 68, 11)
[M::mem_pestat] skip orientation FF as there are not enough pairs
[M::mem_pestat] analyzing insert size distribution for orientation FR...
[M::mem_pestat] (25, 50, 75) percentile: (160, 199, 276)
[M::mem_pestat] low and high boundaries for computing mean and std.dev: (1, 508)
[M::mem_pestat] mean and std.dev: (219.86, 84.60)
[M::mem_pestat] low and high boundaries for proper pairs: (1, 624)
[M::mem_pestat] analyzing insert size distribution for orientation RF...
[M::mem_pestat] (25, 50, 75) percentile: (200, 226, 726)
[M::mem_pestat] low and high boundaries for computing mean and std.dev: (1, 1778)
[M::mem_pestat] mean and std.dev: (366.31, 370.28)
[M::mem_pestat] low and high boundaries for proper pairs: (1, 2304)
[M::mem_pestat] analyzing insert size distribution for orientation RR...
[M::mem_pestat] (25, 50, 75) percentile: (304, 304, 3978)
[M::mem_pestat] low and high boundaries for computing mean and std.dev: (1, 11326)
[M::mem_pestat] mean and std.dev: (2244.36, 3435.06)
[M::mem_pestat] low and high boundaries for proper pairs: (1, 15985)
[M::mem_pestat] skip orientation RF
[M::mem_pestat] skip orientation RR
[M::mem_process_seqs] Processed 2854006 reads in 3842.038 CPU sec, 101.887 real sec
[M::process] read 2844942 sequences (400000215 bp)...
[M::mem_pestat] # candidate unique pairs for (FF, FR, RF, RR): (6, 772085, 85, 9)
[M::mem_pestat] skip orientation FF as there are not enough pairs
[M::mem_pestat] analyzing insert size distribution for orientation FR...
[M::mem_pestat] (25, 50, 75) percentile: (161, 200, 280)
[M::mem_pestat] low and high boundaries for computing mean and std.dev: (1, 518)
[M::mem_pestat] mean and std.dev: (222.15, 85.97)
[M::mem_pestat] low and high boundaries for proper pairs: (1, 637)
[M::mem_pestat] analyzing insert size distribution for orientation RF...
[M::mem_pestat] (25, 50, 75) percentile: (132, 223, 890)
[M::mem_pestat] low and high boundaries for computing mean and std.dev: (1, 2406)
[M::mem_pestat] mean and std.dev: (394.19, 530.29)
[M::mem_pestat] low and high boundaries for proper pairs: (1, 3164)
[M::mem_pestat] skip orientation RR as there are not enough pairs
[M::mem_pestat] skip orientation RF
[M::mem_process_seqs] Processed 2844190 reads in 3551.751 CPU sec, 89.088 real sec
[M::process] read 2837374 sequences (400000205 bp)...
[M::mem_pestat] # candidate unique pairs for (FF, FR, RF, RR): (6, 773960, 52, 5)
[M::mem_pestat] skip orientation FF as there are not enough pairs
[M::mem_pestat] analyzing insert size distribution for orientation FR...
[M::mem_pestat] (25, 50, 75) percentile: (160, 197, 272)
[M::mem_pestat] low and high boundaries for computing mean and std.dev: (1, 496)
[M::mem_pestat] mean and std.dev: (217.61, 83.23)
[M::mem_pestat] low and high boundaries for proper pairs: (1, 608)
[M::mem_pestat] analyzing insert size distribution for orientation RF...
[M::mem_pestat] (25, 50, 75) percentile: (128, 223, 711)
[M::mem_pestat] low and high boundaries for computing mean and std.dev: (1, 1877)
[M::mem_pestat] mean and std.dev: (216.19, 201.41)
[M::mem_pestat] low and high boundaries for proper pairs: (1, 2460)
[M::mem_pestat] skip orientation RR as there are not enough pairs
[M::mem_pestat] skip orientation RF
[M::mem_process_seqs] Processed 2844942 reads in 3529.223 CPU sec, 88.507 real sec
[M::process] read 2842194 sequences (400000026 bp)...
[M::mem_pestat] # candidate unique pairs for (FF, FR, RF, RR): (5, 771301, 74, 9)
[M::mem_pestat] skip orientation FF as there are not enough pairs
[M::mem_pestat] analyzing insert size distribution for orientation FR...
[M::mem_pestat] (25, 50, 75) percentile: (162, 201, 279)
[M::mem_pestat] low and high boundaries for computing mean and std.dev: (1, 513)
[M::mem_pestat] mean and std.dev: (221.99, 84.82)
[M::mem_pestat] low and high boundaries for proper pairs: (1, 630)
[M::mem_pestat] analyzing insert size distribution for orientation RF...
[M::mem_pestat] (25, 50, 75) percentile: (121, 224, 1474)
[M::mem_pestat] low and high boundaries for computing mean and std.dev: (1, 4180)
[M::mem_pestat] mean and std.dev: (667.15, 1031.22)
[M::mem_pestat] low and high boundaries for proper pairs: (1, 5533)
[M::mem_pestat] skip orientation RR as there are not enough pairs
[M::mem_pestat] skip orientation RF
[M::mem_process_seqs] Processed 2837374 reads in 3562.955 CPU sec, 89.415 real sec
[M::process] read 2838500 sequences (400000277 bp)...
[M::mem_pestat] # candidate unique pairs for (FF, FR, RF, RR): (4, 774095, 82, 7)
[M::mem_pestat] skip orientation FF as there are not enough pairs
[M::mem_pestat] analyzing insert size distribution for orientation FR...
[M::mem_pestat] (25, 50, 75) percentile: (160, 198, 273)
[M::mem_pestat] low and high boundaries for computing mean and std.dev: (1, 499)
[M::mem_pestat] mean and std.dev: (218.10, 83.66)
[M::mem_pestat] low and high boundaries for proper pairs: (1, 612)
[M::mem_pestat] analyzing insert size distribution for orientation RF...
[M::mem_pestat] (25, 50, 75) percentile: (108, 226, 1145)
[M::mem_pestat] low and high boundaries for computing mean and std.dev: (1, 3219)
[M::mem_pestat] mean and std.dev: (644.06, 841.66)
[M::mem_pestat] low and high boundaries for proper pairs: (1, 4256)
[M::mem_pestat] skip orientation RR as there are not enough pairs
[M::mem_pestat] skip orientation RF
[M::mem_process_seqs] Processed 2842194 reads in 3510.863 CPU sec, 88.108 real sec
[M::process] read 2845358 sequences (400000194 bp)...
[M::mem_pestat] # candidate unique pairs for (FF, FR, RF, RR): (7, 773209, 68, 4)
[M::mem_pestat] skip orientation FF as there are not enough pairs
[M::mem_pestat] analyzing insert size distribution for orientation FR...
[M::mem_pestat] (25, 50, 75) percentile: (162, 201, 278)
[M::mem_pestat] low and high boundaries for computing mean and std.dev: (1, 510)
[M::mem_pestat] mean and std.dev: (221.33, 84.31)
[M::mem_pestat] low and high boundaries for proper pairs: (1, 626)
[M::mem_pestat] analyzing insert size distribution for orientation RF...
[M::mem_pestat] (25, 50, 75) percentile: (106, 226, 464)
[M::mem_pestat] low and high boundaries for computing mean and std.dev: (1, 1180)
[M::mem_pestat] mean and std.dev: (243.61, 229.13)
[M::mem_pestat] low and high boundaries for proper pairs: (1, 1538)
[M::mem_pestat] skip orientation RR as there are not enough pairs
[M::mem_pestat] skip orientation RF
[M::mem_process_seqs] Processed 2838500 reads in 3580.115 CPU sec, 89.800 real sec
[M::process] read 2837044 sequences (400000143 bp)...
[M::mem_pestat] # candidate unique pairs for (FF, FR, RF, RR): (1, 775713, 77, 5)
[M::mem_pestat] skip orientation FF as there are not enough pairs
[M::mem_pestat] analyzing insert size distribution for orientation FR...
[M::mem_pestat] (25, 50, 75) percentile: (160, 198, 273)
[M::mem_pestat] low and high boundaries for computing mean and std.dev: (1, 499)
[M::mem_pestat] mean and std.dev: (218.40, 83.48)
[M::mem_pestat] low and high boundaries for proper pairs: (1, 612)
[M::mem_pestat] analyzing insert size distribution for orientation RF...
[M::mem_pestat] (25, 50, 75) percentile: (113, 224, 1139)
[M::mem_pestat] low and high boundaries for computing mean and std.dev: (1, 3191)
[M::mem_pestat] mean and std.dev: (544.99, 808.26)
[M::mem_pestat] low and high boundaries for proper pairs: (1, 4217)
[M::mem_pestat] skip orientation RR as there are not enough pairs
[M::mem_pestat] skip orientation RF
[M::mem_process_seqs] Processed 2845358 reads in 3551.553 CPU sec, 89.334 real sec
[M::process] read 2839768 sequences (400000038 bp)...
[M::mem_pestat] # candidate unique pairs for (FF, FR, RF, RR): (6, 770320, 64, 8)
[M::mem_pestat] skip orientation FF as there are not enough pairs
[M::mem_pestat] analyzing insert size distribution for orientation FR...
[M::mem_pestat] (25, 50, 75) percentile: (162, 202, 281)
[M::mem_pestat] low and high boundaries for computing mean and std.dev: (1, 519)
[M::mem_pestat] mean and std.dev: (223.00, 85.54)
[M::mem_pestat] low and high boundaries for proper pairs: (1, 638)
[M::mem_pestat] analyzing insert size distribution for orientation RF...
[M::mem_pestat] (25, 50, 75) percentile: (167, 313, 924)
[M::mem_pestat] low and high boundaries for computing mean and std.dev: (1, 2438)
[M::mem_pestat] mean and std.dev: (490.03, 612.09)
[M::mem_pestat] low and high boundaries for proper pairs: (1, 3195)
[M::mem_pestat] skip orientation RR as there are not enough pairs
[M::mem_pestat] skip orientation RF
[M::mem_process_seqs] Processed 2837044 reads in 3589.436 CPU sec, 89.980 real sec
[M::process] read 2833352 sequences (400000212 bp)...
[M::mem_pestat] # candidate unique pairs for (FF, FR, RF, RR): (7, 772588, 51, 12)
[M::mem_pestat] skip orientation FF as there are not enough pairs
[M::mem_pestat] analyzing insert size distribution for orientation FR...
[M::mem_pestat] (25, 50, 75) percentile: (161, 200, 276)
[M::mem_pestat] low and high boundaries for computing mean and std.dev: (1, 506)
[M::mem_pestat] mean and std.dev: (220.06, 84.12)
[M::mem_pestat] low and high boundaries for proper pairs: (1, 621)
[M::mem_pestat] analyzing insert size distribution for orientation RF...
[M::mem_pestat] (25, 50, 75) percentile: (153, 274, 1193)
[M::mem_pestat] low and high boundaries for computing mean and std.dev: (1, 3273)
[M::mem_pestat] mean and std.dev: (532.41, 747.96)
[M::mem_pestat] low and high boundaries for proper pairs: (1, 4313)
[M::mem_pestat] analyzing insert size distribution for orientation RR...
[M::mem_pestat] (25, 50, 75) percentile: (314, 2412, 3174)
[M::mem_pestat] low and high boundaries for computing mean and std.dev: (1, 8894)
[M::mem_pestat] mean and std.dev: (1679.08, 1320.79)
[M::mem_pestat] low and high boundaries for proper pairs: (1, 11754)
[M::mem_pestat] skip orientation RF
[M::mem_pestat] skip orientation RR
[M::mem_process_seqs] Processed 2839768 reads in 3545.448 CPU sec, 88.698 real sec
[M::process] read 2833996 sequences (400000075 bp)...
[M::mem_pestat] # candidate unique pairs for (FF, FR, RF, RR): (10, 770463, 80, 2)
[M::mem_pestat] analyzing insert size distribution for orientation FF...
[M::mem_pestat] (25, 50, 75) percentile: (101, 788, 4582)
[M::mem_pestat] low and high boundaries for computing mean and std.dev: (1, 13544)
[M::mem_pestat] mean and std.dev: (2517.90, 3515.15)
[M::mem_pestat] low and high boundaries for proper pairs: (1, 18025)
[M::mem_pestat] analyzing insert size distribution for orientation FR...
[M::mem_pestat] (25, 50, 75) percentile: (161, 201, 279)
[M::mem_pestat] low and high boundaries for computing mean and std.dev: (1, 515)
[M::mem_pestat] mean and std.dev: (221.79, 85.55)
[M::mem_pestat] low and high boundaries for proper pairs: (1, 633)
[M::mem_pestat] analyzing insert size distribution for orientation RF...
[M::mem_pestat] (25, 50, 75) percentile: (95, 224, 1224)
[M::mem_pestat] low and high boundaries for computing mean and std.dev: (1, 3482)
[M::mem_pestat] mean and std.dev: (641.06, 833.38)
[M::mem_pestat] low and high boundaries for proper pairs: (1, 4611)
[M::mem_pestat] skip orientation RR as there are not enough pairs
[M::mem_pestat] skip orientation FF
[M::mem_pestat] skip orientation RF
[M::mem_process_seqs] Processed 2833352 reads in 3553.457 CPU sec, 89.305 real sec
[M::process] read 2864944 sequences (400000295 bp)...
[M::mem_pestat] # candidate unique pairs for (FF, FR, RF, RR): (8, 770199, 71, 7)
[M::mem_pestat] skip orientation FF as there are not enough pairs
[M::mem_pestat] analyzing insert size distribution for orientation FR...
[M::mem_pestat] (25, 50, 75) percentile: (162, 202, 280)
[M::mem_pestat] low and high boundaries for computing mean and std.dev: (1, 516)
[M::mem_pestat] mean and std.dev: (222.71, 85.16)
[M::mem_pestat] low and high boundaries for proper pairs: (1, 634)
[M::mem_pestat] analyzing insert size distribution for orientation RF...
[M::mem_pestat] (25, 50, 75) percentile: (223, 344, 616)
[M::mem_pestat] low and high boundaries for computing mean and std.dev: (1, 1402)
[M::mem_pestat] mean and std.dev: (283.45, 150.20)
[M::mem_pestat] low and high boundaries for proper pairs: (1, 1795)
[M::mem_pestat] skip orientation RR as there are not enough pairs
[M::mem_pestat] skip orientation RF
[M::mem_process_seqs] Processed 2833996 reads in 3572.233 CPU sec, 89.390 real sec
[M::process] read 2857782 sequences (400000061 bp)...
[M::mem_pestat] # candidate unique pairs for (FF, FR, RF, RR): (9, 771749, 70, 11)
[M::mem_pestat] skip orientation FF as there are not enough pairs
[M::mem_pestat] analyzing insert size distribution for orientation FR...
[M::mem_pestat] (25, 50, 75) percentile: (161, 199, 277)
[M::mem_pestat] low and high boundaries for computing mean and std.dev: (1, 509)
[M::mem_pestat] mean and std.dev: (220.46, 85.07)
[M::mem_pestat] low and high boundaries for proper pairs: (1, 625)
[M::mem_pestat] analyzing insert size distribution for orientation RF...
[M::mem_pestat] (25, 50, 75) percentile: (85, 223, 1327)
[M::mem_pestat] low and high boundaries for computing mean and std.dev: (1, 3811)
[M::mem_pestat] mean and std.dev: (659.64, 924.67)
[M::mem_pestat] low and high boundaries for proper pairs: (1, 5053)
[M::mem_pestat] analyzing insert size distribution for orientation RR...
[M::mem_pestat] (25, 50, 75) percentile: (405, 498, 2637)
[M::mem_pestat] low and high boundaries for computing mean and std.dev: (1, 7101)
[M::mem_pestat] mean and std.dev: (1289.91, 1285.59)
[M::mem_pestat] low and high boundaries for proper pairs: (1, 9333)
[M::mem_pestat] skip orientation RF
[M::mem_pestat] skip orientation RR
[M::mem_process_seqs] Processed 2864944 reads in 3568.596 CPU sec, 89.744 real sec
[M::process] read 2862278 sequences (400000121 bp)...
[M::mem_pestat] # candidate unique pairs for (FF, FR, RF, RR): (12, 773452, 79, 5)
[M::mem_pestat] analyzing insert size distribution for orientation FF...
[M::mem_pestat] (25, 50, 75) percentile: (403, 1558, 4214)
[M::mem_pestat] low and high boundaries for computing mean and std.dev: (1, 11836)
[M::mem_pestat] mean and std.dev: (2161.67, 1881.03)
[M::mem_pestat] low and high boundaries for proper pairs: (1, 15647)
[M::mem_pestat] analyzing insert size distribution for orientation FR...
[M::mem_pestat] (25, 50, 75) percentile: (161, 200, 278)
[M::mem_pestat] low and high boundaries for computing mean and std.dev: (1, 512)
[M::mem_pestat] mean and std.dev: (221.12, 85.21)
[M::mem_pestat] low and high boundaries for proper pairs: (1, 629)
[M::mem_pestat] analyzing insert size distribution for orientation RF...
[M::mem_pestat] (25, 50, 75) percentile: (198, 259, 515)
[M::mem_pestat] low and high boundaries for computing mean and std.dev: (1, 1149)
[M::mem_pestat] mean and std.dev: (299.90, 256.82)
[M::mem_pestat] low and high boundaries for proper pairs: (1, 1466)
[M::mem_pestat] skip orientation RR as there are not enough pairs
[M::mem_pestat] skip orientation FF
[M::mem_pestat] skip orientation RF
[M::mem_process_seqs] Processed 2857782 reads in 3580.577 CPU sec, 89.646 real sec
[M::process] read 2855462 sequences (400000132 bp)...
[M::mem_pestat] # candidate unique pairs for (FF, FR, RF, RR): (6, 770830, 70, 6)
[M::mem_pestat] skip orientation FF as there are not enough pairs
[M::mem_pestat] analyzing insert size distribution for orientation FR...
[M::mem_pestat] (25, 50, 75) percentile: (161, 200, 279)
[M::mem_pestat] low and high boundaries for computing mean and std.dev: (1, 515)
[M::mem_pestat] mean and std.dev: (221.37, 85.52)
[M::mem_pestat] low and high boundaries for proper pairs: (1, 633)
[M::mem_pestat] analyzing insert size distribution for orientation RF...
[M::mem_pestat] (25, 50, 75) percentile: (154, 337, 2493)
[M::mem_pestat] low and high boundaries for computing mean and std.dev: (1, 7171)
[M::mem_pestat] mean and std.dev: (1197.85, 1529.88)
[M::mem_pestat] low and high boundaries for proper pairs: (1, 9510)
[M::mem_pestat] skip orientation RR as there are not enough pairs
[M::mem_pestat] skip orientation RF
[M::mem_process_seqs] Processed 2862278 reads in 3622.138 CPU sec, 91.045 real sec
[M::process] read 2857636 sequences (400000035 bp)...
[M::mem_pestat] # candidate unique pairs for (FF, FR, RF, RR): (7, 771880, 79, 4)
[M::mem_pestat] skip orientation FF as there are not enough pairs
[M::mem_pestat] analyzing insert size distribution for orientation FR...
[M::mem_pestat] (25, 50, 75) percentile: (161, 200, 277)
[M::mem_pestat] low and high boundaries for computing mean and std.dev: (1, 509)
[M::mem_pestat] mean and std.dev: (220.47, 84.69)
[M::mem_pestat] low and high boundaries for proper pairs: (1, 625)
[M::mem_pestat] analyzing insert size distribution for orientation RF...
[M::mem_pestat] (25, 50, 75) percentile: (93, 223, 1078)
[M::mem_pestat] low and high boundaries for computing mean and std.dev: (1, 3048)
[M::mem_pestat] mean and std.dev: (498.42, 739.12)
[M::mem_pestat] low and high boundaries for proper pairs: (1, 4033)
[M::mem_pestat] skip orientation RR as there are not enough pairs
[M::mem_pestat] skip orientation RF
[M::mem_process_seqs] Processed 2855462 reads in 3580.926 CPU sec, 89.782 real sec
[M::process] read 2860136 sequences (400000169 bp)...
[M::mem_pestat] # candidate unique pairs for (FF, FR, RF, RR): (10, 771571, 74, 4)
[M::mem_pestat] analyzing insert size distribution for orientation FF...
[M::mem_pestat] (25, 50, 75) percentile: (2004, 2004, 4478)
[M::mem_pestat] low and high boundaries for computing mean and std.dev: (1, 9426)
[M::mem_pestat] mean and std.dev: (2754.90, 1759.87)
[M::mem_pestat] low and high boundaries for proper pairs: (1, 11900)
[M::mem_pestat] analyzing insert size distribution for orientation FR...
[M::mem_pestat] (25, 50, 75) percentile: (161, 200, 279)
[M::mem_pestat] low and high boundaries for computing mean and std.dev: (1, 515)
[M::mem_pestat] mean and std.dev: (221.61, 85.71)
[M::mem_pestat] low and high boundaries for proper pairs: (1, 633)
[M::mem_pestat] analyzing insert size distribution for orientation RF...
[M::mem_pestat] (25, 50, 75) percentile: (128, 224, 1224)
[M::mem_pestat] low and high boundaries for computing mean and std.dev: (1, 3416)
[M::mem_pestat] mean and std.dev: (569.13, 776.60)
[M::mem_pestat] low and high boundaries for proper pairs: (1, 4512)
[M::mem_pestat] skip orientation RR as there are not enough pairs
[M::mem_pestat] skip orientation FF
[M::mem_pestat] skip orientation RF
[M::mem_process_seqs] Processed 2857636 reads in 3578.799 CPU sec, 89.512 real sec
[M::process] read 2858756 sequences (400000077 bp)...
[M::mem_pestat] # candidate unique pairs for (FF, FR, RF, RR): (9, 772152, 100, 4)
[M::mem_pestat] skip orientation FF as there are not enough pairs
[M::mem_pestat] analyzing insert size distribution for orientation FR...
[M::mem_pestat] (25, 50, 75) percentile: (161, 201, 281)
[M::mem_pestat] low and high boundaries for computing mean and std.dev: (1, 521)
[M::mem_pestat] mean and std.dev: (222.46, 86.23)
[M::mem_pestat] low and high boundaries for proper pairs: (1, 641)
[M::mem_pestat] analyzing insert size distribution for orientation RF...
[M::mem_pestat] (25, 50, 75) percentile: (172, 240, 1983)
[M::mem_pestat] low and high boundaries for computing mean and std.dev: (1, 5605)
[M::mem_pestat] mean and std.dev: (864.11, 1072.27)
[M::mem_pestat] low and high boundaries for proper pairs: (1, 7416)
[M::mem_pestat] skip orientation RR as there are not enough pairs
[M::mem_pestat] skip orientation RF
[M::mem_process_seqs] Processed 2860136 reads in 3827.623 CPU sec, 101.644 real sec
[M::process] read 2843980 sequences (400000022 bp)...
[M::mem_pestat] # candidate unique pairs for (FF, FR, RF, RR): (8, 772152, 66, 10)
[M::mem_pestat] skip orientation FF as there are not enough pairs
[M::mem_pestat] analyzing insert size distribution for orientation FR...
[M::mem_pestat] (25, 50, 75) percentile: (161, 200, 279)
[M::mem_pestat] low and high boundaries for computing mean and std.dev: (1, 515)
[M::mem_pestat] mean and std.dev: (221.38, 85.46)
[M::mem_pestat] low and high boundaries for proper pairs: (1, 633)
[M::mem_pestat] analyzing insert size distribution for orientation RF...
[M::mem_pestat] (25, 50, 75) percentile: (126, 201, 1096)
[M::mem_pestat] low and high boundaries for computing mean and std.dev: (1, 3036)
[M::mem_pestat] mean and std.dev: (513.93, 741.73)
[M::mem_pestat] low and high boundaries for proper pairs: (1, 4006)
[M::mem_pestat] analyzing insert size distribution for orientation RR...
[M::mem_pestat] (25, 50, 75) percentile: (238, 1835, 1939)
[M::mem_pestat] low and high boundaries for computing mean and std.dev: (1, 5341)
[M::mem_pestat] mean and std.dev: (1214.40, 825.00)
[M::mem_pestat] low and high boundaries for proper pairs: (1, 7042)
[M::mem_pestat] skip orientation RF
[M::mem_pestat] skip orientation RR
[M::mem_process_seqs] Processed 2858756 reads in 3618.968 CPU sec, 90.740 real sec
[M::process] read 2843708 sequences (400000297 bp)...
[M::mem_pestat] # candidate unique pairs for (FF, FR, RF, RR): (11, 771540, 66, 8)
[M::mem_pestat] analyzing insert size distribution for orientation FF...
[M::mem_pestat] (25, 50, 75) percentile: (193, 353, 3182)
[M::mem_pestat] low and high boundaries for computing mean and std.dev: (1, 9160)
[M::mem_pestat] mean and std.dev: (2017.82, 2503.33)
[M::mem_pestat] low and high boundaries for proper pairs: (1, 12149)
[M::mem_pestat] analyzing insert size distribution for orientation FR...
[M::mem_pestat] (25, 50, 75) percentile: (161, 201, 280)
[M::mem_pestat] low and high boundaries for computing mean and std.dev: (1, 518)
[M::mem_pestat] mean and std.dev: (222.00, 86.05)
[M::mem_pestat] low and high boundaries for proper pairs: (1, 637)
[M::mem_pestat] analyzing insert size distribution for orientation RF...
[M::mem_pestat] (25, 50, 75) percentile: (134, 224, 853)
[M::mem_pestat] low and high boundaries for computing mean and std.dev: (1, 2291)
[M::mem_pestat] mean and std.dev: (374.45, 420.86)
[M::mem_pestat] low and high boundaries for proper pairs: (1, 3010)
[M::mem_pestat] skip orientation RR as there are not enough pairs
[M::mem_pestat] skip orientation FF
[M::mem_pestat] skip orientation RF
[M::mem_process_seqs] Processed 2843980 reads in 3592.030 CPU sec, 90.045 real sec
[M::process] read 2842274 sequences (400000124 bp)...
[M::mem_pestat] # candidate unique pairs for (FF, FR, RF, RR): (6, 772811, 69, 7)
[M::mem_pestat] skip orientation FF as there are not enough pairs
[M::mem_pestat] analyzing insert size distribution for orientation FR...
[M::mem_pestat] (25, 50, 75) percentile: (161, 200, 278)
[M::mem_pestat] low and high boundaries for computing mean and std.dev: (1, 512)
[M::mem_pestat] mean and std.dev: (220.98, 85.38)
[M::mem_pestat] low and high boundaries for proper pairs: (1, 629)
[M::mem_pestat] analyzing insert size distribution for orientation RF...
[M::mem_pestat] (25, 50, 75) percentile: (122, 281, 1824)
[M::mem_pestat] low and high boundaries for computing mean and std.dev: (1, 5228)
[M::mem_pestat] mean and std.dev: (731.69, 956.55)
[M::mem_pestat] low and high boundaries for proper pairs: (1, 6930)
[M::mem_pestat] skip orientation RR as there are not enough pairs
[M::mem_pestat] skip orientation RF
[M::mem_process_seqs] Processed 2843708 reads in 3562.960 CPU sec, 89.174 real sec
[M::process] read 2839226 sequences (400000187 bp)...
[M::mem_pestat] # candidate unique pairs for (FF, FR, RF, RR): (15, 772125, 62, 9)
[M::mem_pestat] analyzing insert size distribution for orientation FF...
[M::mem_pestat] (25, 50, 75) percentile: (204, 3575, 4506)
[M::mem_pestat] low and high boundaries for computing mean and std.dev: (1, 13110)
[M::mem_pestat] mean and std.dev: (2983.40, 2823.75)
[M::mem_pestat] low and high boundaries for proper pairs: (1, 17412)
[M::mem_pestat] analyzing insert size distribution for orientation FR...
[M::mem_pestat] (25, 50, 75) percentile: (160, 197, 267)
[M::mem_pestat] low and high boundaries for computing mean and std.dev: (1, 481)
[M::mem_pestat] mean and std.dev: (215.90, 80.52)
[M::mem_pestat] low and high boundaries for proper pairs: (1, 588)
[M::mem_pestat] analyzing insert size distribution for orientation RF...
[M::mem_pestat] (25, 50, 75) percentile: (114, 225, 806)
[M::mem_pestat] low and high boundaries for computing mean and std.dev: (1, 2190)
[M::mem_pestat] mean and std.dev: (328.73, 393.11)
[M::mem_pestat] low and high boundaries for proper pairs: (1, 2882)
[M::mem_pestat] skip orientation RR as there are not enough pairs
[M::mem_pestat] skip orientation FF
[M::mem_pestat] skip orientation RF
[M::mem_process_seqs] Processed 2842274 reads in 3566.110 CPU sec, 89.692 real sec
[M::process] read 2837010 sequences (400000057 bp)...
[M::mem_pestat] # candidate unique pairs for (FF, FR, RF, RR): (1, 772346, 77, 5)
[M::mem_pestat] skip orientation FF as there are not enough pairs
[M::mem_pestat] analyzing insert size distribution for orientation FR...
[M::mem_pestat] (25, 50, 75) percentile: (161, 198, 269)
[M::mem_pestat] low and high boundaries for computing mean and std.dev: (1, 485)
[M::mem_pestat] mean and std.dev: (216.77, 80.84)
[M::mem_pestat] low and high boundaries for proper pairs: (1, 593)
[M::mem_pestat] analyzing insert size distribution for orientation RF...
[M::mem_pestat] (25, 50, 75) percentile: (137, 237, 1390)
[M::mem_pestat] low and high boundaries for computing mean and std.dev: (1, 3896)
[M::mem_pestat] mean and std.dev: (538.54, 704.61)
[M::mem_pestat] low and high boundaries for proper pairs: (1, 5149)
[M::mem_pestat] skip orientation RR as there are not enough pairs
[M::mem_pestat] skip orientation RF
[M::mem_process_seqs] Processed 2839226 reads in 3582.367 CPU sec, 89.692 real sec
[M::process] read 2864424 sequences (400000240 bp)...
[M::mem_pestat] # candidate unique pairs for (FF, FR, RF, RR): (6, 772017, 65, 9)
[M::mem_pestat] skip orientation FF as there are not enough pairs
[M::mem_pestat] analyzing insert size distribution for orientation FR...
[M::mem_pestat] (25, 50, 75) percentile: (161, 198, 270)
[M::mem_pestat] low and high boundaries for computing mean and std.dev: (1, 488)
[M::mem_pestat] mean and std.dev: (217.34, 81.21)
[M::mem_pestat] low and high boundaries for proper pairs: (1, 597)
[M::mem_pestat] analyzing insert size distribution for orientation RF...
[M::mem_pestat] (25, 50, 75) percentile: (119, 223, 2180)
[M::mem_pestat] low and high boundaries for computing mean and std.dev: (1, 6302)
[M::mem_pestat] mean and std.dev: (884.08, 1367.12)
[M::mem_pestat] low and high boundaries for proper pairs: (1, 8363)
[M::mem_pestat] skip orientation RR as there are not enough pairs
[M::mem_pestat] skip orientation RF
[M::mem_process_seqs] Processed 2837010 reads in 3550.838 CPU sec, 89.300 real sec
[M::process] read 2854706 sequences (400000076 bp)...
[M::mem_pestat] # candidate unique pairs for (FF, FR, RF, RR): (5, 772813, 76, 9)
[M::mem_pestat] skip orientation FF as there are not enough pairs
[M::mem_pestat] analyzing insert size distribution for orientation FR...
[M::mem_pestat] (25, 50, 75) percentile: (159, 196, 265)
[M::mem_pestat] low and high boundaries for computing mean and std.dev: (1, 477)
[M::mem_pestat] mean and std.dev: (214.67, 80.22)
[M::mem_pestat] low and high boundaries for proper pairs: (1, 583)
[M::mem_pestat] analyzing insert size distribution for orientation RF...
[M::mem_pestat] (25, 50, 75) percentile: (91, 174, 396)
[M::mem_pestat] low and high boundaries for computing mean and std.dev: (1, 1006)
[M::mem_pestat] mean and std.dev: (175.46, 155.33)
[M::mem_pestat] low and high boundaries for proper pairs: (1, 1311)
[M::mem_pestat] skip orientation RR as there are not enough pairs
[M::mem_pestat] skip orientation RF
[M::mem_process_seqs] Processed 2864424 reads in 3592.614 CPU sec, 90.088 real sec
[M::process] read 2364114 sequences (331609619 bp)...
[M::mem_pestat] # candidate unique pairs for (FF, FR, RF, RR): (4, 774285, 65, 1)
[M::mem_pestat] skip orientation FF as there are not enough pairs
[M::mem_pestat] analyzing insert size distribution for orientation FR...
[M::mem_pestat] (25, 50, 75) percentile: (159, 196, 265)
[M::mem_pestat] low and high boundaries for computing mean and std.dev: (1, 477)
[M::mem_pestat] mean and std.dev: (214.52, 80.11)
[M::mem_pestat] low and high boundaries for proper pairs: (1, 583)
[M::mem_pestat] analyzing insert size distribution for orientation RF...
[M::mem_pestat] (25, 50, 75) percentile: (107, 223, 1740)
[M::mem_pestat] low and high boundaries for computing mean and std.dev: (1, 5006)
[M::mem_pestat] mean and std.dev: (825.51, 1251.35)
[M::mem_pestat] low and high boundaries for proper pairs: (1, 6639)
[M::mem_pestat] skip orientation RR as there are not enough pairs
[M::mem_pestat] skip orientation RF
[M::mem_process_seqs] Processed 2854706 reads in 3572.892 CPU sec, 89.398 real sec
[M::mem_pestat] # candidate unique pairs for (FF, FR, RF, RR): (4, 640543, 52, 3)
[M::mem_pestat] skip orientation FF as there are not enough pairs
[M::mem_pestat] analyzing insert size distribution for orientation FR...
[M::mem_pestat] (25, 50, 75) percentile: (160, 197, 267)
[M::mem_pestat] low and high boundaries for computing mean and std.dev: (1, 481)
[M::mem_pestat] mean and std.dev: (215.64, 80.57)
[M::mem_pestat] low and high boundaries for proper pairs: (1, 588)
[M::mem_pestat] analyzing insert size distribution for orientation RF...
[M::mem_pestat] (25, 50, 75) percentile: (223, 571, 2740)
[M::mem_pestat] low and high boundaries for computing mean and std.dev: (1, 7774)
[M::mem_pestat] mean and std.dev: (1111.46, 1262.87)
[M::mem_pestat] low and high boundaries for proper pairs: (1, 10291)
[M::mem_pestat] skip orientation RR as there are not enough pairs
[M::mem_pestat] skip orientation RF
[M::mem_process_seqs] Processed 2364114 reads in 3010.594 CPU sec, 75.749 real sec
[main] Version: 0.7.17-r1188
[main] CMD: /home/shared/bwa-0.7.17/bwa mem -M -t 40 ../data/bwa-GCF_031168955.1_ASM3116895v1_genomic ../data/trimmed-fastqs-heatwave-genetics/MHW129_trimmed_clipped_R1_paired.fq.gz ../data/trimmed-fastqs-heatwave-genetics/MHW129_trimmed_clipped_R2_paired.fq.gz
[main] Real time: 3865.958 sec; CPU: 153301.297 sec
