[M::bwa_idx_load_from_disk] read 0 ALT contigs
[M::process] read 2913402 sequences (400000182 bp)...
[M::process] read 2900616 sequences (400000082 bp)...
[M::mem_pestat] # candidate unique pairs for (FF, FR, RF, RR): (7, 769804, 28, 7)
[M::mem_pestat] skip orientation FF as there are not enough pairs
[M::mem_pestat] analyzing insert size distribution for orientation FR...
[M::mem_pestat] (25, 50, 75) percentile: (144, 174, 212)
[M::mem_pestat] low and high boundaries for computing mean and std.dev: (8, 348)
[M::mem_pestat] mean and std.dev: (179.07, 55.99)
[M::mem_pestat] low and high boundaries for proper pairs: (1, 416)
[M::mem_pestat] analyzing insert size distribution for orientation RF...
[M::mem_pestat] (25, 50, 75) percentile: (72, 240, 2749)
[M::mem_pestat] low and high boundaries for computing mean and std.dev: (1, 8103)
[M::mem_pestat] mean and std.dev: (960.20, 1547.09)
[M::mem_pestat] low and high boundaries for proper pairs: (1, 10780)
[M::mem_pestat] skip orientation RR as there are not enough pairs
[M::mem_pestat] skip orientation RF
[M::mem_process_seqs] Processed 2913402 reads in 3236.218 CPU sec, 81.181 real sec
[M::process] read 2902004 sequences (400000154 bp)...
[M::mem_pestat] # candidate unique pairs for (FF, FR, RF, RR): (2, 761099, 32, 6)
[M::mem_pestat] skip orientation FF as there are not enough pairs
[M::mem_pestat] analyzing insert size distribution for orientation FR...
[M::mem_pestat] (25, 50, 75) percentile: (146, 177, 218)
[M::mem_pestat] low and high boundaries for computing mean and std.dev: (2, 362)
[M::mem_pestat] mean and std.dev: (184.35, 59.16)
[M::mem_pestat] low and high boundaries for proper pairs: (1, 434)
[M::mem_pestat] analyzing insert size distribution for orientation RF...
[M::mem_pestat] (25, 50, 75) percentile: (94, 235, 2358)
[M::mem_pestat] low and high boundaries for computing mean and std.dev: (1, 6886)
[M::mem_pestat] mean and std.dev: (940.83, 1401.74)
[M::mem_pestat] low and high boundaries for proper pairs: (1, 9150)
[M::mem_pestat] skip orientation RR as there are not enough pairs
[M::mem_pestat] skip orientation RF
[M::mem_process_seqs] Processed 2900616 reads in 3392.523 CPU sec, 85.126 real sec
[M::process] read 2902590 sequences (400000247 bp)...
[M::mem_pestat] # candidate unique pairs for (FF, FR, RF, RR): (7, 767123, 47, 6)
[M::mem_pestat] skip orientation FF as there are not enough pairs
[M::mem_pestat] analyzing insert size distribution for orientation FR...
[M::mem_pestat] (25, 50, 75) percentile: (145, 175, 215)
[M::mem_pestat] low and high boundaries for computing mean and std.dev: (5, 355)
[M::mem_pestat] mean and std.dev: (181.57, 57.50)
[M::mem_pestat] low and high boundaries for proper pairs: (1, 425)
[M::mem_pestat] analyzing insert size distribution for orientation RF...
[M::mem_pestat] (25, 50, 75) percentile: (223, 498, 2486)
[M::mem_pestat] low and high boundaries for computing mean and std.dev: (1, 7012)
[M::mem_pestat] mean and std.dev: (1412.18, 2074.89)
[M::mem_pestat] low and high boundaries for proper pairs: (1, 9712)
[M::mem_pestat] skip orientation RR as there are not enough pairs
[M::mem_pestat] skip orientation RF
[M::mem_process_seqs] Processed 2902004 reads in 3360.806 CPU sec, 84.563 real sec
[M::process] read 2898274 sequences (400000179 bp)...
[M::mem_pestat] # candidate unique pairs for (FF, FR, RF, RR): (3, 765267, 48, 4)
[M::mem_pestat] skip orientation FF as there are not enough pairs
[M::mem_pestat] analyzing insert size distribution for orientation FR...
[M::mem_pestat] (25, 50, 75) percentile: (145, 176, 216)
[M::mem_pestat] low and high boundaries for computing mean and std.dev: (3, 358)
[M::mem_pestat] mean and std.dev: (182.68, 58.15)
[M::mem_pestat] low and high boundaries for proper pairs: (1, 429)
[M::mem_pestat] analyzing insert size distribution for orientation RF...
[M::mem_pestat] (25, 50, 75) percentile: (159, 227, 2101)
[M::mem_pestat] low and high boundaries for computing mean and std.dev: (1, 5985)
[M::mem_pestat] mean and std.dev: (957.57, 1432.45)
[M::mem_pestat] low and high boundaries for proper pairs: (1, 7927)
[M::mem_pestat] skip orientation RR as there are not enough pairs
[M::mem_pestat] skip orientation RF
[M::mem_process_seqs] Processed 2902590 reads in 3421.965 CPU sec, 85.797 real sec
[M::process] read 2904458 sequences (400000184 bp)...
[M::mem_pestat] # candidate unique pairs for (FF, FR, RF, RR): (5, 763347, 42, 4)
[M::mem_pestat] skip orientation FF as there are not enough pairs
[M::mem_pestat] analyzing insert size distribution for orientation FR...
[M::mem_pestat] (25, 50, 75) percentile: (146, 177, 218)
[M::mem_pestat] low and high boundaries for computing mean and std.dev: (2, 362)
[M::mem_pestat] mean and std.dev: (184.17, 59.08)
[M::mem_pestat] low and high boundaries for proper pairs: (1, 434)
[M::mem_pestat] analyzing insert size distribution for orientation RF...
[M::mem_pestat] (25, 50, 75) percentile: (75, 273, 1688)
[M::mem_pestat] low and high boundaries for computing mean and std.dev: (1, 4914)
[M::mem_pestat] mean and std.dev: (615.69, 920.96)
[M::mem_pestat] low and high boundaries for proper pairs: (1, 6527)
[M::mem_pestat] skip orientation RR as there are not enough pairs
[M::mem_pestat] skip orientation RF
[M::mem_process_seqs] Processed 2898274 reads in 3419.911 CPU sec, 85.755 real sec
[M::process] read 2892964 sequences (400000110 bp)...
[M::mem_pestat] # candidate unique pairs for (FF, FR, RF, RR): (4, 769190, 41, 3)
[M::mem_pestat] skip orientation FF as there are not enough pairs
[M::mem_pestat] analyzing insert size distribution for orientation FR...
[M::mem_pestat] (25, 50, 75) percentile: (145, 175, 214)
[M::mem_pestat] low and high boundaries for computing mean and std.dev: (7, 352)
[M::mem_pestat] mean and std.dev: (180.69, 56.93)
[M::mem_pestat] low and high boundaries for proper pairs: (1, 421)
[M::mem_pestat] analyzing insert size distribution for orientation RF...
[M::mem_pestat] (25, 50, 75) percentile: (99, 224, 1487)
[M::mem_pestat] low and high boundaries for computing mean and std.dev: (1, 4263)
[M::mem_pestat] mean and std.dev: (607.79, 864.46)
[M::mem_pestat] low and high boundaries for proper pairs: (1, 5651)
[M::mem_pestat] skip orientation RR as there are not enough pairs
[M::mem_pestat] skip orientation RF
[M::mem_process_seqs] Processed 2904458 reads in 3371.126 CPU sec, 84.332 real sec
[M::process] read 2922812 sequences (400000149 bp)...
[M::mem_pestat] # candidate unique pairs for (FF, FR, RF, RR): (6, 759131, 38, 10)
[M::mem_pestat] skip orientation FF as there are not enough pairs
[M::mem_pestat] analyzing insert size distribution for orientation FR...
[M::mem_pestat] (25, 50, 75) percentile: (147, 178, 221)
[M::mem_pestat] low and high boundaries for computing mean and std.dev: (1, 369)
[M::mem_pestat] mean and std.dev: (186.37, 60.42)
[M::mem_pestat] low and high boundaries for proper pairs: (1, 443)
[M::mem_pestat] analyzing insert size distribution for orientation RF...
[M::mem_pestat] (25, 50, 75) percentile: (65, 223, 1053)
[M::mem_pestat] low and high boundaries for computing mean and std.dev: (1, 3029)
[M::mem_pestat] mean and std.dev: (533.44, 747.05)
[M::mem_pestat] low and high boundaries for proper pairs: (1, 4017)
[M::mem_pestat] analyzing insert size distribution for orientation RR...
[M::mem_pestat] (25, 50, 75) percentile: (125, 3200, 3417)
[M::mem_pestat] low and high boundaries for computing mean and std.dev: (1, 10001)
[M::mem_pestat] mean and std.dev: (2463.90, 2149.39)
[M::mem_pestat] low and high boundaries for proper pairs: (1, 13293)
[M::mem_pestat] skip orientation RF
[M::mem_pestat] skip orientation RR
[M::mem_process_seqs] Processed 2892964 reads in 3456.941 CPU sec, 86.703 real sec
[M::process] read 2915530 sequences (400000219 bp)...
[M::mem_pestat] # candidate unique pairs for (FF, FR, RF, RR): (3, 760514, 44, 5)
[M::mem_pestat] skip orientation FF as there are not enough pairs
[M::mem_pestat] analyzing insert size distribution for orientation FR...
[M::mem_pestat] (25, 50, 75) percentile: (146, 177, 218)
[M::mem_pestat] low and high boundaries for computing mean and std.dev: (2, 362)
[M::mem_pestat] mean and std.dev: (184.23, 59.20)
[M::mem_pestat] low and high boundaries for proper pairs: (1, 434)
[M::mem_pestat] analyzing insert size distribution for orientation RF...
[M::mem_pestat] (25, 50, 75) percentile: (65, 224, 1746)
[M::mem_pestat] low and high boundaries for computing mean and std.dev: (1, 5108)
[M::mem_pestat] mean and std.dev: (626.90, 903.41)
[M::mem_pestat] low and high boundaries for proper pairs: (1, 6789)
[M::mem_pestat] skip orientation RR as there are not enough pairs
[M::mem_pestat] skip orientation RF
[M::mem_process_seqs] Processed 2922812 reads in 3405.691 CPU sec, 85.631 real sec
[M::process] read 2912512 sequences (400000003 bp)...
[M::mem_pestat] # candidate unique pairs for (FF, FR, RF, RR): (4, 758888, 39, 11)
[M::mem_pestat] skip orientation FF as there are not enough pairs
[M::mem_pestat] analyzing insert size distribution for orientation FR...
[M::mem_pestat] (25, 50, 75) percentile: (147, 177, 219)
[M::mem_pestat] low and high boundaries for computing mean and std.dev: (3, 363)
[M::mem_pestat] mean and std.dev: (184.78, 59.49)
[M::mem_pestat] low and high boundaries for proper pairs: (1, 435)
[M::mem_pestat] analyzing insert size distribution for orientation RF...
[M::mem_pestat] (25, 50, 75) percentile: (223, 438, 3428)
[M::mem_pestat] low and high boundaries for computing mean and std.dev: (1, 9838)
[M::mem_pestat] mean and std.dev: (2105.67, 2739.49)
[M::mem_pestat] low and high boundaries for proper pairs: (1, 13064)
[M::mem_pestat] analyzing insert size distribution for orientation RR...
[M::mem_pestat] (25, 50, 75) percentile: (310, 362, 8752)
[M::mem_pestat] low and high boundaries for computing mean and std.dev: (1, 25636)
[M::mem_pestat] mean and std.dev: (3212.45, 3706.82)
[M::mem_pestat] low and high boundaries for proper pairs: (1, 34078)
[M::mem_pestat] skip orientation RF
[M::mem_pestat] skip orientation RR
[M::mem_process_seqs] Processed 2915530 reads in 3444.722 CPU sec, 86.190 real sec
[M::process] read 2927676 sequences (400000151 bp)...
[M::mem_pestat] # candidate unique pairs for (FF, FR, RF, RR): (6, 759900, 38, 2)
[M::mem_pestat] skip orientation FF as there are not enough pairs
[M::mem_pestat] analyzing insert size distribution for orientation FR...
[M::mem_pestat] (25, 50, 75) percentile: (147, 177, 219)
[M::mem_pestat] low and high boundaries for computing mean and std.dev: (3, 363)
[M::mem_pestat] mean and std.dev: (184.80, 59.41)
[M::mem_pestat] low and high boundaries for proper pairs: (1, 435)
[M::mem_pestat] analyzing insert size distribution for orientation RF...
[M::mem_pestat] (25, 50, 75) percentile: (66, 223, 814)
[M::mem_pestat] low and high boundaries for computing mean and std.dev: (1, 2310)
[M::mem_pestat] mean and std.dev: (435.32, 574.83)
[M::mem_pestat] low and high boundaries for proper pairs: (1, 3058)
[M::mem_pestat] skip orientation RR as there are not enough pairs
[M::mem_pestat] skip orientation RF
[M::mem_process_seqs] Processed 2912512 reads in 3433.190 CPU sec, 86.142 real sec
[M::process] read 2919296 sequences (400000061 bp)...
[M::mem_pestat] # candidate unique pairs for (FF, FR, RF, RR): (6, 760811, 52, 6)
[M::mem_pestat] skip orientation FF as there are not enough pairs
[M::mem_pestat] analyzing insert size distribution for orientation FR...
[M::mem_pestat] (25, 50, 75) percentile: (147, 177, 219)
[M::mem_pestat] low and high boundaries for computing mean and std.dev: (3, 363)
[M::mem_pestat] mean and std.dev: (184.67, 59.38)
[M::mem_pestat] low and high boundaries for proper pairs: (1, 435)
[M::mem_pestat] analyzing insert size distribution for orientation RF...
[M::mem_pestat] (25, 50, 75) percentile: (127, 313, 796)
[M::mem_pestat] low and high boundaries for computing mean and std.dev: (1, 2134)
[M::mem_pestat] mean and std.dev: (281.33, 229.65)
[M::mem_pestat] low and high boundaries for proper pairs: (1, 2803)
[M::mem_pestat] skip orientation RR as there are not enough pairs
[M::mem_pestat] skip orientation RF
[M::mem_process_seqs] Processed 2927676 reads in 3586.369 CPU sec, 90.157 real sec
[M::process] read 2909802 sequences (400000040 bp)...
[M::mem_pestat] # candidate unique pairs for (FF, FR, RF, RR): (6, 759848, 30, 3)
[M::mem_pestat] skip orientation FF as there are not enough pairs
[M::mem_pestat] analyzing insert size distribution for orientation FR...
[M::mem_pestat] (25, 50, 75) percentile: (147, 178, 220)
[M::mem_pestat] low and high boundaries for computing mean and std.dev: (1, 366)
[M::mem_pestat] mean and std.dev: (185.81, 60.02)
[M::mem_pestat] low and high boundaries for proper pairs: (1, 439)
[M::mem_pestat] analyzing insert size distribution for orientation RF...
[M::mem_pestat] (25, 50, 75) percentile: (223, 1052, 3551)
[M::mem_pestat] low and high boundaries for computing mean and std.dev: (1, 10207)
[M::mem_pestat] mean and std.dev: (2096.03, 2168.04)
[M::mem_pestat] low and high boundaries for proper pairs: (1, 13535)
[M::mem_pestat] skip orientation RR as there are not enough pairs
[M::mem_pestat] skip orientation RF
[M::mem_process_seqs] Processed 2919296 reads in 3506.602 CPU sec, 87.925 real sec
[M::process] read 2901020 sequences (400000122 bp)...
[M::mem_pestat] # candidate unique pairs for (FF, FR, RF, RR): (6, 760018, 35, 2)
[M::mem_pestat] skip orientation FF as there are not enough pairs
[M::mem_pestat] analyzing insert size distribution for orientation FR...
[M::mem_pestat] (25, 50, 75) percentile: (147, 177, 219)
[M::mem_pestat] low and high boundaries for computing mean and std.dev: (3, 363)
[M::mem_pestat] mean and std.dev: (185.03, 59.72)
[M::mem_pestat] low and high boundaries for proper pairs: (1, 435)
[M::mem_pestat] analyzing insert size distribution for orientation RF...
[M::mem_pestat] (25, 50, 75) percentile: (115, 224, 693)
[M::mem_pestat] low and high boundaries for computing mean and std.dev: (1, 1849)
[M::mem_pestat] mean and std.dev: (352.29, 340.57)
[M::mem_pestat] low and high boundaries for proper pairs: (1, 2427)
[M::mem_pestat] skip orientation RR as there are not enough pairs
[M::mem_pestat] skip orientation RF
[M::mem_process_seqs] Processed 2909802 reads in 3435.475 CPU sec, 86.197 real sec
[M::process] read 2899072 sequences (400000118 bp)...
[M::mem_pestat] # candidate unique pairs for (FF, FR, RF, RR): (6, 764294, 45, 8)
[M::mem_pestat] skip orientation FF as there are not enough pairs
[M::mem_pestat] analyzing insert size distribution for orientation FR...
[M::mem_pestat] (25, 50, 75) percentile: (146, 177, 218)
[M::mem_pestat] low and high boundaries for computing mean and std.dev: (2, 362)
[M::mem_pestat] mean and std.dev: (184.11, 59.15)
[M::mem_pestat] low and high boundaries for proper pairs: (1, 434)
[M::mem_pestat] analyzing insert size distribution for orientation RF...
[M::mem_pestat] (25, 50, 75) percentile: (68, 269, 3959)
[M::mem_pestat] low and high boundaries for computing mean and std.dev: (1, 11741)
[M::mem_pestat] mean and std.dev: (1529.16, 2312.03)
[M::mem_pestat] low and high boundaries for proper pairs: (1, 15632)
[M::mem_pestat] skip orientation RR as there are not enough pairs
[M::mem_pestat] skip orientation RF
[M::mem_process_seqs] Processed 2901020 reads in 3445.152 CPU sec, 86.451 real sec
[M::process] read 2899598 sequences (400000180 bp)...
[M::mem_pestat] # candidate unique pairs for (FF, FR, RF, RR): (6, 764991, 41, 4)
[M::mem_pestat] skip orientation FF as there are not enough pairs
[M::mem_pestat] analyzing insert size distribution for orientation FR...
[M::mem_pestat] (25, 50, 75) percentile: (146, 176, 217)
[M::mem_pestat] low and high boundaries for computing mean and std.dev: (4, 359)
[M::mem_pestat] mean and std.dev: (183.06, 58.52)
[M::mem_pestat] low and high boundaries for proper pairs: (1, 430)
[M::mem_pestat] analyzing insert size distribution for orientation RF...
[M::mem_pestat] (25, 50, 75) percentile: (48, 185, 473)
[M::mem_pestat] low and high boundaries for computing mean and std.dev: (1, 1323)
[M::mem_pestat] mean and std.dev: (169.00, 163.04)
[M::mem_pestat] low and high boundaries for proper pairs: (1, 1748)
[M::mem_pestat] skip orientation RR as there are not enough pairs
[M::mem_pestat] skip orientation RF
[M::mem_process_seqs] Processed 2899072 reads in 3392.462 CPU sec, 85.076 real sec
[M::process] read 2896852 sequences (400000216 bp)...
[M::mem_pestat] # candidate unique pairs for (FF, FR, RF, RR): (13, 762914, 31, 2)
[M::mem_pestat] analyzing insert size distribution for orientation FF...
[M::mem_pestat] (25, 50, 75) percentile: (75, 281, 411)
[M::mem_pestat] low and high boundaries for computing mean and std.dev: (1, 1083)
[M::mem_pestat] mean and std.dev: (245.62, 150.74)
[M::mem_pestat] low and high boundaries for proper pairs: (1, 1419)
[M::mem_pestat] analyzing insert size distribution for orientation FR...
[M::mem_pestat] (25, 50, 75) percentile: (146, 176, 216)
[M::mem_pestat] low and high boundaries for computing mean and std.dev: (6, 356)
[M::mem_pestat] mean and std.dev: (182.60, 57.97)
[M::mem_pestat] low and high boundaries for proper pairs: (1, 426)
[M::mem_pestat] analyzing insert size distribution for orientation RF...
[M::mem_pestat] (25, 50, 75) percentile: (223, 232, 1489)
[M::mem_pestat] low and high boundaries for computing mean and std.dev: (1, 4021)
[M::mem_pestat] mean and std.dev: (746.34, 1035.11)
[M::mem_pestat] low and high boundaries for proper pairs: (1, 5287)
[M::mem_pestat] skip orientation RR as there are not enough pairs
[M::mem_pestat] skip orientation FF
[M::mem_pestat] skip orientation RF
[M::mem_process_seqs] Processed 2899598 reads in 3401.703 CPU sec, 85.371 real sec
[M::process] read 2905454 sequences (400000204 bp)...
[M::mem_pestat] # candidate unique pairs for (FF, FR, RF, RR): (5, 761618, 41, 6)
[M::mem_pestat] skip orientation FF as there are not enough pairs
[M::mem_pestat] analyzing insert size distribution for orientation FR...
[M::mem_pestat] (25, 50, 75) percentile: (147, 177, 219)
[M::mem_pestat] low and high boundaries for computing mean and std.dev: (3, 363)
[M::mem_pestat] mean and std.dev: (184.69, 59.39)
[M::mem_pestat] low and high boundaries for proper pairs: (1, 435)
[M::mem_pestat] analyzing insert size distribution for orientation RF...
[M::mem_pestat] (25, 50, 75) percentile: (152, 223, 647)
[M::mem_pestat] low and high boundaries for computing mean and std.dev: (1, 1637)
[M::mem_pestat] mean and std.dev: (358.92, 362.60)
[M::mem_pestat] low and high boundaries for proper pairs: (1, 2132)
[M::mem_pestat] skip orientation RR as there are not enough pairs
[M::mem_pestat] skip orientation RF
[M::mem_process_seqs] Processed 2896852 reads in 3704.323 CPU sec, 98.619 real sec
[M::process] read 2896442 sequences (400000173 bp)...
[M::mem_pestat] # candidate unique pairs for (FF, FR, RF, RR): (2, 765192, 47, 3)
[M::mem_pestat] skip orientation FF as there are not enough pairs
[M::mem_pestat] analyzing insert size distribution for orientation FR...
[M::mem_pestat] (25, 50, 75) percentile: (145, 175, 214)
[M::mem_pestat] low and high boundaries for computing mean and std.dev: (7, 352)
[M::mem_pestat] mean and std.dev: (180.92, 57.07)
[M::mem_pestat] low and high boundaries for proper pairs: (1, 421)
[M::mem_pestat] analyzing insert size distribution for orientation RF...
[M::mem_pestat] (25, 50, 75) percentile: (126, 257, 1874)
[M::mem_pestat] low and high boundaries for computing mean and std.dev: (1, 5370)
[M::mem_pestat] mean and std.dev: (696.70, 916.90)
[M::mem_pestat] low and high boundaries for proper pairs: (1, 7118)
[M::mem_pestat] skip orientation RR as there are not enough pairs
[M::mem_pestat] skip orientation RF
[M::mem_process_seqs] Processed 2905454 reads in 3394.905 CPU sec, 85.123 real sec
[M::process] read 2898234 sequences (400000148 bp)...
[M::mem_pestat] # candidate unique pairs for (FF, FR, RF, RR): (2, 761693, 41, 2)
[M::mem_pestat] skip orientation FF as there are not enough pairs
[M::mem_pestat] analyzing insert size distribution for orientation FR...
[M::mem_pestat] (25, 50, 75) percentile: (147, 177, 219)
[M::mem_pestat] low and high boundaries for computing mean and std.dev: (3, 363)
[M::mem_pestat] mean and std.dev: (184.84, 59.47)
[M::mem_pestat] low and high boundaries for proper pairs: (1, 435)
[M::mem_pestat] analyzing insert size distribution for orientation RF...
[M::mem_pestat] (25, 50, 75) percentile: (86, 385, 2381)
[M::mem_pestat] low and high boundaries for computing mean and std.dev: (1, 6971)
[M::mem_pestat] mean and std.dev: (1020.03, 1365.02)
[M::mem_pestat] low and high boundaries for proper pairs: (1, 9266)
[M::mem_pestat] skip orientation RR as there are not enough pairs
[M::mem_pestat] skip orientation RF
[M::mem_process_seqs] Processed 2896442 reads in 3430.451 CPU sec, 86.010 real sec
[M::process] read 2904208 sequences (400000126 bp)...
[M::mem_pestat] # candidate unique pairs for (FF, FR, RF, RR): (5, 764746, 38, 11)
[M::mem_pestat] skip orientation FF as there are not enough pairs
[M::mem_pestat] analyzing insert size distribution for orientation FR...
[M::mem_pestat] (25, 50, 75) percentile: (145, 176, 216)
[M::mem_pestat] low and high boundaries for computing mean and std.dev: (3, 358)
[M::mem_pestat] mean and std.dev: (182.58, 58.28)
[M::mem_pestat] low and high boundaries for proper pairs: (1, 429)
[M::mem_pestat] analyzing insert size distribution for orientation RF...
[M::mem_pestat] (25, 50, 75) percentile: (223, 234, 1039)
[M::mem_pestat] low and high boundaries for computing mean and std.dev: (1, 2671)
[M::mem_pestat] mean and std.dev: (573.71, 723.50)
[M::mem_pestat] low and high boundaries for proper pairs: (1, 3487)
[M::mem_pestat] analyzing insert size distribution for orientation RR...
[M::mem_pestat] (25, 50, 75) percentile: (91, 222, 2557)
[M::mem_pestat] low and high boundaries for computing mean and std.dev: (1, 7489)
[M::mem_pestat] mean and std.dev: (1110.27, 1742.45)
[M::mem_pestat] low and high boundaries for proper pairs: (1, 9955)
[M::mem_pestat] skip orientation RF
[M::mem_pestat] skip orientation RR
[M::mem_process_seqs] Processed 2898234 reads in 3392.256 CPU sec, 85.063 real sec
[M::process] read 2912122 sequences (400000085 bp)...
[M::mem_pestat] # candidate unique pairs for (FF, FR, RF, RR): (9, 758347, 31, 5)
[M::mem_pestat] skip orientation FF as there are not enough pairs
[M::mem_pestat] analyzing insert size distribution for orientation FR...
[M::mem_pestat] (25, 50, 75) percentile: (147, 178, 221)
[M::mem_pestat] low and high boundaries for computing mean and std.dev: (1, 369)
[M::mem_pestat] mean and std.dev: (186.47, 60.69)
[M::mem_pestat] low and high boundaries for proper pairs: (1, 443)
[M::mem_pestat] analyzing insert size distribution for orientation RF...
[M::mem_pestat] (25, 50, 75) percentile: (132, 191, 1496)
[M::mem_pestat] low and high boundaries for computing mean and std.dev: (1, 4224)
[M::mem_pestat] mean and std.dev: (779.67, 1012.77)
[M::mem_pestat] low and high boundaries for proper pairs: (1, 5588)
[M::mem_pestat] skip orientation RR as there are not enough pairs
[M::mem_pestat] skip orientation RF
[M::mem_process_seqs] Processed 2904208 reads in 3469.441 CPU sec, 86.841 real sec
[M::process] read 2917828 sequences (400000223 bp)...
[M::mem_pestat] # candidate unique pairs for (FF, FR, RF, RR): (8, 759284, 40, 8)
[M::mem_pestat] skip orientation FF as there are not enough pairs
[M::mem_pestat] analyzing insert size distribution for orientation FR...
[M::mem_pestat] (25, 50, 75) percentile: (147, 178, 221)
[M::mem_pestat] low and high boundaries for computing mean and std.dev: (1, 369)
[M::mem_pestat] mean and std.dev: (186.32, 60.68)
[M::mem_pestat] low and high boundaries for proper pairs: (1, 443)
[M::mem_pestat] analyzing insert size distribution for orientation RF...
[M::mem_pestat] (25, 50, 75) percentile: (81, 223, 1493)
[M::mem_pestat] low and high boundaries for computing mean and std.dev: (1, 4317)
[M::mem_pestat] mean and std.dev: (579.91, 1009.78)
[M::mem_pestat] low and high boundaries for proper pairs: (1, 5729)
[M::mem_pestat] skip orientation RR as there are not enough pairs
[M::mem_pestat] skip orientation RF
[M::mem_process_seqs] Processed 2912122 reads in 3446.273 CPU sec, 86.659 real sec
[M::process] read 2921732 sequences (400000225 bp)...
[M::mem_pestat] # candidate unique pairs for (FF, FR, RF, RR): (7, 758068, 51, 12)
[M::mem_pestat] skip orientation FF as there are not enough pairs
[M::mem_pestat] analyzing insert size distribution for orientation FR...
[M::mem_pestat] (25, 50, 75) percentile: (147, 178, 220)
[M::mem_pestat] low and high boundaries for computing mean and std.dev: (1, 366)
[M::mem_pestat] mean and std.dev: (185.66, 60.11)
[M::mem_pestat] low and high boundaries for proper pairs: (1, 439)
[M::mem_pestat] analyzing insert size distribution for orientation RF...
[M::mem_pestat] (25, 50, 75) percentile: (89, 223, 3371)
[M::mem_pestat] low and high boundaries for computing mean and std.dev: (1, 9935)
[M::mem_pestat] mean and std.dev: (1887.61, 2885.68)
[M::mem_pestat] low and high boundaries for proper pairs: (1, 13430)
[M::mem_pestat] analyzing insert size distribution for orientation RR...
[M::mem_pestat] (25, 50, 75) percentile: (173, 244, 641)
[M::mem_pestat] low and high boundaries for computing mean and std.dev: (1, 1577)
[M::mem_pestat] mean and std.dev: (397.83, 358.38)
[M::mem_pestat] low and high boundaries for proper pairs: (1, 2045)
[M::mem_pestat] skip orientation RF
[M::mem_pestat] skip orientation RR
[M::mem_process_seqs] Processed 2917828 reads in 3694.831 CPU sec, 92.440 real sec
[M::process] read 2909976 sequences (400000235 bp)...
[M::mem_pestat] # candidate unique pairs for (FF, FR, RF, RR): (3, 761884, 41, 6)
[M::mem_pestat] skip orientation FF as there are not enough pairs
[M::mem_pestat] analyzing insert size distribution for orientation FR...
[M::mem_pestat] (25, 50, 75) percentile: (147, 177, 219)
[M::mem_pestat] low and high boundaries for computing mean and std.dev: (3, 363)
[M::mem_pestat] mean and std.dev: (185.01, 59.51)
[M::mem_pestat] low and high boundaries for proper pairs: (1, 435)
[M::mem_pestat] analyzing insert size distribution for orientation RF...
[M::mem_pestat] (25, 50, 75) percentile: (70, 172, 1843)
[M::mem_pestat] low and high boundaries for computing mean and std.dev: (1, 5389)
[M::mem_pestat] mean and std.dev: (635.03, 995.06)
[M::mem_pestat] low and high boundaries for proper pairs: (1, 7162)
[M::mem_pestat] skip orientation RR as there are not enough pairs
[M::mem_pestat] skip orientation RF
[M::mem_process_seqs] Processed 2921732 reads in 3667.033 CPU sec, 92.195 real sec
[M::process] read 2920208 sequences (400000186 bp)...
[M::mem_pestat] # candidate unique pairs for (FF, FR, RF, RR): (2, 759972, 37, 3)
[M::mem_pestat] skip orientation FF as there are not enough pairs
[M::mem_pestat] analyzing insert size distribution for orientation FR...
[M::mem_pestat] (25, 50, 75) percentile: (147, 178, 220)
[M::mem_pestat] low and high boundaries for computing mean and std.dev: (1, 366)
[M::mem_pestat] mean and std.dev: (185.51, 60.04)
[M::mem_pestat] low and high boundaries for proper pairs: (1, 439)
[M::mem_pestat] analyzing insert size distribution for orientation RF...
[M::mem_pestat] (25, 50, 75) percentile: (212, 238, 495)
[M::mem_pestat] low and high boundaries for computing mean and std.dev: (1, 1061)
[M::mem_pestat] mean and std.dev: (236.67, 156.47)
[M::mem_pestat] low and high boundaries for proper pairs: (1, 1344)
[M::mem_pestat] skip orientation RR as there are not enough pairs
[M::mem_pestat] skip orientation RF
[M::mem_process_seqs] Processed 2909976 reads in 4031.205 CPU sec, 100.840 real sec
[M::process] read 2904266 sequences (400000176 bp)...
[M::mem_pestat] # candidate unique pairs for (FF, FR, RF, RR): (6, 760288, 40, 9)
[M::mem_pestat] skip orientation FF as there are not enough pairs
[M::mem_pestat] analyzing insert size distribution for orientation FR...
[M::mem_pestat] (25, 50, 75) percentile: (147, 178, 220)
[M::mem_pestat] low and high boundaries for computing mean and std.dev: (1, 366)
[M::mem_pestat] mean and std.dev: (185.58, 60.02)
[M::mem_pestat] low and high boundaries for proper pairs: (1, 439)
[M::mem_pestat] analyzing insert size distribution for orientation RF...
[M::mem_pestat] (25, 50, 75) percentile: (130, 224, 1301)
[M::mem_pestat] low and high boundaries for computing mean and std.dev: (1, 3643)
[M::mem_pestat] mean and std.dev: (597.06, 829.57)
[M::mem_pestat] low and high boundaries for proper pairs: (1, 4814)
[M::mem_pestat] skip orientation RR as there are not enough pairs
[M::mem_pestat] skip orientation RF
[M::mem_process_seqs] Processed 2920208 reads in 3586.108 CPU sec, 89.958 real sec
[M::process] read 2887412 sequences (400000144 bp)...
[M::mem_pestat] # candidate unique pairs for (FF, FR, RF, RR): (7, 760600, 29, 2)
[M::mem_pestat] skip orientation FF as there are not enough pairs
[M::mem_pestat] analyzing insert size distribution for orientation FR...
[M::mem_pestat] (25, 50, 75) percentile: (147, 178, 220)
[M::mem_pestat] low and high boundaries for computing mean and std.dev: (1, 366)
[M::mem_pestat] mean and std.dev: (185.61, 60.08)
[M::mem_pestat] low and high boundaries for proper pairs: (1, 439)
[M::mem_pestat] analyzing insert size distribution for orientation RF...
[M::mem_pestat] (25, 50, 75) percentile: (78, 223, 939)
[M::mem_pestat] low and high boundaries for computing mean and std.dev: (1, 2661)
[M::mem_pestat] mean and std.dev: (356.96, 448.08)
[M::mem_pestat] low and high boundaries for proper pairs: (1, 3522)
[M::mem_pestat] skip orientation RR as there are not enough pairs
[M::mem_pestat] skip orientation RF
[M::mem_process_seqs] Processed 2904266 reads in 3431.237 CPU sec, 86.265 real sec
[M::process] read 2879072 sequences (400000230 bp)...
[M::mem_pestat] # candidate unique pairs for (FF, FR, RF, RR): (4, 758990, 50, 8)
[M::mem_pestat] skip orientation FF as there are not enough pairs
[M::mem_pestat] analyzing insert size distribution for orientation FR...
[M::mem_pestat] (25, 50, 75) percentile: (147, 177, 218)
[M::mem_pestat] low and high boundaries for computing mean and std.dev: (5, 360)
[M::mem_pestat] mean and std.dev: (184.42, 59.00)
[M::mem_pestat] low and high boundaries for proper pairs: (1, 431)
[M::mem_pestat] analyzing insert size distribution for orientation RF...
[M::mem_pestat] (25, 50, 75) percentile: (86, 224, 753)
[M::mem_pestat] low and high boundaries for computing mean and std.dev: (1, 2087)
[M::mem_pestat] mean and std.dev: (288.26, 293.41)
[M::mem_pestat] low and high boundaries for proper pairs: (1, 2754)
[M::mem_pestat] skip orientation RR as there are not enough pairs
[M::mem_pestat] skip orientation RF
[M::mem_process_seqs] Processed 2887412 reads in 3458.505 CPU sec, 86.782 real sec
[M::process] read 2879264 sequences (400000082 bp)...
[M::mem_pestat] # candidate unique pairs for (FF, FR, RF, RR): (3, 756744, 25, 10)
[M::mem_pestat] skip orientation FF as there are not enough pairs
[M::mem_pestat] analyzing insert size distribution for orientation FR...
[M::mem_pestat] (25, 50, 75) percentile: (147, 178, 220)
[M::mem_pestat] low and high boundaries for computing mean and std.dev: (1, 366)
[M::mem_pestat] mean and std.dev: (185.69, 59.78)
[M::mem_pestat] low and high boundaries for proper pairs: (1, 439)
[M::mem_pestat] analyzing insert size distribution for orientation RF...
[M::mem_pestat] (25, 50, 75) percentile: (136, 375, 2685)
[M::mem_pestat] low and high boundaries for computing mean and std.dev: (1, 7783)
[M::mem_pestat] mean and std.dev: (1200.88, 1665.30)
[M::mem_pestat] low and high boundaries for proper pairs: (1, 10332)
[M::mem_pestat] analyzing insert size distribution for orientation RR...
[M::mem_pestat] (25, 50, 75) percentile: (592, 1362, 1703)
[M::mem_pestat] low and high boundaries for computing mean and std.dev: (1, 3925)
[M::mem_pestat] mean and std.dev: (1096.78, 665.93)
[M::mem_pestat] low and high boundaries for proper pairs: (1, 5036)
[M::mem_pestat] skip orientation RF
[M::mem_pestat] skip orientation RR
[M::mem_process_seqs] Processed 2879072 reads in 3466.042 CPU sec, 86.987 real sec
[M::process] read 2876584 sequences (400000270 bp)...
[M::mem_pestat] # candidate unique pairs for (FF, FR, RF, RR): (1, 755932, 46, 1)
[M::mem_pestat] skip orientation FF as there are not enough pairs
[M::mem_pestat] analyzing insert size distribution for orientation FR...
[M::mem_pestat] (25, 50, 75) percentile: (148, 178, 221)
[M::mem_pestat] low and high boundaries for computing mean and std.dev: (2, 367)
[M::mem_pestat] mean and std.dev: (186.52, 60.29)
[M::mem_pestat] low and high boundaries for proper pairs: (1, 440)
[M::mem_pestat] analyzing insert size distribution for orientation RF...
[M::mem_pestat] (25, 50, 75) percentile: (156, 296, 1261)
[M::mem_pestat] low and high boundaries for computing mean and std.dev: (1, 3471)
[M::mem_pestat] mean and std.dev: (427.22, 601.71)
[M::mem_pestat] low and high boundaries for proper pairs: (1, 4576)
[M::mem_pestat] skip orientation RR as there are not enough pairs
[M::mem_pestat] skip orientation RF
[M::mem_process_seqs] Processed 2879264 reads in 3494.716 CPU sec, 87.419 real sec
[M::process] read 2880426 sequences (400000172 bp)...
[M::mem_pestat] # candidate unique pairs for (FF, FR, RF, RR): (4, 755367, 21, 6)
[M::mem_pestat] skip orientation FF as there are not enough pairs
[M::mem_pestat] analyzing insert size distribution for orientation FR...
[M::mem_pestat] (25, 50, 75) percentile: (148, 178, 222)
[M::mem_pestat] low and high boundaries for computing mean and std.dev: (1, 370)
[M::mem_pestat] mean and std.dev: (187.02, 60.69)
[M::mem_pestat] low and high boundaries for proper pairs: (1, 444)
[M::mem_pestat] analyzing insert size distribution for orientation RF...
[M::mem_pestat] (25, 50, 75) percentile: (94, 399, 2742)
[M::mem_pestat] low and high boundaries for computing mean and std.dev: (1, 8038)
[M::mem_pestat] mean and std.dev: (1143.11, 1714.52)
[M::mem_pestat] low and high boundaries for proper pairs: (1, 10686)
[M::mem_pestat] skip orientation RR as there are not enough pairs
[M::mem_pestat] skip orientation RF
[M::mem_process_seqs] Processed 2876584 reads in 3479.795 CPU sec, 87.496 real sec
[M::process] read 2893132 sequences (400000276 bp)...
[M::mem_pestat] # candidate unique pairs for (FF, FR, RF, RR): (7, 750614, 46, 8)
[M::mem_pestat] skip orientation FF as there are not enough pairs
[M::mem_pestat] analyzing insert size distribution for orientation FR...
[M::mem_pestat] (25, 50, 75) percentile: (149, 180, 224)
[M::mem_pestat] low and high boundaries for computing mean and std.dev: (1, 374)
[M::mem_pestat] mean and std.dev: (189.19, 61.82)
[M::mem_pestat] low and high boundaries for proper pairs: (1, 449)
[M::mem_pestat] analyzing insert size distribution for orientation RF...
[M::mem_pestat] (25, 50, 75) percentile: (75, 223, 7115)
[M::mem_pestat] low and high boundaries for computing mean and std.dev: (1, 21195)
[M::mem_pestat] mean and std.dev: (2656.13, 3409.26)
[M::mem_pestat] low and high boundaries for proper pairs: (1, 28235)
[M::mem_pestat] skip orientation RR as there are not enough pairs
[M::mem_pestat] skip orientation RF
[M::mem_process_seqs] Processed 2880426 reads in 3688.885 CPU sec, 92.285 real sec
[M::process] read 2890598 sequences (400000209 bp)...
[M::mem_pestat] # candidate unique pairs for (FF, FR, RF, RR): (2, 755186, 41, 4)
[M::mem_pestat] skip orientation FF as there are not enough pairs
[M::mem_pestat] analyzing insert size distribution for orientation FR...
[M::mem_pestat] (25, 50, 75) percentile: (148, 179, 222)
[M::mem_pestat] low and high boundaries for computing mean and std.dev: (1, 370)
[M::mem_pestat] mean and std.dev: (187.58, 61.04)
[M::mem_pestat] low and high boundaries for proper pairs: (1, 444)
[M::mem_pestat] analyzing insert size distribution for orientation RF...
[M::mem_pestat] (25, 50, 75) percentile: (149, 437, 2308)
[M::mem_pestat] low and high boundaries for computing mean and std.dev: (1, 6626)
[M::mem_pestat] mean and std.dev: (979.69, 1492.30)
[M::mem_pestat] low and high boundaries for proper pairs: (1, 8785)
[M::mem_pestat] skip orientation RR as there are not enough pairs
[M::mem_pestat] skip orientation RF
[M::mem_process_seqs] Processed 2893132 reads in 3843.550 CPU sec, 102.222 real sec
[M::process] read 2889554 sequences (400000289 bp)...
[M::mem_pestat] # candidate unique pairs for (FF, FR, RF, RR): (6, 752933, 32, 5)
[M::mem_pestat] skip orientation FF as there are not enough pairs
[M::mem_pestat] analyzing insert size distribution for orientation FR...
[M::mem_pestat] (25, 50, 75) percentile: (148, 179, 222)
[M::mem_pestat] low and high boundaries for computing mean and std.dev: (1, 370)
[M::mem_pestat] mean and std.dev: (187.56, 61.05)
[M::mem_pestat] low and high boundaries for proper pairs: (1, 444)
[M::mem_pestat] analyzing insert size distribution for orientation RF...
[M::mem_pestat] (25, 50, 75) percentile: (36, 400, 2075)
[M::mem_pestat] low and high boundaries for computing mean and std.dev: (1, 6153)
[M::mem_pestat] mean and std.dev: (1128.41, 1527.93)
[M::mem_pestat] low and high boundaries for proper pairs: (1, 8192)
[M::mem_pestat] skip orientation RR as there are not enough pairs
[M::mem_pestat] skip orientation RF
[M::mem_process_seqs] Processed 2890598 reads in 3558.595 CPU sec, 89.280 real sec
[M::process] read 2278022 sequences (316628807 bp)...
[M::mem_pestat] # candidate unique pairs for (FF, FR, RF, RR): (11, 752918, 53, 7)
[M::mem_pestat] analyzing insert size distribution for orientation FF...
[M::mem_pestat] (25, 50, 75) percentile: (161, 563, 2020)
[M::mem_pestat] low and high boundaries for computing mean and std.dev: (1, 5738)
[M::mem_pestat] mean and std.dev: (658.00, 753.13)
[M::mem_pestat] low and high boundaries for proper pairs: (1, 7597)
[M::mem_pestat] analyzing insert size distribution for orientation FR...
[M::mem_pestat] (25, 50, 75) percentile: (148, 179, 223)
[M::mem_pestat] low and high boundaries for computing mean and std.dev: (1, 373)
[M::mem_pestat] mean and std.dev: (188.25, 61.69)
[M::mem_pestat] low and high boundaries for proper pairs: (1, 448)
[M::mem_pestat] analyzing insert size distribution for orientation RF...
[M::mem_pestat] (25, 50, 75) percentile: (143, 328, 908)
[M::mem_pestat] low and high boundaries for computing mean and std.dev: (1, 2438)
[M::mem_pestat] mean and std.dev: (483.10, 506.26)
[M::mem_pestat] low and high boundaries for proper pairs: (1, 3203)
[M::mem_pestat] skip orientation RR as there are not enough pairs
[M::mem_pestat] skip orientation FF
[M::mem_pestat] skip orientation RF
[M::mem_process_seqs] Processed 2889554 reads in 3586.708 CPU sec, 89.779 real sec
[M::mem_pestat] # candidate unique pairs for (FF, FR, RF, RR): (5, 595539, 35, 7)
[M::mem_pestat] skip orientation FF as there are not enough pairs
[M::mem_pestat] analyzing insert size distribution for orientation FR...
[M::mem_pestat] (25, 50, 75) percentile: (149, 180, 225)
[M::mem_pestat] low and high boundaries for computing mean and std.dev: (1, 377)
[M::mem_pestat] mean and std.dev: (189.27, 62.39)
[M::mem_pestat] low and high boundaries for proper pairs: (1, 453)
[M::mem_pestat] analyzing insert size distribution for orientation RF...
[M::mem_pestat] (25, 50, 75) percentile: (215, 361, 1827)
[M::mem_pestat] low and high boundaries for computing mean and std.dev: (1, 5051)
[M::mem_pestat] mean and std.dev: (846.81, 987.09)
[M::mem_pestat] low and high boundaries for proper pairs: (1, 6663)
[M::mem_pestat] skip orientation RR as there are not enough pairs
[M::mem_pestat] skip orientation RF
[M::mem_process_seqs] Processed 2278022 reads in 2784.293 CPU sec, 70.006 real sec
[main] Version: 0.7.17-r1188
[main] CMD: /home/shared/bwa-0.7.17/bwa mem -M -t 40 ../data/bwa-GCF_031168955.1_ASM3116895v1_genomic ../data/trimmed-fastqs-heatwave-genetics/MHW115_trimmed_clipped_R1_paired.fq.gz ../data/trimmed-fastqs-heatwave-genetics/MHW115_trimmed_clipped_R2_paired.fq.gz
[main] Real time: 3165.767 sec; CPU: 125329.649 sec
