[M::bwa_idx_load_from_disk] read 0 ALT contigs
[M::process] read 2818966 sequences (400000118 bp)...
[M::process] read 2814554 sequences (400000031 bp)...
[M::mem_pestat] # candidate unique pairs for (FF, FR, RF, RR): (17, 791290, 86, 6)
[M::mem_pestat] analyzing insert size distribution for orientation FF...
[M::mem_pestat] (25, 50, 75) percentile: (277, 2016, 4059)
[M::mem_pestat] low and high boundaries for computing mean and std.dev: (1, 11623)
[M::mem_pestat] mean and std.dev: (2486.12, 2345.49)
[M::mem_pestat] low and high boundaries for proper pairs: (1, 15405)
[M::mem_pestat] analyzing insert size distribution for orientation FR...
[M::mem_pestat] (25, 50, 75) percentile: (178, 235, 314)
[M::mem_pestat] low and high boundaries for computing mean and std.dev: (1, 586)
[M::mem_pestat] mean and std.dev: (250.98, 97.61)
[M::mem_pestat] low and high boundaries for proper pairs: (1, 722)
[M::mem_pestat] analyzing insert size distribution for orientation RF...
[M::mem_pestat] (25, 50, 75) percentile: (224, 807, 1263)
[M::mem_pestat] low and high boundaries for computing mean and std.dev: (1, 3341)
[M::mem_pestat] mean and std.dev: (839.20, 784.70)
[M::mem_pestat] low and high boundaries for proper pairs: (1, 4380)
[M::mem_pestat] skip orientation RR as there are not enough pairs
[M::mem_pestat] skip orientation FF
[M::mem_pestat] skip orientation RF
[M::mem_process_seqs] Processed 2818966 reads in 3358.151 CPU sec, 106.199 real sec
[M::process] read 2809124 sequences (400000098 bp)...
[M::mem_pestat] # candidate unique pairs for (FF, FR, RF, RR): (11, 787214, 78, 8)
[M::mem_pestat] analyzing insert size distribution for orientation FF...
[M::mem_pestat] (25, 50, 75) percentile: (1146, 2778, 3195)
[M::mem_pestat] low and high boundaries for computing mean and std.dev: (1, 7293)
[M::mem_pestat] mean and std.dev: (1723.67, 1275.78)
[M::mem_pestat] low and high boundaries for proper pairs: (1, 9342)
[M::mem_pestat] analyzing insert size distribution for orientation FR...
[M::mem_pestat] (25, 50, 75) percentile: (183, 242, 322)
[M::mem_pestat] low and high boundaries for computing mean and std.dev: (1, 600)
[M::mem_pestat] mean and std.dev: (257.31, 99.01)
[M::mem_pestat] low and high boundaries for proper pairs: (1, 739)
[M::mem_pestat] analyzing insert size distribution for orientation RF...
[M::mem_pestat] (25, 50, 75) percentile: (223, 1036, 2463)
[M::mem_pestat] low and high boundaries for computing mean and std.dev: (1, 6943)
[M::mem_pestat] mean and std.dev: (1475.51, 1647.24)
[M::mem_pestat] low and high boundaries for proper pairs: (1, 9183)
[M::mem_pestat] skip orientation RR as there are not enough pairs
[M::mem_pestat] skip orientation FF
[M::mem_pestat] skip orientation RF
[M::mem_process_seqs] Processed 2814554 reads in 3434.358 CPU sec, 104.091 real sec
[M::process] read 2816662 sequences (400000059 bp)...
[M::mem_pestat] # candidate unique pairs for (FF, FR, RF, RR): (13, 791062, 79, 4)
[M::mem_pestat] analyzing insert size distribution for orientation FF...
[M::mem_pestat] (25, 50, 75) percentile: (118, 147, 835)
[M::mem_pestat] low and high boundaries for computing mean and std.dev: (1, 2269)
[M::mem_pestat] mean and std.dev: (286.08, 295.77)
[M::mem_pestat] low and high boundaries for proper pairs: (1, 2986)
[M::mem_pestat] analyzing insert size distribution for orientation FR...
[M::mem_pestat] (25, 50, 75) percentile: (182, 240, 320)
[M::mem_pestat] low and high boundaries for computing mean and std.dev: (1, 596)
[M::mem_pestat] mean and std.dev: (255.43, 98.51)
[M::mem_pestat] low and high boundaries for proper pairs: (1, 734)
[M::mem_pestat] analyzing insert size distribution for orientation RF...
[M::mem_pestat] (25, 50, 75) percentile: (223, 408, 2311)
[M::mem_pestat] low and high boundaries for computing mean and std.dev: (1, 6487)
[M::mem_pestat] mean and std.dev: (1018.63, 1186.39)
[M::mem_pestat] low and high boundaries for proper pairs: (1, 8575)
[M::mem_pestat] skip orientation RR as there are not enough pairs
[M::mem_pestat] skip orientation FF
[M::mem_pestat] skip orientation RF
[M::mem_process_seqs] Processed 2809124 reads in 3399.940 CPU sec, 103.522 real sec
[M::process] read 2806172 sequences (400000018 bp)...
[M::mem_pestat] # candidate unique pairs for (FF, FR, RF, RR): (15, 791359, 84, 4)
[M::mem_pestat] analyzing insert size distribution for orientation FF...
[M::mem_pestat] (25, 50, 75) percentile: (353, 1553, 7244)
[M::mem_pestat] low and high boundaries for computing mean and std.dev: (1, 21026)
[M::mem_pestat] mean and std.dev: (3315.67, 3669.19)
[M::mem_pestat] low and high boundaries for proper pairs: (1, 27917)
[M::mem_pestat] analyzing insert size distribution for orientation FR...
[M::mem_pestat] (25, 50, 75) percentile: (180, 238, 317)
[M::mem_pestat] low and high boundaries for computing mean and std.dev: (1, 591)
[M::mem_pestat] mean and std.dev: (253.79, 97.94)
[M::mem_pestat] low and high boundaries for proper pairs: (1, 728)
[M::mem_pestat] analyzing insert size distribution for orientation RF...
[M::mem_pestat] (25, 50, 75) percentile: (131, 360, 1863)
[M::mem_pestat] low and high boundaries for computing mean and std.dev: (1, 5327)
[M::mem_pestat] mean and std.dev: (977.57, 1286.04)
[M::mem_pestat] low and high boundaries for proper pairs: (1, 7059)
[M::mem_pestat] skip orientation RR as there are not enough pairs
[M::mem_pestat] skip orientation FF
[M::mem_pestat] skip orientation RF
[M::mem_process_seqs] Processed 2816662 reads in 3408.962 CPU sec, 101.446 real sec
[M::process] read 2814124 sequences (400000014 bp)...
[M::mem_pestat] # candidate unique pairs for (FF, FR, RF, RR): (8, 788464, 84, 8)
[M::mem_pestat] skip orientation FF as there are not enough pairs
[M::mem_pestat] analyzing insert size distribution for orientation FR...
[M::mem_pestat] (25, 50, 75) percentile: (184, 245, 324)
[M::mem_pestat] low and high boundaries for computing mean and std.dev: (1, 604)
[M::mem_pestat] mean and std.dev: (259.05, 98.91)
[M::mem_pestat] low and high boundaries for proper pairs: (1, 744)
[M::mem_pestat] analyzing insert size distribution for orientation RF...
[M::mem_pestat] (25, 50, 75) percentile: (120, 305, 1282)
[M::mem_pestat] low and high boundaries for computing mean and std.dev: (1, 3606)
[M::mem_pestat] mean and std.dev: (709.09, 737.94)
[M::mem_pestat] low and high boundaries for proper pairs: (1, 4768)
[M::mem_pestat] skip orientation RR as there are not enough pairs
[M::mem_pestat] skip orientation RF
[M::mem_process_seqs] Processed 2806172 reads in 3417.244 CPU sec, 103.562 real sec
[M::process] read 2805144 sequences (400000031 bp)...
[M::mem_pestat] # candidate unique pairs for (FF, FR, RF, RR): (13, 790697, 96, 19)
[M::mem_pestat] analyzing insert size distribution for orientation FF...
[M::mem_pestat] (25, 50, 75) percentile: (246, 1152, 4319)
[M::mem_pestat] low and high boundaries for computing mean and std.dev: (1, 12465)
[M::mem_pestat] mean and std.dev: (1646.85, 1606.11)
[M::mem_pestat] low and high boundaries for proper pairs: (1, 16538)
[M::mem_pestat] analyzing insert size distribution for orientation FR...
[M::mem_pestat] (25, 50, 75) percentile: (180, 237, 316)
[M::mem_pestat] low and high boundaries for computing mean and std.dev: (1, 588)
[M::mem_pestat] mean and std.dev: (252.76, 97.96)
[M::mem_pestat] low and high boundaries for proper pairs: (1, 724)
[M::mem_pestat] analyzing insert size distribution for orientation RF...
[M::mem_pestat] (25, 50, 75) percentile: (141, 682, 2753)
[M::mem_pestat] low and high boundaries for computing mean and std.dev: (1, 7977)
[M::mem_pestat] mean and std.dev: (1608.09, 1984.83)
[M::mem_pestat] low and high boundaries for proper pairs: (1, 10589)
[M::mem_pestat] analyzing insert size distribution for orientation RR...
[M::mem_pestat] (25, 50, 75) percentile: (240, 495, 4058)
[M::mem_pestat] low and high boundaries for computing mean and std.dev: (1, 11694)
[M::mem_pestat] mean and std.dev: (2284.95, 3237.63)
[M::mem_pestat] low and high boundaries for proper pairs: (1, 15512)
[M::mem_pestat] skip orientation FF
[M::mem_pestat] skip orientation RF
[M::mem_pestat] skip orientation RR
[M::mem_process_seqs] Processed 2814124 reads in 3367.341 CPU sec, 99.931 real sec
[M::process] read 2836156 sequences (400000285 bp)...
[M::mem_pestat] # candidate unique pairs for (FF, FR, RF, RR): (8, 788993, 65, 15)
[M::mem_pestat] skip orientation FF as there are not enough pairs
[M::mem_pestat] analyzing insert size distribution for orientation FR...
[M::mem_pestat] (25, 50, 75) percentile: (186, 247, 327)
[M::mem_pestat] low and high boundaries for computing mean and std.dev: (1, 609)
[M::mem_pestat] mean and std.dev: (261.21, 99.76)
[M::mem_pestat] low and high boundaries for proper pairs: (1, 750)
[M::mem_pestat] analyzing insert size distribution for orientation RF...
[M::mem_pestat] (25, 50, 75) percentile: (175, 751, 2164)
[M::mem_pestat] low and high boundaries for computing mean and std.dev: (1, 6142)
[M::mem_pestat] mean and std.dev: (1005.60, 1143.72)
[M::mem_pestat] low and high boundaries for proper pairs: (1, 8131)
[M::mem_pestat] analyzing insert size distribution for orientation RR...
[M::mem_pestat] (25, 50, 75) percentile: (313, 1996, 2802)
[M::mem_pestat] low and high boundaries for computing mean and std.dev: (1, 7780)
[M::mem_pestat] mean and std.dev: (1704.64, 1484.67)
[M::mem_pestat] low and high boundaries for proper pairs: (1, 10269)
[M::mem_pestat] skip orientation RF
[M::mem_pestat] skip orientation RR
[M::mem_process_seqs] Processed 2805144 reads in 3457.082 CPU sec, 104.959 real sec
[M::process] read 2834290 sequences (400000165 bp)...
[M::mem_pestat] # candidate unique pairs for (FF, FR, RF, RR): (9, 787724, 63, 5)
[M::mem_pestat] skip orientation FF as there are not enough pairs
[M::mem_pestat] analyzing insert size distribution for orientation FR...
[M::mem_pestat] (25, 50, 75) percentile: (181, 241, 321)
[M::mem_pestat] low and high boundaries for computing mean and std.dev: (1, 601)
[M::mem_pestat] mean and std.dev: (256.19, 99.25)
[M::mem_pestat] low and high boundaries for proper pairs: (1, 741)
[M::mem_pestat] analyzing insert size distribution for orientation RF...
[M::mem_pestat] (25, 50, 75) percentile: (219, 462, 2072)
[M::mem_pestat] low and high boundaries for computing mean and std.dev: (1, 5778)
[M::mem_pestat] mean and std.dev: (885.80, 939.61)
[M::mem_pestat] low and high boundaries for proper pairs: (1, 7631)
[M::mem_pestat] skip orientation RR as there are not enough pairs
[M::mem_pestat] skip orientation RF
[M::mem_process_seqs] Processed 2836156 reads in 3416.660 CPU sec, 101.906 real sec
[M::process] read 2826308 sequences (400000175 bp)...
[M::mem_pestat] # candidate unique pairs for (FF, FR, RF, RR): (13, 788932, 113, 4)
[M::mem_pestat] analyzing insert size distribution for orientation FF...
[M::mem_pestat] (25, 50, 75) percentile: (160, 168, 4101)
[M::mem_pestat] low and high boundaries for computing mean and std.dev: (1, 11983)
[M::mem_pestat] mean and std.dev: (1910.69, 2249.68)
[M::mem_pestat] low and high boundaries for proper pairs: (1, 15924)
[M::mem_pestat] analyzing insert size distribution for orientation FR...
[M::mem_pestat] (25, 50, 75) percentile: (183, 244, 326)
[M::mem_pestat] low and high boundaries for computing mean and std.dev: (1, 612)
[M::mem_pestat] mean and std.dev: (259.93, 101.10)
[M::mem_pestat] low and high boundaries for proper pairs: (1, 755)
[M::mem_pestat] analyzing insert size distribution for orientation RF...
[M::mem_pestat] (25, 50, 75) percentile: (223, 1155, 2389)
[M::mem_pestat] low and high boundaries for computing mean and std.dev: (1, 6721)
[M::mem_pestat] mean and std.dev: (1555.39, 1684.54)
[M::mem_pestat] low and high boundaries for proper pairs: (1, 8887)
[M::mem_pestat] skip orientation RR as there are not enough pairs
[M::mem_pestat] skip orientation FF
[M::mem_pestat] skip orientation RF
[M::mem_process_seqs] Processed 2834290 reads in 3484.705 CPU sec, 106.676 real sec
[M::process] read 2831406 sequences (400000280 bp)...
[M::mem_pestat] # candidate unique pairs for (FF, FR, RF, RR): (13, 789378, 84, 6)
[M::mem_pestat] analyzing insert size distribution for orientation FF...
[M::mem_pestat] (25, 50, 75) percentile: (308, 342, 1964)
[M::mem_pestat] low and high boundaries for computing mean and std.dev: (1, 5276)
[M::mem_pestat] mean and std.dev: (723.92, 705.91)
[M::mem_pestat] low and high boundaries for proper pairs: (1, 6932)
[M::mem_pestat] analyzing insert size distribution for orientation FR...
[M::mem_pestat] (25, 50, 75) percentile: (183, 243, 323)
[M::mem_pestat] low and high boundaries for computing mean and std.dev: (1, 603)
[M::mem_pestat] mean and std.dev: (257.76, 99.61)
[M::mem_pestat] low and high boundaries for proper pairs: (1, 743)
[M::mem_pestat] analyzing insert size distribution for orientation RF...
[M::mem_pestat] (25, 50, 75) percentile: (189, 416, 3271)
[M::mem_pestat] low and high boundaries for computing mean and std.dev: (1, 9435)
[M::mem_pestat] mean and std.dev: (1676.78, 2244.86)
[M::mem_pestat] low and high boundaries for proper pairs: (1, 12517)
[M::mem_pestat] skip orientation RR as there are not enough pairs
[M::mem_pestat] skip orientation FF
[M::mem_pestat] skip orientation RF
[M::mem_process_seqs] Processed 2826308 reads in 3403.939 CPU sec, 102.956 real sec
[M::process] read 2825860 sequences (400000122 bp)...
[M::mem_pestat] # candidate unique pairs for (FF, FR, RF, RR): (14, 789840, 115, 8)
[M::mem_pestat] analyzing insert size distribution for orientation FF...
[M::mem_pestat] (25, 50, 75) percentile: (330, 3708, 9220)
[M::mem_pestat] low and high boundaries for computing mean and std.dev: (1, 27000)
[M::mem_pestat] mean and std.dev: (4683.29, 3871.35)
[M::mem_pestat] low and high boundaries for proper pairs: (1, 35890)
[M::mem_pestat] analyzing insert size distribution for orientation FR...
[M::mem_pestat] (25, 50, 75) percentile: (183, 243, 323)
[M::mem_pestat] low and high boundaries for computing mean and std.dev: (1, 603)
[M::mem_pestat] mean and std.dev: (257.89, 99.81)
[M::mem_pestat] low and high boundaries for proper pairs: (1, 743)
[M::mem_pestat] analyzing insert size distribution for orientation RF...
[M::mem_pestat] (25, 50, 75) percentile: (167, 373, 1211)
[M::mem_pestat] low and high boundaries for computing mean and std.dev: (1, 3299)
[M::mem_pestat] mean and std.dev: (576.26, 614.12)
[M::mem_pestat] low and high boundaries for proper pairs: (1, 4343)
[M::mem_pestat] skip orientation RR as there are not enough pairs
[M::mem_pestat] skip orientation FF
[M::mem_pestat] skip orientation RF
[M::mem_process_seqs] Processed 2831406 reads in 3385.715 CPU sec, 101.194 real sec
[M::process] read 2835070 sequences (400000162 bp)...
[M::mem_pestat] # candidate unique pairs for (FF, FR, RF, RR): (6, 790990, 100, 13)
[M::mem_pestat] skip orientation FF as there are not enough pairs
[M::mem_pestat] analyzing insert size distribution for orientation FR...
[M::mem_pestat] (25, 50, 75) percentile: (183, 243, 324)
[M::mem_pestat] low and high boundaries for computing mean and std.dev: (1, 606)
[M::mem_pestat] mean and std.dev: (258.64, 99.97)
[M::mem_pestat] low and high boundaries for proper pairs: (1, 747)
[M::mem_pestat] analyzing insert size distribution for orientation RF...
[M::mem_pestat] (25, 50, 75) percentile: (223, 845, 1218)
[M::mem_pestat] low and high boundaries for computing mean and std.dev: (1, 3208)
[M::mem_pestat] mean and std.dev: (733.58, 662.04)
[M::mem_pestat] low and high boundaries for proper pairs: (1, 4203)
[M::mem_pestat] analyzing insert size distribution for orientation RR...
[M::mem_pestat] (25, 50, 75) percentile: (142, 189, 957)
[M::mem_pestat] low and high boundaries for computing mean and std.dev: (1, 2587)
[M::mem_pestat] mean and std.dev: (307.18, 315.61)
[M::mem_pestat] low and high boundaries for proper pairs: (1, 3402)
[M::mem_pestat] skip orientation RF
[M::mem_pestat] skip orientation RR
[M::mem_process_seqs] Processed 2825860 reads in 3445.972 CPU sec, 101.900 real sec
[M::process] read 2815036 sequences (400000182 bp)...
[M::mem_pestat] # candidate unique pairs for (FF, FR, RF, RR): (7, 790507, 111, 12)
[M::mem_pestat] skip orientation FF as there are not enough pairs
[M::mem_pestat] analyzing insert size distribution for orientation FR...
[M::mem_pestat] (25, 50, 75) percentile: (181, 240, 321)
[M::mem_pestat] low and high boundaries for computing mean and std.dev: (1, 601)
[M::mem_pestat] mean and std.dev: (256.27, 99.72)
[M::mem_pestat] low and high boundaries for proper pairs: (1, 741)
[M::mem_pestat] analyzing insert size distribution for orientation RF...
[M::mem_pestat] (25, 50, 75) percentile: (223, 651, 2287)
[M::mem_pestat] low and high boundaries for computing mean and std.dev: (1, 6415)
[M::mem_pestat] mean and std.dev: (1024.93, 1177.77)
[M::mem_pestat] low and high boundaries for proper pairs: (1, 8479)
[M::mem_pestat] analyzing insert size distribution for orientation RR...
[M::mem_pestat] (25, 50, 75) percentile: (885, 2436, 3931)
[M::mem_pestat] low and high boundaries for computing mean and std.dev: (1, 10023)
[M::mem_pestat] mean and std.dev: (2364.25, 1849.23)
[M::mem_pestat] low and high boundaries for proper pairs: (1, 13069)
[M::mem_pestat] skip orientation RF
[M::mem_pestat] skip orientation RR
[M::mem_process_seqs] Processed 2835070 reads in 3493.409 CPU sec, 105.467 real sec
[M::process] read 2813546 sequences (400000034 bp)...
[M::mem_pestat] # candidate unique pairs for (FF, FR, RF, RR): (8, 788025, 76, 10)
[M::mem_pestat] skip orientation FF as there are not enough pairs
[M::mem_pestat] analyzing insert size distribution for orientation FR...
[M::mem_pestat] (25, 50, 75) percentile: (184, 245, 327)
[M::mem_pestat] low and high boundaries for computing mean and std.dev: (1, 613)
[M::mem_pestat] mean and std.dev: (260.45, 101.09)
[M::mem_pestat] low and high boundaries for proper pairs: (1, 756)
[M::mem_pestat] analyzing insert size distribution for orientation RF...
[M::mem_pestat] (25, 50, 75) percentile: (223, 710, 1787)
[M::mem_pestat] low and high boundaries for computing mean and std.dev: (1, 4915)
[M::mem_pestat] mean and std.dev: (904.88, 942.65)
[M::mem_pestat] low and high boundaries for proper pairs: (1, 6479)
[M::mem_pestat] analyzing insert size distribution for orientation RR...
[M::mem_pestat] (25, 50, 75) percentile: (288, 3358, 3849)
[M::mem_pestat] low and high boundaries for computing mean and std.dev: (1, 10971)
[M::mem_pestat] mean and std.dev: (2099.60, 1837.54)
[M::mem_pestat] low and high boundaries for proper pairs: (1, 14532)
[M::mem_pestat] skip orientation RF
[M::mem_pestat] skip orientation RR
[M::mem_process_seqs] Processed 2815036 reads in 3426.144 CPU sec, 103.416 real sec
[M::process] read 2808152 sequences (400000068 bp)...
[M::mem_pestat] # candidate unique pairs for (FF, FR, RF, RR): (8, 789465, 99, 9)
[M::mem_pestat] skip orientation FF as there are not enough pairs
[M::mem_pestat] analyzing insert size distribution for orientation FR...
[M::mem_pestat] (25, 50, 75) percentile: (180, 238, 318)
[M::mem_pestat] low and high boundaries for computing mean and std.dev: (1, 594)
[M::mem_pestat] mean and std.dev: (254.02, 98.34)
[M::mem_pestat] low and high boundaries for proper pairs: (1, 732)
[M::mem_pestat] analyzing insert size distribution for orientation RF...
[M::mem_pestat] (25, 50, 75) percentile: (223, 667, 1483)
[M::mem_pestat] low and high boundaries for computing mean and std.dev: (1, 4003)
[M::mem_pestat] mean and std.dev: (879.89, 890.28)
[M::mem_pestat] low and high boundaries for proper pairs: (1, 5263)
[M::mem_pestat] skip orientation RR as there are not enough pairs
[M::mem_pestat] skip orientation RF
[M::mem_process_seqs] Processed 2813546 reads in 3417.239 CPU sec, 104.596 real sec
[M::process] read 2806620 sequences (400000135 bp)...
[M::mem_pestat] # candidate unique pairs for (FF, FR, RF, RR): (11, 790004, 95, 15)
[M::mem_pestat] analyzing insert size distribution for orientation FF...
[M::mem_pestat] (25, 50, 75) percentile: (912, 3016, 5678)
[M::mem_pestat] low and high boundaries for computing mean and std.dev: (1, 15210)
[M::mem_pestat] mean and std.dev: (2899.09, 2093.49)
[M::mem_pestat] low and high boundaries for proper pairs: (1, 19976)
[M::mem_pestat] analyzing insert size distribution for orientation FR...
[M::mem_pestat] (25, 50, 75) percentile: (183, 242, 322)
[M::mem_pestat] low and high boundaries for computing mean and std.dev: (1, 600)
[M::mem_pestat] mean and std.dev: (257.04, 99.08)
[M::mem_pestat] low and high boundaries for proper pairs: (1, 739)
[M::mem_pestat] analyzing insert size distribution for orientation RF...
[M::mem_pestat] (25, 50, 75) percentile: (122, 389, 2438)
[M::mem_pestat] low and high boundaries for computing mean and std.dev: (1, 7070)
[M::mem_pestat] mean and std.dev: (1094.10, 1511.38)
[M::mem_pestat] low and high boundaries for proper pairs: (1, 9386)
[M::mem_pestat] analyzing insert size distribution for orientation RR...
[M::mem_pestat] (25, 50, 75) percentile: (584, 1789, 3450)
[M::mem_pestat] low and high boundaries for computing mean and std.dev: (1, 9182)
[M::mem_pestat] mean and std.dev: (1980.13, 1836.07)
[M::mem_pestat] low and high boundaries for proper pairs: (1, 12048)
[M::mem_pestat] skip orientation FF
[M::mem_pestat] skip orientation RF
[M::mem_pestat] skip orientation RR
[M::mem_process_seqs] Processed 2808152 reads in 3414.796 CPU sec, 103.984 real sec
[M::process] read 2810152 sequences (400000105 bp)...
[M::mem_pestat] # candidate unique pairs for (FF, FR, RF, RR): (5, 789517, 82, 8)
[M::mem_pestat] skip orientation FF as there are not enough pairs
[M::mem_pestat] analyzing insert size distribution for orientation FR...
[M::mem_pestat] (25, 50, 75) percentile: (184, 243, 322)
[M::mem_pestat] low and high boundaries for computing mean and std.dev: (1, 598)
[M::mem_pestat] mean and std.dev: (257.66, 98.57)
[M::mem_pestat] low and high boundaries for proper pairs: (1, 736)
[M::mem_pestat] analyzing insert size distribution for orientation RF...
[M::mem_pestat] (25, 50, 75) percentile: (182, 750, 2361)
[M::mem_pestat] low and high boundaries for computing mean and std.dev: (1, 6719)
[M::mem_pestat] mean and std.dev: (1250.04, 1376.91)
[M::mem_pestat] low and high boundaries for proper pairs: (1, 8898)
[M::mem_pestat] skip orientation RR as there are not enough pairs
[M::mem_pestat] skip orientation RF
[M::mem_process_seqs] Processed 2806620 reads in 3344.299 CPU sec, 97.105 real sec
[M::process] read 2805220 sequences (400000005 bp)...
[M::mem_pestat] # candidate unique pairs for (FF, FR, RF, RR): (22, 790791, 97, 10)
[M::mem_pestat] analyzing insert size distribution for orientation FF...
[M::mem_pestat] (25, 50, 75) percentile: (322, 1552, 4743)
[M::mem_pestat] low and high boundaries for computing mean and std.dev: (1, 13585)
[M::mem_pestat] mean and std.dev: (2353.82, 2345.30)
[M::mem_pestat] low and high boundaries for proper pairs: (1, 18006)
[M::mem_pestat] analyzing insert size distribution for orientation FR...
[M::mem_pestat] (25, 50, 75) percentile: (182, 241, 321)
[M::mem_pestat] low and high boundaries for computing mean and std.dev: (1, 599)
[M::mem_pestat] mean and std.dev: (256.69, 99.22)
[M::mem_pestat] low and high boundaries for proper pairs: (1, 738)
[M::mem_pestat] analyzing insert size distribution for orientation RF...
[M::mem_pestat] (25, 50, 75) percentile: (205, 451, 1224)
[M::mem_pestat] low and high boundaries for computing mean and std.dev: (1, 3262)
[M::mem_pestat] mean and std.dev: (797.12, 854.58)
[M::mem_pestat] low and high boundaries for proper pairs: (1, 4281)
[M::mem_pestat] analyzing insert size distribution for orientation RR...
[M::mem_pestat] (25, 50, 75) percentile: (230, 231, 2023)
[M::mem_pestat] low and high boundaries for computing mean and std.dev: (1, 5609)
[M::mem_pestat] mean and std.dev: (575.12, 665.92)
[M::mem_pestat] low and high boundaries for proper pairs: (1, 7402)
[M::mem_pestat] skip orientation FF
[M::mem_pestat] skip orientation RF
[M::mem_pestat] skip orientation RR
[M::mem_process_seqs] Processed 2810152 reads in 3497.114 CPU sec, 113.249 real sec
[M::process] read 2802492 sequences (400000169 bp)...
[M::mem_pestat] # candidate unique pairs for (FF, FR, RF, RR): (13, 789079, 99, 4)
[M::mem_pestat] analyzing insert size distribution for orientation FF...
[M::mem_pestat] (25, 50, 75) percentile: (255, 1239, 2703)
[M::mem_pestat] low and high boundaries for computing mean and std.dev: (1, 7599)
[M::mem_pestat] mean and std.dev: (1509.08, 1420.78)
[M::mem_pestat] low and high boundaries for proper pairs: (1, 10047)
[M::mem_pestat] analyzing insert size distribution for orientation FR...
[M::mem_pestat] (25, 50, 75) percentile: (185, 246, 325)
[M::mem_pestat] low and high boundaries for computing mean and std.dev: (1, 605)
[M::mem_pestat] mean and std.dev: (259.92, 98.98)
[M::mem_pestat] low and high boundaries for proper pairs: (1, 745)
[M::mem_pestat] analyzing insert size distribution for orientation RF...
[M::mem_pestat] (25, 50, 75) percentile: (223, 1011, 2916)
[M::mem_pestat] low and high boundaries for computing mean and std.dev: (1, 8302)
[M::mem_pestat] mean and std.dev: (1784.52, 2176.72)
[M::mem_pestat] low and high boundaries for proper pairs: (1, 10995)
[M::mem_pestat] skip orientation RR as there are not enough pairs
[M::mem_pestat] skip orientation FF
[M::mem_pestat] skip orientation RF
[M::mem_process_seqs] Processed 2805220 reads in 3406.974 CPU sec, 104.477 real sec
[M::process] read 2810764 sequences (400000216 bp)...
[M::mem_pestat] # candidate unique pairs for (FF, FR, RF, RR): (3, 789512, 73, 11)
[M::mem_pestat] skip orientation FF as there are not enough pairs
[M::mem_pestat] analyzing insert size distribution for orientation FR...
[M::mem_pestat] (25, 50, 75) percentile: (182, 242, 322)
[M::mem_pestat] low and high boundaries for computing mean and std.dev: (1, 602)
[M::mem_pestat] mean and std.dev: (257.28, 99.63)
[M::mem_pestat] low and high boundaries for proper pairs: (1, 742)
[M::mem_pestat] analyzing insert size distribution for orientation RF...
[M::mem_pestat] (25, 50, 75) percentile: (140, 960, 1633)
[M::mem_pestat] low and high boundaries for computing mean and std.dev: (1, 4619)
[M::mem_pestat] mean and std.dev: (886.45, 843.33)
[M::mem_pestat] low and high boundaries for proper pairs: (1, 6112)
[M::mem_pestat] analyzing insert size distribution for orientation RR...
[M::mem_pestat] (25, 50, 75) percentile: (222, 3802, 4372)
[M::mem_pestat] low and high boundaries for computing mean and std.dev: (1, 12672)
[M::mem_pestat] mean and std.dev: (3255.18, 3369.44)
[M::mem_pestat] low and high boundaries for proper pairs: (1, 16822)
[M::mem_pestat] skip orientation RF
[M::mem_pestat] skip orientation RR
[M::mem_process_seqs] Processed 2802492 reads in 3408.086 CPU sec, 104.243 real sec
[M::process] read 2829588 sequences (400000216 bp)...
[M::mem_pestat] # candidate unique pairs for (FF, FR, RF, RR): (14, 789965, 105, 7)
[M::mem_pestat] analyzing insert size distribution for orientation FF...
[M::mem_pestat] (25, 50, 75) percentile: (1114, 1589, 1767)
[M::mem_pestat] low and high boundaries for computing mean and std.dev: (1, 3073)
[M::mem_pestat] mean and std.dev: (1301.17, 568.45)
[M::mem_pestat] low and high boundaries for proper pairs: (1, 3726)
[M::mem_pestat] analyzing insert size distribution for orientation FR...
[M::mem_pestat] (25, 50, 75) percentile: (184, 244, 324)
[M::mem_pestat] low and high boundaries for computing mean and std.dev: (1, 604)
[M::mem_pestat] mean and std.dev: (259.01, 99.32)
[M::mem_pestat] low and high boundaries for proper pairs: (1, 744)
[M::mem_pestat] analyzing insert size distribution for orientation RF...
[M::mem_pestat] (25, 50, 75) percentile: (192, 541, 2166)
[M::mem_pestat] low and high boundaries for computing mean and std.dev: (1, 6114)
[M::mem_pestat] mean and std.dev: (1227.08, 1482.23)
[M::mem_pestat] low and high boundaries for proper pairs: (1, 8088)
[M::mem_pestat] skip orientation RR as there are not enough pairs
[M::mem_pestat] skip orientation FF
[M::mem_pestat] skip orientation RF
[M::mem_process_seqs] Processed 2810764 reads in 3371.711 CPU sec, 99.723 real sec
[M::process] read 2830568 sequences (400000246 bp)...
[M::mem_pestat] # candidate unique pairs for (FF, FR, RF, RR): (12, 789300, 90, 7)
[M::mem_pestat] analyzing insert size distribution for orientation FF...
[M::mem_pestat] (25, 50, 75) percentile: (244, 1089, 2756)
[M::mem_pestat] low and high boundaries for computing mean and std.dev: (1, 7780)
[M::mem_pestat] mean and std.dev: (1587.17, 1492.48)
[M::mem_pestat] low and high boundaries for proper pairs: (1, 10292)
[M::mem_pestat] analyzing insert size distribution for orientation FR...
[M::mem_pestat] (25, 50, 75) percentile: (182, 243, 323)
[M::mem_pestat] low and high boundaries for computing mean and std.dev: (1, 605)
[M::mem_pestat] mean and std.dev: (257.86, 99.96)
[M::mem_pestat] low and high boundaries for proper pairs: (1, 746)
[M::mem_pestat] analyzing insert size distribution for orientation RF...
[M::mem_pestat] (25, 50, 75) percentile: (163, 550, 2245)
[M::mem_pestat] low and high boundaries for computing mean and std.dev: (1, 6409)
[M::mem_pestat] mean and std.dev: (1213.19, 1441.39)
[M::mem_pestat] low and high boundaries for proper pairs: (1, 8491)
[M::mem_pestat] skip orientation RR as there are not enough pairs
[M::mem_pestat] skip orientation FF
[M::mem_pestat] skip orientation RF
[M::mem_process_seqs] Processed 2829588 reads in 3427.589 CPU sec, 101.253 real sec
[M::process] read 2823314 sequences (400000195 bp)...
[M::mem_pestat] # candidate unique pairs for (FF, FR, RF, RR): (18, 790435, 91, 5)
[M::mem_pestat] analyzing insert size distribution for orientation FF...
[M::mem_pestat] (25, 50, 75) percentile: (165, 211, 1463)
[M::mem_pestat] low and high boundaries for computing mean and std.dev: (1, 4059)
[M::mem_pestat] mean and std.dev: (572.31, 827.81)
[M::mem_pestat] low and high boundaries for proper pairs: (1, 5357)
[M::mem_pestat] analyzing insert size distribution for orientation FR...
[M::mem_pestat] (25, 50, 75) percentile: (183, 244, 325)
[M::mem_pestat] low and high boundaries for computing mean and std.dev: (1, 609)
[M::mem_pestat] mean and std.dev: (259.24, 100.33)
[M::mem_pestat] low and high boundaries for proper pairs: (1, 751)
[M::mem_pestat] analyzing insert size distribution for orientation RF...
[M::mem_pestat] (25, 50, 75) percentile: (223, 476, 2477)
[M::mem_pestat] low and high boundaries for computing mean and std.dev: (1, 6985)
[M::mem_pestat] mean and std.dev: (1519.68, 1915.87)
[M::mem_pestat] low and high boundaries for proper pairs: (1, 9239)
[M::mem_pestat] skip orientation RR as there are not enough pairs
[M::mem_pestat] skip orientation FF
[M::mem_pestat] skip orientation RF
[M::mem_process_seqs] Processed 2830568 reads in 3472.107 CPU sec, 105.799 real sec
[M::process] read 2829708 sequences (400000108 bp)...
[M::mem_pestat] # candidate unique pairs for (FF, FR, RF, RR): (20, 790030, 72, 13)
[M::mem_pestat] analyzing insert size distribution for orientation FF...
[M::mem_pestat] (25, 50, 75) percentile: (182, 1001, 3379)
[M::mem_pestat] low and high boundaries for computing mean and std.dev: (1, 9773)
[M::mem_pestat] mean and std.dev: (1672.15, 1779.17)
[M::mem_pestat] low and high boundaries for proper pairs: (1, 12970)
[M::mem_pestat] analyzing insert size distribution for orientation FR...
[M::mem_pestat] (25, 50, 75) percentile: (183, 244, 324)
[M::mem_pestat] low and high boundaries for computing mean and std.dev: (1, 606)
[M::mem_pestat] mean and std.dev: (258.96, 100.17)
[M::mem_pestat] low and high boundaries for proper pairs: (1, 747)
[M::mem_pestat] analyzing insert size distribution for orientation RF...
[M::mem_pestat] (25, 50, 75) percentile: (130, 368, 1229)
[M::mem_pestat] low and high boundaries for computing mean and std.dev: (1, 3427)
[M::mem_pestat] mean and std.dev: (682.30, 745.47)
[M::mem_pestat] low and high boundaries for proper pairs: (1, 4526)
[M::mem_pestat] analyzing insert size distribution for orientation RR...
[M::mem_pestat] (25, 50, 75) percentile: (1358, 1968, 4515)
[M::mem_pestat] low and high boundaries for computing mean and std.dev: (1, 10829)
[M::mem_pestat] mean and std.dev: (2849.54, 2146.23)
[M::mem_pestat] low and high boundaries for proper pairs: (1, 13986)
[M::mem_pestat] skip orientation FF
[M::mem_pestat] skip orientation RF
[M::mem_pestat] skip orientation RR
[M::mem_process_seqs] Processed 2823314 reads in 3400.919 CPU sec, 102.711 real sec
[M::process] read 2829318 sequences (400000183 bp)...
[M::mem_pestat] # candidate unique pairs for (FF, FR, RF, RR): (19, 788350, 87, 12)
[M::mem_pestat] analyzing insert size distribution for orientation FF...
[M::mem_pestat] (25, 50, 75) percentile: (207, 511, 8050)
[M::mem_pestat] low and high boundaries for computing mean and std.dev: (1, 23736)
[M::mem_pestat] mean and std.dev: (3301.42, 3735.78)
[M::mem_pestat] low and high boundaries for proper pairs: (1, 31579)
[M::mem_pestat] analyzing insert size distribution for orientation FR...
[M::mem_pestat] (25, 50, 75) percentile: (183, 244, 326)
[M::mem_pestat] low and high boundaries for computing mean and std.dev: (1, 612)
[M::mem_pestat] mean and std.dev: (259.69, 100.98)
[M::mem_pestat] low and high boundaries for proper pairs: (1, 755)
[M::mem_pestat] analyzing insert size distribution for orientation RF...
[M::mem_pestat] (25, 50, 75) percentile: (223, 500, 1487)
[M::mem_pestat] low and high boundaries for computing mean and std.dev: (1, 4015)
[M::mem_pestat] mean and std.dev: (702.11, 825.46)
[M::mem_pestat] low and high boundaries for proper pairs: (1, 5279)
[M::mem_pestat] analyzing insert size distribution for orientation RR...
[M::mem_pestat] (25, 50, 75) percentile: (261, 2024, 2726)
[M::mem_pestat] low and high boundaries for computing mean and std.dev: (1, 7656)
[M::mem_pestat] mean and std.dev: (1664.75, 1627.32)
[M::mem_pestat] low and high boundaries for proper pairs: (1, 10121)
[M::mem_pestat] skip orientation FF
[M::mem_pestat] skip orientation RF
[M::mem_pestat] skip orientation RR
[M::mem_process_seqs] Processed 2829708 reads in 3439.942 CPU sec, 104.863 real sec
[M::process] read 2812096 sequences (400000159 bp)...
[M::mem_pestat] # candidate unique pairs for (FF, FR, RF, RR): (16, 789886, 109, 17)
[M::mem_pestat] analyzing insert size distribution for orientation FF...
[M::mem_pestat] (25, 50, 75) percentile: (914, 2351, 4302)
[M::mem_pestat] low and high boundaries for computing mean and std.dev: (1, 11078)
[M::mem_pestat] mean and std.dev: (2308.12, 1615.38)
[M::mem_pestat] low and high boundaries for proper pairs: (1, 14466)
[M::mem_pestat] analyzing insert size distribution for orientation FR...
[M::mem_pestat] (25, 50, 75) percentile: (183, 243, 324)
[M::mem_pestat] low and high boundaries for computing mean and std.dev: (1, 606)
[M::mem_pestat] mean and std.dev: (258.86, 100.35)
[M::mem_pestat] low and high boundaries for proper pairs: (1, 747)
[M::mem_pestat] analyzing insert size distribution for orientation RF...
[M::mem_pestat] (25, 50, 75) percentile: (223, 1029, 2110)
[M::mem_pestat] low and high boundaries for computing mean and std.dev: (1, 5884)
[M::mem_pestat] mean and std.dev: (973.72, 892.42)
[M::mem_pestat] low and high boundaries for proper pairs: (1, 7771)
[M::mem_pestat] analyzing insert size distribution for orientation RR...
[M::mem_pestat] (25, 50, 75) percentile: (315, 1531, 2618)
[M::mem_pestat] low and high boundaries for computing mean and std.dev: (1, 7224)
[M::mem_pestat] mean and std.dev: (1582.06, 1369.58)
[M::mem_pestat] low and high boundaries for proper pairs: (1, 9527)
[M::mem_pestat] skip orientation FF
[M::mem_pestat] skip orientation RF
[M::mem_pestat] skip orientation RR
[M::mem_process_seqs] Processed 2829318 reads in 3483.078 CPU sec, 105.560 real sec
[M::process] read 2814296 sequences (400000032 bp)...
[M::mem_pestat] # candidate unique pairs for (FF, FR, RF, RR): (8, 788636, 102, 9)
[M::mem_pestat] skip orientation FF as there are not enough pairs
[M::mem_pestat] analyzing insert size distribution for orientation FR...
[M::mem_pestat] (25, 50, 75) percentile: (183, 244, 325)
[M::mem_pestat] low and high boundaries for computing mean and std.dev: (1, 609)
[M::mem_pestat] mean and std.dev: (259.49, 100.88)
[M::mem_pestat] low and high boundaries for proper pairs: (1, 751)
[M::mem_pestat] analyzing insert size distribution for orientation RF...
[M::mem_pestat] (25, 50, 75) percentile: (283, 1190, 2472)
[M::mem_pestat] low and high boundaries for computing mean and std.dev: (1, 6850)
[M::mem_pestat] mean and std.dev: (1458.15, 1473.16)
[M::mem_pestat] low and high boundaries for proper pairs: (1, 9039)
[M::mem_pestat] skip orientation RR as there are not enough pairs
[M::mem_pestat] skip orientation RF
[M::mem_process_seqs] Processed 2812096 reads in 3430.586 CPU sec, 104.830 real sec
[M::process] read 2815758 sequences (400000215 bp)...
[M::mem_pestat] # candidate unique pairs for (FF, FR, RF, RR): (8, 789399, 78, 13)
[M::mem_pestat] skip orientation FF as there are not enough pairs
[M::mem_pestat] analyzing insert size distribution for orientation FR...
[M::mem_pestat] (25, 50, 75) percentile: (181, 240, 319)
[M::mem_pestat] low and high boundaries for computing mean and std.dev: (1, 595)
[M::mem_pestat] mean and std.dev: (255.19, 98.21)
[M::mem_pestat] low and high boundaries for proper pairs: (1, 733)
[M::mem_pestat] analyzing insert size distribution for orientation RF...
[M::mem_pestat] (25, 50, 75) percentile: (135, 310, 1180)
[M::mem_pestat] low and high boundaries for computing mean and std.dev: (1, 3270)
[M::mem_pestat] mean and std.dev: (697.17, 771.04)
[M::mem_pestat] low and high boundaries for proper pairs: (1, 4315)
[M::mem_pestat] analyzing insert size distribution for orientation RR...
[M::mem_pestat] (25, 50, 75) percentile: (126, 368, 5516)
[M::mem_pestat] low and high boundaries for computing mean and std.dev: (1, 16296)
[M::mem_pestat] mean and std.dev: (2251.15, 2948.44)
[M::mem_pestat] low and high boundaries for proper pairs: (1, 21686)
[M::mem_pestat] skip orientation RF
[M::mem_pestat] skip orientation RR
[M::mem_process_seqs] Processed 2814296 reads in 3425.960 CPU sec, 102.899 real sec
[M::process] read 2820778 sequences (400000223 bp)...
[M::mem_pestat] # candidate unique pairs for (FF, FR, RF, RR): (6, 789797, 106, 11)
[M::mem_pestat] skip orientation FF as there are not enough pairs
[M::mem_pestat] analyzing insert size distribution for orientation FR...
[M::mem_pestat] (25, 50, 75) percentile: (179, 235, 311)
[M::mem_pestat] low and high boundaries for computing mean and std.dev: (1, 575)
[M::mem_pestat] mean and std.dev: (249.54, 94.70)
[M::mem_pestat] low and high boundaries for proper pairs: (1, 707)
[M::mem_pestat] analyzing insert size distribution for orientation RF...
[M::mem_pestat] (25, 50, 75) percentile: (223, 868, 1474)
[M::mem_pestat] low and high boundaries for computing mean and std.dev: (1, 3976)
[M::mem_pestat] mean and std.dev: (950.15, 917.68)
[M::mem_pestat] low and high boundaries for proper pairs: (1, 5227)
[M::mem_pestat] analyzing insert size distribution for orientation RR...
[M::mem_pestat] (25, 50, 75) percentile: (236, 378, 2829)
[M::mem_pestat] low and high boundaries for computing mean and std.dev: (1, 8015)
[M::mem_pestat] mean and std.dev: (1515.64, 2069.37)
[M::mem_pestat] low and high boundaries for proper pairs: (1, 10608)
[M::mem_pestat] skip orientation RF
[M::mem_pestat] skip orientation RR
[M::mem_process_seqs] Processed 2815758 reads in 3441.997 CPU sec, 105.317 real sec
[M::process] read 2836868 sequences (400000281 bp)...
[M::mem_pestat] # candidate unique pairs for (FF, FR, RF, RR): (6, 790071, 101, 15)
[M::mem_pestat] skip orientation FF as there are not enough pairs
[M::mem_pestat] analyzing insert size distribution for orientation FR...
[M::mem_pestat] (25, 50, 75) percentile: (180, 237, 313)
[M::mem_pestat] low and high boundaries for computing mean and std.dev: (1, 579)
[M::mem_pestat] mean and std.dev: (250.87, 95.26)
[M::mem_pestat] low and high boundaries for proper pairs: (1, 712)
[M::mem_pestat] analyzing insert size distribution for orientation RF...
[M::mem_pestat] (25, 50, 75) percentile: (223, 422, 2038)
[M::mem_pestat] low and high boundaries for computing mean and std.dev: (1, 5668)
[M::mem_pestat] mean and std.dev: (949.79, 1096.06)
[M::mem_pestat] low and high boundaries for proper pairs: (1, 7483)
[M::mem_pestat] analyzing insert size distribution for orientation RR...
[M::mem_pestat] (25, 50, 75) percentile: (286, 314, 2013)
[M::mem_pestat] low and high boundaries for computing mean and std.dev: (1, 5467)
[M::mem_pestat] mean and std.dev: (744.38, 776.93)
[M::mem_pestat] low and high boundaries for proper pairs: (1, 7194)
[M::mem_pestat] skip orientation RF
[M::mem_pestat] skip orientation RR
[M::mem_process_seqs] Processed 2820778 reads in 3433.260 CPU sec, 105.206 real sec
[M::process] read 2365710 sequences (334453635 bp)...
[M::mem_pestat] # candidate unique pairs for (FF, FR, RF, RR): (5, 791981, 97, 9)
[M::mem_pestat] skip orientation FF as there are not enough pairs
[M::mem_pestat] analyzing insert size distribution for orientation FR...
[M::mem_pestat] (25, 50, 75) percentile: (178, 234, 310)
[M::mem_pestat] low and high boundaries for computing mean and std.dev: (1, 574)
[M::mem_pestat] mean and std.dev: (248.73, 94.81)
[M::mem_pestat] low and high boundaries for proper pairs: (1, 706)
[M::mem_pestat] analyzing insert size distribution for orientation RF...
[M::mem_pestat] (25, 50, 75) percentile: (223, 397, 1591)
[M::mem_pestat] low and high boundaries for computing mean and std.dev: (1, 4327)
[M::mem_pestat] mean and std.dev: (826.92, 948.08)
[M::mem_pestat] low and high boundaries for proper pairs: (1, 5695)
[M::mem_pestat] skip orientation RR as there are not enough pairs
[M::mem_pestat] skip orientation RF
[M::mem_process_seqs] Processed 2836868 reads in 3455.028 CPU sec, 104.947 real sec
[M::mem_pestat] # candidate unique pairs for (FF, FR, RF, RR): (2, 662065, 60, 13)
[M::mem_pestat] skip orientation FF as there are not enough pairs
[M::mem_pestat] analyzing insert size distribution for orientation FR...
[M::mem_pestat] (25, 50, 75) percentile: (179, 235, 312)
[M::mem_pestat] low and high boundaries for computing mean and std.dev: (1, 578)
[M::mem_pestat] mean and std.dev: (249.83, 95.49)
[M::mem_pestat] low and high boundaries for proper pairs: (1, 711)
[M::mem_pestat] analyzing insert size distribution for orientation RF...
[M::mem_pestat] (25, 50, 75) percentile: (193, 384, 2192)
[M::mem_pestat] low and high boundaries for computing mean and std.dev: (1, 6190)
[M::mem_pestat] mean and std.dev: (855.93, 1035.51)
[M::mem_pestat] low and high boundaries for proper pairs: (1, 8189)
[M::mem_pestat] analyzing insert size distribution for orientation RR...
[M::mem_pestat] (25, 50, 75) percentile: (261, 343, 4157)
[M::mem_pestat] low and high boundaries for computing mean and std.dev: (1, 11949)
[M::mem_pestat] mean and std.dev: (2062.62, 2640.60)
[M::mem_pestat] low and high boundaries for proper pairs: (1, 15845)
[M::mem_pestat] skip orientation RF
[M::mem_pestat] skip orientation RR
[M::mem_process_seqs] Processed 2365710 reads in 2923.063 CPU sec, 88.726 real sec
[main] Version: 0.7.17-r1188
[main] CMD: /home/shared/bwa-0.7.17/bwa mem -M -t 40 ../data/bwa-GCF_031168955.1_ASM3116895v1_genomic ../data/trimmed-fastqs-heatwave-genetics/MHW160_trimmed_clipped_R1_paired.fq.gz ../data/trimmed-fastqs-heatwave-genetics/MHW160_trimmed_clipped_R2_paired.fq.gz
[main] Real time: 3318.798 sec; CPU: 109103.888 sec
