[M::bwa_idx_load_from_disk] read 0 ALT contigs
[M::process] read 2812826 sequences (400000172 bp)...
[M::process] read 2809688 sequences (400000234 bp)...
[M::mem_pestat] # candidate unique pairs for (FF, FR, RF, RR): (7, 789858, 101, 7)
[M::mem_pestat] skip orientation FF as there are not enough pairs
[M::mem_pestat] analyzing insert size distribution for orientation FR...
[M::mem_pestat] (25, 50, 75) percentile: (171, 215, 293)
[M::mem_pestat] low and high boundaries for computing mean and std.dev: (1, 537)
[M::mem_pestat] mean and std.dev: (235.20, 88.07)
[M::mem_pestat] low and high boundaries for proper pairs: (1, 659)
[M::mem_pestat] analyzing insert size distribution for orientation RF...
[M::mem_pestat] (25, 50, 75) percentile: (213, 393, 1663)
[M::mem_pestat] low and high boundaries for computing mean and std.dev: (1, 4563)
[M::mem_pestat] mean and std.dev: (997.92, 1112.16)
[M::mem_pestat] low and high boundaries for proper pairs: (1, 6013)
[M::mem_pestat] skip orientation RR as there are not enough pairs
[M::mem_pestat] skip orientation RF
[M::mem_process_seqs] Processed 2812826 reads in 2895.993 CPU sec, 72.647 real sec
[M::process] read 2804836 sequences (400000249 bp)...
[M::mem_pestat] # candidate unique pairs for (FF, FR, RF, RR): (9, 788865, 100, 10)
[M::mem_pestat] skip orientation FF as there are not enough pairs
[M::mem_pestat] analyzing insert size distribution for orientation FR...
[M::mem_pestat] (25, 50, 75) percentile: (175, 221, 304)
[M::mem_pestat] low and high boundaries for computing mean and std.dev: (1, 562)
[M::mem_pestat] mean and std.dev: (241.89, 90.89)
[M::mem_pestat] low and high boundaries for proper pairs: (1, 691)
[M::mem_pestat] analyzing insert size distribution for orientation RF...
[M::mem_pestat] (25, 50, 75) percentile: (223, 226, 1209)
[M::mem_pestat] low and high boundaries for computing mean and std.dev: (1, 3181)
[M::mem_pestat] mean and std.dev: (570.37, 654.36)
[M::mem_pestat] low and high boundaries for proper pairs: (1, 4167)
[M::mem_pestat] analyzing insert size distribution for orientation RR...
[M::mem_pestat] (25, 50, 75) percentile: (247, 8240, 9591)
[M::mem_pestat] low and high boundaries for computing mean and std.dev: (1, 28279)
[M::mem_pestat] mean and std.dev: (5561.70, 4042.19)
[M::mem_pestat] low and high boundaries for proper pairs: (1, 37623)
[M::mem_pestat] skip orientation RF
[M::mem_pestat] skip orientation RR
[M::mem_process_seqs] Processed 2809688 reads in 3034.744 CPU sec, 76.199 real sec
[M::process] read 2809498 sequences (400000026 bp)...
[M::mem_pestat] # candidate unique pairs for (FF, FR, RF, RR): (4, 789020, 86, 4)
[M::mem_pestat] skip orientation FF as there are not enough pairs
[M::mem_pestat] analyzing insert size distribution for orientation FR...
[M::mem_pestat] (25, 50, 75) percentile: (173, 218, 298)
[M::mem_pestat] low and high boundaries for computing mean and std.dev: (1, 548)
[M::mem_pestat] mean and std.dev: (238.27, 89.16)
[M::mem_pestat] low and high boundaries for proper pairs: (1, 673)
[M::mem_pestat] analyzing insert size distribution for orientation RF...
[M::mem_pestat] (25, 50, 75) percentile: (223, 370, 1277)
[M::mem_pestat] low and high boundaries for computing mean and std.dev: (1, 3385)
[M::mem_pestat] mean and std.dev: (620.63, 672.57)
[M::mem_pestat] low and high boundaries for proper pairs: (1, 4439)
[M::mem_pestat] skip orientation RR as there are not enough pairs
[M::mem_pestat] skip orientation RF
[M::mem_process_seqs] Processed 2804836 reads in 3007.390 CPU sec, 75.472 real sec
[M::process] read 2802846 sequences (400000035 bp)...
[M::mem_pestat] # candidate unique pairs for (FF, FR, RF, RR): (11, 790987, 87, 14)
[M::mem_pestat] analyzing insert size distribution for orientation FF...
[M::mem_pestat] (25, 50, 75) percentile: (1102, 1102, 4375)
[M::mem_pestat] low and high boundaries for computing mean and std.dev: (1, 10921)
[M::mem_pestat] mean and std.dev: (2072.18, 2069.38)
[M::mem_pestat] low and high boundaries for proper pairs: (1, 14194)
[M::mem_pestat] analyzing insert size distribution for orientation FR...
[M::mem_pestat] (25, 50, 75) percentile: (173, 218, 298)
[M::mem_pestat] low and high boundaries for computing mean and std.dev: (1, 548)
[M::mem_pestat] mean and std.dev: (238.45, 89.24)
[M::mem_pestat] low and high boundaries for proper pairs: (1, 673)
[M::mem_pestat] analyzing insert size distribution for orientation RF...
[M::mem_pestat] (25, 50, 75) percentile: (170, 226, 2397)
[M::mem_pestat] low and high boundaries for computing mean and std.dev: (1, 6851)
[M::mem_pestat] mean and std.dev: (1067.23, 1362.73)
[M::mem_pestat] low and high boundaries for proper pairs: (1, 9078)
[M::mem_pestat] analyzing insert size distribution for orientation RR...
[M::mem_pestat] (25, 50, 75) percentile: (271, 1954, 3565)
[M::mem_pestat] low and high boundaries for computing mean and std.dev: (1, 10153)
[M::mem_pestat] mean and std.dev: (1977.36, 1922.30)
[M::mem_pestat] low and high boundaries for proper pairs: (1, 13447)
[M::mem_pestat] skip orientation FF
[M::mem_pestat] skip orientation RF
[M::mem_pestat] skip orientation RR
[M::mem_process_seqs] Processed 2809498 reads in 3057.848 CPU sec, 76.884 real sec
[M::process] read 2807302 sequences (400000126 bp)...
[M::mem_pestat] # candidate unique pairs for (FF, FR, RF, RR): (6, 788870, 91, 9)
[M::mem_pestat] skip orientation FF as there are not enough pairs
[M::mem_pestat] analyzing insert size distribution for orientation FR...
[M::mem_pestat] (25, 50, 75) percentile: (175, 221, 303)
[M::mem_pestat] low and high boundaries for computing mean and std.dev: (1, 559)
[M::mem_pestat] mean and std.dev: (241.58, 90.49)
[M::mem_pestat] low and high boundaries for proper pairs: (1, 687)
[M::mem_pestat] analyzing insert size distribution for orientation RF...
[M::mem_pestat] (25, 50, 75) percentile: (223, 430, 1334)
[M::mem_pestat] low and high boundaries for computing mean and std.dev: (1, 3556)
[M::mem_pestat] mean and std.dev: (748.98, 760.12)
[M::mem_pestat] low and high boundaries for proper pairs: (1, 4667)
[M::mem_pestat] skip orientation RR as there are not enough pairs
[M::mem_pestat] skip orientation RF
[M::mem_process_seqs] Processed 2802846 reads in 3039.490 CPU sec, 76.027 real sec
[M::process] read 2799670 sequences (400000107 bp)...
[M::mem_pestat] # candidate unique pairs for (FF, FR, RF, RR): (7, 790773, 99, 9)
[M::mem_pestat] skip orientation FF as there are not enough pairs
[M::mem_pestat] analyzing insert size distribution for orientation FR...
[M::mem_pestat] (25, 50, 75) percentile: (172, 217, 297)
[M::mem_pestat] low and high boundaries for computing mean and std.dev: (1, 547)
[M::mem_pestat] mean and std.dev: (237.25, 89.09)
[M::mem_pestat] low and high boundaries for proper pairs: (1, 672)
[M::mem_pestat] analyzing insert size distribution for orientation RF...
[M::mem_pestat] (25, 50, 75) percentile: (157, 254, 1638)
[M::mem_pestat] low and high boundaries for computing mean and std.dev: (1, 4600)
[M::mem_pestat] mean and std.dev: (840.98, 1112.87)
[M::mem_pestat] low and high boundaries for proper pairs: (1, 6081)
[M::mem_pestat] skip orientation RR as there are not enough pairs
[M::mem_pestat] skip orientation RF
[M::mem_process_seqs] Processed 2807302 reads in 3036.381 CPU sec, 76.181 real sec
[M::process] read 2827484 sequences (400000006 bp)...
[M::mem_pestat] # candidate unique pairs for (FF, FR, RF, RR): (5, 788551, 99, 12)
[M::mem_pestat] skip orientation FF as there are not enough pairs
[M::mem_pestat] analyzing insert size distribution for orientation FR...
[M::mem_pestat] (25, 50, 75) percentile: (176, 224, 306)
[M::mem_pestat] low and high boundaries for computing mean and std.dev: (1, 566)
[M::mem_pestat] mean and std.dev: (243.72, 91.11)
[M::mem_pestat] low and high boundaries for proper pairs: (1, 696)
[M::mem_pestat] analyzing insert size distribution for orientation RF...
[M::mem_pestat] (25, 50, 75) percentile: (223, 748, 1998)
[M::mem_pestat] low and high boundaries for computing mean and std.dev: (1, 5548)
[M::mem_pestat] mean and std.dev: (1116.02, 1219.98)
[M::mem_pestat] low and high boundaries for proper pairs: (1, 7323)
[M::mem_pestat] analyzing insert size distribution for orientation RR...
[M::mem_pestat] (25, 50, 75) percentile: (512, 3740, 5138)
[M::mem_pestat] low and high boundaries for computing mean and std.dev: (1, 14390)
[M::mem_pestat] mean and std.dev: (2803.50, 2154.60)
[M::mem_pestat] low and high boundaries for proper pairs: (1, 19016)
[M::mem_pestat] skip orientation RF
[M::mem_pestat] skip orientation RR
[M::mem_process_seqs] Processed 2799670 reads in 3043.755 CPU sec, 76.407 real sec
[M::process] read 2828684 sequences (400000148 bp)...
[M::mem_pestat] # candidate unique pairs for (FF, FR, RF, RR): (3, 786886, 77, 3)
[M::mem_pestat] skip orientation FF as there are not enough pairs
[M::mem_pestat] analyzing insert size distribution for orientation FR...
[M::mem_pestat] (25, 50, 75) percentile: (174, 221, 304)
[M::mem_pestat] low and high boundaries for computing mean and std.dev: (1, 564)
[M::mem_pestat] mean and std.dev: (241.42, 91.02)
[M::mem_pestat] low and high boundaries for proper pairs: (1, 694)
[M::mem_pestat] analyzing insert size distribution for orientation RF...
[M::mem_pestat] (25, 50, 75) percentile: (223, 309, 2530)
[M::mem_pestat] low and high boundaries for computing mean and std.dev: (1, 7144)
[M::mem_pestat] mean and std.dev: (1308.67, 1884.12)
[M::mem_pestat] low and high boundaries for proper pairs: (1, 9451)
[M::mem_pestat] skip orientation RR as there are not enough pairs
[M::mem_pestat] skip orientation RF
[M::mem_process_seqs] Processed 2827484 reads in 3077.194 CPU sec, 77.209 real sec
[M::process] read 2824544 sequences (400000133 bp)...
[M::mem_pestat] # candidate unique pairs for (FF, FR, RF, RR): (6, 788936, 91, 18)
[M::mem_pestat] skip orientation FF as there are not enough pairs
[M::mem_pestat] analyzing insert size distribution for orientation FR...
[M::mem_pestat] (25, 50, 75) percentile: (175, 222, 306)
[M::mem_pestat] low and high boundaries for computing mean and std.dev: (1, 568)
[M::mem_pestat] mean and std.dev: (243.00, 92.05)
[M::mem_pestat] low and high boundaries for proper pairs: (1, 699)
[M::mem_pestat] analyzing insert size distribution for orientation RF...
[M::mem_pestat] (25, 50, 75) percentile: (224, 602, 1355)
[M::mem_pestat] low and high boundaries for computing mean and std.dev: (1, 3617)
[M::mem_pestat] mean and std.dev: (715.96, 683.55)
[M::mem_pestat] low and high boundaries for proper pairs: (1, 4748)
[M::mem_pestat] analyzing insert size distribution for orientation RR...
[M::mem_pestat] (25, 50, 75) percentile: (187, 496, 1926)
[M::mem_pestat] low and high boundaries for computing mean and std.dev: (1, 5404)
[M::mem_pestat] mean and std.dev: (1150.94, 1355.23)
[M::mem_pestat] low and high boundaries for proper pairs: (1, 7143)
[M::mem_pestat] skip orientation RF
[M::mem_pestat] skip orientation RR
[M::mem_process_seqs] Processed 2828684 reads in 3087.368 CPU sec, 77.429 real sec
[M::process] read 2822646 sequences (400000182 bp)...
[M::mem_pestat] # candidate unique pairs for (FF, FR, RF, RR): (7, 789932, 104, 13)
[M::mem_pestat] skip orientation FF as there are not enough pairs
[M::mem_pestat] analyzing insert size distribution for orientation FR...
[M::mem_pestat] (25, 50, 75) percentile: (174, 220, 303)
[M::mem_pestat] low and high boundaries for computing mean and std.dev: (1, 561)
[M::mem_pestat] mean and std.dev: (241.01, 91.07)
[M::mem_pestat] low and high boundaries for proper pairs: (1, 690)
[M::mem_pestat] analyzing insert size distribution for orientation RF...
[M::mem_pestat] (25, 50, 75) percentile: (223, 1071, 4156)
[M::mem_pestat] low and high boundaries for computing mean and std.dev: (1, 12022)
[M::mem_pestat] mean and std.dev: (2093.40, 2596.85)
[M::mem_pestat] low and high boundaries for proper pairs: (1, 15955)
[M::mem_pestat] analyzing insert size distribution for orientation RR...
[M::mem_pestat] (25, 50, 75) percentile: (275, 430, 8251)
[M::mem_pestat] low and high boundaries for computing mean and std.dev: (1, 24203)
[M::mem_pestat] mean and std.dev: (3757.00, 4115.40)
[M::mem_pestat] low and high boundaries for proper pairs: (1, 32179)
[M::mem_pestat] skip orientation RF
[M::mem_pestat] skip orientation RR
[M::mem_process_seqs] Processed 2824544 reads in 3047.277 CPU sec, 76.678 real sec
[M::process] read 2821478 sequences (400000278 bp)...
[M::mem_pestat] # candidate unique pairs for (FF, FR, RF, RR): (10, 790147, 89, 11)
[M::mem_pestat] analyzing insert size distribution for orientation FF...
[M::mem_pestat] (25, 50, 75) percentile: (2159, 2386, 4320)
[M::mem_pestat] low and high boundaries for computing mean and std.dev: (1, 8642)
[M::mem_pestat] mean and std.dev: (2798.50, 1658.41)
[M::mem_pestat] low and high boundaries for proper pairs: (1, 10803)
[M::mem_pestat] analyzing insert size distribution for orientation FR...
[M::mem_pestat] (25, 50, 75) percentile: (175, 221, 305)
[M::mem_pestat] low and high boundaries for computing mean and std.dev: (1, 565)
[M::mem_pestat] mean and std.dev: (242.60, 91.96)
[M::mem_pestat] low and high boundaries for proper pairs: (1, 695)
[M::mem_pestat] analyzing insert size distribution for orientation RF...
[M::mem_pestat] (25, 50, 75) percentile: (182, 298, 1218)
[M::mem_pestat] low and high boundaries for computing mean and std.dev: (1, 3290)
[M::mem_pestat] mean and std.dev: (539.82, 630.05)
[M::mem_pestat] low and high boundaries for proper pairs: (1, 4326)
[M::mem_pestat] analyzing insert size distribution for orientation RR...
[M::mem_pestat] (25, 50, 75) percentile: (634, 2329, 4732)
[M::mem_pestat] low and high boundaries for computing mean and std.dev: (1, 12928)
[M::mem_pestat] mean and std.dev: (3112.09, 2661.90)
[M::mem_pestat] low and high boundaries for proper pairs: (1, 17026)
[M::mem_pestat] skip orientation FF
[M::mem_pestat] skip orientation RF
[M::mem_pestat] skip orientation RR
[M::mem_process_seqs] Processed 2822646 reads in 3075.132 CPU sec, 77.149 real sec
[M::process] read 2829336 sequences (400000265 bp)...
[M::mem_pestat] # candidate unique pairs for (FF, FR, RF, RR): (5, 790245, 89, 9)
[M::mem_pestat] skip orientation FF as there are not enough pairs
[M::mem_pestat] analyzing insert size distribution for orientation FR...
[M::mem_pestat] (25, 50, 75) percentile: (174, 221, 304)
[M::mem_pestat] low and high boundaries for computing mean and std.dev: (1, 564)
[M::mem_pestat] mean and std.dev: (241.73, 91.12)
[M::mem_pestat] low and high boundaries for proper pairs: (1, 694)
[M::mem_pestat] analyzing insert size distribution for orientation RF...
[M::mem_pestat] (25, 50, 75) percentile: (223, 301, 3819)
[M::mem_pestat] low and high boundaries for computing mean and std.dev: (1, 11011)
[M::mem_pestat] mean and std.dev: (1960.20, 2714.21)
[M::mem_pestat] low and high boundaries for proper pairs: (1, 14607)
[M::mem_pestat] skip orientation RR as there are not enough pairs
[M::mem_pestat] skip orientation RF
[M::mem_process_seqs] Processed 2821478 reads in 3052.923 CPU sec, 76.533 real sec
[M::process] read 2812822 sequences (400000115 bp)...
[M::mem_pestat] # candidate unique pairs for (FF, FR, RF, RR): (8, 790478, 110, 9)
[M::mem_pestat] skip orientation FF as there are not enough pairs
[M::mem_pestat] analyzing insert size distribution for orientation FR...
[M::mem_pestat] (25, 50, 75) percentile: (174, 220, 303)
[M::mem_pestat] low and high boundaries for computing mean and std.dev: (1, 561)
[M::mem_pestat] mean and std.dev: (240.83, 91.24)
[M::mem_pestat] low and high boundaries for proper pairs: (1, 690)
[M::mem_pestat] analyzing insert size distribution for orientation RF...
[M::mem_pestat] (25, 50, 75) percentile: (156, 434, 1416)
[M::mem_pestat] low and high boundaries for computing mean and std.dev: (1, 3936)
[M::mem_pestat] mean and std.dev: (722.88, 919.73)
[M::mem_pestat] low and high boundaries for proper pairs: (1, 5196)
[M::mem_pestat] skip orientation RR as there are not enough pairs
[M::mem_pestat] skip orientation RF
[M::mem_process_seqs] Processed 2829336 reads in 3137.305 CPU sec, 78.651 real sec
[M::process] read 2807552 sequences (400000122 bp)...
[M::mem_pestat] # candidate unique pairs for (FF, FR, RF, RR): (7, 788679, 99, 9)
[M::mem_pestat] skip orientation FF as there are not enough pairs
[M::mem_pestat] analyzing insert size distribution for orientation FR...
[M::mem_pestat] (25, 50, 75) percentile: (174, 221, 305)
[M::mem_pestat] low and high boundaries for computing mean and std.dev: (1, 567)
[M::mem_pestat] mean and std.dev: (242.24, 91.75)
[M::mem_pestat] low and high boundaries for proper pairs: (1, 698)
[M::mem_pestat] analyzing insert size distribution for orientation RF...
[M::mem_pestat] (25, 50, 75) percentile: (156, 296, 1298)
[M::mem_pestat] low and high boundaries for computing mean and std.dev: (1, 3582)
[M::mem_pestat] mean and std.dev: (643.86, 792.89)
[M::mem_pestat] low and high boundaries for proper pairs: (1, 4724)
[M::mem_pestat] skip orientation RR as there are not enough pairs
[M::mem_pestat] skip orientation RF
[M::mem_process_seqs] Processed 2812822 reads in 3064.813 CPU sec, 76.725 real sec
[M::process] read 2801668 sequences (400000218 bp)...
[M::mem_pestat] # candidate unique pairs for (FF, FR, RF, RR): (10, 789502, 91, 8)
[M::mem_pestat] analyzing insert size distribution for orientation FF...
[M::mem_pestat] (25, 50, 75) percentile: (178, 1089, 4846)
[M::mem_pestat] low and high boundaries for computing mean and std.dev: (1, 14182)
[M::mem_pestat] mean and std.dev: (2381.60, 2582.40)
[M::mem_pestat] low and high boundaries for proper pairs: (1, 18850)
[M::mem_pestat] analyzing insert size distribution for orientation FR...
[M::mem_pestat] (25, 50, 75) percentile: (173, 218, 300)
[M::mem_pestat] low and high boundaries for computing mean and std.dev: (1, 554)
[M::mem_pestat] mean and std.dev: (239.11, 90.16)
[M::mem_pestat] low and high boundaries for proper pairs: (1, 681)
[M::mem_pestat] analyzing insert size distribution for orientation RF...
[M::mem_pestat] (25, 50, 75) percentile: (223, 328, 1583)
[M::mem_pestat] low and high boundaries for computing mean and std.dev: (1, 4303)
[M::mem_pestat] mean and std.dev: (935.09, 1135.99)
[M::mem_pestat] low and high boundaries for proper pairs: (1, 5663)
[M::mem_pestat] skip orientation RR as there are not enough pairs
[M::mem_pestat] skip orientation FF
[M::mem_pestat] skip orientation RF
[M::mem_process_seqs] Processed 2807552 reads in 3041.189 CPU sec, 76.288 real sec
[M::process] read 2801976 sequences (400000072 bp)...
[M::mem_pestat] # candidate unique pairs for (FF, FR, RF, RR): (5, 789983, 79, 6)
[M::mem_pestat] skip orientation FF as there are not enough pairs
[M::mem_pestat] analyzing insert size distribution for orientation FR...
[M::mem_pestat] (25, 50, 75) percentile: (176, 223, 304)
[M::mem_pestat] low and high boundaries for computing mean and std.dev: (1, 560)
[M::mem_pestat] mean and std.dev: (242.50, 90.38)
[M::mem_pestat] low and high boundaries for proper pairs: (1, 688)
[M::mem_pestat] analyzing insert size distribution for orientation RF...
[M::mem_pestat] (25, 50, 75) percentile: (178, 223, 1363)
[M::mem_pestat] low and high boundaries for computing mean and std.dev: (1, 3733)
[M::mem_pestat] mean and std.dev: (627.90, 819.91)
[M::mem_pestat] low and high boundaries for proper pairs: (1, 4918)
[M::mem_pestat] skip orientation RR as there are not enough pairs
[M::mem_pestat] skip orientation RF
[M::mem_process_seqs] Processed 2801668 reads in 3055.288 CPU sec, 76.695 real sec
[M::process] read 2805330 sequences (400000257 bp)...
[M::mem_pestat] # candidate unique pairs for (FF, FR, RF, RR): (12, 789574, 87, 8)
[M::mem_pestat] analyzing insert size distribution for orientation FF...
[M::mem_pestat] (25, 50, 75) percentile: (78, 1141, 2367)
[M::mem_pestat] low and high boundaries for computing mean and std.dev: (1, 6945)
[M::mem_pestat] mean and std.dev: (1165.67, 1241.16)
[M::mem_pestat] low and high boundaries for proper pairs: (1, 9234)
[M::mem_pestat] analyzing insert size distribution for orientation FR...
[M::mem_pestat] (25, 50, 75) percentile: (173, 219, 300)
[M::mem_pestat] low and high boundaries for computing mean and std.dev: (1, 554)
[M::mem_pestat] mean and std.dev: (239.40, 89.93)
[M::mem_pestat] low and high boundaries for proper pairs: (1, 681)
[M::mem_pestat] analyzing insert size distribution for orientation RF...
[M::mem_pestat] (25, 50, 75) percentile: (223, 471, 2480)
[M::mem_pestat] low and high boundaries for computing mean and std.dev: (1, 6994)
[M::mem_pestat] mean and std.dev: (1185.72, 1640.17)
[M::mem_pestat] low and high boundaries for proper pairs: (1, 9251)
[M::mem_pestat] skip orientation RR as there are not enough pairs
[M::mem_pestat] skip orientation FF
[M::mem_pestat] skip orientation RF
[M::mem_process_seqs] Processed 2801976 reads in 3015.313 CPU sec, 75.824 real sec
[M::process] read 2800958 sequences (400000167 bp)...
[M::mem_pestat] # candidate unique pairs for (FF, FR, RF, RR): (9, 789937, 104, 4)
[M::mem_pestat] skip orientation FF as there are not enough pairs
[M::mem_pestat] analyzing insert size distribution for orientation FR...
[M::mem_pestat] (25, 50, 75) percentile: (174, 220, 302)
[M::mem_pestat] low and high boundaries for computing mean and std.dev: (1, 558)
[M::mem_pestat] mean and std.dev: (240.68, 90.29)
[M::mem_pestat] low and high boundaries for proper pairs: (1, 686)
[M::mem_pestat] analyzing insert size distribution for orientation RF...
[M::mem_pestat] (25, 50, 75) percentile: (135, 225, 1324)
[M::mem_pestat] low and high boundaries for computing mean and std.dev: (1, 3702)
[M::mem_pestat] mean and std.dev: (586.36, 771.24)
[M::mem_pestat] low and high boundaries for proper pairs: (1, 4891)
[M::mem_pestat] skip orientation RR as there are not enough pairs
[M::mem_pestat] skip orientation RF
[M::mem_process_seqs] Processed 2805330 reads in 3317.296 CPU sec, 88.678 real sec
[M::process] read 2800558 sequences (400000034 bp)...
[M::mem_pestat] # candidate unique pairs for (FF, FR, RF, RR): (10, 789759, 75, 11)
[M::mem_pestat] analyzing insert size distribution for orientation FF...
[M::mem_pestat] (25, 50, 75) percentile: (193, 222, 2407)
[M::mem_pestat] low and high boundaries for computing mean and std.dev: (1, 6835)
[M::mem_pestat] mean and std.dev: (909.40, 994.49)
[M::mem_pestat] low and high boundaries for proper pairs: (1, 9049)
[M::mem_pestat] analyzing insert size distribution for orientation FR...
[M::mem_pestat] (25, 50, 75) percentile: (175, 222, 305)
[M::mem_pestat] low and high boundaries for computing mean and std.dev: (1, 565)
[M::mem_pestat] mean and std.dev: (242.68, 91.06)
[M::mem_pestat] low and high boundaries for proper pairs: (1, 695)
[M::mem_pestat] analyzing insert size distribution for orientation RF...
[M::mem_pestat] (25, 50, 75) percentile: (209, 223, 1781)
[M::mem_pestat] low and high boundaries for computing mean and std.dev: (1, 4925)
[M::mem_pestat] mean and std.dev: (726.01, 917.12)
[M::mem_pestat] low and high boundaries for proper pairs: (1, 6497)
[M::mem_pestat] analyzing insert size distribution for orientation RR...
[M::mem_pestat] (25, 50, 75) percentile: (344, 877, 3423)
[M::mem_pestat] low and high boundaries for computing mean and std.dev: (1, 9581)
[M::mem_pestat] mean and std.dev: (1449.09, 1464.70)
[M::mem_pestat] low and high boundaries for proper pairs: (1, 12660)
[M::mem_pestat] skip orientation FF
[M::mem_pestat] skip orientation RF
[M::mem_pestat] skip orientation RR
[M::mem_process_seqs] Processed 2800958 reads in 3039.224 CPU sec, 76.221 real sec
[M::process] read 2795672 sequences (400000007 bp)...
[M::mem_pestat] # candidate unique pairs for (FF, FR, RF, RR): (4, 790123, 93, 7)
[M::mem_pestat] skip orientation FF as there are not enough pairs
[M::mem_pestat] analyzing insert size distribution for orientation FR...
[M::mem_pestat] (25, 50, 75) percentile: (174, 220, 301)
[M::mem_pestat] low and high boundaries for computing mean and std.dev: (1, 555)
[M::mem_pestat] mean and std.dev: (240.11, 90.18)
[M::mem_pestat] low and high boundaries for proper pairs: (1, 682)
[M::mem_pestat] analyzing insert size distribution for orientation RF...
[M::mem_pestat] (25, 50, 75) percentile: (207, 335, 2451)
[M::mem_pestat] low and high boundaries for computing mean and std.dev: (1, 6939)
[M::mem_pestat] mean and std.dev: (1264.84, 1590.76)
[M::mem_pestat] low and high boundaries for proper pairs: (1, 9183)
[M::mem_pestat] skip orientation RR as there are not enough pairs
[M::mem_pestat] skip orientation RF
[M::mem_process_seqs] Processed 2800558 reads in 3019.733 CPU sec, 75.527 real sec
[M::process] read 2822158 sequences (400000125 bp)...
[M::mem_pestat] # candidate unique pairs for (FF, FR, RF, RR): (5, 789941, 96, 9)
[M::mem_pestat] skip orientation FF as there are not enough pairs
[M::mem_pestat] analyzing insert size distribution for orientation FR...
[M::mem_pestat] (25, 50, 75) percentile: (176, 223, 307)
[M::mem_pestat] low and high boundaries for computing mean and std.dev: (1, 569)
[M::mem_pestat] mean and std.dev: (243.74, 91.42)
[M::mem_pestat] low and high boundaries for proper pairs: (1, 700)
[M::mem_pestat] analyzing insert size distribution for orientation RF...
[M::mem_pestat] (25, 50, 75) percentile: (224, 1041, 2815)
[M::mem_pestat] low and high boundaries for computing mean and std.dev: (1, 7997)
[M::mem_pestat] mean and std.dev: (1868.24, 2041.34)
[M::mem_pestat] low and high boundaries for proper pairs: (1, 10588)
[M::mem_pestat] skip orientation RR as there are not enough pairs
[M::mem_pestat] skip orientation RF
[M::mem_process_seqs] Processed 2795672 reads in 3035.250 CPU sec, 76.166 real sec
[M::process] read 2824104 sequences (400000238 bp)...
[M::mem_pestat] # candidate unique pairs for (FF, FR, RF, RR): (13, 787498, 96, 6)
[M::mem_pestat] analyzing insert size distribution for orientation FF...
[M::mem_pestat] (25, 50, 75) percentile: (541, 3649, 4871)
[M::mem_pestat] low and high boundaries for computing mean and std.dev: (1, 13531)
[M::mem_pestat] mean and std.dev: (2964.85, 2024.18)
[M::mem_pestat] low and high boundaries for proper pairs: (1, 17861)
[M::mem_pestat] analyzing insert size distribution for orientation FR...
[M::mem_pestat] (25, 50, 75) percentile: (175, 221, 305)
[M::mem_pestat] low and high boundaries for computing mean and std.dev: (1, 565)
[M::mem_pestat] mean and std.dev: (242.26, 91.59)
[M::mem_pestat] low and high boundaries for proper pairs: (1, 695)
[M::mem_pestat] analyzing insert size distribution for orientation RF...
[M::mem_pestat] (25, 50, 75) percentile: (223, 753, 3469)
[M::mem_pestat] low and high boundaries for computing mean and std.dev: (1, 9961)
[M::mem_pestat] mean and std.dev: (1895.85, 2273.15)
[M::mem_pestat] low and high boundaries for proper pairs: (1, 13207)
[M::mem_pestat] skip orientation RR as there are not enough pairs
[M::mem_pestat] skip orientation FF
[M::mem_pestat] skip orientation RF
[M::mem_process_seqs] Processed 2822158 reads in 3066.125 CPU sec, 76.910 real sec
[M::process] read 2822322 sequences (400000238 bp)...
[M::mem_pestat] # candidate unique pairs for (FF, FR, RF, RR): (10, 790162, 84, 4)
[M::mem_pestat] analyzing insert size distribution for orientation FF...
[M::mem_pestat] (25, 50, 75) percentile: (186, 1094, 1902)
[M::mem_pestat] low and high boundaries for computing mean and std.dev: (1, 5334)
[M::mem_pestat] mean and std.dev: (1003.56, 1089.80)
[M::mem_pestat] low and high boundaries for proper pairs: (1, 7050)
[M::mem_pestat] analyzing insert size distribution for orientation FR...
[M::mem_pestat] (25, 50, 75) percentile: (175, 221, 305)
[M::mem_pestat] low and high boundaries for computing mean and std.dev: (1, 565)
[M::mem_pestat] mean and std.dev: (242.39, 91.78)
[M::mem_pestat] low and high boundaries for proper pairs: (1, 695)
[M::mem_pestat] analyzing insert size distribution for orientation RF...
[M::mem_pestat] (25, 50, 75) percentile: (223, 249, 1163)
[M::mem_pestat] low and high boundaries for computing mean and std.dev: (1, 3043)
[M::mem_pestat] mean and std.dev: (544.44, 717.33)
[M::mem_pestat] low and high boundaries for proper pairs: (1, 3983)
[M::mem_pestat] skip orientation RR as there are not enough pairs
[M::mem_pestat] skip orientation FF
[M::mem_pestat] skip orientation RF
[M::mem_process_seqs] Processed 2824104 reads in 3067.796 CPU sec, 77.129 real sec
[M::process] read 2820286 sequences (400000015 bp)...
[M::mem_pestat] # candidate unique pairs for (FF, FR, RF, RR): (12, 788310, 68, 8)
[M::mem_pestat] analyzing insert size distribution for orientation FF...
[M::mem_pestat] (25, 50, 75) percentile: (579, 2215, 6506)
[M::mem_pestat] low and high boundaries for computing mean and std.dev: (1, 18360)
[M::mem_pestat] mean and std.dev: (3178.92, 2761.44)
[M::mem_pestat] low and high boundaries for proper pairs: (1, 24287)
[M::mem_pestat] analyzing insert size distribution for orientation FR...
[M::mem_pestat] (25, 50, 75) percentile: (174, 221, 304)
[M::mem_pestat] low and high boundaries for computing mean and std.dev: (1, 564)
[M::mem_pestat] mean and std.dev: (241.64, 91.28)
[M::mem_pestat] low and high boundaries for proper pairs: (1, 694)
[M::mem_pestat] analyzing insert size distribution for orientation RF...
[M::mem_pestat] (25, 50, 75) percentile: (206, 1040, 2417)
[M::mem_pestat] low and high boundaries for computing mean and std.dev: (1, 6839)
[M::mem_pestat] mean and std.dev: (1390.48, 1689.56)
[M::mem_pestat] low and high boundaries for proper pairs: (1, 9050)
[M::mem_pestat] skip orientation RR as there are not enough pairs
[M::mem_pestat] skip orientation FF
[M::mem_pestat] skip orientation RF
[M::mem_process_seqs] Processed 2822322 reads in 3078.701 CPU sec, 77.001 real sec
[M::process] read 2824446 sequences (400000168 bp)...
[M::mem_pestat] # candidate unique pairs for (FF, FR, RF, RR): (3, 789107, 97, 2)
[M::mem_pestat] skip orientation FF as there are not enough pairs
[M::mem_pestat] analyzing insert size distribution for orientation FR...
[M::mem_pestat] (25, 50, 75) percentile: (175, 222, 305)
[M::mem_pestat] low and high boundaries for computing mean and std.dev: (1, 565)
[M::mem_pestat] mean and std.dev: (242.56, 91.74)
[M::mem_pestat] low and high boundaries for proper pairs: (1, 695)
[M::mem_pestat] analyzing insert size distribution for orientation RF...
[M::mem_pestat] (25, 50, 75) percentile: (172, 297, 2258)
[M::mem_pestat] low and high boundaries for computing mean and std.dev: (1, 6430)
[M::mem_pestat] mean and std.dev: (974.62, 1370.57)
[M::mem_pestat] low and high boundaries for proper pairs: (1, 8516)
[M::mem_pestat] skip orientation RR as there are not enough pairs
[M::mem_pestat] skip orientation RF
[M::mem_process_seqs] Processed 2820286 reads in 3060.419 CPU sec, 76.944 real sec
[M::process] read 2813916 sequences (400000260 bp)...
[M::mem_pestat] # candidate unique pairs for (FF, FR, RF, RR): (7, 789369, 81, 5)
[M::mem_pestat] skip orientation FF as there are not enough pairs
[M::mem_pestat] analyzing insert size distribution for orientation FR...
[M::mem_pestat] (25, 50, 75) percentile: (175, 222, 305)
[M::mem_pestat] low and high boundaries for computing mean and std.dev: (1, 565)
[M::mem_pestat] mean and std.dev: (242.68, 91.94)
[M::mem_pestat] low and high boundaries for proper pairs: (1, 695)
[M::mem_pestat] analyzing insert size distribution for orientation RF...
[M::mem_pestat] (25, 50, 75) percentile: (161, 226, 1476)
[M::mem_pestat] low and high boundaries for computing mean and std.dev: (1, 4106)
[M::mem_pestat] mean and std.dev: (782.15, 1056.26)
[M::mem_pestat] low and high boundaries for proper pairs: (1, 5421)
[M::mem_pestat] skip orientation RR as there are not enough pairs
[M::mem_pestat] skip orientation RF
[M::mem_process_seqs] Processed 2824446 reads in 3074.442 CPU sec, 76.909 real sec
[M::process] read 2806308 sequences (400000119 bp)...
[M::mem_pestat] # candidate unique pairs for (FF, FR, RF, RR): (10, 788582, 84, 14)
[M::mem_pestat] analyzing insert size distribution for orientation FF...
[M::mem_pestat] (25, 50, 75) percentile: (1348, 2384, 3827)
[M::mem_pestat] low and high boundaries for computing mean and std.dev: (1, 8785)
[M::mem_pestat] mean and std.dev: (2620.50, 1640.00)
[M::mem_pestat] low and high boundaries for proper pairs: (1, 11264)
[M::mem_pestat] analyzing insert size distribution for orientation FR...
[M::mem_pestat] (25, 50, 75) percentile: (175, 222, 306)
[M::mem_pestat] low and high boundaries for computing mean and std.dev: (1, 568)
[M::mem_pestat] mean and std.dev: (242.77, 92.10)
[M::mem_pestat] low and high boundaries for proper pairs: (1, 699)
[M::mem_pestat] analyzing insert size distribution for orientation RF...
[M::mem_pestat] (25, 50, 75) percentile: (223, 690, 2319)
[M::mem_pestat] low and high boundaries for computing mean and std.dev: (1, 6511)
[M::mem_pestat] mean and std.dev: (1094.40, 1271.53)
[M::mem_pestat] low and high boundaries for proper pairs: (1, 8607)
[M::mem_pestat] analyzing insert size distribution for orientation RR...
[M::mem_pestat] (25, 50, 75) percentile: (358, 2010, 4717)
[M::mem_pestat] low and high boundaries for computing mean and std.dev: (1, 13435)
[M::mem_pestat] mean and std.dev: (2985.93, 2578.76)
[M::mem_pestat] low and high boundaries for proper pairs: (1, 17794)
[M::mem_pestat] skip orientation FF
[M::mem_pestat] skip orientation RF
[M::mem_pestat] skip orientation RR
[M::mem_process_seqs] Processed 2813916 reads in 3085.666 CPU sec, 77.581 real sec
[M::process] read 2811090 sequences (400000205 bp)...
[M::mem_pestat] # candidate unique pairs for (FF, FR, RF, RR): (6, 789405, 70, 9)
[M::mem_pestat] skip orientation FF as there are not enough pairs
[M::mem_pestat] analyzing insert size distribution for orientation FR...
[M::mem_pestat] (25, 50, 75) percentile: (175, 222, 306)
[M::mem_pestat] low and high boundaries for computing mean and std.dev: (1, 568)
[M::mem_pestat] mean and std.dev: (243.09, 92.44)
[M::mem_pestat] low and high boundaries for proper pairs: (1, 699)
[M::mem_pestat] analyzing insert size distribution for orientation RF...
[M::mem_pestat] (25, 50, 75) percentile: (192, 227, 1117)
[M::mem_pestat] low and high boundaries for computing mean and std.dev: (1, 2967)
[M::mem_pestat] mean and std.dev: (500.78, 611.24)
[M::mem_pestat] low and high boundaries for proper pairs: (1, 3892)
[M::mem_pestat] skip orientation RR as there are not enough pairs
[M::mem_pestat] skip orientation RF
[M::mem_process_seqs] Processed 2806308 reads in 3062.678 CPU sec, 76.777 real sec
[M::process] read 2809414 sequences (400000119 bp)...
[M::mem_pestat] # candidate unique pairs for (FF, FR, RF, RR): (10, 789771, 91, 2)
[M::mem_pestat] analyzing insert size distribution for orientation FF...
[M::mem_pestat] (25, 50, 75) percentile: (3141, 3383, 4508)
[M::mem_pestat] low and high boundaries for computing mean and std.dev: (407, 7242)
[M::mem_pestat] mean and std.dev: (3497.17, 490.73)
[M::mem_pestat] low and high boundaries for proper pairs: (1, 8609)
[M::mem_pestat] analyzing insert size distribution for orientation FR...
[M::mem_pestat] (25, 50, 75) percentile: (172, 216, 292)
[M::mem_pestat] low and high boundaries for computing mean and std.dev: (1, 532)
[M::mem_pestat] mean and std.dev: (234.65, 86.32)
[M::mem_pestat] low and high boundaries for proper pairs: (1, 652)
[M::mem_pestat] analyzing insert size distribution for orientation RF...
[M::mem_pestat] (25, 50, 75) percentile: (211, 229, 1816)
[M::mem_pestat] low and high boundaries for computing mean and std.dev: (1, 5026)
[M::mem_pestat] mean and std.dev: (803.89, 1155.94)
[M::mem_pestat] low and high boundaries for proper pairs: (1, 6631)
[M::mem_pestat] skip orientation RR as there are not enough pairs
[M::mem_pestat] skip orientation FF
[M::mem_pestat] skip orientation RF
[M::mem_process_seqs] Processed 2811090 reads in 3027.260 CPU sec, 75.721 real sec
[M::process] read 2828364 sequences (400000156 bp)...
[M::mem_pestat] # candidate unique pairs for (FF, FR, RF, RR): (11, 790801, 87, 5)
[M::mem_pestat] analyzing insert size distribution for orientation FF...
[M::mem_pestat] (25, 50, 75) percentile: (537, 602, 4239)
[M::mem_pestat] low and high boundaries for computing mean and std.dev: (1, 11643)
[M::mem_pestat] mean and std.dev: (1749.82, 1759.67)
[M::mem_pestat] low and high boundaries for proper pairs: (1, 15345)
[M::mem_pestat] analyzing insert size distribution for orientation FR...
[M::mem_pestat] (25, 50, 75) percentile: (172, 216, 293)
[M::mem_pestat] low and high boundaries for computing mean and std.dev: (1, 535)
[M::mem_pestat] mean and std.dev: (235.40, 86.55)
[M::mem_pestat] low and high boundaries for proper pairs: (1, 656)
[M::mem_pestat] analyzing insert size distribution for orientation RF...
[M::mem_pestat] (25, 50, 75) percentile: (223, 225, 1208)
[M::mem_pestat] low and high boundaries for computing mean and std.dev: (1, 3178)
[M::mem_pestat] mean and std.dev: (587.00, 693.44)
[M::mem_pestat] low and high boundaries for proper pairs: (1, 4163)
[M::mem_pestat] skip orientation RR as there are not enough pairs
[M::mem_pestat] skip orientation FF
[M::mem_pestat] skip orientation RF
[M::mem_process_seqs] Processed 2809414 reads in 3049.198 CPU sec, 76.676 real sec
[M::process] read 2826692 sequences (400000196 bp)...
[M::mem_pestat] # candidate unique pairs for (FF, FR, RF, RR): (15, 789727, 79, 10)
[M::mem_pestat] analyzing insert size distribution for orientation FF...
[M::mem_pestat] (25, 50, 75) percentile: (137, 277, 2006)
[M::mem_pestat] low and high boundaries for computing mean and std.dev: (1, 5744)
[M::mem_pestat] mean and std.dev: (1266.00, 1538.47)
[M::mem_pestat] low and high boundaries for proper pairs: (1, 7613)
[M::mem_pestat] analyzing insert size distribution for orientation FR...
[M::mem_pestat] (25, 50, 75) percentile: (172, 216, 293)
[M::mem_pestat] low and high boundaries for computing mean and std.dev: (1, 535)
[M::mem_pestat] mean and std.dev: (235.30, 86.75)
[M::mem_pestat] low and high boundaries for proper pairs: (1, 656)
[M::mem_pestat] analyzing insert size distribution for orientation RF...
[M::mem_pestat] (25, 50, 75) percentile: (128, 223, 1118)
[M::mem_pestat] low and high boundaries for computing mean and std.dev: (1, 3098)
[M::mem_pestat] mean and std.dev: (539.21, 674.68)
[M::mem_pestat] low and high boundaries for proper pairs: (1, 4088)
[M::mem_pestat] analyzing insert size distribution for orientation RR...
[M::mem_pestat] (25, 50, 75) percentile: (329, 3735, 9043)
[M::mem_pestat] low and high boundaries for computing mean and std.dev: (1, 26471)
[M::mem_pestat] mean and std.dev: (3873.50, 3776.30)
[M::mem_pestat] low and high boundaries for proper pairs: (1, 35185)
[M::mem_pestat] skip orientation FF
[M::mem_pestat] skip orientation RF
[M::mem_pestat] skip orientation RR
[M::mem_process_seqs] Processed 2828364 reads in 3063.966 CPU sec, 76.653 real sec
[M::process] read 1420524 sequences (201443522 bp)...
[M::mem_pestat] # candidate unique pairs for (FF, FR, RF, RR): (10, 791068, 81, 8)
[M::mem_pestat] analyzing insert size distribution for orientation FF...
[M::mem_pestat] (25, 50, 75) percentile: (198, 3298, 4117)
[M::mem_pestat] low and high boundaries for computing mean and std.dev: (1, 11955)
[M::mem_pestat] mean and std.dev: (2647.10, 2861.47)
[M::mem_pestat] low and high boundaries for proper pairs: (1, 15874)
[M::mem_pestat] analyzing insert size distribution for orientation FR...
[M::mem_pestat] (25, 50, 75) percentile: (171, 214, 290)
[M::mem_pestat] low and high boundaries for computing mean and std.dev: (1, 528)
[M::mem_pestat] mean and std.dev: (233.45, 86.04)
[M::mem_pestat] low and high boundaries for proper pairs: (1, 647)
[M::mem_pestat] analyzing insert size distribution for orientation RF...
[M::mem_pestat] (25, 50, 75) percentile: (223, 452, 1447)
[M::mem_pestat] low and high boundaries for computing mean and std.dev: (1, 3895)
[M::mem_pestat] mean and std.dev: (695.54, 810.38)
[M::mem_pestat] low and high boundaries for proper pairs: (1, 5119)
[M::mem_pestat] skip orientation RR as there are not enough pairs
[M::mem_pestat] skip orientation FF
[M::mem_pestat] skip orientation RF
[M::mem_process_seqs] Processed 2826692 reads in 3044.974 CPU sec, 76.485 real sec
[M::mem_pestat] # candidate unique pairs for (FF, FR, RF, RR): (2, 398208, 25, 2)
[M::mem_pestat] skip orientation FF as there are not enough pairs
[M::mem_pestat] analyzing insert size distribution for orientation FR...
[M::mem_pestat] (25, 50, 75) percentile: (172, 215, 292)
[M::mem_pestat] low and high boundaries for computing mean and std.dev: (1, 532)
[M::mem_pestat] mean and std.dev: (234.87, 86.85)
[M::mem_pestat] low and high boundaries for proper pairs: (1, 652)
[M::mem_pestat] analyzing insert size distribution for orientation RF...
[M::mem_pestat] (25, 50, 75) percentile: (164, 223, 1195)
[M::mem_pestat] low and high boundaries for computing mean and std.dev: (1, 3257)
[M::mem_pestat] mean and std.dev: (555.96, 713.10)
[M::mem_pestat] low and high boundaries for proper pairs: (1, 4288)
[M::mem_pestat] skip orientation RR as there are not enough pairs
[M::mem_pestat] skip orientation RF
[M::mem_process_seqs] Processed 1420524 reads in 1601.947 CPU sec, 40.381 real sec
[main] Version: 0.7.17-r1188
[main] CMD: /home/shared/bwa-0.7.17/bwa mem -M -t 40 ../data/bwa-GCF_031168955.1_ASM3116895v1_genomic ../data/trimmed-fastqs-heatwave-genetics/MHW167_trimmed_clipped_R1_paired.fq.gz ../data/trimmed-fastqs-heatwave-genetics/MHW167_trimmed_clipped_R2_paired.fq.gz
[main] Real time: 2509.264 sec; CPU: 99471.728 sec
