[M::bwa_idx_load_from_disk] read 0 ALT contigs
[M::process] read 2875290 sequences (400000143 bp)...
[M::process] read 2869528 sequences (400000006 bp)...
[M::mem_pestat] # candidate unique pairs for (FF, FR, RF, RR): (8, 692824, 53, 6)
[M::mem_pestat] skip orientation FF as there are not enough pairs
[M::mem_pestat] analyzing insert size distribution for orientation FR...
[M::mem_pestat] (25, 50, 75) percentile: (160, 212, 275)
[M::mem_pestat] low and high boundaries for computing mean and std.dev: (1, 505)
[M::mem_pestat] mean and std.dev: (221.14, 86.16)
[M::mem_pestat] low and high boundaries for proper pairs: (1, 620)
[M::mem_pestat] analyzing insert size distribution for orientation RF...
[M::mem_pestat] (25, 50, 75) percentile: (114, 227, 1314)
[M::mem_pestat] low and high boundaries for computing mean and std.dev: (1, 3714)
[M::mem_pestat] mean and std.dev: (686.69, 962.82)
[M::mem_pestat] low and high boundaries for proper pairs: (1, 4914)
[M::mem_pestat] skip orientation RR as there are not enough pairs
[M::mem_pestat] skip orientation RF
[M::mem_process_seqs] Processed 2875290 reads in 3265.785 CPU sec, 81.915 real sec
[M::process] read 2868728 sequences (400000003 bp)...
[M::mem_pestat] # candidate unique pairs for (FF, FR, RF, RR): (5, 689888, 52, 9)
[M::mem_pestat] skip orientation FF as there are not enough pairs
[M::mem_pestat] analyzing insert size distribution for orientation FR...
[M::mem_pestat] (25, 50, 75) percentile: (161, 213, 277)
[M::mem_pestat] low and high boundaries for computing mean and std.dev: (1, 509)
[M::mem_pestat] mean and std.dev: (222.61, 86.70)
[M::mem_pestat] low and high boundaries for proper pairs: (1, 625)
[M::mem_pestat] analyzing insert size distribution for orientation RF...
[M::mem_pestat] (25, 50, 75) percentile: (175, 339, 1660)
[M::mem_pestat] low and high boundaries for computing mean and std.dev: (1, 4630)
[M::mem_pestat] mean and std.dev: (697.84, 1098.71)
[M::mem_pestat] low and high boundaries for proper pairs: (1, 6115)
[M::mem_pestat] skip orientation RR as there are not enough pairs
[M::mem_pestat] skip orientation RF
[M::mem_process_seqs] Processed 2869528 reads in 3366.097 CPU sec, 84.508 real sec
[M::process] read 2864616 sequences (400000185 bp)...
[M::mem_pestat] # candidate unique pairs for (FF, FR, RF, RR): (13, 688230, 48, 4)
[M::mem_pestat] analyzing insert size distribution for orientation FF...
[M::mem_pestat] (25, 50, 75) percentile: (324, 782, 7186)
[M::mem_pestat] low and high boundaries for computing mean and std.dev: (1, 20910)
[M::mem_pestat] mean and std.dev: (2855.92, 3168.81)
[M::mem_pestat] low and high boundaries for proper pairs: (1, 27772)
[M::mem_pestat] analyzing insert size distribution for orientation FR...
[M::mem_pestat] (25, 50, 75) percentile: (161, 215, 278)
[M::mem_pestat] low and high boundaries for computing mean and std.dev: (1, 512)
[M::mem_pestat] mean and std.dev: (223.86, 87.16)
[M::mem_pestat] low and high boundaries for proper pairs: (1, 629)
[M::mem_pestat] analyzing insert size distribution for orientation RF...
[M::mem_pestat] (25, 50, 75) percentile: (223, 593, 1732)
[M::mem_pestat] low and high boundaries for computing mean and std.dev: (1, 4750)
[M::mem_pestat] mean and std.dev: (1112.93, 1250.44)
[M::mem_pestat] low and high boundaries for proper pairs: (1, 6259)
[M::mem_pestat] skip orientation RR as there are not enough pairs
[M::mem_pestat] skip orientation FF
[M::mem_pestat] skip orientation RF
[M::mem_process_seqs] Processed 2868728 reads in 3401.068 CPU sec, 85.594 real sec
[M::process] read 2861744 sequences (400000127 bp)...
[M::mem_pestat] # candidate unique pairs for (FF, FR, RF, RR): (10, 684984, 63, 8)
[M::mem_pestat] analyzing insert size distribution for orientation FF...
[M::mem_pestat] (25, 50, 75) percentile: (919, 3213, 5166)
[M::mem_pestat] low and high boundaries for computing mean and std.dev: (1, 13660)
[M::mem_pestat] mean and std.dev: (3602.00, 3076.06)
[M::mem_pestat] low and high boundaries for proper pairs: (1, 17907)
[M::mem_pestat] analyzing insert size distribution for orientation FR...
[M::mem_pestat] (25, 50, 75) percentile: (163, 217, 282)
[M::mem_pestat] low and high boundaries for computing mean and std.dev: (1, 520)
[M::mem_pestat] mean and std.dev: (226.19, 88.29)
[M::mem_pestat] low and high boundaries for proper pairs: (1, 639)
[M::mem_pestat] analyzing insert size distribution for orientation RF...
[M::mem_pestat] (25, 50, 75) percentile: (113, 223, 1455)
[M::mem_pestat] low and high boundaries for computing mean and std.dev: (1, 4139)
[M::mem_pestat] mean and std.dev: (675.32, 990.68)
[M::mem_pestat] low and high boundaries for proper pairs: (1, 5481)
[M::mem_pestat] skip orientation RR as there are not enough pairs
[M::mem_pestat] skip orientation FF
[M::mem_pestat] skip orientation RF
[M::mem_process_seqs] Processed 2864616 reads in 3404.688 CPU sec, 85.363 real sec
[M::process] read 2879302 sequences (400000235 bp)...
[M::mem_pestat] # candidate unique pairs for (FF, FR, RF, RR): (10, 682525, 61, 16)
[M::mem_pestat] analyzing insert size distribution for orientation FF...
[M::mem_pestat] (25, 50, 75) percentile: (408, 775, 1125)
[M::mem_pestat] low and high boundaries for computing mean and std.dev: (1, 2559)
[M::mem_pestat] mean and std.dev: (588.25, 366.80)
[M::mem_pestat] low and high boundaries for proper pairs: (1, 3276)
[M::mem_pestat] analyzing insert size distribution for orientation FR...
[M::mem_pestat] (25, 50, 75) percentile: (164, 218, 283)
[M::mem_pestat] low and high boundaries for computing mean and std.dev: (1, 521)
[M::mem_pestat] mean and std.dev: (227.57, 88.45)
[M::mem_pestat] low and high boundaries for proper pairs: (1, 640)
[M::mem_pestat] analyzing insert size distribution for orientation RF...
[M::mem_pestat] (25, 50, 75) percentile: (78, 175, 996)
[M::mem_pestat] low and high boundaries for computing mean and std.dev: (1, 2832)
[M::mem_pestat] mean and std.dev: (470.39, 707.40)
[M::mem_pestat] low and high boundaries for proper pairs: (1, 3750)
[M::mem_pestat] analyzing insert size distribution for orientation RR...
[M::mem_pestat] (25, 50, 75) percentile: (140, 268, 1910)
[M::mem_pestat] low and high boundaries for computing mean and std.dev: (1, 5450)
[M::mem_pestat] mean and std.dev: (685.57, 1220.13)
[M::mem_pestat] low and high boundaries for proper pairs: (1, 7220)
[M::mem_pestat] skip orientation FF
[M::mem_pestat] skip orientation RF
[M::mem_pestat] skip orientation RR
[M::mem_process_seqs] Processed 2861744 reads in 3425.425 CPU sec, 85.905 real sec
[M::process] read 2881298 sequences (400000017 bp)...
[M::mem_pestat] # candidate unique pairs for (FF, FR, RF, RR): (6, 678658, 86, 7)
[M::mem_pestat] skip orientation FF as there are not enough pairs
[M::mem_pestat] analyzing insert size distribution for orientation FR...
[M::mem_pestat] (25, 50, 75) percentile: (165, 219, 285)
[M::mem_pestat] low and high boundaries for computing mean and std.dev: (1, 525)
[M::mem_pestat] mean and std.dev: (228.66, 89.14)
[M::mem_pestat] low and high boundaries for proper pairs: (1, 645)
[M::mem_pestat] analyzing insert size distribution for orientation RF...
[M::mem_pestat] (25, 50, 75) percentile: (105, 225, 2030)
[M::mem_pestat] low and high boundaries for computing mean and std.dev: (1, 5880)
[M::mem_pestat] mean and std.dev: (687.75, 1158.34)
[M::mem_pestat] low and high boundaries for proper pairs: (1, 7805)
[M::mem_pestat] skip orientation RR as there are not enough pairs
[M::mem_pestat] skip orientation RF
[M::mem_process_seqs] Processed 2879302 reads in 3426.108 CPU sec, 85.915 real sec
[M::process] read 2886488 sequences (400000098 bp)...
[M::mem_pestat] # candidate unique pairs for (FF, FR, RF, RR): (5, 680495, 35, 7)
[M::mem_pestat] skip orientation FF as there are not enough pairs
[M::mem_pestat] analyzing insert size distribution for orientation FR...
[M::mem_pestat] (25, 50, 75) percentile: (164, 218, 284)
[M::mem_pestat] low and high boundaries for computing mean and std.dev: (1, 524)
[M::mem_pestat] mean and std.dev: (228.16, 89.02)
[M::mem_pestat] low and high boundaries for proper pairs: (1, 644)
[M::mem_pestat] analyzing insert size distribution for orientation RF...
[M::mem_pestat] (25, 50, 75) percentile: (183, 283, 880)
[M::mem_pestat] low and high boundaries for computing mean and std.dev: (1, 2274)
[M::mem_pestat] mean and std.dev: (481.09, 420.84)
[M::mem_pestat] low and high boundaries for proper pairs: (1, 2971)
[M::mem_pestat] skip orientation RR as there are not enough pairs
[M::mem_pestat] skip orientation RF
[M::mem_process_seqs] Processed 2881298 reads in 3423.266 CPU sec, 85.868 real sec
[M::process] read 2881002 sequences (400000169 bp)...
[M::mem_pestat] # candidate unique pairs for (FF, FR, RF, RR): (8, 679665, 62, 7)
[M::mem_pestat] skip orientation FF as there are not enough pairs
[M::mem_pestat] analyzing insert size distribution for orientation FR...
[M::mem_pestat] (25, 50, 75) percentile: (165, 220, 286)
[M::mem_pestat] low and high boundaries for computing mean and std.dev: (1, 528)
[M::mem_pestat] mean and std.dev: (229.41, 89.61)
[M::mem_pestat] low and high boundaries for proper pairs: (1, 649)
[M::mem_pestat] analyzing insert size distribution for orientation RF...
[M::mem_pestat] (25, 50, 75) percentile: (65, 145, 437)
[M::mem_pestat] low and high boundaries for computing mean and std.dev: (1, 1181)
[M::mem_pestat] mean and std.dev: (181.25, 199.65)
[M::mem_pestat] low and high boundaries for proper pairs: (1, 1553)
[M::mem_pestat] skip orientation RR as there are not enough pairs
[M::mem_pestat] skip orientation RF
[M::mem_process_seqs] Processed 2886488 reads in 3526.337 CPU sec, 88.412 real sec
[M::process] read 2865504 sequences (400000024 bp)...
[M::mem_pestat] # candidate unique pairs for (FF, FR, RF, RR): (6, 679927, 63, 17)
[M::mem_pestat] skip orientation FF as there are not enough pairs
[M::mem_pestat] analyzing insert size distribution for orientation FR...
[M::mem_pestat] (25, 50, 75) percentile: (166, 220, 286)
[M::mem_pestat] low and high boundaries for computing mean and std.dev: (1, 526)
[M::mem_pestat] mean and std.dev: (229.81, 89.60)
[M::mem_pestat] low and high boundaries for proper pairs: (1, 646)
[M::mem_pestat] analyzing insert size distribution for orientation RF...
[M::mem_pestat] (25, 50, 75) percentile: (109, 225, 1258)
[M::mem_pestat] low and high boundaries for computing mean and std.dev: (1, 3556)
[M::mem_pestat] mean and std.dev: (480.82, 667.00)
[M::mem_pestat] low and high boundaries for proper pairs: (1, 4705)
[M::mem_pestat] analyzing insert size distribution for orientation RR...
[M::mem_pestat] (25, 50, 75) percentile: (263, 1990, 5597)
[M::mem_pestat] low and high boundaries for computing mean and std.dev: (1, 16265)
[M::mem_pestat] mean and std.dev: (2800.12, 2581.32)
[M::mem_pestat] low and high boundaries for proper pairs: (1, 21599)
[M::mem_pestat] skip orientation RF
[M::mem_pestat] skip orientation RR
[M::mem_process_seqs] Processed 2881002 reads in 3458.157 CPU sec, 86.548 real sec
[M::process] read 2861412 sequences (400000270 bp)...
[M::mem_pestat] # candidate unique pairs for (FF, FR, RF, RR): (16, 680405, 62, 5)
[M::mem_pestat] analyzing insert size distribution for orientation FF...
[M::mem_pestat] (25, 50, 75) percentile: (184, 1120, 3377)
[M::mem_pestat] low and high boundaries for computing mean and std.dev: (1, 9763)
[M::mem_pestat] mean and std.dev: (1595.69, 1428.04)
[M::mem_pestat] low and high boundaries for proper pairs: (1, 12956)
[M::mem_pestat] analyzing insert size distribution for orientation FR...
[M::mem_pestat] (25, 50, 75) percentile: (164, 218, 284)
[M::mem_pestat] low and high boundaries for computing mean and std.dev: (1, 524)
[M::mem_pestat] mean and std.dev: (228.12, 89.05)
[M::mem_pestat] low and high boundaries for proper pairs: (1, 644)
[M::mem_pestat] analyzing insert size distribution for orientation RF...
[M::mem_pestat] (25, 50, 75) percentile: (128, 339, 2135)
[M::mem_pestat] low and high boundaries for computing mean and std.dev: (1, 6149)
[M::mem_pestat] mean and std.dev: (784.20, 1080.22)
[M::mem_pestat] low and high boundaries for proper pairs: (1, 8156)
[M::mem_pestat] skip orientation RR as there are not enough pairs
[M::mem_pestat] skip orientation FF
[M::mem_pestat] skip orientation RF
[M::mem_process_seqs] Processed 2865504 reads in 3439.061 CPU sec, 86.293 real sec
[M::process] read 2867366 sequences (400000031 bp)...
[M::mem_pestat] # candidate unique pairs for (FF, FR, RF, RR): (7, 683535, 80, 4)
[M::mem_pestat] skip orientation FF as there are not enough pairs
[M::mem_pestat] analyzing insert size distribution for orientation FR...
[M::mem_pestat] (25, 50, 75) percentile: (163, 217, 282)
[M::mem_pestat] low and high boundaries for computing mean and std.dev: (1, 520)
[M::mem_pestat] mean and std.dev: (226.49, 88.22)
[M::mem_pestat] low and high boundaries for proper pairs: (1, 639)
[M::mem_pestat] analyzing insert size distribution for orientation RF...
[M::mem_pestat] (25, 50, 75) percentile: (180, 417, 1631)
[M::mem_pestat] low and high boundaries for computing mean and std.dev: (1, 4533)
[M::mem_pestat] mean and std.dev: (895.21, 1079.08)
[M::mem_pestat] low and high boundaries for proper pairs: (1, 5984)
[M::mem_pestat] skip orientation RR as there are not enough pairs
[M::mem_pestat] skip orientation RF
[M::mem_process_seqs] Processed 2861412 reads in 3408.820 CPU sec, 85.715 real sec
[M::process] read 2867792 sequences (400000081 bp)...
[M::mem_pestat] # candidate unique pairs for (FF, FR, RF, RR): (6, 688333, 74, 10)
[M::mem_pestat] skip orientation FF as there are not enough pairs
[M::mem_pestat] analyzing insert size distribution for orientation FR...
[M::mem_pestat] (25, 50, 75) percentile: (161, 215, 278)
[M::mem_pestat] low and high boundaries for computing mean and std.dev: (1, 512)
[M::mem_pestat] mean and std.dev: (223.69, 87.15)
[M::mem_pestat] low and high boundaries for proper pairs: (1, 629)
[M::mem_pestat] analyzing insert size distribution for orientation RF...
[M::mem_pestat] (25, 50, 75) percentile: (169, 768, 2163)
[M::mem_pestat] low and high boundaries for computing mean and std.dev: (1, 6151)
[M::mem_pestat] mean and std.dev: (1316.03, 1677.33)
[M::mem_pestat] low and high boundaries for proper pairs: (1, 8145)
[M::mem_pestat] analyzing insert size distribution for orientation RR...
[M::mem_pestat] (25, 50, 75) percentile: (257, 3299, 7891)
[M::mem_pestat] low and high boundaries for computing mean and std.dev: (1, 23159)
[M::mem_pestat] mean and std.dev: (3818.80, 3589.83)
[M::mem_pestat] low and high boundaries for proper pairs: (1, 30793)
[M::mem_pestat] skip orientation RF
[M::mem_pestat] skip orientation RR
[M::mem_process_seqs] Processed 2867366 reads in 3406.207 CPU sec, 85.411 real sec
[M::process] read 2865268 sequences (400000168 bp)...
[M::mem_pestat] # candidate unique pairs for (FF, FR, RF, RR): (8, 687732, 80, 10)
[M::mem_pestat] skip orientation FF as there are not enough pairs
[M::mem_pestat] analyzing insert size distribution for orientation FR...
[M::mem_pestat] (25, 50, 75) percentile: (162, 215, 279)
[M::mem_pestat] low and high boundaries for computing mean and std.dev: (1, 513)
[M::mem_pestat] mean and std.dev: (223.96, 87.31)
[M::mem_pestat] low and high boundaries for proper pairs: (1, 630)
[M::mem_pestat] analyzing insert size distribution for orientation RF...
[M::mem_pestat] (25, 50, 75) percentile: (152, 520, 1049)
[M::mem_pestat] low and high boundaries for computing mean and std.dev: (1, 2843)
[M::mem_pestat] mean and std.dev: (450.72, 458.77)
[M::mem_pestat] low and high boundaries for proper pairs: (1, 3740)
[M::mem_pestat] analyzing insert size distribution for orientation RR...
[M::mem_pestat] (25, 50, 75) percentile: (258, 1925, 2415)
[M::mem_pestat] low and high boundaries for computing mean and std.dev: (1, 6729)
[M::mem_pestat] mean and std.dev: (1937.22, 1829.42)
[M::mem_pestat] low and high boundaries for proper pairs: (1, 9255)
[M::mem_pestat] skip orientation RF
[M::mem_pestat] skip orientation RR
[M::mem_process_seqs] Processed 2867792 reads in 3421.046 CPU sec, 85.771 real sec
[M::process] read 2863492 sequences (400000148 bp)...
[M::mem_pestat] # candidate unique pairs for (FF, FR, RF, RR): (8, 688263, 52, 10)
[M::mem_pestat] skip orientation FF as there are not enough pairs
[M::mem_pestat] analyzing insert size distribution for orientation FR...
[M::mem_pestat] (25, 50, 75) percentile: (162, 215, 279)
[M::mem_pestat] low and high boundaries for computing mean and std.dev: (1, 513)
[M::mem_pestat] mean and std.dev: (224.35, 87.48)
[M::mem_pestat] low and high boundaries for proper pairs: (1, 630)
[M::mem_pestat] analyzing insert size distribution for orientation RF...
[M::mem_pestat] (25, 50, 75) percentile: (83, 202, 973)
[M::mem_pestat] low and high boundaries for computing mean and std.dev: (1, 2753)
[M::mem_pestat] mean and std.dev: (391.65, 595.70)
[M::mem_pestat] low and high boundaries for proper pairs: (1, 3643)
[M::mem_pestat] analyzing insert size distribution for orientation RR...
[M::mem_pestat] (25, 50, 75) percentile: (715, 3386, 6392)
[M::mem_pestat] low and high boundaries for computing mean and std.dev: (1, 17746)
[M::mem_pestat] mean and std.dev: (3183.10, 2440.98)
[M::mem_pestat] low and high boundaries for proper pairs: (1, 23423)
[M::mem_pestat] skip orientation RF
[M::mem_pestat] skip orientation RR
[M::mem_process_seqs] Processed 2865268 reads in 3407.489 CPU sec, 85.318 real sec
[M::process] read 2879566 sequences (400000036 bp)...
[M::mem_pestat] # candidate unique pairs for (FF, FR, RF, RR): (4, 677761, 89, 17)
[M::mem_pestat] skip orientation FF as there are not enough pairs
[M::mem_pestat] analyzing insert size distribution for orientation FR...
[M::mem_pestat] (25, 50, 75) percentile: (166, 221, 287)
[M::mem_pestat] low and high boundaries for computing mean and std.dev: (1, 529)
[M::mem_pestat] mean and std.dev: (230.42, 89.67)
[M::mem_pestat] low and high boundaries for proper pairs: (1, 650)
[M::mem_pestat] analyzing insert size distribution for orientation RF...
[M::mem_pestat] (25, 50, 75) percentile: (84, 223, 1358)
[M::mem_pestat] low and high boundaries for computing mean and std.dev: (1, 3906)
[M::mem_pestat] mean and std.dev: (604.51, 830.00)
[M::mem_pestat] low and high boundaries for proper pairs: (1, 5180)
[M::mem_pestat] analyzing insert size distribution for orientation RR...
[M::mem_pestat] (25, 50, 75) percentile: (146, 370, 3003)
[M::mem_pestat] low and high boundaries for computing mean and std.dev: (1, 8717)
[M::mem_pestat] mean and std.dev: (1551.41, 1550.59)
[M::mem_pestat] low and high boundaries for proper pairs: (1, 11574)
[M::mem_pestat] skip orientation RF
[M::mem_pestat] skip orientation RR
[M::mem_process_seqs] Processed 2863492 reads in 3467.554 CPU sec, 87.174 real sec
[M::process] read 2881068 sequences (400000009 bp)...
[M::mem_pestat] # candidate unique pairs for (FF, FR, RF, RR): (5, 678866, 69, 8)
[M::mem_pestat] skip orientation FF as there are not enough pairs
[M::mem_pestat] analyzing insert size distribution for orientation FR...
[M::mem_pestat] (25, 50, 75) percentile: (165, 220, 286)
[M::mem_pestat] low and high boundaries for computing mean and std.dev: (1, 528)
[M::mem_pestat] mean and std.dev: (229.63, 89.68)
[M::mem_pestat] low and high boundaries for proper pairs: (1, 649)
[M::mem_pestat] analyzing insert size distribution for orientation RF...
[M::mem_pestat] (25, 50, 75) percentile: (223, 1011, 3100)
[M::mem_pestat] low and high boundaries for computing mean and std.dev: (1, 8854)
[M::mem_pestat] mean and std.dev: (1905.08, 2385.02)
[M::mem_pestat] low and high boundaries for proper pairs: (1, 11731)
[M::mem_pestat] skip orientation RR as there are not enough pairs
[M::mem_pestat] skip orientation RF
[M::mem_process_seqs] Processed 2879566 reads in 3486.935 CPU sec, 87.287 real sec
[M::process] read 2882904 sequences (400000084 bp)...
[M::mem_pestat] # candidate unique pairs for (FF, FR, RF, RR): (15, 678244, 76, 7)
[M::mem_pestat] analyzing insert size distribution for orientation FF...
[M::mem_pestat] (25, 50, 75) percentile: (203, 354, 3744)
[M::mem_pestat] low and high boundaries for computing mean and std.dev: (1, 10826)
[M::mem_pestat] mean and std.dev: (2339.33, 3174.38)
[M::mem_pestat] low and high boundaries for proper pairs: (1, 15037)
[M::mem_pestat] analyzing insert size distribution for orientation FR...
[M::mem_pestat] (25, 50, 75) percentile: (165, 220, 287)
[M::mem_pestat] low and high boundaries for computing mean and std.dev: (1, 531)
[M::mem_pestat] mean and std.dev: (230.06, 89.97)
[M::mem_pestat] low and high boundaries for proper pairs: (1, 653)
[M::mem_pestat] analyzing insert size distribution for orientation RF...
[M::mem_pestat] (25, 50, 75) percentile: (123, 363, 1099)
[M::mem_pestat] low and high boundaries for computing mean and std.dev: (1, 3051)
[M::mem_pestat] mean and std.dev: (479.94, 542.18)
[M::mem_pestat] low and high boundaries for proper pairs: (1, 4027)
[M::mem_pestat] skip orientation RR as there are not enough pairs
[M::mem_pestat] skip orientation FF
[M::mem_pestat] skip orientation RF
[M::mem_process_seqs] Processed 2881068 reads in 3838.322 CPU sec, 102.583 real sec
[M::process] read 2883578 sequences (400000093 bp)...
[M::mem_pestat] # candidate unique pairs for (FF, FR, RF, RR): (10, 680067, 66, 14)
[M::mem_pestat] analyzing insert size distribution for orientation FF...
[M::mem_pestat] (25, 50, 75) percentile: (131, 1420, 7059)
[M::mem_pestat] low and high boundaries for computing mean and std.dev: (1, 20915)
[M::mem_pestat] mean and std.dev: (3054.30, 3398.63)
[M::mem_pestat] low and high boundaries for proper pairs: (1, 27843)
[M::mem_pestat] analyzing insert size distribution for orientation FR...
[M::mem_pestat] (25, 50, 75) percentile: (165, 219, 286)
[M::mem_pestat] low and high boundaries for computing mean and std.dev: (1, 528)
[M::mem_pestat] mean and std.dev: (229.34, 89.69)
[M::mem_pestat] low and high boundaries for proper pairs: (1, 649)
[M::mem_pestat] analyzing insert size distribution for orientation RF...
[M::mem_pestat] (25, 50, 75) percentile: (202, 512, 1624)
[M::mem_pestat] low and high boundaries for computing mean and std.dev: (1, 4468)
[M::mem_pestat] mean and std.dev: (769.27, 884.58)
[M::mem_pestat] low and high boundaries for proper pairs: (1, 5890)
[M::mem_pestat] analyzing insert size distribution for orientation RR...
[M::mem_pestat] (25, 50, 75) percentile: (189, 324, 2370)
[M::mem_pestat] low and high boundaries for computing mean and std.dev: (1, 6732)
[M::mem_pestat] mean and std.dev: (1012.54, 1262.45)
[M::mem_pestat] low and high boundaries for proper pairs: (1, 8913)
[M::mem_pestat] skip orientation FF
[M::mem_pestat] skip orientation RF
[M::mem_pestat] skip orientation RR
[M::mem_process_seqs] Processed 2882904 reads in 3925.427 CPU sec, 98.402 real sec
[M::process] read 2858480 sequences (400000235 bp)...
[M::mem_pestat] # candidate unique pairs for (FF, FR, RF, RR): (13, 677447, 73, 7)
[M::mem_pestat] analyzing insert size distribution for orientation FF...
[M::mem_pestat] (25, 50, 75) percentile: (324, 1932, 4477)
[M::mem_pestat] low and high boundaries for computing mean and std.dev: (1, 12783)
[M::mem_pestat] mean and std.dev: (2843.46, 2800.17)
[M::mem_pestat] low and high boundaries for proper pairs: (1, 16936)
[M::mem_pestat] analyzing insert size distribution for orientation FR...
[M::mem_pestat] (25, 50, 75) percentile: (165, 219, 286)
[M::mem_pestat] low and high boundaries for computing mean and std.dev: (1, 528)
[M::mem_pestat] mean and std.dev: (229.35, 89.85)
[M::mem_pestat] low and high boundaries for proper pairs: (1, 649)
[M::mem_pestat] analyzing insert size distribution for orientation RF...
[M::mem_pestat] (25, 50, 75) percentile: (102, 261, 1579)
[M::mem_pestat] low and high boundaries for computing mean and std.dev: (1, 4533)
[M::mem_pestat] mean and std.dev: (840.95, 1157.84)
[M::mem_pestat] low and high boundaries for proper pairs: (1, 6010)
[M::mem_pestat] skip orientation RR as there are not enough pairs
[M::mem_pestat] skip orientation FF
[M::mem_pestat] skip orientation RF
[M::mem_process_seqs] Processed 2883578 reads in 3545.683 CPU sec, 88.933 real sec
[M::process] read 2838286 sequences (400000184 bp)...
[M::mem_pestat] # candidate unique pairs for (FF, FR, RF, RR): (9, 677841, 61, 11)
[M::mem_pestat] skip orientation FF as there are not enough pairs
[M::mem_pestat] analyzing insert size distribution for orientation FR...
[M::mem_pestat] (25, 50, 75) percentile: (165, 219, 285)
[M::mem_pestat] low and high boundaries for computing mean and std.dev: (1, 525)
[M::mem_pestat] mean and std.dev: (228.94, 89.47)
[M::mem_pestat] low and high boundaries for proper pairs: (1, 645)
[M::mem_pestat] analyzing insert size distribution for orientation RF...
[M::mem_pestat] (25, 50, 75) percentile: (223, 404, 1229)
[M::mem_pestat] low and high boundaries for computing mean and std.dev: (1, 3241)
[M::mem_pestat] mean and std.dev: (597.53, 678.29)
[M::mem_pestat] low and high boundaries for proper pairs: (1, 4247)
[M::mem_pestat] analyzing insert size distribution for orientation RR...
[M::mem_pestat] (25, 50, 75) percentile: (373, 1682, 3350)
[M::mem_pestat] low and high boundaries for computing mean and std.dev: (1, 9304)
[M::mem_pestat] mean and std.dev: (1880.40, 2129.54)
[M::mem_pestat] low and high boundaries for proper pairs: (1, 12281)
[M::mem_pestat] skip orientation RF
[M::mem_pestat] skip orientation RR
[M::mem_process_seqs] Processed 2858480 reads in 3447.174 CPU sec, 86.424 real sec
[M::process] read 2836042 sequences (400000132 bp)...
[M::mem_pestat] # candidate unique pairs for (FF, FR, RF, RR): (7, 671200, 87, 3)
[M::mem_pestat] skip orientation FF as there are not enough pairs
[M::mem_pestat] analyzing insert size distribution for orientation FR...
[M::mem_pestat] (25, 50, 75) percentile: (168, 224, 290)
[M::mem_pestat] low and high boundaries for computing mean and std.dev: (1, 534)
[M::mem_pestat] mean and std.dev: (233.26, 90.34)
[M::mem_pestat] low and high boundaries for proper pairs: (1, 656)
[M::mem_pestat] analyzing insert size distribution for orientation RF...
[M::mem_pestat] (25, 50, 75) percentile: (138, 255, 2343)
[M::mem_pestat] low and high boundaries for computing mean and std.dev: (1, 6753)
[M::mem_pestat] mean and std.dev: (1272.96, 1752.10)
[M::mem_pestat] low and high boundaries for proper pairs: (1, 8958)
[M::mem_pestat] skip orientation RR as there are not enough pairs
[M::mem_pestat] skip orientation RF
[M::mem_process_seqs] Processed 2838286 reads in 3459.475 CPU sec, 86.751 real sec
[M::process] read 2838508 sequences (400000095 bp)...
[M::mem_pestat] # candidate unique pairs for (FF, FR, RF, RR): (6, 667810, 79, 11)
[M::mem_pestat] skip orientation FF as there are not enough pairs
[M::mem_pestat] analyzing insert size distribution for orientation FR...
[M::mem_pestat] (25, 50, 75) percentile: (170, 225, 293)
[M::mem_pestat] low and high boundaries for computing mean and std.dev: (1, 539)
[M::mem_pestat] mean and std.dev: (235.21, 91.14)
[M::mem_pestat] low and high boundaries for proper pairs: (1, 662)
[M::mem_pestat] analyzing insert size distribution for orientation RF...
[M::mem_pestat] (25, 50, 75) percentile: (142, 225, 1271)
[M::mem_pestat] low and high boundaries for computing mean and std.dev: (1, 3529)
[M::mem_pestat] mean and std.dev: (482.42, 605.31)
[M::mem_pestat] low and high boundaries for proper pairs: (1, 4658)
[M::mem_pestat] analyzing insert size distribution for orientation RR...
[M::mem_pestat] (25, 50, 75) percentile: (538, 866, 5281)
[M::mem_pestat] low and high boundaries for computing mean and std.dev: (1, 14767)
[M::mem_pestat] mean and std.dev: (2668.73, 2503.71)
[M::mem_pestat] low and high boundaries for proper pairs: (1, 19510)
[M::mem_pestat] skip orientation RF
[M::mem_pestat] skip orientation RR
[M::mem_process_seqs] Processed 2836042 reads in 3474.861 CPU sec, 86.975 real sec
[M::process] read 2852922 sequences (400000057 bp)...
[M::mem_pestat] # candidate unique pairs for (FF, FR, RF, RR): (14, 668495, 60, 7)
[M::mem_pestat] analyzing insert size distribution for orientation FF...
[M::mem_pestat] (25, 50, 75) percentile: (9, 334, 334)
[M::mem_pestat] low and high boundaries for computing mean and std.dev: (1, 984)
[M::mem_pestat] mean and std.dev: (168.08, 156.98)
[M::mem_pestat] low and high boundaries for proper pairs: (1, 1309)
[M::mem_pestat] analyzing insert size distribution for orientation FR...
[M::mem_pestat] (25, 50, 75) percentile: (169, 225, 292)
[M::mem_pestat] low and high boundaries for computing mean and std.dev: (1, 538)
[M::mem_pestat] mean and std.dev: (234.34, 90.92)
[M::mem_pestat] low and high boundaries for proper pairs: (1, 661)
[M::mem_pestat] analyzing insert size distribution for orientation RF...
[M::mem_pestat] (25, 50, 75) percentile: (128, 226, 798)
[M::mem_pestat] low and high boundaries for computing mean and std.dev: (1, 2138)
[M::mem_pestat] mean and std.dev: (356.37, 368.27)
[M::mem_pestat] low and high boundaries for proper pairs: (1, 2808)
[M::mem_pestat] skip orientation RR as there are not enough pairs
[M::mem_pestat] skip orientation FF
[M::mem_pestat] skip orientation RF
[M::mem_process_seqs] Processed 2838508 reads in 3498.400 CPU sec, 87.948 real sec
[M::process] read 2849068 sequences (400000218 bp)...
[M::mem_pestat] # candidate unique pairs for (FF, FR, RF, RR): (15, 666720, 65, 5)
[M::mem_pestat] analyzing insert size distribution for orientation FF...
[M::mem_pestat] (25, 50, 75) percentile: (771, 3175, 6465)
[M::mem_pestat] low and high boundaries for computing mean and std.dev: (1, 17853)
[M::mem_pestat] mean and std.dev: (3097.60, 2363.13)
[M::mem_pestat] low and high boundaries for proper pairs: (1, 23547)
[M::mem_pestat] analyzing insert size distribution for orientation FR...
[M::mem_pestat] (25, 50, 75) percentile: (169, 225, 294)
[M::mem_pestat] low and high boundaries for computing mean and std.dev: (1, 544)
[M::mem_pestat] mean and std.dev: (235.75, 91.95)
[M::mem_pestat] low and high boundaries for proper pairs: (1, 669)
[M::mem_pestat] analyzing insert size distribution for orientation RF...
[M::mem_pestat] (25, 50, 75) percentile: (179, 800, 2824)
[M::mem_pestat] low and high boundaries for computing mean and std.dev: (1, 8114)
[M::mem_pestat] mean and std.dev: (1349.31, 1556.05)
[M::mem_pestat] low and high boundaries for proper pairs: (1, 10759)
[M::mem_pestat] skip orientation RR as there are not enough pairs
[M::mem_pestat] skip orientation FF
[M::mem_pestat] skip orientation RF
[M::mem_process_seqs] Processed 2852922 reads in 3579.118 CPU sec, 89.741 real sec
[M::process] read 2845832 sequences (400000001 bp)...
[M::mem_pestat] # candidate unique pairs for (FF, FR, RF, RR): (16, 665659, 68, 13)
[M::mem_pestat] analyzing insert size distribution for orientation FF...
[M::mem_pestat] (25, 50, 75) percentile: (346, 2575, 2649)
[M::mem_pestat] low and high boundaries for computing mean and std.dev: (1, 7255)
[M::mem_pestat] mean and std.dev: (2119.50, 1681.45)
[M::mem_pestat] low and high boundaries for proper pairs: (1, 9558)
[M::mem_pestat] analyzing insert size distribution for orientation FR...
[M::mem_pestat] (25, 50, 75) percentile: (170, 226, 295)
[M::mem_pestat] low and high boundaries for computing mean and std.dev: (1, 545)
[M::mem_pestat] mean and std.dev: (236.42, 92.18)
[M::mem_pestat] low and high boundaries for proper pairs: (1, 670)
[M::mem_pestat] analyzing insert size distribution for orientation RF...
[M::mem_pestat] (25, 50, 75) percentile: (119, 286, 2056)
[M::mem_pestat] low and high boundaries for computing mean and std.dev: (1, 5930)
[M::mem_pestat] mean and std.dev: (1067.33, 1582.40)
[M::mem_pestat] low and high boundaries for proper pairs: (1, 7867)
[M::mem_pestat] analyzing insert size distribution for orientation RR...
[M::mem_pestat] (25, 50, 75) percentile: (286, 712, 3893)
[M::mem_pestat] low and high boundaries for computing mean and std.dev: (1, 11107)
[M::mem_pestat] mean and std.dev: (1856.54, 2011.59)
[M::mem_pestat] low and high boundaries for proper pairs: (1, 14714)
[M::mem_pestat] skip orientation FF
[M::mem_pestat] skip orientation RF
[M::mem_pestat] skip orientation RR
[M::mem_process_seqs] Processed 2849068 reads in 3552.022 CPU sec, 89.068 real sec
[M::process] read 617206 sequences (86843160 bp)...
[M::mem_pestat] # candidate unique pairs for (FF, FR, RF, RR): (5, 664569, 65, 11)
[M::mem_pestat] skip orientation FF as there are not enough pairs
[M::mem_pestat] analyzing insert size distribution for orientation FR...
[M::mem_pestat] (25, 50, 75) percentile: (171, 227, 297)
[M::mem_pestat] low and high boundaries for computing mean and std.dev: (1, 549)
[M::mem_pestat] mean and std.dev: (237.84, 92.88)
[M::mem_pestat] low and high boundaries for proper pairs: (1, 675)
[M::mem_pestat] analyzing insert size distribution for orientation RF...
[M::mem_pestat] (25, 50, 75) percentile: (156, 223, 1638)
[M::mem_pestat] low and high boundaries for computing mean and std.dev: (1, 4602)
[M::mem_pestat] mean and std.dev: (687.34, 931.84)
[M::mem_pestat] low and high boundaries for proper pairs: (1, 6084)
[M::mem_pestat] analyzing insert size distribution for orientation RR...
[M::mem_pestat] (25, 50, 75) percentile: (276, 396, 1983)
[M::mem_pestat] low and high boundaries for computing mean and std.dev: (1, 5397)
[M::mem_pestat] mean and std.dev: (812.00, 968.61)
[M::mem_pestat] low and high boundaries for proper pairs: (1, 7104)
[M::mem_pestat] skip orientation RF
[M::mem_pestat] skip orientation RR
[M::mem_process_seqs] Processed 2845832 reads in 3520.734 CPU sec, 88.268 real sec
[M::mem_pestat] # candidate unique pairs for (FF, FR, RF, RR): (3, 143650, 11, 1)
[M::mem_pestat] skip orientation FF as there are not enough pairs
[M::mem_pestat] analyzing insert size distribution for orientation FR...
[M::mem_pestat] (25, 50, 75) percentile: (171, 227, 296)
[M::mem_pestat] low and high boundaries for computing mean and std.dev: (1, 546)
[M::mem_pestat] mean and std.dev: (237.58, 92.71)
[M::mem_pestat] low and high boundaries for proper pairs: (1, 671)
[M::mem_pestat] analyzing insert size distribution for orientation RF...
[M::mem_pestat] (25, 50, 75) percentile: (80, 149, 452)
[M::mem_pestat] low and high boundaries for computing mean and std.dev: (1, 1196)
[M::mem_pestat] mean and std.dev: (162.78, 143.61)
[M::mem_pestat] low and high boundaries for proper pairs: (1, 1568)
[M::mem_pestat] skip orientation RR as there are not enough pairs
[M::mem_pestat] skip orientation RF
[M::mem_process_seqs] Processed 617206 reads in 801.993 CPU sec, 20.198 real sec
[main] Version: 0.7.17-r1188
[main] CMD: /home/shared/bwa-0.7.17/bwa mem -M -t 40 ../data/bwa-GCF_031168955.1_ASM3116895v1_genomic ../data/trimmed-fastqs-heatwave-genetics/MHW184_trimmed_clipped_R1_paired.fq.gz ../data/trimmed-fastqs-heatwave-genetics/MHW184_trimmed_clipped_R2_paired.fq.gz
[main] Real time: 2305.852 sec; CPU: 91384.516 sec
