[M::bwa_idx_load_from_disk] read 0 ALT contigs
[M::process] read 2837980 sequences (400000074 bp)...
[M::process] read 2828444 sequences (400000205 bp)...
[M::mem_pestat] # candidate unique pairs for (FF, FR, RF, RR): (9, 760198, 72, 15)
[M::mem_pestat] skip orientation FF as there are not enough pairs
[M::mem_pestat] analyzing insert size distribution for orientation FR...
[M::mem_pestat] (25, 50, 75) percentile: (167, 209, 264)
[M::mem_pestat] low and high boundaries for computing mean and std.dev: (1, 458)
[M::mem_pestat] mean and std.dev: (218.45, 72.90)
[M::mem_pestat] low and high boundaries for proper pairs: (1, 555)
[M::mem_pestat] analyzing insert size distribution for orientation RF...
[M::mem_pestat] (25, 50, 75) percentile: (127, 223, 378)
[M::mem_pestat] low and high boundaries for computing mean and std.dev: (1, 880)
[M::mem_pestat] mean and std.dev: (210.97, 157.25)
[M::mem_pestat] low and high boundaries for proper pairs: (1, 1131)
[M::mem_pestat] analyzing insert size distribution for orientation RR...
[M::mem_pestat] (25, 50, 75) percentile: (256, 434, 1293)
[M::mem_pestat] low and high boundaries for computing mean and std.dev: (1, 3367)
[M::mem_pestat] mean and std.dev: (718.86, 816.79)
[M::mem_pestat] low and high boundaries for proper pairs: (1, 4404)
[M::mem_pestat] skip orientation RF
[M::mem_pestat] skip orientation RR
[M::mem_process_seqs] Processed 2837980 reads in 3046.833 CPU sec, 76.447 real sec
[M::process] read 2827908 sequences (400000038 bp)...
[M::mem_pestat] # candidate unique pairs for (FF, FR, RF, RR): (9, 753207, 79, 7)
[M::mem_pestat] skip orientation FF as there are not enough pairs
[M::mem_pestat] analyzing insert size distribution for orientation FR...
[M::mem_pestat] (25, 50, 75) percentile: (172, 216, 275)
[M::mem_pestat] low and high boundaries for computing mean and std.dev: (1, 481)
[M::mem_pestat] mean and std.dev: (226.35, 75.93)
[M::mem_pestat] low and high boundaries for proper pairs: (1, 584)
[M::mem_pestat] analyzing insert size distribution for orientation RF...
[M::mem_pestat] (25, 50, 75) percentile: (125, 223, 385)
[M::mem_pestat] low and high boundaries for computing mean and std.dev: (1, 905)
[M::mem_pestat] mean and std.dev: (181.86, 128.89)
[M::mem_pestat] low and high boundaries for proper pairs: (1, 1165)
[M::mem_pestat] skip orientation RR as there are not enough pairs
[M::mem_pestat] skip orientation RF
[M::mem_process_seqs] Processed 2828444 reads in 3187.659 CPU sec, 79.984 real sec
[M::process] read 2830510 sequences (400000013 bp)...
[M::mem_pestat] # candidate unique pairs for (FF, FR, RF, RR): (17, 756822, 63, 3)
[M::mem_pestat] analyzing insert size distribution for orientation FF...
[M::mem_pestat] (25, 50, 75) percentile: (372, 653, 3365)
[M::mem_pestat] low and high boundaries for computing mean and std.dev: (1, 9351)
[M::mem_pestat] mean and std.dev: (1827.82, 2326.51)
[M::mem_pestat] low and high boundaries for proper pairs: (1, 12344)
[M::mem_pestat] analyzing insert size distribution for orientation FR...
[M::mem_pestat] (25, 50, 75) percentile: (170, 213, 270)
[M::mem_pestat] low and high boundaries for computing mean and std.dev: (1, 470)
[M::mem_pestat] mean and std.dev: (222.78, 74.60)
[M::mem_pestat] low and high boundaries for proper pairs: (1, 570)
[M::mem_pestat] analyzing insert size distribution for orientation RF...
[M::mem_pestat] (25, 50, 75) percentile: (154, 227, 1802)
[M::mem_pestat] low and high boundaries for computing mean and std.dev: (1, 5098)
[M::mem_pestat] mean and std.dev: (834.49, 1237.66)
[M::mem_pestat] low and high boundaries for proper pairs: (1, 6746)
[M::mem_pestat] skip orientation RR as there are not enough pairs
[M::mem_pestat] skip orientation FF
[M::mem_pestat] skip orientation RF
[M::mem_process_seqs] Processed 2827908 reads in 3169.568 CPU sec, 79.555 real sec
[M::process] read 2826954 sequences (400000263 bp)...
[M::mem_pestat] # candidate unique pairs for (FF, FR, RF, RR): (12, 755191, 65, 6)
[M::mem_pestat] analyzing insert size distribution for orientation FF...
[M::mem_pestat] (25, 50, 75) percentile: (176, 549, 1522)
[M::mem_pestat] low and high boundaries for computing mean and std.dev: (1, 4214)
[M::mem_pestat] mean and std.dev: (745.00, 785.26)
[M::mem_pestat] low and high boundaries for proper pairs: (1, 5560)
[M::mem_pestat] analyzing insert size distribution for orientation FR...
[M::mem_pestat] (25, 50, 75) percentile: (171, 214, 271)
[M::mem_pestat] low and high boundaries for computing mean and std.dev: (1, 471)
[M::mem_pestat] mean and std.dev: (223.72, 74.85)
[M::mem_pestat] low and high boundaries for proper pairs: (1, 571)
[M::mem_pestat] analyzing insert size distribution for orientation RF...
[M::mem_pestat] (25, 50, 75) percentile: (223, 886, 2771)
[M::mem_pestat] low and high boundaries for computing mean and std.dev: (1, 7867)
[M::mem_pestat] mean and std.dev: (1500.36, 1822.06)
[M::mem_pestat] low and high boundaries for proper pairs: (1, 10415)
[M::mem_pestat] skip orientation RR as there are not enough pairs
[M::mem_pestat] skip orientation FF
[M::mem_pestat] skip orientation RF
[M::mem_process_seqs] Processed 2830510 reads in 3221.816 CPU sec, 80.817 real sec
[M::process] read 2831004 sequences (400000221 bp)...
[M::mem_pestat] # candidate unique pairs for (FF, FR, RF, RR): (7, 753207, 77, 13)
[M::mem_pestat] skip orientation FF as there are not enough pairs
[M::mem_pestat] analyzing insert size distribution for orientation FR...
[M::mem_pestat] (25, 50, 75) percentile: (172, 217, 276)
[M::mem_pestat] low and high boundaries for computing mean and std.dev: (1, 484)
[M::mem_pestat] mean and std.dev: (227.12, 76.36)
[M::mem_pestat] low and high boundaries for proper pairs: (1, 588)
[M::mem_pestat] analyzing insert size distribution for orientation RF...
[M::mem_pestat] (25, 50, 75) percentile: (167, 226, 1439)
[M::mem_pestat] low and high boundaries for computing mean and std.dev: (1, 3983)
[M::mem_pestat] mean and std.dev: (667.80, 826.87)
[M::mem_pestat] low and high boundaries for proper pairs: (1, 5255)
[M::mem_pestat] analyzing insert size distribution for orientation RR...
[M::mem_pestat] (25, 50, 75) percentile: (435, 2442, 6550)
[M::mem_pestat] low and high boundaries for computing mean and std.dev: (1, 18780)
[M::mem_pestat] mean and std.dev: (3662.31, 3448.85)
[M::mem_pestat] low and high boundaries for proper pairs: (1, 24895)
[M::mem_pestat] skip orientation RF
[M::mem_pestat] skip orientation RR
[M::mem_process_seqs] Processed 2826954 reads in 3227.922 CPU sec, 81.172 real sec
[M::process] read 2821994 sequences (400000081 bp)...
[M::mem_pestat] # candidate unique pairs for (FF, FR, RF, RR): (5, 757779, 55, 12)
[M::mem_pestat] skip orientation FF as there are not enough pairs
[M::mem_pestat] analyzing insert size distribution for orientation FR...
[M::mem_pestat] (25, 50, 75) percentile: (168, 211, 267)
[M::mem_pestat] low and high boundaries for computing mean and std.dev: (1, 465)
[M::mem_pestat] mean and std.dev: (220.66, 74.06)
[M::mem_pestat] low and high boundaries for proper pairs: (1, 564)
[M::mem_pestat] analyzing insert size distribution for orientation RF...
[M::mem_pestat] (25, 50, 75) percentile: (91, 223, 507)
[M::mem_pestat] low and high boundaries for computing mean and std.dev: (1, 1339)
[M::mem_pestat] mean and std.dev: (245.02, 280.53)
[M::mem_pestat] low and high boundaries for proper pairs: (1, 1755)
[M::mem_pestat] analyzing insert size distribution for orientation RR...
[M::mem_pestat] (25, 50, 75) percentile: (163, 921, 3492)
[M::mem_pestat] low and high boundaries for computing mean and std.dev: (1, 10150)
[M::mem_pestat] mean and std.dev: (1668.08, 1731.97)
[M::mem_pestat] low and high boundaries for proper pairs: (1, 13479)
[M::mem_pestat] skip orientation RF
[M::mem_pestat] skip orientation RR
[M::mem_process_seqs] Processed 2831004 reads in 3195.750 CPU sec, 79.956 real sec
[M::process] read 2851858 sequences (400000194 bp)...
[M::mem_pestat] # candidate unique pairs for (FF, FR, RF, RR): (13, 749548, 48, 6)
[M::mem_pestat] analyzing insert size distribution for orientation FF...
[M::mem_pestat] (25, 50, 75) percentile: (843, 1940, 3764)
[M::mem_pestat] low and high boundaries for computing mean and std.dev: (1, 9606)
[M::mem_pestat] mean and std.dev: (2516.85, 2400.05)
[M::mem_pestat] low and high boundaries for proper pairs: (1, 12527)
[M::mem_pestat] analyzing insert size distribution for orientation FR...
[M::mem_pestat] (25, 50, 75) percentile: (174, 219, 279)
[M::mem_pestat] low and high boundaries for computing mean and std.dev: (1, 489)
[M::mem_pestat] mean and std.dev: (229.25, 76.89)
[M::mem_pestat] low and high boundaries for proper pairs: (1, 594)
[M::mem_pestat] analyzing insert size distribution for orientation RF...
[M::mem_pestat] (25, 50, 75) percentile: (223, 224, 1386)
[M::mem_pestat] low and high boundaries for computing mean and std.dev: (1, 3712)
[M::mem_pestat] mean and std.dev: (624.29, 790.68)
[M::mem_pestat] low and high boundaries for proper pairs: (1, 4875)
[M::mem_pestat] skip orientation RR as there are not enough pairs
[M::mem_pestat] skip orientation FF
[M::mem_pestat] skip orientation RF
[M::mem_process_seqs] Processed 2821994 reads in 3267.097 CPU sec, 82.058 real sec
[M::process] read 2845390 sequences (400000014 bp)...
[M::mem_pestat] # candidate unique pairs for (FF, FR, RF, RR): (6, 750915, 51, 6)
[M::mem_pestat] skip orientation FF as there are not enough pairs
[M::mem_pestat] analyzing insert size distribution for orientation FR...
[M::mem_pestat] (25, 50, 75) percentile: (172, 216, 274)
[M::mem_pestat] low and high boundaries for computing mean and std.dev: (1, 478)
[M::mem_pestat] mean and std.dev: (226.01, 75.91)
[M::mem_pestat] low and high boundaries for proper pairs: (1, 580)
[M::mem_pestat] analyzing insert size distribution for orientation RF...
[M::mem_pestat] (25, 50, 75) percentile: (223, 244, 1346)
[M::mem_pestat] low and high boundaries for computing mean and std.dev: (1, 3592)
[M::mem_pestat] mean and std.dev: (566.52, 742.12)
[M::mem_pestat] low and high boundaries for proper pairs: (1, 4715)
[M::mem_pestat] skip orientation RR as there are not enough pairs
[M::mem_pestat] skip orientation RF
[M::mem_process_seqs] Processed 2851858 reads in 3212.276 CPU sec, 80.588 real sec
[M::process] read 2844718 sequences (400000168 bp)...
[M::mem_pestat] # candidate unique pairs for (FF, FR, RF, RR): (14, 750618, 61, 4)
[M::mem_pestat] analyzing insert size distribution for orientation FF...
[M::mem_pestat] (25, 50, 75) percentile: (287, 428, 1456)
[M::mem_pestat] low and high boundaries for computing mean and std.dev: (1, 3794)
[M::mem_pestat] mean and std.dev: (574.50, 461.63)
[M::mem_pestat] low and high boundaries for proper pairs: (1, 4963)
[M::mem_pestat] analyzing insert size distribution for orientation FR...
[M::mem_pestat] (25, 50, 75) percentile: (173, 218, 276)
[M::mem_pestat] low and high boundaries for computing mean and std.dev: (1, 482)
[M::mem_pestat] mean and std.dev: (227.49, 76.41)
[M::mem_pestat] low and high boundaries for proper pairs: (1, 585)
[M::mem_pestat] analyzing insert size distribution for orientation RF...
[M::mem_pestat] (25, 50, 75) percentile: (146, 226, 1304)
[M::mem_pestat] low and high boundaries for computing mean and std.dev: (1, 3620)
[M::mem_pestat] mean and std.dev: (520.45, 718.49)
[M::mem_pestat] low and high boundaries for proper pairs: (1, 4778)
[M::mem_pestat] skip orientation RR as there are not enough pairs
[M::mem_pestat] skip orientation FF
[M::mem_pestat] skip orientation RF
[M::mem_process_seqs] Processed 2845390 reads in 3241.858 CPU sec, 81.559 real sec
[M::process] read 2857184 sequences (400000165 bp)...
[M::mem_pestat] # candidate unique pairs for (FF, FR, RF, RR): (16, 751516, 80, 10)
[M::mem_pestat] analyzing insert size distribution for orientation FF...
[M::mem_pestat] (25, 50, 75) percentile: (312, 2454, 3075)
[M::mem_pestat] low and high boundaries for computing mean and std.dev: (1, 8601)
[M::mem_pestat] mean and std.dev: (1944.00, 1496.14)
[M::mem_pestat] low and high boundaries for proper pairs: (1, 11364)
[M::mem_pestat] analyzing insert size distribution for orientation FR...
[M::mem_pestat] (25, 50, 75) percentile: (173, 217, 276)
[M::mem_pestat] low and high boundaries for computing mean and std.dev: (1, 482)
[M::mem_pestat] mean and std.dev: (227.35, 76.40)
[M::mem_pestat] low and high boundaries for proper pairs: (1, 585)
[M::mem_pestat] analyzing insert size distribution for orientation RF...
[M::mem_pestat] (25, 50, 75) percentile: (223, 288, 2113)
[M::mem_pestat] low and high boundaries for computing mean and std.dev: (1, 5893)
[M::mem_pestat] mean and std.dev: (873.07, 1261.75)
[M::mem_pestat] low and high boundaries for proper pairs: (1, 7783)
[M::mem_pestat] analyzing insert size distribution for orientation RR...
[M::mem_pestat] (25, 50, 75) percentile: (150, 2038, 4044)
[M::mem_pestat] low and high boundaries for computing mean and std.dev: (1, 11832)
[M::mem_pestat] mean and std.dev: (2414.00, 2137.06)
[M::mem_pestat] low and high boundaries for proper pairs: (1, 15726)
[M::mem_pestat] skip orientation FF
[M::mem_pestat] skip orientation RF
[M::mem_pestat] skip orientation RR
[M::mem_process_seqs] Processed 2844718 reads in 3243.820 CPU sec, 81.152 real sec
[M::process] read 2845088 sequences (400000058 bp)...
[M::mem_pestat] # candidate unique pairs for (FF, FR, RF, RR): (8, 752667, 73, 14)
[M::mem_pestat] skip orientation FF as there are not enough pairs
[M::mem_pestat] analyzing insert size distribution for orientation FR...
[M::mem_pestat] (25, 50, 75) percentile: (173, 217, 277)
[M::mem_pestat] low and high boundaries for computing mean and std.dev: (1, 485)
[M::mem_pestat] mean and std.dev: (227.58, 76.74)
[M::mem_pestat] low and high boundaries for proper pairs: (1, 589)
[M::mem_pestat] analyzing insert size distribution for orientation RF...
[M::mem_pestat] (25, 50, 75) percentile: (223, 224, 992)
[M::mem_pestat] low and high boundaries for computing mean and std.dev: (1, 2530)
[M::mem_pestat] mean and std.dev: (473.27, 573.19)
[M::mem_pestat] low and high boundaries for proper pairs: (1, 3299)
[M::mem_pestat] analyzing insert size distribution for orientation RR...
[M::mem_pestat] (25, 50, 75) percentile: (112, 319, 2625)
[M::mem_pestat] low and high boundaries for computing mean and std.dev: (1, 7651)
[M::mem_pestat] mean and std.dev: (1773.07, 2294.39)
[M::mem_pestat] low and high boundaries for proper pairs: (1, 10951)
[M::mem_pestat] skip orientation RF
[M::mem_pestat] skip orientation RR
[M::mem_process_seqs] Processed 2857184 reads in 3383.168 CPU sec, 84.849 real sec
[M::process] read 2847318 sequences (400000020 bp)...
[M::mem_pestat] # candidate unique pairs for (FF, FR, RF, RR): (10, 749179, 50, 8)
[M::mem_pestat] analyzing insert size distribution for orientation FF...
[M::mem_pestat] (25, 50, 75) percentile: (105, 221, 385)
[M::mem_pestat] low and high boundaries for computing mean and std.dev: (1, 945)
[M::mem_pestat] mean and std.dev: (165.25, 108.35)
[M::mem_pestat] low and high boundaries for proper pairs: (1, 1225)
[M::mem_pestat] analyzing insert size distribution for orientation FR...
[M::mem_pestat] (25, 50, 75) percentile: (174, 219, 279)
[M::mem_pestat] low and high boundaries for computing mean and std.dev: (1, 489)
[M::mem_pestat] mean and std.dev: (229.27, 77.18)
[M::mem_pestat] low and high boundaries for proper pairs: (1, 594)
[M::mem_pestat] analyzing insert size distribution for orientation RF...
[M::mem_pestat] (25, 50, 75) percentile: (223, 224, 988)
[M::mem_pestat] low and high boundaries for computing mean and std.dev: (1, 2518)
[M::mem_pestat] mean and std.dev: (376.07, 306.19)
[M::mem_pestat] low and high boundaries for proper pairs: (1, 3283)
[M::mem_pestat] skip orientation RR as there are not enough pairs
[M::mem_pestat] skip orientation FF
[M::mem_pestat] skip orientation RF
[M::mem_process_seqs] Processed 2845088 reads in 3276.127 CPU sec, 82.369 real sec
[M::process] read 2830594 sequences (400000226 bp)...
[M::mem_pestat] # candidate unique pairs for (FF, FR, RF, RR): (14, 753386, 63, 11)
[M::mem_pestat] analyzing insert size distribution for orientation FF...
[M::mem_pestat] (25, 50, 75) percentile: (440, 1511, 5712)
[M::mem_pestat] low and high boundaries for computing mean and std.dev: (1, 16256)
[M::mem_pestat] mean and std.dev: (3081.14, 3123.68)
[M::mem_pestat] low and high boundaries for proper pairs: (1, 21528)
[M::mem_pestat] analyzing insert size distribution for orientation FR...
[M::mem_pestat] (25, 50, 75) percentile: (173, 217, 276)
[M::mem_pestat] low and high boundaries for computing mean and std.dev: (1, 482)
[M::mem_pestat] mean and std.dev: (227.06, 76.15)
[M::mem_pestat] low and high boundaries for proper pairs: (1, 585)
[M::mem_pestat] analyzing insert size distribution for orientation RF...
[M::mem_pestat] (25, 50, 75) percentile: (223, 268, 1722)
[M::mem_pestat] low and high boundaries for computing mean and std.dev: (1, 4720)
[M::mem_pestat] mean and std.dev: (851.68, 1089.73)
[M::mem_pestat] low and high boundaries for proper pairs: (1, 6219)
[M::mem_pestat] analyzing insert size distribution for orientation RR...
[M::mem_pestat] (25, 50, 75) percentile: (217, 219, 3812)
[M::mem_pestat] low and high boundaries for computing mean and std.dev: (1, 11002)
[M::mem_pestat] mean and std.dev: (1506.18, 1713.19)
[M::mem_pestat] low and high boundaries for proper pairs: (1, 14597)
[M::mem_pestat] skip orientation FF
[M::mem_pestat] skip orientation RF
[M::mem_pestat] skip orientation RR
[M::mem_process_seqs] Processed 2847318 reads in 3278.296 CPU sec, 82.019 real sec
[M::process] read 2829326 sequences (400000059 bp)...
[M::mem_pestat] # candidate unique pairs for (FF, FR, RF, RR): (9, 750427, 75, 8)
[M::mem_pestat] skip orientation FF as there are not enough pairs
[M::mem_pestat] analyzing insert size distribution for orientation FR...
[M::mem_pestat] (25, 50, 75) percentile: (173, 218, 277)
[M::mem_pestat] low and high boundaries for computing mean and std.dev: (1, 485)
[M::mem_pestat] mean and std.dev: (228.04, 76.95)
[M::mem_pestat] low and high boundaries for proper pairs: (1, 589)
[M::mem_pestat] analyzing insert size distribution for orientation RF...
[M::mem_pestat] (25, 50, 75) percentile: (223, 253, 1130)
[M::mem_pestat] low and high boundaries for computing mean and std.dev: (1, 2944)
[M::mem_pestat] mean and std.dev: (398.87, 479.25)
[M::mem_pestat] low and high boundaries for proper pairs: (1, 3851)
[M::mem_pestat] skip orientation RR as there are not enough pairs
[M::mem_pestat] skip orientation RF
[M::mem_process_seqs] Processed 2830594 reads in 3280.456 CPU sec, 82.282 real sec
[M::process] read 2826136 sequences (400000011 bp)...
[M::mem_pestat] # candidate unique pairs for (FF, FR, RF, RR): (6, 755203, 55, 7)
[M::mem_pestat] skip orientation FF as there are not enough pairs
[M::mem_pestat] analyzing insert size distribution for orientation FR...
[M::mem_pestat] (25, 50, 75) percentile: (170, 213, 270)
[M::mem_pestat] low and high boundaries for computing mean and std.dev: (1, 470)
[M::mem_pestat] mean and std.dev: (222.60, 74.82)
[M::mem_pestat] low and high boundaries for proper pairs: (1, 570)
[M::mem_pestat] analyzing insert size distribution for orientation RF...
[M::mem_pestat] (25, 50, 75) percentile: (223, 225, 1219)
[M::mem_pestat] low and high boundaries for computing mean and std.dev: (1, 3211)
[M::mem_pestat] mean and std.dev: (626.69, 737.15)
[M::mem_pestat] low and high boundaries for proper pairs: (1, 4207)
[M::mem_pestat] skip orientation RR as there are not enough pairs
[M::mem_pestat] skip orientation RF
[M::mem_process_seqs] Processed 2829326 reads in 3206.439 CPU sec, 80.614 real sec
[M::process] read 2827486 sequences (400000153 bp)...
[M::mem_pestat] # candidate unique pairs for (FF, FR, RF, RR): (7, 752905, 76, 6)
[M::mem_pestat] skip orientation FF as there are not enough pairs
[M::mem_pestat] analyzing insert size distribution for orientation FR...
[M::mem_pestat] (25, 50, 75) percentile: (171, 216, 274)
[M::mem_pestat] low and high boundaries for computing mean and std.dev: (1, 480)
[M::mem_pestat] mean and std.dev: (225.61, 75.86)
[M::mem_pestat] low and high boundaries for proper pairs: (1, 583)
[M::mem_pestat] analyzing insert size distribution for orientation RF...
[M::mem_pestat] (25, 50, 75) percentile: (132, 245, 1378)
[M::mem_pestat] low and high boundaries for computing mean and std.dev: (1, 3870)
[M::mem_pestat] mean and std.dev: (732.86, 861.58)
[M::mem_pestat] low and high boundaries for proper pairs: (1, 5116)
[M::mem_pestat] skip orientation RR as there are not enough pairs
[M::mem_pestat] skip orientation RF
[M::mem_process_seqs] Processed 2826136 reads in 3237.272 CPU sec, 81.168 real sec
[M::process] read 2831138 sequences (400000200 bp)...
[M::mem_pestat] # candidate unique pairs for (FF, FR, RF, RR): (7, 753909, 61, 10)
[M::mem_pestat] skip orientation FF as there are not enough pairs
[M::mem_pestat] analyzing insert size distribution for orientation FR...
[M::mem_pestat] (25, 50, 75) percentile: (172, 216, 274)
[M::mem_pestat] low and high boundaries for computing mean and std.dev: (1, 478)
[M::mem_pestat] mean and std.dev: (225.47, 75.51)
[M::mem_pestat] low and high boundaries for proper pairs: (1, 580)
[M::mem_pestat] analyzing insert size distribution for orientation RF...
[M::mem_pestat] (25, 50, 75) percentile: (157, 224, 627)
[M::mem_pestat] low and high boundaries for computing mean and std.dev: (1, 1567)
[M::mem_pestat] mean and std.dev: (307.48, 311.88)
[M::mem_pestat] low and high boundaries for proper pairs: (1, 2037)
[M::mem_pestat] analyzing insert size distribution for orientation RR...
[M::mem_pestat] (25, 50, 75) percentile: (120, 280, 1050)
[M::mem_pestat] low and high boundaries for computing mean and std.dev: (1, 2910)
[M::mem_pestat] mean and std.dev: (720.10, 915.09)
[M::mem_pestat] low and high boundaries for proper pairs: (1, 4380)
[M::mem_pestat] skip orientation RF
[M::mem_pestat] skip orientation RR
[M::mem_process_seqs] Processed 2827486 reads in 3227.297 CPU sec, 80.910 real sec
[M::process] read 2823820 sequences (400000268 bp)...
[M::mem_pestat] # candidate unique pairs for (FF, FR, RF, RR): (9, 755936, 79, 9)
[M::mem_pestat] skip orientation FF as there are not enough pairs
[M::mem_pestat] analyzing insert size distribution for orientation FR...
[M::mem_pestat] (25, 50, 75) percentile: (170, 213, 270)
[M::mem_pestat] low and high boundaries for computing mean and std.dev: (1, 470)
[M::mem_pestat] mean and std.dev: (222.65, 74.63)
[M::mem_pestat] low and high boundaries for proper pairs: (1, 570)
[M::mem_pestat] analyzing insert size distribution for orientation RF...
[M::mem_pestat] (25, 50, 75) percentile: (223, 616, 1556)
[M::mem_pestat] low and high boundaries for computing mean and std.dev: (1, 4222)
[M::mem_pestat] mean and std.dev: (644.95, 676.84)
[M::mem_pestat] low and high boundaries for proper pairs: (1, 5555)
[M::mem_pestat] skip orientation RR as there are not enough pairs
[M::mem_pestat] skip orientation RF
[M::mem_process_seqs] Processed 2831138 reads in 3491.673 CPU sec, 94.023 real sec
[M::process] read 2829420 sequences (400000212 bp)...
[M::mem_pestat] # candidate unique pairs for (FF, FR, RF, RR): (15, 752312, 58, 9)
[M::mem_pestat] analyzing insert size distribution for orientation FF...
[M::mem_pestat] (25, 50, 75) percentile: (196, 827, 1932)
[M::mem_pestat] low and high boundaries for computing mean and std.dev: (1, 5404)
[M::mem_pestat] mean and std.dev: (984.50, 1005.90)
[M::mem_pestat] low and high boundaries for proper pairs: (1, 7140)
[M::mem_pestat] analyzing insert size distribution for orientation FR...
[M::mem_pestat] (25, 50, 75) percentile: (174, 219, 278)
[M::mem_pestat] low and high boundaries for computing mean and std.dev: (1, 486)
[M::mem_pestat] mean and std.dev: (228.63, 76.55)
[M::mem_pestat] low and high boundaries for proper pairs: (1, 590)
[M::mem_pestat] analyzing insert size distribution for orientation RF...
[M::mem_pestat] (25, 50, 75) percentile: (223, 438, 2169)
[M::mem_pestat] low and high boundaries for computing mean and std.dev: (1, 6061)
[M::mem_pestat] mean and std.dev: (912.28, 1093.17)
[M::mem_pestat] low and high boundaries for proper pairs: (1, 8007)
[M::mem_pestat] skip orientation RR as there are not enough pairs
[M::mem_pestat] skip orientation FF
[M::mem_pestat] skip orientation RF
[M::mem_process_seqs] Processed 2823820 reads in 3259.969 CPU sec, 81.558 real sec
[M::process] read 2828572 sequences (400000099 bp)...
[M::mem_pestat] # candidate unique pairs for (FF, FR, RF, RR): (7, 755516, 64, 16)
[M::mem_pestat] skip orientation FF as there are not enough pairs
[M::mem_pestat] analyzing insert size distribution for orientation FR...
[M::mem_pestat] (25, 50, 75) percentile: (169, 212, 269)
[M::mem_pestat] low and high boundaries for computing mean and std.dev: (1, 469)
[M::mem_pestat] mean and std.dev: (221.68, 74.49)
[M::mem_pestat] low and high boundaries for proper pairs: (1, 569)
[M::mem_pestat] analyzing insert size distribution for orientation RF...
[M::mem_pestat] (25, 50, 75) percentile: (195, 224, 786)
[M::mem_pestat] low and high boundaries for computing mean and std.dev: (1, 1968)
[M::mem_pestat] mean and std.dev: (367.04, 444.18)
[M::mem_pestat] low and high boundaries for proper pairs: (1, 2559)
[M::mem_pestat] analyzing insert size distribution for orientation RR...
[M::mem_pestat] (25, 50, 75) percentile: (281, 2194, 4236)
[M::mem_pestat] low and high boundaries for computing mean and std.dev: (1, 12146)
[M::mem_pestat] mean and std.dev: (2384.50, 2307.51)
[M::mem_pestat] low and high boundaries for proper pairs: (1, 16101)
[M::mem_pestat] skip orientation RF
[M::mem_pestat] skip orientation RR
[M::mem_process_seqs] Processed 2829420 reads in 3206.182 CPU sec, 80.533 real sec
[M::process] read 2845326 sequences (400000049 bp)...
[M::mem_pestat] # candidate unique pairs for (FF, FR, RF, RR): (12, 749699, 77, 10)
[M::mem_pestat] analyzing insert size distribution for orientation FF...
[M::mem_pestat] (25, 50, 75) percentile: (955, 3844, 4671)
[M::mem_pestat] low and high boundaries for computing mean and std.dev: (1, 12103)
[M::mem_pestat] mean and std.dev: (2690.08, 1901.76)
[M::mem_pestat] low and high boundaries for proper pairs: (1, 15819)
[M::mem_pestat] analyzing insert size distribution for orientation FR...
[M::mem_pestat] (25, 50, 75) percentile: (174, 220, 279)
[M::mem_pestat] low and high boundaries for computing mean and std.dev: (1, 489)
[M::mem_pestat] mean and std.dev: (229.39, 76.84)
[M::mem_pestat] low and high boundaries for proper pairs: (1, 594)
[M::mem_pestat] analyzing insert size distribution for orientation RF...
[M::mem_pestat] (25, 50, 75) percentile: (163, 308, 1226)
[M::mem_pestat] low and high boundaries for computing mean and std.dev: (1, 3352)
[M::mem_pestat] mean and std.dev: (571.75, 724.45)
[M::mem_pestat] low and high boundaries for proper pairs: (1, 4415)
[M::mem_pestat] analyzing insert size distribution for orientation RR...
[M::mem_pestat] (25, 50, 75) percentile: (167, 1303, 4838)
[M::mem_pestat] low and high boundaries for computing mean and std.dev: (1, 14180)
[M::mem_pestat] mean and std.dev: (2088.50, 2177.65)
[M::mem_pestat] low and high boundaries for proper pairs: (1, 18851)
[M::mem_pestat] skip orientation FF
[M::mem_pestat] skip orientation RF
[M::mem_pestat] skip orientation RR
[M::mem_process_seqs] Processed 2828572 reads in 3274.753 CPU sec, 82.346 real sec
[M::process] read 2847894 sequences (400000209 bp)...
[M::mem_pestat] # candidate unique pairs for (FF, FR, RF, RR): (15, 748778, 73, 20)
[M::mem_pestat] analyzing insert size distribution for orientation FF...
[M::mem_pestat] (25, 50, 75) percentile: (588, 588, 921)
[M::mem_pestat] low and high boundaries for computing mean and std.dev: (1, 1587)
[M::mem_pestat] mean and std.dev: (503.83, 322.73)
[M::mem_pestat] low and high boundaries for proper pairs: (1, 1920)
[M::mem_pestat] analyzing insert size distribution for orientation FR...
[M::mem_pestat] (25, 50, 75) percentile: (173, 219, 278)
[M::mem_pestat] low and high boundaries for computing mean and std.dev: (1, 488)
[M::mem_pestat] mean and std.dev: (228.64, 77.08)
[M::mem_pestat] low and high boundaries for proper pairs: (1, 593)
[M::mem_pestat] analyzing insert size distribution for orientation RF...
[M::mem_pestat] (25, 50, 75) percentile: (159, 223, 491)
[M::mem_pestat] low and high boundaries for computing mean and std.dev: (1, 1155)
[M::mem_pestat] mean and std.dev: (294.55, 234.81)
[M::mem_pestat] low and high boundaries for proper pairs: (1, 1487)
[M::mem_pestat] analyzing insert size distribution for orientation RR...
[M::mem_pestat] (25, 50, 75) percentile: (100, 223, 457)
[M::mem_pestat] low and high boundaries for computing mean and std.dev: (1, 1171)
[M::mem_pestat] mean and std.dev: (168.94, 120.89)
[M::mem_pestat] low and high boundaries for proper pairs: (1, 1528)
[M::mem_pestat] skip orientation FF
[M::mem_pestat] skip orientation RF
[M::mem_pestat] skip orientation RR
[M::mem_process_seqs] Processed 2845326 reads in 3297.776 CPU sec, 82.494 real sec
[M::process] read 2844340 sequences (400000227 bp)...
[M::mem_pestat] # candidate unique pairs for (FF, FR, RF, RR): (11, 749014, 79, 11)
[M::mem_pestat] analyzing insert size distribution for orientation FF...
[M::mem_pestat] (25, 50, 75) percentile: (180, 194, 933)
[M::mem_pestat] low and high boundaries for computing mean and std.dev: (1, 2439)
[M::mem_pestat] mean and std.dev: (523.30, 569.08)
[M::mem_pestat] low and high boundaries for proper pairs: (1, 3192)
[M::mem_pestat] analyzing insert size distribution for orientation FR...
[M::mem_pestat] (25, 50, 75) percentile: (173, 218, 278)
[M::mem_pestat] low and high boundaries for computing mean and std.dev: (1, 488)
[M::mem_pestat] mean and std.dev: (228.51, 77.20)
[M::mem_pestat] low and high boundaries for proper pairs: (1, 593)
[M::mem_pestat] analyzing insert size distribution for orientation RF...
[M::mem_pestat] (25, 50, 75) percentile: (172, 376, 1569)
[M::mem_pestat] low and high boundaries for computing mean and std.dev: (1, 4363)
[M::mem_pestat] mean and std.dev: (902.17, 1130.21)
[M::mem_pestat] low and high boundaries for proper pairs: (1, 5760)
[M::mem_pestat] analyzing insert size distribution for orientation RR...
[M::mem_pestat] (25, 50, 75) percentile: (184, 311, 1313)
[M::mem_pestat] low and high boundaries for computing mean and std.dev: (1, 3571)
[M::mem_pestat] mean and std.dev: (445.89, 410.21)
[M::mem_pestat] low and high boundaries for proper pairs: (1, 4700)
[M::mem_pestat] skip orientation FF
[M::mem_pestat] skip orientation RF
[M::mem_pestat] skip orientation RR
[M::mem_process_seqs] Processed 2847894 reads in 3395.732 CPU sec, 85.423 real sec
[M::process] read 2850806 sequences (400000008 bp)...
[M::mem_pestat] # candidate unique pairs for (FF, FR, RF, RR): (10, 750303, 70, 12)
[M::mem_pestat] analyzing insert size distribution for orientation FF...
[M::mem_pestat] (25, 50, 75) percentile: (125, 175, 409)
[M::mem_pestat] low and high boundaries for computing mean and std.dev: (1, 977)
[M::mem_pestat] mean and std.dev: (250.30, 175.85)
[M::mem_pestat] low and high boundaries for proper pairs: (1, 1261)
[M::mem_pestat] analyzing insert size distribution for orientation FR...
[M::mem_pestat] (25, 50, 75) percentile: (173, 218, 277)
[M::mem_pestat] low and high boundaries for computing mean and std.dev: (1, 485)
[M::mem_pestat] mean and std.dev: (228.38, 76.79)
[M::mem_pestat] low and high boundaries for proper pairs: (1, 589)
[M::mem_pestat] analyzing insert size distribution for orientation RF...
[M::mem_pestat] (25, 50, 75) percentile: (118, 223, 464)
[M::mem_pestat] low and high boundaries for computing mean and std.dev: (1, 1156)
[M::mem_pestat] mean and std.dev: (217.53, 168.93)
[M::mem_pestat] low and high boundaries for proper pairs: (1, 1502)
[M::mem_pestat] analyzing insert size distribution for orientation RR...
[M::mem_pestat] (25, 50, 75) percentile: (252, 344, 4048)
[M::mem_pestat] low and high boundaries for computing mean and std.dev: (1, 11640)
[M::mem_pestat] mean and std.dev: (2065.50, 2879.01)
[M::mem_pestat] low and high boundaries for proper pairs: (1, 15436)
[M::mem_pestat] skip orientation FF
[M::mem_pestat] skip orientation RF
[M::mem_pestat] skip orientation RR
[M::mem_process_seqs] Processed 2844340 reads in 3357.934 CPU sec, 84.068 real sec
[M::process] read 2850414 sequences (400000218 bp)...
[M::mem_pestat] # candidate unique pairs for (FF, FR, RF, RR): (7, 752246, 73, 6)
[M::mem_pestat] skip orientation FF as there are not enough pairs
[M::mem_pestat] analyzing insert size distribution for orientation FR...
[M::mem_pestat] (25, 50, 75) percentile: (173, 218, 277)
[M::mem_pestat] low and high boundaries for computing mean and std.dev: (1, 485)
[M::mem_pestat] mean and std.dev: (227.85, 76.84)
[M::mem_pestat] low and high boundaries for proper pairs: (1, 589)
[M::mem_pestat] analyzing insert size distribution for orientation RF...
[M::mem_pestat] (25, 50, 75) percentile: (158, 432, 3122)
[M::mem_pestat] low and high boundaries for computing mean and std.dev: (1, 9050)
[M::mem_pestat] mean and std.dev: (1541.99, 1982.06)
[M::mem_pestat] low and high boundaries for proper pairs: (1, 12014)
[M::mem_pestat] skip orientation RR as there are not enough pairs
[M::mem_pestat] skip orientation RF
[M::mem_process_seqs] Processed 2850806 reads in 3952.783 CPU sec, 99.117 real sec
[M::process] read 2839800 sequences (400000097 bp)...
[M::mem_pestat] # candidate unique pairs for (FF, FR, RF, RR): (9, 751003, 67, 7)
[M::mem_pestat] skip orientation FF as there are not enough pairs
[M::mem_pestat] analyzing insert size distribution for orientation FR...
[M::mem_pestat] (25, 50, 75) percentile: (173, 218, 277)
[M::mem_pestat] low and high boundaries for computing mean and std.dev: (1, 485)
[M::mem_pestat] mean and std.dev: (228.29, 76.85)
[M::mem_pestat] low and high boundaries for proper pairs: (1, 589)
[M::mem_pestat] analyzing insert size distribution for orientation RF...
[M::mem_pestat] (25, 50, 75) percentile: (154, 224, 945)
[M::mem_pestat] low and high boundaries for computing mean and std.dev: (1, 2527)
[M::mem_pestat] mean and std.dev: (399.40, 530.47)
[M::mem_pestat] low and high boundaries for proper pairs: (1, 3318)
[M::mem_pestat] skip orientation RR as there are not enough pairs
[M::mem_pestat] skip orientation RF
[M::mem_process_seqs] Processed 2850414 reads in 3372.524 CPU sec, 84.780 real sec
[M::process] read 2828564 sequences (400000142 bp)...
[M::mem_pestat] # candidate unique pairs for (FF, FR, RF, RR): (10, 749842, 77, 9)
[M::mem_pestat] analyzing insert size distribution for orientation FF...
[M::mem_pestat] (25, 50, 75) percentile: (227, 523, 576)
[M::mem_pestat] low and high boundaries for computing mean and std.dev: (1, 1274)
[M::mem_pestat] mean and std.dev: (379.00, 277.93)
[M::mem_pestat] low and high boundaries for proper pairs: (1, 1623)
[M::mem_pestat] analyzing insert size distribution for orientation FR...
[M::mem_pestat] (25, 50, 75) percentile: (173, 218, 277)
[M::mem_pestat] low and high boundaries for computing mean and std.dev: (1, 485)
[M::mem_pestat] mean and std.dev: (227.91, 76.99)
[M::mem_pestat] low and high boundaries for proper pairs: (1, 589)
[M::mem_pestat] analyzing insert size distribution for orientation RF...
[M::mem_pestat] (25, 50, 75) percentile: (203, 225, 2321)
[M::mem_pestat] low and high boundaries for computing mean and std.dev: (1, 6557)
[M::mem_pestat] mean and std.dev: (1099.89, 1502.36)
[M::mem_pestat] low and high boundaries for proper pairs: (1, 8675)
[M::mem_pestat] skip orientation RR as there are not enough pairs
[M::mem_pestat] skip orientation FF
[M::mem_pestat] skip orientation RF
[M::mem_process_seqs] Processed 2839800 reads in 3320.702 CPU sec, 83.081 real sec
[M::process] read 2811240 sequences (400000119 bp)...
[M::mem_pestat] # candidate unique pairs for (FF, FR, RF, RR): (14, 750557, 71, 12)
[M::mem_pestat] analyzing insert size distribution for orientation FF...
[M::mem_pestat] (25, 50, 75) percentile: (143, 602, 884)
[M::mem_pestat] low and high boundaries for computing mean and std.dev: (1, 2366)
[M::mem_pestat] mean and std.dev: (396.36, 282.48)
[M::mem_pestat] low and high boundaries for proper pairs: (1, 3107)
[M::mem_pestat] analyzing insert size distribution for orientation FR...
[M::mem_pestat] (25, 50, 75) percentile: (172, 217, 276)
[M::mem_pestat] low and high boundaries for computing mean and std.dev: (1, 484)
[M::mem_pestat] mean and std.dev: (227.03, 76.62)
[M::mem_pestat] low and high boundaries for proper pairs: (1, 588)
[M::mem_pestat] analyzing insert size distribution for orientation RF...
[M::mem_pestat] (25, 50, 75) percentile: (223, 359, 2102)
[M::mem_pestat] low and high boundaries for computing mean and std.dev: (1, 5860)
[M::mem_pestat] mean and std.dev: (899.17, 1221.35)
[M::mem_pestat] low and high boundaries for proper pairs: (1, 7739)
[M::mem_pestat] analyzing insert size distribution for orientation RR...
[M::mem_pestat] (25, 50, 75) percentile: (135, 1013, 4508)
[M::mem_pestat] low and high boundaries for computing mean and std.dev: (1, 13254)
[M::mem_pestat] mean and std.dev: (2548.00, 3302.08)
[M::mem_pestat] low and high boundaries for proper pairs: (1, 17627)
[M::mem_pestat] skip orientation FF
[M::mem_pestat] skip orientation RF
[M::mem_pestat] skip orientation RR
[M::mem_process_seqs] Processed 2828564 reads in 3270.817 CPU sec, 82.299 real sec
[M::process] read 2811464 sequences (400000288 bp)...
[M::mem_pestat] # candidate unique pairs for (FF, FR, RF, RR): (10, 746354, 67, 9)
[M::mem_pestat] analyzing insert size distribution for orientation FF...
[M::mem_pestat] (25, 50, 75) percentile: (468, 2021, 5470)
[M::mem_pestat] low and high boundaries for computing mean and std.dev: (1, 15474)
[M::mem_pestat] mean and std.dev: (2822.30, 2720.73)
[M::mem_pestat] low and high boundaries for proper pairs: (1, 20476)
[M::mem_pestat] analyzing insert size distribution for orientation FR...
[M::mem_pestat] (25, 50, 75) percentile: (175, 220, 280)
[M::mem_pestat] low and high boundaries for computing mean and std.dev: (1, 490)
[M::mem_pestat] mean and std.dev: (230.51, 77.52)
[M::mem_pestat] low and high boundaries for proper pairs: (1, 595)
[M::mem_pestat] analyzing insert size distribution for orientation RF...
[M::mem_pestat] (25, 50, 75) percentile: (223, 224, 1234)
[M::mem_pestat] low and high boundaries for computing mean and std.dev: (1, 3256)
[M::mem_pestat] mean and std.dev: (633.69, 776.60)
[M::mem_pestat] low and high boundaries for proper pairs: (1, 4267)
[M::mem_pestat] skip orientation RR as there are not enough pairs
[M::mem_pestat] skip orientation FF
[M::mem_pestat] skip orientation RF
[M::mem_process_seqs] Processed 2811240 reads in 3248.365 CPU sec, 81.250 real sec
[M::process] read 2807950 sequences (400000053 bp)...
[M::mem_pestat] # candidate unique pairs for (FF, FR, RF, RR): (9, 745690, 83, 8)
[M::mem_pestat] skip orientation FF as there are not enough pairs
[M::mem_pestat] analyzing insert size distribution for orientation FR...
[M::mem_pestat] (25, 50, 75) percentile: (175, 221, 281)
[M::mem_pestat] low and high boundaries for computing mean and std.dev: (1, 493)
[M::mem_pestat] mean and std.dev: (231.10, 77.73)
[M::mem_pestat] low and high boundaries for proper pairs: (1, 599)
[M::mem_pestat] analyzing insert size distribution for orientation RF...
[M::mem_pestat] (25, 50, 75) percentile: (223, 442, 2244)
[M::mem_pestat] low and high boundaries for computing mean and std.dev: (1, 6286)
[M::mem_pestat] mean and std.dev: (1373.29, 1778.98)
[M::mem_pestat] low and high boundaries for proper pairs: (1, 8489)
[M::mem_pestat] skip orientation RR as there are not enough pairs
[M::mem_pestat] skip orientation RF
[M::mem_process_seqs] Processed 2811464 reads in 3284.695 CPU sec, 82.580 real sec
[M::process] read 2808620 sequences (400000220 bp)...
[M::mem_pestat] # candidate unique pairs for (FF, FR, RF, RR): (9, 744858, 70, 3)
[M::mem_pestat] skip orientation FF as there are not enough pairs
[M::mem_pestat] analyzing insert size distribution for orientation FR...
[M::mem_pestat] (25, 50, 75) percentile: (176, 223, 283)
[M::mem_pestat] low and high boundaries for computing mean and std.dev: (1, 497)
[M::mem_pestat] mean and std.dev: (232.62, 78.11)
[M::mem_pestat] low and high boundaries for proper pairs: (1, 604)
[M::mem_pestat] analyzing insert size distribution for orientation RF...
[M::mem_pestat] (25, 50, 75) percentile: (131, 225, 1258)
[M::mem_pestat] low and high boundaries for computing mean and std.dev: (1, 3512)
[M::mem_pestat] mean and std.dev: (542.50, 705.17)
[M::mem_pestat] low and high boundaries for proper pairs: (1, 4639)
[M::mem_pestat] skip orientation RR as there are not enough pairs
[M::mem_pestat] skip orientation RF
[M::mem_process_seqs] Processed 2807950 reads in 3292.321 CPU sec, 82.586 real sec
[M::process] read 2824912 sequences (400000018 bp)...
[M::mem_pestat] # candidate unique pairs for (FF, FR, RF, RR): (6, 744425, 86, 8)
[M::mem_pestat] skip orientation FF as there are not enough pairs
[M::mem_pestat] analyzing insert size distribution for orientation FR...
[M::mem_pestat] (25, 50, 75) percentile: (175, 221, 281)
[M::mem_pestat] low and high boundaries for computing mean and std.dev: (1, 493)
[M::mem_pestat] mean and std.dev: (231.30, 77.78)
[M::mem_pestat] low and high boundaries for proper pairs: (1, 599)
[M::mem_pestat] analyzing insert size distribution for orientation RF...
[M::mem_pestat] (25, 50, 75) percentile: (223, 226, 1172)
[M::mem_pestat] low and high boundaries for computing mean and std.dev: (1, 3070)
[M::mem_pestat] mean and std.dev: (592.35, 740.97)
[M::mem_pestat] low and high boundaries for proper pairs: (1, 4019)
[M::mem_pestat] skip orientation RR as there are not enough pairs
[M::mem_pestat] skip orientation RF
[M::mem_process_seqs] Processed 2808620 reads in 3275.128 CPU sec, 82.122 real sec
[M::process] read 2824484 sequences (400000176 bp)...
[M::mem_pestat] # candidate unique pairs for (FF, FR, RF, RR): (9, 742626, 60, 11)
[M::mem_pestat] skip orientation FF as there are not enough pairs
[M::mem_pestat] analyzing insert size distribution for orientation FR...
[M::mem_pestat] (25, 50, 75) percentile: (176, 223, 283)
[M::mem_pestat] low and high boundaries for computing mean and std.dev: (1, 497)
[M::mem_pestat] mean and std.dev: (232.61, 78.40)
[M::mem_pestat] low and high boundaries for proper pairs: (1, 604)
[M::mem_pestat] analyzing insert size distribution for orientation RF...
[M::mem_pestat] (25, 50, 75) percentile: (121, 225, 1542)
[M::mem_pestat] low and high boundaries for computing mean and std.dev: (1, 4384)
[M::mem_pestat] mean and std.dev: (701.86, 900.88)
[M::mem_pestat] low and high boundaries for proper pairs: (1, 5805)
[M::mem_pestat] analyzing insert size distribution for orientation RR...
[M::mem_pestat] (25, 50, 75) percentile: (1340, 2046, 4569)
[M::mem_pestat] low and high boundaries for computing mean and std.dev: (1, 11027)
[M::mem_pestat] mean and std.dev: (2727.36, 2141.12)
[M::mem_pestat] low and high boundaries for proper pairs: (1, 14256)
[M::mem_pestat] skip orientation RF
[M::mem_pestat] skip orientation RR
[M::mem_process_seqs] Processed 2824912 reads in 3458.675 CPU sec, 86.704 real sec
[M::process] read 2823244 sequences (400000232 bp)...
[M::mem_pestat] # candidate unique pairs for (FF, FR, RF, RR): (13, 742734, 65, 11)
[M::mem_pestat] analyzing insert size distribution for orientation FF...
[M::mem_pestat] (25, 50, 75) percentile: (299, 495, 2525)
[M::mem_pestat] low and high boundaries for computing mean and std.dev: (1, 6977)
[M::mem_pestat] mean and std.dev: (964.00, 954.06)
[M::mem_pestat] low and high boundaries for proper pairs: (1, 9203)
[M::mem_pestat] analyzing insert size distribution for orientation FR...
[M::mem_pestat] (25, 50, 75) percentile: (176, 222, 283)
[M::mem_pestat] low and high boundaries for computing mean and std.dev: (1, 497)
[M::mem_pestat] mean and std.dev: (232.44, 78.35)
[M::mem_pestat] low and high boundaries for proper pairs: (1, 604)
[M::mem_pestat] analyzing insert size distribution for orientation RF...
[M::mem_pestat] (25, 50, 75) percentile: (223, 226, 1220)
[M::mem_pestat] low and high boundaries for computing mean and std.dev: (1, 3214)
[M::mem_pestat] mean and std.dev: (476.21, 544.87)
[M::mem_pestat] low and high boundaries for proper pairs: (1, 4211)
[M::mem_pestat] analyzing insert size distribution for orientation RR...
[M::mem_pestat] (25, 50, 75) percentile: (620, 2011, 4365)
[M::mem_pestat] low and high boundaries for computing mean and std.dev: (1, 11855)
[M::mem_pestat] mean and std.dev: (2423.73, 2073.93)
[M::mem_pestat] low and high boundaries for proper pairs: (1, 15600)
[M::mem_pestat] skip orientation FF
[M::mem_pestat] skip orientation RF
[M::mem_pestat] skip orientation RR
[M::mem_process_seqs] Processed 2824484 reads in 3658.601 CPU sec, 97.970 real sec
[M::process] read 2821958 sequences (400000048 bp)...
[M::mem_pestat] # candidate unique pairs for (FF, FR, RF, RR): (8, 742859, 65, 19)
[M::mem_pestat] skip orientation FF as there are not enough pairs
[M::mem_pestat] analyzing insert size distribution for orientation FR...
[M::mem_pestat] (25, 50, 75) percentile: (176, 223, 285)
[M::mem_pestat] low and high boundaries for computing mean and std.dev: (1, 503)
[M::mem_pestat] mean and std.dev: (233.63, 79.18)
[M::mem_pestat] low and high boundaries for proper pairs: (1, 612)
[M::mem_pestat] analyzing insert size distribution for orientation RF...
[M::mem_pestat] (25, 50, 75) percentile: (223, 296, 2608)
[M::mem_pestat] low and high boundaries for computing mean and std.dev: (1, 7378)
[M::mem_pestat] mean and std.dev: (1046.40, 1600.00)
[M::mem_pestat] low and high boundaries for proper pairs: (1, 9763)
[M::mem_pestat] analyzing insert size distribution for orientation RR...
[M::mem_pestat] (25, 50, 75) percentile: (472, 562, 3349)
[M::mem_pestat] low and high boundaries for computing mean and std.dev: (1, 9103)
[M::mem_pestat] mean and std.dev: (1578.11, 1561.08)
[M::mem_pestat] low and high boundaries for proper pairs: (1, 11980)
[M::mem_pestat] skip orientation RF
[M::mem_pestat] skip orientation RR
[M::mem_process_seqs] Processed 2823244 reads in 3347.435 CPU sec, 83.739 real sec
[M::process] read 1478342 sequences (210219583 bp)...
[M::mem_pestat] # candidate unique pairs for (FF, FR, RF, RR): (3, 743727, 49, 6)
[M::mem_pestat] skip orientation FF as there are not enough pairs
[M::mem_pestat] analyzing insert size distribution for orientation FR...
[M::mem_pestat] (25, 50, 75) percentile: (176, 223, 285)
[M::mem_pestat] low and high boundaries for computing mean and std.dev: (1, 503)
[M::mem_pestat] mean and std.dev: (233.79, 79.24)
[M::mem_pestat] low and high boundaries for proper pairs: (1, 612)
[M::mem_pestat] analyzing insert size distribution for orientation RF...
[M::mem_pestat] (25, 50, 75) percentile: (154, 223, 588)
[M::mem_pestat] low and high boundaries for computing mean and std.dev: (1, 1456)
[M::mem_pestat] mean and std.dev: (277.21, 250.67)
[M::mem_pestat] low and high boundaries for proper pairs: (1, 1890)
[M::mem_pestat] skip orientation RR as there are not enough pairs
[M::mem_pestat] skip orientation RF
[M::mem_process_seqs] Processed 2821958 reads in 3346.053 CPU sec, 84.119 real sec
[M::mem_pestat] # candidate unique pairs for (FF, FR, RF, RR): (3, 389306, 34, 9)
[M::mem_pestat] skip orientation FF as there are not enough pairs
[M::mem_pestat] analyzing insert size distribution for orientation FR...
[M::mem_pestat] (25, 50, 75) percentile: (177, 225, 287)
[M::mem_pestat] low and high boundaries for computing mean and std.dev: (1, 507)
[M::mem_pestat] mean and std.dev: (235.39, 79.80)
[M::mem_pestat] low and high boundaries for proper pairs: (1, 617)
[M::mem_pestat] analyzing insert size distribution for orientation RF...
[M::mem_pestat] (25, 50, 75) percentile: (195, 226, 1215)
[M::mem_pestat] low and high boundaries for computing mean and std.dev: (1, 3255)
[M::mem_pestat] mean and std.dev: (523.93, 623.87)
[M::mem_pestat] low and high boundaries for proper pairs: (1, 4275)
[M::mem_pestat] skip orientation RR as there are not enough pairs
[M::mem_pestat] skip orientation RF
[M::mem_process_seqs] Processed 1478342 reads in 1765.353 CPU sec, 44.367 real sec
[main] Version: 0.7.17-r1188
[main] CMD: /home/shared/bwa-0.7.17/bwa mem -M -t 40 ../data/bwa-GCF_031168955.1_ASM3116895v1_genomic ../data/trimmed-fastqs-heatwave-genetics/MHW152_trimmed_clipped_R1_paired.fq.gz ../data/trimmed-fastqs-heatwave-genetics/MHW152_trimmed_clipped_R2_paired.fq.gz
[main] Real time: 3051.575 sec; CPU: 120789.134 sec
