[M::bwa_idx_load_from_disk] read 0 ALT contigs
[M::process] read 2833716 sequences (400000131 bp)...
[M::process] read 2822300 sequences (400000151 bp)...
[M::mem_pestat] # candidate unique pairs for (FF, FR, RF, RR): (53, 675632, 247, 63)
[M::mem_pestat] analyzing insert size distribution for orientation FF...
[M::mem_pestat] (25, 50, 75) percentile: (225, 694, 4071)
[M::mem_pestat] low and high boundaries for computing mean and std.dev: (1, 11763)
[M::mem_pestat] mean and std.dev: (2096.53, 2276.75)
[M::mem_pestat] low and high boundaries for proper pairs: (1, 15609)
[M::mem_pestat] analyzing insert size distribution for orientation FR...
[M::mem_pestat] (25, 50, 75) percentile: (170, 221, 286)
[M::mem_pestat] low and high boundaries for computing mean and std.dev: (1, 518)
[M::mem_pestat] mean and std.dev: (230.80, 85.82)
[M::mem_pestat] low and high boundaries for proper pairs: (1, 634)
[M::mem_pestat] analyzing insert size distribution for orientation RF...
[M::mem_pestat] (25, 50, 75) percentile: (277, 1320, 3582)
[M::mem_pestat] low and high boundaries for computing mean and std.dev: (1, 10192)
[M::mem_pestat] mean and std.dev: (2273.91, 2581.83)
[M::mem_pestat] low and high boundaries for proper pairs: (1, 13497)
[M::mem_pestat] analyzing insert size distribution for orientation RR...
[M::mem_pestat] (25, 50, 75) percentile: (280, 1156, 4294)
[M::mem_pestat] low and high boundaries for computing mean and std.dev: (1, 12322)
[M::mem_pestat] mean and std.dev: (2336.98, 2646.53)
[M::mem_pestat] low and high boundaries for proper pairs: (1, 16336)
[M::mem_pestat] skip orientation FF
[M::mem_pestat] skip orientation RF
[M::mem_pestat] skip orientation RR
[M::mem_process_seqs] Processed 2833716 reads in 4335.878 CPU sec, 133.321 real sec
[M::process] read 2825094 sequences (400000264 bp)...
[M::mem_pestat] # candidate unique pairs for (FF, FR, RF, RR): (55, 663702, 215, 56)
[M::mem_pestat] analyzing insert size distribution for orientation FF...
[M::mem_pestat] (25, 50, 75) percentile: (157, 477, 3868)
[M::mem_pestat] low and high boundaries for computing mean and std.dev: (1, 11290)
[M::mem_pestat] mean and std.dev: (2059.38, 2501.32)
[M::mem_pestat] low and high boundaries for proper pairs: (1, 15001)
[M::mem_pestat] analyzing insert size distribution for orientation FR...
[M::mem_pestat] (25, 50, 75) percentile: (178, 233, 302)
[M::mem_pestat] low and high boundaries for computing mean and std.dev: (1, 550)
[M::mem_pestat] mean and std.dev: (243.25, 90.30)
[M::mem_pestat] low and high boundaries for proper pairs: (1, 674)
[M::mem_pestat] analyzing insert size distribution for orientation RF...
[M::mem_pestat] (25, 50, 75) percentile: (132, 984, 3373)
[M::mem_pestat] low and high boundaries for computing mean and std.dev: (1, 9855)
[M::mem_pestat] mean and std.dev: (2050.00, 2486.05)
[M::mem_pestat] low and high boundaries for proper pairs: (1, 13096)
[M::mem_pestat] analyzing insert size distribution for orientation RR...
[M::mem_pestat] (25, 50, 75) percentile: (169, 493, 4151)
[M::mem_pestat] low and high boundaries for computing mean and std.dev: (1, 12115)
[M::mem_pestat] mean and std.dev: (1899.02, 2259.14)
[M::mem_pestat] low and high boundaries for proper pairs: (1, 16097)
[M::mem_pestat] skip orientation FF
[M::mem_pestat] skip orientation RF
[M::mem_pestat] skip orientation RR
[M::mem_process_seqs] Processed 2822300 reads in 4435.501 CPU sec, 133.990 real sec
[M::process] read 2821302 sequences (400000202 bp)...
[M::mem_pestat] # candidate unique pairs for (FF, FR, RF, RR): (65, 672370, 215, 52)
[M::mem_pestat] analyzing insert size distribution for orientation FF...
[M::mem_pestat] (25, 50, 75) percentile: (203, 580, 3612)
[M::mem_pestat] low and high boundaries for computing mean and std.dev: (1, 10430)
[M::mem_pestat] mean and std.dev: (2052.29, 2529.29)
[M::mem_pestat] low and high boundaries for proper pairs: (1, 13839)
[M::mem_pestat] analyzing insert size distribution for orientation FR...
[M::mem_pestat] (25, 50, 75) percentile: (172, 224, 291)
[M::mem_pestat] low and high boundaries for computing mean and std.dev: (1, 529)
[M::mem_pestat] mean and std.dev: (234.58, 87.35)
[M::mem_pestat] low and high boundaries for proper pairs: (1, 648)
[M::mem_pestat] analyzing insert size distribution for orientation RF...
[M::mem_pestat] (25, 50, 75) percentile: (140, 1359, 4451)
[M::mem_pestat] low and high boundaries for computing mean and std.dev: (1, 13073)
[M::mem_pestat] mean and std.dev: (2566.93, 2890.10)
[M::mem_pestat] low and high boundaries for proper pairs: (1, 17384)
[M::mem_pestat] analyzing insert size distribution for orientation RR...
[M::mem_pestat] (25, 50, 75) percentile: (236, 638, 3018)
[M::mem_pestat] low and high boundaries for computing mean and std.dev: (1, 8582)
[M::mem_pestat] mean and std.dev: (1886.27, 2338.60)
[M::mem_pestat] low and high boundaries for proper pairs: (1, 11364)
[M::mem_pestat] skip orientation FF
[M::mem_pestat] skip orientation RF
[M::mem_pestat] skip orientation RR
[M::mem_process_seqs] Processed 2825094 reads in 4343.360 CPU sec, 130.079 real sec
[M::process] read 2824606 sequences (400000291 bp)...
[M::mem_pestat] # candidate unique pairs for (FF, FR, RF, RR): (45, 665751, 222, 54)
[M::mem_pestat] analyzing insert size distribution for orientation FF...
[M::mem_pestat] (25, 50, 75) percentile: (264, 1477, 3296)
[M::mem_pestat] low and high boundaries for computing mean and std.dev: (1, 9360)
[M::mem_pestat] mean and std.dev: (2010.91, 2281.85)
[M::mem_pestat] low and high boundaries for proper pairs: (1, 12392)
[M::mem_pestat] analyzing insert size distribution for orientation FR...
[M::mem_pestat] (25, 50, 75) percentile: (177, 231, 300)
[M::mem_pestat] low and high boundaries for computing mean and std.dev: (1, 546)
[M::mem_pestat] mean and std.dev: (241.40, 89.63)
[M::mem_pestat] low and high boundaries for proper pairs: (1, 669)
[M::mem_pestat] analyzing insert size distribution for orientation RF...
[M::mem_pestat] (25, 50, 75) percentile: (128, 954, 2868)
[M::mem_pestat] low and high boundaries for computing mean and std.dev: (1, 8348)
[M::mem_pestat] mean and std.dev: (1649.87, 2059.14)
[M::mem_pestat] low and high boundaries for proper pairs: (1, 11088)
[M::mem_pestat] analyzing insert size distribution for orientation RR...
[M::mem_pestat] (25, 50, 75) percentile: (238, 1115, 4145)
[M::mem_pestat] low and high boundaries for computing mean and std.dev: (1, 11959)
[M::mem_pestat] mean and std.dev: (2277.31, 2423.30)
[M::mem_pestat] low and high boundaries for proper pairs: (1, 15866)
[M::mem_pestat] skip orientation FF
[M::mem_pestat] skip orientation RF
[M::mem_pestat] skip orientation RR
[M::mem_process_seqs] Processed 2821302 reads in 4426.030 CPU sec, 132.318 real sec
[M::process] read 2822734 sequences (400000238 bp)...
[M::mem_pestat] # candidate unique pairs for (FF, FR, RF, RR): (55, 667832, 228, 49)
[M::mem_pestat] analyzing insert size distribution for orientation FF...
[M::mem_pestat] (25, 50, 75) percentile: (202, 1356, 4572)
[M::mem_pestat] low and high boundaries for computing mean and std.dev: (1, 13312)
[M::mem_pestat] mean and std.dev: (2303.75, 2386.14)
[M::mem_pestat] low and high boundaries for proper pairs: (1, 17682)
[M::mem_pestat] analyzing insert size distribution for orientation FR...
[M::mem_pestat] (25, 50, 75) percentile: (174, 227, 294)
[M::mem_pestat] low and high boundaries for computing mean and std.dev: (1, 534)
[M::mem_pestat] mean and std.dev: (237.20, 88.23)
[M::mem_pestat] low and high boundaries for proper pairs: (1, 654)
[M::mem_pestat] analyzing insert size distribution for orientation RF...
[M::mem_pestat] (25, 50, 75) percentile: (316, 1338, 3167)
[M::mem_pestat] low and high boundaries for computing mean and std.dev: (1, 8869)
[M::mem_pestat] mean and std.dev: (2063.53, 2201.43)
[M::mem_pestat] low and high boundaries for proper pairs: (1, 11720)
[M::mem_pestat] analyzing insert size distribution for orientation RR...
[M::mem_pestat] (25, 50, 75) percentile: (478, 1489, 4820)
[M::mem_pestat] low and high boundaries for computing mean and std.dev: (1, 13504)
[M::mem_pestat] mean and std.dev: (2797.47, 2899.61)
[M::mem_pestat] low and high boundaries for proper pairs: (1, 17846)
[M::mem_pestat] skip orientation FF
[M::mem_pestat] skip orientation RF
[M::mem_pestat] skip orientation RR
[M::mem_process_seqs] Processed 2824606 reads in 4399.382 CPU sec, 132.321 real sec
[M::process] read 2817670 sequences (400000119 bp)...
[M::mem_pestat] # candidate unique pairs for (FF, FR, RF, RR): (64, 667086, 213, 55)
[M::mem_pestat] analyzing insert size distribution for orientation FF...
[M::mem_pestat] (25, 50, 75) percentile: (253, 1192, 4040)
[M::mem_pestat] low and high boundaries for computing mean and std.dev: (1, 11614)
[M::mem_pestat] mean and std.dev: (2367.06, 2667.66)
[M::mem_pestat] low and high boundaries for proper pairs: (1, 15401)
[M::mem_pestat] analyzing insert size distribution for orientation FR...
[M::mem_pestat] (25, 50, 75) percentile: (176, 230, 297)
[M::mem_pestat] low and high boundaries for computing mean and std.dev: (1, 539)
[M::mem_pestat] mean and std.dev: (239.37, 89.02)
[M::mem_pestat] low and high boundaries for proper pairs: (1, 660)
[M::mem_pestat] analyzing insert size distribution for orientation RF...
[M::mem_pestat] (25, 50, 75) percentile: (223, 1224, 3519)
[M::mem_pestat] low and high boundaries for computing mean and std.dev: (1, 10111)
[M::mem_pestat] mean and std.dev: (2127.85, 2341.76)
[M::mem_pestat] low and high boundaries for proper pairs: (1, 13407)
[M::mem_pestat] analyzing insert size distribution for orientation RR...
[M::mem_pestat] (25, 50, 75) percentile: (204, 1024, 3943)
[M::mem_pestat] low and high boundaries for computing mean and std.dev: (1, 11421)
[M::mem_pestat] mean and std.dev: (2327.98, 2592.18)
[M::mem_pestat] low and high boundaries for proper pairs: (1, 15160)
[M::mem_pestat] skip orientation FF
[M::mem_pestat] skip orientation RF
[M::mem_pestat] skip orientation RR
[M::mem_process_seqs] Processed 2822734 reads in 4404.763 CPU sec, 131.636 real sec
[M::process] read 2838240 sequences (400000038 bp)...
[M::mem_pestat] # candidate unique pairs for (FF, FR, RF, RR): (63, 667862, 238, 77)
[M::mem_pestat] analyzing insert size distribution for orientation FF...
[M::mem_pestat] (25, 50, 75) percentile: (309, 1436, 3735)
[M::mem_pestat] low and high boundaries for computing mean and std.dev: (1, 10587)
[M::mem_pestat] mean and std.dev: (2626.13, 2794.54)
[M::mem_pestat] low and high boundaries for proper pairs: (1, 14013)
[M::mem_pestat] analyzing insert size distribution for orientation FR...
[M::mem_pestat] (25, 50, 75) percentile: (176, 230, 298)
[M::mem_pestat] low and high boundaries for computing mean and std.dev: (1, 542)
[M::mem_pestat] mean and std.dev: (240.02, 89.28)
[M::mem_pestat] low and high boundaries for proper pairs: (1, 664)
[M::mem_pestat] analyzing insert size distribution for orientation RF...
[M::mem_pestat] (25, 50, 75) percentile: (147, 1008, 3429)
[M::mem_pestat] low and high boundaries for computing mean and std.dev: (1, 9993)
[M::mem_pestat] mean and std.dev: (2224.69, 2735.95)
[M::mem_pestat] low and high boundaries for proper pairs: (1, 13275)
[M::mem_pestat] analyzing insert size distribution for orientation RR...
[M::mem_pestat] (25, 50, 75) percentile: (248, 895, 5608)
[M::mem_pestat] low and high boundaries for computing mean and std.dev: (1, 16328)
[M::mem_pestat] mean and std.dev: (2910.45, 3279.58)
[M::mem_pestat] low and high boundaries for proper pairs: (1, 21688)
[M::mem_pestat] skip orientation FF
[M::mem_pestat] skip orientation RF
[M::mem_pestat] skip orientation RR
[M::mem_process_seqs] Processed 2817670 reads in 4424.615 CPU sec, 133.120 real sec
[M::process] read 2836116 sequences (400000200 bp)...
[M::mem_pestat] # candidate unique pairs for (FF, FR, RF, RR): (50, 664048, 259, 58)
[M::mem_pestat] analyzing insert size distribution for orientation FF...
[M::mem_pestat] (25, 50, 75) percentile: (224, 792, 3929)
[M::mem_pestat] low and high boundaries for computing mean and std.dev: (1, 11339)
[M::mem_pestat] mean and std.dev: (1854.14, 2130.58)
[M::mem_pestat] low and high boundaries for proper pairs: (1, 15044)
[M::mem_pestat] analyzing insert size distribution for orientation FR...
[M::mem_pestat] (25, 50, 75) percentile: (178, 232, 301)
[M::mem_pestat] low and high boundaries for computing mean and std.dev: (1, 547)
[M::mem_pestat] mean and std.dev: (242.28, 90.11)
[M::mem_pestat] low and high boundaries for proper pairs: (1, 670)
[M::mem_pestat] analyzing insert size distribution for orientation RF...
[M::mem_pestat] (25, 50, 75) percentile: (175, 1012, 3287)
[M::mem_pestat] low and high boundaries for computing mean and std.dev: (1, 9511)
[M::mem_pestat] mean and std.dev: (2049.86, 2490.58)
[M::mem_pestat] low and high boundaries for proper pairs: (1, 12623)
[M::mem_pestat] analyzing insert size distribution for orientation RR...
[M::mem_pestat] (25, 50, 75) percentile: (288, 2103, 4324)
[M::mem_pestat] low and high boundaries for computing mean and std.dev: (1, 12396)
[M::mem_pestat] mean and std.dev: (2544.19, 2371.85)
[M::mem_pestat] low and high boundaries for proper pairs: (1, 16432)
[M::mem_pestat] skip orientation FF
[M::mem_pestat] skip orientation RF
[M::mem_pestat] skip orientation RR
[M::mem_process_seqs] Processed 2838240 reads in 4475.051 CPU sec, 135.900 real sec
[M::process] read 2847150 sequences (400000155 bp)...
[M::mem_pestat] # candidate unique pairs for (FF, FR, RF, RR): (68, 662287, 233, 54)
[M::mem_pestat] analyzing insert size distribution for orientation FF...
[M::mem_pestat] (25, 50, 75) percentile: (204, 786, 4058)
[M::mem_pestat] low and high boundaries for computing mean and std.dev: (1, 11766)
[M::mem_pestat] mean and std.dev: (2256.85, 2850.14)
[M::mem_pestat] low and high boundaries for proper pairs: (1, 15620)
[M::mem_pestat] analyzing insert size distribution for orientation FR...
[M::mem_pestat] (25, 50, 75) percentile: (179, 234, 303)
[M::mem_pestat] low and high boundaries for computing mean and std.dev: (1, 551)
[M::mem_pestat] mean and std.dev: (243.75, 90.65)
[M::mem_pestat] low and high boundaries for proper pairs: (1, 675)
[M::mem_pestat] analyzing insert size distribution for orientation RF...
[M::mem_pestat] (25, 50, 75) percentile: (139, 898, 3108)
[M::mem_pestat] low and high boundaries for computing mean and std.dev: (1, 9046)
[M::mem_pestat] mean and std.dev: (1884.93, 2314.54)
[M::mem_pestat] low and high boundaries for proper pairs: (1, 12015)
[M::mem_pestat] analyzing insert size distribution for orientation RR...
[M::mem_pestat] (25, 50, 75) percentile: (234, 534, 3680)
[M::mem_pestat] low and high boundaries for computing mean and std.dev: (1, 10572)
[M::mem_pestat] mean and std.dev: (2065.63, 2291.25)
[M::mem_pestat] low and high boundaries for proper pairs: (1, 14018)
[M::mem_pestat] skip orientation FF
[M::mem_pestat] skip orientation RF
[M::mem_pestat] skip orientation RR
[M::mem_process_seqs] Processed 2836116 reads in 4465.657 CPU sec, 134.943 real sec
[M::process] read 2838030 sequences (400000139 bp)...
[M::mem_pestat] # candidate unique pairs for (FF, FR, RF, RR): (58, 663960, 231, 70)
[M::mem_pestat] analyzing insert size distribution for orientation FF...
[M::mem_pestat] (25, 50, 75) percentile: (247, 689, 3170)
[M::mem_pestat] low and high boundaries for computing mean and std.dev: (1, 9016)
[M::mem_pestat] mean and std.dev: (1787.77, 2127.58)
[M::mem_pestat] low and high boundaries for proper pairs: (1, 11939)
[M::mem_pestat] analyzing insert size distribution for orientation FR...
[M::mem_pestat] (25, 50, 75) percentile: (177, 232, 300)
[M::mem_pestat] low and high boundaries for computing mean and std.dev: (1, 546)
[M::mem_pestat] mean and std.dev: (241.68, 89.85)
[M::mem_pestat] low and high boundaries for proper pairs: (1, 669)
[M::mem_pestat] analyzing insert size distribution for orientation RF...
[M::mem_pestat] (25, 50, 75) percentile: (154, 981, 3679)
[M::mem_pestat] low and high boundaries for computing mean and std.dev: (1, 10729)
[M::mem_pestat] mean and std.dev: (2296.47, 2758.89)
[M::mem_pestat] low and high boundaries for proper pairs: (1, 14254)
[M::mem_pestat] analyzing insert size distribution for orientation RR...
[M::mem_pestat] (25, 50, 75) percentile: (272, 1697, 4394)
[M::mem_pestat] low and high boundaries for computing mean and std.dev: (1, 12638)
[M::mem_pestat] mean and std.dev: (2722.54, 2746.22)
[M::mem_pestat] low and high boundaries for proper pairs: (1, 16760)
[M::mem_pestat] skip orientation FF
[M::mem_pestat] skip orientation RF
[M::mem_pestat] skip orientation RR
[M::mem_process_seqs] Processed 2847150 reads in 4430.036 CPU sec, 132.799 real sec
[M::process] read 2855346 sequences (400000081 bp)...
[M::mem_pestat] # candidate unique pairs for (FF, FR, RF, RR): (59, 661016, 205, 60)
[M::mem_pestat] analyzing insert size distribution for orientation FF...
[M::mem_pestat] (25, 50, 75) percentile: (265, 1178, 3327)
[M::mem_pestat] low and high boundaries for computing mean and std.dev: (1, 9451)
[M::mem_pestat] mean and std.dev: (1962.14, 2186.09)
[M::mem_pestat] low and high boundaries for proper pairs: (1, 12513)
[M::mem_pestat] analyzing insert size distribution for orientation FR...
[M::mem_pestat] (25, 50, 75) percentile: (179, 235, 305)
[M::mem_pestat] low and high boundaries for computing mean and std.dev: (1, 557)
[M::mem_pestat] mean and std.dev: (245.08, 91.27)
[M::mem_pestat] low and high boundaries for proper pairs: (1, 683)
[M::mem_pestat] analyzing insert size distribution for orientation RF...
[M::mem_pestat] (25, 50, 75) percentile: (155, 896, 3116)
[M::mem_pestat] low and high boundaries for computing mean and std.dev: (1, 9038)
[M::mem_pestat] mean and std.dev: (1882.67, 2356.42)
[M::mem_pestat] low and high boundaries for proper pairs: (1, 11999)
[M::mem_pestat] analyzing insert size distribution for orientation RR...
[M::mem_pestat] (25, 50, 75) percentile: (387, 2587, 4814)
[M::mem_pestat] low and high boundaries for computing mean and std.dev: (1, 13668)
[M::mem_pestat] mean and std.dev: (2835.00, 2495.66)
[M::mem_pestat] low and high boundaries for proper pairs: (1, 18095)
[M::mem_pestat] skip orientation FF
[M::mem_pestat] skip orientation RF
[M::mem_pestat] skip orientation RR
[M::mem_process_seqs] Processed 2838030 reads in 4445.632 CPU sec, 133.945 real sec
[M::process] read 2844310 sequences (400000185 bp)...
[M::mem_pestat] # candidate unique pairs for (FF, FR, RF, RR): (60, 663383, 219, 60)
[M::mem_pestat] analyzing insert size distribution for orientation FF...
[M::mem_pestat] (25, 50, 75) percentile: (610, 2824, 4710)
[M::mem_pestat] low and high boundaries for computing mean and std.dev: (1, 12910)
[M::mem_pestat] mean and std.dev: (2920.75, 2518.75)
[M::mem_pestat] low and high boundaries for proper pairs: (1, 17010)
[M::mem_pestat] analyzing insert size distribution for orientation FR...
[M::mem_pestat] (25, 50, 75) percentile: (178, 232, 301)
[M::mem_pestat] low and high boundaries for computing mean and std.dev: (1, 547)
[M::mem_pestat] mean and std.dev: (242.38, 90.31)
[M::mem_pestat] low and high boundaries for proper pairs: (1, 670)
[M::mem_pestat] analyzing insert size distribution for orientation RF...
[M::mem_pestat] (25, 50, 75) percentile: (259, 1497, 4215)
[M::mem_pestat] low and high boundaries for computing mean and std.dev: (1, 12127)
[M::mem_pestat] mean and std.dev: (2593.84, 2826.06)
[M::mem_pestat] low and high boundaries for proper pairs: (1, 16083)
[M::mem_pestat] analyzing insert size distribution for orientation RR...
[M::mem_pestat] (25, 50, 75) percentile: (241, 753, 4265)
[M::mem_pestat] low and high boundaries for computing mean and std.dev: (1, 12313)
[M::mem_pestat] mean and std.dev: (2229.80, 2485.22)
[M::mem_pestat] low and high boundaries for proper pairs: (1, 16337)
[M::mem_pestat] skip orientation FF
[M::mem_pestat] skip orientation RF
[M::mem_pestat] skip orientation RR
[M::mem_process_seqs] Processed 2855346 reads in 4572.218 CPU sec, 139.167 real sec
[M::process] read 2839290 sequences (400000229 bp)...
[M::mem_pestat] # candidate unique pairs for (FF, FR, RF, RR): (74, 661709, 199, 68)
[M::mem_pestat] analyzing insert size distribution for orientation FF...
[M::mem_pestat] (25, 50, 75) percentile: (213, 876, 3811)
[M::mem_pestat] low and high boundaries for computing mean and std.dev: (1, 11007)
[M::mem_pestat] mean and std.dev: (2080.05, 2380.03)
[M::mem_pestat] low and high boundaries for proper pairs: (1, 14605)
[M::mem_pestat] analyzing insert size distribution for orientation FR...
[M::mem_pestat] (25, 50, 75) percentile: (180, 236, 306)
[M::mem_pestat] low and high boundaries for computing mean and std.dev: (1, 558)
[M::mem_pestat] mean and std.dev: (246.21, 91.78)
[M::mem_pestat] low and high boundaries for proper pairs: (1, 684)
[M::mem_pestat] analyzing insert size distribution for orientation RF...
[M::mem_pestat] (25, 50, 75) percentile: (187, 986, 3548)
[M::mem_pestat] low and high boundaries for computing mean and std.dev: (1, 10270)
[M::mem_pestat] mean and std.dev: (2157.72, 2492.39)
[M::mem_pestat] low and high boundaries for proper pairs: (1, 13631)
[M::mem_pestat] analyzing insert size distribution for orientation RR...
[M::mem_pestat] (25, 50, 75) percentile: (219, 896, 3630)
[M::mem_pestat] low and high boundaries for computing mean and std.dev: (1, 10452)
[M::mem_pestat] mean and std.dev: (2170.25, 2604.51)
[M::mem_pestat] low and high boundaries for proper pairs: (1, 13863)
[M::mem_pestat] skip orientation FF
[M::mem_pestat] skip orientation RF
[M::mem_pestat] skip orientation RR
[M::mem_process_seqs] Processed 2844310 reads in 4450.014 CPU sec, 133.255 real sec
[M::process] read 2824962 sequences (400000086 bp)...
[M::mem_pestat] # candidate unique pairs for (FF, FR, RF, RR): (55, 665468, 240, 47)
[M::mem_pestat] analyzing insert size distribution for orientation FF...
[M::mem_pestat] (25, 50, 75) percentile: (304, 1342, 5098)
[M::mem_pestat] low and high boundaries for computing mean and std.dev: (1, 14686)
[M::mem_pestat] mean and std.dev: (2795.98, 3019.88)
[M::mem_pestat] low and high boundaries for proper pairs: (1, 19480)
[M::mem_pestat] analyzing insert size distribution for orientation FR...
[M::mem_pestat] (25, 50, 75) percentile: (178, 232, 301)
[M::mem_pestat] low and high boundaries for computing mean and std.dev: (1, 547)
[M::mem_pestat] mean and std.dev: (242.06, 89.80)
[M::mem_pestat] low and high boundaries for proper pairs: (1, 670)
[M::mem_pestat] analyzing insert size distribution for orientation RF...
[M::mem_pestat] (25, 50, 75) percentile: (221, 1060, 3632)
[M::mem_pestat] low and high boundaries for computing mean and std.dev: (1, 10454)
[M::mem_pestat] mean and std.dev: (2245.38, 2513.88)
[M::mem_pestat] low and high boundaries for proper pairs: (1, 13865)
[M::mem_pestat] analyzing insert size distribution for orientation RR...
[M::mem_pestat] (25, 50, 75) percentile: (265, 801, 3840)
[M::mem_pestat] low and high boundaries for computing mean and std.dev: (1, 10990)
[M::mem_pestat] mean and std.dev: (2313.53, 2517.91)
[M::mem_pestat] low and high boundaries for proper pairs: (1, 14565)
[M::mem_pestat] skip orientation FF
[M::mem_pestat] skip orientation RF
[M::mem_pestat] skip orientation RR
[M::mem_process_seqs] Processed 2839290 reads in 4428.668 CPU sec, 132.052 real sec
[M::process] read 2826526 sequences (400000179 bp)...
[M::mem_pestat] # candidate unique pairs for (FF, FR, RF, RR): (60, 662412, 203, 65)
[M::mem_pestat] analyzing insert size distribution for orientation FF...
[M::mem_pestat] (25, 50, 75) percentile: (363, 1623, 3968)
[M::mem_pestat] low and high boundaries for computing mean and std.dev: (1, 11178)
[M::mem_pestat] mean and std.dev: (2320.12, 2532.93)
[M::mem_pestat] low and high boundaries for proper pairs: (1, 14783)
[M::mem_pestat] analyzing insert size distribution for orientation FR...
[M::mem_pestat] (25, 50, 75) percentile: (179, 235, 304)
[M::mem_pestat] low and high boundaries for computing mean and std.dev: (1, 554)
[M::mem_pestat] mean and std.dev: (244.79, 91.12)
[M::mem_pestat] low and high boundaries for proper pairs: (1, 679)
[M::mem_pestat] analyzing insert size distribution for orientation RF...
[M::mem_pestat] (25, 50, 75) percentile: (137, 430, 2956)
[M::mem_pestat] low and high boundaries for computing mean and std.dev: (1, 8594)
[M::mem_pestat] mean and std.dev: (1601.29, 2138.46)
[M::mem_pestat] low and high boundaries for proper pairs: (1, 11413)
[M::mem_pestat] analyzing insert size distribution for orientation RR...
[M::mem_pestat] (25, 50, 75) percentile: (286, 1737, 3759)
[M::mem_pestat] low and high boundaries for computing mean and std.dev: (1, 10705)
[M::mem_pestat] mean and std.dev: (2313.75, 2315.48)
[M::mem_pestat] low and high boundaries for proper pairs: (1, 14178)
[M::mem_pestat] skip orientation FF
[M::mem_pestat] skip orientation RF
[M::mem_pestat] skip orientation RR
[M::mem_process_seqs] Processed 2824962 reads in 4452.253 CPU sec, 133.745 real sec
[M::process] read 2818428 sequences (400000067 bp)...
[M::mem_pestat] # candidate unique pairs for (FF, FR, RF, RR): (69, 670229, 236, 58)
[M::mem_pestat] analyzing insert size distribution for orientation FF...
[M::mem_pestat] (25, 50, 75) percentile: (343, 1617, 4921)
[M::mem_pestat] low and high boundaries for computing mean and std.dev: (1, 14077)
[M::mem_pestat] mean and std.dev: (2676.68, 2546.70)
[M::mem_pestat] low and high boundaries for proper pairs: (1, 18655)
[M::mem_pestat] analyzing insert size distribution for orientation FR...
[M::mem_pestat] (25, 50, 75) percentile: (173, 225, 292)
[M::mem_pestat] low and high boundaries for computing mean and std.dev: (1, 530)
[M::mem_pestat] mean and std.dev: (235.10, 87.72)
[M::mem_pestat] low and high boundaries for proper pairs: (1, 649)
[M::mem_pestat] analyzing insert size distribution for orientation RF...
[M::mem_pestat] (25, 50, 75) percentile: (151, 1014, 3104)
[M::mem_pestat] low and high boundaries for computing mean and std.dev: (1, 9010)
[M::mem_pestat] mean and std.dev: (1926.09, 2349.92)
[M::mem_pestat] low and high boundaries for proper pairs: (1, 11963)
[M::mem_pestat] analyzing insert size distribution for orientation RR...
[M::mem_pestat] (25, 50, 75) percentile: (230, 1224, 3653)
[M::mem_pestat] low and high boundaries for computing mean and std.dev: (1, 10499)
[M::mem_pestat] mean and std.dev: (2413.02, 2744.09)
[M::mem_pestat] low and high boundaries for proper pairs: (1, 13922)
[M::mem_pestat] skip orientation FF
[M::mem_pestat] skip orientation RF
[M::mem_pestat] skip orientation RR
[M::mem_process_seqs] Processed 2826526 reads in 4423.477 CPU sec, 132.863 real sec
[M::process] read 2822992 sequences (400000166 bp)...
[M::mem_pestat] # candidate unique pairs for (FF, FR, RF, RR): (68, 664865, 255, 55)
[M::mem_pestat] analyzing insert size distribution for orientation FF...
[M::mem_pestat] (25, 50, 75) percentile: (377, 1784, 4155)
[M::mem_pestat] low and high boundaries for computing mean and std.dev: (1, 11711)
[M::mem_pestat] mean and std.dev: (2445.97, 2233.29)
[M::mem_pestat] low and high boundaries for proper pairs: (1, 15489)
[M::mem_pestat] analyzing insert size distribution for orientation FR...
[M::mem_pestat] (25, 50, 75) percentile: (178, 233, 302)
[M::mem_pestat] low and high boundaries for computing mean and std.dev: (1, 550)
[M::mem_pestat] mean and std.dev: (243.06, 90.22)
[M::mem_pestat] low and high boundaries for proper pairs: (1, 674)
[M::mem_pestat] analyzing insert size distribution for orientation RF...
[M::mem_pestat] (25, 50, 75) percentile: (136, 833, 3385)
[M::mem_pestat] low and high boundaries for computing mean and std.dev: (1, 9883)
[M::mem_pestat] mean and std.dev: (2196.30, 2635.88)
[M::mem_pestat] low and high boundaries for proper pairs: (1, 13132)
[M::mem_pestat] analyzing insert size distribution for orientation RR...
[M::mem_pestat] (25, 50, 75) percentile: (662, 3169, 5294)
[M::mem_pestat] low and high boundaries for computing mean and std.dev: (1, 14558)
[M::mem_pestat] mean and std.dev: (3159.58, 2708.88)
[M::mem_pestat] low and high boundaries for proper pairs: (1, 19190)
[M::mem_pestat] skip orientation FF
[M::mem_pestat] skip orientation RF
[M::mem_pestat] skip orientation RR
[M::mem_process_seqs] Processed 2818428 reads in 4511.503 CPU sec, 145.716 real sec
[M::process] read 2823418 sequences (400000029 bp)...
[M::mem_pestat] # candidate unique pairs for (FF, FR, RF, RR): (56, 667254, 238, 46)
[M::mem_pestat] analyzing insert size distribution for orientation FF...
[M::mem_pestat] (25, 50, 75) percentile: (196, 1028, 3581)
[M::mem_pestat] low and high boundaries for computing mean and std.dev: (1, 10351)
[M::mem_pestat] mean and std.dev: (2115.77, 2494.63)
[M::mem_pestat] low and high boundaries for proper pairs: (1, 13736)
[M::mem_pestat] analyzing insert size distribution for orientation FR...
[M::mem_pestat] (25, 50, 75) percentile: (174, 227, 295)
[M::mem_pestat] low and high boundaries for computing mean and std.dev: (1, 537)
[M::mem_pestat] mean and std.dev: (237.62, 88.68)
[M::mem_pestat] low and high boundaries for proper pairs: (1, 658)
[M::mem_pestat] analyzing insert size distribution for orientation RF...
[M::mem_pestat] (25, 50, 75) percentile: (191, 961, 3098)
[M::mem_pestat] low and high boundaries for computing mean and std.dev: (1, 8912)
[M::mem_pestat] mean and std.dev: (1946.32, 2317.60)
[M::mem_pestat] low and high boundaries for proper pairs: (1, 11819)
[M::mem_pestat] analyzing insert size distribution for orientation RR...
[M::mem_pestat] (25, 50, 75) percentile: (353, 2080, 4057)
[M::mem_pestat] low and high boundaries for computing mean and std.dev: (1, 11465)
[M::mem_pestat] mean and std.dev: (2510.89, 2286.85)
[M::mem_pestat] low and high boundaries for proper pairs: (1, 15169)
[M::mem_pestat] skip orientation FF
[M::mem_pestat] skip orientation RF
[M::mem_pestat] skip orientation RR
[M::mem_process_seqs] Processed 2822992 reads in 4449.872 CPU sec, 133.592 real sec
[M::process] read 2821032 sequences (400000221 bp)...
[M::mem_pestat] # candidate unique pairs for (FF, FR, RF, RR): (59, 666036, 215, 50)
[M::mem_pestat] analyzing insert size distribution for orientation FF...
[M::mem_pestat] (25, 50, 75) percentile: (261, 757, 3248)
[M::mem_pestat] low and high boundaries for computing mean and std.dev: (1, 9222)
[M::mem_pestat] mean and std.dev: (1713.41, 2052.66)
[M::mem_pestat] low and high boundaries for proper pairs: (1, 12209)
[M::mem_pestat] analyzing insert size distribution for orientation FR...
[M::mem_pestat] (25, 50, 75) percentile: (177, 231, 299)
[M::mem_pestat] low and high boundaries for computing mean and std.dev: (1, 543)
[M::mem_pestat] mean and std.dev: (240.74, 89.50)
[M::mem_pestat] low and high boundaries for proper pairs: (1, 665)
[M::mem_pestat] analyzing insert size distribution for orientation RF...
[M::mem_pestat] (25, 50, 75) percentile: (167, 1436, 4146)
[M::mem_pestat] low and high boundaries for computing mean and std.dev: (1, 12104)
[M::mem_pestat] mean and std.dev: (2379.65, 2655.23)
[M::mem_pestat] low and high boundaries for proper pairs: (1, 16083)
[M::mem_pestat] analyzing insert size distribution for orientation RR...
[M::mem_pestat] (25, 50, 75) percentile: (156, 256, 2623)
[M::mem_pestat] low and high boundaries for computing mean and std.dev: (1, 7557)
[M::mem_pestat] mean and std.dev: (1473.31, 2036.38)
[M::mem_pestat] low and high boundaries for proper pairs: (1, 10024)
[M::mem_pestat] skip orientation FF
[M::mem_pestat] skip orientation RF
[M::mem_pestat] skip orientation RR
[M::mem_process_seqs] Processed 2823418 reads in 4410.346 CPU sec, 131.410 real sec
[M::process] read 2821824 sequences (400000166 bp)...
[M::mem_pestat] # candidate unique pairs for (FF, FR, RF, RR): (49, 666660, 191, 52)
[M::mem_pestat] analyzing insert size distribution for orientation FF...
[M::mem_pestat] (25, 50, 75) percentile: (236, 891, 2261)
[M::mem_pestat] low and high boundaries for computing mean and std.dev: (1, 6311)
[M::mem_pestat] mean and std.dev: (1426.88, 1477.21)
[M::mem_pestat] low and high boundaries for proper pairs: (1, 8336)
[M::mem_pestat] analyzing insert size distribution for orientation FR...
[M::mem_pestat] (25, 50, 75) percentile: (176, 229, 297)
[M::mem_pestat] low and high boundaries for computing mean and std.dev: (1, 539)
[M::mem_pestat] mean and std.dev: (239.11, 88.90)
[M::mem_pestat] low and high boundaries for proper pairs: (1, 660)
[M::mem_pestat] analyzing insert size distribution for orientation RF...
[M::mem_pestat] (25, 50, 75) percentile: (150, 1029, 2889)
[M::mem_pestat] low and high boundaries for computing mean and std.dev: (1, 8367)
[M::mem_pestat] mean and std.dev: (1752.42, 2148.18)
[M::mem_pestat] low and high boundaries for proper pairs: (1, 11106)
[M::mem_pestat] analyzing insert size distribution for orientation RR...
[M::mem_pestat] (25, 50, 75) percentile: (378, 1325, 5371)
[M::mem_pestat] low and high boundaries for computing mean and std.dev: (1, 15357)
[M::mem_pestat] mean and std.dev: (2857.63, 3177.57)
[M::mem_pestat] low and high boundaries for proper pairs: (1, 20350)
[M::mem_pestat] skip orientation FF
[M::mem_pestat] skip orientation RF
[M::mem_pestat] skip orientation RR
[M::mem_process_seqs] Processed 2821032 reads in 4430.647 CPU sec, 131.375 real sec
[M::process] read 2816118 sequences (400000203 bp)...
[M::mem_pestat] # candidate unique pairs for (FF, FR, RF, RR): (79, 667036, 214, 66)
[M::mem_pestat] analyzing insert size distribution for orientation FF...
[M::mem_pestat] (25, 50, 75) percentile: (220, 1615, 4144)
[M::mem_pestat] low and high boundaries for computing mean and std.dev: (1, 11992)
[M::mem_pestat] mean and std.dev: (2601.59, 2944.45)
[M::mem_pestat] low and high boundaries for proper pairs: (1, 15916)
[M::mem_pestat] analyzing insert size distribution for orientation FR...
[M::mem_pestat] (25, 50, 75) percentile: (175, 228, 296)
[M::mem_pestat] low and high boundaries for computing mean and std.dev: (1, 538)
[M::mem_pestat] mean and std.dev: (238.62, 88.85)
[M::mem_pestat] low and high boundaries for proper pairs: (1, 659)
[M::mem_pestat] analyzing insert size distribution for orientation RF...
[M::mem_pestat] (25, 50, 75) percentile: (230, 1320, 2974)
[M::mem_pestat] low and high boundaries for computing mean and std.dev: (1, 8462)
[M::mem_pestat] mean and std.dev: (1729.10, 1943.76)
[M::mem_pestat] low and high boundaries for proper pairs: (1, 11206)
[M::mem_pestat] analyzing insert size distribution for orientation RR...
[M::mem_pestat] (25, 50, 75) percentile: (167, 996, 4519)
[M::mem_pestat] low and high boundaries for computing mean and std.dev: (1, 13223)
[M::mem_pestat] mean and std.dev: (2361.85, 2699.08)
[M::mem_pestat] low and high boundaries for proper pairs: (1, 17575)
[M::mem_pestat] skip orientation FF
[M::mem_pestat] skip orientation RF
[M::mem_pestat] skip orientation RR
[M::mem_process_seqs] Processed 2821824 reads in 4387.612 CPU sec, 128.758 real sec
[M::process] read 2835834 sequences (400000239 bp)...
[M::mem_pestat] # candidate unique pairs for (FF, FR, RF, RR): (47, 663827, 225, 63)
[M::mem_pestat] analyzing insert size distribution for orientation FF...
[M::mem_pestat] (25, 50, 75) percentile: (301, 845, 5130)
[M::mem_pestat] low and high boundaries for computing mean and std.dev: (1, 14788)
[M::mem_pestat] mean and std.dev: (2521.13, 2714.50)
[M::mem_pestat] low and high boundaries for proper pairs: (1, 19617)
[M::mem_pestat] analyzing insert size distribution for orientation FR...
[M::mem_pestat] (25, 50, 75) percentile: (178, 232, 301)
[M::mem_pestat] low and high boundaries for computing mean and std.dev: (1, 547)
[M::mem_pestat] mean and std.dev: (242.35, 89.74)
[M::mem_pestat] low and high boundaries for proper pairs: (1, 670)
[M::mem_pestat] analyzing insert size distribution for orientation RF...
[M::mem_pestat] (25, 50, 75) percentile: (136, 715, 3487)
[M::mem_pestat] low and high boundaries for computing mean and std.dev: (1, 10189)
[M::mem_pestat] mean and std.dev: (2064.33, 2534.40)
[M::mem_pestat] low and high boundaries for proper pairs: (1, 13540)
[M::mem_pestat] analyzing insert size distribution for orientation RR...
[M::mem_pestat] (25, 50, 75) percentile: (363, 718, 3612)
[M::mem_pestat] low and high boundaries for computing mean and std.dev: (1, 10110)
[M::mem_pestat] mean and std.dev: (1863.40, 1999.52)
[M::mem_pestat] low and high boundaries for proper pairs: (1, 13359)
[M::mem_pestat] skip orientation FF
[M::mem_pestat] skip orientation RF
[M::mem_pestat] skip orientation RR
[M::mem_process_seqs] Processed 2816118 reads in 4446.169 CPU sec, 134.105 real sec
[M::process] read 2839532 sequences (400000217 bp)...
[M::mem_pestat] # candidate unique pairs for (FF, FR, RF, RR): (66, 661607, 248, 77)
[M::mem_pestat] analyzing insert size distribution for orientation FF...
[M::mem_pestat] (25, 50, 75) percentile: (465, 2733, 4512)
[M::mem_pestat] low and high boundaries for computing mean and std.dev: (1, 12606)
[M::mem_pestat] mean and std.dev: (2770.71, 2244.65)
[M::mem_pestat] low and high boundaries for proper pairs: (1, 16653)
[M::mem_pestat] analyzing insert size distribution for orientation FR...
[M::mem_pestat] (25, 50, 75) percentile: (179, 235, 304)
[M::mem_pestat] low and high boundaries for computing mean and std.dev: (1, 554)
[M::mem_pestat] mean and std.dev: (244.61, 91.01)
[M::mem_pestat] low and high boundaries for proper pairs: (1, 679)
[M::mem_pestat] analyzing insert size distribution for orientation RF...
[M::mem_pestat] (25, 50, 75) percentile: (185, 1009, 3417)
[M::mem_pestat] low and high boundaries for computing mean and std.dev: (1, 9881)
[M::mem_pestat] mean and std.dev: (2147.04, 2510.54)
[M::mem_pestat] low and high boundaries for proper pairs: (1, 13113)
[M::mem_pestat] analyzing insert size distribution for orientation RR...
[M::mem_pestat] (25, 50, 75) percentile: (458, 2366, 4940)
[M::mem_pestat] low and high boundaries for computing mean and std.dev: (1, 13904)
[M::mem_pestat] mean and std.dev: (2807.75, 2538.74)
[M::mem_pestat] low and high boundaries for proper pairs: (1, 18386)
[M::mem_pestat] skip orientation FF
[M::mem_pestat] skip orientation RF
[M::mem_pestat] skip orientation RR
[M::mem_process_seqs] Processed 2835834 reads in 4484.130 CPU sec, 136.692 real sec
[M::process] read 2844936 sequences (400000108 bp)...
[M::mem_pestat] # candidate unique pairs for (FF, FR, RF, RR): (66, 662045, 216, 60)
[M::mem_pestat] analyzing insert size distribution for orientation FF...
[M::mem_pestat] (25, 50, 75) percentile: (353, 820, 3306)
[M::mem_pestat] low and high boundaries for computing mean and std.dev: (1, 9212)
[M::mem_pestat] mean and std.dev: (1799.55, 2095.33)
[M::mem_pestat] low and high boundaries for proper pairs: (1, 12165)
[M::mem_pestat] analyzing insert size distribution for orientation FR...
[M::mem_pestat] (25, 50, 75) percentile: (179, 234, 304)
[M::mem_pestat] low and high boundaries for computing mean and std.dev: (1, 554)
[M::mem_pestat] mean and std.dev: (244.44, 90.96)
[M::mem_pestat] low and high boundaries for proper pairs: (1, 679)
[M::mem_pestat] analyzing insert size distribution for orientation RF...
[M::mem_pestat] (25, 50, 75) percentile: (165, 1081, 4969)
[M::mem_pestat] low and high boundaries for computing mean and std.dev: (1, 14577)
[M::mem_pestat] mean and std.dev: (2485.62, 2866.18)
[M::mem_pestat] low and high boundaries for proper pairs: (1, 19381)
[M::mem_pestat] analyzing insert size distribution for orientation RR...
[M::mem_pestat] (25, 50, 75) percentile: (291, 1321, 3699)
[M::mem_pestat] low and high boundaries for computing mean and std.dev: (1, 10515)
[M::mem_pestat] mean and std.dev: (2331.25, 2632.99)
[M::mem_pestat] low and high boundaries for proper pairs: (1, 13923)
[M::mem_pestat] skip orientation FF
[M::mem_pestat] skip orientation RF
[M::mem_pestat] skip orientation RR
[M::mem_process_seqs] Processed 2839532 reads in 4481.151 CPU sec, 133.750 real sec
[M::process] read 2843430 sequences (400000178 bp)...
[M::mem_pestat] # candidate unique pairs for (FF, FR, RF, RR): (66, 661444, 239, 53)
[M::mem_pestat] analyzing insert size distribution for orientation FF...
[M::mem_pestat] (25, 50, 75) percentile: (324, 2592, 3605)
[M::mem_pestat] low and high boundaries for computing mean and std.dev: (1, 10167)
[M::mem_pestat] mean and std.dev: (2551.39, 2435.53)
[M::mem_pestat] low and high boundaries for proper pairs: (1, 13448)
[M::mem_pestat] analyzing insert size distribution for orientation FR...
[M::mem_pestat] (25, 50, 75) percentile: (179, 234, 304)
[M::mem_pestat] low and high boundaries for computing mean and std.dev: (1, 554)
[M::mem_pestat] mean and std.dev: (244.08, 91.01)
[M::mem_pestat] low and high boundaries for proper pairs: (1, 679)
[M::mem_pestat] analyzing insert size distribution for orientation RF...
[M::mem_pestat] (25, 50, 75) percentile: (198, 1341, 3480)
[M::mem_pestat] low and high boundaries for computing mean and std.dev: (1, 10044)
[M::mem_pestat] mean and std.dev: (2151.87, 2326.88)
[M::mem_pestat] low and high boundaries for proper pairs: (1, 13326)
[M::mem_pestat] analyzing insert size distribution for orientation RR...
[M::mem_pestat] (25, 50, 75) percentile: (250, 484, 4275)
[M::mem_pestat] low and high boundaries for computing mean and std.dev: (1, 12325)
[M::mem_pestat] mean and std.dev: (2018.49, 2340.81)
[M::mem_pestat] low and high boundaries for proper pairs: (1, 16350)
[M::mem_pestat] skip orientation FF
[M::mem_pestat] skip orientation RF
[M::mem_pestat] skip orientation RR
[M::mem_process_seqs] Processed 2844936 reads in 4601.753 CPU sec, 139.945 real sec
[M::process] read 2843986 sequences (400000236 bp)...
[M::mem_pestat] # candidate unique pairs for (FF, FR, RF, RR): (52, 662432, 240, 50)
[M::mem_pestat] analyzing insert size distribution for orientation FF...
[M::mem_pestat] (25, 50, 75) percentile: (274, 974, 4896)
[M::mem_pestat] low and high boundaries for computing mean and std.dev: (1, 14140)
[M::mem_pestat] mean and std.dev: (2499.90, 2835.93)
[M::mem_pestat] low and high boundaries for proper pairs: (1, 18762)
[M::mem_pestat] analyzing insert size distribution for orientation FR...
[M::mem_pestat] (25, 50, 75) percentile: (179, 234, 303)
[M::mem_pestat] low and high boundaries for computing mean and std.dev: (1, 551)
[M::mem_pestat] mean and std.dev: (244.17, 90.78)
[M::mem_pestat] low and high boundaries for proper pairs: (1, 675)
[M::mem_pestat] analyzing insert size distribution for orientation RF...
[M::mem_pestat] (25, 50, 75) percentile: (179, 1084, 3647)
[M::mem_pestat] low and high boundaries for computing mean and std.dev: (1, 10583)
[M::mem_pestat] mean and std.dev: (2256.85, 2680.34)
[M::mem_pestat] low and high boundaries for proper pairs: (1, 14051)
[M::mem_pestat] analyzing insert size distribution for orientation RR...
[M::mem_pestat] (25, 50, 75) percentile: (277, 2122, 4169)
[M::mem_pestat] low and high boundaries for computing mean and std.dev: (1, 11953)
[M::mem_pestat] mean and std.dev: (2701.28, 2752.52)
[M::mem_pestat] low and high boundaries for proper pairs: (1, 15845)
[M::mem_pestat] skip orientation FF
[M::mem_pestat] skip orientation RF
[M::mem_pestat] skip orientation RR
[M::mem_process_seqs] Processed 2843430 reads in 4482.426 CPU sec, 137.378 real sec
[M::process] read 2847136 sequences (400000262 bp)...
[M::mem_pestat] # candidate unique pairs for (FF, FR, RF, RR): (70, 662742, 259, 58)
[M::mem_pestat] analyzing insert size distribution for orientation FF...
[M::mem_pestat] (25, 50, 75) percentile: (244, 836, 3597)
[M::mem_pestat] low and high boundaries for computing mean and std.dev: (1, 10303)
[M::mem_pestat] mean and std.dev: (2022.54, 2482.75)
[M::mem_pestat] low and high boundaries for proper pairs: (1, 13656)
[M::mem_pestat] analyzing insert size distribution for orientation FR...
[M::mem_pestat] (25, 50, 75) percentile: (178, 233, 303)
[M::mem_pestat] low and high boundaries for computing mean and std.dev: (1, 553)
[M::mem_pestat] mean and std.dev: (243.42, 90.71)
[M::mem_pestat] low and high boundaries for proper pairs: (1, 678)
[M::mem_pestat] analyzing insert size distribution for orientation RF...
[M::mem_pestat] (25, 50, 75) percentile: (132, 1019, 3657)
[M::mem_pestat] low and high boundaries for computing mean and std.dev: (1, 10707)
[M::mem_pestat] mean and std.dev: (2204.37, 2639.26)
[M::mem_pestat] low and high boundaries for proper pairs: (1, 14232)
[M::mem_pestat] analyzing insert size distribution for orientation RR...
[M::mem_pestat] (25, 50, 75) percentile: (264, 892, 3368)
[M::mem_pestat] low and high boundaries for computing mean and std.dev: (1, 9576)
[M::mem_pestat] mean and std.dev: (1994.98, 2470.28)
[M::mem_pestat] low and high boundaries for proper pairs: (1, 12680)
[M::mem_pestat] skip orientation FF
[M::mem_pestat] skip orientation RF
[M::mem_pestat] skip orientation RR
[M::mem_process_seqs] Processed 2843986 reads in 4969.693 CPU sec, 152.314 real sec
[M::process] read 2837274 sequences (400000170 bp)...
[M::mem_pestat] # candidate unique pairs for (FF, FR, RF, RR): (74, 663334, 228, 53)
[M::mem_pestat] analyzing insert size distribution for orientation FF...
[M::mem_pestat] (25, 50, 75) percentile: (203, 2111, 4143)
[M::mem_pestat] low and high boundaries for computing mean and std.dev: (1, 12023)
[M::mem_pestat] mean and std.dev: (2435.50, 2359.04)
[M::mem_pestat] low and high boundaries for proper pairs: (1, 15963)
[M::mem_pestat] analyzing insert size distribution for orientation FR...
[M::mem_pestat] (25, 50, 75) percentile: (179, 234, 304)
[M::mem_pestat] low and high boundaries for computing mean and std.dev: (1, 554)
[M::mem_pestat] mean and std.dev: (244.63, 91.02)
[M::mem_pestat] low and high boundaries for proper pairs: (1, 679)
[M::mem_pestat] analyzing insert size distribution for orientation RF...
[M::mem_pestat] (25, 50, 75) percentile: (145, 1206, 4272)
[M::mem_pestat] low and high boundaries for computing mean and std.dev: (1, 12526)
[M::mem_pestat] mean and std.dev: (2337.03, 2649.05)
[M::mem_pestat] low and high boundaries for proper pairs: (1, 16653)
[M::mem_pestat] analyzing insert size distribution for orientation RR...
[M::mem_pestat] (25, 50, 75) percentile: (212, 1485, 4535)
[M::mem_pestat] low and high boundaries for computing mean and std.dev: (1, 13181)
[M::mem_pestat] mean and std.dev: (2740.40, 2764.28)
[M::mem_pestat] low and high boundaries for proper pairs: (1, 17504)
[M::mem_pestat] skip orientation FF
[M::mem_pestat] skip orientation RF
[M::mem_pestat] skip orientation RR
[M::mem_process_seqs] Processed 2847136 reads in 4543.632 CPU sec, 139.026 real sec
[M::process] read 2826436 sequences (400000254 bp)...
[M::mem_pestat] # candidate unique pairs for (FF, FR, RF, RR): (55, 662748, 249, 47)
[M::mem_pestat] analyzing insert size distribution for orientation FF...
[M::mem_pestat] (25, 50, 75) percentile: (308, 911, 4219)
[M::mem_pestat] low and high boundaries for computing mean and std.dev: (1, 12041)
[M::mem_pestat] mean and std.dev: (2360.85, 2554.89)
[M::mem_pestat] low and high boundaries for proper pairs: (1, 15952)
[M::mem_pestat] analyzing insert size distribution for orientation FR...
[M::mem_pestat] (25, 50, 75) percentile: (178, 233, 303)
[M::mem_pestat] low and high boundaries for computing mean and std.dev: (1, 553)
[M::mem_pestat] mean and std.dev: (243.67, 91.13)
[M::mem_pestat] low and high boundaries for proper pairs: (1, 678)
[M::mem_pestat] analyzing insert size distribution for orientation RF...
[M::mem_pestat] (25, 50, 75) percentile: (143, 972, 2982)
[M::mem_pestat] low and high boundaries for computing mean and std.dev: (1, 8660)
[M::mem_pestat] mean and std.dev: (1916.97, 2325.54)
[M::mem_pestat] low and high boundaries for proper pairs: (1, 11499)
[M::mem_pestat] analyzing insert size distribution for orientation RR...
[M::mem_pestat] (25, 50, 75) percentile: (379, 1498, 3084)
[M::mem_pestat] low and high boundaries for computing mean and std.dev: (1, 8494)
[M::mem_pestat] mean and std.dev: (1913.11, 1872.28)
[M::mem_pestat] low and high boundaries for proper pairs: (1, 11199)
[M::mem_pestat] skip orientation FF
[M::mem_pestat] skip orientation RF
[M::mem_pestat] skip orientation RR
[M::mem_process_seqs] Processed 2837274 reads in 4497.170 CPU sec, 134.751 real sec
[M::process] read 2802568 sequences (400000268 bp)...
[M::mem_pestat] # candidate unique pairs for (FF, FR, RF, RR): (70, 661991, 218, 58)
[M::mem_pestat] analyzing insert size distribution for orientation FF...
[M::mem_pestat] (25, 50, 75) percentile: (259, 818, 2668)
[M::mem_pestat] low and high boundaries for computing mean and std.dev: (1, 7486)
[M::mem_pestat] mean and std.dev: (1716.45, 2036.09)
[M::mem_pestat] low and high boundaries for proper pairs: (1, 9895)
[M::mem_pestat] analyzing insert size distribution for orientation FR...
[M::mem_pestat] (25, 50, 75) percentile: (179, 233, 303)
[M::mem_pestat] low and high boundaries for computing mean and std.dev: (1, 551)
[M::mem_pestat] mean and std.dev: (243.82, 90.97)
[M::mem_pestat] low and high boundaries for proper pairs: (1, 675)
[M::mem_pestat] analyzing insert size distribution for orientation RF...
[M::mem_pestat] (25, 50, 75) percentile: (209, 1656, 4434)
[M::mem_pestat] low and high boundaries for computing mean and std.dev: (1, 12884)
[M::mem_pestat] mean and std.dev: (2721.14, 2867.72)
[M::mem_pestat] low and high boundaries for proper pairs: (1, 17109)
[M::mem_pestat] analyzing insert size distribution for orientation RR...
[M::mem_pestat] (25, 50, 75) percentile: (157, 366, 3862)
[M::mem_pestat] low and high boundaries for computing mean and std.dev: (1, 11272)
[M::mem_pestat] mean and std.dev: (1887.41, 2472.07)
[M::mem_pestat] low and high boundaries for proper pairs: (1, 14977)
[M::mem_pestat] skip orientation FF
[M::mem_pestat] skip orientation RF
[M::mem_pestat] skip orientation RR
[M::mem_process_seqs] Processed 2826436 reads in 4464.573 CPU sec, 134.361 real sec
[M::process] read 2803554 sequences (400000271 bp)...
[M::mem_pestat] # candidate unique pairs for (FF, FR, RF, RR): (59, 656976, 202, 71)
[M::mem_pestat] analyzing insert size distribution for orientation FF...
[M::mem_pestat] (25, 50, 75) percentile: (357, 898, 4777)
[M::mem_pestat] low and high boundaries for computing mean and std.dev: (1, 13617)
[M::mem_pestat] mean and std.dev: (2334.49, 2637.46)
[M::mem_pestat] low and high boundaries for proper pairs: (1, 18037)
[M::mem_pestat] analyzing insert size distribution for orientation FR...
[M::mem_pestat] (25, 50, 75) percentile: (181, 238, 308)
[M::mem_pestat] low and high boundaries for computing mean and std.dev: (1, 562)
[M::mem_pestat] mean and std.dev: (247.88, 92.30)
[M::mem_pestat] low and high boundaries for proper pairs: (1, 689)
[M::mem_pestat] analyzing insert size distribution for orientation RF...
[M::mem_pestat] (25, 50, 75) percentile: (209, 1536, 4261)
[M::mem_pestat] low and high boundaries for computing mean and std.dev: (1, 12365)
[M::mem_pestat] mean and std.dev: (2565.58, 2765.31)
[M::mem_pestat] low and high boundaries for proper pairs: (1, 16417)
[M::mem_pestat] analyzing insert size distribution for orientation RR...
[M::mem_pestat] (25, 50, 75) percentile: (216, 855, 3754)
[M::mem_pestat] low and high boundaries for computing mean and std.dev: (1, 10830)
[M::mem_pestat] mean and std.dev: (2147.92, 2280.23)
[M::mem_pestat] low and high boundaries for proper pairs: (1, 14368)
[M::mem_pestat] skip orientation FF
[M::mem_pestat] skip orientation RF
[M::mem_pestat] skip orientation RR
[M::mem_process_seqs] Processed 2802568 reads in 4495.761 CPU sec, 136.932 real sec
[M::process] read 2802426 sequences (400000274 bp)...
[M::mem_pestat] # candidate unique pairs for (FF, FR, RF, RR): (74, 656796, 217, 57)
[M::mem_pestat] analyzing insert size distribution for orientation FF...
[M::mem_pestat] (25, 50, 75) percentile: (275, 1683, 5589)
[M::mem_pestat] low and high boundaries for computing mean and std.dev: (1, 16217)
[M::mem_pestat] mean and std.dev: (2964.20, 2992.04)
[M::mem_pestat] low and high boundaries for proper pairs: (1, 21531)
[M::mem_pestat] analyzing insert size distribution for orientation FR...
[M::mem_pestat] (25, 50, 75) percentile: (180, 236, 306)
[M::mem_pestat] low and high boundaries for computing mean and std.dev: (1, 558)
[M::mem_pestat] mean and std.dev: (245.72, 91.61)
[M::mem_pestat] low and high boundaries for proper pairs: (1, 684)
[M::mem_pestat] analyzing insert size distribution for orientation RF...
[M::mem_pestat] (25, 50, 75) percentile: (133, 1163, 3235)
[M::mem_pestat] low and high boundaries for computing mean and std.dev: (1, 9439)
[M::mem_pestat] mean and std.dev: (2048.16, 2372.79)
[M::mem_pestat] low and high boundaries for proper pairs: (1, 12541)
[M::mem_pestat] analyzing insert size distribution for orientation RR...
[M::mem_pestat] (25, 50, 75) percentile: (301, 922, 2448)
[M::mem_pestat] low and high boundaries for computing mean and std.dev: (1, 6742)
[M::mem_pestat] mean and std.dev: (1390.32, 1436.19)
[M::mem_pestat] low and high boundaries for proper pairs: (1, 8889)
[M::mem_pestat] skip orientation FF
[M::mem_pestat] skip orientation RF
[M::mem_pestat] skip orientation RR
[M::mem_process_seqs] Processed 2803554 reads in 4515.876 CPU sec, 144.719 real sec
[M::process] read 2801528 sequences (400000217 bp)...
[M::mem_pestat] # candidate unique pairs for (FF, FR, RF, RR): (58, 658538, 204, 63)
[M::mem_pestat] analyzing insert size distribution for orientation FF...
[M::mem_pestat] (25, 50, 75) percentile: (265, 1480, 3656)
[M::mem_pestat] low and high boundaries for computing mean and std.dev: (1, 10438)
[M::mem_pestat] mean and std.dev: (2243.52, 2444.86)
[M::mem_pestat] low and high boundaries for proper pairs: (1, 13829)
[M::mem_pestat] analyzing insert size distribution for orientation FR...
[M::mem_pestat] (25, 50, 75) percentile: (181, 237, 307)
[M::mem_pestat] low and high boundaries for computing mean and std.dev: (1, 559)
[M::mem_pestat] mean and std.dev: (247.08, 91.94)
[M::mem_pestat] low and high boundaries for proper pairs: (1, 685)
[M::mem_pestat] analyzing insert size distribution for orientation RF...
[M::mem_pestat] (25, 50, 75) percentile: (191, 928, 3239)
[M::mem_pestat] low and high boundaries for computing mean and std.dev: (1, 9335)
[M::mem_pestat] mean and std.dev: (1935.17, 2274.26)
[M::mem_pestat] low and high boundaries for proper pairs: (1, 12383)
[M::mem_pestat] analyzing insert size distribution for orientation RR...
[M::mem_pestat] (25, 50, 75) percentile: (250, 660, 3376)
[M::mem_pestat] low and high boundaries for computing mean and std.dev: (1, 9628)
[M::mem_pestat] mean and std.dev: (1779.30, 2358.16)
[M::mem_pestat] low and high boundaries for proper pairs: (1, 12754)
[M::mem_pestat] skip orientation FF
[M::mem_pestat] skip orientation RF
[M::mem_pestat] skip orientation RR
[M::mem_process_seqs] Processed 2802426 reads in 4567.837 CPU sec, 149.992 real sec
[M::process] read 2803192 sequences (400000263 bp)...
[M::mem_pestat] # candidate unique pairs for (FF, FR, RF, RR): (81, 657182, 264, 64)
[M::mem_pestat] analyzing insert size distribution for orientation FF...
[M::mem_pestat] (25, 50, 75) percentile: (235, 1452, 5365)
[M::mem_pestat] low and high boundaries for computing mean and std.dev: (1, 15625)
[M::mem_pestat] mean and std.dev: (2772.04, 3014.02)
[M::mem_pestat] low and high boundaries for proper pairs: (1, 20755)
[M::mem_pestat] analyzing insert size distribution for orientation FR...
[M::mem_pestat] (25, 50, 75) percentile: (181, 238, 307)
[M::mem_pestat] low and high boundaries for computing mean and std.dev: (1, 559)
[M::mem_pestat] mean and std.dev: (247.44, 92.06)
[M::mem_pestat] low and high boundaries for proper pairs: (1, 685)
[M::mem_pestat] analyzing insert size distribution for orientation RF...
[M::mem_pestat] (25, 50, 75) percentile: (149, 905, 3430)
[M::mem_pestat] low and high boundaries for computing mean and std.dev: (1, 9992)
[M::mem_pestat] mean and std.dev: (2069.24, 2557.05)
[M::mem_pestat] low and high boundaries for proper pairs: (1, 13273)
[M::mem_pestat] analyzing insert size distribution for orientation RR...
[M::mem_pestat] (25, 50, 75) percentile: (306, 2023, 3272)
[M::mem_pestat] low and high boundaries for computing mean and std.dev: (1, 9204)
[M::mem_pestat] mean and std.dev: (2116.43, 1959.60)
[M::mem_pestat] low and high boundaries for proper pairs: (1, 12170)
[M::mem_pestat] skip orientation FF
[M::mem_pestat] skip orientation RF
[M::mem_pestat] skip orientation RR
[M::mem_process_seqs] Processed 2801528 reads in 4512.112 CPU sec, 136.305 real sec
[M::process] read 2821160 sequences (400000120 bp)...
[M::mem_pestat] # candidate unique pairs for (FF, FR, RF, RR): (54, 651854, 232, 56)
[M::mem_pestat] analyzing insert size distribution for orientation FF...
[M::mem_pestat] (25, 50, 75) percentile: (198, 518, 3613)
[M::mem_pestat] low and high boundaries for computing mean and std.dev: (1, 10443)
[M::mem_pestat] mean and std.dev: (1751.28, 2219.94)
[M::mem_pestat] low and high boundaries for proper pairs: (1, 13858)
[M::mem_pestat] analyzing insert size distribution for orientation FR...
[M::mem_pestat] (25, 50, 75) percentile: (185, 243, 314)
[M::mem_pestat] low and high boundaries for computing mean and std.dev: (1, 572)
[M::mem_pestat] mean and std.dev: (252.38, 92.95)
[M::mem_pestat] low and high boundaries for proper pairs: (1, 701)
[M::mem_pestat] analyzing insert size distribution for orientation RF...
[M::mem_pestat] (25, 50, 75) percentile: (176, 976, 3219)
[M::mem_pestat] low and high boundaries for computing mean and std.dev: (1, 9305)
[M::mem_pestat] mean and std.dev: (1992.90, 2327.03)
[M::mem_pestat] low and high boundaries for proper pairs: (1, 12348)
[M::mem_pestat] analyzing insert size distribution for orientation RR...
[M::mem_pestat] (25, 50, 75) percentile: (247, 1336, 3710)
[M::mem_pestat] low and high boundaries for computing mean and std.dev: (1, 10636)
[M::mem_pestat] mean and std.dev: (2194.23, 2291.25)
[M::mem_pestat] low and high boundaries for proper pairs: (1, 14099)
[M::mem_pestat] skip orientation FF
[M::mem_pestat] skip orientation RF
[M::mem_pestat] skip orientation RR
[M::mem_process_seqs] Processed 2803192 reads in 4607.756 CPU sec, 141.729 real sec
[M::process] read 2818686 sequences (400000180 bp)...
[M::mem_pestat] # candidate unique pairs for (FF, FR, RF, RR): (71, 654338, 224, 64)
[M::mem_pestat] analyzing insert size distribution for orientation FF...
[M::mem_pestat] (25, 50, 75) percentile: (230, 849, 3890)
[M::mem_pestat] low and high boundaries for computing mean and std.dev: (1, 11210)
[M::mem_pestat] mean and std.dev: (2479.90, 2902.30)
[M::mem_pestat] low and high boundaries for proper pairs: (1, 14870)
[M::mem_pestat] analyzing insert size distribution for orientation FR...
[M::mem_pestat] (25, 50, 75) percentile: (183, 240, 312)
[M::mem_pestat] low and high boundaries for computing mean and std.dev: (1, 570)
[M::mem_pestat] mean and std.dev: (250.73, 93.56)
[M::mem_pestat] low and high boundaries for proper pairs: (1, 699)
[M::mem_pestat] analyzing insert size distribution for orientation RF...
[M::mem_pestat] (25, 50, 75) percentile: (185, 1164, 3362)
[M::mem_pestat] low and high boundaries for computing mean and std.dev: (1, 9716)
[M::mem_pestat] mean and std.dev: (2210.28, 2599.37)
[M::mem_pestat] low and high boundaries for proper pairs: (1, 12893)
[M::mem_pestat] analyzing insert size distribution for orientation RR...
[M::mem_pestat] (25, 50, 75) percentile: (278, 890, 2830)
[M::mem_pestat] low and high boundaries for computing mean and std.dev: (1, 7934)
[M::mem_pestat] mean and std.dev: (1672.31, 1807.41)
[M::mem_pestat] low and high boundaries for proper pairs: (1, 10486)
[M::mem_pestat] skip orientation FF
[M::mem_pestat] skip orientation RF
[M::mem_pestat] skip orientation RR
[M::mem_process_seqs] Processed 2821160 reads in 4556.799 CPU sec, 138.947 real sec
[M::process] read 2817348 sequences (400000148 bp)...
[M::mem_pestat] # candidate unique pairs for (FF, FR, RF, RR): (71, 653799, 255, 63)
[M::mem_pestat] analyzing insert size distribution for orientation FF...
[M::mem_pestat] (25, 50, 75) percentile: (232, 1458, 4341)
[M::mem_pestat] low and high boundaries for computing mean and std.dev: (1, 12559)
[M::mem_pestat] mean and std.dev: (2522.86, 2745.74)
[M::mem_pestat] low and high boundaries for proper pairs: (1, 16668)
[M::mem_pestat] analyzing insert size distribution for orientation FR...
[M::mem_pestat] (25, 50, 75) percentile: (183, 240, 311)
[M::mem_pestat] low and high boundaries for computing mean and std.dev: (1, 567)
[M::mem_pestat] mean and std.dev: (249.64, 92.76)
[M::mem_pestat] low and high boundaries for proper pairs: (1, 695)
[M::mem_pestat] analyzing insert size distribution for orientation RF...
[M::mem_pestat] (25, 50, 75) percentile: (162, 1309, 4648)
[M::mem_pestat] low and high boundaries for computing mean and std.dev: (1, 13620)
[M::mem_pestat] mean and std.dev: (2464.45, 2725.67)
[M::mem_pestat] low and high boundaries for proper pairs: (1, 18106)
[M::mem_pestat] analyzing insert size distribution for orientation RR...
[M::mem_pestat] (25, 50, 75) percentile: (436, 845, 3675)
[M::mem_pestat] low and high boundaries for computing mean and std.dev: (1, 10153)
[M::mem_pestat] mean and std.dev: (2170.40, 2275.73)
[M::mem_pestat] low and high boundaries for proper pairs: (1, 13392)
[M::mem_pestat] skip orientation FF
[M::mem_pestat] skip orientation RF
[M::mem_pestat] skip orientation RR
[M::mem_process_seqs] Processed 2818686 reads in 4540.858 CPU sec, 135.394 real sec
[M::process] read 2818284 sequences (400000070 bp)...
[M::mem_pestat] # candidate unique pairs for (FF, FR, RF, RR): (61, 652512, 228, 79)
[M::mem_pestat] analyzing insert size distribution for orientation FF...
[M::mem_pestat] (25, 50, 75) percentile: (238, 1370, 3886)
[M::mem_pestat] low and high boundaries for computing mean and std.dev: (1, 11182)
[M::mem_pestat] mean and std.dev: (1962.87, 2014.74)
[M::mem_pestat] low and high boundaries for proper pairs: (1, 14830)
[M::mem_pestat] analyzing insert size distribution for orientation FR...
[M::mem_pestat] (25, 50, 75) percentile: (184, 241, 313)
[M::mem_pestat] low and high boundaries for computing mean and std.dev: (1, 571)
[M::mem_pestat] mean and std.dev: (251.13, 93.45)
[M::mem_pestat] low and high boundaries for proper pairs: (1, 700)
[M::mem_pestat] analyzing insert size distribution for orientation RF...
[M::mem_pestat] (25, 50, 75) percentile: (127, 638, 2953)
[M::mem_pestat] low and high boundaries for computing mean and std.dev: (1, 8605)
[M::mem_pestat] mean and std.dev: (1698.93, 2241.85)
[M::mem_pestat] low and high boundaries for proper pairs: (1, 11431)
[M::mem_pestat] analyzing insert size distribution for orientation RR...
[M::mem_pestat] (25, 50, 75) percentile: (179, 407, 2457)
[M::mem_pestat] low and high boundaries for computing mean and std.dev: (1, 7013)
[M::mem_pestat] mean and std.dev: (1339.91, 1608.18)
[M::mem_pestat] low and high boundaries for proper pairs: (1, 9291)
[M::mem_pestat] skip orientation FF
[M::mem_pestat] skip orientation RF
[M::mem_pestat] skip orientation RR
[M::mem_process_seqs] Processed 2817348 reads in 4533.040 CPU sec, 136.105 real sec
[M::process] read 2057482 sequences (293370084 bp)...
[M::mem_pestat] # candidate unique pairs for (FF, FR, RF, RR): (75, 654218, 249, 69)
[M::mem_pestat] analyzing insert size distribution for orientation FF...
[M::mem_pestat] (25, 50, 75) percentile: (296, 2161, 3941)
[M::mem_pestat] low and high boundaries for computing mean and std.dev: (1, 11231)
[M::mem_pestat] mean and std.dev: (2336.21, 2243.99)
[M::mem_pestat] low and high boundaries for proper pairs: (1, 14876)
[M::mem_pestat] analyzing insert size distribution for orientation FR...
[M::mem_pestat] (25, 50, 75) percentile: (184, 241, 313)
[M::mem_pestat] low and high boundaries for computing mean and std.dev: (1, 571)
[M::mem_pestat] mean and std.dev: (251.34, 93.71)
[M::mem_pestat] low and high boundaries for proper pairs: (1, 700)
[M::mem_pestat] analyzing insert size distribution for orientation RF...
[M::mem_pestat] (25, 50, 75) percentile: (382, 1720, 4039)
[M::mem_pestat] low and high boundaries for computing mean and std.dev: (1, 11353)
[M::mem_pestat] mean and std.dev: (2651.34, 2619.82)
[M::mem_pestat] low and high boundaries for proper pairs: (1, 15010)
[M::mem_pestat] analyzing insert size distribution for orientation RR...
[M::mem_pestat] (25, 50, 75) percentile: (310, 2950, 5231)
[M::mem_pestat] low and high boundaries for computing mean and std.dev: (1, 15073)
[M::mem_pestat] mean and std.dev: (3096.07, 2751.19)
[M::mem_pestat] low and high boundaries for proper pairs: (1, 19994)
[M::mem_pestat] skip orientation FF
[M::mem_pestat] skip orientation RF
[M::mem_pestat] skip orientation RR
[M::mem_process_seqs] Processed 2818284 reads in 4513.666 CPU sec, 134.169 real sec
[M::mem_pestat] # candidate unique pairs for (FF, FR, RF, RR): (42, 477417, 181, 55)
[M::mem_pestat] analyzing insert size distribution for orientation FF...
[M::mem_pestat] (25, 50, 75) percentile: (277, 828, 3384)
[M::mem_pestat] low and high boundaries for computing mean and std.dev: (1, 9598)
[M::mem_pestat] mean and std.dev: (1754.38, 1719.26)
[M::mem_pestat] low and high boundaries for proper pairs: (1, 12705)
[M::mem_pestat] analyzing insert size distribution for orientation FR...
[M::mem_pestat] (25, 50, 75) percentile: (185, 244, 317)
[M::mem_pestat] low and high boundaries for computing mean and std.dev: (1, 581)
[M::mem_pestat] mean and std.dev: (254.29, 95.24)
[M::mem_pestat] low and high boundaries for proper pairs: (1, 713)
[M::mem_pestat] analyzing insert size distribution for orientation RF...
[M::mem_pestat] (25, 50, 75) percentile: (196, 1093, 3669)
[M::mem_pestat] low and high boundaries for computing mean and std.dev: (1, 10615)
[M::mem_pestat] mean and std.dev: (2248.69, 2454.99)
[M::mem_pestat] low and high boundaries for proper pairs: (1, 14088)
[M::mem_pestat] analyzing insert size distribution for orientation RR...
[M::mem_pestat] (25, 50, 75) percentile: (323, 845, 2611)
[M::mem_pestat] low and high boundaries for computing mean and std.dev: (1, 7187)
[M::mem_pestat] mean and std.dev: (1531.96, 1643.26)
[M::mem_pestat] low and high boundaries for proper pairs: (1, 9475)
[M::mem_pestat] skip orientation FF
[M::mem_pestat] skip orientation RF
[M::mem_pestat] skip orientation RR
[M::mem_process_seqs] Processed 2057482 reads in 3308.039 CPU sec, 100.537 real sec
[main] Version: 0.7.17-r1188
[main] CMD: /home/shared/bwa-0.7.17/bwa mem -M -t 40 ../data/bwa-GCF_031168955.1_ASM3116895v1_genomic ../data/trimmed-fastqs-heatwave-genetics/MHW149_trimmed_clipped_R1_paired.fq.gz ../data/trimmed-fastqs-heatwave-genetics/MHW149_trimmed_clipped_R2_paired.fq.gz
[main] Real time: 5415.819 sec; CPU: 178236.003 sec
