[M::bwa_idx_load_from_disk] read 0 ALT contigs
[M::process] read 2972836 sequences (400000047 bp)...
[M::process] read 2952746 sequences (400000107 bp)...
[M::mem_pestat] # candidate unique pairs for (FF, FR, RF, RR): (7, 721194, 48, 6)
[M::mem_pestat] skip orientation FF as there are not enough pairs
[M::mem_pestat] analyzing insert size distribution for orientation FR...
[M::mem_pestat] (25, 50, 75) percentile: (135, 171, 219)
[M::mem_pestat] low and high boundaries for computing mean and std.dev: (1, 387)
[M::mem_pestat] mean and std.dev: (179.58, 64.42)
[M::mem_pestat] low and high boundaries for proper pairs: (1, 471)
[M::mem_pestat] analyzing insert size distribution for orientation RF...
[M::mem_pestat] (25, 50, 75) percentile: (91, 308, 1487)
[M::mem_pestat] low and high boundaries for computing mean and std.dev: (1, 4279)
[M::mem_pestat] mean and std.dev: (617.82, 742.16)
[M::mem_pestat] low and high boundaries for proper pairs: (1, 5675)
[M::mem_pestat] skip orientation RR as there are not enough pairs
[M::mem_pestat] skip orientation RF
[M::mem_process_seqs] Processed 2972836 reads in 5074.639 CPU sec, 127.176 real sec
[M::process] read 2966588 sequences (400000257 bp)...
[M::mem_pestat] # candidate unique pairs for (FF, FR, RF, RR): (10, 715302, 42, 12)
[M::mem_pestat] analyzing insert size distribution for orientation FF...
[M::mem_pestat] (25, 50, 75) percentile: (171, 171, 181)
[M::mem_pestat] low and high boundaries for computing mean and std.dev: (151, 201)
[M::mem_pestat] mean and std.dev: (173.29, 3.77)
[M::mem_pestat] low and high boundaries for proper pairs: (141, 211)
[M::mem_pestat] analyzing insert size distribution for orientation FR...
[M::mem_pestat] (25, 50, 75) percentile: (139, 177, 227)
[M::mem_pestat] low and high boundaries for computing mean and std.dev: (1, 403)
[M::mem_pestat] mean and std.dev: (185.77, 67.11)
[M::mem_pestat] low and high boundaries for proper pairs: (1, 491)
[M::mem_pestat] analyzing insert size distribution for orientation RF...
[M::mem_pestat] (25, 50, 75) percentile: (22, 175, 371)
[M::mem_pestat] low and high boundaries for computing mean and std.dev: (1, 1069)
[M::mem_pestat] mean and std.dev: (196.34, 238.16)
[M::mem_pestat] low and high boundaries for proper pairs: (1, 1418)
[M::mem_pestat] analyzing insert size distribution for orientation RR...
[M::mem_pestat] (25, 50, 75) percentile: (5579, 9915, 9915)
[M::mem_pestat] low and high boundaries for computing mean and std.dev: (1, 18587)
[M::mem_pestat] mean and std.dev: (7033.00, 3565.35)
[M::mem_pestat] low and high boundaries for proper pairs: (1, 22923)
[M::mem_pestat] skip orientation FF
[M::mem_pestat] skip orientation RF
[M::mem_pestat] skip orientation RR
[M::mem_process_seqs] Processed 2952746 reads in 5392.350 CPU sec, 135.282 real sec
[M::process] read 2948726 sequences (400000279 bp)...
[M::mem_pestat] # candidate unique pairs for (FF, FR, RF, RR): (7, 722149, 30, 1)
[M::mem_pestat] skip orientation FF as there are not enough pairs
[M::mem_pestat] analyzing insert size distribution for orientation FR...
[M::mem_pestat] (25, 50, 75) percentile: (136, 172, 220)
[M::mem_pestat] low and high boundaries for computing mean and std.dev: (1, 388)
[M::mem_pestat] mean and std.dev: (180.45, 64.82)
[M::mem_pestat] low and high boundaries for proper pairs: (1, 472)
[M::mem_pestat] analyzing insert size distribution for orientation RF...
[M::mem_pestat] (25, 50, 75) percentile: (45, 223, 847)
[M::mem_pestat] low and high boundaries for computing mean and std.dev: (1, 2451)
[M::mem_pestat] mean and std.dev: (398.07, 553.02)
[M::mem_pestat] low and high boundaries for proper pairs: (1, 3253)
[M::mem_pestat] skip orientation RR as there are not enough pairs
[M::mem_pestat] skip orientation RF
[M::mem_process_seqs] Processed 2966588 reads in 5247.554 CPU sec, 131.846 real sec
[M::process] read 2966988 sequences (400000035 bp)...
[M::mem_pestat] # candidate unique pairs for (FF, FR, RF, RR): (3, 716593, 47, 2)
[M::mem_pestat] skip orientation FF as there are not enough pairs
[M::mem_pestat] analyzing insert size distribution for orientation FR...
[M::mem_pestat] (25, 50, 75) percentile: (139, 176, 226)
[M::mem_pestat] low and high boundaries for computing mean and std.dev: (1, 400)
[M::mem_pestat] mean and std.dev: (185.24, 66.75)
[M::mem_pestat] low and high boundaries for proper pairs: (1, 487)
[M::mem_pestat] analyzing insert size distribution for orientation RF...
[M::mem_pestat] (25, 50, 75) percentile: (46, 160, 565)
[M::mem_pestat] low and high boundaries for computing mean and std.dev: (1, 1603)
[M::mem_pestat] mean and std.dev: (245.43, 326.36)
[M::mem_pestat] low and high boundaries for proper pairs: (1, 2122)
[M::mem_pestat] skip orientation RR as there are not enough pairs
[M::mem_pestat] skip orientation RF
[M::mem_process_seqs] Processed 2948726 reads in 5426.180 CPU sec, 135.746 real sec
[M::process] read 2949224 sequences (400000086 bp)...
[M::mem_pestat] # candidate unique pairs for (FF, FR, RF, RR): (4, 722739, 49, 3)
[M::mem_pestat] skip orientation FF as there are not enough pairs
[M::mem_pestat] analyzing insert size distribution for orientation FR...
[M::mem_pestat] (25, 50, 75) percentile: (136, 172, 221)
[M::mem_pestat] low and high boundaries for computing mean and std.dev: (1, 391)
[M::mem_pestat] mean and std.dev: (181.30, 65.27)
[M::mem_pestat] low and high boundaries for proper pairs: (1, 476)
[M::mem_pestat] analyzing insert size distribution for orientation RF...
[M::mem_pestat] (25, 50, 75) percentile: (44, 149, 1043)
[M::mem_pestat] low and high boundaries for computing mean and std.dev: (1, 3041)
[M::mem_pestat] mean and std.dev: (322.10, 588.88)
[M::mem_pestat] low and high boundaries for proper pairs: (1, 4040)
[M::mem_pestat] skip orientation RR as there are not enough pairs
[M::mem_pestat] skip orientation RF
[M::mem_process_seqs] Processed 2966988 reads in 5331.533 CPU sec, 133.946 real sec
[M::process] read 2962974 sequences (400000027 bp)...
[M::mem_pestat] # candidate unique pairs for (FF, FR, RF, RR): (8, 716302, 36, 1)
[M::mem_pestat] skip orientation FF as there are not enough pairs
[M::mem_pestat] analyzing insert size distribution for orientation FR...
[M::mem_pestat] (25, 50, 75) percentile: (139, 176, 226)
[M::mem_pestat] low and high boundaries for computing mean and std.dev: (1, 400)
[M::mem_pestat] mean and std.dev: (185.04, 66.64)
[M::mem_pestat] low and high boundaries for proper pairs: (1, 487)
[M::mem_pestat] analyzing insert size distribution for orientation RF...
[M::mem_pestat] (25, 50, 75) percentile: (79, 216, 799)
[M::mem_pestat] low and high boundaries for computing mean and std.dev: (1, 2239)
[M::mem_pestat] mean and std.dev: (390.53, 493.15)
[M::mem_pestat] low and high boundaries for proper pairs: (1, 2959)
[M::mem_pestat] skip orientation RR as there are not enough pairs
[M::mem_pestat] skip orientation RF
[M::mem_process_seqs] Processed 2949224 reads in 5388.350 CPU sec, 134.826 real sec
[M::process] read 2949988 sequences (400000067 bp)...
[M::mem_pestat] # candidate unique pairs for (FF, FR, RF, RR): (6, 721331, 45, 5)
[M::mem_pestat] skip orientation FF as there are not enough pairs
[M::mem_pestat] analyzing insert size distribution for orientation FR...
[M::mem_pestat] (25, 50, 75) percentile: (136, 173, 221)
[M::mem_pestat] low and high boundaries for computing mean and std.dev: (1, 391)
[M::mem_pestat] mean and std.dev: (181.34, 65.00)
[M::mem_pestat] low and high boundaries for proper pairs: (1, 476)
[M::mem_pestat] analyzing insert size distribution for orientation RF...
[M::mem_pestat] (25, 50, 75) percentile: (223, 446, 2418)
[M::mem_pestat] low and high boundaries for computing mean and std.dev: (1, 6808)
[M::mem_pestat] mean and std.dev: (1169.62, 1708.31)
[M::mem_pestat] low and high boundaries for proper pairs: (1, 9003)
[M::mem_pestat] skip orientation RR as there are not enough pairs
[M::mem_pestat] skip orientation RF
[M::mem_process_seqs] Processed 2962974 reads in 5306.751 CPU sec, 133.334 real sec
[M::process] read 2961234 sequences (400000273 bp)...
[M::mem_pestat] # candidate unique pairs for (FF, FR, RF, RR): (5, 717076, 50, 3)
[M::mem_pestat] skip orientation FF as there are not enough pairs
[M::mem_pestat] analyzing insert size distribution for orientation FR...
[M::mem_pestat] (25, 50, 75) percentile: (139, 176, 226)
[M::mem_pestat] low and high boundaries for computing mean and std.dev: (1, 400)
[M::mem_pestat] mean and std.dev: (184.90, 66.80)
[M::mem_pestat] low and high boundaries for proper pairs: (1, 487)
[M::mem_pestat] analyzing insert size distribution for orientation RF...
[M::mem_pestat] (25, 50, 75) percentile: (122, 226, 599)
[M::mem_pestat] low and high boundaries for computing mean and std.dev: (1, 1553)
[M::mem_pestat] mean and std.dev: (275.24, 239.26)
[M::mem_pestat] low and high boundaries for proper pairs: (1, 2030)
[M::mem_pestat] skip orientation RR as there are not enough pairs
[M::mem_pestat] skip orientation RF
[M::mem_process_seqs] Processed 2949988 reads in 5360.068 CPU sec, 134.351 real sec
[M::process] read 2978218 sequences (400000138 bp)...
[M::mem_pestat] # candidate unique pairs for (FF, FR, RF, RR): (11, 714262, 42, 4)
[M::mem_pestat] analyzing insert size distribution for orientation FF...
[M::mem_pestat] (25, 50, 75) percentile: (150, 409, 2826)
[M::mem_pestat] low and high boundaries for computing mean and std.dev: (1, 8178)
[M::mem_pestat] mean and std.dev: (1293.36, 1589.10)
[M::mem_pestat] low and high boundaries for proper pairs: (1, 10854)
[M::mem_pestat] analyzing insert size distribution for orientation FR...
[M::mem_pestat] (25, 50, 75) percentile: (139, 176, 226)
[M::mem_pestat] low and high boundaries for computing mean and std.dev: (1, 400)
[M::mem_pestat] mean and std.dev: (185.30, 66.82)
[M::mem_pestat] low and high boundaries for proper pairs: (1, 487)
[M::mem_pestat] analyzing insert size distribution for orientation RF...
[M::mem_pestat] (25, 50, 75) percentile: (64, 223, 2141)
[M::mem_pestat] low and high boundaries for computing mean and std.dev: (1, 6295)
[M::mem_pestat] mean and std.dev: (1128.95, 1786.95)
[M::mem_pestat] low and high boundaries for proper pairs: (1, 8372)
[M::mem_pestat] skip orientation RR as there are not enough pairs
[M::mem_pestat] skip orientation FF
[M::mem_pestat] skip orientation RF
[M::mem_process_seqs] Processed 2961234 reads in 5447.383 CPU sec, 136.291 real sec
[M::process] read 2975036 sequences (400000069 bp)...
[M::mem_pestat] # candidate unique pairs for (FF, FR, RF, RR): (9, 717082, 41, 7)
[M::mem_pestat] skip orientation FF as there are not enough pairs
[M::mem_pestat] analyzing insert size distribution for orientation FR...
[M::mem_pestat] (25, 50, 75) percentile: (138, 175, 224)
[M::mem_pestat] low and high boundaries for computing mean and std.dev: (1, 396)
[M::mem_pestat] mean and std.dev: (183.68, 66.50)
[M::mem_pestat] low and high boundaries for proper pairs: (1, 482)
[M::mem_pestat] analyzing insert size distribution for orientation RF...
[M::mem_pestat] (25, 50, 75) percentile: (145, 226, 715)
[M::mem_pestat] low and high boundaries for computing mean and std.dev: (1, 1855)
[M::mem_pestat] mean and std.dev: (339.22, 338.40)
[M::mem_pestat] low and high boundaries for proper pairs: (1, 2425)
[M::mem_pestat] skip orientation RR as there are not enough pairs
[M::mem_pestat] skip orientation RF
[M::mem_process_seqs] Processed 2978218 reads in 5331.331 CPU sec, 133.680 real sec
[M::process] read 2968748 sequences (400000239 bp)...
[M::mem_pestat] # candidate unique pairs for (FF, FR, RF, RR): (4, 717611, 51, 5)
[M::mem_pestat] skip orientation FF as there are not enough pairs
[M::mem_pestat] analyzing insert size distribution for orientation FR...
[M::mem_pestat] (25, 50, 75) percentile: (138, 175, 225)
[M::mem_pestat] low and high boundaries for computing mean and std.dev: (1, 399)
[M::mem_pestat] mean and std.dev: (184.36, 66.85)
[M::mem_pestat] low and high boundaries for proper pairs: (1, 486)
[M::mem_pestat] analyzing insert size distribution for orientation RF...
[M::mem_pestat] (25, 50, 75) percentile: (86, 223, 461)
[M::mem_pestat] low and high boundaries for computing mean and std.dev: (1, 1211)
[M::mem_pestat] mean and std.dev: (235.09, 238.50)
[M::mem_pestat] low and high boundaries for proper pairs: (1, 1586)
[M::mem_pestat] skip orientation RR as there are not enough pairs
[M::mem_pestat] skip orientation RF
[M::mem_process_seqs] Processed 2975036 reads in 5420.059 CPU sec, 135.920 real sec
[M::process] read 2969956 sequences (400000071 bp)...
[M::mem_pestat] # candidate unique pairs for (FF, FR, RF, RR): (4, 717110, 39, 14)
[M::mem_pestat] skip orientation FF as there are not enough pairs
[M::mem_pestat] analyzing insert size distribution for orientation FR...
[M::mem_pestat] (25, 50, 75) percentile: (138, 175, 224)
[M::mem_pestat] low and high boundaries for computing mean and std.dev: (1, 396)
[M::mem_pestat] mean and std.dev: (183.59, 66.35)
[M::mem_pestat] low and high boundaries for proper pairs: (1, 482)
[M::mem_pestat] analyzing insert size distribution for orientation RF...
[M::mem_pestat] (25, 50, 75) percentile: (201, 223, 639)
[M::mem_pestat] low and high boundaries for computing mean and std.dev: (1, 1515)
[M::mem_pestat] mean and std.dev: (340.50, 314.64)
[M::mem_pestat] low and high boundaries for proper pairs: (1, 1953)
[M::mem_pestat] analyzing insert size distribution for orientation RR...
[M::mem_pestat] (25, 50, 75) percentile: (74, 191, 886)
[M::mem_pestat] low and high boundaries for computing mean and std.dev: (1, 2510)
[M::mem_pestat] mean and std.dev: (310.17, 336.10)
[M::mem_pestat] low and high boundaries for proper pairs: (1, 3322)
[M::mem_pestat] skip orientation RF
[M::mem_pestat] skip orientation RR
[M::mem_process_seqs] Processed 2968748 reads in 5341.335 CPU sec, 134.247 real sec
[M::process] read 2970364 sequences (400000011 bp)...
[M::mem_pestat] # candidate unique pairs for (FF, FR, RF, RR): (7, 717194, 56, 9)
[M::mem_pestat] skip orientation FF as there are not enough pairs
[M::mem_pestat] analyzing insert size distribution for orientation FR...
[M::mem_pestat] (25, 50, 75) percentile: (138, 175, 225)
[M::mem_pestat] low and high boundaries for computing mean and std.dev: (1, 399)
[M::mem_pestat] mean and std.dev: (183.91, 66.65)
[M::mem_pestat] low and high boundaries for proper pairs: (1, 486)
[M::mem_pestat] analyzing insert size distribution for orientation RF...
[M::mem_pestat] (25, 50, 75) percentile: (60, 216, 1341)
[M::mem_pestat] low and high boundaries for computing mean and std.dev: (1, 3903)
[M::mem_pestat] mean and std.dev: (601.44, 919.50)
[M::mem_pestat] low and high boundaries for proper pairs: (1, 5184)
[M::mem_pestat] skip orientation RR as there are not enough pairs
[M::mem_pestat] skip orientation RF
[M::mem_process_seqs] Processed 2969956 reads in 5437.902 CPU sec, 136.073 real sec
[M::process] read 2971782 sequences (400000134 bp)...
[M::mem_pestat] # candidate unique pairs for (FF, FR, RF, RR): (9, 717927, 44, 4)
[M::mem_pestat] skip orientation FF as there are not enough pairs
[M::mem_pestat] analyzing insert size distribution for orientation FR...
[M::mem_pestat] (25, 50, 75) percentile: (137, 175, 224)
[M::mem_pestat] low and high boundaries for computing mean and std.dev: (1, 398)
[M::mem_pestat] mean and std.dev: (183.59, 66.46)
[M::mem_pestat] low and high boundaries for proper pairs: (1, 485)
[M::mem_pestat] analyzing insert size distribution for orientation RF...
[M::mem_pestat] (25, 50, 75) percentile: (59, 224, 1801)
[M::mem_pestat] low and high boundaries for computing mean and std.dev: (1, 5285)
[M::mem_pestat] mean and std.dev: (1078.80, 1498.98)
[M::mem_pestat] low and high boundaries for proper pairs: (1, 7075)
[M::mem_pestat] skip orientation RR as there are not enough pairs
[M::mem_pestat] skip orientation RF
[M::mem_process_seqs] Processed 2970364 reads in 5351.589 CPU sec, 134.181 real sec
[M::process] read 2971984 sequences (400000271 bp)...
[M::mem_pestat] # candidate unique pairs for (FF, FR, RF, RR): (0, 717157, 41, 6)
[M::mem_pestat] skip orientation FF as there are not enough pairs
[M::mem_pestat] analyzing insert size distribution for orientation FR...
[M::mem_pestat] (25, 50, 75) percentile: (138, 174, 224)
[M::mem_pestat] low and high boundaries for computing mean and std.dev: (1, 396)
[M::mem_pestat] mean and std.dev: (183.67, 66.33)
[M::mem_pestat] low and high boundaries for proper pairs: (1, 482)
[M::mem_pestat] analyzing insert size distribution for orientation RF...
[M::mem_pestat] (25, 50, 75) percentile: (79, 226, 1446)
[M::mem_pestat] low and high boundaries for computing mean and std.dev: (1, 4180)
[M::mem_pestat] mean and std.dev: (643.85, 778.43)
[M::mem_pestat] low and high boundaries for proper pairs: (1, 5547)
[M::mem_pestat] skip orientation RR as there are not enough pairs
[M::mem_pestat] skip orientation RF
[M::mem_process_seqs] Processed 2971782 reads in 5412.842 CPU sec, 135.961 real sec
[M::process] read 2954216 sequences (400000243 bp)...
[M::mem_pestat] # candidate unique pairs for (FF, FR, RF, RR): (9, 718928, 56, 2)
[M::mem_pestat] skip orientation FF as there are not enough pairs
[M::mem_pestat] analyzing insert size distribution for orientation FR...
[M::mem_pestat] (25, 50, 75) percentile: (137, 174, 224)
[M::mem_pestat] low and high boundaries for computing mean and std.dev: (1, 398)
[M::mem_pestat] mean and std.dev: (183.15, 66.46)
[M::mem_pestat] low and high boundaries for proper pairs: (1, 485)
[M::mem_pestat] analyzing insert size distribution for orientation RF...
[M::mem_pestat] (25, 50, 75) percentile: (28, 157, 429)
[M::mem_pestat] low and high boundaries for computing mean and std.dev: (1, 1231)
[M::mem_pestat] mean and std.dev: (187.52, 253.00)
[M::mem_pestat] low and high boundaries for proper pairs: (1, 1632)
[M::mem_pestat] skip orientation RR as there are not enough pairs
[M::mem_pestat] skip orientation RF
[M::mem_process_seqs] Processed 2971984 reads in 5482.904 CPU sec, 137.183 real sec
[M::process] read 2960302 sequences (400000199 bp)...
[M::mem_pestat] # candidate unique pairs for (FF, FR, RF, RR): (5, 718275, 62, 3)
[M::mem_pestat] skip orientation FF as there are not enough pairs
[M::mem_pestat] analyzing insert size distribution for orientation FR...
[M::mem_pestat] (25, 50, 75) percentile: (138, 175, 226)
[M::mem_pestat] low and high boundaries for computing mean and std.dev: (1, 402)
[M::mem_pestat] mean and std.dev: (184.76, 66.93)
[M::mem_pestat] low and high boundaries for proper pairs: (1, 490)
[M::mem_pestat] analyzing insert size distribution for orientation RF...
[M::mem_pestat] (25, 50, 75) percentile: (98, 229, 536)
[M::mem_pestat] low and high boundaries for computing mean and std.dev: (1, 1412)
[M::mem_pestat] mean and std.dev: (314.96, 325.67)
[M::mem_pestat] low and high boundaries for proper pairs: (1, 1850)
[M::mem_pestat] skip orientation RR as there are not enough pairs
[M::mem_pestat] skip orientation RF
[M::mem_process_seqs] Processed 2954216 reads in 5672.092 CPU sec, 148.204 real sec
[M::process] read 2947626 sequences (400000032 bp)...
[M::mem_pestat] # candidate unique pairs for (FF, FR, RF, RR): (5, 719985, 47, 4)
[M::mem_pestat] skip orientation FF as there are not enough pairs
[M::mem_pestat] analyzing insert size distribution for orientation FR...
[M::mem_pestat] (25, 50, 75) percentile: (137, 174, 223)
[M::mem_pestat] low and high boundaries for computing mean and std.dev: (1, 395)
[M::mem_pestat] mean and std.dev: (182.52, 65.83)
[M::mem_pestat] low and high boundaries for proper pairs: (1, 481)
[M::mem_pestat] analyzing insert size distribution for orientation RF...
[M::mem_pestat] (25, 50, 75) percentile: (200, 226, 1746)
[M::mem_pestat] low and high boundaries for computing mean and std.dev: (1, 4838)
[M::mem_pestat] mean and std.dev: (781.96, 984.90)
[M::mem_pestat] low and high boundaries for proper pairs: (1, 6384)
[M::mem_pestat] skip orientation RR as there are not enough pairs
[M::mem_pestat] skip orientation RF
[M::mem_process_seqs] Processed 2960302 reads in 5292.813 CPU sec, 132.676 real sec
[M::process] read 2955574 sequences (400000170 bp)...
[M::mem_pestat] # candidate unique pairs for (FF, FR, RF, RR): (4, 718195, 41, 3)
[M::mem_pestat] skip orientation FF as there are not enough pairs
[M::mem_pestat] analyzing insert size distribution for orientation FR...
[M::mem_pestat] (25, 50, 75) percentile: (139, 176, 226)
[M::mem_pestat] low and high boundaries for computing mean and std.dev: (1, 400)
[M::mem_pestat] mean and std.dev: (185.15, 66.59)
[M::mem_pestat] low and high boundaries for proper pairs: (1, 487)
[M::mem_pestat] analyzing insert size distribution for orientation RF...
[M::mem_pestat] (25, 50, 75) percentile: (54, 223, 1473)
[M::mem_pestat] low and high boundaries for computing mean and std.dev: (1, 4311)
[M::mem_pestat] mean and std.dev: (752.17, 1054.64)
[M::mem_pestat] low and high boundaries for proper pairs: (1, 5730)
[M::mem_pestat] skip orientation RR as there are not enough pairs
[M::mem_pestat] skip orientation RF
[M::mem_process_seqs] Processed 2947626 reads in 5403.696 CPU sec, 135.199 real sec
[M::process] read 2950128 sequences (400000254 bp)...
[M::mem_pestat] # candidate unique pairs for (FF, FR, RF, RR): (8, 719034, 50, 4)
[M::mem_pestat] skip orientation FF as there are not enough pairs
[M::mem_pestat] analyzing insert size distribution for orientation FR...
[M::mem_pestat] (25, 50, 75) percentile: (137, 174, 223)
[M::mem_pestat] low and high boundaries for computing mean and std.dev: (1, 395)
[M::mem_pestat] mean and std.dev: (182.79, 66.00)
[M::mem_pestat] low and high boundaries for proper pairs: (1, 481)
[M::mem_pestat] analyzing insert size distribution for orientation RF...
[M::mem_pestat] (25, 50, 75) percentile: (82, 223, 377)
[M::mem_pestat] low and high boundaries for computing mean and std.dev: (1, 967)
[M::mem_pestat] mean and std.dev: (167.62, 148.90)
[M::mem_pestat] low and high boundaries for proper pairs: (1, 1262)
[M::mem_pestat] skip orientation RR as there are not enough pairs
[M::mem_pestat] skip orientation RF
[M::mem_process_seqs] Processed 2955574 reads in 5274.794 CPU sec, 132.578 real sec
[M::process] read 2956686 sequences (400000068 bp)...
[M::mem_pestat] # candidate unique pairs for (FF, FR, RF, RR): (4, 719494, 56, 6)
[M::mem_pestat] skip orientation FF as there are not enough pairs
[M::mem_pestat] analyzing insert size distribution for orientation FR...
[M::mem_pestat] (25, 50, 75) percentile: (139, 176, 226)
[M::mem_pestat] low and high boundaries for computing mean and std.dev: (1, 400)
[M::mem_pestat] mean and std.dev: (184.97, 66.58)
[M::mem_pestat] low and high boundaries for proper pairs: (1, 487)
[M::mem_pestat] analyzing insert size distribution for orientation RF...
[M::mem_pestat] (25, 50, 75) percentile: (117, 322, 1243)
[M::mem_pestat] low and high boundaries for computing mean and std.dev: (1, 3495)
[M::mem_pestat] mean and std.dev: (641.98, 890.42)
[M::mem_pestat] low and high boundaries for proper pairs: (1, 4621)
[M::mem_pestat] skip orientation RR as there are not enough pairs
[M::mem_pestat] skip orientation RF
[M::mem_process_seqs] Processed 2950128 reads in 5382.353 CPU sec, 134.951 real sec
[M::process] read 2946942 sequences (400000228 bp)...
[M::mem_pestat] # candidate unique pairs for (FF, FR, RF, RR): (4, 718319, 35, 5)
[M::mem_pestat] skip orientation FF as there are not enough pairs
[M::mem_pestat] analyzing insert size distribution for orientation FR...
[M::mem_pestat] (25, 50, 75) percentile: (137, 174, 224)
[M::mem_pestat] low and high boundaries for computing mean and std.dev: (1, 398)
[M::mem_pestat] mean and std.dev: (183.44, 66.50)
[M::mem_pestat] low and high boundaries for proper pairs: (1, 485)
[M::mem_pestat] analyzing insert size distribution for orientation RF...
[M::mem_pestat] (25, 50, 75) percentile: (28, 124, 388)
[M::mem_pestat] low and high boundaries for computing mean and std.dev: (1, 1108)
[M::mem_pestat] mean and std.dev: (141.18, 170.91)
[M::mem_pestat] low and high boundaries for proper pairs: (1, 1468)
[M::mem_pestat] skip orientation RR as there are not enough pairs
[M::mem_pestat] skip orientation RF
[M::mem_process_seqs] Processed 2956686 reads in 5323.152 CPU sec, 133.189 real sec
[M::process] read 2951690 sequences (400000104 bp)...
[M::mem_pestat] # candidate unique pairs for (FF, FR, RF, RR): (2, 716999, 46, 6)
[M::mem_pestat] skip orientation FF as there are not enough pairs
[M::mem_pestat] analyzing insert size distribution for orientation FR...
[M::mem_pestat] (25, 50, 75) percentile: (139, 176, 226)
[M::mem_pestat] low and high boundaries for computing mean and std.dev: (1, 400)
[M::mem_pestat] mean and std.dev: (185.22, 66.60)
[M::mem_pestat] low and high boundaries for proper pairs: (1, 487)
[M::mem_pestat] analyzing insert size distribution for orientation RF...
[M::mem_pestat] (25, 50, 75) percentile: (107, 226, 1262)
[M::mem_pestat] low and high boundaries for computing mean and std.dev: (1, 3572)
[M::mem_pestat] mean and std.dev: (687.76, 842.15)
[M::mem_pestat] low and high boundaries for proper pairs: (1, 4727)
[M::mem_pestat] skip orientation RR as there are not enough pairs
[M::mem_pestat] skip orientation RF
[M::mem_process_seqs] Processed 2946942 reads in 5379.542 CPU sec, 134.942 real sec
[M::process] read 2945316 sequences (400000101 bp)...
[M::mem_pestat] # candidate unique pairs for (FF, FR, RF, RR): (5, 718508, 37, 3)
[M::mem_pestat] skip orientation FF as there are not enough pairs
[M::mem_pestat] analyzing insert size distribution for orientation FR...
[M::mem_pestat] (25, 50, 75) percentile: (137, 174, 224)
[M::mem_pestat] low and high boundaries for computing mean and std.dev: (1, 398)
[M::mem_pestat] mean and std.dev: (183.55, 66.58)
[M::mem_pestat] low and high boundaries for proper pairs: (1, 485)
[M::mem_pestat] analyzing insert size distribution for orientation RF...
[M::mem_pestat] (25, 50, 75) percentile: (117, 223, 354)
[M::mem_pestat] low and high boundaries for computing mean and std.dev: (1, 828)
[M::mem_pestat] mean and std.dev: (178.53, 119.75)
[M::mem_pestat] low and high boundaries for proper pairs: (1, 1065)
[M::mem_pestat] skip orientation RR as there are not enough pairs
[M::mem_pestat] skip orientation RF
[M::mem_process_seqs] Processed 2951690 reads in 5244.530 CPU sec, 131.519 real sec
[M::process] read 2973018 sequences (400000006 bp)...
[M::mem_pestat] # candidate unique pairs for (FF, FR, RF, RR): (10, 717494, 34, 5)
[M::mem_pestat] analyzing insert size distribution for orientation FF...
[M::mem_pestat] (25, 50, 75) percentile: (102, 3253, 3748)
[M::mem_pestat] low and high boundaries for computing mean and std.dev: (1, 11040)
[M::mem_pestat] mean and std.dev: (2483.80, 2432.67)
[M::mem_pestat] low and high boundaries for proper pairs: (1, 14686)
[M::mem_pestat] analyzing insert size distribution for orientation FR...
[M::mem_pestat] (25, 50, 75) percentile: (139, 176, 227)
[M::mem_pestat] low and high boundaries for computing mean and std.dev: (1, 403)
[M::mem_pestat] mean and std.dev: (185.75, 67.06)
[M::mem_pestat] low and high boundaries for proper pairs: (1, 491)
[M::mem_pestat] analyzing insert size distribution for orientation RF...
[M::mem_pestat] (25, 50, 75) percentile: (39, 226, 1173)
[M::mem_pestat] low and high boundaries for computing mean and std.dev: (1, 3441)
[M::mem_pestat] mean and std.dev: (600.52, 807.89)
[M::mem_pestat] low and high boundaries for proper pairs: (1, 4575)
[M::mem_pestat] skip orientation RR as there are not enough pairs
[M::mem_pestat] skip orientation FF
[M::mem_pestat] skip orientation RF
[M::mem_process_seqs] Processed 2945316 reads in 5394.124 CPU sec, 135.259 real sec
[M::process] read 2966586 sequences (400000022 bp)...
[M::mem_pestat] # candidate unique pairs for (FF, FR, RF, RR): (6, 716431, 54, 5)
[M::mem_pestat] skip orientation FF as there are not enough pairs
[M::mem_pestat] analyzing insert size distribution for orientation FR...
[M::mem_pestat] (25, 50, 75) percentile: (138, 175, 225)
[M::mem_pestat] low and high boundaries for computing mean and std.dev: (1, 399)
[M::mem_pestat] mean and std.dev: (184.37, 67.06)
[M::mem_pestat] low and high boundaries for proper pairs: (1, 486)
[M::mem_pestat] analyzing insert size distribution for orientation RF...
[M::mem_pestat] (25, 50, 75) percentile: (99, 226, 1083)
[M::mem_pestat] low and high boundaries for computing mean and std.dev: (1, 3051)
[M::mem_pestat] mean and std.dev: (563.65, 733.56)
[M::mem_pestat] low and high boundaries for proper pairs: (1, 4035)
[M::mem_pestat] skip orientation RR as there are not enough pairs
[M::mem_pestat] skip orientation RF
[M::mem_process_seqs] Processed 2973018 reads in 5328.762 CPU sec, 133.622 real sec
[M::process] read 2971642 sequences (400000145 bp)...
[M::mem_pestat] # candidate unique pairs for (FF, FR, RF, RR): (5, 720119, 46, 9)
[M::mem_pestat] skip orientation FF as there are not enough pairs
[M::mem_pestat] analyzing insert size distribution for orientation FR...
[M::mem_pestat] (25, 50, 75) percentile: (138, 175, 225)
[M::mem_pestat] low and high boundaries for computing mean and std.dev: (1, 399)
[M::mem_pestat] mean and std.dev: (184.45, 66.72)
[M::mem_pestat] low and high boundaries for proper pairs: (1, 486)
[M::mem_pestat] analyzing insert size distribution for orientation RF...
[M::mem_pestat] (25, 50, 75) percentile: (156, 398, 1148)
[M::mem_pestat] low and high boundaries for computing mean and std.dev: (1, 3132)
[M::mem_pestat] mean and std.dev: (448.95, 468.09)
[M::mem_pestat] low and high boundaries for proper pairs: (1, 4124)
[M::mem_pestat] skip orientation RR as there are not enough pairs
[M::mem_pestat] skip orientation RF
[M::mem_process_seqs] Processed 2966586 reads in 5340.465 CPU sec, 133.960 real sec
[M::process] read 2960646 sequences (400000166 bp)...
[M::mem_pestat] # candidate unique pairs for (FF, FR, RF, RR): (5, 718127, 46, 2)
[M::mem_pestat] skip orientation FF as there are not enough pairs
[M::mem_pestat] analyzing insert size distribution for orientation FR...
[M::mem_pestat] (25, 50, 75) percentile: (138, 175, 225)
[M::mem_pestat] low and high boundaries for computing mean and std.dev: (1, 399)
[M::mem_pestat] mean and std.dev: (184.12, 66.82)
[M::mem_pestat] low and high boundaries for proper pairs: (1, 486)
[M::mem_pestat] analyzing insert size distribution for orientation RF...
[M::mem_pestat] (25, 50, 75) percentile: (122, 223, 407)
[M::mem_pestat] low and high boundaries for computing mean and std.dev: (1, 977)
[M::mem_pestat] mean and std.dev: (206.20, 154.92)
[M::mem_pestat] low and high boundaries for proper pairs: (1, 1262)
[M::mem_pestat] skip orientation RR as there are not enough pairs
[M::mem_pestat] skip orientation RF
[M::mem_process_seqs] Processed 2971642 reads in 5372.594 CPU sec, 135.027 real sec
[M::process] read 2969758 sequences (400000221 bp)...
[M::mem_pestat] # candidate unique pairs for (FF, FR, RF, RR): (2, 718203, 56, 6)
[M::mem_pestat] skip orientation FF as there are not enough pairs
[M::mem_pestat] analyzing insert size distribution for orientation FR...
[M::mem_pestat] (25, 50, 75) percentile: (138, 175, 225)
[M::mem_pestat] low and high boundaries for computing mean and std.dev: (1, 399)
[M::mem_pestat] mean and std.dev: (184.06, 66.53)
[M::mem_pestat] low and high boundaries for proper pairs: (1, 486)
[M::mem_pestat] analyzing insert size distribution for orientation RF...
[M::mem_pestat] (25, 50, 75) percentile: (103, 223, 499)
[M::mem_pestat] low and high boundaries for computing mean and std.dev: (1, 1291)
[M::mem_pestat] mean and std.dev: (247.31, 195.87)
[M::mem_pestat] low and high boundaries for proper pairs: (1, 1687)
[M::mem_pestat] skip orientation RR as there are not enough pairs
[M::mem_pestat] skip orientation RF
[M::mem_process_seqs] Processed 2960646 reads in 5372.061 CPU sec, 134.648 real sec
[M::process] read 2966840 sequences (400000252 bp)...
[M::mem_pestat] # candidate unique pairs for (FF, FR, RF, RR): (4, 716832, 27, 4)
[M::mem_pestat] skip orientation FF as there are not enough pairs
[M::mem_pestat] analyzing insert size distribution for orientation FR...
[M::mem_pestat] (25, 50, 75) percentile: (138, 175, 226)
[M::mem_pestat] low and high boundaries for computing mean and std.dev: (1, 402)
[M::mem_pestat] mean and std.dev: (184.68, 67.37)
[M::mem_pestat] low and high boundaries for proper pairs: (1, 490)
[M::mem_pestat] analyzing insert size distribution for orientation RF...
[M::mem_pestat] (25, 50, 75) percentile: (174, 374, 1245)
[M::mem_pestat] low and high boundaries for computing mean and std.dev: (1, 3387)
[M::mem_pestat] mean and std.dev: (596.25, 753.57)
[M::mem_pestat] low and high boundaries for proper pairs: (1, 4458)
[M::mem_pestat] skip orientation RR as there are not enough pairs
[M::mem_pestat] skip orientation RF
[M::mem_process_seqs] Processed 2969758 reads in 5358.552 CPU sec, 134.332 real sec
[M::process] read 2959388 sequences (400000179 bp)...
[M::mem_pestat] # candidate unique pairs for (FF, FR, RF, RR): (3, 719543, 40, 6)
[M::mem_pestat] skip orientation FF as there are not enough pairs
[M::mem_pestat] analyzing insert size distribution for orientation FR...
[M::mem_pestat] (25, 50, 75) percentile: (138, 175, 225)
[M::mem_pestat] low and high boundaries for computing mean and std.dev: (1, 399)
[M::mem_pestat] mean and std.dev: (184.26, 66.69)
[M::mem_pestat] low and high boundaries for proper pairs: (1, 486)
[M::mem_pestat] analyzing insert size distribution for orientation RF...
[M::mem_pestat] (25, 50, 75) percentile: (112, 223, 451)
[M::mem_pestat] low and high boundaries for computing mean and std.dev: (1, 1129)
[M::mem_pestat] mean and std.dev: (258.05, 234.56)
[M::mem_pestat] low and high boundaries for proper pairs: (1, 1468)
[M::mem_pestat] skip orientation RR as there are not enough pairs
[M::mem_pestat] skip orientation RF
[M::mem_process_seqs] Processed 2966840 reads in 5401.421 CPU sec, 135.410 real sec
[M::process] read 2952628 sequences (400000009 bp)...
[M::mem_pestat] # candidate unique pairs for (FF, FR, RF, RR): (4, 717989, 48, 4)
[M::mem_pestat] skip orientation FF as there are not enough pairs
[M::mem_pestat] analyzing insert size distribution for orientation FR...
[M::mem_pestat] (25, 50, 75) percentile: (138, 175, 226)
[M::mem_pestat] low and high boundaries for computing mean and std.dev: (1, 402)
[M::mem_pestat] mean and std.dev: (184.68, 67.49)
[M::mem_pestat] low and high boundaries for proper pairs: (1, 490)
[M::mem_pestat] analyzing insert size distribution for orientation RF...
[M::mem_pestat] (25, 50, 75) percentile: (166, 224, 715)
[M::mem_pestat] low and high boundaries for computing mean and std.dev: (1, 1813)
[M::mem_pestat] mean and std.dev: (291.49, 265.83)
[M::mem_pestat] low and high boundaries for proper pairs: (1, 2362)
[M::mem_pestat] skip orientation RR as there are not enough pairs
[M::mem_pestat] skip orientation RF
[M::mem_process_seqs] Processed 2959388 reads in 5352.234 CPU sec, 134.145 real sec
[M::process] read 2960730 sequences (400000180 bp)...
[M::mem_pestat] # candidate unique pairs for (FF, FR, RF, RR): (9, 720048, 49, 1)
[M::mem_pestat] skip orientation FF as there are not enough pairs
[M::mem_pestat] analyzing insert size distribution for orientation FR...
[M::mem_pestat] (25, 50, 75) percentile: (138, 175, 226)
[M::mem_pestat] low and high boundaries for computing mean and std.dev: (1, 402)
[M::mem_pestat] mean and std.dev: (184.74, 67.01)
[M::mem_pestat] low and high boundaries for proper pairs: (1, 490)
[M::mem_pestat] analyzing insert size distribution for orientation RF...
[M::mem_pestat] (25, 50, 75) percentile: (91, 317, 3434)
[M::mem_pestat] low and high boundaries for computing mean and std.dev: (1, 10120)
[M::mem_pestat] mean and std.dev: (1432.98, 1968.37)
[M::mem_pestat] low and high boundaries for proper pairs: (1, 13463)
[M::mem_pestat] skip orientation RR as there are not enough pairs
[M::mem_pestat] skip orientation RF
[M::mem_process_seqs] Processed 2952628 reads in 5674.787 CPU sec, 148.844 real sec
[M::process] read 2954166 sequences (400000082 bp)...
[M::mem_pestat] # candidate unique pairs for (FF, FR, RF, RR): (5, 712200, 54, 3)
[M::mem_pestat] skip orientation FF as there are not enough pairs
[M::mem_pestat] analyzing insert size distribution for orientation FR...
[M::mem_pestat] (25, 50, 75) percentile: (137, 173, 221)
[M::mem_pestat] low and high boundaries for computing mean and std.dev: (1, 389)
[M::mem_pestat] mean and std.dev: (181.57, 64.27)
[M::mem_pestat] low and high boundaries for proper pairs: (1, 473)
[M::mem_pestat] analyzing insert size distribution for orientation RF...
[M::mem_pestat] (25, 50, 75) percentile: (157, 281, 1913)
[M::mem_pestat] low and high boundaries for computing mean and std.dev: (1, 5425)
[M::mem_pestat] mean and std.dev: (954.74, 1265.15)
[M::mem_pestat] low and high boundaries for proper pairs: (1, 7181)
[M::mem_pestat] skip orientation RR as there are not enough pairs
[M::mem_pestat] skip orientation RF
[M::mem_process_seqs] Processed 2960730 reads in 5441.977 CPU sec, 136.427 real sec
[M::process] read 2956860 sequences (400000083 bp)...
[M::mem_pestat] # candidate unique pairs for (FF, FR, RF, RR): (6, 710959, 54, 9)
[M::mem_pestat] skip orientation FF as there are not enough pairs
[M::mem_pestat] analyzing insert size distribution for orientation FR...
[M::mem_pestat] (25, 50, 75) percentile: (138, 174, 222)
[M::mem_pestat] low and high boundaries for computing mean and std.dev: (1, 390)
[M::mem_pestat] mean and std.dev: (182.38, 64.54)
[M::mem_pestat] low and high boundaries for proper pairs: (1, 474)
[M::mem_pestat] analyzing insert size distribution for orientation RF...
[M::mem_pestat] (25, 50, 75) percentile: (119, 223, 642)
[M::mem_pestat] low and high boundaries for computing mean and std.dev: (1, 1688)
[M::mem_pestat] mean and std.dev: (330.22, 412.99)
[M::mem_pestat] low and high boundaries for proper pairs: (1, 2211)
[M::mem_pestat] skip orientation RR as there are not enough pairs
[M::mem_pestat] skip orientation RF
[M::mem_process_seqs] Processed 2954166 reads in 5486.429 CPU sec, 137.298 real sec
[M::process] read 2975692 sequences (400000000 bp)...
[M::mem_pestat] # candidate unique pairs for (FF, FR, RF, RR): (2, 709840, 43, 4)
[M::mem_pestat] skip orientation FF as there are not enough pairs
[M::mem_pestat] analyzing insert size distribution for orientation FR...
[M::mem_pestat] (25, 50, 75) percentile: (138, 174, 222)
[M::mem_pestat] low and high boundaries for computing mean and std.dev: (1, 390)
[M::mem_pestat] mean and std.dev: (182.46, 64.58)
[M::mem_pestat] low and high boundaries for proper pairs: (1, 474)
[M::mem_pestat] analyzing insert size distribution for orientation RF...
[M::mem_pestat] (25, 50, 75) percentile: (86, 223, 2224)
[M::mem_pestat] low and high boundaries for computing mean and std.dev: (1, 6500)
[M::mem_pestat] mean and std.dev: (1114.05, 1437.06)
[M::mem_pestat] low and high boundaries for proper pairs: (1, 8638)
[M::mem_pestat] skip orientation RR as there are not enough pairs
[M::mem_pestat] skip orientation RF
[M::mem_process_seqs] Processed 2956860 reads in 5490.809 CPU sec, 137.663 real sec
[M::process] read 2972044 sequences (400000028 bp)...
[M::mem_pestat] # candidate unique pairs for (FF, FR, RF, RR): (2, 713647, 41, 2)
[M::mem_pestat] skip orientation FF as there are not enough pairs
[M::mem_pestat] analyzing insert size distribution for orientation FR...
[M::mem_pestat] (25, 50, 75) percentile: (136, 173, 220)
[M::mem_pestat] low and high boundaries for computing mean and std.dev: (1, 388)
[M::mem_pestat] mean and std.dev: (180.87, 64.20)
[M::mem_pestat] low and high boundaries for proper pairs: (1, 472)
[M::mem_pestat] analyzing insert size distribution for orientation RF...
[M::mem_pestat] (25, 50, 75) percentile: (31, 223, 893)
[M::mem_pestat] low and high boundaries for computing mean and std.dev: (1, 2617)
[M::mem_pestat] mean and std.dev: (298.62, 443.84)
[M::mem_pestat] low and high boundaries for proper pairs: (1, 3479)
[M::mem_pestat] skip orientation RR as there are not enough pairs
[M::mem_pestat] skip orientation RF
[M::mem_process_seqs] Processed 2975692 reads in 5482.017 CPU sec, 137.730 real sec
[M::process] read 1298070 sequences (175448665 bp)...
[M::mem_pestat] # candidate unique pairs for (FF, FR, RF, RR): (6, 710487, 40, 5)
[M::mem_pestat] skip orientation FF as there are not enough pairs
[M::mem_pestat] analyzing insert size distribution for orientation FR...
[M::mem_pestat] (25, 50, 75) percentile: (137, 172, 220)
[M::mem_pestat] low and high boundaries for computing mean and std.dev: (1, 386)
[M::mem_pestat] mean and std.dev: (180.74, 64.02)
[M::mem_pestat] low and high boundaries for proper pairs: (1, 469)
[M::mem_pestat] analyzing insert size distribution for orientation RF...
[M::mem_pestat] (25, 50, 75) percentile: (74, 223, 379)
[M::mem_pestat] low and high boundaries for computing mean and std.dev: (1, 989)
[M::mem_pestat] mean and std.dev: (155.23, 98.55)
[M::mem_pestat] low and high boundaries for proper pairs: (1, 1294)
[M::mem_pestat] skip orientation RR as there are not enough pairs
[M::mem_pestat] skip orientation RF
[M::mem_process_seqs] Processed 2972044 reads in 5568.953 CPU sec, 139.549 real sec
[M::mem_pestat] # candidate unique pairs for (FF, FR, RF, RR): (2, 313553, 20, 1)
[M::mem_pestat] skip orientation FF as there are not enough pairs
[M::mem_pestat] analyzing insert size distribution for orientation FR...
[M::mem_pestat] (25, 50, 75) percentile: (137, 173, 220)
[M::mem_pestat] low and high boundaries for computing mean and std.dev: (1, 386)
[M::mem_pestat] mean and std.dev: (181.27, 63.89)
[M::mem_pestat] low and high boundaries for proper pairs: (1, 469)
[M::mem_pestat] analyzing insert size distribution for orientation RF...
[M::mem_pestat] (25, 50, 75) percentile: (223, 225, 636)
[M::mem_pestat] low and high boundaries for computing mean and std.dev: (1, 1462)
[M::mem_pestat] mean and std.dev: (331.22, 333.97)
[M::mem_pestat] low and high boundaries for proper pairs: (1, 1875)
[M::mem_pestat] skip orientation RR as there are not enough pairs
[M::mem_pestat] skip orientation RF
[M::mem_process_seqs] Processed 1298070 reads in 2424.830 CPU sec, 60.877 real sec
[main] Version: 0.7.17-r1188
[main] CMD: /home/shared/bwa-0.7.17/bwa mem -M -t 40 ../data/bwa-GCF_031168955.1_ASM3116895v1_genomic ../data/trimmed-fastqs-heatwave-genetics/MHW131_trimmed_clipped_R1_paired.fq.gz ../data/trimmed-fastqs-heatwave-genetics/MHW131_trimmed_clipped_R2_paired.fq.gz
[main] Real time: 5217.741 sec; CPU: 207224.662 sec
