[M::bwa_idx_load_from_disk] read 0 ALT contigs
[M::process] read 2839532 sequences (400000018 bp)...
[M::process] read 2835372 sequences (400000289 bp)...
[M::mem_pestat] # candidate unique pairs for (FF, FR, RF, RR): (3, 796674, 84, 8)
[M::mem_pestat] skip orientation FF as there are not enough pairs
[M::mem_pestat] analyzing insert size distribution for orientation FR...
[M::mem_pestat] (25, 50, 75) percentile: (164, 207, 276)
[M::mem_pestat] low and high boundaries for computing mean and std.dev: (1, 500)
[M::mem_pestat] mean and std.dev: (222.94, 83.47)
[M::mem_pestat] low and high boundaries for proper pairs: (1, 612)
[M::mem_pestat] analyzing insert size distribution for orientation RF...
[M::mem_pestat] (25, 50, 75) percentile: (223, 1084, 2139)
[M::mem_pestat] low and high boundaries for computing mean and std.dev: (1, 5971)
[M::mem_pestat] mean and std.dev: (1156.15, 1256.25)
[M::mem_pestat] low and high boundaries for proper pairs: (1, 7887)
[M::mem_pestat] skip orientation RR as there are not enough pairs
[M::mem_pestat] skip orientation RF
[M::mem_process_seqs] Processed 2839532 reads in 3028.128 CPU sec, 75.953 real sec
[M::process] read 2827948 sequences (400000241 bp)...
[M::mem_pestat] # candidate unique pairs for (FF, FR, RF, RR): (8, 794802, 94, 7)
[M::mem_pestat] skip orientation FF as there are not enough pairs
[M::mem_pestat] analyzing insert size distribution for orientation FR...
[M::mem_pestat] (25, 50, 75) percentile: (166, 210, 282)
[M::mem_pestat] low and high boundaries for computing mean and std.dev: (1, 514)
[M::mem_pestat] mean and std.dev: (226.80, 85.24)
[M::mem_pestat] low and high boundaries for proper pairs: (1, 630)
[M::mem_pestat] analyzing insert size distribution for orientation RF...
[M::mem_pestat] (25, 50, 75) percentile: (136, 226, 1180)
[M::mem_pestat] low and high boundaries for computing mean and std.dev: (1, 3268)
[M::mem_pestat] mean and std.dev: (577.55, 683.73)
[M::mem_pestat] low and high boundaries for proper pairs: (1, 4312)
[M::mem_pestat] skip orientation RR as there are not enough pairs
[M::mem_pestat] skip orientation RF
[M::mem_process_seqs] Processed 2835372 reads in 3172.728 CPU sec, 79.723 real sec
[M::process] read 2835132 sequences (400000091 bp)...
[M::mem_pestat] # candidate unique pairs for (FF, FR, RF, RR): (10, 796733, 75, 8)
[M::mem_pestat] analyzing insert size distribution for orientation FF...
[M::mem_pestat] (25, 50, 75) percentile: (231, 231, 1399)
[M::mem_pestat] low and high boundaries for computing mean and std.dev: (1, 3735)
[M::mem_pestat] mean and std.dev: (419.25, 388.31)
[M::mem_pestat] low and high boundaries for proper pairs: (1, 4903)
[M::mem_pestat] analyzing insert size distribution for orientation FR...
[M::mem_pestat] (25, 50, 75) percentile: (166, 211, 283)
[M::mem_pestat] low and high boundaries for computing mean and std.dev: (1, 517)
[M::mem_pestat] mean and std.dev: (227.83, 85.61)
[M::mem_pestat] low and high boundaries for proper pairs: (1, 634)
[M::mem_pestat] analyzing insert size distribution for orientation RF...
[M::mem_pestat] (25, 50, 75) percentile: (192, 510, 1305)
[M::mem_pestat] low and high boundaries for computing mean and std.dev: (1, 3531)
[M::mem_pestat] mean and std.dev: (641.47, 691.64)
[M::mem_pestat] low and high boundaries for proper pairs: (1, 4644)
[M::mem_pestat] skip orientation RR as there are not enough pairs
[M::mem_pestat] skip orientation FF
[M::mem_pestat] skip orientation RF
[M::mem_process_seqs] Processed 2827948 reads in 3176.834 CPU sec, 79.964 real sec
[M::process] read 2826314 sequences (400000057 bp)...
[M::mem_pestat] # candidate unique pairs for (FF, FR, RF, RR): (13, 797073, 76, 8)
[M::mem_pestat] analyzing insert size distribution for orientation FF...
[M::mem_pestat] (25, 50, 75) percentile: (75, 468, 704)
[M::mem_pestat] low and high boundaries for computing mean and std.dev: (1, 1962)
[M::mem_pestat] mean and std.dev: (415.92, 331.71)
[M::mem_pestat] low and high boundaries for proper pairs: (1, 2591)
[M::mem_pestat] analyzing insert size distribution for orientation FR...
[M::mem_pestat] (25, 50, 75) percentile: (165, 209, 279)
[M::mem_pestat] low and high boundaries for computing mean and std.dev: (1, 507)
[M::mem_pestat] mean and std.dev: (225.02, 84.41)
[M::mem_pestat] low and high boundaries for proper pairs: (1, 621)
[M::mem_pestat] analyzing insert size distribution for orientation RF...
[M::mem_pestat] (25, 50, 75) percentile: (107, 371, 2321)
[M::mem_pestat] low and high boundaries for computing mean and std.dev: (1, 6749)
[M::mem_pestat] mean and std.dev: (1165.71, 1500.49)
[M::mem_pestat] low and high boundaries for proper pairs: (1, 8963)
[M::mem_pestat] skip orientation RR as there are not enough pairs
[M::mem_pestat] skip orientation FF
[M::mem_pestat] skip orientation RF
[M::mem_process_seqs] Processed 2835132 reads in 3190.029 CPU sec, 79.889 real sec
[M::process] read 2829626 sequences (400000178 bp)...
[M::mem_pestat] # candidate unique pairs for (FF, FR, RF, RR): (5, 794526, 83, 6)
[M::mem_pestat] skip orientation FF as there are not enough pairs
[M::mem_pestat] analyzing insert size distribution for orientation FR...
[M::mem_pestat] (25, 50, 75) percentile: (167, 213, 285)
[M::mem_pestat] low and high boundaries for computing mean and std.dev: (1, 521)
[M::mem_pestat] mean and std.dev: (229.56, 86.02)
[M::mem_pestat] low and high boundaries for proper pairs: (1, 639)
[M::mem_pestat] analyzing insert size distribution for orientation RF...
[M::mem_pestat] (25, 50, 75) percentile: (128, 573, 1503)
[M::mem_pestat] low and high boundaries for computing mean and std.dev: (1, 4253)
[M::mem_pestat] mean and std.dev: (928.56, 968.06)
[M::mem_pestat] low and high boundaries for proper pairs: (1, 5628)
[M::mem_pestat] skip orientation RR as there are not enough pairs
[M::mem_pestat] skip orientation RF
[M::mem_process_seqs] Processed 2826314 reads in 3213.215 CPU sec, 80.880 real sec
[M::process] read 2838176 sequences (400000054 bp)...
[M::mem_pestat] # candidate unique pairs for (FF, FR, RF, RR): (6, 796515, 102, 3)
[M::mem_pestat] skip orientation FF as there are not enough pairs
[M::mem_pestat] analyzing insert size distribution for orientation FR...
[M::mem_pestat] (25, 50, 75) percentile: (165, 209, 279)
[M::mem_pestat] low and high boundaries for computing mean and std.dev: (1, 507)
[M::mem_pestat] mean and std.dev: (225.00, 84.47)
[M::mem_pestat] low and high boundaries for proper pairs: (1, 621)
[M::mem_pestat] analyzing insert size distribution for orientation RF...
[M::mem_pestat] (25, 50, 75) percentile: (223, 406, 2366)
[M::mem_pestat] low and high boundaries for computing mean and std.dev: (1, 6652)
[M::mem_pestat] mean and std.dev: (1171.89, 1413.70)
[M::mem_pestat] low and high boundaries for proper pairs: (1, 8795)
[M::mem_pestat] skip orientation RR as there are not enough pairs
[M::mem_pestat] skip orientation RF
[M::mem_process_seqs] Processed 2829626 reads in 3165.305 CPU sec, 79.261 real sec
[M::process] read 2855372 sequences (400000225 bp)...
[M::mem_pestat] # candidate unique pairs for (FF, FR, RF, RR): (20, 794774, 67, 4)
[M::mem_pestat] analyzing insert size distribution for orientation FF...
[M::mem_pestat] (25, 50, 75) percentile: (618, 2153, 4565)
[M::mem_pestat] low and high boundaries for computing mean and std.dev: (1, 12459)
[M::mem_pestat] mean and std.dev: (2519.50, 2604.08)
[M::mem_pestat] low and high boundaries for proper pairs: (1, 16406)
[M::mem_pestat] analyzing insert size distribution for orientation FR...
[M::mem_pestat] (25, 50, 75) percentile: (167, 213, 286)
[M::mem_pestat] low and high boundaries for computing mean and std.dev: (1, 524)
[M::mem_pestat] mean and std.dev: (229.79, 86.54)
[M::mem_pestat] low and high boundaries for proper pairs: (1, 643)
[M::mem_pestat] analyzing insert size distribution for orientation RF...
[M::mem_pestat] (25, 50, 75) percentile: (151, 241, 2328)
[M::mem_pestat] low and high boundaries for computing mean and std.dev: (1, 6682)
[M::mem_pestat] mean and std.dev: (919.48, 1246.57)
[M::mem_pestat] low and high boundaries for proper pairs: (1, 8859)
[M::mem_pestat] skip orientation RR as there are not enough pairs
[M::mem_pestat] skip orientation FF
[M::mem_pestat] skip orientation RF
[M::mem_process_seqs] Processed 2838176 reads in 3240.495 CPU sec, 81.598 real sec
[M::process] read 2853768 sequences (400000223 bp)...
[M::mem_pestat] # candidate unique pairs for (FF, FR, RF, RR): (5, 794141, 70, 9)
[M::mem_pestat] skip orientation FF as there are not enough pairs
[M::mem_pestat] analyzing insert size distribution for orientation FR...
[M::mem_pestat] (25, 50, 75) percentile: (166, 211, 285)
[M::mem_pestat] low and high boundaries for computing mean and std.dev: (1, 523)
[M::mem_pestat] mean and std.dev: (228.74, 86.69)
[M::mem_pestat] low and high boundaries for proper pairs: (1, 642)
[M::mem_pestat] analyzing insert size distribution for orientation RF...
[M::mem_pestat] (25, 50, 75) percentile: (130, 279, 1109)
[M::mem_pestat] low and high boundaries for computing mean and std.dev: (1, 3067)
[M::mem_pestat] mean and std.dev: (576.29, 718.36)
[M::mem_pestat] low and high boundaries for proper pairs: (1, 4046)
[M::mem_pestat] skip orientation RR as there are not enough pairs
[M::mem_pestat] skip orientation RF
[M::mem_process_seqs] Processed 2855372 reads in 3205.280 CPU sec, 80.225 real sec
[M::process] read 2846624 sequences (400000191 bp)...
[M::mem_pestat] # candidate unique pairs for (FF, FR, RF, RR): (9, 794188, 71, 16)
[M::mem_pestat] skip orientation FF as there are not enough pairs
[M::mem_pestat] analyzing insert size distribution for orientation FR...
[M::mem_pestat] (25, 50, 75) percentile: (166, 211, 283)
[M::mem_pestat] low and high boundaries for computing mean and std.dev: (1, 517)
[M::mem_pestat] mean and std.dev: (227.87, 86.15)
[M::mem_pestat] low and high boundaries for proper pairs: (1, 634)
[M::mem_pestat] analyzing insert size distribution for orientation RF...
[M::mem_pestat] (25, 50, 75) percentile: (173, 402, 2507)
[M::mem_pestat] low and high boundaries for computing mean and std.dev: (1, 7175)
[M::mem_pestat] mean and std.dev: (1335.15, 1790.88)
[M::mem_pestat] low and high boundaries for proper pairs: (1, 9509)
[M::mem_pestat] analyzing insert size distribution for orientation RR...
[M::mem_pestat] (25, 50, 75) percentile: (387, 438, 2254)
[M::mem_pestat] low and high boundaries for computing mean and std.dev: (1, 5988)
[M::mem_pestat] mean and std.dev: (1200.73, 1474.14)
[M::mem_pestat] low and high boundaries for proper pairs: (1, 7855)
[M::mem_pestat] skip orientation RF
[M::mem_pestat] skip orientation RR
[M::mem_process_seqs] Processed 2853768 reads in 3224.238 CPU sec, 81.194 real sec
[M::process] read 2847460 sequences (400000004 bp)...
[M::mem_pestat] # candidate unique pairs for (FF, FR, RF, RR): (7, 795010, 78, 7)
[M::mem_pestat] skip orientation FF as there are not enough pairs
[M::mem_pestat] analyzing insert size distribution for orientation FR...
[M::mem_pestat] (25, 50, 75) percentile: (166, 212, 285)
[M::mem_pestat] low and high boundaries for computing mean and std.dev: (1, 523)
[M::mem_pestat] mean and std.dev: (229.22, 86.93)
[M::mem_pestat] low and high boundaries for proper pairs: (1, 642)
[M::mem_pestat] analyzing insert size distribution for orientation RF...
[M::mem_pestat] (25, 50, 75) percentile: (154, 408, 1746)
[M::mem_pestat] low and high boundaries for computing mean and std.dev: (1, 4930)
[M::mem_pestat] mean and std.dev: (972.83, 1255.08)
[M::mem_pestat] low and high boundaries for proper pairs: (1, 6522)
[M::mem_pestat] skip orientation RR as there are not enough pairs
[M::mem_pestat] skip orientation RF
[M::mem_process_seqs] Processed 2846624 reads in 3231.752 CPU sec, 81.090 real sec
[M::process] read 2853806 sequences (400000224 bp)...
[M::mem_pestat] # candidate unique pairs for (FF, FR, RF, RR): (11, 795898, 79, 9)
[M::mem_pestat] analyzing insert size distribution for orientation FF...
[M::mem_pestat] (25, 50, 75) percentile: (444, 618, 1369)
[M::mem_pestat] low and high boundaries for computing mean and std.dev: (1, 3219)
[M::mem_pestat] mean and std.dev: (826.00, 642.10)
[M::mem_pestat] low and high boundaries for proper pairs: (1, 4144)
[M::mem_pestat] analyzing insert size distribution for orientation FR...
[M::mem_pestat] (25, 50, 75) percentile: (166, 211, 284)
[M::mem_pestat] low and high boundaries for computing mean and std.dev: (1, 520)
[M::mem_pestat] mean and std.dev: (228.15, 86.13)
[M::mem_pestat] low and high boundaries for proper pairs: (1, 638)
[M::mem_pestat] analyzing insert size distribution for orientation RF...
[M::mem_pestat] (25, 50, 75) percentile: (112, 412, 1216)
[M::mem_pestat] low and high boundaries for computing mean and std.dev: (1, 3424)
[M::mem_pestat] mean and std.dev: (582.00, 649.49)
[M::mem_pestat] low and high boundaries for proper pairs: (1, 4528)
[M::mem_pestat] skip orientation RR as there are not enough pairs
[M::mem_pestat] skip orientation FF
[M::mem_pestat] skip orientation RF
[M::mem_process_seqs] Processed 2847460 reads in 3200.268 CPU sec, 80.329 real sec
[M::process] read 2835068 sequences (400000220 bp)...
[M::mem_pestat] # candidate unique pairs for (FF, FR, RF, RR): (4, 796920, 68, 7)
[M::mem_pestat] skip orientation FF as there are not enough pairs
[M::mem_pestat] analyzing insert size distribution for orientation FR...
[M::mem_pestat] (25, 50, 75) percentile: (165, 210, 282)
[M::mem_pestat] low and high boundaries for computing mean and std.dev: (1, 516)
[M::mem_pestat] mean and std.dev: (227.18, 85.95)
[M::mem_pestat] low and high boundaries for proper pairs: (1, 633)
[M::mem_pestat] analyzing insert size distribution for orientation RF...
[M::mem_pestat] (25, 50, 75) percentile: (146, 657, 2401)
[M::mem_pestat] low and high boundaries for computing mean and std.dev: (1, 6911)
[M::mem_pestat] mean and std.dev: (1119.05, 1607.24)
[M::mem_pestat] low and high boundaries for proper pairs: (1, 9166)
[M::mem_pestat] skip orientation RR as there are not enough pairs
[M::mem_pestat] skip orientation RF
[M::mem_process_seqs] Processed 2853806 reads in 3282.556 CPU sec, 82.190 real sec
[M::process] read 2832502 sequences (400000147 bp)...
[M::mem_pestat] # candidate unique pairs for (FF, FR, RF, RR): (5, 795626, 64, 4)
[M::mem_pestat] skip orientation FF as there are not enough pairs
[M::mem_pestat] analyzing insert size distribution for orientation FR...
[M::mem_pestat] (25, 50, 75) percentile: (167, 212, 286)
[M::mem_pestat] low and high boundaries for computing mean and std.dev: (1, 524)
[M::mem_pestat] mean and std.dev: (229.46, 86.96)
[M::mem_pestat] low and high boundaries for proper pairs: (1, 643)
[M::mem_pestat] analyzing insert size distribution for orientation RF...
[M::mem_pestat] (25, 50, 75) percentile: (107, 299, 1606)
[M::mem_pestat] low and high boundaries for computing mean and std.dev: (1, 4604)
[M::mem_pestat] mean and std.dev: (679.29, 965.56)
[M::mem_pestat] low and high boundaries for proper pairs: (1, 6103)
[M::mem_pestat] skip orientation RR as there are not enough pairs
[M::mem_pestat] skip orientation RF
[M::mem_process_seqs] Processed 2835068 reads in 3218.021 CPU sec, 80.968 real sec
[M::process] read 2826758 sequences (400000204 bp)...
[M::mem_pestat] # candidate unique pairs for (FF, FR, RF, RR): (6, 795768, 81, 2)
[M::mem_pestat] skip orientation FF as there are not enough pairs
[M::mem_pestat] analyzing insert size distribution for orientation FR...
[M::mem_pestat] (25, 50, 75) percentile: (165, 209, 281)
[M::mem_pestat] low and high boundaries for computing mean and std.dev: (1, 513)
[M::mem_pestat] mean and std.dev: (226.02, 85.03)
[M::mem_pestat] low and high boundaries for proper pairs: (1, 629)
[M::mem_pestat] analyzing insert size distribution for orientation RF...
[M::mem_pestat] (25, 50, 75) percentile: (146, 312, 2865)
[M::mem_pestat] low and high boundaries for computing mean and std.dev: (1, 8303)
[M::mem_pestat] mean and std.dev: (1442.28, 2188.70)
[M::mem_pestat] low and high boundaries for proper pairs: (1, 11022)
[M::mem_pestat] skip orientation RR as there are not enough pairs
[M::mem_pestat] skip orientation RF
[M::mem_process_seqs] Processed 2832502 reads in 3169.342 CPU sec, 79.493 real sec
[M::process] read 2826080 sequences (400000275 bp)...
[M::mem_pestat] # candidate unique pairs for (FF, FR, RF, RR): (8, 795965, 86, 3)
[M::mem_pestat] skip orientation FF as there are not enough pairs
[M::mem_pestat] analyzing insert size distribution for orientation FR...
[M::mem_pestat] (25, 50, 75) percentile: (166, 211, 282)
[M::mem_pestat] low and high boundaries for computing mean and std.dev: (1, 514)
[M::mem_pestat] mean and std.dev: (227.18, 85.18)
[M::mem_pestat] low and high boundaries for proper pairs: (1, 630)
[M::mem_pestat] analyzing insert size distribution for orientation RF...
[M::mem_pestat] (25, 50, 75) percentile: (130, 600, 1322)
[M::mem_pestat] low and high boundaries for computing mean and std.dev: (1, 3706)
[M::mem_pestat] mean and std.dev: (762.50, 827.63)
[M::mem_pestat] low and high boundaries for proper pairs: (1, 4898)
[M::mem_pestat] skip orientation RR as there are not enough pairs
[M::mem_pestat] skip orientation RF
[M::mem_process_seqs] Processed 2826758 reads in 3182.070 CPU sec, 79.918 real sec
[M::process] read 2828254 sequences (400000088 bp)...
[M::mem_pestat] # candidate unique pairs for (FF, FR, RF, RR): (6, 795887, 83, 8)
[M::mem_pestat] skip orientation FF as there are not enough pairs
[M::mem_pestat] analyzing insert size distribution for orientation FR...
[M::mem_pestat] (25, 50, 75) percentile: (167, 212, 285)
[M::mem_pestat] low and high boundaries for computing mean and std.dev: (1, 521)
[M::mem_pestat] mean and std.dev: (228.99, 86.01)
[M::mem_pestat] low and high boundaries for proper pairs: (1, 639)
[M::mem_pestat] analyzing insert size distribution for orientation RF...
[M::mem_pestat] (25, 50, 75) percentile: (113, 227, 1273)
[M::mem_pestat] low and high boundaries for computing mean and std.dev: (1, 3593)
[M::mem_pestat] mean and std.dev: (665.04, 821.70)
[M::mem_pestat] low and high boundaries for proper pairs: (1, 4753)
[M::mem_pestat] skip orientation RR as there are not enough pairs
[M::mem_pestat] skip orientation RF
[M::mem_process_seqs] Processed 2826080 reads in 3185.551 CPU sec, 80.029 real sec
[M::process] read 2826260 sequences (400000056 bp)...
[M::mem_pestat] # candidate unique pairs for (FF, FR, RF, RR): (5, 795660, 85, 9)
[M::mem_pestat] skip orientation FF as there are not enough pairs
[M::mem_pestat] analyzing insert size distribution for orientation FR...
[M::mem_pestat] (25, 50, 75) percentile: (166, 211, 283)
[M::mem_pestat] low and high boundaries for computing mean and std.dev: (1, 517)
[M::mem_pestat] mean and std.dev: (227.80, 85.76)
[M::mem_pestat] low and high boundaries for proper pairs: (1, 634)
[M::mem_pestat] analyzing insert size distribution for orientation RF...
[M::mem_pestat] (25, 50, 75) percentile: (81, 230, 1196)
[M::mem_pestat] low and high boundaries for computing mean and std.dev: (1, 3426)
[M::mem_pestat] mean and std.dev: (523.68, 716.09)
[M::mem_pestat] low and high boundaries for proper pairs: (1, 4541)
[M::mem_pestat] skip orientation RR as there are not enough pairs
[M::mem_pestat] skip orientation RF
[M::mem_process_seqs] Processed 2828254 reads in 3203.944 CPU sec, 80.421 real sec
[M::process] read 2819806 sequences (400000099 bp)...
[M::mem_pestat] # candidate unique pairs for (FF, FR, RF, RR): (4, 795544, 78, 2)
[M::mem_pestat] skip orientation FF as there are not enough pairs
[M::mem_pestat] analyzing insert size distribution for orientation FR...
[M::mem_pestat] (25, 50, 75) percentile: (167, 212, 284)
[M::mem_pestat] low and high boundaries for computing mean and std.dev: (1, 518)
[M::mem_pestat] mean and std.dev: (228.56, 85.74)
[M::mem_pestat] low and high boundaries for proper pairs: (1, 635)
[M::mem_pestat] analyzing insert size distribution for orientation RF...
[M::mem_pestat] (25, 50, 75) percentile: (109, 746, 2135)
[M::mem_pestat] low and high boundaries for computing mean and std.dev: (1, 6187)
[M::mem_pestat] mean and std.dev: (1130.11, 1471.13)
[M::mem_pestat] low and high boundaries for proper pairs: (1, 8213)
[M::mem_pestat] skip orientation RR as there are not enough pairs
[M::mem_pestat] skip orientation RF
[M::mem_process_seqs] Processed 2826260 reads in 3511.128 CPU sec, 96.411 real sec
[M::process] read 2841302 sequences (400000176 bp)...
[M::mem_pestat] # candidate unique pairs for (FF, FR, RF, RR): (2, 793356, 80, 6)
[M::mem_pestat] skip orientation FF as there are not enough pairs
[M::mem_pestat] analyzing insert size distribution for orientation FR...
[M::mem_pestat] (25, 50, 75) percentile: (167, 212, 285)
[M::mem_pestat] low and high boundaries for computing mean and std.dev: (1, 521)
[M::mem_pestat] mean and std.dev: (229.14, 86.40)
[M::mem_pestat] low and high boundaries for proper pairs: (1, 639)
[M::mem_pestat] analyzing insert size distribution for orientation RF...
[M::mem_pestat] (25, 50, 75) percentile: (230, 1055, 2865)
[M::mem_pestat] low and high boundaries for computing mean and std.dev: (1, 8135)
[M::mem_pestat] mean and std.dev: (1814.44, 2142.72)
[M::mem_pestat] low and high boundaries for proper pairs: (1, 10770)
[M::mem_pestat] skip orientation RR as there are not enough pairs
[M::mem_pestat] skip orientation RF
[M::mem_process_seqs] Processed 2819806 reads in 3193.734 CPU sec, 80.201 real sec
[M::process] read 2848954 sequences (400000005 bp)...
[M::mem_pestat] # candidate unique pairs for (FF, FR, RF, RR): (12, 794105, 84, 9)
[M::mem_pestat] analyzing insert size distribution for orientation FF...
[M::mem_pestat] (25, 50, 75) percentile: (323, 343, 2602)
[M::mem_pestat] low and high boundaries for computing mean and std.dev: (1, 7160)
[M::mem_pestat] mean and std.dev: (1318.50, 1276.97)
[M::mem_pestat] low and high boundaries for proper pairs: (1, 9439)
[M::mem_pestat] analyzing insert size distribution for orientation FR...
[M::mem_pestat] (25, 50, 75) percentile: (167, 212, 285)
[M::mem_pestat] low and high boundaries for computing mean and std.dev: (1, 521)
[M::mem_pestat] mean and std.dev: (229.14, 86.35)
[M::mem_pestat] low and high boundaries for proper pairs: (1, 639)
[M::mem_pestat] analyzing insert size distribution for orientation RF...
[M::mem_pestat] (25, 50, 75) percentile: (128, 447, 2032)
[M::mem_pestat] low and high boundaries for computing mean and std.dev: (1, 5840)
[M::mem_pestat] mean and std.dev: (1010.20, 1127.60)
[M::mem_pestat] low and high boundaries for proper pairs: (1, 7744)
[M::mem_pestat] skip orientation RR as there are not enough pairs
[M::mem_pestat] skip orientation FF
[M::mem_pestat] skip orientation RF
[M::mem_process_seqs] Processed 2841302 reads in 3228.992 CPU sec, 81.338 real sec
[M::process] read 2847812 sequences (400000275 bp)...
[M::mem_pestat] # candidate unique pairs for (FF, FR, RF, RR): (8, 793625, 74, 10)
[M::mem_pestat] skip orientation FF as there are not enough pairs
[M::mem_pestat] analyzing insert size distribution for orientation FR...
[M::mem_pestat] (25, 50, 75) percentile: (167, 212, 285)
[M::mem_pestat] low and high boundaries for computing mean and std.dev: (1, 521)
[M::mem_pestat] mean and std.dev: (228.96, 86.54)
[M::mem_pestat] low and high boundaries for proper pairs: (1, 639)
[M::mem_pestat] analyzing insert size distribution for orientation RF...
[M::mem_pestat] (25, 50, 75) percentile: (109, 229, 935)
[M::mem_pestat] low and high boundaries for computing mean and std.dev: (1, 2587)
[M::mem_pestat] mean and std.dev: (528.42, 623.64)
[M::mem_pestat] low and high boundaries for proper pairs: (1, 3413)
[M::mem_pestat] analyzing insert size distribution for orientation RR...
[M::mem_pestat] (25, 50, 75) percentile: (293, 316, 2008)
[M::mem_pestat] low and high boundaries for computing mean and std.dev: (1, 5438)
[M::mem_pestat] mean and std.dev: (1135.50, 1118.33)
[M::mem_pestat] low and high boundaries for proper pairs: (1, 7153)
[M::mem_pestat] skip orientation RF
[M::mem_pestat] skip orientation RR
[M::mem_process_seqs] Processed 2848954 reads in 3223.314 CPU sec, 80.689 real sec
[M::process] read 2845876 sequences (400000107 bp)...
[M::mem_pestat] # candidate unique pairs for (FF, FR, RF, RR): (20, 795252, 62, 13)
[M::mem_pestat] analyzing insert size distribution for orientation FF...
[M::mem_pestat] (25, 50, 75) percentile: (1286, 4001, 9484)
[M::mem_pestat] low and high boundaries for computing mean and std.dev: (1, 25880)
[M::mem_pestat] mean and std.dev: (4756.15, 3734.62)
[M::mem_pestat] low and high boundaries for proper pairs: (1, 34078)
[M::mem_pestat] analyzing insert size distribution for orientation FR...
[M::mem_pestat] (25, 50, 75) percentile: (166, 211, 284)
[M::mem_pestat] low and high boundaries for computing mean and std.dev: (1, 520)
[M::mem_pestat] mean and std.dev: (228.32, 86.22)
[M::mem_pestat] low and high boundaries for proper pairs: (1, 638)
[M::mem_pestat] analyzing insert size distribution for orientation RF...
[M::mem_pestat] (25, 50, 75) percentile: (84, 319, 1111)
[M::mem_pestat] low and high boundaries for computing mean and std.dev: (1, 3165)
[M::mem_pestat] mean and std.dev: (652.91, 828.87)
[M::mem_pestat] low and high boundaries for proper pairs: (1, 4192)
[M::mem_pestat] analyzing insert size distribution for orientation RR...
[M::mem_pestat] (25, 50, 75) percentile: (136, 237, 4096)
[M::mem_pestat] low and high boundaries for computing mean and std.dev: (1, 12016)
[M::mem_pestat] mean and std.dev: (1447.15, 1910.06)
[M::mem_pestat] low and high boundaries for proper pairs: (1, 15976)
[M::mem_pestat] skip orientation FF
[M::mem_pestat] skip orientation RF
[M::mem_pestat] skip orientation RR
[M::mem_process_seqs] Processed 2847812 reads in 3203.056 CPU sec, 80.658 real sec
[M::process] read 2849660 sequences (400000299 bp)...
[M::mem_pestat] # candidate unique pairs for (FF, FR, RF, RR): (9, 793905, 100, 7)
[M::mem_pestat] skip orientation FF as there are not enough pairs
[M::mem_pestat] analyzing insert size distribution for orientation FR...
[M::mem_pestat] (25, 50, 75) percentile: (166, 212, 286)
[M::mem_pestat] low and high boundaries for computing mean and std.dev: (1, 526)
[M::mem_pestat] mean and std.dev: (229.34, 87.03)
[M::mem_pestat] low and high boundaries for proper pairs: (1, 646)
[M::mem_pestat] analyzing insert size distribution for orientation RF...
[M::mem_pestat] (25, 50, 75) percentile: (139, 667, 2402)
[M::mem_pestat] low and high boundaries for computing mean and std.dev: (1, 6928)
[M::mem_pestat] mean and std.dev: (1203.19, 1416.16)
[M::mem_pestat] low and high boundaries for proper pairs: (1, 9191)
[M::mem_pestat] skip orientation RR as there are not enough pairs
[M::mem_pestat] skip orientation RF
[M::mem_process_seqs] Processed 2845876 reads in 3243.391 CPU sec, 81.213 real sec
[M::process] read 2835104 sequences (400000041 bp)...
[M::mem_pestat] # candidate unique pairs for (FF, FR, RF, RR): (6, 796124, 70, 20)
[M::mem_pestat] skip orientation FF as there are not enough pairs
[M::mem_pestat] analyzing insert size distribution for orientation FR...
[M::mem_pestat] (25, 50, 75) percentile: (167, 212, 286)
[M::mem_pestat] low and high boundaries for computing mean and std.dev: (1, 524)
[M::mem_pestat] mean and std.dev: (229.63, 87.06)
[M::mem_pestat] low and high boundaries for proper pairs: (1, 643)
[M::mem_pestat] analyzing insert size distribution for orientation RF...
[M::mem_pestat] (25, 50, 75) percentile: (154, 371, 1686)
[M::mem_pestat] low and high boundaries for computing mean and std.dev: (1, 4750)
[M::mem_pestat] mean and std.dev: (823.66, 1057.52)
[M::mem_pestat] low and high boundaries for proper pairs: (1, 6282)
[M::mem_pestat] analyzing insert size distribution for orientation RR...
[M::mem_pestat] (25, 50, 75) percentile: (237, 858, 2620)
[M::mem_pestat] low and high boundaries for computing mean and std.dev: (1, 7386)
[M::mem_pestat] mean and std.dev: (1638.60, 1819.14)
[M::mem_pestat] low and high boundaries for proper pairs: (1, 9769)
[M::mem_pestat] skip orientation RF
[M::mem_pestat] skip orientation RR
[M::mem_process_seqs] Processed 2849660 reads in 3223.066 CPU sec, 81.064 real sec
[M::process] read 2835082 sequences (400000291 bp)...
[M::mem_pestat] # candidate unique pairs for (FF, FR, RF, RR): (2, 795078, 69, 6)
[M::mem_pestat] skip orientation FF as there are not enough pairs
[M::mem_pestat] analyzing insert size distribution for orientation FR...
[M::mem_pestat] (25, 50, 75) percentile: (166, 212, 285)
[M::mem_pestat] low and high boundaries for computing mean and std.dev: (1, 523)
[M::mem_pestat] mean and std.dev: (229.11, 86.95)
[M::mem_pestat] low and high boundaries for proper pairs: (1, 642)
[M::mem_pestat] analyzing insert size distribution for orientation RF...
[M::mem_pestat] (25, 50, 75) percentile: (162, 226, 1274)
[M::mem_pestat] low and high boundaries for computing mean and std.dev: (1, 3498)
[M::mem_pestat] mean and std.dev: (750.99, 883.00)
[M::mem_pestat] low and high boundaries for proper pairs: (1, 4610)
[M::mem_pestat] skip orientation RR as there are not enough pairs
[M::mem_pestat] skip orientation RF
[M::mem_process_seqs] Processed 2835104 reads in 3200.907 CPU sec, 80.424 real sec
[M::process] read 2835404 sequences (400000096 bp)...
[M::mem_pestat] # candidate unique pairs for (FF, FR, RF, RR): (2, 795469, 69, 19)
[M::mem_pestat] skip orientation FF as there are not enough pairs
[M::mem_pestat] analyzing insert size distribution for orientation FR...
[M::mem_pestat] (25, 50, 75) percentile: (165, 210, 281)
[M::mem_pestat] low and high boundaries for computing mean and std.dev: (1, 513)
[M::mem_pestat] mean and std.dev: (226.46, 85.09)
[M::mem_pestat] low and high boundaries for proper pairs: (1, 629)
[M::mem_pestat] analyzing insert size distribution for orientation RF...
[M::mem_pestat] (25, 50, 75) percentile: (289, 1129, 2189)
[M::mem_pestat] low and high boundaries for computing mean and std.dev: (1, 5989)
[M::mem_pestat] mean and std.dev: (1246.00, 1199.59)
[M::mem_pestat] low and high boundaries for proper pairs: (1, 7889)
[M::mem_pestat] analyzing insert size distribution for orientation RR...
[M::mem_pestat] (25, 50, 75) percentile: (729, 1367, 4870)
[M::mem_pestat] low and high boundaries for computing mean and std.dev: (1, 13152)
[M::mem_pestat] mean and std.dev: (3087.42, 3294.07)
[M::mem_pestat] low and high boundaries for proper pairs: (1, 17293)
[M::mem_pestat] skip orientation RF
[M::mem_pestat] skip orientation RR
[M::mem_process_seqs] Processed 2835082 reads in 3184.798 CPU sec, 79.943 real sec
[M::process] read 2840164 sequences (400000006 bp)...
[M::mem_pestat] # candidate unique pairs for (FF, FR, RF, RR): (8, 796235, 77, 3)
[M::mem_pestat] skip orientation FF as there are not enough pairs
[M::mem_pestat] analyzing insert size distribution for orientation FR...
[M::mem_pestat] (25, 50, 75) percentile: (164, 207, 275)
[M::mem_pestat] low and high boundaries for computing mean and std.dev: (1, 497)
[M::mem_pestat] mean and std.dev: (222.38, 82.08)
[M::mem_pestat] low and high boundaries for proper pairs: (1, 608)
[M::mem_pestat] analyzing insert size distribution for orientation RF...
[M::mem_pestat] (25, 50, 75) percentile: (134, 431, 1436)
[M::mem_pestat] low and high boundaries for computing mean and std.dev: (1, 4040)
[M::mem_pestat] mean and std.dev: (857.65, 978.32)
[M::mem_pestat] low and high boundaries for proper pairs: (1, 5342)
[M::mem_pestat] skip orientation RR as there are not enough pairs
[M::mem_pestat] skip orientation RF
[M::mem_process_seqs] Processed 2835404 reads in 3222.443 CPU sec, 81.164 real sec
[M::process] read 2859086 sequences (400000093 bp)...
[M::mem_pestat] # candidate unique pairs for (FF, FR, RF, RR): (8, 795462, 70, 6)
[M::mem_pestat] skip orientation FF as there are not enough pairs
[M::mem_pestat] analyzing insert size distribution for orientation FR...
[M::mem_pestat] (25, 50, 75) percentile: (164, 208, 276)
[M::mem_pestat] low and high boundaries for computing mean and std.dev: (1, 500)
[M::mem_pestat] mean and std.dev: (223.17, 82.51)
[M::mem_pestat] low and high boundaries for proper pairs: (1, 612)
[M::mem_pestat] analyzing insert size distribution for orientation RF...
[M::mem_pestat] (25, 50, 75) percentile: (99, 224, 1191)
[M::mem_pestat] low and high boundaries for computing mean and std.dev: (1, 3375)
[M::mem_pestat] mean and std.dev: (587.53, 766.53)
[M::mem_pestat] low and high boundaries for proper pairs: (1, 4467)
[M::mem_pestat] skip orientation RR as there are not enough pairs
[M::mem_pestat] skip orientation RF
[M::mem_process_seqs] Processed 2840164 reads in 3192.099 CPU sec, 80.101 real sec
[M::process] read 2229440 sequences (312962023 bp)...
[M::mem_pestat] # candidate unique pairs for (FF, FR, RF, RR): (6, 797873, 74, 3)
[M::mem_pestat] skip orientation FF as there are not enough pairs
[M::mem_pestat] analyzing insert size distribution for orientation FR...
[M::mem_pestat] (25, 50, 75) percentile: (163, 206, 273)
[M::mem_pestat] low and high boundaries for computing mean and std.dev: (1, 493)
[M::mem_pestat] mean and std.dev: (220.97, 81.75)
[M::mem_pestat] low and high boundaries for proper pairs: (1, 603)
[M::mem_pestat] analyzing insert size distribution for orientation RF...
[M::mem_pestat] (25, 50, 75) percentile: (136, 461, 1329)
[M::mem_pestat] low and high boundaries for computing mean and std.dev: (1, 3715)
[M::mem_pestat] mean and std.dev: (771.94, 861.11)
[M::mem_pestat] low and high boundaries for proper pairs: (1, 4908)
[M::mem_pestat] skip orientation RR as there are not enough pairs
[M::mem_pestat] skip orientation RF
[M::mem_process_seqs] Processed 2859086 reads in 3219.927 CPU sec, 80.791 real sec
[M::mem_pestat] # candidate unique pairs for (FF, FR, RF, RR): (2, 623844, 61, 3)
[M::mem_pestat] skip orientation FF as there are not enough pairs
[M::mem_pestat] analyzing insert size distribution for orientation FR...
[M::mem_pestat] (25, 50, 75) percentile: (163, 206, 274)
[M::mem_pestat] low and high boundaries for computing mean and std.dev: (1, 496)
[M::mem_pestat] mean and std.dev: (221.61, 81.99)
[M::mem_pestat] low and high boundaries for proper pairs: (1, 607)
[M::mem_pestat] analyzing insert size distribution for orientation RF...
[M::mem_pestat] (25, 50, 75) percentile: (208, 609, 2371)
[M::mem_pestat] low and high boundaries for computing mean and std.dev: (1, 6697)
[M::mem_pestat] mean and std.dev: (1212.70, 1296.28)
[M::mem_pestat] low and high boundaries for proper pairs: (1, 8860)
[M::mem_pestat] skip orientation RR as there are not enough pairs
[M::mem_pestat] skip orientation RF
[M::mem_process_seqs] Processed 2229440 reads in 2547.539 CPU sec, 63.948 real sec
[main] Version: 0.7.17-r1188
[main] CMD: /home/shared/bwa-0.7.17/bwa mem -M -t 40 ../data/bwa-GCF_031168955.1_ASM3116895v1_genomic ../data/trimmed-fastqs-heatwave-genetics/MHW175_trimmed_clipped_R1_paired.fq.gz ../data/trimmed-fastqs-heatwave-genetics/MHW175_trimmed_clipped_R2_paired.fq.gz
[main] Real time: 2422.025 sec; CPU: 95693.867 sec
