[M::bwa_idx_load_from_disk] read 0 ALT contigs
[M::process] read 2884116 sequences (400000000 bp)...
[M::process] read 2877070 sequences (400000011 bp)...
[M::mem_pestat] # candidate unique pairs for (FF, FR, RF, RR): (11, 792534, 72, 7)
[M::mem_pestat] analyzing insert size distribution for orientation FF...
[M::mem_pestat] (25, 50, 75) percentile: (150, 263, 6618)
[M::mem_pestat] low and high boundaries for computing mean and std.dev: (1, 19554)
[M::mem_pestat] mean and std.dev: (2449.91, 3259.75)
[M::mem_pestat] low and high boundaries for proper pairs: (1, 26022)
[M::mem_pestat] analyzing insert size distribution for orientation FR...
[M::mem_pestat] (25, 50, 75) percentile: (153, 203, 268)
[M::mem_pestat] low and high boundaries for computing mean and std.dev: (1, 498)
[M::mem_pestat] mean and std.dev: (215.18, 85.09)
[M::mem_pestat] low and high boundaries for proper pairs: (1, 613)
[M::mem_pestat] analyzing insert size distribution for orientation RF...
[M::mem_pestat] (25, 50, 75) percentile: (146, 225, 2244)
[M::mem_pestat] low and high boundaries for computing mean and std.dev: (1, 6440)
[M::mem_pestat] mean and std.dev: (812.30, 1202.65)
[M::mem_pestat] low and high boundaries for proper pairs: (1, 8538)
[M::mem_pestat] skip orientation RR as there are not enough pairs
[M::mem_pestat] skip orientation FF
[M::mem_pestat] skip orientation RF
[M::mem_process_seqs] Processed 2884116 reads in 4132.157 CPU sec, 125.405 real sec
[M::process] read 2870842 sequences (400000031 bp)...
[M::mem_pestat] # candidate unique pairs for (FF, FR, RF, RR): (5, 791691, 85, 5)
[M::mem_pestat] skip orientation FF as there are not enough pairs
[M::mem_pestat] analyzing insert size distribution for orientation FR...
[M::mem_pestat] (25, 50, 75) percentile: (156, 207, 274)
[M::mem_pestat] low and high boundaries for computing mean and std.dev: (1, 510)
[M::mem_pestat] mean and std.dev: (219.55, 86.59)
[M::mem_pestat] low and high boundaries for proper pairs: (1, 628)
[M::mem_pestat] analyzing insert size distribution for orientation RF...
[M::mem_pestat] (25, 50, 75) percentile: (223, 224, 1204)
[M::mem_pestat] low and high boundaries for computing mean and std.dev: (1, 3166)
[M::mem_pestat] mean and std.dev: (486.12, 515.93)
[M::mem_pestat] low and high boundaries for proper pairs: (1, 4147)
[M::mem_pestat] skip orientation RR as there are not enough pairs
[M::mem_pestat] skip orientation RF
[M::mem_process_seqs] Processed 2877070 reads in 4216.544 CPU sec, 124.702 real sec
[M::process] read 2879688 sequences (400000119 bp)...
[M::mem_pestat] # candidate unique pairs for (FF, FR, RF, RR): (3, 790439, 66, 19)
[M::mem_pestat] skip orientation FF as there are not enough pairs
[M::mem_pestat] analyzing insert size distribution for orientation FR...
[M::mem_pestat] (25, 50, 75) percentile: (157, 208, 275)
[M::mem_pestat] low and high boundaries for computing mean and std.dev: (1, 511)
[M::mem_pestat] mean and std.dev: (220.21, 86.71)
[M::mem_pestat] low and high boundaries for proper pairs: (1, 629)
[M::mem_pestat] analyzing insert size distribution for orientation RF...
[M::mem_pestat] (25, 50, 75) percentile: (121, 223, 825)
[M::mem_pestat] low and high boundaries for computing mean and std.dev: (1, 2233)
[M::mem_pestat] mean and std.dev: (424.19, 569.36)
[M::mem_pestat] low and high boundaries for proper pairs: (1, 2937)
[M::mem_pestat] analyzing insert size distribution for orientation RR...
[M::mem_pestat] (25, 50, 75) percentile: (160, 1968, 3003)
[M::mem_pestat] low and high boundaries for computing mean and std.dev: (1, 8689)
[M::mem_pestat] mean and std.dev: (1811.05, 1498.34)
[M::mem_pestat] low and high boundaries for proper pairs: (1, 11532)
[M::mem_pestat] skip orientation RF
[M::mem_pestat] skip orientation RR
[M::mem_process_seqs] Processed 2870842 reads in 4276.311 CPU sec, 128.384 real sec
[M::process] read 2867138 sequences (400000037 bp)...
[M::mem_pestat] # candidate unique pairs for (FF, FR, RF, RR): (13, 791201, 70, 8)
[M::mem_pestat] analyzing insert size distribution for orientation FF...
[M::mem_pestat] (25, 50, 75) percentile: (1881, 3869, 6732)
[M::mem_pestat] low and high boundaries for computing mean and std.dev: (1, 16434)
[M::mem_pestat] mean and std.dev: (3362.31, 2316.31)
[M::mem_pestat] low and high boundaries for proper pairs: (1, 21285)
[M::mem_pestat] analyzing insert size distribution for orientation FR...
[M::mem_pestat] (25, 50, 75) percentile: (155, 205, 271)
[M::mem_pestat] low and high boundaries for computing mean and std.dev: (1, 503)
[M::mem_pestat] mean and std.dev: (217.08, 85.61)
[M::mem_pestat] low and high boundaries for proper pairs: (1, 619)
[M::mem_pestat] analyzing insert size distribution for orientation RF...
[M::mem_pestat] (25, 50, 75) percentile: (223, 224, 1811)
[M::mem_pestat] low and high boundaries for computing mean and std.dev: (1, 4987)
[M::mem_pestat] mean and std.dev: (972.37, 1276.18)
[M::mem_pestat] low and high boundaries for proper pairs: (1, 6575)
[M::mem_pestat] skip orientation RR as there are not enough pairs
[M::mem_pestat] skip orientation FF
[M::mem_pestat] skip orientation RF
[M::mem_process_seqs] Processed 2879688 reads in 4300.129 CPU sec, 130.872 real sec
[M::process] read 2876780 sequences (400000046 bp)...
[M::mem_pestat] # candidate unique pairs for (FF, FR, RF, RR): (7, 787910, 71, 6)
[M::mem_pestat] skip orientation FF as there are not enough pairs
[M::mem_pestat] analyzing insert size distribution for orientation FR...
[M::mem_pestat] (25, 50, 75) percentile: (158, 210, 277)
[M::mem_pestat] low and high boundaries for computing mean and std.dev: (1, 515)
[M::mem_pestat] mean and std.dev: (222.39, 87.31)
[M::mem_pestat] low and high boundaries for proper pairs: (1, 634)
[M::mem_pestat] analyzing insert size distribution for orientation RF...
[M::mem_pestat] (25, 50, 75) percentile: (223, 417, 3520)
[M::mem_pestat] low and high boundaries for computing mean and std.dev: (1, 10114)
[M::mem_pestat] mean and std.dev: (1951.55, 2571.85)
[M::mem_pestat] low and high boundaries for proper pairs: (1, 13411)
[M::mem_pestat] skip orientation RR as there are not enough pairs
[M::mem_pestat] skip orientation RF
[M::mem_process_seqs] Processed 2867138 reads in 4352.886 CPU sec, 131.868 real sec
[M::process] read 2879632 sequences (400000296 bp)...
[M::mem_pestat] # candidate unique pairs for (FF, FR, RF, RR): (8, 791994, 52, 6)
[M::mem_pestat] skip orientation FF as there are not enough pairs
[M::mem_pestat] analyzing insert size distribution for orientation FR...
[M::mem_pestat] (25, 50, 75) percentile: (155, 205, 270)
[M::mem_pestat] low and high boundaries for computing mean and std.dev: (1, 500)
[M::mem_pestat] mean and std.dev: (216.70, 85.48)
[M::mem_pestat] low and high boundaries for proper pairs: (1, 615)
[M::mem_pestat] analyzing insert size distribution for orientation RF...
[M::mem_pestat] (25, 50, 75) percentile: (183, 489, 2358)
[M::mem_pestat] low and high boundaries for computing mean and std.dev: (1, 6708)
[M::mem_pestat] mean and std.dev: (905.71, 1120.95)
[M::mem_pestat] low and high boundaries for proper pairs: (1, 8883)
[M::mem_pestat] skip orientation RR as there are not enough pairs
[M::mem_pestat] skip orientation RF
[M::mem_process_seqs] Processed 2876780 reads in 4235.962 CPU sec, 128.318 real sec
[M::process] read 2896540 sequences (400000040 bp)...
[M::mem_pestat] # candidate unique pairs for (FF, FR, RF, RR): (2, 788195, 72, 6)
[M::mem_pestat] skip orientation FF as there are not enough pairs
[M::mem_pestat] analyzing insert size distribution for orientation FR...
[M::mem_pestat] (25, 50, 75) percentile: (158, 210, 278)
[M::mem_pestat] low and high boundaries for computing mean and std.dev: (1, 518)
[M::mem_pestat] mean and std.dev: (222.42, 87.63)
[M::mem_pestat] low and high boundaries for proper pairs: (1, 638)
[M::mem_pestat] analyzing insert size distribution for orientation RF...
[M::mem_pestat] (25, 50, 75) percentile: (180, 224, 2110)
[M::mem_pestat] low and high boundaries for computing mean and std.dev: (1, 5970)
[M::mem_pestat] mean and std.dev: (823.63, 1177.93)
[M::mem_pestat] low and high boundaries for proper pairs: (1, 7900)
[M::mem_pestat] skip orientation RR as there are not enough pairs
[M::mem_pestat] skip orientation RF
[M::mem_process_seqs] Processed 2879632 reads in 4399.942 CPU sec, 133.907 real sec
[M::process] read 2895042 sequences (400000163 bp)...
[M::mem_pestat] # candidate unique pairs for (FF, FR, RF, RR): (10, 789537, 67, 10)
[M::mem_pestat] analyzing insert size distribution for orientation FF...
[M::mem_pestat] (25, 50, 75) percentile: (119, 359, 4327)
[M::mem_pestat] low and high boundaries for computing mean and std.dev: (1, 12743)
[M::mem_pestat] mean and std.dev: (1904.00, 2347.52)
[M::mem_pestat] low and high boundaries for proper pairs: (1, 16951)
[M::mem_pestat] analyzing insert size distribution for orientation FR...
[M::mem_pestat] (25, 50, 75) percentile: (157, 208, 276)
[M::mem_pestat] low and high boundaries for computing mean and std.dev: (1, 514)
[M::mem_pestat] mean and std.dev: (221.24, 87.79)
[M::mem_pestat] low and high boundaries for proper pairs: (1, 633)
[M::mem_pestat] analyzing insert size distribution for orientation RF...
[M::mem_pestat] (25, 50, 75) percentile: (109, 223, 672)
[M::mem_pestat] low and high boundaries for computing mean and std.dev: (1, 1798)
[M::mem_pestat] mean and std.dev: (289.80, 357.22)
[M::mem_pestat] low and high boundaries for proper pairs: (1, 2361)
[M::mem_pestat] analyzing insert size distribution for orientation RR...
[M::mem_pestat] (25, 50, 75) percentile: (596, 789, 2349)
[M::mem_pestat] low and high boundaries for computing mean and std.dev: (1, 5855)
[M::mem_pestat] mean and std.dev: (1571.00, 1593.67)
[M::mem_pestat] low and high boundaries for proper pairs: (1, 7946)
[M::mem_pestat] skip orientation FF
[M::mem_pestat] skip orientation RF
[M::mem_pestat] skip orientation RR
[M::mem_process_seqs] Processed 2896540 reads in 4323.832 CPU sec, 130.517 real sec
[M::process] read 2886212 sequences (400000175 bp)...
[M::mem_pestat] # candidate unique pairs for (FF, FR, RF, RR): (7, 790049, 75, 11)
[M::mem_pestat] skip orientation FF as there are not enough pairs
[M::mem_pestat] analyzing insert size distribution for orientation FR...
[M::mem_pestat] (25, 50, 75) percentile: (156, 208, 275)
[M::mem_pestat] low and high boundaries for computing mean and std.dev: (1, 513)
[M::mem_pestat] mean and std.dev: (220.58, 87.70)
[M::mem_pestat] low and high boundaries for proper pairs: (1, 632)
[M::mem_pestat] analyzing insert size distribution for orientation RF...
[M::mem_pestat] (25, 50, 75) percentile: (223, 374, 1965)
[M::mem_pestat] low and high boundaries for computing mean and std.dev: (1, 5449)
[M::mem_pestat] mean and std.dev: (951.03, 1090.98)
[M::mem_pestat] low and high boundaries for proper pairs: (1, 7191)
[M::mem_pestat] analyzing insert size distribution for orientation RR...
[M::mem_pestat] (25, 50, 75) percentile: (241, 241, 873)
[M::mem_pestat] low and high boundaries for computing mean and std.dev: (1, 2137)
[M::mem_pestat] mean and std.dev: (444.60, 373.56)
[M::mem_pestat] low and high boundaries for proper pairs: (1, 2769)
[M::mem_pestat] skip orientation RF
[M::mem_pestat] skip orientation RR
[M::mem_process_seqs] Processed 2895042 reads in 4332.916 CPU sec, 130.424 real sec
[M::process] read 2891648 sequences (400000067 bp)...
[M::mem_pestat] # candidate unique pairs for (FF, FR, RF, RR): (10, 789041, 58, 5)
[M::mem_pestat] analyzing insert size distribution for orientation FF...
[M::mem_pestat] (25, 50, 75) percentile: (847, 1915, 4278)
[M::mem_pestat] low and high boundaries for computing mean and std.dev: (1, 11140)
[M::mem_pestat] mean and std.dev: (2444.00, 1843.20)
[M::mem_pestat] low and high boundaries for proper pairs: (1, 14571)
[M::mem_pestat] analyzing insert size distribution for orientation FR...
[M::mem_pestat] (25, 50, 75) percentile: (157, 209, 277)
[M::mem_pestat] low and high boundaries for computing mean and std.dev: (1, 517)
[M::mem_pestat] mean and std.dev: (221.76, 88.08)
[M::mem_pestat] low and high boundaries for proper pairs: (1, 637)
[M::mem_pestat] analyzing insert size distribution for orientation RF...
[M::mem_pestat] (25, 50, 75) percentile: (160, 237, 1084)
[M::mem_pestat] low and high boundaries for computing mean and std.dev: (1, 2932)
[M::mem_pestat] mean and std.dev: (457.65, 563.44)
[M::mem_pestat] low and high boundaries for proper pairs: (1, 3856)
[M::mem_pestat] skip orientation RR as there are not enough pairs
[M::mem_pestat] skip orientation FF
[M::mem_pestat] skip orientation RF
[M::mem_process_seqs] Processed 2886212 reads in 4359.601 CPU sec, 132.142 real sec
[M::process] read 2895820 sequences (400000016 bp)...
[M::mem_pestat] # candidate unique pairs for (FF, FR, RF, RR): (8, 790345, 77, 8)
[M::mem_pestat] skip orientation FF as there are not enough pairs
[M::mem_pestat] analyzing insert size distribution for orientation FR...
[M::mem_pestat] (25, 50, 75) percentile: (156, 208, 275)
[M::mem_pestat] low and high boundaries for computing mean and std.dev: (1, 513)
[M::mem_pestat] mean and std.dev: (220.14, 87.39)
[M::mem_pestat] low and high boundaries for proper pairs: (1, 632)
[M::mem_pestat] analyzing insert size distribution for orientation RF...
[M::mem_pestat] (25, 50, 75) percentile: (172, 224, 1905)
[M::mem_pestat] low and high boundaries for computing mean and std.dev: (1, 5371)
[M::mem_pestat] mean and std.dev: (539.98, 773.62)
[M::mem_pestat] low and high boundaries for proper pairs: (1, 7104)
[M::mem_pestat] skip orientation RR as there are not enough pairs
[M::mem_pestat] skip orientation RF
[M::mem_process_seqs] Processed 2891648 reads in 4131.709 CPU sec, 118.398 real sec
[M::process] read 2877654 sequences (400000019 bp)...
[M::mem_pestat] # candidate unique pairs for (FF, FR, RF, RR): (9, 791430, 61, 6)
[M::mem_pestat] skip orientation FF as there are not enough pairs
[M::mem_pestat] analyzing insert size distribution for orientation FR...
[M::mem_pestat] (25, 50, 75) percentile: (156, 207, 274)
[M::mem_pestat] low and high boundaries for computing mean and std.dev: (1, 510)
[M::mem_pestat] mean and std.dev: (219.81, 87.34)
[M::mem_pestat] low and high boundaries for proper pairs: (1, 628)
[M::mem_pestat] analyzing insert size distribution for orientation RF...
[M::mem_pestat] (25, 50, 75) percentile: (223, 275, 1042)
[M::mem_pestat] low and high boundaries for computing mean and std.dev: (1, 2680)
[M::mem_pestat] mean and std.dev: (429.75, 465.11)
[M::mem_pestat] low and high boundaries for proper pairs: (1, 3499)
[M::mem_pestat] skip orientation RR as there are not enough pairs
[M::mem_pestat] skip orientation RF
[M::mem_process_seqs] Processed 2895820 reads in 3853.504 CPU sec, 96.897 real sec
[M::process] read 2876500 sequences (400000025 bp)...
[M::mem_pestat] # candidate unique pairs for (FF, FR, RF, RR): (13, 789207, 76, 6)
[M::mem_pestat] analyzing insert size distribution for orientation FF...
[M::mem_pestat] (25, 50, 75) percentile: (291, 746, 4909)
[M::mem_pestat] low and high boundaries for computing mean and std.dev: (1, 14145)
[M::mem_pestat] mean and std.dev: (2357.92, 2782.51)
[M::mem_pestat] low and high boundaries for proper pairs: (1, 18763)
[M::mem_pestat] analyzing insert size distribution for orientation FR...
[M::mem_pestat] (25, 50, 75) percentile: (157, 209, 278)
[M::mem_pestat] low and high boundaries for computing mean and std.dev: (1, 520)
[M::mem_pestat] mean and std.dev: (222.11, 88.63)
[M::mem_pestat] low and high boundaries for proper pairs: (1, 641)
[M::mem_pestat] analyzing insert size distribution for orientation RF...
[M::mem_pestat] (25, 50, 75) percentile: (223, 387, 2742)
[M::mem_pestat] low and high boundaries for computing mean and std.dev: (1, 7780)
[M::mem_pestat] mean and std.dev: (1454.74, 2006.25)
[M::mem_pestat] low and high boundaries for proper pairs: (1, 10299)
[M::mem_pestat] skip orientation RR as there are not enough pairs
[M::mem_pestat] skip orientation FF
[M::mem_pestat] skip orientation RF
[M::mem_process_seqs] Processed 2877654 reads in 4148.766 CPU sec, 117.810 real sec
[M::process] read 2868696 sequences (400000247 bp)...
[M::mem_pestat] # candidate unique pairs for (FF, FR, RF, RR): (7, 791777, 58, 6)
[M::mem_pestat] skip orientation FF as there are not enough pairs
[M::mem_pestat] analyzing insert size distribution for orientation FR...
[M::mem_pestat] (25, 50, 75) percentile: (156, 206, 272)
[M::mem_pestat] low and high boundaries for computing mean and std.dev: (1, 504)
[M::mem_pestat] mean and std.dev: (218.19, 86.17)
[M::mem_pestat] low and high boundaries for proper pairs: (1, 620)
[M::mem_pestat] analyzing insert size distribution for orientation RF...
[M::mem_pestat] (25, 50, 75) percentile: (128, 223, 467)
[M::mem_pestat] low and high boundaries for computing mean and std.dev: (1, 1145)
[M::mem_pestat] mean and std.dev: (227.20, 180.95)
[M::mem_pestat] low and high boundaries for proper pairs: (1, 1484)
[M::mem_pestat] skip orientation RR as there are not enough pairs
[M::mem_pestat] skip orientation RF
[M::mem_process_seqs] Processed 2876500 reads in 4237.414 CPU sec, 126.747 real sec
[M::process] read 2867740 sequences (400000270 bp)...
[M::mem_pestat] # candidate unique pairs for (FF, FR, RF, RR): (14, 789732, 64, 12)
[M::mem_pestat] analyzing insert size distribution for orientation FF...
[M::mem_pestat] (25, 50, 75) percentile: (173, 321, 3903)
[M::mem_pestat] low and high boundaries for computing mean and std.dev: (1, 11363)
[M::mem_pestat] mean and std.dev: (1644.00, 1792.57)
[M::mem_pestat] low and high boundaries for proper pairs: (1, 15093)
[M::mem_pestat] analyzing insert size distribution for orientation FR...
[M::mem_pestat] (25, 50, 75) percentile: (157, 208, 275)
[M::mem_pestat] low and high boundaries for computing mean and std.dev: (1, 511)
[M::mem_pestat] mean and std.dev: (220.45, 86.71)
[M::mem_pestat] low and high boundaries for proper pairs: (1, 629)
[M::mem_pestat] analyzing insert size distribution for orientation RF...
[M::mem_pestat] (25, 50, 75) percentile: (222, 226, 2913)
[M::mem_pestat] low and high boundaries for computing mean and std.dev: (1, 8295)
[M::mem_pestat] mean and std.dev: (1444.31, 2213.33)
[M::mem_pestat] low and high boundaries for proper pairs: (1, 10986)
[M::mem_pestat] analyzing insert size distribution for orientation RR...
[M::mem_pestat] (25, 50, 75) percentile: (418, 2021, 2452)
[M::mem_pestat] low and high boundaries for computing mean and std.dev: (1, 6520)
[M::mem_pestat] mean and std.dev: (1473.73, 1270.93)
[M::mem_pestat] low and high boundaries for proper pairs: (1, 8554)
[M::mem_pestat] skip orientation FF
[M::mem_pestat] skip orientation RF
[M::mem_pestat] skip orientation RR
[M::mem_process_seqs] Processed 2868696 reads in 4310.635 CPU sec, 131.130 real sec
[M::process] read 2872416 sequences (400000103 bp)...
[M::mem_pestat] # candidate unique pairs for (FF, FR, RF, RR): (9, 789375, 74, 9)
[M::mem_pestat] skip orientation FF as there are not enough pairs
[M::mem_pestat] analyzing insert size distribution for orientation FR...
[M::mem_pestat] (25, 50, 75) percentile: (157, 209, 275)
[M::mem_pestat] low and high boundaries for computing mean and std.dev: (1, 511)
[M::mem_pestat] mean and std.dev: (220.82, 86.74)
[M::mem_pestat] low and high boundaries for proper pairs: (1, 629)
[M::mem_pestat] analyzing insert size distribution for orientation RF...
[M::mem_pestat] (25, 50, 75) percentile: (177, 223, 1390)
[M::mem_pestat] low and high boundaries for computing mean and std.dev: (1, 3816)
[M::mem_pestat] mean and std.dev: (683.29, 851.94)
[M::mem_pestat] low and high boundaries for proper pairs: (1, 5029)
[M::mem_pestat] skip orientation RR as there are not enough pairs
[M::mem_pestat] skip orientation RF
[M::mem_process_seqs] Processed 2867740 reads in 4324.162 CPU sec, 131.787 real sec
[M::process] read 2865960 sequences (400000034 bp)...
[M::mem_pestat] # candidate unique pairs for (FF, FR, RF, RR): (4, 791050, 73, 9)
[M::mem_pestat] skip orientation FF as there are not enough pairs
[M::mem_pestat] analyzing insert size distribution for orientation FR...
[M::mem_pestat] (25, 50, 75) percentile: (156, 208, 274)
[M::mem_pestat] low and high boundaries for computing mean and std.dev: (1, 510)
[M::mem_pestat] mean and std.dev: (219.92, 86.96)
[M::mem_pestat] low and high boundaries for proper pairs: (1, 628)
[M::mem_pestat] analyzing insert size distribution for orientation RF...
[M::mem_pestat] (25, 50, 75) percentile: (223, 230, 1129)
[M::mem_pestat] low and high boundaries for computing mean and std.dev: (1, 2941)
[M::mem_pestat] mean and std.dev: (348.45, 424.15)
[M::mem_pestat] low and high boundaries for proper pairs: (1, 3847)
[M::mem_pestat] skip orientation RR as there are not enough pairs
[M::mem_pestat] skip orientation RF
[M::mem_process_seqs] Processed 2872416 reads in 4323.602 CPU sec, 131.408 real sec
[M::process] read 2864230 sequences (400000103 bp)...
[M::mem_pestat] # candidate unique pairs for (FF, FR, RF, RR): (6, 790275, 66, 3)
[M::mem_pestat] skip orientation FF as there are not enough pairs
[M::mem_pestat] analyzing insert size distribution for orientation FR...
[M::mem_pestat] (25, 50, 75) percentile: (158, 210, 277)
[M::mem_pestat] low and high boundaries for computing mean and std.dev: (1, 515)
[M::mem_pestat] mean and std.dev: (222.29, 87.30)
[M::mem_pestat] low and high boundaries for proper pairs: (1, 634)
[M::mem_pestat] analyzing insert size distribution for orientation RF...
[M::mem_pestat] (25, 50, 75) percentile: (154, 318, 1150)
[M::mem_pestat] low and high boundaries for computing mean and std.dev: (1, 3142)
[M::mem_pestat] mean and std.dev: (486.63, 672.61)
[M::mem_pestat] low and high boundaries for proper pairs: (1, 4138)
[M::mem_pestat] skip orientation RR as there are not enough pairs
[M::mem_pestat] skip orientation RF
[M::mem_process_seqs] Processed 2865960 reads in 4423.186 CPU sec, 144.106 real sec
[M::process] read 2880100 sequences (400000160 bp)...
[M::mem_pestat] # candidate unique pairs for (FF, FR, RF, RR): (5, 790496, 66, 5)
[M::mem_pestat] skip orientation FF as there are not enough pairs
[M::mem_pestat] analyzing insert size distribution for orientation FR...
[M::mem_pestat] (25, 50, 75) percentile: (157, 209, 276)
[M::mem_pestat] low and high boundaries for computing mean and std.dev: (1, 514)
[M::mem_pestat] mean and std.dev: (221.14, 87.68)
[M::mem_pestat] low and high boundaries for proper pairs: (1, 633)
[M::mem_pestat] analyzing insert size distribution for orientation RF...
[M::mem_pestat] (25, 50, 75) percentile: (113, 223, 381)
[M::mem_pestat] low and high boundaries for computing mean and std.dev: (1, 917)
[M::mem_pestat] mean and std.dev: (192.91, 144.61)
[M::mem_pestat] low and high boundaries for proper pairs: (1, 1185)
[M::mem_pestat] skip orientation RR as there are not enough pairs
[M::mem_pestat] skip orientation RF
[M::mem_process_seqs] Processed 2864230 reads in 4236.845 CPU sec, 128.507 real sec
[M::process] read 2888012 sequences (400000286 bp)...
[M::mem_pestat] # candidate unique pairs for (FF, FR, RF, RR): (4, 788116, 77, 5)
[M::mem_pestat] skip orientation FF as there are not enough pairs
[M::mem_pestat] analyzing insert size distribution for orientation FR...
[M::mem_pestat] (25, 50, 75) percentile: (158, 210, 277)
[M::mem_pestat] low and high boundaries for computing mean and std.dev: (1, 515)
[M::mem_pestat] mean and std.dev: (221.97, 87.76)
[M::mem_pestat] low and high boundaries for proper pairs: (1, 634)
[M::mem_pestat] analyzing insert size distribution for orientation RF...
[M::mem_pestat] (25, 50, 75) percentile: (133, 223, 695)
[M::mem_pestat] low and high boundaries for computing mean and std.dev: (1, 1819)
[M::mem_pestat] mean and std.dev: (254.89, 276.85)
[M::mem_pestat] low and high boundaries for proper pairs: (1, 2381)
[M::mem_pestat] skip orientation RR as there are not enough pairs
[M::mem_pestat] skip orientation RF
[M::mem_process_seqs] Processed 2880100 reads in 4322.896 CPU sec, 130.974 real sec
[M::process] read 2890736 sequences (400000009 bp)...
[M::mem_pestat] # candidate unique pairs for (FF, FR, RF, RR): (8, 791225, 80, 15)
[M::mem_pestat] skip orientation FF as there are not enough pairs
[M::mem_pestat] analyzing insert size distribution for orientation FR...
[M::mem_pestat] (25, 50, 75) percentile: (157, 209, 277)
[M::mem_pestat] low and high boundaries for computing mean and std.dev: (1, 517)
[M::mem_pestat] mean and std.dev: (221.69, 88.07)
[M::mem_pestat] low and high boundaries for proper pairs: (1, 637)
[M::mem_pestat] analyzing insert size distribution for orientation RF...
[M::mem_pestat] (25, 50, 75) percentile: (143, 297, 2359)
[M::mem_pestat] low and high boundaries for computing mean and std.dev: (1, 6791)
[M::mem_pestat] mean and std.dev: (1178.29, 1570.44)
[M::mem_pestat] low and high boundaries for proper pairs: (1, 9007)
[M::mem_pestat] analyzing insert size distribution for orientation RR...
[M::mem_pestat] (25, 50, 75) percentile: (3591, 8451, 8451)
[M::mem_pestat] low and high boundaries for computing mean and std.dev: (1, 18171)
[M::mem_pestat] mean and std.dev: (5354.53, 3511.66)
[M::mem_pestat] low and high boundaries for proper pairs: (1, 23031)
[M::mem_pestat] skip orientation RF
[M::mem_pestat] skip orientation RR
[M::mem_process_seqs] Processed 2888012 reads in 4324.383 CPU sec, 131.398 real sec
[M::process] read 2886470 sequences (400000210 bp)...
[M::mem_pestat] # candidate unique pairs for (FF, FR, RF, RR): (7, 788567, 82, 10)
[M::mem_pestat] skip orientation FF as there are not enough pairs
[M::mem_pestat] analyzing insert size distribution for orientation FR...
[M::mem_pestat] (25, 50, 75) percentile: (157, 208, 276)
[M::mem_pestat] low and high boundaries for computing mean and std.dev: (1, 514)
[M::mem_pestat] mean and std.dev: (220.91, 87.62)
[M::mem_pestat] low and high boundaries for proper pairs: (1, 633)
[M::mem_pestat] analyzing insert size distribution for orientation RF...
[M::mem_pestat] (25, 50, 75) percentile: (130, 224, 1272)
[M::mem_pestat] low and high boundaries for computing mean and std.dev: (1, 3556)
[M::mem_pestat] mean and std.dev: (553.92, 706.57)
[M::mem_pestat] low and high boundaries for proper pairs: (1, 4698)
[M::mem_pestat] analyzing insert size distribution for orientation RR...
[M::mem_pestat] (25, 50, 75) percentile: (699, 5181, 9063)
[M::mem_pestat] low and high boundaries for computing mean and std.dev: (1, 25791)
[M::mem_pestat] mean and std.dev: (4443.80, 3587.41)
[M::mem_pestat] low and high boundaries for proper pairs: (1, 34155)
[M::mem_pestat] skip orientation RF
[M::mem_pestat] skip orientation RR
[M::mem_process_seqs] Processed 2890736 reads in 4338.804 CPU sec, 131.842 real sec
[M::process] read 2888384 sequences (400000153 bp)...
[M::mem_pestat] # candidate unique pairs for (FF, FR, RF, RR): (14, 789277, 62, 8)
[M::mem_pestat] analyzing insert size distribution for orientation FF...
[M::mem_pestat] (25, 50, 75) percentile: (173, 238, 483)
[M::mem_pestat] low and high boundaries for computing mean and std.dev: (1, 1103)
[M::mem_pestat] mean and std.dev: (247.00, 165.79)
[M::mem_pestat] low and high boundaries for proper pairs: (1, 1413)
[M::mem_pestat] analyzing insert size distribution for orientation FR...
[M::mem_pestat] (25, 50, 75) percentile: (157, 209, 277)
[M::mem_pestat] low and high boundaries for computing mean and std.dev: (1, 517)
[M::mem_pestat] mean and std.dev: (221.64, 88.25)
[M::mem_pestat] low and high boundaries for proper pairs: (1, 637)
[M::mem_pestat] analyzing insert size distribution for orientation RF...
[M::mem_pestat] (25, 50, 75) percentile: (148, 226, 1109)
[M::mem_pestat] low and high boundaries for computing mean and std.dev: (1, 3031)
[M::mem_pestat] mean and std.dev: (453.81, 622.72)
[M::mem_pestat] low and high boundaries for proper pairs: (1, 3992)
[M::mem_pestat] skip orientation RR as there are not enough pairs
[M::mem_pestat] skip orientation FF
[M::mem_pestat] skip orientation RF
[M::mem_process_seqs] Processed 2886470 reads in 4336.506 CPU sec, 133.932 real sec
[M::process] read 2878348 sequences (400000163 bp)...
[M::mem_pestat] # candidate unique pairs for (FF, FR, RF, RR): (7, 789753, 71, 8)
[M::mem_pestat] skip orientation FF as there are not enough pairs
[M::mem_pestat] analyzing insert size distribution for orientation FR...
[M::mem_pestat] (25, 50, 75) percentile: (158, 209, 278)
[M::mem_pestat] low and high boundaries for computing mean and std.dev: (1, 518)
[M::mem_pestat] mean and std.dev: (222.37, 88.46)
[M::mem_pestat] low and high boundaries for proper pairs: (1, 638)
[M::mem_pestat] analyzing insert size distribution for orientation RF...
[M::mem_pestat] (25, 50, 75) percentile: (115, 284, 2048)
[M::mem_pestat] low and high boundaries for computing mean and std.dev: (1, 5914)
[M::mem_pestat] mean and std.dev: (898.75, 1327.90)
[M::mem_pestat] low and high boundaries for proper pairs: (1, 7847)
[M::mem_pestat] skip orientation RR as there are not enough pairs
[M::mem_pestat] skip orientation RF
[M::mem_process_seqs] Processed 2888384 reads in 4333.117 CPU sec, 128.897 real sec
[M::process] read 2877020 sequences (400000139 bp)...
[M::mem_pestat] # candidate unique pairs for (FF, FR, RF, RR): (11, 790496, 58, 6)
[M::mem_pestat] analyzing insert size distribution for orientation FF...
[M::mem_pestat] (25, 50, 75) percentile: (182, 224, 1830)
[M::mem_pestat] low and high boundaries for computing mean and std.dev: (1, 5126)
[M::mem_pestat] mean and std.dev: (936.73, 1121.94)
[M::mem_pestat] low and high boundaries for proper pairs: (1, 6774)
[M::mem_pestat] analyzing insert size distribution for orientation FR...
[M::mem_pestat] (25, 50, 75) percentile: (157, 209, 277)
[M::mem_pestat] low and high boundaries for computing mean and std.dev: (1, 517)
[M::mem_pestat] mean and std.dev: (221.61, 88.38)
[M::mem_pestat] low and high boundaries for proper pairs: (1, 637)
[M::mem_pestat] analyzing insert size distribution for orientation RF...
[M::mem_pestat] (25, 50, 75) percentile: (133, 224, 2986)
[M::mem_pestat] low and high boundaries for computing mean and std.dev: (1, 8692)
[M::mem_pestat] mean and std.dev: (1581.57, 2357.69)
[M::mem_pestat] low and high boundaries for proper pairs: (1, 11545)
[M::mem_pestat] skip orientation RR as there are not enough pairs
[M::mem_pestat] skip orientation FF
[M::mem_pestat] skip orientation RF
[M::mem_process_seqs] Processed 2878348 reads in 4358.502 CPU sec, 133.048 real sec
[M::process] read 2882672 sequences (400000025 bp)...
[M::mem_pestat] # candidate unique pairs for (FF, FR, RF, RR): (11, 790559, 58, 4)
[M::mem_pestat] analyzing insert size distribution for orientation FF...
[M::mem_pestat] (25, 50, 75) percentile: (1785, 2445, 8702)
[M::mem_pestat] low and high boundaries for computing mean and std.dev: (1, 22536)
[M::mem_pestat] mean and std.dev: (3695.09, 3329.99)
[M::mem_pestat] low and high boundaries for proper pairs: (1, 29453)
[M::mem_pestat] analyzing insert size distribution for orientation FR...
[M::mem_pestat] (25, 50, 75) percentile: (156, 207, 274)
[M::mem_pestat] low and high boundaries for computing mean and std.dev: (1, 510)
[M::mem_pestat] mean and std.dev: (219.73, 87.10)
[M::mem_pestat] low and high boundaries for proper pairs: (1, 628)
[M::mem_pestat] analyzing insert size distribution for orientation RF...
[M::mem_pestat] (25, 50, 75) percentile: (98, 223, 336)
[M::mem_pestat] low and high boundaries for computing mean and std.dev: (1, 812)
[M::mem_pestat] mean and std.dev: (178.00, 111.79)
[M::mem_pestat] low and high boundaries for proper pairs: (1, 1050)
[M::mem_pestat] skip orientation RR as there are not enough pairs
[M::mem_pestat] skip orientation FF
[M::mem_pestat] skip orientation RF
[M::mem_process_seqs] Processed 2877020 reads in 4329.748 CPU sec, 132.257 real sec
[M::process] read 2881668 sequences (400000141 bp)...
[M::mem_pestat] # candidate unique pairs for (FF, FR, RF, RR): (7, 791763, 72, 5)
[M::mem_pestat] skip orientation FF as there are not enough pairs
[M::mem_pestat] analyzing insert size distribution for orientation FR...
[M::mem_pestat] (25, 50, 75) percentile: (154, 203, 267)
[M::mem_pestat] low and high boundaries for computing mean and std.dev: (1, 493)
[M::mem_pestat] mean and std.dev: (214.52, 83.43)
[M::mem_pestat] low and high boundaries for proper pairs: (1, 606)
[M::mem_pestat] analyzing insert size distribution for orientation RF...
[M::mem_pestat] (25, 50, 75) percentile: (223, 328, 2427)
[M::mem_pestat] low and high boundaries for computing mean and std.dev: (1, 6835)
[M::mem_pestat] mean and std.dev: (1124.02, 1494.38)
[M::mem_pestat] low and high boundaries for proper pairs: (1, 9039)
[M::mem_pestat] skip orientation RR as there are not enough pairs
[M::mem_pestat] skip orientation RF
[M::mem_process_seqs] Processed 2882672 reads in 4339.570 CPU sec, 132.257 real sec
[M::process] read 2905936 sequences (400000218 bp)...
[M::mem_pestat] # candidate unique pairs for (FF, FR, RF, RR): (6, 790288, 57, 7)
[M::mem_pestat] skip orientation FF as there are not enough pairs
[M::mem_pestat] analyzing insert size distribution for orientation FR...
[M::mem_pestat] (25, 50, 75) percentile: (154, 204, 268)
[M::mem_pestat] low and high boundaries for computing mean and std.dev: (1, 496)
[M::mem_pestat] mean and std.dev: (215.26, 83.76)
[M::mem_pestat] low and high boundaries for proper pairs: (1, 610)
[M::mem_pestat] analyzing insert size distribution for orientation RF...
[M::mem_pestat] (25, 50, 75) percentile: (145, 290, 1459)
[M::mem_pestat] low and high boundaries for computing mean and std.dev: (1, 4087)
[M::mem_pestat] mean and std.dev: (557.23, 762.01)
[M::mem_pestat] low and high boundaries for proper pairs: (1, 5401)
[M::mem_pestat] skip orientation RR as there are not enough pairs
[M::mem_pestat] skip orientation RF
[M::mem_process_seqs] Processed 2881668 reads in 4366.979 CPU sec, 133.737 real sec
[M::process] read 2808176 sequences (387695850 bp)...
[M::mem_pestat] # candidate unique pairs for (FF, FR, RF, RR): (9, 793304, 46, 13)
[M::mem_pestat] skip orientation FF as there are not enough pairs
[M::mem_pestat] analyzing insert size distribution for orientation FR...
[M::mem_pestat] (25, 50, 75) percentile: (152, 201, 265)
[M::mem_pestat] low and high boundaries for computing mean and std.dev: (1, 491)
[M::mem_pestat] mean and std.dev: (212.79, 83.10)
[M::mem_pestat] low and high boundaries for proper pairs: (1, 604)
[M::mem_pestat] analyzing insert size distribution for orientation RF...
[M::mem_pestat] (25, 50, 75) percentile: (90, 223, 1030)
[M::mem_pestat] low and high boundaries for computing mean and std.dev: (1, 2910)
[M::mem_pestat] mean and std.dev: (438.29, 593.14)
[M::mem_pestat] low and high boundaries for proper pairs: (1, 3850)
[M::mem_pestat] analyzing insert size distribution for orientation RR...
[M::mem_pestat] (25, 50, 75) percentile: (199, 311, 2411)
[M::mem_pestat] low and high boundaries for computing mean and std.dev: (1, 6835)
[M::mem_pestat] mean and std.dev: (1003.54, 1136.08)
[M::mem_pestat] low and high boundaries for proper pairs: (1, 9047)
[M::mem_pestat] skip orientation RF
[M::mem_pestat] skip orientation RR
[M::mem_process_seqs] Processed 2905936 reads in 4366.783 CPU sec, 132.751 real sec
[M::mem_pestat] # candidate unique pairs for (FF, FR, RF, RR): (11, 767903, 48, 9)
[M::mem_pestat] analyzing insert size distribution for orientation FF...
[M::mem_pestat] (25, 50, 75) percentile: (83, 1306, 3631)
[M::mem_pestat] low and high boundaries for computing mean and std.dev: (1, 10727)
[M::mem_pestat] mean and std.dev: (1691.73, 1683.93)
[M::mem_pestat] low and high boundaries for proper pairs: (1, 14275)
[M::mem_pestat] analyzing insert size distribution for orientation FR...
[M::mem_pestat] (25, 50, 75) percentile: (153, 202, 266)
[M::mem_pestat] low and high boundaries for computing mean and std.dev: (1, 492)
[M::mem_pestat] mean and std.dev: (213.46, 83.54)
[M::mem_pestat] low and high boundaries for proper pairs: (1, 605)
[M::mem_pestat] analyzing insert size distribution for orientation RF...
[M::mem_pestat] (25, 50, 75) percentile: (164, 224, 1579)
[M::mem_pestat] low and high boundaries for computing mean and std.dev: (1, 4409)
[M::mem_pestat] mean and std.dev: (707.72, 959.76)
[M::mem_pestat] low and high boundaries for proper pairs: (1, 5824)
[M::mem_pestat] skip orientation RR as there are not enough pairs
[M::mem_pestat] skip orientation FF
[M::mem_pestat] skip orientation RF
[M::mem_process_seqs] Processed 2808176 reads in 4253.765 CPU sec, 129.229 real sec
[main] Version: 0.7.17-r1188
[main] CMD: /home/shared/bwa-0.7.17/bwa mem -M -t 40 ../data/bwa-GCF_031168955.1_ASM3116895v1_genomic ../data/trimmed-fastqs-heatwave-genetics/MHW159_trimmed_clipped_R1_paired.fq.gz ../data/trimmed-fastqs-heatwave-genetics/MHW159_trimmed_clipped_R2_paired.fq.gz
[main] Real time: 3887.150 sec; CPU: 128602.811 sec
