[M::bwa_idx_load_from_disk] read 0 ALT contigs
[M::process] read 2811762 sequences (400000262 bp)...
[M::process] read 2808888 sequences (400000135 bp)...
[M::mem_pestat] # candidate unique pairs for (FF, FR, RF, RR): (4, 793868, 85, 5)
[M::mem_pestat] skip orientation FF as there are not enough pairs
[M::mem_pestat] analyzing insert size distribution for orientation FR...
[M::mem_pestat] (25, 50, 75) percentile: (177, 229, 309)
[M::mem_pestat] low and high boundaries for computing mean and std.dev: (1, 573)
[M::mem_pestat] mean and std.dev: (246.54, 93.79)
[M::mem_pestat] low and high boundaries for proper pairs: (1, 705)
[M::mem_pestat] analyzing insert size distribution for orientation RF...
[M::mem_pestat] (25, 50, 75) percentile: (223, 227, 1249)
[M::mem_pestat] low and high boundaries for computing mean and std.dev: (1, 3301)
[M::mem_pestat] mean and std.dev: (486.94, 572.65)
[M::mem_pestat] low and high boundaries for proper pairs: (1, 4327)
[M::mem_pestat] skip orientation RR as there are not enough pairs
[M::mem_pestat] skip orientation RF
[M::mem_process_seqs] Processed 2811762 reads in 2934.185 CPU sec, 73.598 real sec
[M::process] read 2803694 sequences (400000288 bp)...
[M::mem_pestat] # candidate unique pairs for (FF, FR, RF, RR): (8, 792633, 81, 17)
[M::mem_pestat] skip orientation FF as there are not enough pairs
[M::mem_pestat] analyzing insert size distribution for orientation FR...
[M::mem_pestat] (25, 50, 75) percentile: (182, 238, 320)
[M::mem_pestat] low and high boundaries for computing mean and std.dev: (1, 596)
[M::mem_pestat] mean and std.dev: (254.73, 95.86)
[M::mem_pestat] low and high boundaries for proper pairs: (1, 734)
[M::mem_pestat] analyzing insert size distribution for orientation RF...
[M::mem_pestat] (25, 50, 75) percentile: (158, 291, 1051)
[M::mem_pestat] low and high boundaries for computing mean and std.dev: (1, 2837)
[M::mem_pestat] mean and std.dev: (534.53, 651.17)
[M::mem_pestat] low and high boundaries for proper pairs: (1, 3730)
[M::mem_pestat] analyzing insert size distribution for orientation RR...
[M::mem_pestat] (25, 50, 75) percentile: (279, 1757, 5246)
[M::mem_pestat] low and high boundaries for computing mean and std.dev: (1, 15180)
[M::mem_pestat] mean and std.dev: (1991.47, 2017.50)
[M::mem_pestat] low and high boundaries for proper pairs: (1, 20147)
[M::mem_pestat] skip orientation RF
[M::mem_pestat] skip orientation RR
[M::mem_process_seqs] Processed 2808888 reads in 3090.359 CPU sec, 77.920 real sec
[M::process] read 2805536 sequences (400000041 bp)...
[M::mem_pestat] # candidate unique pairs for (FF, FR, RF, RR): (18, 794182, 91, 16)
[M::mem_pestat] analyzing insert size distribution for orientation FF...
[M::mem_pestat] (25, 50, 75) percentile: (220, 1780, 1943)
[M::mem_pestat] low and high boundaries for computing mean and std.dev: (1, 5389)
[M::mem_pestat] mean and std.dev: (1225.22, 797.29)
[M::mem_pestat] low and high boundaries for proper pairs: (1, 7112)
[M::mem_pestat] analyzing insert size distribution for orientation FR...
[M::mem_pestat] (25, 50, 75) percentile: (178, 231, 312)
[M::mem_pestat] low and high boundaries for computing mean and std.dev: (1, 580)
[M::mem_pestat] mean and std.dev: (248.93, 94.47)
[M::mem_pestat] low and high boundaries for proper pairs: (1, 714)
[M::mem_pestat] analyzing insert size distribution for orientation RF...
[M::mem_pestat] (25, 50, 75) percentile: (223, 347, 2116)
[M::mem_pestat] low and high boundaries for computing mean and std.dev: (1, 5902)
[M::mem_pestat] mean and std.dev: (986.71, 1421.57)
[M::mem_pestat] low and high boundaries for proper pairs: (1, 7795)
[M::mem_pestat] analyzing insert size distribution for orientation RR...
[M::mem_pestat] (25, 50, 75) percentile: (173, 633, 5714)
[M::mem_pestat] low and high boundaries for computing mean and std.dev: (1, 16796)
[M::mem_pestat] mean and std.dev: (2771.62, 3741.08)
[M::mem_pestat] low and high boundaries for proper pairs: (1, 22337)
[M::mem_pestat] skip orientation FF
[M::mem_pestat] skip orientation RF
[M::mem_pestat] skip orientation RR
[M::mem_process_seqs] Processed 2803694 reads in 3048.166 CPU sec, 76.693 real sec
[M::process] read 2805324 sequences (400000240 bp)...
[M::mem_pestat] # candidate unique pairs for (FF, FR, RF, RR): (11, 793489, 87, 5)
[M::mem_pestat] analyzing insert size distribution for orientation FF...
[M::mem_pestat] (25, 50, 75) percentile: (331, 598, 1100)
[M::mem_pestat] low and high boundaries for computing mean and std.dev: (1, 2638)
[M::mem_pestat] mean and std.dev: (508.78, 299.63)
[M::mem_pestat] low and high boundaries for proper pairs: (1, 3407)
[M::mem_pestat] analyzing insert size distribution for orientation FR...
[M::mem_pestat] (25, 50, 75) percentile: (181, 236, 317)
[M::mem_pestat] low and high boundaries for computing mean and std.dev: (1, 589)
[M::mem_pestat] mean and std.dev: (252.95, 95.25)
[M::mem_pestat] low and high boundaries for proper pairs: (1, 725)
[M::mem_pestat] analyzing insert size distribution for orientation RF...
[M::mem_pestat] (25, 50, 75) percentile: (223, 384, 1955)
[M::mem_pestat] low and high boundaries for computing mean and std.dev: (1, 5419)
[M::mem_pestat] mean and std.dev: (853.20, 1091.14)
[M::mem_pestat] low and high boundaries for proper pairs: (1, 7151)
[M::mem_pestat] skip orientation RR as there are not enough pairs
[M::mem_pestat] skip orientation FF
[M::mem_pestat] skip orientation RF
[M::mem_process_seqs] Processed 2805536 reads in 3184.711 CPU sec, 79.762 real sec
[M::process] read 2804288 sequences (400000030 bp)...
[M::mem_pestat] # candidate unique pairs for (FF, FR, RF, RR): (6, 792446, 88, 7)
[M::mem_pestat] skip orientation FF as there are not enough pairs
[M::mem_pestat] analyzing insert size distribution for orientation FR...
[M::mem_pestat] (25, 50, 75) percentile: (179, 233, 314)
[M::mem_pestat] low and high boundaries for computing mean and std.dev: (1, 584)
[M::mem_pestat] mean and std.dev: (250.43, 94.82)
[M::mem_pestat] low and high boundaries for proper pairs: (1, 719)
[M::mem_pestat] analyzing insert size distribution for orientation RF...
[M::mem_pestat] (25, 50, 75) percentile: (223, 231, 1943)
[M::mem_pestat] low and high boundaries for computing mean and std.dev: (1, 5383)
[M::mem_pestat] mean and std.dev: (932.17, 1313.10)
[M::mem_pestat] low and high boundaries for proper pairs: (1, 7103)
[M::mem_pestat] skip orientation RR as there are not enough pairs
[M::mem_pestat] skip orientation RF
[M::mem_process_seqs] Processed 2805324 reads in 3086.958 CPU sec, 77.476 real sec
[M::process] read 2801572 sequences (400000193 bp)...
[M::mem_pestat] # candidate unique pairs for (FF, FR, RF, RR): (12, 794050, 84, 12)
[M::mem_pestat] analyzing insert size distribution for orientation FF...
[M::mem_pestat] (25, 50, 75) percentile: (332, 563, 2614)
[M::mem_pestat] low and high boundaries for computing mean and std.dev: (1, 7178)
[M::mem_pestat] mean and std.dev: (1034.45, 1326.33)
[M::mem_pestat] low and high boundaries for proper pairs: (1, 9460)
[M::mem_pestat] analyzing insert size distribution for orientation FR...
[M::mem_pestat] (25, 50, 75) percentile: (180, 234, 315)
[M::mem_pestat] low and high boundaries for computing mean and std.dev: (1, 585)
[M::mem_pestat] mean and std.dev: (251.17, 94.84)
[M::mem_pestat] low and high boundaries for proper pairs: (1, 720)
[M::mem_pestat] analyzing insert size distribution for orientation RF...
[M::mem_pestat] (25, 50, 75) percentile: (193, 224, 759)
[M::mem_pestat] low and high boundaries for computing mean and std.dev: (1, 1891)
[M::mem_pestat] mean and std.dev: (316.90, 340.69)
[M::mem_pestat] low and high boundaries for proper pairs: (1, 2457)
[M::mem_pestat] analyzing insert size distribution for orientation RR...
[M::mem_pestat] (25, 50, 75) percentile: (510, 1045, 2487)
[M::mem_pestat] low and high boundaries for computing mean and std.dev: (1, 6441)
[M::mem_pestat] mean and std.dev: (1301.25, 896.50)
[M::mem_pestat] low and high boundaries for proper pairs: (1, 8418)
[M::mem_pestat] skip orientation FF
[M::mem_pestat] skip orientation RF
[M::mem_pestat] skip orientation RR
[M::mem_process_seqs] Processed 2804288 reads in 3090.704 CPU sec, 77.562 real sec
[M::process] read 2811794 sequences (400000103 bp)...
[M::mem_pestat] # candidate unique pairs for (FF, FR, RF, RR): (14, 793471, 90, 14)
[M::mem_pestat] analyzing insert size distribution for orientation FF...
[M::mem_pestat] (25, 50, 75) percentile: (177, 589, 1599)
[M::mem_pestat] low and high boundaries for computing mean and std.dev: (1, 4443)
[M::mem_pestat] mean and std.dev: (972.36, 1121.26)
[M::mem_pestat] low and high boundaries for proper pairs: (1, 5865)
[M::mem_pestat] analyzing insert size distribution for orientation FR...
[M::mem_pestat] (25, 50, 75) percentile: (180, 235, 316)
[M::mem_pestat] low and high boundaries for computing mean and std.dev: (1, 588)
[M::mem_pestat] mean and std.dev: (252.08, 95.41)
[M::mem_pestat] low and high boundaries for proper pairs: (1, 724)
[M::mem_pestat] analyzing insert size distribution for orientation RF...
[M::mem_pestat] (25, 50, 75) percentile: (176, 265, 665)
[M::mem_pestat] low and high boundaries for computing mean and std.dev: (1, 1643)
[M::mem_pestat] mean and std.dev: (334.35, 315.08)
[M::mem_pestat] low and high boundaries for proper pairs: (1, 2132)
[M::mem_pestat] analyzing insert size distribution for orientation RR...
[M::mem_pestat] (25, 50, 75) percentile: (364, 3765, 3815)
[M::mem_pestat] low and high boundaries for computing mean and std.dev: (1, 10717)
[M::mem_pestat] mean and std.dev: (2618.36, 1626.93)
[M::mem_pestat] low and high boundaries for proper pairs: (1, 14168)
[M::mem_pestat] skip orientation FF
[M::mem_pestat] skip orientation RF
[M::mem_pestat] skip orientation RR
[M::mem_process_seqs] Processed 2801572 reads in 3085.811 CPU sec, 77.682 real sec
[M::process] read 2829412 sequences (400000183 bp)...
[M::mem_pestat] # candidate unique pairs for (FF, FR, RF, RR): (5, 792519, 86, 3)
[M::mem_pestat] skip orientation FF as there are not enough pairs
[M::mem_pestat] analyzing insert size distribution for orientation FR...
[M::mem_pestat] (25, 50, 75) percentile: (182, 239, 320)
[M::mem_pestat] low and high boundaries for computing mean and std.dev: (1, 596)
[M::mem_pestat] mean and std.dev: (254.99, 96.17)
[M::mem_pestat] low and high boundaries for proper pairs: (1, 734)
[M::mem_pestat] analyzing insert size distribution for orientation RF...
[M::mem_pestat] (25, 50, 75) percentile: (223, 459, 2531)
[M::mem_pestat] low and high boundaries for computing mean and std.dev: (1, 7147)
[M::mem_pestat] mean and std.dev: (1252.06, 1430.51)
[M::mem_pestat] low and high boundaries for proper pairs: (1, 9455)
[M::mem_pestat] skip orientation RR as there are not enough pairs
[M::mem_pestat] skip orientation RF
[M::mem_process_seqs] Processed 2811794 reads in 3157.942 CPU sec, 79.019 real sec
[M::process] read 2828094 sequences (400000201 bp)...
[M::mem_pestat] # candidate unique pairs for (FF, FR, RF, RR): (9, 792587, 79, 12)
[M::mem_pestat] skip orientation FF as there are not enough pairs
[M::mem_pestat] analyzing insert size distribution for orientation FR...
[M::mem_pestat] (25, 50, 75) percentile: (180, 236, 318)
[M::mem_pestat] low and high boundaries for computing mean and std.dev: (1, 594)
[M::mem_pestat] mean and std.dev: (253.27, 96.33)
[M::mem_pestat] low and high boundaries for proper pairs: (1, 732)
[M::mem_pestat] analyzing insert size distribution for orientation RF...
[M::mem_pestat] (25, 50, 75) percentile: (223, 260, 2427)
[M::mem_pestat] low and high boundaries for computing mean and std.dev: (1, 6835)
[M::mem_pestat] mean and std.dev: (1181.17, 1429.34)
[M::mem_pestat] low and high boundaries for proper pairs: (1, 9039)
[M::mem_pestat] analyzing insert size distribution for orientation RR...
[M::mem_pestat] (25, 50, 75) percentile: (569, 4223, 4223)
[M::mem_pestat] low and high boundaries for computing mean and std.dev: (1, 11531)
[M::mem_pestat] mean and std.dev: (3312.83, 2683.93)
[M::mem_pestat] low and high boundaries for proper pairs: (1, 15185)
[M::mem_pestat] skip orientation RF
[M::mem_pestat] skip orientation RR
[M::mem_process_seqs] Processed 2829412 reads in 3118.721 CPU sec, 78.508 real sec
[M::process] read 2817130 sequences (400000043 bp)...
[M::mem_pestat] # candidate unique pairs for (FF, FR, RF, RR): (11, 791258, 77, 11)
[M::mem_pestat] analyzing insert size distribution for orientation FF...
[M::mem_pestat] (25, 50, 75) percentile: (1611, 1611, 4263)
[M::mem_pestat] low and high boundaries for computing mean and std.dev: (1, 9567)
[M::mem_pestat] mean and std.dev: (2792.10, 2273.83)
[M::mem_pestat] low and high boundaries for proper pairs: (1, 12219)
[M::mem_pestat] analyzing insert size distribution for orientation FR...
[M::mem_pestat] (25, 50, 75) percentile: (181, 237, 319)
[M::mem_pestat] low and high boundaries for computing mean and std.dev: (1, 595)
[M::mem_pestat] mean and std.dev: (253.79, 96.48)
[M::mem_pestat] low and high boundaries for proper pairs: (1, 733)
[M::mem_pestat] analyzing insert size distribution for orientation RF...
[M::mem_pestat] (25, 50, 75) percentile: (198, 226, 620)
[M::mem_pestat] low and high boundaries for computing mean and std.dev: (1, 1464)
[M::mem_pestat] mean and std.dev: (299.69, 265.77)
[M::mem_pestat] low and high boundaries for proper pairs: (1, 1886)
[M::mem_pestat] analyzing insert size distribution for orientation RR...
[M::mem_pestat] (25, 50, 75) percentile: (313, 775, 1447)
[M::mem_pestat] low and high boundaries for computing mean and std.dev: (1, 3715)
[M::mem_pestat] mean and std.dev: (774.55, 516.94)
[M::mem_pestat] low and high boundaries for proper pairs: (1, 4849)
[M::mem_pestat] skip orientation FF
[M::mem_pestat] skip orientation RF
[M::mem_pestat] skip orientation RR
[M::mem_process_seqs] Processed 2828094 reads in 3204.946 CPU sec, 80.238 real sec
[M::process] read 2828316 sequences (400000124 bp)...
[M::mem_pestat] # candidate unique pairs for (FF, FR, RF, RR): (9, 793649, 86, 7)
[M::mem_pestat] skip orientation FF as there are not enough pairs
[M::mem_pestat] analyzing insert size distribution for orientation FR...
[M::mem_pestat] (25, 50, 75) percentile: (181, 237, 320)
[M::mem_pestat] low and high boundaries for computing mean and std.dev: (1, 598)
[M::mem_pestat] mean and std.dev: (254.47, 96.90)
[M::mem_pestat] low and high boundaries for proper pairs: (1, 737)
[M::mem_pestat] analyzing insert size distribution for orientation RF...
[M::mem_pestat] (25, 50, 75) percentile: (223, 388, 1240)
[M::mem_pestat] low and high boundaries for computing mean and std.dev: (1, 3274)
[M::mem_pestat] mean and std.dev: (580.36, 536.77)
[M::mem_pestat] low and high boundaries for proper pairs: (1, 4291)
[M::mem_pestat] skip orientation RR as there are not enough pairs
[M::mem_pestat] skip orientation RF
[M::mem_process_seqs] Processed 2817130 reads in 3127.048 CPU sec, 78.561 real sec
[M::process] read 2819696 sequences (400000226 bp)...
[M::mem_pestat] # candidate unique pairs for (FF, FR, RF, RR): (13, 793815, 81, 9)
[M::mem_pestat] analyzing insert size distribution for orientation FF...
[M::mem_pestat] (25, 50, 75) percentile: (207, 4004, 5800)
[M::mem_pestat] low and high boundaries for computing mean and std.dev: (1, 16986)
[M::mem_pestat] mean and std.dev: (3371.85, 2314.21)
[M::mem_pestat] low and high boundaries for proper pairs: (1, 22579)
[M::mem_pestat] analyzing insert size distribution for orientation FR...
[M::mem_pestat] (25, 50, 75) percentile: (180, 235, 318)
[M::mem_pestat] low and high boundaries for computing mean and std.dev: (1, 594)
[M::mem_pestat] mean and std.dev: (253.00, 96.40)
[M::mem_pestat] low and high boundaries for proper pairs: (1, 732)
[M::mem_pestat] analyzing insert size distribution for orientation RF...
[M::mem_pestat] (25, 50, 75) percentile: (187, 267, 1955)
[M::mem_pestat] low and high boundaries for computing mean and std.dev: (1, 5491)
[M::mem_pestat] mean and std.dev: (997.44, 1244.22)
[M::mem_pestat] low and high boundaries for proper pairs: (1, 7259)
[M::mem_pestat] skip orientation RR as there are not enough pairs
[M::mem_pestat] skip orientation FF
[M::mem_pestat] skip orientation RF
[M::mem_process_seqs] Processed 2828316 reads in 3126.612 CPU sec, 78.635 real sec
[M::process] read 2828944 sequences (400000195 bp)...
[M::mem_pestat] # candidate unique pairs for (FF, FR, RF, RR): (4, 793338, 88, 15)
[M::mem_pestat] skip orientation FF as there are not enough pairs
[M::mem_pestat] analyzing insert size distribution for orientation FR...
[M::mem_pestat] (25, 50, 75) percentile: (181, 237, 320)
[M::mem_pestat] low and high boundaries for computing mean and std.dev: (1, 598)
[M::mem_pestat] mean and std.dev: (254.44, 96.91)
[M::mem_pestat] low and high boundaries for proper pairs: (1, 737)
[M::mem_pestat] analyzing insert size distribution for orientation RF...
[M::mem_pestat] (25, 50, 75) percentile: (210, 289, 1492)
[M::mem_pestat] low and high boundaries for computing mean and std.dev: (1, 4056)
[M::mem_pestat] mean and std.dev: (530.89, 726.58)
[M::mem_pestat] low and high boundaries for proper pairs: (1, 5338)
[M::mem_pestat] analyzing insert size distribution for orientation RR...
[M::mem_pestat] (25, 50, 75) percentile: (343, 1524, 1648)
[M::mem_pestat] low and high boundaries for computing mean and std.dev: (1, 4258)
[M::mem_pestat] mean and std.dev: (1235.33, 1108.24)
[M::mem_pestat] low and high boundaries for proper pairs: (1, 5668)
[M::mem_pestat] skip orientation RF
[M::mem_pestat] skip orientation RR
[M::mem_process_seqs] Processed 2819696 reads in 3125.060 CPU sec, 78.531 real sec
[M::process] read 2809222 sequences (400000232 bp)...
[M::mem_pestat] # candidate unique pairs for (FF, FR, RF, RR): (12, 792938, 104, 16)
[M::mem_pestat] analyzing insert size distribution for orientation FF...
[M::mem_pestat] (25, 50, 75) percentile: (684, 1576, 3720)
[M::mem_pestat] low and high boundaries for computing mean and std.dev: (1, 9792)
[M::mem_pestat] mean and std.dev: (2353.33, 2008.83)
[M::mem_pestat] low and high boundaries for proper pairs: (1, 12828)
[M::mem_pestat] analyzing insert size distribution for orientation FR...
[M::mem_pestat] (25, 50, 75) percentile: (179, 234, 316)
[M::mem_pestat] low and high boundaries for computing mean and std.dev: (1, 590)
[M::mem_pestat] mean and std.dev: (251.69, 96.04)
[M::mem_pestat] low and high boundaries for proper pairs: (1, 727)
[M::mem_pestat] analyzing insert size distribution for orientation RF...
[M::mem_pestat] (25, 50, 75) percentile: (175, 264, 1174)
[M::mem_pestat] low and high boundaries for computing mean and std.dev: (1, 3172)
[M::mem_pestat] mean and std.dev: (546.27, 654.49)
[M::mem_pestat] low and high boundaries for proper pairs: (1, 4171)
[M::mem_pestat] analyzing insert size distribution for orientation RR...
[M::mem_pestat] (25, 50, 75) percentile: (745, 1051, 3740)
[M::mem_pestat] low and high boundaries for computing mean and std.dev: (1, 9730)
[M::mem_pestat] mean and std.dev: (2324.75, 2584.25)
[M::mem_pestat] low and high boundaries for proper pairs: (1, 12725)
[M::mem_pestat] skip orientation FF
[M::mem_pestat] skip orientation RF
[M::mem_pestat] skip orientation RR
[M::mem_process_seqs] Processed 2828944 reads in 3181.958 CPU sec, 80.108 real sec
[M::process] read 2807020 sequences (400000065 bp)...
[M::mem_pestat] # candidate unique pairs for (FF, FR, RF, RR): (10, 794328, 86, 6)
[M::mem_pestat] analyzing insert size distribution for orientation FF...
[M::mem_pestat] (25, 50, 75) percentile: (678, 904, 2113)
[M::mem_pestat] low and high boundaries for computing mean and std.dev: (1, 4983)
[M::mem_pestat] mean and std.dev: (1356.30, 1127.05)
[M::mem_pestat] low and high boundaries for proper pairs: (1, 6418)
[M::mem_pestat] analyzing insert size distribution for orientation FR...
[M::mem_pestat] (25, 50, 75) percentile: (181, 238, 321)
[M::mem_pestat] low and high boundaries for computing mean and std.dev: (1, 601)
[M::mem_pestat] mean and std.dev: (255.24, 97.43)
[M::mem_pestat] low and high boundaries for proper pairs: (1, 741)
[M::mem_pestat] analyzing insert size distribution for orientation RF...
[M::mem_pestat] (25, 50, 75) percentile: (223, 241, 2066)
[M::mem_pestat] low and high boundaries for computing mean and std.dev: (1, 5752)
[M::mem_pestat] mean and std.dev: (848.57, 1075.95)
[M::mem_pestat] low and high boundaries for proper pairs: (1, 7595)
[M::mem_pestat] skip orientation RR as there are not enough pairs
[M::mem_pestat] skip orientation FF
[M::mem_pestat] skip orientation RF
[M::mem_process_seqs] Processed 2809222 reads in 3116.987 CPU sec, 78.042 real sec
[M::process] read 2800448 sequences (400000056 bp)...
[M::mem_pestat] # candidate unique pairs for (FF, FR, RF, RR): (9, 795214, 87, 11)
[M::mem_pestat] skip orientation FF as there are not enough pairs
[M::mem_pestat] analyzing insert size distribution for orientation FR...
[M::mem_pestat] (25, 50, 75) percentile: (179, 233, 314)
[M::mem_pestat] low and high boundaries for computing mean and std.dev: (1, 584)
[M::mem_pestat] mean and std.dev: (250.39, 95.06)
[M::mem_pestat] low and high boundaries for proper pairs: (1, 719)
[M::mem_pestat] analyzing insert size distribution for orientation RF...
[M::mem_pestat] (25, 50, 75) percentile: (223, 371, 1553)
[M::mem_pestat] low and high boundaries for computing mean and std.dev: (1, 4213)
[M::mem_pestat] mean and std.dev: (712.05, 986.05)
[M::mem_pestat] low and high boundaries for proper pairs: (1, 5543)
[M::mem_pestat] analyzing insert size distribution for orientation RR...
[M::mem_pestat] (25, 50, 75) percentile: (137, 1622, 9162)
[M::mem_pestat] low and high boundaries for computing mean and std.dev: (1, 27212)
[M::mem_pestat] mean and std.dev: (4418.64, 4465.88)
[M::mem_pestat] low and high boundaries for proper pairs: (1, 36237)
[M::mem_pestat] skip orientation RF
[M::mem_pestat] skip orientation RR
[M::mem_process_seqs] Processed 2807020 reads in 3109.540 CPU sec, 78.259 real sec
[M::process] read 2800546 sequences (400000276 bp)...
[M::mem_pestat] # candidate unique pairs for (FF, FR, RF, RR): (7, 792756, 62, 11)
[M::mem_pestat] skip orientation FF as there are not enough pairs
[M::mem_pestat] analyzing insert size distribution for orientation FR...
[M::mem_pestat] (25, 50, 75) percentile: (182, 238, 319)
[M::mem_pestat] low and high boundaries for computing mean and std.dev: (1, 593)
[M::mem_pestat] mean and std.dev: (254.37, 95.55)
[M::mem_pestat] low and high boundaries for proper pairs: (1, 730)
[M::mem_pestat] analyzing insert size distribution for orientation RF...
[M::mem_pestat] (25, 50, 75) percentile: (223, 502, 3658)
[M::mem_pestat] low and high boundaries for computing mean and std.dev: (1, 10528)
[M::mem_pestat] mean and std.dev: (1901.90, 2267.79)
[M::mem_pestat] low and high boundaries for proper pairs: (1, 13963)
[M::mem_pestat] analyzing insert size distribution for orientation RR...
[M::mem_pestat] (25, 50, 75) percentile: (227, 326, 1658)
[M::mem_pestat] low and high boundaries for computing mean and std.dev: (1, 4520)
[M::mem_pestat] mean and std.dev: (955.80, 1183.38)
[M::mem_pestat] low and high boundaries for proper pairs: (1, 5951)
[M::mem_pestat] skip orientation RF
[M::mem_pestat] skip orientation RR
[M::mem_process_seqs] Processed 2800448 reads in 3099.479 CPU sec, 77.848 real sec
[M::process] read 2803998 sequences (400000297 bp)...
[M::mem_pestat] # candidate unique pairs for (FF, FR, RF, RR): (15, 793447, 96, 6)
[M::mem_pestat] analyzing insert size distribution for orientation FF...
[M::mem_pestat] (25, 50, 75) percentile: (193, 1499, 1732)
[M::mem_pestat] low and high boundaries for computing mean and std.dev: (1, 4810)
[M::mem_pestat] mean and std.dev: (1570.00, 1574.29)
[M::mem_pestat] low and high boundaries for proper pairs: (1, 7867)
[M::mem_pestat] analyzing insert size distribution for orientation FR...
[M::mem_pestat] (25, 50, 75) percentile: (179, 234, 315)
[M::mem_pestat] low and high boundaries for computing mean and std.dev: (1, 587)
[M::mem_pestat] mean and std.dev: (251.13, 95.07)
[M::mem_pestat] low and high boundaries for proper pairs: (1, 723)
[M::mem_pestat] analyzing insert size distribution for orientation RF...
[M::mem_pestat] (25, 50, 75) percentile: (223, 223, 1019)
[M::mem_pestat] low and high boundaries for computing mean and std.dev: (1, 2611)
[M::mem_pestat] mean and std.dev: (498.97, 662.52)
[M::mem_pestat] low and high boundaries for proper pairs: (1, 3407)
[M::mem_pestat] skip orientation RR as there are not enough pairs
[M::mem_pestat] skip orientation FF
[M::mem_pestat] skip orientation RF
[M::mem_process_seqs] Processed 2800546 reads in 3374.502 CPU sec, 92.603 real sec
[M::process] read 2799924 sequences (400000167 bp)...
[M::mem_pestat] # candidate unique pairs for (FF, FR, RF, RR): (8, 794431, 92, 7)
[M::mem_pestat] skip orientation FF as there are not enough pairs
[M::mem_pestat] analyzing insert size distribution for orientation FR...
[M::mem_pestat] (25, 50, 75) percentile: (181, 236, 317)
[M::mem_pestat] low and high boundaries for computing mean and std.dev: (1, 589)
[M::mem_pestat] mean and std.dev: (252.93, 95.08)
[M::mem_pestat] low and high boundaries for proper pairs: (1, 725)
[M::mem_pestat] analyzing insert size distribution for orientation RF...
[M::mem_pestat] (25, 50, 75) percentile: (223, 391, 1669)
[M::mem_pestat] low and high boundaries for computing mean and std.dev: (1, 4561)
[M::mem_pestat] mean and std.dev: (840.18, 986.11)
[M::mem_pestat] low and high boundaries for proper pairs: (1, 6007)
[M::mem_pestat] skip orientation RR as there are not enough pairs
[M::mem_pestat] skip orientation RF
[M::mem_process_seqs] Processed 2803998 reads in 3160.944 CPU sec, 79.347 real sec
[M::process] read 2800736 sequences (400000020 bp)...
[M::mem_pestat] # candidate unique pairs for (FF, FR, RF, RR): (10, 793523, 90, 3)
[M::mem_pestat] analyzing insert size distribution for orientation FF...
[M::mem_pestat] (25, 50, 75) percentile: (242, 2593, 3234)
[M::mem_pestat] low and high boundaries for computing mean and std.dev: (1, 9218)
[M::mem_pestat] mean and std.dev: (1665.40, 1452.05)
[M::mem_pestat] low and high boundaries for proper pairs: (1, 12210)
[M::mem_pestat] analyzing insert size distribution for orientation FR...
[M::mem_pestat] (25, 50, 75) percentile: (181, 237, 318)
[M::mem_pestat] low and high boundaries for computing mean and std.dev: (1, 592)
[M::mem_pestat] mean and std.dev: (253.84, 95.97)
[M::mem_pestat] low and high boundaries for proper pairs: (1, 729)
[M::mem_pestat] analyzing insert size distribution for orientation RF...
[M::mem_pestat] (25, 50, 75) percentile: (222, 229, 1286)
[M::mem_pestat] low and high boundaries for computing mean and std.dev: (1, 3414)
[M::mem_pestat] mean and std.dev: (662.42, 822.50)
[M::mem_pestat] low and high boundaries for proper pairs: (1, 4478)
[M::mem_pestat] skip orientation RR as there are not enough pairs
[M::mem_pestat] skip orientation FF
[M::mem_pestat] skip orientation RF
[M::mem_process_seqs] Processed 2799924 reads in 3101.065 CPU sec, 77.885 real sec
[M::process] read 2793930 sequences (400000239 bp)...
[M::mem_pestat] # candidate unique pairs for (FF, FR, RF, RR): (12, 793604, 87, 11)
[M::mem_pestat] analyzing insert size distribution for orientation FF...
[M::mem_pestat] (25, 50, 75) percentile: (2743, 2743, 4137)
[M::mem_pestat] low and high boundaries for computing mean and std.dev: (1, 6925)
[M::mem_pestat] mean and std.dev: (2744.83, 1641.39)
[M::mem_pestat] low and high boundaries for proper pairs: (1, 9310)
[M::mem_pestat] analyzing insert size distribution for orientation FR...
[M::mem_pestat] (25, 50, 75) percentile: (180, 235, 316)
[M::mem_pestat] low and high boundaries for computing mean and std.dev: (1, 588)
[M::mem_pestat] mean and std.dev: (252.26, 95.47)
[M::mem_pestat] low and high boundaries for proper pairs: (1, 724)
[M::mem_pestat] analyzing insert size distribution for orientation RF...
[M::mem_pestat] (25, 50, 75) percentile: (223, 232, 1400)
[M::mem_pestat] low and high boundaries for computing mean and std.dev: (1, 3754)
[M::mem_pestat] mean and std.dev: (598.20, 736.42)
[M::mem_pestat] low and high boundaries for proper pairs: (1, 4931)
[M::mem_pestat] analyzing insert size distribution for orientation RR...
[M::mem_pestat] (25, 50, 75) percentile: (279, 1476, 3837)
[M::mem_pestat] low and high boundaries for computing mean and std.dev: (1, 10953)
[M::mem_pestat] mean and std.dev: (1967.18, 2009.65)
[M::mem_pestat] low and high boundaries for proper pairs: (1, 14511)
[M::mem_pestat] skip orientation FF
[M::mem_pestat] skip orientation RF
[M::mem_pestat] skip orientation RR
[M::mem_process_seqs] Processed 2800736 reads in 3092.219 CPU sec, 77.657 real sec
[M::process] read 2812028 sequences (400000137 bp)...
[M::mem_pestat] # candidate unique pairs for (FF, FR, RF, RR): (8, 792667, 108, 11)
[M::mem_pestat] skip orientation FF as there are not enough pairs
[M::mem_pestat] analyzing insert size distribution for orientation FR...
[M::mem_pestat] (25, 50, 75) percentile: (182, 239, 321)
[M::mem_pestat] low and high boundaries for computing mean and std.dev: (1, 599)
[M::mem_pestat] mean and std.dev: (255.48, 96.40)
[M::mem_pestat] low and high boundaries for proper pairs: (1, 738)
[M::mem_pestat] analyzing insert size distribution for orientation RF...
[M::mem_pestat] (25, 50, 75) percentile: (223, 448, 2423)
[M::mem_pestat] low and high boundaries for computing mean and std.dev: (1, 6823)
[M::mem_pestat] mean and std.dev: (1021.99, 1218.76)
[M::mem_pestat] low and high boundaries for proper pairs: (1, 9023)
[M::mem_pestat] analyzing insert size distribution for orientation RR...
[M::mem_pestat] (25, 50, 75) percentile: (1616, 1917, 5470)
[M::mem_pestat] low and high boundaries for computing mean and std.dev: (1, 13178)
[M::mem_pestat] mean and std.dev: (3888.00, 2979.71)
[M::mem_pestat] low and high boundaries for proper pairs: (1, 17032)
[M::mem_pestat] skip orientation RF
[M::mem_pestat] skip orientation RR
[M::mem_process_seqs] Processed 2793930 reads in 3078.323 CPU sec, 77.067 real sec
[M::process] read 2822864 sequences (400000053 bp)...
[M::mem_pestat] # candidate unique pairs for (FF, FR, RF, RR): (2, 792774, 82, 13)
[M::mem_pestat] skip orientation FF as there are not enough pairs
[M::mem_pestat] analyzing insert size distribution for orientation FR...
[M::mem_pestat] (25, 50, 75) percentile: (182, 238, 320)
[M::mem_pestat] low and high boundaries for computing mean and std.dev: (1, 596)
[M::mem_pestat] mean and std.dev: (254.60, 95.99)
[M::mem_pestat] low and high boundaries for proper pairs: (1, 734)
[M::mem_pestat] analyzing insert size distribution for orientation RF...
[M::mem_pestat] (25, 50, 75) percentile: (222, 305, 1183)
[M::mem_pestat] low and high boundaries for computing mean and std.dev: (1, 3105)
[M::mem_pestat] mean and std.dev: (556.57, 665.00)
[M::mem_pestat] low and high boundaries for proper pairs: (1, 4066)
[M::mem_pestat] analyzing insert size distribution for orientation RR...
[M::mem_pestat] (25, 50, 75) percentile: (1959, 3746, 3882)
[M::mem_pestat] low and high boundaries for computing mean and std.dev: (1, 7728)
[M::mem_pestat] mean and std.dev: (2481.64, 1286.94)
[M::mem_pestat] low and high boundaries for proper pairs: (1, 9651)
[M::mem_pestat] skip orientation RF
[M::mem_pestat] skip orientation RR
[M::mem_process_seqs] Processed 2812028 reads in 3131.996 CPU sec, 78.798 real sec
[M::process] read 2824428 sequences (400000197 bp)...
[M::mem_pestat] # candidate unique pairs for (FF, FR, RF, RR): (6, 794763, 97, 7)
[M::mem_pestat] skip orientation FF as there are not enough pairs
[M::mem_pestat] analyzing insert size distribution for orientation FR...
[M::mem_pestat] (25, 50, 75) percentile: (181, 236, 319)
[M::mem_pestat] low and high boundaries for computing mean and std.dev: (1, 595)
[M::mem_pestat] mean and std.dev: (253.70, 96.46)
[M::mem_pestat] low and high boundaries for proper pairs: (1, 733)
[M::mem_pestat] analyzing insert size distribution for orientation RF...
[M::mem_pestat] (25, 50, 75) percentile: (215, 392, 2166)
[M::mem_pestat] low and high boundaries for computing mean and std.dev: (1, 6068)
[M::mem_pestat] mean and std.dev: (964.19, 1274.75)
[M::mem_pestat] low and high boundaries for proper pairs: (1, 8019)
[M::mem_pestat] skip orientation RR as there are not enough pairs
[M::mem_pestat] skip orientation RF
[M::mem_process_seqs] Processed 2822864 reads in 3108.604 CPU sec, 78.063 real sec
[M::process] read 2817210 sequences (400000156 bp)...
[M::mem_pestat] # candidate unique pairs for (FF, FR, RF, RR): (11, 794120, 104, 10)
[M::mem_pestat] analyzing insert size distribution for orientation FF...
[M::mem_pestat] (25, 50, 75) percentile: (1644, 1913, 2527)
[M::mem_pestat] low and high boundaries for computing mean and std.dev: (1, 4293)
[M::mem_pestat] mean and std.dev: (1825.30, 922.96)
[M::mem_pestat] low and high boundaries for proper pairs: (1, 5517)
[M::mem_pestat] analyzing insert size distribution for orientation FR...
[M::mem_pestat] (25, 50, 75) percentile: (181, 237, 320)
[M::mem_pestat] low and high boundaries for computing mean and std.dev: (1, 598)
[M::mem_pestat] mean and std.dev: (254.71, 97.04)
[M::mem_pestat] low and high boundaries for proper pairs: (1, 737)
[M::mem_pestat] analyzing insert size distribution for orientation RF...
[M::mem_pestat] (25, 50, 75) percentile: (223, 394, 1402)
[M::mem_pestat] low and high boundaries for computing mean and std.dev: (1, 3760)
[M::mem_pestat] mean and std.dev: (563.23, 635.56)
[M::mem_pestat] low and high boundaries for proper pairs: (1, 4939)
[M::mem_pestat] analyzing insert size distribution for orientation RR...
[M::mem_pestat] (25, 50, 75) percentile: (532, 803, 5470)
[M::mem_pestat] low and high boundaries for computing mean and std.dev: (1, 15346)
[M::mem_pestat] mean and std.dev: (2471.00, 3038.20)
[M::mem_pestat] low and high boundaries for proper pairs: (1, 20284)
[M::mem_pestat] skip orientation FF
[M::mem_pestat] skip orientation RF
[M::mem_pestat] skip orientation RR
[M::mem_process_seqs] Processed 2824428 reads in 3150.421 CPU sec, 79.117 real sec
[M::process] read 2824008 sequences (400000283 bp)...
[M::mem_pestat] # candidate unique pairs for (FF, FR, RF, RR): (17, 793954, 89, 13)
[M::mem_pestat] analyzing insert size distribution for orientation FF...
[M::mem_pestat] (25, 50, 75) percentile: (146, 275, 972)
[M::mem_pestat] low and high boundaries for computing mean and std.dev: (1, 2624)
[M::mem_pestat] mean and std.dev: (477.13, 411.86)
[M::mem_pestat] low and high boundaries for proper pairs: (1, 3450)
[M::mem_pestat] analyzing insert size distribution for orientation FR...
[M::mem_pestat] (25, 50, 75) percentile: (181, 237, 319)
[M::mem_pestat] low and high boundaries for computing mean and std.dev: (1, 595)
[M::mem_pestat] mean and std.dev: (254.00, 96.53)
[M::mem_pestat] low and high boundaries for proper pairs: (1, 733)
[M::mem_pestat] analyzing insert size distribution for orientation RF...
[M::mem_pestat] (25, 50, 75) percentile: (220, 226, 966)
[M::mem_pestat] low and high boundaries for computing mean and std.dev: (1, 2458)
[M::mem_pestat] mean and std.dev: (398.29, 437.57)
[M::mem_pestat] low and high boundaries for proper pairs: (1, 3204)
[M::mem_pestat] analyzing insert size distribution for orientation RR...
[M::mem_pestat] (25, 50, 75) percentile: (616, 1068, 4311)
[M::mem_pestat] low and high boundaries for computing mean and std.dev: (1, 11701)
[M::mem_pestat] mean and std.dev: (1774.85, 1689.99)
[M::mem_pestat] low and high boundaries for proper pairs: (1, 15396)
[M::mem_pestat] skip orientation FF
[M::mem_pestat] skip orientation RF
[M::mem_pestat] skip orientation RR
[M::mem_process_seqs] Processed 2817210 reads in 3096.833 CPU sec, 77.742 real sec
[M::process] read 2824956 sequences (400000103 bp)...
[M::mem_pestat] # candidate unique pairs for (FF, FR, RF, RR): (9, 792291, 84, 7)
[M::mem_pestat] skip orientation FF as there are not enough pairs
[M::mem_pestat] analyzing insert size distribution for orientation FR...
[M::mem_pestat] (25, 50, 75) percentile: (181, 238, 322)
[M::mem_pestat] low and high boundaries for computing mean and std.dev: (1, 604)
[M::mem_pestat] mean and std.dev: (255.41, 97.62)
[M::mem_pestat] low and high boundaries for proper pairs: (1, 745)
[M::mem_pestat] analyzing insert size distribution for orientation RF...
[M::mem_pestat] (25, 50, 75) percentile: (154, 224, 996)
[M::mem_pestat] low and high boundaries for computing mean and std.dev: (1, 2680)
[M::mem_pestat] mean and std.dev: (490.90, 560.96)
[M::mem_pestat] low and high boundaries for proper pairs: (1, 3522)
[M::mem_pestat] skip orientation RR as there are not enough pairs
[M::mem_pestat] skip orientation RF
[M::mem_process_seqs] Processed 2824008 reads in 3137.458 CPU sec, 78.796 real sec
[M::process] read 2807418 sequences (400000021 bp)...
[M::mem_pestat] # candidate unique pairs for (FF, FR, RF, RR): (3, 793832, 92, 11)
[M::mem_pestat] skip orientation FF as there are not enough pairs
[M::mem_pestat] analyzing insert size distribution for orientation FR...
[M::mem_pestat] (25, 50, 75) percentile: (181, 237, 319)
[M::mem_pestat] low and high boundaries for computing mean and std.dev: (1, 595)
[M::mem_pestat] mean and std.dev: (254.13, 96.70)
[M::mem_pestat] low and high boundaries for proper pairs: (1, 733)
[M::mem_pestat] analyzing insert size distribution for orientation RF...
[M::mem_pestat] (25, 50, 75) percentile: (136, 226, 1500)
[M::mem_pestat] low and high boundaries for computing mean and std.dev: (1, 4228)
[M::mem_pestat] mean and std.dev: (661.33, 898.14)
[M::mem_pestat] low and high boundaries for proper pairs: (1, 5592)
[M::mem_pestat] analyzing insert size distribution for orientation RR...
[M::mem_pestat] (25, 50, 75) percentile: (261, 1885, 2611)
[M::mem_pestat] low and high boundaries for computing mean and std.dev: (1, 7311)
[M::mem_pestat] mean and std.dev: (1741.82, 1589.25)
[M::mem_pestat] low and high boundaries for proper pairs: (1, 9661)
[M::mem_pestat] skip orientation RF
[M::mem_pestat] skip orientation RR
[M::mem_process_seqs] Processed 2824956 reads in 3167.494 CPU sec, 79.290 real sec
[M::process] read 2808348 sequences (400000084 bp)...
[M::mem_pestat] # candidate unique pairs for (FF, FR, RF, RR): (6, 793541, 111, 12)
[M::mem_pestat] skip orientation FF as there are not enough pairs
[M::mem_pestat] analyzing insert size distribution for orientation FR...
[M::mem_pestat] (25, 50, 75) percentile: (181, 238, 321)
[M::mem_pestat] low and high boundaries for computing mean and std.dev: (1, 601)
[M::mem_pestat] mean and std.dev: (254.92, 97.30)
[M::mem_pestat] low and high boundaries for proper pairs: (1, 741)
[M::mem_pestat] analyzing insert size distribution for orientation RF...
[M::mem_pestat] (25, 50, 75) percentile: (223, 479, 2584)
[M::mem_pestat] low and high boundaries for computing mean and std.dev: (1, 7306)
[M::mem_pestat] mean and std.dev: (1329.30, 1662.87)
[M::mem_pestat] low and high boundaries for proper pairs: (1, 9667)
[M::mem_pestat] analyzing insert size distribution for orientation RR...
[M::mem_pestat] (25, 50, 75) percentile: (261, 661, 3798)
[M::mem_pestat] low and high boundaries for computing mean and std.dev: (1, 10872)
[M::mem_pestat] mean and std.dev: (2230.67, 2751.03)
[M::mem_pestat] low and high boundaries for proper pairs: (1, 14409)
[M::mem_pestat] skip orientation RF
[M::mem_pestat] skip orientation RR
[M::mem_process_seqs] Processed 2807418 reads in 3172.105 CPU sec, 79.862 real sec
[M::process] read 2809094 sequences (400000274 bp)...
[M::mem_pestat] # candidate unique pairs for (FF, FR, RF, RR): (10, 793433, 92, 6)
[M::mem_pestat] analyzing insert size distribution for orientation FF...
[M::mem_pestat] (25, 50, 75) percentile: (855, 5470, 5712)
[M::mem_pestat] low and high boundaries for computing mean and std.dev: (1, 15426)
[M::mem_pestat] mean and std.dev: (4018.80, 3275.62)
[M::mem_pestat] low and high boundaries for proper pairs: (1, 20283)
[M::mem_pestat] analyzing insert size distribution for orientation FR...
[M::mem_pestat] (25, 50, 75) percentile: (180, 235, 317)
[M::mem_pestat] low and high boundaries for computing mean and std.dev: (1, 591)
[M::mem_pestat] mean and std.dev: (252.26, 96.06)
[M::mem_pestat] low and high boundaries for proper pairs: (1, 728)
[M::mem_pestat] analyzing insert size distribution for orientation RF...
[M::mem_pestat] (25, 50, 75) percentile: (223, 316, 2094)
[M::mem_pestat] low and high boundaries for computing mean and std.dev: (1, 5836)
[M::mem_pestat] mean and std.dev: (1060.00, 1357.32)
[M::mem_pestat] low and high boundaries for proper pairs: (1, 7707)
[M::mem_pestat] skip orientation RR as there are not enough pairs
[M::mem_pestat] skip orientation FF
[M::mem_pestat] skip orientation RF
[M::mem_process_seqs] Processed 2808348 reads in 3122.986 CPU sec, 78.208 real sec
[M::process] read 2804784 sequences (400000157 bp)...
[M::mem_pestat] # candidate unique pairs for (FF, FR, RF, RR): (7, 793169, 77, 3)
[M::mem_pestat] skip orientation FF as there are not enough pairs
[M::mem_pestat] analyzing insert size distribution for orientation FR...
[M::mem_pestat] (25, 50, 75) percentile: (178, 230, 308)
[M::mem_pestat] low and high boundaries for computing mean and std.dev: (1, 568)
[M::mem_pestat] mean and std.dev: (246.52, 91.61)
[M::mem_pestat] low and high boundaries for proper pairs: (1, 698)
[M::mem_pestat] analyzing insert size distribution for orientation RF...
[M::mem_pestat] (25, 50, 75) percentile: (139, 249, 1752)
[M::mem_pestat] low and high boundaries for computing mean and std.dev: (1, 4978)
[M::mem_pestat] mean and std.dev: (679.13, 886.88)
[M::mem_pestat] low and high boundaries for proper pairs: (1, 6591)
[M::mem_pestat] skip orientation RR as there are not enough pairs
[M::mem_pestat] skip orientation RF
[M::mem_process_seqs] Processed 2809094 reads in 3130.552 CPU sec, 78.691 real sec
[M::process] read 2832346 sequences (400000249 bp)...
[M::mem_pestat] # candidate unique pairs for (FF, FR, RF, RR): (4, 793710, 103, 5)
[M::mem_pestat] skip orientation FF as there are not enough pairs
[M::mem_pestat] analyzing insert size distribution for orientation FR...
[M::mem_pestat] (25, 50, 75) percentile: (179, 231, 309)
[M::mem_pestat] low and high boundaries for computing mean and std.dev: (1, 569)
[M::mem_pestat] mean and std.dev: (247.49, 91.96)
[M::mem_pestat] low and high boundaries for proper pairs: (1, 699)
[M::mem_pestat] analyzing insert size distribution for orientation RF...
[M::mem_pestat] (25, 50, 75) percentile: (154, 226, 1116)
[M::mem_pestat] low and high boundaries for computing mean and std.dev: (1, 3040)
[M::mem_pestat] mean and std.dev: (591.97, 795.81)
[M::mem_pestat] low and high boundaries for proper pairs: (1, 4002)
[M::mem_pestat] skip orientation RR as there are not enough pairs
[M::mem_pestat] skip orientation RF
[M::mem_process_seqs] Processed 2804784 reads in 3105.900 CPU sec, 78.170 real sec
[M::process] read 2827538 sequences (400000172 bp)...
[M::mem_pestat] # candidate unique pairs for (FF, FR, RF, RR): (7, 794853, 89, 5)
[M::mem_pestat] skip orientation FF as there are not enough pairs
[M::mem_pestat] analyzing insert size distribution for orientation FR...
[M::mem_pestat] (25, 50, 75) percentile: (177, 229, 307)
[M::mem_pestat] low and high boundaries for computing mean and std.dev: (1, 567)
[M::mem_pestat] mean and std.dev: (245.67, 91.86)
[M::mem_pestat] low and high boundaries for proper pairs: (1, 697)
[M::mem_pestat] analyzing insert size distribution for orientation RF...
[M::mem_pestat] (25, 50, 75) percentile: (223, 359, 2235)
[M::mem_pestat] low and high boundaries for computing mean and std.dev: (1, 6259)
[M::mem_pestat] mean and std.dev: (960.65, 1287.05)
[M::mem_pestat] low and high boundaries for proper pairs: (1, 8271)
[M::mem_pestat] skip orientation RR as there are not enough pairs
[M::mem_pestat] skip orientation RF
[M::mem_process_seqs] Processed 2832346 reads in 3161.386 CPU sec, 79.152 real sec
[M::process] read 1022704 sequences (145235195 bp)...
[M::mem_pestat] # candidate unique pairs for (FF, FR, RF, RR): (10, 795167, 94, 9)
[M::mem_pestat] analyzing insert size distribution for orientation FF...
[M::mem_pestat] (25, 50, 75) percentile: (140, 2026, 5422)
[M::mem_pestat] low and high boundaries for computing mean and std.dev: (1, 15986)
[M::mem_pestat] mean and std.dev: (2166.80, 2288.72)
[M::mem_pestat] low and high boundaries for proper pairs: (1, 21268)
[M::mem_pestat] analyzing insert size distribution for orientation FR...
[M::mem_pestat] (25, 50, 75) percentile: (177, 228, 307)
[M::mem_pestat] low and high boundaries for computing mean and std.dev: (1, 567)
[M::mem_pestat] mean and std.dev: (245.48, 92.07)
[M::mem_pestat] low and high boundaries for proper pairs: (1, 697)
[M::mem_pestat] analyzing insert size distribution for orientation RF...
[M::mem_pestat] (25, 50, 75) percentile: (223, 334, 1641)
[M::mem_pestat] low and high boundaries for computing mean and std.dev: (1, 4477)
[M::mem_pestat] mean and std.dev: (716.36, 891.62)
[M::mem_pestat] low and high boundaries for proper pairs: (1, 5895)
[M::mem_pestat] skip orientation RR as there are not enough pairs
[M::mem_pestat] skip orientation FF
[M::mem_pestat] skip orientation RF
[M::mem_process_seqs] Processed 2827538 reads in 3144.577 CPU sec, 79.146 real sec
[M::mem_pestat] # candidate unique pairs for (FF, FR, RF, RR): (4, 288981, 31, 4)
[M::mem_pestat] skip orientation FF as there are not enough pairs
[M::mem_pestat] analyzing insert size distribution for orientation FR...
[M::mem_pestat] (25, 50, 75) percentile: (177, 229, 308)
[M::mem_pestat] low and high boundaries for computing mean and std.dev: (1, 570)
[M::mem_pestat] mean and std.dev: (246.37, 92.33)
[M::mem_pestat] low and high boundaries for proper pairs: (1, 701)
[M::mem_pestat] analyzing insert size distribution for orientation RF...
[M::mem_pestat] (25, 50, 75) percentile: (224, 381, 2673)
[M::mem_pestat] low and high boundaries for computing mean and std.dev: (1, 7571)
[M::mem_pestat] mean and std.dev: (1481.60, 1855.96)
[M::mem_pestat] low and high boundaries for proper pairs: (1, 10020)
[M::mem_pestat] skip orientation RR as there are not enough pairs
[M::mem_pestat] skip orientation RF
[M::mem_process_seqs] Processed 1022704 reads in 1462.487 CPU sec, 44.850 real sec
[main] Version: 0.7.17-r1188
[main] CMD: /home/shared/bwa-0.7.17/bwa mem -M -t 40 ../data/bwa-GCF_031168955.1_ASM3116895v1_genomic ../data/trimmed-fastqs-heatwave-genetics/MHW174_trimmed_clipped_R1_paired.fq.gz ../data/trimmed-fastqs-heatwave-genetics/MHW174_trimmed_clipped_R2_paired.fq.gz
[main] Real time: 2733.421 sec; CPU: 107798.659 sec
