[M::bwa_idx_load_from_disk] read 0 ALT contigs
[M::process] read 2894302 sequences (400000092 bp)...
[M::process] read 2887336 sequences (400000142 bp)...
[M::mem_pestat] # candidate unique pairs for (FF, FR, RF, RR): (5, 498751, 24, 3)
[M::mem_pestat] skip orientation FF as there are not enough pairs
[M::mem_pestat] analyzing insert size distribution for orientation FR...
[M::mem_pestat] (25, 50, 75) percentile: (130, 161, 195)
[M::mem_pestat] low and high boundaries for computing mean and std.dev: (1, 325)
[M::mem_pestat] mean and std.dev: (162.67, 53.56)
[M::mem_pestat] low and high boundaries for proper pairs: (1, 390)
[M::mem_pestat] analyzing insert size distribution for orientation RF...
[M::mem_pestat] (25, 50, 75) percentile: (225, 439, 2251)
[M::mem_pestat] low and high boundaries for computing mean and std.dev: (1, 6303)
[M::mem_pestat] mean and std.dev: (1161.48, 1547.53)
[M::mem_pestat] low and high boundaries for proper pairs: (1, 8329)
[M::mem_pestat] skip orientation RR as there are not enough pairs
[M::mem_pestat] skip orientation RF
[M::mem_process_seqs] Processed 2894302 reads in 3654.487 CPU sec, 91.689 real sec
[M::process] read 2888662 sequences (400000118 bp)...
[M::mem_pestat] # candidate unique pairs for (FF, FR, RF, RR): (13, 493916, 34, 1)
[M::mem_pestat] analyzing insert size distribution for orientation FF...
[M::mem_pestat] (25, 50, 75) percentile: (116, 339, 4061)
[M::mem_pestat] low and high boundaries for computing mean and std.dev: (1, 11951)
[M::mem_pestat] mean and std.dev: (2308.54, 2697.62)
[M::mem_pestat] low and high boundaries for proper pairs: (1, 15896)
[M::mem_pestat] analyzing insert size distribution for orientation FR...
[M::mem_pestat] (25, 50, 75) percentile: (130, 161, 195)
[M::mem_pestat] low and high boundaries for computing mean and std.dev: (1, 325)
[M::mem_pestat] mean and std.dev: (162.87, 53.46)
[M::mem_pestat] low and high boundaries for proper pairs: (1, 390)
[M::mem_pestat] analyzing insert size distribution for orientation RF...
[M::mem_pestat] (25, 50, 75) percentile: (117, 368, 1268)
[M::mem_pestat] low and high boundaries for computing mean and std.dev: (1, 3570)
[M::mem_pestat] mean and std.dev: (689.94, 691.72)
[M::mem_pestat] low and high boundaries for proper pairs: (1, 4721)
[M::mem_pestat] skip orientation RR as there are not enough pairs
[M::mem_pestat] skip orientation FF
[M::mem_pestat] skip orientation RF
[M::mem_process_seqs] Processed 2887336 reads in 3766.078 CPU sec, 94.501 real sec
[M::process] read 2885580 sequences (400000275 bp)...
[M::mem_pestat] # candidate unique pairs for (FF, FR, RF, RR): (1, 491100, 25, 6)
[M::mem_pestat] skip orientation FF as there are not enough pairs
[M::mem_pestat] analyzing insert size distribution for orientation FR...
[M::mem_pestat] (25, 50, 75) percentile: (130, 161, 196)
[M::mem_pestat] low and high boundaries for computing mean and std.dev: (1, 328)
[M::mem_pestat] mean and std.dev: (163.59, 54.02)
[M::mem_pestat] low and high boundaries for proper pairs: (1, 394)
[M::mem_pestat] analyzing insert size distribution for orientation RF...
[M::mem_pestat] (25, 50, 75) percentile: (224, 226, 1409)
[M::mem_pestat] low and high boundaries for computing mean and std.dev: (1, 3779)
[M::mem_pestat] mean and std.dev: (831.00, 954.69)
[M::mem_pestat] low and high boundaries for proper pairs: (1, 4964)
[M::mem_pestat] skip orientation RR as there are not enough pairs
[M::mem_pestat] skip orientation RF
[M::mem_process_seqs] Processed 2888662 reads in 3805.692 CPU sec, 95.565 real sec
[M::process] read 2889350 sequences (400000213 bp)...
[M::mem_pestat] # candidate unique pairs for (FF, FR, RF, RR): (1, 490330, 34, 3)
[M::mem_pestat] skip orientation FF as there are not enough pairs
[M::mem_pestat] analyzing insert size distribution for orientation FR...
[M::mem_pestat] (25, 50, 75) percentile: (130, 162, 196)
[M::mem_pestat] low and high boundaries for computing mean and std.dev: (1, 328)
[M::mem_pestat] mean and std.dev: (163.62, 54.03)
[M::mem_pestat] low and high boundaries for proper pairs: (1, 394)
[M::mem_pestat] analyzing insert size distribution for orientation RF...
[M::mem_pestat] (25, 50, 75) percentile: (146, 1202, 1303)
[M::mem_pestat] low and high boundaries for computing mean and std.dev: (1, 3617)
[M::mem_pestat] mean and std.dev: (900.18, 765.41)
[M::mem_pestat] low and high boundaries for proper pairs: (1, 4774)
[M::mem_pestat] skip orientation RR as there are not enough pairs
[M::mem_pestat] skip orientation RF
[M::mem_process_seqs] Processed 2885580 reads in 3786.223 CPU sec, 95.297 real sec
[M::process] read 2900260 sequences (400000061 bp)...
[M::mem_pestat] # candidate unique pairs for (FF, FR, RF, RR): (7, 472027, 20, 3)
[M::mem_pestat] skip orientation FF as there are not enough pairs
[M::mem_pestat] analyzing insert size distribution for orientation FR...
[M::mem_pestat] (25, 50, 75) percentile: (131, 163, 199)
[M::mem_pestat] low and high boundaries for computing mean and std.dev: (1, 335)
[M::mem_pestat] mean and std.dev: (166.03, 55.94)
[M::mem_pestat] low and high boundaries for proper pairs: (1, 403)
[M::mem_pestat] analyzing insert size distribution for orientation RF...
[M::mem_pestat] (25, 50, 75) percentile: (250, 1296, 2740)
[M::mem_pestat] low and high boundaries for computing mean and std.dev: (1, 7720)
[M::mem_pestat] mean and std.dev: (1519.65, 1650.87)
[M::mem_pestat] low and high boundaries for proper pairs: (1, 10210)
[M::mem_pestat] skip orientation RR as there are not enough pairs
[M::mem_pestat] skip orientation RF
[M::mem_process_seqs] Processed 2889350 reads in 3836.151 CPU sec, 96.242 real sec
[M::process] read 2903438 sequences (400000297 bp)...
[M::mem_pestat] # candidate unique pairs for (FF, FR, RF, RR): (3, 473076, 22, 2)
[M::mem_pestat] skip orientation FF as there are not enough pairs
[M::mem_pestat] analyzing insert size distribution for orientation FR...
[M::mem_pestat] (25, 50, 75) percentile: (132, 163, 199)
[M::mem_pestat] low and high boundaries for computing mean and std.dev: (1, 333)
[M::mem_pestat] mean and std.dev: (165.71, 55.45)
[M::mem_pestat] low and high boundaries for proper pairs: (1, 400)
[M::mem_pestat] analyzing insert size distribution for orientation RF...
[M::mem_pestat] (25, 50, 75) percentile: (60, 760, 1294)
[M::mem_pestat] low and high boundaries for computing mean and std.dev: (1, 3762)
[M::mem_pestat] mean and std.dev: (915.48, 1072.78)
[M::mem_pestat] low and high boundaries for proper pairs: (1, 5207)
[M::mem_pestat] skip orientation RR as there are not enough pairs
[M::mem_pestat] skip orientation RF
[M::mem_process_seqs] Processed 2900260 reads in 3819.994 CPU sec, 95.640 real sec
[M::process] read 2906010 sequences (400000016 bp)...
[M::mem_pestat] # candidate unique pairs for (FF, FR, RF, RR): (4, 469390, 27, 3)
[M::mem_pestat] skip orientation FF as there are not enough pairs
[M::mem_pestat] analyzing insert size distribution for orientation FR...
[M::mem_pestat] (25, 50, 75) percentile: (132, 163, 199)
[M::mem_pestat] low and high boundaries for computing mean and std.dev: (1, 333)
[M::mem_pestat] mean and std.dev: (166.07, 55.57)
[M::mem_pestat] low and high boundaries for proper pairs: (1, 400)
[M::mem_pestat] analyzing insert size distribution for orientation RF...
[M::mem_pestat] (25, 50, 75) percentile: (223, 1154, 2425)
[M::mem_pestat] low and high boundaries for computing mean and std.dev: (1, 6829)
[M::mem_pestat] mean and std.dev: (1717.24, 2199.84)
[M::mem_pestat] low and high boundaries for proper pairs: (1, 10517)
[M::mem_pestat] skip orientation RR as there are not enough pairs
[M::mem_pestat] skip orientation RF
[M::mem_process_seqs] Processed 2903438 reads in 3826.472 CPU sec, 96.089 real sec
[M::process] read 2889622 sequences (400000146 bp)...
[M::mem_pestat] # candidate unique pairs for (FF, FR, RF, RR): (2, 468032, 28, 3)
[M::mem_pestat] skip orientation FF as there are not enough pairs
[M::mem_pestat] analyzing insert size distribution for orientation FR...
[M::mem_pestat] (25, 50, 75) percentile: (132, 163, 199)
[M::mem_pestat] low and high boundaries for computing mean and std.dev: (1, 333)
[M::mem_pestat] mean and std.dev: (166.04, 55.61)
[M::mem_pestat] low and high boundaries for proper pairs: (1, 400)
[M::mem_pestat] analyzing insert size distribution for orientation RF...
[M::mem_pestat] (25, 50, 75) percentile: (223, 495, 1353)
[M::mem_pestat] low and high boundaries for computing mean and std.dev: (1, 3613)
[M::mem_pestat] mean and std.dev: (663.52, 718.50)
[M::mem_pestat] low and high boundaries for proper pairs: (1, 4743)
[M::mem_pestat] skip orientation RR as there are not enough pairs
[M::mem_pestat] skip orientation RF
[M::mem_process_seqs] Processed 2906010 reads in 3929.377 CPU sec, 98.805 real sec
[M::process] read 2888164 sequences (400000294 bp)...
[M::mem_pestat] # candidate unique pairs for (FF, FR, RF, RR): (6, 472468, 31, 5)
[M::mem_pestat] skip orientation FF as there are not enough pairs
[M::mem_pestat] analyzing insert size distribution for orientation FR...
[M::mem_pestat] (25, 50, 75) percentile: (132, 163, 199)
[M::mem_pestat] low and high boundaries for computing mean and std.dev: (1, 333)
[M::mem_pestat] mean and std.dev: (166.03, 55.64)
[M::mem_pestat] low and high boundaries for proper pairs: (1, 400)
[M::mem_pestat] analyzing insert size distribution for orientation RF...
[M::mem_pestat] (25, 50, 75) percentile: (333, 1265, 2529)
[M::mem_pestat] low and high boundaries for computing mean and std.dev: (1, 6921)
[M::mem_pestat] mean and std.dev: (1566.67, 1614.54)
[M::mem_pestat] low and high boundaries for proper pairs: (1, 9117)
[M::mem_pestat] skip orientation RR as there are not enough pairs
[M::mem_pestat] skip orientation RF
[M::mem_process_seqs] Processed 2889622 reads in 3836.045 CPU sec, 96.231 real sec
[M::process] read 2884952 sequences (400000143 bp)...
[M::mem_pestat] # candidate unique pairs for (FF, FR, RF, RR): (2, 491947, 25, 10)
[M::mem_pestat] skip orientation FF as there are not enough pairs
[M::mem_pestat] analyzing insert size distribution for orientation FR...
[M::mem_pestat] (25, 50, 75) percentile: (130, 162, 196)
[M::mem_pestat] low and high boundaries for computing mean and std.dev: (1, 328)
[M::mem_pestat] mean and std.dev: (163.72, 54.11)
[M::mem_pestat] low and high boundaries for proper pairs: (1, 394)
[M::mem_pestat] analyzing insert size distribution for orientation RF...
[M::mem_pestat] (25, 50, 75) percentile: (223, 1262, 7159)
[M::mem_pestat] low and high boundaries for computing mean and std.dev: (1, 21031)
[M::mem_pestat] mean and std.dev: (3006.72, 3444.30)
[M::mem_pestat] low and high boundaries for proper pairs: (1, 27967)
[M::mem_pestat] analyzing insert size distribution for orientation RR...
[M::mem_pestat] (25, 50, 75) percentile: (1956, 1956, 9294)
[M::mem_pestat] low and high boundaries for computing mean and std.dev: (1, 23970)
[M::mem_pestat] mean and std.dev: (4637.90, 4008.97)
[M::mem_pestat] low and high boundaries for proper pairs: (1, 31308)
[M::mem_pestat] skip orientation RF
[M::mem_pestat] skip orientation RR
[M::mem_process_seqs] Processed 2888164 reads in 3792.150 CPU sec, 94.983 real sec
[M::process] read 2887102 sequences (400000068 bp)...
[M::mem_pestat] # candidate unique pairs for (FF, FR, RF, RR): (3, 487936, 26, 5)
[M::mem_pestat] skip orientation FF as there are not enough pairs
[M::mem_pestat] analyzing insert size distribution for orientation FR...
[M::mem_pestat] (25, 50, 75) percentile: (130, 162, 197)
[M::mem_pestat] low and high boundaries for computing mean and std.dev: (1, 331)
[M::mem_pestat] mean and std.dev: (164.20, 54.72)
[M::mem_pestat] low and high boundaries for proper pairs: (1, 398)
[M::mem_pestat] analyzing insert size distribution for orientation RF...
[M::mem_pestat] (25, 50, 75) percentile: (223, 1575, 3372)
[M::mem_pestat] low and high boundaries for computing mean and std.dev: (1, 9670)
[M::mem_pestat] mean and std.dev: (2505.19, 2593.76)
[M::mem_pestat] low and high boundaries for proper pairs: (1, 12880)
[M::mem_pestat] skip orientation RR as there are not enough pairs
[M::mem_pestat] skip orientation RF
[M::mem_process_seqs] Processed 2884952 reads in 3816.032 CPU sec, 95.774 real sec
[M::process] read 2883308 sequences (400000150 bp)...
[M::mem_pestat] # candidate unique pairs for (FF, FR, RF, RR): (5, 489698, 21, 3)
[M::mem_pestat] skip orientation FF as there are not enough pairs
[M::mem_pestat] analyzing insert size distribution for orientation FR...
[M::mem_pestat] (25, 50, 75) percentile: (131, 162, 196)
[M::mem_pestat] low and high boundaries for computing mean and std.dev: (1, 326)
[M::mem_pestat] mean and std.dev: (163.66, 53.89)
[M::mem_pestat] low and high boundaries for proper pairs: (1, 391)
[M::mem_pestat] analyzing insert size distribution for orientation RF...
[M::mem_pestat] (25, 50, 75) percentile: (98, 223, 1597)
[M::mem_pestat] low and high boundaries for computing mean and std.dev: (1, 4595)
[M::mem_pestat] mean and std.dev: (618.00, 904.87)
[M::mem_pestat] low and high boundaries for proper pairs: (1, 6094)
[M::mem_pestat] skip orientation RR as there are not enough pairs
[M::mem_pestat] skip orientation RF
[M::mem_process_seqs] Processed 2887102 reads in 3820.323 CPU sec, 95.867 real sec
[M::process] read 2882906 sequences (400000272 bp)...
[M::mem_pestat] # candidate unique pairs for (FF, FR, RF, RR): (5, 486184, 27, 4)
[M::mem_pestat] skip orientation FF as there are not enough pairs
[M::mem_pestat] analyzing insert size distribution for orientation FR...
[M::mem_pestat] (25, 50, 75) percentile: (131, 162, 197)
[M::mem_pestat] low and high boundaries for computing mean and std.dev: (1, 329)
[M::mem_pestat] mean and std.dev: (164.33, 54.47)
[M::mem_pestat] low and high boundaries for proper pairs: (1, 395)
[M::mem_pestat] analyzing insert size distribution for orientation RF...
[M::mem_pestat] (25, 50, 75) percentile: (157, 240, 2074)
[M::mem_pestat] low and high boundaries for computing mean and std.dev: (1, 5908)
[M::mem_pestat] mean and std.dev: (970.08, 1440.40)
[M::mem_pestat] low and high boundaries for proper pairs: (1, 7825)
[M::mem_pestat] skip orientation RR as there are not enough pairs
[M::mem_pestat] skip orientation RF
[M::mem_process_seqs] Processed 2883308 reads in 3799.770 CPU sec, 95.339 real sec
[M::process] read 2900972 sequences (400000027 bp)...
[M::mem_pestat] # candidate unique pairs for (FF, FR, RF, RR): (3, 468570, 23, 5)
[M::mem_pestat] skip orientation FF as there are not enough pairs
[M::mem_pestat] analyzing insert size distribution for orientation FR...
[M::mem_pestat] (25, 50, 75) percentile: (132, 163, 200)
[M::mem_pestat] low and high boundaries for computing mean and std.dev: (1, 336)
[M::mem_pestat] mean and std.dev: (166.76, 56.40)
[M::mem_pestat] low and high boundaries for proper pairs: (1, 404)
[M::mem_pestat] analyzing insert size distribution for orientation RF...
[M::mem_pestat] (25, 50, 75) percentile: (359, 1213, 3166)
[M::mem_pestat] low and high boundaries for computing mean and std.dev: (1, 8780)
[M::mem_pestat] mean and std.dev: (2226.55, 2618.34)
[M::mem_pestat] low and high boundaries for proper pairs: (1, 12700)
[M::mem_pestat] skip orientation RR as there are not enough pairs
[M::mem_pestat] skip orientation RF
[M::mem_process_seqs] Processed 2882906 reads in 3842.519 CPU sec, 96.619 real sec
[M::process] read 2906660 sequences (400000218 bp)...
[M::mem_pestat] # candidate unique pairs for (FF, FR, RF, RR): (10, 470056, 24, 4)
[M::mem_pestat] analyzing insert size distribution for orientation FF...
[M::mem_pestat] (25, 50, 75) percentile: (81, 2018, 5053)
[M::mem_pestat] low and high boundaries for computing mean and std.dev: (1, 14997)
[M::mem_pestat] mean and std.dev: (2230.60, 2071.97)
[M::mem_pestat] low and high boundaries for proper pairs: (1, 19969)
[M::mem_pestat] analyzing insert size distribution for orientation FR...
[M::mem_pestat] (25, 50, 75) percentile: (132, 163, 199)
[M::mem_pestat] low and high boundaries for computing mean and std.dev: (1, 333)
[M::mem_pestat] mean and std.dev: (165.95, 55.72)
[M::mem_pestat] low and high boundaries for proper pairs: (1, 400)
[M::mem_pestat] analyzing insert size distribution for orientation RF...
[M::mem_pestat] (25, 50, 75) percentile: (154, 751, 3670)
[M::mem_pestat] low and high boundaries for computing mean and std.dev: (1, 10702)
[M::mem_pestat] mean and std.dev: (2176.62, 2899.34)
[M::mem_pestat] low and high boundaries for proper pairs: (1, 14218)
[M::mem_pestat] skip orientation RR as there are not enough pairs
[M::mem_pestat] skip orientation FF
[M::mem_pestat] skip orientation RF
[M::mem_process_seqs] Processed 2900972 reads in 3863.585 CPU sec, 96.908 real sec
[M::process] read 2899818 sequences (400000254 bp)...
[M::mem_pestat] # candidate unique pairs for (FF, FR, RF, RR): (0, 469300, 29, 6)
[M::mem_pestat] skip orientation FF as there are not enough pairs
[M::mem_pestat] analyzing insert size distribution for orientation FR...
[M::mem_pestat] (25, 50, 75) percentile: (132, 163, 199)
[M::mem_pestat] low and high boundaries for computing mean and std.dev: (1, 333)
[M::mem_pestat] mean and std.dev: (166.01, 55.55)
[M::mem_pestat] low and high boundaries for proper pairs: (1, 400)
[M::mem_pestat] analyzing insert size distribution for orientation RF...
[M::mem_pestat] (25, 50, 75) percentile: (85, 240, 3951)
[M::mem_pestat] low and high boundaries for computing mean and std.dev: (1, 11683)
[M::mem_pestat] mean and std.dev: (1803.93, 2585.08)
[M::mem_pestat] low and high boundaries for proper pairs: (1, 15549)
[M::mem_pestat] skip orientation RR as there are not enough pairs
[M::mem_pestat] skip orientation RF
[M::mem_process_seqs] Processed 2906660 reads in 4323.435 CPU sec, 115.150 real sec
[M::process] read 2900426 sequences (400000155 bp)...
[M::mem_pestat] # candidate unique pairs for (FF, FR, RF, RR): (3, 471020, 29, 1)
[M::mem_pestat] skip orientation FF as there are not enough pairs
[M::mem_pestat] analyzing insert size distribution for orientation FR...
[M::mem_pestat] (25, 50, 75) percentile: (132, 163, 199)
[M::mem_pestat] low and high boundaries for computing mean and std.dev: (1, 333)
[M::mem_pestat] mean and std.dev: (165.90, 55.64)
[M::mem_pestat] low and high boundaries for proper pairs: (1, 400)
[M::mem_pestat] analyzing insert size distribution for orientation RF...
[M::mem_pestat] (25, 50, 75) percentile: (226, 856, 3920)
[M::mem_pestat] low and high boundaries for computing mean and std.dev: (1, 11308)
[M::mem_pestat] mean and std.dev: (2250.72, 2924.33)
[M::mem_pestat] low and high boundaries for proper pairs: (1, 15002)
[M::mem_pestat] skip orientation RR as there are not enough pairs
[M::mem_pestat] skip orientation RF
[M::mem_process_seqs] Processed 2899818 reads in 4241.644 CPU sec, 106.395 real sec
[M::process] read 2865394 sequences (400000211 bp)...
[M::mem_pestat] # candidate unique pairs for (FF, FR, RF, RR): (1, 472603, 29, 7)
[M::mem_pestat] skip orientation FF as there are not enough pairs
[M::mem_pestat] analyzing insert size distribution for orientation FR...
[M::mem_pestat] (25, 50, 75) percentile: (132, 163, 199)
[M::mem_pestat] low and high boundaries for computing mean and std.dev: (1, 333)
[M::mem_pestat] mean and std.dev: (165.82, 55.57)
[M::mem_pestat] low and high boundaries for proper pairs: (1, 400)
[M::mem_pestat] analyzing insert size distribution for orientation RF...
[M::mem_pestat] (25, 50, 75) percentile: (248, 870, 2984)
[M::mem_pestat] low and high boundaries for computing mean and std.dev: (1, 8456)
[M::mem_pestat] mean and std.dev: (1645.69, 1854.29)
[M::mem_pestat] low and high boundaries for proper pairs: (1, 11192)
[M::mem_pestat] skip orientation RR as there are not enough pairs
[M::mem_pestat] skip orientation RF
[M::mem_process_seqs] Processed 2900426 reads in 3888.546 CPU sec, 97.695 real sec
[M::process] read 2862770 sequences (400000063 bp)...
[M::mem_pestat] # candidate unique pairs for (FF, FR, RF, RR): (1, 460304, 25, 6)
[M::mem_pestat] skip orientation FF as there are not enough pairs
[M::mem_pestat] analyzing insert size distribution for orientation FR...
[M::mem_pestat] (25, 50, 75) percentile: (132, 163, 200)
[M::mem_pestat] low and high boundaries for computing mean and std.dev: (1, 336)
[M::mem_pestat] mean and std.dev: (166.81, 56.03)
[M::mem_pestat] low and high boundaries for proper pairs: (1, 404)
[M::mem_pestat] analyzing insert size distribution for orientation RF...
[M::mem_pestat] (25, 50, 75) percentile: (192, 911, 1856)
[M::mem_pestat] low and high boundaries for computing mean and std.dev: (1, 5184)
[M::mem_pestat] mean and std.dev: (908.43, 1025.71)
[M::mem_pestat] low and high boundaries for proper pairs: (1, 6848)
[M::mem_pestat] skip orientation RR as there are not enough pairs
[M::mem_pestat] skip orientation RF
[M::mem_process_seqs] Processed 2865394 reads in 3840.504 CPU sec, 96.579 real sec
[M::process] read 2852028 sequences (400000249 bp)...
[M::mem_pestat] # candidate unique pairs for (FF, FR, RF, RR): (5, 466497, 24, 5)
[M::mem_pestat] skip orientation FF as there are not enough pairs
[M::mem_pestat] analyzing insert size distribution for orientation FR...
[M::mem_pestat] (25, 50, 75) percentile: (132, 163, 198)
[M::mem_pestat] low and high boundaries for computing mean and std.dev: (1, 330)
[M::mem_pestat] mean and std.dev: (165.37, 54.80)
[M::mem_pestat] low and high boundaries for proper pairs: (1, 396)
[M::mem_pestat] analyzing insert size distribution for orientation RF...
[M::mem_pestat] (25, 50, 75) percentile: (223, 1290, 6545)
[M::mem_pestat] low and high boundaries for computing mean and std.dev: (1, 19189)
[M::mem_pestat] mean and std.dev: (3157.92, 3500.73)
[M::mem_pestat] low and high boundaries for proper pairs: (1, 25511)
[M::mem_pestat] skip orientation RR as there are not enough pairs
[M::mem_pestat] skip orientation RF
[M::mem_process_seqs] Processed 2862770 reads in 3815.164 CPU sec, 95.505 real sec
[M::process] read 2867706 sequences (400000029 bp)...
[M::mem_pestat] # candidate unique pairs for (FF, FR, RF, RR): (3, 447487, 32, 9)
[M::mem_pestat] skip orientation FF as there are not enough pairs
[M::mem_pestat] analyzing insert size distribution for orientation FR...
[M::mem_pestat] (25, 50, 75) percentile: (133, 164, 201)
[M::mem_pestat] low and high boundaries for computing mean and std.dev: (1, 337)
[M::mem_pestat] mean and std.dev: (167.83, 56.75)
[M::mem_pestat] low and high boundaries for proper pairs: (1, 405)
[M::mem_pestat] analyzing insert size distribution for orientation RF...
[M::mem_pestat] (25, 50, 75) percentile: (135, 978, 1404)
[M::mem_pestat] low and high boundaries for computing mean and std.dev: (1, 3942)
[M::mem_pestat] mean and std.dev: (910.77, 992.44)
[M::mem_pestat] low and high boundaries for proper pairs: (1, 5211)
[M::mem_pestat] skip orientation RR as there are not enough pairs
[M::mem_pestat] skip orientation RF
[M::mem_process_seqs] Processed 2852028 reads in 3825.576 CPU sec, 95.989 real sec
[M::process] read 2873116 sequences (400000272 bp)...
[M::mem_pestat] # candidate unique pairs for (FF, FR, RF, RR): (7, 442751, 32, 6)
[M::mem_pestat] skip orientation FF as there are not enough pairs
[M::mem_pestat] analyzing insert size distribution for orientation FR...
[M::mem_pestat] (25, 50, 75) percentile: (133, 165, 202)
[M::mem_pestat] low and high boundaries for computing mean and std.dev: (1, 340)
[M::mem_pestat] mean and std.dev: (168.90, 57.44)
[M::mem_pestat] low and high boundaries for proper pairs: (1, 409)
[M::mem_pestat] analyzing insert size distribution for orientation RF...
[M::mem_pestat] (25, 50, 75) percentile: (93, 429, 1505)
[M::mem_pestat] low and high boundaries for computing mean and std.dev: (1, 4329)
[M::mem_pestat] mean and std.dev: (623.61, 713.28)
[M::mem_pestat] low and high boundaries for proper pairs: (1, 5741)
[M::mem_pestat] skip orientation RR as there are not enough pairs
[M::mem_pestat] skip orientation RF
[M::mem_process_seqs] Processed 2867706 reads in 3975.288 CPU sec, 99.959 real sec
[M::process] read 2865636 sequences (400000262 bp)...
[M::mem_pestat] # candidate unique pairs for (FF, FR, RF, RR): (4, 448250, 32, 13)
[M::mem_pestat] skip orientation FF as there are not enough pairs
[M::mem_pestat] analyzing insert size distribution for orientation FR...
[M::mem_pestat] (25, 50, 75) percentile: (133, 164, 201)
[M::mem_pestat] low and high boundaries for computing mean and std.dev: (1, 337)
[M::mem_pestat] mean and std.dev: (167.74, 56.86)
[M::mem_pestat] low and high boundaries for proper pairs: (1, 405)
[M::mem_pestat] analyzing insert size distribution for orientation RF...
[M::mem_pestat] (25, 50, 75) percentile: (223, 794, 5955)
[M::mem_pestat] low and high boundaries for computing mean and std.dev: (1, 17419)
[M::mem_pestat] mean and std.dev: (2762.03, 3538.07)
[M::mem_pestat] low and high boundaries for proper pairs: (1, 23151)
[M::mem_pestat] analyzing insert size distribution for orientation RR...
[M::mem_pestat] (25, 50, 75) percentile: (352, 930, 5490)
[M::mem_pestat] low and high boundaries for computing mean and std.dev: (1, 15766)
[M::mem_pestat] mean and std.dev: (2485.62, 2323.45)
[M::mem_pestat] low and high boundaries for proper pairs: (1, 20904)
[M::mem_pestat] skip orientation RF
[M::mem_pestat] skip orientation RR
[M::mem_process_seqs] Processed 2873116 reads in 3933.983 CPU sec, 98.672 real sec
[M::process] read 762578 sequences (106679892 bp)...
[M::mem_pestat] # candidate unique pairs for (FF, FR, RF, RR): (3, 441055, 19, 4)
[M::mem_pestat] skip orientation FF as there are not enough pairs
[M::mem_pestat] analyzing insert size distribution for orientation FR...
[M::mem_pestat] (25, 50, 75) percentile: (133, 164, 202)
[M::mem_pestat] low and high boundaries for computing mean and std.dev: (1, 340)
[M::mem_pestat] mean and std.dev: (168.76, 57.62)
[M::mem_pestat] low and high boundaries for proper pairs: (1, 409)
[M::mem_pestat] analyzing insert size distribution for orientation RF...
[M::mem_pestat] (25, 50, 75) percentile: (203, 1150, 2766)
[M::mem_pestat] low and high boundaries for computing mean and std.dev: (1, 7892)
[M::mem_pestat] mean and std.dev: (1366.22, 1556.11)
[M::mem_pestat] low and high boundaries for proper pairs: (1, 10455)
[M::mem_pestat] skip orientation RR as there are not enough pairs
[M::mem_pestat] skip orientation RF
[M::mem_process_seqs] Processed 2865636 reads in 3917.881 CPU sec, 98.273 real sec
[M::mem_pestat] # candidate unique pairs for (FF, FR, RF, RR): (2, 116515, 11, 0)
[M::mem_pestat] skip orientation FF as there are not enough pairs
[M::mem_pestat] analyzing insert size distribution for orientation FR...
[M::mem_pestat] (25, 50, 75) percentile: (134, 165, 203)
[M::mem_pestat] low and high boundaries for computing mean and std.dev: (1, 341)
[M::mem_pestat] mean and std.dev: (169.23, 57.76)
[M::mem_pestat] low and high boundaries for proper pairs: (1, 410)
[M::mem_pestat] analyzing insert size distribution for orientation RF...
[M::mem_pestat] (25, 50, 75) percentile: (226, 722, 7318)
[M::mem_pestat] low and high boundaries for computing mean and std.dev: (1, 21502)
[M::mem_pestat] mean and std.dev: (3107.27, 3218.40)
[M::mem_pestat] low and high boundaries for proper pairs: (1, 28594)
[M::mem_pestat] skip orientation RR as there are not enough pairs
[M::mem_pestat] skip orientation RF
[M::mem_process_seqs] Processed 762578 reads in 1082.483 CPU sec, 27.201 real sec
[main] Version: 0.7.17-r1188
[main] CMD: /home/shared/bwa-0.7.17/bwa mem -M -t 40 ../data/bwa-GCF_031168955.1_ASM3116895v1_genomic ../data/trimmed-fastqs-heatwave-genetics/MHW106_trimmed_clipped_R1_paired.fq.gz ../data/trimmed-fastqs-heatwave-genetics/MHW106_trimmed_clipped_R2_paired.fq.gz
[main] Real time: 2375.196 sec; CPU: 94047.102 sec
