[M::bwa_idx_load_from_disk] read 0 ALT contigs
[M::process] read 2801836 sequences (400000180 bp)...
[M::process] read 2799890 sequences (400000157 bp)...
[M::mem_pestat] # candidate unique pairs for (FF, FR, RF, RR): (15, 779399, 94, 13)
[M::mem_pestat] analyzing insert size distribution for orientation FF...
[M::mem_pestat] (25, 50, 75) percentile: (689, 1975, 4182)
[M::mem_pestat] low and high boundaries for computing mean and std.dev: (1, 11168)
[M::mem_pestat] mean and std.dev: (2906.47, 3078.27)
[M::mem_pestat] low and high boundaries for proper pairs: (1, 15220)
[M::mem_pestat] analyzing insert size distribution for orientation FR...
[M::mem_pestat] (25, 50, 75) percentile: (190, 249, 330)
[M::mem_pestat] low and high boundaries for computing mean and std.dev: (1, 610)
[M::mem_pestat] mean and std.dev: (264.48, 98.81)
[M::mem_pestat] low and high boundaries for proper pairs: (1, 750)
[M::mem_pestat] analyzing insert size distribution for orientation RF...
[M::mem_pestat] (25, 50, 75) percentile: (159, 224, 1476)
[M::mem_pestat] low and high boundaries for computing mean and std.dev: (1, 4110)
[M::mem_pestat] mean and std.dev: (762.93, 1017.23)
[M::mem_pestat] low and high boundaries for proper pairs: (1, 5427)
[M::mem_pestat] analyzing insert size distribution for orientation RR...
[M::mem_pestat] (25, 50, 75) percentile: (470, 657, 5532)
[M::mem_pestat] low and high boundaries for computing mean and std.dev: (1, 15656)
[M::mem_pestat] mean and std.dev: (2145.46, 2279.01)
[M::mem_pestat] low and high boundaries for proper pairs: (1, 20718)
[M::mem_pestat] skip orientation FF
[M::mem_pestat] skip orientation RF
[M::mem_pestat] skip orientation RR
[M::mem_process_seqs] Processed 2801836 reads in 3656.043 CPU sec, 114.296 real sec
[M::process] read 2793528 sequences (400000157 bp)...
[M::mem_pestat] # candidate unique pairs for (FF, FR, RF, RR): (14, 778581, 100, 14)
[M::mem_pestat] analyzing insert size distribution for orientation FF...
[M::mem_pestat] (25, 50, 75) percentile: (237, 463, 2255)
[M::mem_pestat] low and high boundaries for computing mean and std.dev: (1, 6291)
[M::mem_pestat] mean and std.dev: (1160.07, 1565.98)
[M::mem_pestat] low and high boundaries for proper pairs: (1, 8309)
[M::mem_pestat] analyzing insert size distribution for orientation FR...
[M::mem_pestat] (25, 50, 75) percentile: (194, 256, 336)
[M::mem_pestat] low and high boundaries for computing mean and std.dev: (1, 620)
[M::mem_pestat] mean and std.dev: (269.79, 99.71)
[M::mem_pestat] low and high boundaries for proper pairs: (1, 762)
[M::mem_pestat] analyzing insert size distribution for orientation RF...
[M::mem_pestat] (25, 50, 75) percentile: (223, 224, 1365)
[M::mem_pestat] low and high boundaries for computing mean and std.dev: (1, 3649)
[M::mem_pestat] mean and std.dev: (638.71, 874.84)
[M::mem_pestat] low and high boundaries for proper pairs: (1, 4791)
[M::mem_pestat] analyzing insert size distribution for orientation RR...
[M::mem_pestat] (25, 50, 75) percentile: (375, 1387, 1915)
[M::mem_pestat] low and high boundaries for computing mean and std.dev: (1, 4995)
[M::mem_pestat] mean and std.dev: (1677.29, 1634.76)
[M::mem_pestat] low and high boundaries for proper pairs: (1, 8216)
[M::mem_pestat] skip orientation FF
[M::mem_pestat] skip orientation RF
[M::mem_pestat] skip orientation RR
[M::mem_process_seqs] Processed 2799890 reads in 3665.766 CPU sec, 108.891 real sec
[M::process] read 2800626 sequences (400000236 bp)...
[M::mem_pestat] # candidate unique pairs for (FF, FR, RF, RR): (13, 778869, 100, 8)
[M::mem_pestat] analyzing insert size distribution for orientation FF...
[M::mem_pestat] (25, 50, 75) percentile: (1177, 1935, 4282)
[M::mem_pestat] low and high boundaries for computing mean and std.dev: (1, 10492)
[M::mem_pestat] mean and std.dev: (2826.31, 1981.37)
[M::mem_pestat] low and high boundaries for proper pairs: (1, 13597)
[M::mem_pestat] analyzing insert size distribution for orientation FR...
[M::mem_pestat] (25, 50, 75) percentile: (193, 255, 335)
[M::mem_pestat] low and high boundaries for computing mean and std.dev: (1, 619)
[M::mem_pestat] mean and std.dev: (268.80, 99.27)
[M::mem_pestat] low and high boundaries for proper pairs: (1, 761)
[M::mem_pestat] analyzing insert size distribution for orientation RF...
[M::mem_pestat] (25, 50, 75) percentile: (142, 223, 1845)
[M::mem_pestat] low and high boundaries for computing mean and std.dev: (1, 5251)
[M::mem_pestat] mean and std.dev: (814.90, 1163.36)
[M::mem_pestat] low and high boundaries for proper pairs: (1, 6954)
[M::mem_pestat] skip orientation RR as there are not enough pairs
[M::mem_pestat] skip orientation FF
[M::mem_pestat] skip orientation RF
[M::mem_process_seqs] Processed 2793528 reads in 3746.963 CPU sec, 112.627 real sec
[M::process] read 2790478 sequences (400000007 bp)...
[M::mem_pestat] # candidate unique pairs for (FF, FR, RF, RR): (11, 780531, 93, 13)
[M::mem_pestat] analyzing insert size distribution for orientation FF...
[M::mem_pestat] (25, 50, 75) percentile: (1313, 1489, 2523)
[M::mem_pestat] low and high boundaries for computing mean and std.dev: (1, 4943)
[M::mem_pestat] mean and std.dev: (1397.00, 802.21)
[M::mem_pestat] low and high boundaries for proper pairs: (1, 6153)
[M::mem_pestat] analyzing insert size distribution for orientation FR...
[M::mem_pestat] (25, 50, 75) percentile: (192, 252, 332)
[M::mem_pestat] low and high boundaries for computing mean and std.dev: (1, 612)
[M::mem_pestat] mean and std.dev: (266.54, 98.62)
[M::mem_pestat] low and high boundaries for proper pairs: (1, 752)
[M::mem_pestat] analyzing insert size distribution for orientation RF...
[M::mem_pestat] (25, 50, 75) percentile: (181, 224, 1059)
[M::mem_pestat] low and high boundaries for computing mean and std.dev: (1, 2815)
[M::mem_pestat] mean and std.dev: (453.59, 576.95)
[M::mem_pestat] low and high boundaries for proper pairs: (1, 3693)
[M::mem_pestat] analyzing insert size distribution for orientation RR...
[M::mem_pestat] (25, 50, 75) percentile: (221, 1085, 1767)
[M::mem_pestat] low and high boundaries for computing mean and std.dev: (1, 4859)
[M::mem_pestat] mean and std.dev: (1182.23, 1079.31)
[M::mem_pestat] low and high boundaries for proper pairs: (1, 6405)
[M::mem_pestat] skip orientation FF
[M::mem_pestat] skip orientation RF
[M::mem_pestat] skip orientation RR
[M::mem_process_seqs] Processed 2800626 reads in 3767.534 CPU sec, 114.661 real sec
[M::process] read 2797954 sequences (400000085 bp)...
[M::mem_pestat] # candidate unique pairs for (FF, FR, RF, RR): (12, 780581, 90, 9)
[M::mem_pestat] analyzing insert size distribution for orientation FF...
[M::mem_pestat] (25, 50, 75) percentile: (1515, 1978, 4860)
[M::mem_pestat] low and high boundaries for computing mean and std.dev: (1, 11550)
[M::mem_pestat] mean and std.dev: (2544.33, 1810.74)
[M::mem_pestat] low and high boundaries for proper pairs: (1, 14895)
[M::mem_pestat] analyzing insert size distribution for orientation FR...
[M::mem_pestat] (25, 50, 75) percentile: (197, 259, 338)
[M::mem_pestat] low and high boundaries for computing mean and std.dev: (1, 620)
[M::mem_pestat] mean and std.dev: (272.10, 99.28)
[M::mem_pestat] low and high boundaries for proper pairs: (1, 761)
[M::mem_pestat] analyzing insert size distribution for orientation RF...
[M::mem_pestat] (25, 50, 75) percentile: (159, 223, 390)
[M::mem_pestat] low and high boundaries for computing mean and std.dev: (1, 852)
[M::mem_pestat] mean and std.dev: (208.88, 94.83)
[M::mem_pestat] low and high boundaries for proper pairs: (1, 1083)
[M::mem_pestat] skip orientation RR as there are not enough pairs
[M::mem_pestat] skip orientation FF
[M::mem_pestat] skip orientation RF
[M::mem_process_seqs] Processed 2790478 reads in 3690.747 CPU sec, 109.356 real sec
[M::process] read 2792876 sequences (400000261 bp)...
[M::mem_pestat] # candidate unique pairs for (FF, FR, RF, RR): (14, 779418, 102, 4)
[M::mem_pestat] analyzing insert size distribution for orientation FF...
[M::mem_pestat] (25, 50, 75) percentile: (74, 235, 1166)
[M::mem_pestat] low and high boundaries for computing mean and std.dev: (1, 3350)
[M::mem_pestat] mean and std.dev: (479.92, 700.93)
[M::mem_pestat] low and high boundaries for proper pairs: (1, 4442)
[M::mem_pestat] analyzing insert size distribution for orientation FR...
[M::mem_pestat] (25, 50, 75) percentile: (191, 251, 331)
[M::mem_pestat] low and high boundaries for computing mean and std.dev: (1, 611)
[M::mem_pestat] mean and std.dev: (265.57, 98.70)
[M::mem_pestat] low and high boundaries for proper pairs: (1, 751)
[M::mem_pestat] analyzing insert size distribution for orientation RF...
[M::mem_pestat] (25, 50, 75) percentile: (222, 226, 988)
[M::mem_pestat] low and high boundaries for computing mean and std.dev: (1, 2520)
[M::mem_pestat] mean and std.dev: (352.14, 433.57)
[M::mem_pestat] low and high boundaries for proper pairs: (1, 3286)
[M::mem_pestat] skip orientation RR as there are not enough pairs
[M::mem_pestat] skip orientation FF
[M::mem_pestat] skip orientation RF
[M::mem_process_seqs] Processed 2797954 reads in 3719.672 CPU sec, 112.187 real sec
[M::process] read 2822020 sequences (400000145 bp)...
[M::mem_pestat] # candidate unique pairs for (FF, FR, RF, RR): (16, 778768, 129, 12)
[M::mem_pestat] analyzing insert size distribution for orientation FF...
[M::mem_pestat] (25, 50, 75) percentile: (201, 245, 1999)
[M::mem_pestat] low and high boundaries for computing mean and std.dev: (1, 5595)
[M::mem_pestat] mean and std.dev: (602.36, 733.61)
[M::mem_pestat] low and high boundaries for proper pairs: (1, 7393)
[M::mem_pestat] analyzing insert size distribution for orientation FR...
[M::mem_pestat] (25, 50, 75) percentile: (198, 261, 341)
[M::mem_pestat] low and high boundaries for computing mean and std.dev: (1, 627)
[M::mem_pestat] mean and std.dev: (273.99, 100.07)
[M::mem_pestat] low and high boundaries for proper pairs: (1, 770)
[M::mem_pestat] analyzing insert size distribution for orientation RF...
[M::mem_pestat] (25, 50, 75) percentile: (223, 226, 1050)
[M::mem_pestat] low and high boundaries for computing mean and std.dev: (1, 2704)
[M::mem_pestat] mean and std.dev: (446.39, 464.50)
[M::mem_pestat] low and high boundaries for proper pairs: (1, 3531)
[M::mem_pestat] analyzing insert size distribution for orientation RR...
[M::mem_pestat] (25, 50, 75) percentile: (356, 2439, 4155)
[M::mem_pestat] low and high boundaries for computing mean and std.dev: (1, 11753)
[M::mem_pestat] mean and std.dev: (2676.17, 2486.55)
[M::mem_pestat] low and high boundaries for proper pairs: (1, 15552)
[M::mem_pestat] skip orientation FF
[M::mem_pestat] skip orientation RF
[M::mem_pestat] skip orientation RR
[M::mem_process_seqs] Processed 2792876 reads in 3762.057 CPU sec, 110.112 real sec
[M::process] read 2819876 sequences (400000100 bp)...
[M::mem_pestat] # candidate unique pairs for (FF, FR, RF, RR): (10, 777316, 92, 6)
[M::mem_pestat] analyzing insert size distribution for orientation FF...
[M::mem_pestat] (25, 50, 75) percentile: (106, 308, 2564)
[M::mem_pestat] low and high boundaries for computing mean and std.dev: (1, 7480)
[M::mem_pestat] mean and std.dev: (1210.90, 1372.49)
[M::mem_pestat] low and high boundaries for proper pairs: (1, 9938)
[M::mem_pestat] analyzing insert size distribution for orientation FR...
[M::mem_pestat] (25, 50, 75) percentile: (193, 255, 336)
[M::mem_pestat] low and high boundaries for computing mean and std.dev: (1, 622)
[M::mem_pestat] mean and std.dev: (269.74, 100.16)
[M::mem_pestat] low and high boundaries for proper pairs: (1, 765)
[M::mem_pestat] analyzing insert size distribution for orientation RF...
[M::mem_pestat] (25, 50, 75) percentile: (158, 224, 1104)
[M::mem_pestat] low and high boundaries for computing mean and std.dev: (1, 2996)
[M::mem_pestat] mean and std.dev: (518.36, 634.61)
[M::mem_pestat] low and high boundaries for proper pairs: (1, 3942)
[M::mem_pestat] skip orientation RR as there are not enough pairs
[M::mem_pestat] skip orientation FF
[M::mem_pestat] skip orientation RF
[M::mem_process_seqs] Processed 2822020 reads in 3730.697 CPU sec, 112.291 real sec
[M::process] read 2809718 sequences (400000161 bp)...
[M::mem_pestat] # candidate unique pairs for (FF, FR, RF, RR): (11, 778020, 121, 11)
[M::mem_pestat] analyzing insert size distribution for orientation FF...
[M::mem_pestat] (25, 50, 75) percentile: (278, 665, 797)
[M::mem_pestat] low and high boundaries for computing mean and std.dev: (1, 1835)
[M::mem_pestat] mean and std.dev: (425.44, 288.97)
[M::mem_pestat] low and high boundaries for proper pairs: (1, 2354)
[M::mem_pestat] analyzing insert size distribution for orientation FR...
[M::mem_pestat] (25, 50, 75) percentile: (195, 258, 340)
[M::mem_pestat] low and high boundaries for computing mean and std.dev: (1, 630)
[M::mem_pestat] mean and std.dev: (272.51, 101.30)
[M::mem_pestat] low and high boundaries for proper pairs: (1, 775)
[M::mem_pestat] analyzing insert size distribution for orientation RF...
[M::mem_pestat] (25, 50, 75) percentile: (204, 228, 2991)
[M::mem_pestat] low and high boundaries for computing mean and std.dev: (1, 8565)
[M::mem_pestat] mean and std.dev: (1483.35, 2230.51)
[M::mem_pestat] low and high boundaries for proper pairs: (1, 11352)
[M::mem_pestat] analyzing insert size distribution for orientation RR...
[M::mem_pestat] (25, 50, 75) percentile: (405, 1989, 3993)
[M::mem_pestat] low and high boundaries for computing mean and std.dev: (1, 11169)
[M::mem_pestat] mean and std.dev: (2402.73, 2575.95)
[M::mem_pestat] low and high boundaries for proper pairs: (1, 14757)
[M::mem_pestat] skip orientation FF
[M::mem_pestat] skip orientation RF
[M::mem_pestat] skip orientation RR
[M::mem_process_seqs] Processed 2819876 reads in 3804.507 CPU sec, 113.473 real sec
[M::process] read 2819160 sequences (400000250 bp)...
[M::mem_pestat] # candidate unique pairs for (FF, FR, RF, RR): (11, 778379, 131, 9)
[M::mem_pestat] analyzing insert size distribution for orientation FF...
[M::mem_pestat] (25, 50, 75) percentile: (124, 148, 4555)
[M::mem_pestat] low and high boundaries for computing mean and std.dev: (1, 13417)
[M::mem_pestat] mean and std.dev: (2177.64, 3046.29)
[M::mem_pestat] low and high boundaries for proper pairs: (1, 17848)
[M::mem_pestat] analyzing insert size distribution for orientation FR...
[M::mem_pestat] (25, 50, 75) percentile: (195, 258, 339)
[M::mem_pestat] low and high boundaries for computing mean and std.dev: (1, 627)
[M::mem_pestat] mean and std.dev: (271.66, 100.77)
[M::mem_pestat] low and high boundaries for proper pairs: (1, 771)
[M::mem_pestat] analyzing insert size distribution for orientation RF...
[M::mem_pestat] (25, 50, 75) percentile: (218, 226, 1515)
[M::mem_pestat] low and high boundaries for computing mean and std.dev: (1, 4109)
[M::mem_pestat] mean and std.dev: (637.00, 847.35)
[M::mem_pestat] low and high boundaries for proper pairs: (1, 5406)
[M::mem_pestat] skip orientation RR as there are not enough pairs
[M::mem_pestat] skip orientation FF
[M::mem_pestat] skip orientation RF
[M::mem_process_seqs] Processed 2809718 reads in 3742.429 CPU sec, 111.799 real sec
[M::process] read 2811386 sequences (400000242 bp)...
[M::mem_pestat] # candidate unique pairs for (FF, FR, RF, RR): (8, 779779, 106, 11)
[M::mem_pestat] skip orientation FF as there are not enough pairs
[M::mem_pestat] analyzing insert size distribution for orientation FR...
[M::mem_pestat] (25, 50, 75) percentile: (194, 257, 338)
[M::mem_pestat] low and high boundaries for computing mean and std.dev: (1, 626)
[M::mem_pestat] mean and std.dev: (270.63, 100.43)
[M::mem_pestat] low and high boundaries for proper pairs: (1, 770)
[M::mem_pestat] analyzing insert size distribution for orientation RF...
[M::mem_pestat] (25, 50, 75) percentile: (152, 223, 1054)
[M::mem_pestat] low and high boundaries for computing mean and std.dev: (1, 2858)
[M::mem_pestat] mean and std.dev: (375.57, 475.62)
[M::mem_pestat] low and high boundaries for proper pairs: (1, 3760)
[M::mem_pestat] analyzing insert size distribution for orientation RR...
[M::mem_pestat] (25, 50, 75) percentile: (137, 387, 570)
[M::mem_pestat] low and high boundaries for computing mean and std.dev: (1, 1436)
[M::mem_pestat] mean and std.dev: (275.11, 159.32)
[M::mem_pestat] low and high boundaries for proper pairs: (1, 1869)
[M::mem_pestat] skip orientation RF
[M::mem_pestat] skip orientation RR
[M::mem_process_seqs] Processed 2819160 reads in 3751.182 CPU sec, 113.533 real sec
[M::process] read 2819972 sequences (400000012 bp)...
[M::mem_pestat] # candidate unique pairs for (FF, FR, RF, RR): (11, 778742, 116, 11)
[M::mem_pestat] analyzing insert size distribution for orientation FF...
[M::mem_pestat] (25, 50, 75) percentile: (170, 1192, 2887)
[M::mem_pestat] low and high boundaries for computing mean and std.dev: (1, 8321)
[M::mem_pestat] mean and std.dev: (1553.36, 1861.84)
[M::mem_pestat] low and high boundaries for proper pairs: (1, 11038)
[M::mem_pestat] analyzing insert size distribution for orientation FR...
[M::mem_pestat] (25, 50, 75) percentile: (195, 259, 340)
[M::mem_pestat] low and high boundaries for computing mean and std.dev: (1, 630)
[M::mem_pestat] mean and std.dev: (272.68, 101.14)
[M::mem_pestat] low and high boundaries for proper pairs: (1, 775)
[M::mem_pestat] analyzing insert size distribution for orientation RF...
[M::mem_pestat] (25, 50, 75) percentile: (140, 223, 379)
[M::mem_pestat] low and high boundaries for computing mean and std.dev: (1, 857)
[M::mem_pestat] mean and std.dev: (207.96, 138.51)
[M::mem_pestat] low and high boundaries for proper pairs: (1, 1096)
[M::mem_pestat] analyzing insert size distribution for orientation RR...
[M::mem_pestat] (25, 50, 75) percentile: (2463, 2463, 3434)
[M::mem_pestat] low and high boundaries for computing mean and std.dev: (521, 5376)
[M::mem_pestat] mean and std.dev: (2725.00, 455.43)
[M::mem_pestat] low and high boundaries for proper pairs: (1, 6347)
[M::mem_pestat] skip orientation FF
[M::mem_pestat] skip orientation RF
[M::mem_pestat] skip orientation RR
[M::mem_process_seqs] Processed 2811386 reads in 3756.630 CPU sec, 113.799 real sec
[M::process] read 2801188 sequences (400000166 bp)...
[M::mem_pestat] # candidate unique pairs for (FF, FR, RF, RR): (5, 779055, 132, 4)
[M::mem_pestat] skip orientation FF as there are not enough pairs
[M::mem_pestat] analyzing insert size distribution for orientation FR...
[M::mem_pestat] (25, 50, 75) percentile: (193, 254, 335)
[M::mem_pestat] low and high boundaries for computing mean and std.dev: (1, 619)
[M::mem_pestat] mean and std.dev: (268.62, 99.98)
[M::mem_pestat] low and high boundaries for proper pairs: (1, 761)
[M::mem_pestat] analyzing insert size distribution for orientation RF...
[M::mem_pestat] (25, 50, 75) percentile: (222, 223, 858)
[M::mem_pestat] low and high boundaries for computing mean and std.dev: (1, 2130)
[M::mem_pestat] mean and std.dev: (368.15, 404.50)
[M::mem_pestat] low and high boundaries for proper pairs: (1, 2766)
[M::mem_pestat] skip orientation RR as there are not enough pairs
[M::mem_pestat] skip orientation RF
[M::mem_process_seqs] Processed 2819972 reads in 3835.220 CPU sec, 116.384 real sec
[M::process] read 2795836 sequences (400000158 bp)...
[M::mem_pestat] # candidate unique pairs for (FF, FR, RF, RR): (3, 779437, 105, 15)
[M::mem_pestat] skip orientation FF as there are not enough pairs
[M::mem_pestat] analyzing insert size distribution for orientation FR...
[M::mem_pestat] (25, 50, 75) percentile: (195, 258, 340)
[M::mem_pestat] low and high boundaries for computing mean and std.dev: (1, 630)
[M::mem_pestat] mean and std.dev: (272.30, 101.48)
[M::mem_pestat] low and high boundaries for proper pairs: (1, 775)
[M::mem_pestat] analyzing insert size distribution for orientation RF...
[M::mem_pestat] (25, 50, 75) percentile: (154, 224, 2259)
[M::mem_pestat] low and high boundaries for computing mean and std.dev: (1, 6469)
[M::mem_pestat] mean and std.dev: (1185.37, 1499.48)
[M::mem_pestat] low and high boundaries for proper pairs: (1, 8574)
[M::mem_pestat] analyzing insert size distribution for orientation RR...
[M::mem_pestat] (25, 50, 75) percentile: (521, 1701, 1701)
[M::mem_pestat] low and high boundaries for computing mean and std.dev: (1, 4061)
[M::mem_pestat] mean and std.dev: (1162.46, 660.12)
[M::mem_pestat] low and high boundaries for proper pairs: (1, 5241)
[M::mem_pestat] skip orientation RF
[M::mem_pestat] skip orientation RR
[M::mem_process_seqs] Processed 2801188 reads in 3696.864 CPU sec, 110.512 real sec
[M::process] read 2792722 sequences (400000143 bp)...
[M::mem_pestat] # candidate unique pairs for (FF, FR, RF, RR): (9, 779019, 127, 13)
[M::mem_pestat] skip orientation FF as there are not enough pairs
[M::mem_pestat] analyzing insert size distribution for orientation FR...
[M::mem_pestat] (25, 50, 75) percentile: (193, 254, 334)
[M::mem_pestat] low and high boundaries for computing mean and std.dev: (1, 616)
[M::mem_pestat] mean and std.dev: (268.33, 98.92)
[M::mem_pestat] low and high boundaries for proper pairs: (1, 757)
[M::mem_pestat] analyzing insert size distribution for orientation RF...
[M::mem_pestat] (25, 50, 75) percentile: (223, 226, 2119)
[M::mem_pestat] low and high boundaries for computing mean and std.dev: (1, 5911)
[M::mem_pestat] mean and std.dev: (918.58, 1169.31)
[M::mem_pestat] low and high boundaries for proper pairs: (1, 7807)
[M::mem_pestat] analyzing insert size distribution for orientation RR...
[M::mem_pestat] (25, 50, 75) percentile: (378, 1598, 4030)
[M::mem_pestat] low and high boundaries for computing mean and std.dev: (1, 11334)
[M::mem_pestat] mean and std.dev: (2155.31, 1869.09)
[M::mem_pestat] low and high boundaries for proper pairs: (1, 14986)
[M::mem_pestat] skip orientation RF
[M::mem_pestat] skip orientation RR
[M::mem_process_seqs] Processed 2795836 reads in 3720.773 CPU sec, 114.225 real sec
[M::process] read 2792026 sequences (400000230 bp)...
[M::mem_pestat] # candidate unique pairs for (FF, FR, RF, RR): (4, 779622, 112, 4)
[M::mem_pestat] skip orientation FF as there are not enough pairs
[M::mem_pestat] analyzing insert size distribution for orientation FR...
[M::mem_pestat] (25, 50, 75) percentile: (194, 255, 336)
[M::mem_pestat] low and high boundaries for computing mean and std.dev: (1, 620)
[M::mem_pestat] mean and std.dev: (269.43, 99.75)
[M::mem_pestat] low and high boundaries for proper pairs: (1, 762)
[M::mem_pestat] analyzing insert size distribution for orientation RF...
[M::mem_pestat] (25, 50, 75) percentile: (185, 225, 828)
[M::mem_pestat] low and high boundaries for computing mean and std.dev: (1, 2114)
[M::mem_pestat] mean and std.dev: (348.27, 387.21)
[M::mem_pestat] low and high boundaries for proper pairs: (1, 2757)
[M::mem_pestat] skip orientation RR as there are not enough pairs
[M::mem_pestat] skip orientation RF
[M::mem_process_seqs] Processed 2792722 reads in 3718.292 CPU sec, 114.024 real sec
[M::process] read 2794102 sequences (400000270 bp)...
[M::mem_pestat] # candidate unique pairs for (FF, FR, RF, RR): (10, 779974, 114, 13)
[M::mem_pestat] analyzing insert size distribution for orientation FF...
[M::mem_pestat] (25, 50, 75) percentile: (261, 402, 2017)
[M::mem_pestat] low and high boundaries for computing mean and std.dev: (1, 5529)
[M::mem_pestat] mean and std.dev: (1117.30, 1146.45)
[M::mem_pestat] low and high boundaries for proper pairs: (1, 7285)
[M::mem_pestat] analyzing insert size distribution for orientation FR...
[M::mem_pestat] (25, 50, 75) percentile: (196, 258, 337)
[M::mem_pestat] low and high boundaries for computing mean and std.dev: (1, 619)
[M::mem_pestat] mean and std.dev: (271.37, 99.16)
[M::mem_pestat] low and high boundaries for proper pairs: (1, 760)
[M::mem_pestat] analyzing insert size distribution for orientation RF...
[M::mem_pestat] (25, 50, 75) percentile: (106, 227, 705)
[M::mem_pestat] low and high boundaries for computing mean and std.dev: (1, 1903)
[M::mem_pestat] mean and std.dev: (290.12, 309.09)
[M::mem_pestat] low and high boundaries for proper pairs: (1, 2502)
[M::mem_pestat] analyzing insert size distribution for orientation RR...
[M::mem_pestat] (25, 50, 75) percentile: (454, 732, 1353)
[M::mem_pestat] low and high boundaries for computing mean and std.dev: (1, 3151)
[M::mem_pestat] mean and std.dev: (789.00, 606.74)
[M::mem_pestat] low and high boundaries for proper pairs: (1, 4050)
[M::mem_pestat] skip orientation FF
[M::mem_pestat] skip orientation RF
[M::mem_pestat] skip orientation RR
[M::mem_process_seqs] Processed 2792026 reads in 3723.561 CPU sec, 110.865 real sec
[M::process] read 2791790 sequences (400000128 bp)...
[M::mem_pestat] # candidate unique pairs for (FF, FR, RF, RR): (6, 778820, 129, 10)
[M::mem_pestat] skip orientation FF as there are not enough pairs
[M::mem_pestat] analyzing insert size distribution for orientation FR...
[M::mem_pestat] (25, 50, 75) percentile: (194, 256, 337)
[M::mem_pestat] low and high boundaries for computing mean and std.dev: (1, 623)
[M::mem_pestat] mean and std.dev: (269.97, 99.86)
[M::mem_pestat] low and high boundaries for proper pairs: (1, 766)
[M::mem_pestat] analyzing insert size distribution for orientation RF...
[M::mem_pestat] (25, 50, 75) percentile: (223, 241, 928)
[M::mem_pestat] low and high boundaries for computing mean and std.dev: (1, 2338)
[M::mem_pestat] mean and std.dev: (464.74, 490.41)
[M::mem_pestat] low and high boundaries for proper pairs: (1, 3043)
[M::mem_pestat] analyzing insert size distribution for orientation RR...
[M::mem_pestat] (25, 50, 75) percentile: (277, 1021, 3507)
[M::mem_pestat] low and high boundaries for computing mean and std.dev: (1, 9967)
[M::mem_pestat] mean and std.dev: (1665.70, 1481.72)
[M::mem_pestat] low and high boundaries for proper pairs: (1, 13197)
[M::mem_pestat] skip orientation RF
[M::mem_pestat] skip orientation RR
[M::mem_process_seqs] Processed 2794102 reads in 3837.723 CPU sec, 127.107 real sec
[M::process] read 2785770 sequences (400000202 bp)...
[M::mem_pestat] # candidate unique pairs for (FF, FR, RF, RR): (8, 779220, 123, 11)
[M::mem_pestat] skip orientation FF as there are not enough pairs
[M::mem_pestat] analyzing insert size distribution for orientation FR...
[M::mem_pestat] (25, 50, 75) percentile: (196, 258, 338)
[M::mem_pestat] low and high boundaries for computing mean and std.dev: (1, 622)
[M::mem_pestat] mean and std.dev: (271.34, 99.57)
[M::mem_pestat] low and high boundaries for proper pairs: (1, 764)
[M::mem_pestat] analyzing insert size distribution for orientation RF...
[M::mem_pestat] (25, 50, 75) percentile: (174, 224, 811)
[M::mem_pestat] low and high boundaries for computing mean and std.dev: (1, 2085)
[M::mem_pestat] mean and std.dev: (387.07, 402.29)
[M::mem_pestat] low and high boundaries for proper pairs: (1, 2722)
[M::mem_pestat] analyzing insert size distribution for orientation RR...
[M::mem_pestat] (25, 50, 75) percentile: (1041, 1734, 6488)
[M::mem_pestat] low and high boundaries for computing mean and std.dev: (1, 17382)
[M::mem_pestat] mean and std.dev: (3055.64, 2387.87)
[M::mem_pestat] low and high boundaries for proper pairs: (1, 22829)
[M::mem_pestat] skip orientation RF
[M::mem_pestat] skip orientation RR
[M::mem_process_seqs] Processed 2791790 reads in 3712.069 CPU sec, 109.393 real sec
[M::process] read 2803046 sequences (400000023 bp)...
[M::mem_pestat] # candidate unique pairs for (FF, FR, RF, RR): (11, 778122, 93, 19)
[M::mem_pestat] analyzing insert size distribution for orientation FF...
[M::mem_pestat] (25, 50, 75) percentile: (291, 356, 3828)
[M::mem_pestat] low and high boundaries for computing mean and std.dev: (1, 10902)
[M::mem_pestat] mean and std.dev: (2157.73, 2785.43)
[M::mem_pestat] low and high boundaries for proper pairs: (1, 14439)
[M::mem_pestat] analyzing insert size distribution for orientation FR...
[M::mem_pestat] (25, 50, 75) percentile: (195, 257, 337)
[M::mem_pestat] low and high boundaries for computing mean and std.dev: (1, 621)
[M::mem_pestat] mean and std.dev: (270.79, 100.10)
[M::mem_pestat] low and high boundaries for proper pairs: (1, 763)
[M::mem_pestat] analyzing insert size distribution for orientation RF...
[M::mem_pestat] (25, 50, 75) percentile: (223, 1291, 2998)
[M::mem_pestat] low and high boundaries for computing mean and std.dev: (1, 8548)
[M::mem_pestat] mean and std.dev: (1764.37, 2158.14)
[M::mem_pestat] low and high boundaries for proper pairs: (1, 11323)
[M::mem_pestat] analyzing insert size distribution for orientation RR...
[M::mem_pestat] (25, 50, 75) percentile: (210, 482, 3756)
[M::mem_pestat] low and high boundaries for computing mean and std.dev: (1, 10848)
[M::mem_pestat] mean and std.dev: (1679.47, 1613.34)
[M::mem_pestat] low and high boundaries for proper pairs: (1, 14394)
[M::mem_pestat] skip orientation FF
[M::mem_pestat] skip orientation RF
[M::mem_pestat] skip orientation RR
[M::mem_process_seqs] Processed 2785770 reads in 3706.621 CPU sec, 113.864 real sec
[M::process] read 2814656 sequences (400000027 bp)...
[M::mem_pestat] # candidate unique pairs for (FF, FR, RF, RR): (13, 778407, 122, 17)
[M::mem_pestat] analyzing insert size distribution for orientation FF...
[M::mem_pestat] (25, 50, 75) percentile: (305, 1072, 4262)
[M::mem_pestat] low and high boundaries for computing mean and std.dev: (1, 12176)
[M::mem_pestat] mean and std.dev: (2051.54, 2748.68)
[M::mem_pestat] low and high boundaries for proper pairs: (1, 16133)
[M::mem_pestat] analyzing insert size distribution for orientation FR...
[M::mem_pestat] (25, 50, 75) percentile: (195, 258, 338)
[M::mem_pestat] low and high boundaries for computing mean and std.dev: (1, 624)
[M::mem_pestat] mean and std.dev: (271.74, 99.96)
[M::mem_pestat] low and high boundaries for proper pairs: (1, 767)
[M::mem_pestat] analyzing insert size distribution for orientation RF...
[M::mem_pestat] (25, 50, 75) percentile: (223, 349, 1223)
[M::mem_pestat] low and high boundaries for computing mean and std.dev: (1, 3223)
[M::mem_pestat] mean and std.dev: (743.46, 766.88)
[M::mem_pestat] low and high boundaries for proper pairs: (1, 4223)
[M::mem_pestat] analyzing insert size distribution for orientation RR...
[M::mem_pestat] (25, 50, 75) percentile: (348, 1559, 4469)
[M::mem_pestat] low and high boundaries for computing mean and std.dev: (1, 12711)
[M::mem_pestat] mean and std.dev: (2149.82, 1923.56)
[M::mem_pestat] low and high boundaries for proper pairs: (1, 16832)
[M::mem_pestat] skip orientation FF
[M::mem_pestat] skip orientation RF
[M::mem_pestat] skip orientation RR
[M::mem_process_seqs] Processed 2803046 reads in 3697.311 CPU sec, 110.611 real sec
[M::process] read 2817486 sequences (400000123 bp)...
[M::mem_pestat] # candidate unique pairs for (FF, FR, RF, RR): (7, 777982, 126, 16)
[M::mem_pestat] skip orientation FF as there are not enough pairs
[M::mem_pestat] analyzing insert size distribution for orientation FR...
[M::mem_pestat] (25, 50, 75) percentile: (195, 258, 339)
[M::mem_pestat] low and high boundaries for computing mean and std.dev: (1, 627)
[M::mem_pestat] mean and std.dev: (271.87, 100.83)
[M::mem_pestat] low and high boundaries for proper pairs: (1, 771)
[M::mem_pestat] analyzing insert size distribution for orientation RF...
[M::mem_pestat] (25, 50, 75) percentile: (223, 225, 1718)
[M::mem_pestat] low and high boundaries for computing mean and std.dev: (1, 4708)
[M::mem_pestat] mean and std.dev: (543.85, 819.89)
[M::mem_pestat] low and high boundaries for proper pairs: (1, 6203)
[M::mem_pestat] analyzing insert size distribution for orientation RR...
[M::mem_pestat] (25, 50, 75) percentile: (167, 247, 1550)
[M::mem_pestat] low and high boundaries for computing mean and std.dev: (1, 4316)
[M::mem_pestat] mean and std.dev: (741.44, 717.67)
[M::mem_pestat] low and high boundaries for proper pairs: (1, 5699)
[M::mem_pestat] skip orientation RF
[M::mem_pestat] skip orientation RR
[M::mem_process_seqs] Processed 2814656 reads in 3710.364 CPU sec, 112.228 real sec
[M::process] read 2811052 sequences (400000190 bp)...
[M::mem_pestat] # candidate unique pairs for (FF, FR, RF, RR): (16, 778128, 130, 18)
[M::mem_pestat] analyzing insert size distribution for orientation FF...
[M::mem_pestat] (25, 50, 75) percentile: (427, 1658, 6470)
[M::mem_pestat] low and high boundaries for computing mean and std.dev: (1, 18556)
[M::mem_pestat] mean and std.dev: (2446.44, 2458.57)
[M::mem_pestat] low and high boundaries for proper pairs: (1, 24599)
[M::mem_pestat] analyzing insert size distribution for orientation FR...
[M::mem_pestat] (25, 50, 75) percentile: (195, 258, 339)
[M::mem_pestat] low and high boundaries for computing mean and std.dev: (1, 627)
[M::mem_pestat] mean and std.dev: (271.66, 100.75)
[M::mem_pestat] low and high boundaries for proper pairs: (1, 771)
[M::mem_pestat] analyzing insert size distribution for orientation RF...
[M::mem_pestat] (25, 50, 75) percentile: (218, 224, 1243)
[M::mem_pestat] low and high boundaries for computing mean and std.dev: (1, 3293)
[M::mem_pestat] mean and std.dev: (609.23, 849.63)
[M::mem_pestat] low and high boundaries for proper pairs: (1, 4318)
[M::mem_pestat] analyzing insert size distribution for orientation RR...
[M::mem_pestat] (25, 50, 75) percentile: (189, 556, 927)
[M::mem_pestat] low and high boundaries for computing mean and std.dev: (1, 2403)
[M::mem_pestat] mean and std.dev: (516.27, 428.95)
[M::mem_pestat] low and high boundaries for proper pairs: (1, 3141)
[M::mem_pestat] skip orientation FF
[M::mem_pestat] skip orientation RF
[M::mem_pestat] skip orientation RR
[M::mem_process_seqs] Processed 2817486 reads in 3757.416 CPU sec, 112.197 real sec
[M::process] read 2816148 sequences (400000020 bp)...
[M::mem_pestat] # candidate unique pairs for (FF, FR, RF, RR): (12, 779294, 106, 16)
[M::mem_pestat] analyzing insert size distribution for orientation FF...
[M::mem_pestat] (25, 50, 75) percentile: (328, 1142, 2180)
[M::mem_pestat] low and high boundaries for computing mean and std.dev: (1, 5884)
[M::mem_pestat] mean and std.dev: (1363.83, 1286.57)
[M::mem_pestat] low and high boundaries for proper pairs: (1, 7736)
[M::mem_pestat] analyzing insert size distribution for orientation FR...
[M::mem_pestat] (25, 50, 75) percentile: (195, 258, 339)
[M::mem_pestat] low and high boundaries for computing mean and std.dev: (1, 627)
[M::mem_pestat] mean and std.dev: (271.96, 101.15)
[M::mem_pestat] low and high boundaries for proper pairs: (1, 771)
[M::mem_pestat] analyzing insert size distribution for orientation RF...
[M::mem_pestat] (25, 50, 75) percentile: (114, 223, 943)
[M::mem_pestat] low and high boundaries for computing mean and std.dev: (1, 2601)
[M::mem_pestat] mean and std.dev: (372.74, 502.12)
[M::mem_pestat] low and high boundaries for proper pairs: (1, 3430)
[M::mem_pestat] analyzing insert size distribution for orientation RR...
[M::mem_pestat] (25, 50, 75) percentile: (1079, 1924, 2532)
[M::mem_pestat] low and high boundaries for computing mean and std.dev: (1, 5438)
[M::mem_pestat] mean and std.dev: (1931.81, 1301.70)
[M::mem_pestat] low and high boundaries for proper pairs: (1, 7139)
[M::mem_pestat] skip orientation FF
[M::mem_pestat] skip orientation RF
[M::mem_pestat] skip orientation RR
[M::mem_process_seqs] Processed 2811052 reads in 3677.864 CPU sec, 108.704 real sec
[M::process] read 2810226 sequences (400000162 bp)...
[M::mem_pestat] # candidate unique pairs for (FF, FR, RF, RR): (8, 777321, 99, 7)
[M::mem_pestat] skip orientation FF as there are not enough pairs
[M::mem_pestat] analyzing insert size distribution for orientation FR...
[M::mem_pestat] (25, 50, 75) percentile: (195, 259, 341)
[M::mem_pestat] low and high boundaries for computing mean and std.dev: (1, 633)
[M::mem_pestat] mean and std.dev: (273.02, 101.46)
[M::mem_pestat] low and high boundaries for proper pairs: (1, 779)
[M::mem_pestat] analyzing insert size distribution for orientation RF...
[M::mem_pestat] (25, 50, 75) percentile: (159, 223, 502)
[M::mem_pestat] low and high boundaries for computing mean and std.dev: (1, 1188)
[M::mem_pestat] mean and std.dev: (245.09, 203.94)
[M::mem_pestat] low and high boundaries for proper pairs: (1, 1531)
[M::mem_pestat] skip orientation RR as there are not enough pairs
[M::mem_pestat] skip orientation RF
[M::mem_process_seqs] Processed 2816148 reads in 3746.055 CPU sec, 111.123 real sec
[M::process] read 2796704 sequences (400000289 bp)...
[M::mem_pestat] # candidate unique pairs for (FF, FR, RF, RR): (7, 778701, 99, 11)
[M::mem_pestat] skip orientation FF as there are not enough pairs
[M::mem_pestat] analyzing insert size distribution for orientation FR...
[M::mem_pestat] (25, 50, 75) percentile: (195, 258, 340)
[M::mem_pestat] low and high boundaries for computing mean and std.dev: (1, 630)
[M::mem_pestat] mean and std.dev: (272.28, 101.17)
[M::mem_pestat] low and high boundaries for proper pairs: (1, 775)
[M::mem_pestat] analyzing insert size distribution for orientation RF...
[M::mem_pestat] (25, 50, 75) percentile: (173, 223, 920)
[M::mem_pestat] low and high boundaries for computing mean and std.dev: (1, 2414)
[M::mem_pestat] mean and std.dev: (383.75, 402.41)
[M::mem_pestat] low and high boundaries for proper pairs: (1, 3161)
[M::mem_pestat] analyzing insert size distribution for orientation RR...
[M::mem_pestat] (25, 50, 75) percentile: (909, 2845, 5693)
[M::mem_pestat] low and high boundaries for computing mean and std.dev: (1, 15261)
[M::mem_pestat] mean and std.dev: (2778.36, 2372.76)
[M::mem_pestat] low and high boundaries for proper pairs: (1, 20045)
[M::mem_pestat] skip orientation RF
[M::mem_pestat] skip orientation RR
[M::mem_process_seqs] Processed 2810226 reads in 3774.571 CPU sec, 113.445 real sec
[M::process] read 2798820 sequences (400000269 bp)...
[M::mem_pestat] # candidate unique pairs for (FF, FR, RF, RR): (10, 778231, 116, 21)
[M::mem_pestat] analyzing insert size distribution for orientation FF...
[M::mem_pestat] (25, 50, 75) percentile: (205, 1072, 3397)
[M::mem_pestat] low and high boundaries for computing mean and std.dev: (1, 9781)
[M::mem_pestat] mean and std.dev: (1956.70, 2041.66)
[M::mem_pestat] low and high boundaries for proper pairs: (1, 12973)
[M::mem_pestat] analyzing insert size distribution for orientation FR...
[M::mem_pestat] (25, 50, 75) percentile: (195, 259, 341)
[M::mem_pestat] low and high boundaries for computing mean and std.dev: (1, 633)
[M::mem_pestat] mean and std.dev: (273.05, 101.69)
[M::mem_pestat] low and high boundaries for proper pairs: (1, 779)
[M::mem_pestat] analyzing insert size distribution for orientation RF...
[M::mem_pestat] (25, 50, 75) percentile: (154, 223, 820)
[M::mem_pestat] low and high boundaries for computing mean and std.dev: (1, 2152)
[M::mem_pestat] mean and std.dev: (298.16, 292.09)
[M::mem_pestat] low and high boundaries for proper pairs: (1, 2818)
[M::mem_pestat] analyzing insert size distribution for orientation RR...
[M::mem_pestat] (25, 50, 75) percentile: (1540, 3857, 5055)
[M::mem_pestat] low and high boundaries for computing mean and std.dev: (1, 12085)
[M::mem_pestat] mean and std.dev: (3187.81, 1873.25)
[M::mem_pestat] low and high boundaries for proper pairs: (1, 15600)
[M::mem_pestat] skip orientation FF
[M::mem_pestat] skip orientation RF
[M::mem_pestat] skip orientation RR
[M::mem_process_seqs] Processed 2796704 reads in 3750.341 CPU sec, 110.092 real sec
[M::process] read 2795858 sequences (400000105 bp)...
[M::mem_pestat] # candidate unique pairs for (FF, FR, RF, RR): (12, 779296, 89, 6)
[M::mem_pestat] analyzing insert size distribution for orientation FF...
[M::mem_pestat] (25, 50, 75) percentile: (372, 1337, 3393)
[M::mem_pestat] low and high boundaries for computing mean and std.dev: (1, 9435)
[M::mem_pestat] mean and std.dev: (1905.50, 2097.60)
[M::mem_pestat] low and high boundaries for proper pairs: (1, 12456)
[M::mem_pestat] analyzing insert size distribution for orientation FR...
[M::mem_pestat] (25, 50, 75) percentile: (191, 250, 328)
[M::mem_pestat] low and high boundaries for computing mean and std.dev: (1, 602)
[M::mem_pestat] mean and std.dev: (263.89, 96.43)
[M::mem_pestat] low and high boundaries for proper pairs: (1, 739)
[M::mem_pestat] analyzing insert size distribution for orientation RF...
[M::mem_pestat] (25, 50, 75) percentile: (169, 224, 1178)
[M::mem_pestat] low and high boundaries for computing mean and std.dev: (1, 3196)
[M::mem_pestat] mean and std.dev: (524.21, 686.85)
[M::mem_pestat] low and high boundaries for proper pairs: (1, 4205)
[M::mem_pestat] skip orientation RR as there are not enough pairs
[M::mem_pestat] skip orientation FF
[M::mem_pestat] skip orientation RF
[M::mem_process_seqs] Processed 2798820 reads in 3693.478 CPU sec, 112.131 real sec
[M::process] read 2813392 sequences (400000247 bp)...
[M::mem_pestat] # candidate unique pairs for (FF, FR, RF, RR): (20, 779266, 122, 12)
[M::mem_pestat] analyzing insert size distribution for orientation FF...
[M::mem_pestat] (25, 50, 75) percentile: (256, 514, 2546)
[M::mem_pestat] low and high boundaries for computing mean and std.dev: (1, 7126)
[M::mem_pestat] mean and std.dev: (694.82, 785.73)
[M::mem_pestat] low and high boundaries for proper pairs: (1, 9416)
[M::mem_pestat] analyzing insert size distribution for orientation FR...
[M::mem_pestat] (25, 50, 75) percentile: (191, 250, 327)
[M::mem_pestat] low and high boundaries for computing mean and std.dev: (1, 599)
[M::mem_pestat] mean and std.dev: (263.66, 95.76)
[M::mem_pestat] low and high boundaries for proper pairs: (1, 735)
[M::mem_pestat] analyzing insert size distribution for orientation RF...
[M::mem_pestat] (25, 50, 75) percentile: (175, 225, 1626)
[M::mem_pestat] low and high boundaries for computing mean and std.dev: (1, 4528)
[M::mem_pestat] mean and std.dev: (927.24, 1223.43)
[M::mem_pestat] low and high boundaries for proper pairs: (1, 5979)
[M::mem_pestat] analyzing insert size distribution for orientation RR...
[M::mem_pestat] (25, 50, 75) percentile: (428, 632, 3455)
[M::mem_pestat] low and high boundaries for computing mean and std.dev: (1, 9509)
[M::mem_pestat] mean and std.dev: (1779.08, 1943.04)
[M::mem_pestat] low and high boundaries for proper pairs: (1, 12536)
[M::mem_pestat] skip orientation FF
[M::mem_pestat] skip orientation RF
[M::mem_pestat] skip orientation RR
[M::mem_process_seqs] Processed 2795858 reads in 3705.242 CPU sec, 112.335 real sec
[M::process] read 2815666 sequences (400000193 bp)...
[M::mem_pestat] # candidate unique pairs for (FF, FR, RF, RR): (11, 779525, 112, 9)
[M::mem_pestat] analyzing insert size distribution for orientation FF...
[M::mem_pestat] (25, 50, 75) percentile: (484, 1531, 3214)
[M::mem_pestat] low and high boundaries for computing mean and std.dev: (1, 8674)
[M::mem_pestat] mean and std.dev: (2133.09, 2005.78)
[M::mem_pestat] low and high boundaries for proper pairs: (1, 11404)
[M::mem_pestat] analyzing insert size distribution for orientation FR...
[M::mem_pestat] (25, 50, 75) percentile: (191, 249, 327)
[M::mem_pestat] low and high boundaries for computing mean and std.dev: (1, 599)
[M::mem_pestat] mean and std.dev: (263.36, 96.13)
[M::mem_pestat] low and high boundaries for proper pairs: (1, 735)
[M::mem_pestat] analyzing insert size distribution for orientation RF...
[M::mem_pestat] (25, 50, 75) percentile: (160, 327, 1565)
[M::mem_pestat] low and high boundaries for computing mean and std.dev: (1, 4375)
[M::mem_pestat] mean and std.dev: (824.02, 1112.40)
[M::mem_pestat] low and high boundaries for proper pairs: (1, 5780)
[M::mem_pestat] skip orientation RR as there are not enough pairs
[M::mem_pestat] skip orientation FF
[M::mem_pestat] skip orientation RF
[M::mem_process_seqs] Processed 2813392 reads in 3746.896 CPU sec, 113.013 real sec
[M::process] read 1140616 sequences (162601314 bp)...
[M::mem_pestat] # candidate unique pairs for (FF, FR, RF, RR): (10, 779582, 93, 12)
[M::mem_pestat] analyzing insert size distribution for orientation FF...
[M::mem_pestat] (25, 50, 75) percentile: (294, 1670, 1917)
[M::mem_pestat] low and high boundaries for computing mean and std.dev: (1, 5163)
[M::mem_pestat] mean and std.dev: (1556.90, 1522.40)
[M::mem_pestat] low and high boundaries for proper pairs: (1, 7646)
[M::mem_pestat] analyzing insert size distribution for orientation FR...
[M::mem_pestat] (25, 50, 75) percentile: (190, 247, 325)
[M::mem_pestat] low and high boundaries for computing mean and std.dev: (1, 595)
[M::mem_pestat] mean and std.dev: (261.65, 95.58)
[M::mem_pestat] low and high boundaries for proper pairs: (1, 730)
[M::mem_pestat] analyzing insert size distribution for orientation RF...
[M::mem_pestat] (25, 50, 75) percentile: (154, 226, 1237)
[M::mem_pestat] low and high boundaries for computing mean and std.dev: (1, 3403)
[M::mem_pestat] mean and std.dev: (591.73, 777.95)
[M::mem_pestat] low and high boundaries for proper pairs: (1, 4486)
[M::mem_pestat] analyzing insert size distribution for orientation RR...
[M::mem_pestat] (25, 50, 75) percentile: (395, 5955, 6245)
[M::mem_pestat] low and high boundaries for computing mean and std.dev: (1, 17945)
[M::mem_pestat] mean and std.dev: (3800.67, 3073.47)
[M::mem_pestat] low and high boundaries for proper pairs: (1, 23795)
[M::mem_pestat] skip orientation FF
[M::mem_pestat] skip orientation RF
[M::mem_pestat] skip orientation RR
[M::mem_process_seqs] Processed 2815666 reads in 3770.469 CPU sec, 114.796 real sec
[M::mem_pestat] # candidate unique pairs for (FF, FR, RF, RR): (4, 317043, 56, 4)
[M::mem_pestat] skip orientation FF as there are not enough pairs
[M::mem_pestat] analyzing insert size distribution for orientation FR...
[M::mem_pestat] (25, 50, 75) percentile: (191, 249, 328)
[M::mem_pestat] low and high boundaries for computing mean and std.dev: (1, 602)
[M::mem_pestat] mean and std.dev: (263.68, 96.64)
[M::mem_pestat] low and high boundaries for proper pairs: (1, 739)
[M::mem_pestat] analyzing insert size distribution for orientation RF...
[M::mem_pestat] (25, 50, 75) percentile: (223, 225, 882)
[M::mem_pestat] low and high boundaries for computing mean and std.dev: (1, 2200)
[M::mem_pestat] mean and std.dev: (423.44, 434.08)
[M::mem_pestat] low and high boundaries for proper pairs: (1, 2859)
[M::mem_pestat] skip orientation RR as there are not enough pairs
[M::mem_pestat] skip orientation RF
[M::mem_process_seqs] Processed 1140616 reads in 1558.591 CPU sec, 49.385 real sec
[main] Version: 0.7.17-r1188
[main] CMD: /home/shared/bwa-0.7.17/bwa mem -M -t 40 ../data/bwa-GCF_031168955.1_ASM3116895v1_genomic ../data/trimmed-fastqs-heatwave-genetics/MHW156_trimmed_clipped_R1_paired.fq.gz ../data/trimmed-fastqs-heatwave-genetics/MHW156_trimmed_clipped_R2_paired.fq.gz
[main] Real time: 3552.812 sec; CPU: 117342.772 sec
