[M::bwa_idx_load_from_disk] read 0 ALT contigs
[M::process] read 2812418 sequences (400000286 bp)...
[M::process] read 2807994 sequences (400000247 bp)...
[M::mem_pestat] # candidate unique pairs for (FF, FR, RF, RR): (9, 760509, 106, 12)
[M::mem_pestat] skip orientation FF as there are not enough pairs
[M::mem_pestat] analyzing insert size distribution for orientation FR...
[M::mem_pestat] (25, 50, 75) percentile: (185, 230, 297)
[M::mem_pestat] low and high boundaries for computing mean and std.dev: (1, 521)
[M::mem_pestat] mean and std.dev: (243.82, 82.16)
[M::mem_pestat] low and high boundaries for proper pairs: (1, 633)
[M::mem_pestat] analyzing insert size distribution for orientation RF...
[M::mem_pestat] (25, 50, 75) percentile: (133, 227, 1239)
[M::mem_pestat] low and high boundaries for computing mean and std.dev: (1, 3451)
[M::mem_pestat] mean and std.dev: (536.35, 676.71)
[M::mem_pestat] low and high boundaries for proper pairs: (1, 4557)
[M::mem_pestat] analyzing insert size distribution for orientation RR...
[M::mem_pestat] (25, 50, 75) percentile: (189, 293, 3392)
[M::mem_pestat] low and high boundaries for computing mean and std.dev: (1, 9798)
[M::mem_pestat] mean and std.dev: (1512.50, 1637.01)
[M::mem_pestat] low and high boundaries for proper pairs: (1, 13001)
[M::mem_pestat] skip orientation RF
[M::mem_pestat] skip orientation RR
[M::mem_process_seqs] Processed 2812418 reads in 2844.016 CPU sec, 71.335 real sec
[M::process] read 2802912 sequences (400000250 bp)...
[M::mem_pestat] # candidate unique pairs for (FF, FR, RF, RR): (10, 758097, 106, 10)
[M::mem_pestat] analyzing insert size distribution for orientation FF...
[M::mem_pestat] (25, 50, 75) percentile: (153, 1248, 2486)
[M::mem_pestat] low and high boundaries for computing mean and std.dev: (1, 7152)
[M::mem_pestat] mean and std.dev: (1481.90, 1202.36)
[M::mem_pestat] low and high boundaries for proper pairs: (1, 9485)
[M::mem_pestat] analyzing insert size distribution for orientation FR...
[M::mem_pestat] (25, 50, 75) percentile: (189, 238, 308)
[M::mem_pestat] low and high boundaries for computing mean and std.dev: (1, 546)
[M::mem_pestat] mean and std.dev: (251.47, 85.24)
[M::mem_pestat] low and high boundaries for proper pairs: (1, 665)
[M::mem_pestat] analyzing insert size distribution for orientation RF...
[M::mem_pestat] (25, 50, 75) percentile: (223, 905, 1453)
[M::mem_pestat] low and high boundaries for computing mean and std.dev: (1, 3913)
[M::mem_pestat] mean and std.dev: (844.84, 844.13)
[M::mem_pestat] low and high boundaries for proper pairs: (1, 5143)
[M::mem_pestat] analyzing insert size distribution for orientation RR...
[M::mem_pestat] (25, 50, 75) percentile: (201, 253, 327)
[M::mem_pestat] low and high boundaries for computing mean and std.dev: (1, 579)
[M::mem_pestat] mean and std.dev: (220.25, 75.84)
[M::mem_pestat] low and high boundaries for proper pairs: (1, 705)
[M::mem_pestat] skip orientation FF
[M::mem_pestat] skip orientation RF
[M::mem_pestat] skip orientation RR
[M::mem_process_seqs] Processed 2807994 reads in 2975.376 CPU sec, 74.642 real sec
[M::process] read 2809258 sequences (400000029 bp)...
[M::mem_pestat] # candidate unique pairs for (FF, FR, RF, RR): (16, 759560, 102, 8)
[M::mem_pestat] analyzing insert size distribution for orientation FF...
[M::mem_pestat] (25, 50, 75) percentile: (166, 438, 3785)
[M::mem_pestat] low and high boundaries for computing mean and std.dev: (1, 11023)
[M::mem_pestat] mean and std.dev: (1902.44, 2887.09)
[M::mem_pestat] low and high boundaries for proper pairs: (1, 14642)
[M::mem_pestat] analyzing insert size distribution for orientation FR...
[M::mem_pestat] (25, 50, 75) percentile: (189, 237, 307)
[M::mem_pestat] low and high boundaries for computing mean and std.dev: (1, 543)
[M::mem_pestat] mean and std.dev: (251.11, 85.10)
[M::mem_pestat] low and high boundaries for proper pairs: (1, 661)
[M::mem_pestat] analyzing insert size distribution for orientation RF...
[M::mem_pestat] (25, 50, 75) percentile: (132, 224, 1463)
[M::mem_pestat] low and high boundaries for computing mean and std.dev: (1, 4125)
[M::mem_pestat] mean and std.dev: (640.54, 997.42)
[M::mem_pestat] low and high boundaries for proper pairs: (1, 5456)
[M::mem_pestat] skip orientation RR as there are not enough pairs
[M::mem_pestat] skip orientation FF
[M::mem_pestat] skip orientation RF
[M::mem_process_seqs] Processed 2802912 reads in 2977.525 CPU sec, 74.698 real sec
[M::process] read 2805010 sequences (400000171 bp)...
[M::mem_pestat] # candidate unique pairs for (FF, FR, RF, RR): (16, 761168, 127, 14)
[M::mem_pestat] analyzing insert size distribution for orientation FF...
[M::mem_pestat] (25, 50, 75) percentile: (170, 222, 1703)
[M::mem_pestat] low and high boundaries for computing mean and std.dev: (1, 4769)
[M::mem_pestat] mean and std.dev: (474.79, 725.90)
[M::mem_pestat] low and high boundaries for proper pairs: (1, 6302)
[M::mem_pestat] analyzing insert size distribution for orientation FR...
[M::mem_pestat] (25, 50, 75) percentile: (186, 233, 302)
[M::mem_pestat] low and high boundaries for computing mean and std.dev: (1, 534)
[M::mem_pestat] mean and std.dev: (247.24, 83.80)
[M::mem_pestat] low and high boundaries for proper pairs: (1, 650)
[M::mem_pestat] analyzing insert size distribution for orientation RF...
[M::mem_pestat] (25, 50, 75) percentile: (223, 325, 1248)
[M::mem_pestat] low and high boundaries for computing mean and std.dev: (1, 3298)
[M::mem_pestat] mean and std.dev: (609.95, 690.49)
[M::mem_pestat] low and high boundaries for proper pairs: (1, 4323)
[M::mem_pestat] analyzing insert size distribution for orientation RR...
[M::mem_pestat] (25, 50, 75) percentile: (156, 274, 480)
[M::mem_pestat] low and high boundaries for computing mean and std.dev: (1, 1128)
[M::mem_pestat] mean and std.dev: (294.25, 220.63)
[M::mem_pestat] low and high boundaries for proper pairs: (1, 1452)
[M::mem_pestat] skip orientation FF
[M::mem_pestat] skip orientation RF
[M::mem_pestat] skip orientation RR
[M::mem_process_seqs] Processed 2809258 reads in 2963.803 CPU sec, 74.591 real sec
[M::process] read 2803622 sequences (400000087 bp)...
[M::mem_pestat] # candidate unique pairs for (FF, FR, RF, RR): (10, 757161, 98, 12)
[M::mem_pestat] analyzing insert size distribution for orientation FF...
[M::mem_pestat] (25, 50, 75) percentile: (222, 1534, 3817)
[M::mem_pestat] low and high boundaries for computing mean and std.dev: (1, 11007)
[M::mem_pestat] mean and std.dev: (2357.60, 2607.57)
[M::mem_pestat] low and high boundaries for proper pairs: (1, 14602)
[M::mem_pestat] analyzing insert size distribution for orientation FR...
[M::mem_pestat] (25, 50, 75) percentile: (191, 242, 314)
[M::mem_pestat] low and high boundaries for computing mean and std.dev: (1, 560)
[M::mem_pestat] mean and std.dev: (255.64, 86.84)
[M::mem_pestat] low and high boundaries for proper pairs: (1, 683)
[M::mem_pestat] analyzing insert size distribution for orientation RF...
[M::mem_pestat] (25, 50, 75) percentile: (132, 276, 1154)
[M::mem_pestat] low and high boundaries for computing mean and std.dev: (1, 3198)
[M::mem_pestat] mean and std.dev: (657.91, 786.70)
[M::mem_pestat] low and high boundaries for proper pairs: (1, 4220)
[M::mem_pestat] analyzing insert size distribution for orientation RR...
[M::mem_pestat] (25, 50, 75) percentile: (187, 293, 2930)
[M::mem_pestat] low and high boundaries for computing mean and std.dev: (1, 8416)
[M::mem_pestat] mean and std.dev: (935.58, 1236.50)
[M::mem_pestat] low and high boundaries for proper pairs: (1, 11159)
[M::mem_pestat] skip orientation FF
[M::mem_pestat] skip orientation RF
[M::mem_pestat] skip orientation RR
[M::mem_process_seqs] Processed 2805010 reads in 3016.398 CPU sec, 75.467 real sec
[M::process] read 2815064 sequences (400000007 bp)...
[M::mem_pestat] # candidate unique pairs for (FF, FR, RF, RR): (13, 761018, 99, 16)
[M::mem_pestat] analyzing insert size distribution for orientation FF...
[M::mem_pestat] (25, 50, 75) percentile: (167, 832, 2626)
[M::mem_pestat] low and high boundaries for computing mean and std.dev: (1, 7544)
[M::mem_pestat] mean and std.dev: (1702.38, 1765.35)
[M::mem_pestat] low and high boundaries for proper pairs: (1, 10003)
[M::mem_pestat] analyzing insert size distribution for orientation FR...
[M::mem_pestat] (25, 50, 75) percentile: (186, 233, 301)
[M::mem_pestat] low and high boundaries for computing mean and std.dev: (1, 531)
[M::mem_pestat] mean and std.dev: (246.44, 83.58)
[M::mem_pestat] low and high boundaries for proper pairs: (1, 646)
[M::mem_pestat] analyzing insert size distribution for orientation RF...
[M::mem_pestat] (25, 50, 75) percentile: (138, 225, 1201)
[M::mem_pestat] low and high boundaries for computing mean and std.dev: (1, 3327)
[M::mem_pestat] mean and std.dev: (544.42, 748.24)
[M::mem_pestat] low and high boundaries for proper pairs: (1, 4390)
[M::mem_pestat] analyzing insert size distribution for orientation RR...
[M::mem_pestat] (25, 50, 75) percentile: (125, 188, 461)
[M::mem_pestat] low and high boundaries for computing mean and std.dev: (1, 1133)
[M::mem_pestat] mean and std.dev: (219.93, 135.17)
[M::mem_pestat] low and high boundaries for proper pairs: (1, 1469)
[M::mem_pestat] skip orientation FF
[M::mem_pestat] skip orientation RF
[M::mem_pestat] skip orientation RR
[M::mem_process_seqs] Processed 2803622 reads in 2964.569 CPU sec, 74.362 real sec
[M::process] read 2821864 sequences (400000104 bp)...
[M::mem_pestat] # candidate unique pairs for (FF, FR, RF, RR): (15, 755950, 91, 12)
[M::mem_pestat] analyzing insert size distribution for orientation FF...
[M::mem_pestat] (25, 50, 75) percentile: (120, 824, 2725)
[M::mem_pestat] low and high boundaries for computing mean and std.dev: (1, 7935)
[M::mem_pestat] mean and std.dev: (1619.13, 1753.48)
[M::mem_pestat] low and high boundaries for proper pairs: (1, 10540)
[M::mem_pestat] analyzing insert size distribution for orientation FR...
[M::mem_pestat] (25, 50, 75) percentile: (191, 241, 312)
[M::mem_pestat] low and high boundaries for computing mean and std.dev: (1, 554)
[M::mem_pestat] mean and std.dev: (254.37, 86.23)
[M::mem_pestat] low and high boundaries for proper pairs: (1, 675)
[M::mem_pestat] analyzing insert size distribution for orientation RF...
[M::mem_pestat] (25, 50, 75) percentile: (135, 223, 1334)
[M::mem_pestat] low and high boundaries for computing mean and std.dev: (1, 3732)
[M::mem_pestat] mean and std.dev: (580.10, 774.46)
[M::mem_pestat] low and high boundaries for proper pairs: (1, 4931)
[M::mem_pestat] analyzing insert size distribution for orientation RR...
[M::mem_pestat] (25, 50, 75) percentile: (170, 231, 375)
[M::mem_pestat] low and high boundaries for computing mean and std.dev: (1, 785)
[M::mem_pestat] mean and std.dev: (204.80, 87.86)
[M::mem_pestat] low and high boundaries for proper pairs: (1, 990)
[M::mem_pestat] skip orientation FF
[M::mem_pestat] skip orientation RF
[M::mem_pestat] skip orientation RR
[M::mem_process_seqs] Processed 2815064 reads in 3022.503 CPU sec, 75.999 real sec
[M::process] read 2830180 sequences (400000105 bp)...
[M::mem_pestat] # candidate unique pairs for (FF, FR, RF, RR): (10, 755767, 96, 20)
[M::mem_pestat] analyzing insert size distribution for orientation FF...
[M::mem_pestat] (25, 50, 75) percentile: (201, 2135, 3172)
[M::mem_pestat] low and high boundaries for computing mean and std.dev: (1, 9114)
[M::mem_pestat] mean and std.dev: (1846.20, 1887.99)
[M::mem_pestat] low and high boundaries for proper pairs: (1, 12085)
[M::mem_pestat] analyzing insert size distribution for orientation FR...
[M::mem_pestat] (25, 50, 75) percentile: (191, 241, 313)
[M::mem_pestat] low and high boundaries for computing mean and std.dev: (1, 557)
[M::mem_pestat] mean and std.dev: (255.07, 86.88)
[M::mem_pestat] low and high boundaries for proper pairs: (1, 679)
[M::mem_pestat] analyzing insert size distribution for orientation RF...
[M::mem_pestat] (25, 50, 75) percentile: (128, 230, 1217)
[M::mem_pestat] low and high boundaries for computing mean and std.dev: (1, 3395)
[M::mem_pestat] mean and std.dev: (547.35, 698.09)
[M::mem_pestat] low and high boundaries for proper pairs: (1, 4484)
[M::mem_pestat] analyzing insert size distribution for orientation RR...
[M::mem_pestat] (25, 50, 75) percentile: (173, 1575, 3145)
[M::mem_pestat] low and high boundaries for computing mean and std.dev: (1, 9089)
[M::mem_pestat] mean and std.dev: (2097.25, 2204.76)
[M::mem_pestat] low and high boundaries for proper pairs: (1, 12061)
[M::mem_pestat] skip orientation FF
[M::mem_pestat] skip orientation RF
[M::mem_pestat] skip orientation RR
[M::mem_process_seqs] Processed 2821864 reads in 3006.455 CPU sec, 75.176 real sec
[M::process] read 2828636 sequences (400000034 bp)...
[M::mem_pestat] # candidate unique pairs for (FF, FR, RF, RR): (8, 755692, 119, 13)
[M::mem_pestat] skip orientation FF as there are not enough pairs
[M::mem_pestat] analyzing insert size distribution for orientation FR...
[M::mem_pestat] (25, 50, 75) percentile: (190, 239, 311)
[M::mem_pestat] low and high boundaries for computing mean and std.dev: (1, 553)
[M::mem_pestat] mean and std.dev: (253.39, 86.25)
[M::mem_pestat] low and high boundaries for proper pairs: (1, 674)
[M::mem_pestat] analyzing insert size distribution for orientation RF...
[M::mem_pestat] (25, 50, 75) percentile: (173, 436, 2014)
[M::mem_pestat] low and high boundaries for computing mean and std.dev: (1, 5696)
[M::mem_pestat] mean and std.dev: (905.86, 1175.49)
[M::mem_pestat] low and high boundaries for proper pairs: (1, 7537)
[M::mem_pestat] analyzing insert size distribution for orientation RR...
[M::mem_pestat] (25, 50, 75) percentile: (237, 890, 4287)
[M::mem_pestat] low and high boundaries for computing mean and std.dev: (1, 12387)
[M::mem_pestat] mean and std.dev: (1957.38, 1895.38)
[M::mem_pestat] low and high boundaries for proper pairs: (1, 16437)
[M::mem_pestat] skip orientation RF
[M::mem_pestat] skip orientation RR
[M::mem_process_seqs] Processed 2830180 reads in 3022.356 CPU sec, 75.809 real sec
[M::process] read 2831194 sequences (400000067 bp)...
[M::mem_pestat] # candidate unique pairs for (FF, FR, RF, RR): (14, 756872, 117, 15)
[M::mem_pestat] analyzing insert size distribution for orientation FF...
[M::mem_pestat] (25, 50, 75) percentile: (100, 238, 1709)
[M::mem_pestat] low and high boundaries for computing mean and std.dev: (1, 4927)
[M::mem_pestat] mean and std.dev: (781.00, 1013.19)
[M::mem_pestat] low and high boundaries for proper pairs: (1, 6536)
[M::mem_pestat] analyzing insert size distribution for orientation FR...
[M::mem_pestat] (25, 50, 75) percentile: (192, 242, 315)
[M::mem_pestat] low and high boundaries for computing mean and std.dev: (1, 561)
[M::mem_pestat] mean and std.dev: (256.08, 87.43)
[M::mem_pestat] low and high boundaries for proper pairs: (1, 684)
[M::mem_pestat] analyzing insert size distribution for orientation RF...
[M::mem_pestat] (25, 50, 75) percentile: (155, 382, 1362)
[M::mem_pestat] low and high boundaries for computing mean and std.dev: (1, 3776)
[M::mem_pestat] mean and std.dev: (687.52, 771.55)
[M::mem_pestat] low and high boundaries for proper pairs: (1, 4983)
[M::mem_pestat] analyzing insert size distribution for orientation RR...
[M::mem_pestat] (25, 50, 75) percentile: (209, 256, 591)
[M::mem_pestat] low and high boundaries for computing mean and std.dev: (1, 1355)
[M::mem_pestat] mean and std.dev: (257.25, 127.16)
[M::mem_pestat] low and high boundaries for proper pairs: (1, 1737)
[M::mem_pestat] skip orientation FF
[M::mem_pestat] skip orientation RF
[M::mem_pestat] skip orientation RR
[M::mem_process_seqs] Processed 2828636 reads in 3043.787 CPU sec, 76.512 real sec
[M::process] read 2828752 sequences (400000160 bp)...
[M::mem_pestat] # candidate unique pairs for (FF, FR, RF, RR): (9, 755053, 124, 7)
[M::mem_pestat] skip orientation FF as there are not enough pairs
[M::mem_pestat] analyzing insert size distribution for orientation FR...
[M::mem_pestat] (25, 50, 75) percentile: (190, 240, 312)
[M::mem_pestat] low and high boundaries for computing mean and std.dev: (1, 556)
[M::mem_pestat] mean and std.dev: (254.24, 86.63)
[M::mem_pestat] low and high boundaries for proper pairs: (1, 678)
[M::mem_pestat] analyzing insert size distribution for orientation RF...
[M::mem_pestat] (25, 50, 75) percentile: (171, 345, 1637)
[M::mem_pestat] low and high boundaries for computing mean and std.dev: (1, 4569)
[M::mem_pestat] mean and std.dev: (785.43, 949.29)
[M::mem_pestat] low and high boundaries for proper pairs: (1, 6035)
[M::mem_pestat] skip orientation RR as there are not enough pairs
[M::mem_pestat] skip orientation RF
[M::mem_process_seqs] Processed 2831194 reads in 3126.725 CPU sec, 78.199 real sec
[M::process] read 2811582 sequences (400000162 bp)...
[M::mem_pestat] # candidate unique pairs for (FF, FR, RF, RR): (7, 758017, 99, 10)
[M::mem_pestat] skip orientation FF as there are not enough pairs
[M::mem_pestat] analyzing insert size distribution for orientation FR...
[M::mem_pestat] (25, 50, 75) percentile: (191, 241, 313)
[M::mem_pestat] low and high boundaries for computing mean and std.dev: (1, 557)
[M::mem_pestat] mean and std.dev: (255.07, 87.00)
[M::mem_pestat] low and high boundaries for proper pairs: (1, 679)
[M::mem_pestat] analyzing insert size distribution for orientation RF...
[M::mem_pestat] (25, 50, 75) percentile: (132, 260, 1280)
[M::mem_pestat] low and high boundaries for computing mean and std.dev: (1, 3576)
[M::mem_pestat] mean and std.dev: (600.49, 748.36)
[M::mem_pestat] low and high boundaries for proper pairs: (1, 4724)
[M::mem_pestat] analyzing insert size distribution for orientation RR...
[M::mem_pestat] (25, 50, 75) percentile: (183, 330, 2690)
[M::mem_pestat] low and high boundaries for computing mean and std.dev: (1, 7704)
[M::mem_pestat] mean and std.dev: (834.50, 1057.31)
[M::mem_pestat] low and high boundaries for proper pairs: (1, 10211)
[M::mem_pestat] skip orientation RF
[M::mem_pestat] skip orientation RR
[M::mem_process_seqs] Processed 2828752 reads in 3071.354 CPU sec, 77.021 real sec
[M::process] read 2809734 sequences (400000128 bp)...
[M::mem_pestat] # candidate unique pairs for (FF, FR, RF, RR): (8, 756627, 120, 10)
[M::mem_pestat] skip orientation FF as there are not enough pairs
[M::mem_pestat] analyzing insert size distribution for orientation FR...
[M::mem_pestat] (25, 50, 75) percentile: (192, 242, 314)
[M::mem_pestat] low and high boundaries for computing mean and std.dev: (1, 558)
[M::mem_pestat] mean and std.dev: (255.81, 86.88)
[M::mem_pestat] low and high boundaries for proper pairs: (1, 680)
[M::mem_pestat] analyzing insert size distribution for orientation RF...
[M::mem_pestat] (25, 50, 75) percentile: (137, 226, 1288)
[M::mem_pestat] low and high boundaries for computing mean and std.dev: (1, 3590)
[M::mem_pestat] mean and std.dev: (612.58, 815.71)
[M::mem_pestat] low and high boundaries for proper pairs: (1, 4741)
[M::mem_pestat] analyzing insert size distribution for orientation RR...
[M::mem_pestat] (25, 50, 75) percentile: (222, 4394, 4432)
[M::mem_pestat] low and high boundaries for computing mean and std.dev: (1, 12852)
[M::mem_pestat] mean and std.dev: (3166.00, 2968.09)
[M::mem_pestat] low and high boundaries for proper pairs: (1, 17062)
[M::mem_pestat] skip orientation RF
[M::mem_pestat] skip orientation RR
[M::mem_process_seqs] Processed 2811582 reads in 3047.900 CPU sec, 76.603 real sec
[M::process] read 2802854 sequences (400000170 bp)...
[M::mem_pestat] # candidate unique pairs for (FF, FR, RF, RR): (11, 759616, 94, 13)
[M::mem_pestat] analyzing insert size distribution for orientation FF...
[M::mem_pestat] (25, 50, 75) percentile: (170, 374, 2896)
[M::mem_pestat] low and high boundaries for computing mean and std.dev: (1, 8348)
[M::mem_pestat] mean and std.dev: (1512.18, 1619.43)
[M::mem_pestat] low and high boundaries for proper pairs: (1, 11074)
[M::mem_pestat] analyzing insert size distribution for orientation FR...
[M::mem_pestat] (25, 50, 75) percentile: (186, 233, 302)
[M::mem_pestat] low and high boundaries for computing mean and std.dev: (1, 534)
[M::mem_pestat] mean and std.dev: (247.22, 84.12)
[M::mem_pestat] low and high boundaries for proper pairs: (1, 650)
[M::mem_pestat] analyzing insert size distribution for orientation RF...
[M::mem_pestat] (25, 50, 75) percentile: (112, 225, 1190)
[M::mem_pestat] low and high boundaries for computing mean and std.dev: (1, 3346)
[M::mem_pestat] mean and std.dev: (549.44, 684.48)
[M::mem_pestat] low and high boundaries for proper pairs: (1, 4424)
[M::mem_pestat] analyzing insert size distribution for orientation RR...
[M::mem_pestat] (25, 50, 75) percentile: (214, 739, 2942)
[M::mem_pestat] low and high boundaries for computing mean and std.dev: (1, 8398)
[M::mem_pestat] mean and std.dev: (1307.25, 1314.00)
[M::mem_pestat] low and high boundaries for proper pairs: (1, 11126)
[M::mem_pestat] skip orientation FF
[M::mem_pestat] skip orientation RF
[M::mem_pestat] skip orientation RR
[M::mem_process_seqs] Processed 2809734 reads in 2990.209 CPU sec, 74.784 real sec
[M::process] read 2805890 sequences (400000205 bp)...
[M::mem_pestat] # candidate unique pairs for (FF, FR, RF, RR): (8, 755815, 126, 10)
[M::mem_pestat] skip orientation FF as there are not enough pairs
[M::mem_pestat] analyzing insert size distribution for orientation FR...
[M::mem_pestat] (25, 50, 75) percentile: (191, 241, 313)
[M::mem_pestat] low and high boundaries for computing mean and std.dev: (1, 557)
[M::mem_pestat] mean and std.dev: (254.57, 86.45)
[M::mem_pestat] low and high boundaries for proper pairs: (1, 679)
[M::mem_pestat] analyzing insert size distribution for orientation RF...
[M::mem_pestat] (25, 50, 75) percentile: (140, 367, 2473)
[M::mem_pestat] low and high boundaries for computing mean and std.dev: (1, 7139)
[M::mem_pestat] mean and std.dev: (1362.95, 1770.13)
[M::mem_pestat] low and high boundaries for proper pairs: (1, 9472)
[M::mem_pestat] analyzing insert size distribution for orientation RR...
[M::mem_pestat] (25, 50, 75) percentile: (315, 1518, 2024)
[M::mem_pestat] low and high boundaries for computing mean and std.dev: (1, 5442)
[M::mem_pestat] mean and std.dev: (1420.60, 1265.01)
[M::mem_pestat] low and high boundaries for proper pairs: (1, 7151)
[M::mem_pestat] skip orientation RF
[M::mem_pestat] skip orientation RR
[M::mem_process_seqs] Processed 2802854 reads in 3020.974 CPU sec, 75.745 real sec
[M::process] read 2807558 sequences (400000208 bp)...
[M::mem_pestat] # candidate unique pairs for (FF, FR, RF, RR): (18, 758936, 105, 17)
[M::mem_pestat] analyzing insert size distribution for orientation FF...
[M::mem_pestat] (25, 50, 75) percentile: (193, 2041, 2749)
[M::mem_pestat] low and high boundaries for computing mean and std.dev: (1, 7861)
[M::mem_pestat] mean and std.dev: (1632.31, 1802.28)
[M::mem_pestat] low and high boundaries for proper pairs: (1, 10417)
[M::mem_pestat] analyzing insert size distribution for orientation FR...
[M::mem_pestat] (25, 50, 75) percentile: (187, 235, 305)
[M::mem_pestat] low and high boundaries for computing mean and std.dev: (1, 541)
[M::mem_pestat] mean and std.dev: (248.99, 84.59)
[M::mem_pestat] low and high boundaries for proper pairs: (1, 659)
[M::mem_pestat] analyzing insert size distribution for orientation RF...
[M::mem_pestat] (25, 50, 75) percentile: (176, 296, 1762)
[M::mem_pestat] low and high boundaries for computing mean and std.dev: (1, 4934)
[M::mem_pestat] mean and std.dev: (853.61, 1109.41)
[M::mem_pestat] low and high boundaries for proper pairs: (1, 6520)
[M::mem_pestat] analyzing insert size distribution for orientation RR...
[M::mem_pestat] (25, 50, 75) percentile: (122, 225, 4240)
[M::mem_pestat] low and high boundaries for computing mean and std.dev: (1, 12476)
[M::mem_pestat] mean and std.dev: (2199.65, 3283.06)
[M::mem_pestat] low and high boundaries for proper pairs: (1, 16594)
[M::mem_pestat] skip orientation FF
[M::mem_pestat] skip orientation RF
[M::mem_pestat] skip orientation RR
[M::mem_process_seqs] Processed 2805890 reads in 2990.310 CPU sec, 75.171 real sec
[M::process] read 2803212 sequences (400000204 bp)...
[M::mem_pestat] # candidate unique pairs for (FF, FR, RF, RR): (16, 760029, 103, 11)
[M::mem_pestat] analyzing insert size distribution for orientation FF...
[M::mem_pestat] (25, 50, 75) percentile: (102, 183, 229)
[M::mem_pestat] low and high boundaries for computing mean and std.dev: (1, 483)
[M::mem_pestat] mean and std.dev: (159.36, 63.14)
[M::mem_pestat] low and high boundaries for proper pairs: (1, 610)
[M::mem_pestat] analyzing insert size distribution for orientation FR...
[M::mem_pestat] (25, 50, 75) percentile: (188, 236, 306)
[M::mem_pestat] low and high boundaries for computing mean and std.dev: (1, 542)
[M::mem_pestat] mean and std.dev: (250.16, 84.89)
[M::mem_pestat] low and high boundaries for proper pairs: (1, 660)
[M::mem_pestat] analyzing insert size distribution for orientation RF...
[M::mem_pestat] (25, 50, 75) percentile: (183, 392, 1293)
[M::mem_pestat] low and high boundaries for computing mean and std.dev: (1, 3513)
[M::mem_pestat] mean and std.dev: (670.20, 750.82)
[M::mem_pestat] low and high boundaries for proper pairs: (1, 4623)
[M::mem_pestat] analyzing insert size distribution for orientation RR...
[M::mem_pestat] (25, 50, 75) percentile: (136, 268, 3191)
[M::mem_pestat] low and high boundaries for computing mean and std.dev: (1, 9301)
[M::mem_pestat] mean and std.dev: (862.30, 1381.05)
[M::mem_pestat] low and high boundaries for proper pairs: (1, 12356)
[M::mem_pestat] skip orientation FF
[M::mem_pestat] skip orientation RF
[M::mem_pestat] skip orientation RR
[M::mem_process_seqs] Processed 2807558 reads in 3009.726 CPU sec, 75.508 real sec
[M::process] read 2805474 sequences (400000142 bp)...
[M::mem_pestat] # candidate unique pairs for (FF, FR, RF, RR): (10, 758518, 149, 8)
[M::mem_pestat] analyzing insert size distribution for orientation FF...
[M::mem_pestat] (25, 50, 75) percentile: (127, 2477, 4361)
[M::mem_pestat] low and high boundaries for computing mean and std.dev: (1, 12829)
[M::mem_pestat] mean and std.dev: (2098.90, 2089.04)
[M::mem_pestat] low and high boundaries for proper pairs: (1, 17063)
[M::mem_pestat] analyzing insert size distribution for orientation FR...
[M::mem_pestat] (25, 50, 75) percentile: (191, 240, 311)
[M::mem_pestat] low and high boundaries for computing mean and std.dev: (1, 551)
[M::mem_pestat] mean and std.dev: (253.79, 85.95)
[M::mem_pestat] low and high boundaries for proper pairs: (1, 671)
[M::mem_pestat] analyzing insert size distribution for orientation RF...
[M::mem_pestat] (25, 50, 75) percentile: (126, 236, 1424)
[M::mem_pestat] low and high boundaries for computing mean and std.dev: (1, 4020)
[M::mem_pestat] mean and std.dev: (603.54, 801.02)
[M::mem_pestat] low and high boundaries for proper pairs: (1, 5318)
[M::mem_pestat] skip orientation RR as there are not enough pairs
[M::mem_pestat] skip orientation FF
[M::mem_pestat] skip orientation RF
[M::mem_process_seqs] Processed 2803212 reads in 3282.782 CPU sec, 87.520 real sec
[M::process] read 2808078 sequences (400000257 bp)...
[M::mem_pestat] # candidate unique pairs for (FF, FR, RF, RR): (5, 758710, 108, 14)
[M::mem_pestat] skip orientation FF as there are not enough pairs
[M::mem_pestat] analyzing insert size distribution for orientation FR...
[M::mem_pestat] (25, 50, 75) percentile: (186, 234, 303)
[M::mem_pestat] low and high boundaries for computing mean and std.dev: (1, 537)
[M::mem_pestat] mean and std.dev: (247.76, 84.26)
[M::mem_pestat] low and high boundaries for proper pairs: (1, 654)
[M::mem_pestat] analyzing insert size distribution for orientation RF...
[M::mem_pestat] (25, 50, 75) percentile: (126, 229, 1187)
[M::mem_pestat] low and high boundaries for computing mean and std.dev: (1, 3309)
[M::mem_pestat] mean and std.dev: (638.15, 797.16)
[M::mem_pestat] low and high boundaries for proper pairs: (1, 4370)
[M::mem_pestat] analyzing insert size distribution for orientation RR...
[M::mem_pestat] (25, 50, 75) percentile: (261, 1592, 3814)
[M::mem_pestat] low and high boundaries for computing mean and std.dev: (1, 10920)
[M::mem_pestat] mean and std.dev: (1780.50, 1620.46)
[M::mem_pestat] low and high boundaries for proper pairs: (1, 14473)
[M::mem_pestat] skip orientation RF
[M::mem_pestat] skip orientation RR
[M::mem_process_seqs] Processed 2805474 reads in 2979.395 CPU sec, 74.743 real sec
[M::process] read 2826084 sequences (400000164 bp)...
[M::mem_pestat] # candidate unique pairs for (FF, FR, RF, RR): (14, 756816, 139, 14)
[M::mem_pestat] analyzing insert size distribution for orientation FF...
[M::mem_pestat] (25, 50, 75) percentile: (298, 2624, 4762)
[M::mem_pestat] low and high boundaries for computing mean and std.dev: (1, 13690)
[M::mem_pestat] mean and std.dev: (2384.64, 2048.48)
[M::mem_pestat] low and high boundaries for proper pairs: (1, 18154)
[M::mem_pestat] analyzing insert size distribution for orientation FR...
[M::mem_pestat] (25, 50, 75) percentile: (192, 243, 315)
[M::mem_pestat] low and high boundaries for computing mean and std.dev: (1, 561)
[M::mem_pestat] mean and std.dev: (256.36, 87.09)
[M::mem_pestat] low and high boundaries for proper pairs: (1, 684)
[M::mem_pestat] analyzing insert size distribution for orientation RF...
[M::mem_pestat] (25, 50, 75) percentile: (154, 282, 2031)
[M::mem_pestat] low and high boundaries for computing mean and std.dev: (1, 5785)
[M::mem_pestat] mean and std.dev: (983.20, 1267.18)
[M::mem_pestat] low and high boundaries for proper pairs: (1, 7662)
[M::mem_pestat] analyzing insert size distribution for orientation RR...
[M::mem_pestat] (25, 50, 75) percentile: (147, 385, 2282)
[M::mem_pestat] low and high boundaries for computing mean and std.dev: (1, 6552)
[M::mem_pestat] mean and std.dev: (1027.71, 1178.76)
[M::mem_pestat] low and high boundaries for proper pairs: (1, 8687)
[M::mem_pestat] skip orientation FF
[M::mem_pestat] skip orientation RF
[M::mem_pestat] skip orientation RR
[M::mem_process_seqs] Processed 2808078 reads in 3032.661 CPU sec, 76.298 real sec
[M::process] read 2828072 sequences (400000236 bp)...
[M::mem_pestat] # candidate unique pairs for (FF, FR, RF, RR): (12, 755065, 116, 13)
[M::mem_pestat] analyzing insert size distribution for orientation FF...
[M::mem_pestat] (25, 50, 75) percentile: (283, 1438, 4294)
[M::mem_pestat] low and high boundaries for computing mean and std.dev: (1, 12316)
[M::mem_pestat] mean and std.dev: (1994.17, 2508.99)
[M::mem_pestat] low and high boundaries for proper pairs: (1, 16327)
[M::mem_pestat] analyzing insert size distribution for orientation FR...
[M::mem_pestat] (25, 50, 75) percentile: (191, 242, 314)
[M::mem_pestat] low and high boundaries for computing mean and std.dev: (1, 560)
[M::mem_pestat] mean and std.dev: (255.71, 87.44)
[M::mem_pestat] low and high boundaries for proper pairs: (1, 683)
[M::mem_pestat] analyzing insert size distribution for orientation RF...
[M::mem_pestat] (25, 50, 75) percentile: (174, 356, 1350)
[M::mem_pestat] low and high boundaries for computing mean and std.dev: (1, 3702)
[M::mem_pestat] mean and std.dev: (712.60, 834.86)
[M::mem_pestat] low and high boundaries for proper pairs: (1, 4878)
[M::mem_pestat] analyzing insert size distribution for orientation RR...
[M::mem_pestat] (25, 50, 75) percentile: (174, 314, 2277)
[M::mem_pestat] low and high boundaries for computing mean and std.dev: (1, 6483)
[M::mem_pestat] mean and std.dev: (1248.77, 1530.77)
[M::mem_pestat] low and high boundaries for proper pairs: (1, 8586)
[M::mem_pestat] skip orientation FF
[M::mem_pestat] skip orientation RF
[M::mem_pestat] skip orientation RR
[M::mem_process_seqs] Processed 2826084 reads in 3064.693 CPU sec, 76.821 real sec
[M::process] read 2829390 sequences (400000175 bp)...
[M::mem_pestat] # candidate unique pairs for (FF, FR, RF, RR): (14, 754943, 108, 17)
[M::mem_pestat] analyzing insert size distribution for orientation FF...
[M::mem_pestat] (25, 50, 75) percentile: (651, 3720, 4971)
[M::mem_pestat] low and high boundaries for computing mean and std.dev: (1, 13611)
[M::mem_pestat] mean and std.dev: (3662.07, 2871.35)
[M::mem_pestat] low and high boundaries for proper pairs: (1, 17931)
[M::mem_pestat] analyzing insert size distribution for orientation FR...
[M::mem_pestat] (25, 50, 75) percentile: (191, 241, 314)
[M::mem_pestat] low and high boundaries for computing mean and std.dev: (1, 560)
[M::mem_pestat] mean and std.dev: (255.31, 87.34)
[M::mem_pestat] low and high boundaries for proper pairs: (1, 683)
[M::mem_pestat] analyzing insert size distribution for orientation RF...
[M::mem_pestat] (25, 50, 75) percentile: (223, 498, 2030)
[M::mem_pestat] low and high boundaries for computing mean and std.dev: (1, 5644)
[M::mem_pestat] mean and std.dev: (1053.93, 1194.50)
[M::mem_pestat] low and high boundaries for proper pairs: (1, 7451)
[M::mem_pestat] analyzing insert size distribution for orientation RR...
[M::mem_pestat] (25, 50, 75) percentile: (149, 630, 3673)
[M::mem_pestat] low and high boundaries for computing mean and std.dev: (1, 10721)
[M::mem_pestat] mean and std.dev: (1651.47, 2299.77)
[M::mem_pestat] low and high boundaries for proper pairs: (1, 14245)
[M::mem_pestat] skip orientation FF
[M::mem_pestat] skip orientation RF
[M::mem_pestat] skip orientation RR
[M::mem_process_seqs] Processed 2828072 reads in 3158.908 CPU sec, 78.993 real sec
[M::process] read 2827306 sequences (400000219 bp)...
[M::mem_pestat] # candidate unique pairs for (FF, FR, RF, RR): (14, 757217, 117, 18)
[M::mem_pestat] analyzing insert size distribution for orientation FF...
[M::mem_pestat] (25, 50, 75) percentile: (172, 239, 741)
[M::mem_pestat] low and high boundaries for computing mean and std.dev: (1, 1879)
[M::mem_pestat] mean and std.dev: (297.25, 275.79)
[M::mem_pestat] low and high boundaries for proper pairs: (1, 2448)
[M::mem_pestat] analyzing insert size distribution for orientation FR...
[M::mem_pestat] (25, 50, 75) percentile: (191, 241, 314)
[M::mem_pestat] low and high boundaries for computing mean and std.dev: (1, 560)
[M::mem_pestat] mean and std.dev: (255.36, 87.07)
[M::mem_pestat] low and high boundaries for proper pairs: (1, 683)
[M::mem_pestat] analyzing insert size distribution for orientation RF...
[M::mem_pestat] (25, 50, 75) percentile: (155, 403, 1296)
[M::mem_pestat] low and high boundaries for computing mean and std.dev: (1, 3578)
[M::mem_pestat] mean and std.dev: (673.06, 737.38)
[M::mem_pestat] low and high boundaries for proper pairs: (1, 4719)
[M::mem_pestat] analyzing insert size distribution for orientation RR...
[M::mem_pestat] (25, 50, 75) percentile: (160, 198, 593)
[M::mem_pestat] low and high boundaries for computing mean and std.dev: (1, 1459)
[M::mem_pestat] mean and std.dev: (235.86, 148.62)
[M::mem_pestat] low and high boundaries for proper pairs: (1, 1892)
[M::mem_pestat] skip orientation FF
[M::mem_pestat] skip orientation RF
[M::mem_pestat] skip orientation RR
[M::mem_process_seqs] Processed 2829390 reads in 3122.951 CPU sec, 78.501 real sec
[M::process] read 2832812 sequences (400000048 bp)...
[M::mem_pestat] # candidate unique pairs for (FF, FR, RF, RR): (23, 758053, 119, 13)
[M::mem_pestat] analyzing insert size distribution for orientation FF...
[M::mem_pestat] (25, 50, 75) percentile: (198, 374, 2548)
[M::mem_pestat] low and high boundaries for computing mean and std.dev: (1, 7248)
[M::mem_pestat] mean and std.dev: (899.75, 992.51)
[M::mem_pestat] low and high boundaries for proper pairs: (1, 9598)
[M::mem_pestat] analyzing insert size distribution for orientation FR...
[M::mem_pestat] (25, 50, 75) percentile: (190, 240, 312)
[M::mem_pestat] low and high boundaries for computing mean and std.dev: (1, 556)
[M::mem_pestat] mean and std.dev: (254.29, 86.64)
[M::mem_pestat] low and high boundaries for proper pairs: (1, 678)
[M::mem_pestat] analyzing insert size distribution for orientation RF...
[M::mem_pestat] (25, 50, 75) percentile: (139, 233, 1979)
[M::mem_pestat] low and high boundaries for computing mean and std.dev: (1, 5659)
[M::mem_pestat] mean and std.dev: (758.86, 1050.41)
[M::mem_pestat] low and high boundaries for proper pairs: (1, 7499)
[M::mem_pestat] analyzing insert size distribution for orientation RR...
[M::mem_pestat] (25, 50, 75) percentile: (172, 277, 1598)
[M::mem_pestat] low and high boundaries for computing mean and std.dev: (1, 4450)
[M::mem_pestat] mean and std.dev: (754.17, 1178.35)
[M::mem_pestat] low and high boundaries for proper pairs: (1, 5876)
[M::mem_pestat] skip orientation FF
[M::mem_pestat] skip orientation RF
[M::mem_pestat] skip orientation RR
[M::mem_process_seqs] Processed 2827306 reads in 3591.131 CPU sec, 90.056 real sec
[M::process] read 2817088 sequences (400000081 bp)...
[M::mem_pestat] # candidate unique pairs for (FF, FR, RF, RR): (13, 757504, 124, 7)
[M::mem_pestat] analyzing insert size distribution for orientation FF...
[M::mem_pestat] (25, 50, 75) percentile: (263, 722, 4266)
[M::mem_pestat] low and high boundaries for computing mean and std.dev: (1, 12272)
[M::mem_pestat] mean and std.dev: (1750.85, 1704.82)
[M::mem_pestat] low and high boundaries for proper pairs: (1, 16275)
[M::mem_pestat] analyzing insert size distribution for orientation FR...
[M::mem_pestat] (25, 50, 75) percentile: (191, 241, 314)
[M::mem_pestat] low and high boundaries for computing mean and std.dev: (1, 560)
[M::mem_pestat] mean and std.dev: (255.26, 87.10)
[M::mem_pestat] low and high boundaries for proper pairs: (1, 683)
[M::mem_pestat] analyzing insert size distribution for orientation RF...
[M::mem_pestat] (25, 50, 75) percentile: (144, 336, 1297)
[M::mem_pestat] low and high boundaries for computing mean and std.dev: (1, 3603)
[M::mem_pestat] mean and std.dev: (676.43, 785.66)
[M::mem_pestat] low and high boundaries for proper pairs: (1, 4756)
[M::mem_pestat] skip orientation RR as there are not enough pairs
[M::mem_pestat] skip orientation FF
[M::mem_pestat] skip orientation RF
[M::mem_process_seqs] Processed 2832812 reads in 3165.927 CPU sec, 79.350 real sec
[M::process] read 2800180 sequences (400000217 bp)...
[M::mem_pestat] # candidate unique pairs for (FF, FR, RF, RR): (18, 755531, 108, 11)
[M::mem_pestat] analyzing insert size distribution for orientation FF...
[M::mem_pestat] (25, 50, 75) percentile: (133, 249, 2013)
[M::mem_pestat] low and high boundaries for computing mean and std.dev: (1, 5773)
[M::mem_pestat] mean and std.dev: (924.24, 1401.02)
[M::mem_pestat] low and high boundaries for proper pairs: (1, 7653)
[M::mem_pestat] analyzing insert size distribution for orientation FR...
[M::mem_pestat] (25, 50, 75) percentile: (191, 241, 314)
[M::mem_pestat] low and high boundaries for computing mean and std.dev: (1, 560)
[M::mem_pestat] mean and std.dev: (255.17, 87.19)
[M::mem_pestat] low and high boundaries for proper pairs: (1, 683)
[M::mem_pestat] analyzing insert size distribution for orientation RF...
[M::mem_pestat] (25, 50, 75) percentile: (127, 254, 1322)
[M::mem_pestat] low and high boundaries for computing mean and std.dev: (1, 3712)
[M::mem_pestat] mean and std.dev: (652.68, 834.78)
[M::mem_pestat] low and high boundaries for proper pairs: (1, 4907)
[M::mem_pestat] analyzing insert size distribution for orientation RR...
[M::mem_pestat] (25, 50, 75) percentile: (240, 403, 751)
[M::mem_pestat] low and high boundaries for computing mean and std.dev: (1, 1773)
[M::mem_pestat] mean and std.dev: (356.89, 188.16)
[M::mem_pestat] low and high boundaries for proper pairs: (1, 2284)
[M::mem_pestat] skip orientation FF
[M::mem_pestat] skip orientation RF
[M::mem_pestat] skip orientation RR
[M::mem_process_seqs] Processed 2817088 reads in 3037.900 CPU sec, 76.163 real sec
[M::process] read 2789650 sequences (400000255 bp)...
[M::mem_pestat] # candidate unique pairs for (FF, FR, RF, RR): (13, 755695, 120, 14)
[M::mem_pestat] analyzing insert size distribution for orientation FF...
[M::mem_pestat] (25, 50, 75) percentile: (293, 1654, 2929)
[M::mem_pestat] low and high boundaries for computing mean and std.dev: (1, 8201)
[M::mem_pestat] mean and std.dev: (1490.46, 1304.50)
[M::mem_pestat] low and high boundaries for proper pairs: (1, 10837)
[M::mem_pestat] analyzing insert size distribution for orientation FR...
[M::mem_pestat] (25, 50, 75) percentile: (191, 240, 312)
[M::mem_pestat] low and high boundaries for computing mean and std.dev: (1, 554)
[M::mem_pestat] mean and std.dev: (254.37, 86.71)
[M::mem_pestat] low and high boundaries for proper pairs: (1, 675)
[M::mem_pestat] analyzing insert size distribution for orientation RF...
[M::mem_pestat] (25, 50, 75) percentile: (197, 393, 1314)
[M::mem_pestat] low and high boundaries for computing mean and std.dev: (1, 3548)
[M::mem_pestat] mean and std.dev: (730.08, 817.87)
[M::mem_pestat] low and high boundaries for proper pairs: (1, 4665)
[M::mem_pestat] analyzing insert size distribution for orientation RR...
[M::mem_pestat] (25, 50, 75) percentile: (127, 243, 2018)
[M::mem_pestat] low and high boundaries for computing mean and std.dev: (1, 5800)
[M::mem_pestat] mean and std.dev: (800.38, 1046.50)
[M::mem_pestat] low and high boundaries for proper pairs: (1, 7691)
[M::mem_pestat] skip orientation FF
[M::mem_pestat] skip orientation RF
[M::mem_pestat] skip orientation RR
[M::mem_process_seqs] Processed 2800180 reads in 3026.422 CPU sec, 75.869 real sec
[M::process] read 2789720 sequences (400000288 bp)...
[M::mem_pestat] # candidate unique pairs for (FF, FR, RF, RR): (12, 755733, 108, 15)
[M::mem_pestat] analyzing insert size distribution for orientation FF...
[M::mem_pestat] (25, 50, 75) percentile: (249, 640, 6140)
[M::mem_pestat] low and high boundaries for computing mean and std.dev: (1, 17922)
[M::mem_pestat] mean and std.dev: (2056.25, 2488.31)
[M::mem_pestat] low and high boundaries for proper pairs: (1, 23813)
[M::mem_pestat] analyzing insert size distribution for orientation FR...
[M::mem_pestat] (25, 50, 75) percentile: (192, 243, 315)
[M::mem_pestat] low and high boundaries for computing mean and std.dev: (1, 561)
[M::mem_pestat] mean and std.dev: (256.94, 87.22)
[M::mem_pestat] low and high boundaries for proper pairs: (1, 684)
[M::mem_pestat] analyzing insert size distribution for orientation RF...
[M::mem_pestat] (25, 50, 75) percentile: (162, 339, 1533)
[M::mem_pestat] low and high boundaries for computing mean and std.dev: (1, 4275)
[M::mem_pestat] mean and std.dev: (770.31, 982.67)
[M::mem_pestat] low and high boundaries for proper pairs: (1, 5646)
[M::mem_pestat] analyzing insert size distribution for orientation RR...
[M::mem_pestat] (25, 50, 75) percentile: (106, 330, 4361)
[M::mem_pestat] low and high boundaries for computing mean and std.dev: (1, 12871)
[M::mem_pestat] mean and std.dev: (1674.27, 1953.34)
[M::mem_pestat] low and high boundaries for proper pairs: (1, 17126)
[M::mem_pestat] skip orientation FF
[M::mem_pestat] skip orientation RF
[M::mem_pestat] skip orientation RR
[M::mem_process_seqs] Processed 2789650 reads in 3011.683 CPU sec, 75.545 real sec
[M::process] read 2787694 sequences (400000131 bp)...
[M::mem_pestat] # candidate unique pairs for (FF, FR, RF, RR): (16, 755230, 112, 13)
[M::mem_pestat] analyzing insert size distribution for orientation FF...
[M::mem_pestat] (25, 50, 75) percentile: (360, 443, 687)
[M::mem_pestat] low and high boundaries for computing mean and std.dev: (1, 1341)
[M::mem_pestat] mean and std.dev: (425.36, 273.42)
[M::mem_pestat] low and high boundaries for proper pairs: (1, 1668)
[M::mem_pestat] analyzing insert size distribution for orientation FR...
[M::mem_pestat] (25, 50, 75) percentile: (193, 245, 318)
[M::mem_pestat] low and high boundaries for computing mean and std.dev: (1, 568)
[M::mem_pestat] mean and std.dev: (258.74, 88.23)
[M::mem_pestat] low and high boundaries for proper pairs: (1, 693)
[M::mem_pestat] analyzing insert size distribution for orientation RF...
[M::mem_pestat] (25, 50, 75) percentile: (153, 270, 1264)
[M::mem_pestat] low and high boundaries for computing mean and std.dev: (1, 3486)
[M::mem_pestat] mean and std.dev: (677.08, 812.86)
[M::mem_pestat] low and high boundaries for proper pairs: (1, 4597)
[M::mem_pestat] analyzing insert size distribution for orientation RR...
[M::mem_pestat] (25, 50, 75) percentile: (156, 233, 1905)
[M::mem_pestat] low and high boundaries for computing mean and std.dev: (1, 5403)
[M::mem_pestat] mean and std.dev: (492.83, 681.55)
[M::mem_pestat] low and high boundaries for proper pairs: (1, 7152)
[M::mem_pestat] skip orientation FF
[M::mem_pestat] skip orientation RF
[M::mem_pestat] skip orientation RR
[M::mem_process_seqs] Processed 2789720 reads in 3050.142 CPU sec, 76.520 real sec
[M::process] read 2791672 sequences (400000092 bp)...
[M::mem_pestat] # candidate unique pairs for (FF, FR, RF, RR): (7, 754267, 118, 4)
[M::mem_pestat] skip orientation FF as there are not enough pairs
[M::mem_pestat] analyzing insert size distribution for orientation FR...
[M::mem_pestat] (25, 50, 75) percentile: (194, 245, 319)
[M::mem_pestat] low and high boundaries for computing mean and std.dev: (1, 569)
[M::mem_pestat] mean and std.dev: (259.20, 88.20)
[M::mem_pestat] low and high boundaries for proper pairs: (1, 694)
[M::mem_pestat] analyzing insert size distribution for orientation RF...
[M::mem_pestat] (25, 50, 75) percentile: (196, 258, 2226)
[M::mem_pestat] low and high boundaries for computing mean and std.dev: (1, 6286)
[M::mem_pestat] mean and std.dev: (941.15, 1290.07)
[M::mem_pestat] low and high boundaries for proper pairs: (1, 8316)
[M::mem_pestat] skip orientation RR as there are not enough pairs
[M::mem_pestat] skip orientation RF
[M::mem_process_seqs] Processed 2787694 reads in 3036.203 CPU sec, 75.925 real sec
[M::process] read 2804574 sequences (400000266 bp)...
[M::mem_pestat] # candidate unique pairs for (FF, FR, RF, RR): (12, 753498, 96, 17)
[M::mem_pestat] analyzing insert size distribution for orientation FF...
[M::mem_pestat] (25, 50, 75) percentile: (507, 913, 4012)
[M::mem_pestat] low and high boundaries for computing mean and std.dev: (1, 11022)
[M::mem_pestat] mean and std.dev: (2449.50, 2602.08)
[M::mem_pestat] low and high boundaries for proper pairs: (1, 14527)
[M::mem_pestat] analyzing insert size distribution for orientation FR...
[M::mem_pestat] (25, 50, 75) percentile: (196, 250, 324)
[M::mem_pestat] low and high boundaries for computing mean and std.dev: (1, 580)
[M::mem_pestat] mean and std.dev: (262.80, 89.14)
[M::mem_pestat] low and high boundaries for proper pairs: (1, 708)
[M::mem_pestat] analyzing insert size distribution for orientation RF...
[M::mem_pestat] (25, 50, 75) percentile: (147, 393, 1859)
[M::mem_pestat] low and high boundaries for computing mean and std.dev: (1, 5283)
[M::mem_pestat] mean and std.dev: (931.51, 1103.51)
[M::mem_pestat] low and high boundaries for proper pairs: (1, 6995)
[M::mem_pestat] analyzing insert size distribution for orientation RR...
[M::mem_pestat] (25, 50, 75) percentile: (128, 208, 5304)
[M::mem_pestat] low and high boundaries for computing mean and std.dev: (1, 15656)
[M::mem_pestat] mean and std.dev: (1861.18, 2564.61)
[M::mem_pestat] low and high boundaries for proper pairs: (1, 20832)
[M::mem_pestat] skip orientation FF
[M::mem_pestat] skip orientation RF
[M::mem_pestat] skip orientation RR
[M::mem_process_seqs] Processed 2791672 reads in 3163.196 CPU sec, 79.314 real sec
[M::process] read 2803030 sequences (400000020 bp)...
[M::mem_pestat] # candidate unique pairs for (FF, FR, RF, RR): (23, 754869, 107, 8)
[M::mem_pestat] analyzing insert size distribution for orientation FF...
[M::mem_pestat] (25, 50, 75) percentile: (134, 514, 3242)
[M::mem_pestat] low and high boundaries for computing mean and std.dev: (1, 9458)
[M::mem_pestat] mean and std.dev: (2087.87, 2548.02)
[M::mem_pestat] low and high boundaries for proper pairs: (1, 12566)
[M::mem_pestat] analyzing insert size distribution for orientation FR...
[M::mem_pestat] (25, 50, 75) percentile: (194, 247, 322)
[M::mem_pestat] low and high boundaries for computing mean and std.dev: (1, 578)
[M::mem_pestat] mean and std.dev: (261.19, 89.58)
[M::mem_pestat] low and high boundaries for proper pairs: (1, 706)
[M::mem_pestat] analyzing insert size distribution for orientation RF...
[M::mem_pestat] (25, 50, 75) percentile: (124, 347, 2297)
[M::mem_pestat] low and high boundaries for computing mean and std.dev: (1, 6643)
[M::mem_pestat] mean and std.dev: (1200.89, 1600.59)
[M::mem_pestat] low and high boundaries for proper pairs: (1, 8816)
[M::mem_pestat] skip orientation RR as there are not enough pairs
[M::mem_pestat] skip orientation FF
[M::mem_pestat] skip orientation RF
[M::mem_process_seqs] Processed 2804574 reads in 3120.719 CPU sec, 78.494 real sec
[M::process] read 2803016 sequences (400000240 bp)...
[M::mem_pestat] # candidate unique pairs for (FF, FR, RF, RR): (14, 755363, 155, 8)
[M::mem_pestat] analyzing insert size distribution for orientation FF...
[M::mem_pestat] (25, 50, 75) percentile: (278, 320, 2163)
[M::mem_pestat] low and high boundaries for computing mean and std.dev: (1, 5933)
[M::mem_pestat] mean and std.dev: (1256.50, 1689.26)
[M::mem_pestat] low and high boundaries for proper pairs: (1, 8014)
[M::mem_pestat] analyzing insert size distribution for orientation FR...
[M::mem_pestat] (25, 50, 75) percentile: (195, 247, 322)
[M::mem_pestat] low and high boundaries for computing mean and std.dev: (1, 576)
[M::mem_pestat] mean and std.dev: (261.20, 89.00)
[M::mem_pestat] low and high boundaries for proper pairs: (1, 703)
[M::mem_pestat] analyzing insert size distribution for orientation RF...
[M::mem_pestat] (25, 50, 75) percentile: (128, 290, 2238)
[M::mem_pestat] low and high boundaries for computing mean and std.dev: (1, 6458)
[M::mem_pestat] mean and std.dev: (1090.28, 1584.23)
[M::mem_pestat] low and high boundaries for proper pairs: (1, 8568)
[M::mem_pestat] skip orientation RR as there are not enough pairs
[M::mem_pestat] skip orientation FF
[M::mem_pestat] skip orientation RF
[M::mem_process_seqs] Processed 2803030 reads in 3118.177 CPU sec, 78.014 real sec
[M::process] read 2793674 sequences (400000111 bp)...
[M::mem_pestat] # candidate unique pairs for (FF, FR, RF, RR): (20, 753119, 104, 18)
[M::mem_pestat] analyzing insert size distribution for orientation FF...
[M::mem_pestat] (25, 50, 75) percentile: (154, 262, 753)
[M::mem_pestat] low and high boundaries for computing mean and std.dev: (1, 1951)
[M::mem_pestat] mean and std.dev: (236.50, 158.81)
[M::mem_pestat] low and high boundaries for proper pairs: (1, 2550)
[M::mem_pestat] analyzing insert size distribution for orientation FR...
[M::mem_pestat] (25, 50, 75) percentile: (195, 249, 324)
[M::mem_pestat] low and high boundaries for computing mean and std.dev: (1, 582)
[M::mem_pestat] mean and std.dev: (262.63, 89.83)
[M::mem_pestat] low and high boundaries for proper pairs: (1, 711)
[M::mem_pestat] analyzing insert size distribution for orientation RF...
[M::mem_pestat] (25, 50, 75) percentile: (133, 225, 1198)
[M::mem_pestat] low and high boundaries for computing mean and std.dev: (1, 3328)
[M::mem_pestat] mean and std.dev: (521.31, 609.67)
[M::mem_pestat] low and high boundaries for proper pairs: (1, 4393)
[M::mem_pestat] analyzing insert size distribution for orientation RR...
[M::mem_pestat] (25, 50, 75) percentile: (185, 233, 361)
[M::mem_pestat] low and high boundaries for computing mean and std.dev: (1, 713)
[M::mem_pestat] mean and std.dev: (240.44, 90.51)
[M::mem_pestat] low and high boundaries for proper pairs: (1, 889)
[M::mem_pestat] skip orientation FF
[M::mem_pestat] skip orientation RF
[M::mem_pestat] skip orientation RR
[M::mem_process_seqs] Processed 2803016 reads in 3125.923 CPU sec, 78.554 real sec
[M::process] read 93792 sequences (13413950 bp)...
[M::mem_pestat] # candidate unique pairs for (FF, FR, RF, RR): (23, 754024, 128, 20)
[M::mem_pestat] analyzing insert size distribution for orientation FF...
[M::mem_pestat] (25, 50, 75) percentile: (221, 300, 4270)
[M::mem_pestat] low and high boundaries for computing mean and std.dev: (1, 12368)
[M::mem_pestat] mean and std.dev: (1957.48, 2769.48)
[M::mem_pestat] low and high boundaries for proper pairs: (1, 16417)
[M::mem_pestat] analyzing insert size distribution for orientation FR...
[M::mem_pestat] (25, 50, 75) percentile: (195, 249, 325)
[M::mem_pestat] low and high boundaries for computing mean and std.dev: (1, 585)
[M::mem_pestat] mean and std.dev: (263.17, 90.43)
[M::mem_pestat] low and high boundaries for proper pairs: (1, 715)
[M::mem_pestat] analyzing insert size distribution for orientation RF...
[M::mem_pestat] (25, 50, 75) percentile: (186, 347, 1958)
[M::mem_pestat] low and high boundaries for computing mean and std.dev: (1, 5502)
[M::mem_pestat] mean and std.dev: (821.55, 1090.07)
[M::mem_pestat] low and high boundaries for proper pairs: (1, 7274)
[M::mem_pestat] analyzing insert size distribution for orientation RR...
[M::mem_pestat] (25, 50, 75) percentile: (146, 259, 2738)
[M::mem_pestat] low and high boundaries for computing mean and std.dev: (1, 7922)
[M::mem_pestat] mean and std.dev: (1477.55, 1750.22)
[M::mem_pestat] low and high boundaries for proper pairs: (1, 10514)
[M::mem_pestat] skip orientation FF
[M::mem_pestat] skip orientation RF
[M::mem_pestat] skip orientation RR
[M::mem_process_seqs] Processed 2793674 reads in 3330.704 CPU sec, 88.702 real sec
[M::mem_pestat] # candidate unique pairs for (FF, FR, RF, RR): (1, 25316, 1, 0)
[M::mem_pestat] skip orientation FF as there are not enough pairs
[M::mem_pestat] analyzing insert size distribution for orientation FR...
[M::mem_pestat] (25, 50, 75) percentile: (195, 248, 324)
[M::mem_pestat] low and high boundaries for computing mean and std.dev: (1, 582)
[M::mem_pestat] mean and std.dev: (262.23, 89.92)
[M::mem_pestat] low and high boundaries for proper pairs: (1, 711)
[M::mem_pestat] skip orientation RF as there are not enough pairs
[M::mem_pestat] skip orientation RR as there are not enough pairs
[M::mem_process_seqs] Processed 93792 reads in 120.465 CPU sec, 3.056 real sec
[main] Version: 0.7.17-r1188
[main] CMD: /home/shared/bwa-0.7.17/bwa mem -M -t 40 ../data/bwa-GCF_031168955.1_ASM3116895v1_genomic ../data/trimmed-fastqs-heatwave-genetics/MHW136_trimmed_clipped_R1_paired.fq.gz ../data/trimmed-fastqs-heatwave-genetics/MHW136_trimmed_clipped_R2_paired.fq.gz
[main] Real time: 2720.140 sec; CPU: 107642.901 sec
