[M::bwa_idx_load_from_disk] read 0 ALT contigs
[M::process] read 2816008 sequences (400000095 bp)...
[M::process] read 2809340 sequences (400000177 bp)...
[M::mem_pestat] # candidate unique pairs for (FF, FR, RF, RR): (14, 763062, 93, 11)
[M::mem_pestat] analyzing insert size distribution for orientation FF...
[M::mem_pestat] (25, 50, 75) percentile: (277, 871, 2163)
[M::mem_pestat] low and high boundaries for computing mean and std.dev: (1, 5935)
[M::mem_pestat] mean and std.dev: (1433.21, 1437.66)
[M::mem_pestat] low and high boundaries for proper pairs: (1, 7821)
[M::mem_pestat] analyzing insert size distribution for orientation FR...
[M::mem_pestat] (25, 50, 75) percentile: (176, 213, 280)
[M::mem_pestat] low and high boundaries for computing mean and std.dev: (1, 488)
[M::mem_pestat] mean and std.dev: (230.67, 78.15)
[M::mem_pestat] low and high boundaries for proper pairs: (1, 592)
[M::mem_pestat] analyzing insert size distribution for orientation RF...
[M::mem_pestat] (25, 50, 75) percentile: (189, 474, 1442)
[M::mem_pestat] low and high boundaries for computing mean and std.dev: (1, 3948)
[M::mem_pestat] mean and std.dev: (780.05, 944.04)
[M::mem_pestat] low and high boundaries for proper pairs: (1, 5201)
[M::mem_pestat] analyzing insert size distribution for orientation RR...
[M::mem_pestat] (25, 50, 75) percentile: (175, 258, 1596)
[M::mem_pestat] low and high boundaries for computing mean and std.dev: (1, 4438)
[M::mem_pestat] mean and std.dev: (512.30, 647.15)
[M::mem_pestat] low and high boundaries for proper pairs: (1, 5859)
[M::mem_pestat] skip orientation FF
[M::mem_pestat] skip orientation RF
[M::mem_pestat] skip orientation RR
[M::mem_process_seqs] Processed 2816008 reads in 2812.165 CPU sec, 70.534 real sec
[M::process] read 2809708 sequences (400000082 bp)...
[M::mem_pestat] # candidate unique pairs for (FF, FR, RF, RR): (21, 754419, 91, 10)
[M::mem_pestat] analyzing insert size distribution for orientation FF...
[M::mem_pestat] (25, 50, 75) percentile: (161, 746, 3449)
[M::mem_pestat] low and high boundaries for computing mean and std.dev: (1, 10025)
[M::mem_pestat] mean and std.dev: (1875.05, 2160.15)
[M::mem_pestat] low and high boundaries for proper pairs: (1, 13313)
[M::mem_pestat] analyzing insert size distribution for orientation FR...
[M::mem_pestat] (25, 50, 75) percentile: (182, 225, 304)
[M::mem_pestat] low and high boundaries for computing mean and std.dev: (1, 548)
[M::mem_pestat] mean and std.dev: (244.68, 85.03)
[M::mem_pestat] low and high boundaries for proper pairs: (1, 670)
[M::mem_pestat] analyzing insert size distribution for orientation RF...
[M::mem_pestat] (25, 50, 75) percentile: (199, 362, 1459)
[M::mem_pestat] low and high boundaries for computing mean and std.dev: (1, 3979)
[M::mem_pestat] mean and std.dev: (825.44, 917.04)
[M::mem_pestat] low and high boundaries for proper pairs: (1, 5239)
[M::mem_pestat] analyzing insert size distribution for orientation RR...
[M::mem_pestat] (25, 50, 75) percentile: (174, 262, 4323)
[M::mem_pestat] low and high boundaries for computing mean and std.dev: (1, 12621)
[M::mem_pestat] mean and std.dev: (1726.40, 2109.57)
[M::mem_pestat] low and high boundaries for proper pairs: (1, 16770)
[M::mem_pestat] skip orientation FF
[M::mem_pestat] skip orientation RF
[M::mem_pestat] skip orientation RR
[M::mem_process_seqs] Processed 2809340 reads in 2990.670 CPU sec, 75.081 real sec
[M::process] read 2805942 sequences (400000195 bp)...
[M::mem_pestat] # candidate unique pairs for (FF, FR, RF, RR): (15, 761476, 77, 10)
[M::mem_pestat] analyzing insert size distribution for orientation FF...
[M::mem_pestat] (25, 50, 75) percentile: (165, 473, 2161)
[M::mem_pestat] low and high boundaries for computing mean and std.dev: (1, 6153)
[M::mem_pestat] mean and std.dev: (787.15, 851.95)
[M::mem_pestat] low and high boundaries for proper pairs: (1, 8149)
[M::mem_pestat] analyzing insert size distribution for orientation FR...
[M::mem_pestat] (25, 50, 75) percentile: (177, 215, 283)
[M::mem_pestat] low and high boundaries for computing mean and std.dev: (1, 495)
[M::mem_pestat] mean and std.dev: (232.75, 79.38)
[M::mem_pestat] low and high boundaries for proper pairs: (1, 601)
[M::mem_pestat] analyzing insert size distribution for orientation RF...
[M::mem_pestat] (25, 50, 75) percentile: (199, 537, 1348)
[M::mem_pestat] low and high boundaries for computing mean and std.dev: (1, 3646)
[M::mem_pestat] mean and std.dev: (783.66, 846.00)
[M::mem_pestat] low and high boundaries for proper pairs: (1, 4795)
[M::mem_pestat] analyzing insert size distribution for orientation RR...
[M::mem_pestat] (25, 50, 75) percentile: (166, 507, 1334)
[M::mem_pestat] low and high boundaries for computing mean and std.dev: (1, 3670)
[M::mem_pestat] mean and std.dev: (434.75, 395.03)
[M::mem_pestat] low and high boundaries for proper pairs: (1, 4838)
[M::mem_pestat] skip orientation FF
[M::mem_pestat] skip orientation RF
[M::mem_pestat] skip orientation RR
[M::mem_process_seqs] Processed 2809708 reads in 2895.020 CPU sec, 72.639 real sec
[M::process] read 2813382 sequences (400000144 bp)...
[M::mem_pestat] # candidate unique pairs for (FF, FR, RF, RR): (13, 753861, 91, 11)
[M::mem_pestat] analyzing insert size distribution for orientation FF...
[M::mem_pestat] (25, 50, 75) percentile: (1456, 2693, 6387)
[M::mem_pestat] low and high boundaries for computing mean and std.dev: (1, 16249)
[M::mem_pestat] mean and std.dev: (3072.08, 2130.01)
[M::mem_pestat] low and high boundaries for proper pairs: (1, 21180)
[M::mem_pestat] analyzing insert size distribution for orientation FR...
[M::mem_pestat] (25, 50, 75) percentile: (182, 225, 303)
[M::mem_pestat] low and high boundaries for computing mean and std.dev: (1, 545)
[M::mem_pestat] mean and std.dev: (244.34, 84.86)
[M::mem_pestat] low and high boundaries for proper pairs: (1, 666)
[M::mem_pestat] analyzing insert size distribution for orientation RF...
[M::mem_pestat] (25, 50, 75) percentile: (171, 659, 2087)
[M::mem_pestat] low and high boundaries for computing mean and std.dev: (1, 5919)
[M::mem_pestat] mean and std.dev: (1103.72, 1321.18)
[M::mem_pestat] low and high boundaries for proper pairs: (1, 7835)
[M::mem_pestat] analyzing insert size distribution for orientation RR...
[M::mem_pestat] (25, 50, 75) percentile: (225, 650, 2918)
[M::mem_pestat] low and high boundaries for computing mean and std.dev: (1, 8304)
[M::mem_pestat] mean and std.dev: (1385.27, 1530.34)
[M::mem_pestat] low and high boundaries for proper pairs: (1, 10997)
[M::mem_pestat] skip orientation FF
[M::mem_pestat] skip orientation RF
[M::mem_pestat] skip orientation RR
[M::mem_process_seqs] Processed 2805942 reads in 3009.611 CPU sec, 75.470 real sec
[M::process] read 2806506 sequences (400000237 bp)...
[M::mem_pestat] # candidate unique pairs for (FF, FR, RF, RR): (11, 762003, 90, 9)
[M::mem_pestat] analyzing insert size distribution for orientation FF...
[M::mem_pestat] (25, 50, 75) percentile: (290, 620, 2359)
[M::mem_pestat] low and high boundaries for computing mean and std.dev: (1, 6497)
[M::mem_pestat] mean and std.dev: (1423.27, 1776.39)
[M::mem_pestat] low and high boundaries for proper pairs: (1, 8566)
[M::mem_pestat] analyzing insert size distribution for orientation FR...
[M::mem_pestat] (25, 50, 75) percentile: (177, 216, 286)
[M::mem_pestat] low and high boundaries for computing mean and std.dev: (1, 504)
[M::mem_pestat] mean and std.dev: (234.08, 80.05)
[M::mem_pestat] low and high boundaries for proper pairs: (1, 613)
[M::mem_pestat] analyzing insert size distribution for orientation RF...
[M::mem_pestat] (25, 50, 75) percentile: (192, 781, 2437)
[M::mem_pestat] low and high boundaries for computing mean and std.dev: (1, 6927)
[M::mem_pestat] mean and std.dev: (1351.22, 1654.73)
[M::mem_pestat] low and high boundaries for proper pairs: (1, 9172)
[M::mem_pestat] skip orientation RR as there are not enough pairs
[M::mem_pestat] skip orientation FF
[M::mem_pestat] skip orientation RF
[M::mem_process_seqs] Processed 2813382 reads in 2915.040 CPU sec, 73.291 real sec
[M::process] read 2806196 sequences (400000251 bp)...
[M::mem_pestat] # candidate unique pairs for (FF, FR, RF, RR): (12, 754004, 97, 18)
[M::mem_pestat] analyzing insert size distribution for orientation FF...
[M::mem_pestat] (25, 50, 75) percentile: (255, 557, 3193)
[M::mem_pestat] low and high boundaries for computing mean and std.dev: (1, 9069)
[M::mem_pestat] mean and std.dev: (938.91, 1251.26)
[M::mem_pestat] low and high boundaries for proper pairs: (1, 12007)
[M::mem_pestat] analyzing insert size distribution for orientation FR...
[M::mem_pestat] (25, 50, 75) percentile: (182, 224, 304)
[M::mem_pestat] low and high boundaries for computing mean and std.dev: (1, 548)
[M::mem_pestat] mean and std.dev: (244.35, 85.04)
[M::mem_pestat] low and high boundaries for proper pairs: (1, 670)
[M::mem_pestat] analyzing insert size distribution for orientation RF...
[M::mem_pestat] (25, 50, 75) percentile: (177, 376, 2412)
[M::mem_pestat] low and high boundaries for computing mean and std.dev: (1, 6882)
[M::mem_pestat] mean and std.dev: (935.84, 1203.96)
[M::mem_pestat] low and high boundaries for proper pairs: (1, 9117)
[M::mem_pestat] analyzing insert size distribution for orientation RR...
[M::mem_pestat] (25, 50, 75) percentile: (195, 2344, 4031)
[M::mem_pestat] low and high boundaries for computing mean and std.dev: (1, 11703)
[M::mem_pestat] mean and std.dev: (2611.89, 2999.28)
[M::mem_pestat] low and high boundaries for proper pairs: (1, 15539)
[M::mem_pestat] skip orientation FF
[M::mem_pestat] skip orientation RF
[M::mem_pestat] skip orientation RR
[M::mem_process_seqs] Processed 2806506 reads in 2999.837 CPU sec, 75.270 real sec
[M::process] read 2810640 sequences (400000118 bp)...
[M::mem_pestat] # candidate unique pairs for (FF, FR, RF, RR): (12, 760526, 78, 10)
[M::mem_pestat] analyzing insert size distribution for orientation FF...
[M::mem_pestat] (25, 50, 75) percentile: (181, 2599, 5496)
[M::mem_pestat] low and high boundaries for computing mean and std.dev: (1, 16126)
[M::mem_pestat] mean and std.dev: (2585.58, 2282.24)
[M::mem_pestat] low and high boundaries for proper pairs: (1, 21441)
[M::mem_pestat] analyzing insert size distribution for orientation FR...
[M::mem_pestat] (25, 50, 75) percentile: (178, 216, 287)
[M::mem_pestat] low and high boundaries for computing mean and std.dev: (1, 505)
[M::mem_pestat] mean and std.dev: (234.73, 80.37)
[M::mem_pestat] low and high boundaries for proper pairs: (1, 614)
[M::mem_pestat] analyzing insert size distribution for orientation RF...
[M::mem_pestat] (25, 50, 75) percentile: (171, 224, 1244)
[M::mem_pestat] low and high boundaries for computing mean and std.dev: (1, 3390)
[M::mem_pestat] mean and std.dev: (714.44, 839.79)
[M::mem_pestat] low and high boundaries for proper pairs: (1, 4463)
[M::mem_pestat] analyzing insert size distribution for orientation RR...
[M::mem_pestat] (25, 50, 75) percentile: (129, 323, 1812)
[M::mem_pestat] low and high boundaries for computing mean and std.dev: (1, 5178)
[M::mem_pestat] mean and std.dev: (414.75, 557.74)
[M::mem_pestat] low and high boundaries for proper pairs: (1, 6861)
[M::mem_pestat] skip orientation FF
[M::mem_pestat] skip orientation RF
[M::mem_pestat] skip orientation RR
[M::mem_process_seqs] Processed 2806196 reads in 2937.244 CPU sec, 73.702 real sec
[M::process] read 2831180 sequences (400000186 bp)...
[M::mem_pestat] # candidate unique pairs for (FF, FR, RF, RR): (9, 752891, 98, 12)
[M::mem_pestat] skip orientation FF as there are not enough pairs
[M::mem_pestat] analyzing insert size distribution for orientation FR...
[M::mem_pestat] (25, 50, 75) percentile: (182, 225, 303)
[M::mem_pestat] low and high boundaries for computing mean and std.dev: (1, 545)
[M::mem_pestat] mean and std.dev: (244.41, 84.88)
[M::mem_pestat] low and high boundaries for proper pairs: (1, 666)
[M::mem_pestat] analyzing insert size distribution for orientation RF...
[M::mem_pestat] (25, 50, 75) percentile: (167, 375, 1317)
[M::mem_pestat] low and high boundaries for computing mean and std.dev: (1, 3617)
[M::mem_pestat] mean and std.dev: (723.70, 783.44)
[M::mem_pestat] low and high boundaries for proper pairs: (1, 4767)
[M::mem_pestat] analyzing insert size distribution for orientation RR...
[M::mem_pestat] (25, 50, 75) percentile: (113, 246, 939)
[M::mem_pestat] low and high boundaries for computing mean and std.dev: (1, 2591)
[M::mem_pestat] mean and std.dev: (340.09, 321.10)
[M::mem_pestat] low and high boundaries for proper pairs: (1, 3417)
[M::mem_pestat] skip orientation RF
[M::mem_pestat] skip orientation RR
[M::mem_process_seqs] Processed 2810640 reads in 3015.375 CPU sec, 75.591 real sec
[M::process] read 2827684 sequences (400000111 bp)...
[M::mem_pestat] # candidate unique pairs for (FF, FR, RF, RR): (15, 752893, 75, 14)
[M::mem_pestat] analyzing insert size distribution for orientation FF...
[M::mem_pestat] (25, 50, 75) percentile: (126, 259, 1821)
[M::mem_pestat] low and high boundaries for computing mean and std.dev: (1, 5211)
[M::mem_pestat] mean and std.dev: (653.79, 839.41)
[M::mem_pestat] low and high boundaries for proper pairs: (1, 6906)
[M::mem_pestat] analyzing insert size distribution for orientation FR...
[M::mem_pestat] (25, 50, 75) percentile: (181, 222, 300)
[M::mem_pestat] low and high boundaries for computing mean and std.dev: (1, 538)
[M::mem_pestat] mean and std.dev: (242.00, 84.08)
[M::mem_pestat] low and high boundaries for proper pairs: (1, 657)
[M::mem_pestat] analyzing insert size distribution for orientation RF...
[M::mem_pestat] (25, 50, 75) percentile: (107, 223, 1276)
[M::mem_pestat] low and high boundaries for computing mean and std.dev: (1, 3614)
[M::mem_pestat] mean and std.dev: (546.03, 730.19)
[M::mem_pestat] low and high boundaries for proper pairs: (1, 4783)
[M::mem_pestat] analyzing insert size distribution for orientation RR...
[M::mem_pestat] (25, 50, 75) percentile: (246, 2414, 4317)
[M::mem_pestat] low and high boundaries for computing mean and std.dev: (1, 12459)
[M::mem_pestat] mean and std.dev: (2643.71, 2462.28)
[M::mem_pestat] low and high boundaries for proper pairs: (1, 16530)
[M::mem_pestat] skip orientation FF
[M::mem_pestat] skip orientation RF
[M::mem_pestat] skip orientation RR
[M::mem_process_seqs] Processed 2831180 reads in 3008.202 CPU sec, 75.237 real sec
[M::process] read 2830308 sequences (400000133 bp)...
[M::mem_pestat] # candidate unique pairs for (FF, FR, RF, RR): (11, 753826, 90, 20)
[M::mem_pestat] analyzing insert size distribution for orientation FF...
[M::mem_pestat] (25, 50, 75) percentile: (1295, 1764, 2426)
[M::mem_pestat] low and high boundaries for computing mean and std.dev: (1, 4688)
[M::mem_pestat] mean and std.dev: (1452.40, 826.60)
[M::mem_pestat] low and high boundaries for proper pairs: (1, 5819)
[M::mem_pestat] analyzing insert size distribution for orientation FR...
[M::mem_pestat] (25, 50, 75) percentile: (182, 224, 302)
[M::mem_pestat] low and high boundaries for computing mean and std.dev: (1, 542)
[M::mem_pestat] mean and std.dev: (243.69, 84.95)
[M::mem_pestat] low and high boundaries for proper pairs: (1, 662)
[M::mem_pestat] analyzing insert size distribution for orientation RF...
[M::mem_pestat] (25, 50, 75) percentile: (222, 608, 1521)
[M::mem_pestat] low and high boundaries for computing mean and std.dev: (1, 4119)
[M::mem_pestat] mean and std.dev: (815.02, 790.20)
[M::mem_pestat] low and high boundaries for proper pairs: (1, 5418)
[M::mem_pestat] analyzing insert size distribution for orientation RR...
[M::mem_pestat] (25, 50, 75) percentile: (153, 194, 3106)
[M::mem_pestat] low and high boundaries for computing mean and std.dev: (1, 9012)
[M::mem_pestat] mean and std.dev: (1454.55, 1988.00)
[M::mem_pestat] low and high boundaries for proper pairs: (1, 11965)
[M::mem_pestat] skip orientation FF
[M::mem_pestat] skip orientation RF
[M::mem_pestat] skip orientation RR
[M::mem_process_seqs] Processed 2827684 reads in 3011.209 CPU sec, 75.697 real sec
[M::process] read 2835284 sequences (400000047 bp)...
[M::mem_pestat] # candidate unique pairs for (FF, FR, RF, RR): (17, 755913, 65, 11)
[M::mem_pestat] analyzing insert size distribution for orientation FF...
[M::mem_pestat] (25, 50, 75) percentile: (220, 724, 2190)
[M::mem_pestat] low and high boundaries for computing mean and std.dev: (1, 6130)
[M::mem_pestat] mean and std.dev: (1220.41, 1153.06)
[M::mem_pestat] low and high boundaries for proper pairs: (1, 8100)
[M::mem_pestat] analyzing insert size distribution for orientation FR...
[M::mem_pestat] (25, 50, 75) percentile: (181, 223, 300)
[M::mem_pestat] low and high boundaries for computing mean and std.dev: (1, 538)
[M::mem_pestat] mean and std.dev: (242.46, 84.28)
[M::mem_pestat] low and high boundaries for proper pairs: (1, 657)
[M::mem_pestat] analyzing insert size distribution for orientation RF...
[M::mem_pestat] (25, 50, 75) percentile: (97, 714, 2324)
[M::mem_pestat] low and high boundaries for computing mean and std.dev: (1, 6778)
[M::mem_pestat] mean and std.dev: (1078.55, 1453.69)
[M::mem_pestat] low and high boundaries for proper pairs: (1, 9005)
[M::mem_pestat] analyzing insert size distribution for orientation RR...
[M::mem_pestat] (25, 50, 75) percentile: (128, 286, 2302)
[M::mem_pestat] low and high boundaries for computing mean and std.dev: (1, 6650)
[M::mem_pestat] mean and std.dev: (1377.45, 2057.69)
[M::mem_pestat] low and high boundaries for proper pairs: (1, 9608)
[M::mem_pestat] skip orientation FF
[M::mem_pestat] skip orientation RF
[M::mem_pestat] skip orientation RR
[M::mem_process_seqs] Processed 2830308 reads in 3016.339 CPU sec, 75.678 real sec
[M::process] read 2832586 sequences (400000056 bp)...
[M::mem_pestat] # candidate unique pairs for (FF, FR, RF, RR): (9, 756028, 79, 15)
[M::mem_pestat] skip orientation FF as there are not enough pairs
[M::mem_pestat] analyzing insert size distribution for orientation FR...
[M::mem_pestat] (25, 50, 75) percentile: (182, 224, 303)
[M::mem_pestat] low and high boundaries for computing mean and std.dev: (1, 545)
[M::mem_pestat] mean and std.dev: (244.06, 85.05)
[M::mem_pestat] low and high boundaries for proper pairs: (1, 666)
[M::mem_pestat] analyzing insert size distribution for orientation RF...
[M::mem_pestat] (25, 50, 75) percentile: (201, 451, 1685)
[M::mem_pestat] low and high boundaries for computing mean and std.dev: (1, 4653)
[M::mem_pestat] mean and std.dev: (1019.84, 1116.03)
[M::mem_pestat] low and high boundaries for proper pairs: (1, 6137)
[M::mem_pestat] analyzing insert size distribution for orientation RR...
[M::mem_pestat] (25, 50, 75) percentile: (406, 510, 5759)
[M::mem_pestat] low and high boundaries for computing mean and std.dev: (1, 16465)
[M::mem_pestat] mean and std.dev: (2483.80, 3081.85)
[M::mem_pestat] low and high boundaries for proper pairs: (1, 21818)
[M::mem_pestat] skip orientation RF
[M::mem_pestat] skip orientation RR
[M::mem_process_seqs] Processed 2835284 reads in 3047.547 CPU sec, 76.229 real sec
[M::process] read 2832474 sequences (400000175 bp)...
[M::mem_pestat] # candidate unique pairs for (FF, FR, RF, RR): (11, 752687, 96, 6)
[M::mem_pestat] analyzing insert size distribution for orientation FF...
[M::mem_pestat] (25, 50, 75) percentile: (318, 1142, 3504)
[M::mem_pestat] low and high boundaries for computing mean and std.dev: (1, 9876)
[M::mem_pestat] mean and std.dev: (2018.91, 1975.98)
[M::mem_pestat] low and high boundaries for proper pairs: (1, 13062)
[M::mem_pestat] analyzing insert size distribution for orientation FR...
[M::mem_pestat] (25, 50, 75) percentile: (181, 223, 302)
[M::mem_pestat] low and high boundaries for computing mean and std.dev: (1, 544)
[M::mem_pestat] mean and std.dev: (243.28, 84.77)
[M::mem_pestat] low and high boundaries for proper pairs: (1, 665)
[M::mem_pestat] analyzing insert size distribution for orientation RF...
[M::mem_pestat] (25, 50, 75) percentile: (130, 385, 2455)
[M::mem_pestat] low and high boundaries for computing mean and std.dev: (1, 7105)
[M::mem_pestat] mean and std.dev: (1057.31, 1462.06)
[M::mem_pestat] low and high boundaries for proper pairs: (1, 9430)
[M::mem_pestat] skip orientation RR as there are not enough pairs
[M::mem_pestat] skip orientation FF
[M::mem_pestat] skip orientation RF
[M::mem_process_seqs] Processed 2832586 reads in 3122.122 CPU sec, 78.298 real sec
[M::process] read 2818346 sequences (400000084 bp)...
[M::mem_pestat] # candidate unique pairs for (FF, FR, RF, RR): (11, 755683, 84, 8)
[M::mem_pestat] analyzing insert size distribution for orientation FF...
[M::mem_pestat] (25, 50, 75) percentile: (222, 266, 2231)
[M::mem_pestat] low and high boundaries for computing mean and std.dev: (1, 6249)
[M::mem_pestat] mean and std.dev: (899.10, 1291.02)
[M::mem_pestat] low and high boundaries for proper pairs: (1, 8258)
[M::mem_pestat] analyzing insert size distribution for orientation FR...
[M::mem_pestat] (25, 50, 75) percentile: (182, 224, 303)
[M::mem_pestat] low and high boundaries for computing mean and std.dev: (1, 545)
[M::mem_pestat] mean and std.dev: (244.06, 85.10)
[M::mem_pestat] low and high boundaries for proper pairs: (1, 666)
[M::mem_pestat] analyzing insert size distribution for orientation RF...
[M::mem_pestat] (25, 50, 75) percentile: (142, 550, 2459)
[M::mem_pestat] low and high boundaries for computing mean and std.dev: (1, 7093)
[M::mem_pestat] mean and std.dev: (1433.49, 1844.25)
[M::mem_pestat] low and high boundaries for proper pairs: (1, 9410)
[M::mem_pestat] skip orientation RR as there are not enough pairs
[M::mem_pestat] skip orientation FF
[M::mem_pestat] skip orientation RF
[M::mem_process_seqs] Processed 2832474 reads in 3100.549 CPU sec, 77.770 real sec
[M::process] read 2811164 sequences (400000149 bp)...
[M::mem_pestat] # candidate unique pairs for (FF, FR, RF, RR): (9, 754508, 85, 19)
[M::mem_pestat] skip orientation FF as there are not enough pairs
[M::mem_pestat] analyzing insert size distribution for orientation FR...
[M::mem_pestat] (25, 50, 75) percentile: (182, 224, 302)
[M::mem_pestat] low and high boundaries for computing mean and std.dev: (1, 542)
[M::mem_pestat] mean and std.dev: (243.76, 84.68)
[M::mem_pestat] low and high boundaries for proper pairs: (1, 662)
[M::mem_pestat] analyzing insert size distribution for orientation RF...
[M::mem_pestat] (25, 50, 75) percentile: (112, 566, 2355)
[M::mem_pestat] low and high boundaries for computing mean and std.dev: (1, 6841)
[M::mem_pestat] mean and std.dev: (1246.80, 1594.10)
[M::mem_pestat] low and high boundaries for proper pairs: (1, 9084)
[M::mem_pestat] analyzing insert size distribution for orientation RR...
[M::mem_pestat] (25, 50, 75) percentile: (942, 2522, 4031)
[M::mem_pestat] low and high boundaries for computing mean and std.dev: (1, 10209)
[M::mem_pestat] mean and std.dev: (2388.68, 1455.46)
[M::mem_pestat] low and high boundaries for proper pairs: (1, 13298)
[M::mem_pestat] skip orientation RF
[M::mem_pestat] skip orientation RR
[M::mem_process_seqs] Processed 2818346 reads in 3020.696 CPU sec, 75.951 real sec
[M::process] read 2808092 sequences (400000091 bp)...
[M::mem_pestat] # candidate unique pairs for (FF, FR, RF, RR): (15, 755937, 80, 9)
[M::mem_pestat] analyzing insert size distribution for orientation FF...
[M::mem_pestat] (25, 50, 75) percentile: (223, 480, 3733)
[M::mem_pestat] low and high boundaries for computing mean and std.dev: (1, 10753)
[M::mem_pestat] mean and std.dev: (1694.27, 1837.87)
[M::mem_pestat] low and high boundaries for proper pairs: (1, 14263)
[M::mem_pestat] analyzing insert size distribution for orientation FR...
[M::mem_pestat] (25, 50, 75) percentile: (180, 221, 297)
[M::mem_pestat] low and high boundaries for computing mean and std.dev: (1, 531)
[M::mem_pestat] mean and std.dev: (240.37, 83.46)
[M::mem_pestat] low and high boundaries for proper pairs: (1, 648)
[M::mem_pestat] analyzing insert size distribution for orientation RF...
[M::mem_pestat] (25, 50, 75) percentile: (202, 562, 2448)
[M::mem_pestat] low and high boundaries for computing mean and std.dev: (1, 6940)
[M::mem_pestat] mean and std.dev: (1261.22, 1686.64)
[M::mem_pestat] low and high boundaries for proper pairs: (1, 9186)
[M::mem_pestat] skip orientation RR as there are not enough pairs
[M::mem_pestat] skip orientation FF
[M::mem_pestat] skip orientation RF
[M::mem_process_seqs] Processed 2811164 reads in 3027.977 CPU sec, 75.740 real sec
[M::process] read 2807306 sequences (400000098 bp)...
[M::mem_pestat] # candidate unique pairs for (FF, FR, RF, RR): (13, 755968, 80, 11)
[M::mem_pestat] analyzing insert size distribution for orientation FF...
[M::mem_pestat] (25, 50, 75) percentile: (157, 346, 3177)
[M::mem_pestat] low and high boundaries for computing mean and std.dev: (1, 9217)
[M::mem_pestat] mean and std.dev: (1723.85, 1934.41)
[M::mem_pestat] low and high boundaries for proper pairs: (1, 12237)
[M::mem_pestat] analyzing insert size distribution for orientation FR...
[M::mem_pestat] (25, 50, 75) percentile: (179, 220, 294)
[M::mem_pestat] low and high boundaries for computing mean and std.dev: (1, 524)
[M::mem_pestat] mean and std.dev: (238.61, 82.45)
[M::mem_pestat] low and high boundaries for proper pairs: (1, 639)
[M::mem_pestat] analyzing insert size distribution for orientation RF...
[M::mem_pestat] (25, 50, 75) percentile: (122, 530, 1578)
[M::mem_pestat] low and high boundaries for computing mean and std.dev: (1, 4490)
[M::mem_pestat] mean and std.dev: (945.43, 1125.84)
[M::mem_pestat] low and high boundaries for proper pairs: (1, 5946)
[M::mem_pestat] analyzing insert size distribution for orientation RR...
[M::mem_pestat] (25, 50, 75) percentile: (128, 227, 4069)
[M::mem_pestat] low and high boundaries for computing mean and std.dev: (1, 11951)
[M::mem_pestat] mean and std.dev: (1798.00, 2988.07)
[M::mem_pestat] low and high boundaries for proper pairs: (1, 15892)
[M::mem_pestat] skip orientation FF
[M::mem_pestat] skip orientation RF
[M::mem_pestat] skip orientation RR
[M::mem_process_seqs] Processed 2808092 reads in 2972.736 CPU sec, 74.622 real sec
[M::process] read 2807774 sequences (400000150 bp)...
[M::mem_pestat] # candidate unique pairs for (FF, FR, RF, RR): (15, 755059, 98, 11)
[M::mem_pestat] analyzing insert size distribution for orientation FF...
[M::mem_pestat] (25, 50, 75) percentile: (169, 330, 2651)
[M::mem_pestat] low and high boundaries for computing mean and std.dev: (1, 7615)
[M::mem_pestat] mean and std.dev: (1273.93, 1515.04)
[M::mem_pestat] low and high boundaries for proper pairs: (1, 10097)
[M::mem_pestat] analyzing insert size distribution for orientation FR...
[M::mem_pestat] (25, 50, 75) percentile: (180, 221, 296)
[M::mem_pestat] low and high boundaries for computing mean and std.dev: (1, 528)
[M::mem_pestat] mean and std.dev: (240.10, 83.09)
[M::mem_pestat] low and high boundaries for proper pairs: (1, 644)
[M::mem_pestat] analyzing insert size distribution for orientation RF...
[M::mem_pestat] (25, 50, 75) percentile: (174, 461, 2345)
[M::mem_pestat] low and high boundaries for computing mean and std.dev: (1, 6687)
[M::mem_pestat] mean and std.dev: (1051.00, 1276.65)
[M::mem_pestat] low and high boundaries for proper pairs: (1, 8858)
[M::mem_pestat] analyzing insert size distribution for orientation RR...
[M::mem_pestat] (25, 50, 75) percentile: (308, 552, 3625)
[M::mem_pestat] low and high boundaries for computing mean and std.dev: (1, 10259)
[M::mem_pestat] mean and std.dev: (1741.18, 1647.72)
[M::mem_pestat] low and high boundaries for proper pairs: (1, 13576)
[M::mem_pestat] skip orientation FF
[M::mem_pestat] skip orientation RF
[M::mem_pestat] skip orientation RR
[M::mem_process_seqs] Processed 2807306 reads in 3265.343 CPU sec, 87.729 real sec
[M::process] read 2809506 sequences (400000160 bp)...
[M::mem_pestat] # candidate unique pairs for (FF, FR, RF, RR): (18, 757459, 85, 9)
[M::mem_pestat] analyzing insert size distribution for orientation FF...
[M::mem_pestat] (25, 50, 75) percentile: (200, 555, 3551)
[M::mem_pestat] low and high boundaries for computing mean and std.dev: (1, 10253)
[M::mem_pestat] mean and std.dev: (2078.89, 2729.24)
[M::mem_pestat] low and high boundaries for proper pairs: (1, 13604)
[M::mem_pestat] analyzing insert size distribution for orientation FR...
[M::mem_pestat] (25, 50, 75) percentile: (180, 221, 296)
[M::mem_pestat] low and high boundaries for computing mean and std.dev: (1, 528)
[M::mem_pestat] mean and std.dev: (240.05, 82.95)
[M::mem_pestat] low and high boundaries for proper pairs: (1, 644)
[M::mem_pestat] analyzing insert size distribution for orientation RF...
[M::mem_pestat] (25, 50, 75) percentile: (160, 321, 1516)
[M::mem_pestat] low and high boundaries for computing mean and std.dev: (1, 4228)
[M::mem_pestat] mean and std.dev: (728.34, 906.84)
[M::mem_pestat] low and high boundaries for proper pairs: (1, 5584)
[M::mem_pestat] skip orientation RR as there are not enough pairs
[M::mem_pestat] skip orientation FF
[M::mem_pestat] skip orientation RF
[M::mem_process_seqs] Processed 2807774 reads in 2983.821 CPU sec, 74.883 real sec
[M::process] read 2807336 sequences (400000246 bp)...
[M::mem_pestat] # candidate unique pairs for (FF, FR, RF, RR): (7, 756941, 68, 10)
[M::mem_pestat] skip orientation FF as there are not enough pairs
[M::mem_pestat] analyzing insert size distribution for orientation FR...
[M::mem_pestat] (25, 50, 75) percentile: (180, 220, 294)
[M::mem_pestat] low and high boundaries for computing mean and std.dev: (1, 522)
[M::mem_pestat] mean and std.dev: (238.87, 82.39)
[M::mem_pestat] low and high boundaries for proper pairs: (1, 636)
[M::mem_pestat] analyzing insert size distribution for orientation RF...
[M::mem_pestat] (25, 50, 75) percentile: (109, 403, 1476)
[M::mem_pestat] low and high boundaries for computing mean and std.dev: (1, 4210)
[M::mem_pestat] mean and std.dev: (817.11, 1027.52)
[M::mem_pestat] low and high boundaries for proper pairs: (1, 5577)
[M::mem_pestat] analyzing insert size distribution for orientation RR...
[M::mem_pestat] (25, 50, 75) percentile: (227, 4063, 5627)
[M::mem_pestat] low and high boundaries for computing mean and std.dev: (1, 16427)
[M::mem_pestat] mean and std.dev: (3372.10, 2679.84)
[M::mem_pestat] low and high boundaries for proper pairs: (1, 21827)
[M::mem_pestat] skip orientation RF
[M::mem_pestat] skip orientation RR
[M::mem_process_seqs] Processed 2809506 reads in 3019.445 CPU sec, 75.733 real sec
[M::process] read 2806268 sequences (400000038 bp)...
[M::mem_pestat] # candidate unique pairs for (FF, FR, RF, RR): (15, 756853, 77, 5)
[M::mem_pestat] analyzing insert size distribution for orientation FF...
[M::mem_pestat] (25, 50, 75) percentile: (175, 187, 242)
[M::mem_pestat] low and high boundaries for computing mean and std.dev: (41, 376)
[M::mem_pestat] mean and std.dev: (175.00, 51.17)
[M::mem_pestat] low and high boundaries for proper pairs: (1, 443)
[M::mem_pestat] analyzing insert size distribution for orientation FR...
[M::mem_pestat] (25, 50, 75) percentile: (180, 221, 297)
[M::mem_pestat] low and high boundaries for computing mean and std.dev: (1, 531)
[M::mem_pestat] mean and std.dev: (240.68, 83.18)
[M::mem_pestat] low and high boundaries for proper pairs: (1, 648)
[M::mem_pestat] analyzing insert size distribution for orientation RF...
[M::mem_pestat] (25, 50, 75) percentile: (204, 396, 1268)
[M::mem_pestat] low and high boundaries for computing mean and std.dev: (1, 3396)
[M::mem_pestat] mean and std.dev: (761.12, 856.66)
[M::mem_pestat] low and high boundaries for proper pairs: (1, 4460)
[M::mem_pestat] skip orientation RR as there are not enough pairs
[M::mem_pestat] skip orientation FF
[M::mem_pestat] skip orientation RF
[M::mem_process_seqs] Processed 2807336 reads in 3011.824 CPU sec, 75.523 real sec
[M::process] read 2803412 sequences (400000090 bp)...
[M::mem_pestat] # candidate unique pairs for (FF, FR, RF, RR): (9, 756906, 82, 13)
[M::mem_pestat] skip orientation FF as there are not enough pairs
[M::mem_pestat] analyzing insert size distribution for orientation FR...
[M::mem_pestat] (25, 50, 75) percentile: (179, 219, 292)
[M::mem_pestat] low and high boundaries for computing mean and std.dev: (1, 518)
[M::mem_pestat] mean and std.dev: (237.68, 81.89)
[M::mem_pestat] low and high boundaries for proper pairs: (1, 631)
[M::mem_pestat] analyzing insert size distribution for orientation RF...
[M::mem_pestat] (25, 50, 75) percentile: (223, 1042, 2346)
[M::mem_pestat] low and high boundaries for computing mean and std.dev: (1, 6592)
[M::mem_pestat] mean and std.dev: (1384.57, 1627.20)
[M::mem_pestat] low and high boundaries for proper pairs: (1, 8715)
[M::mem_pestat] analyzing insert size distribution for orientation RR...
[M::mem_pestat] (25, 50, 75) percentile: (164, 939, 4641)
[M::mem_pestat] low and high boundaries for computing mean and std.dev: (1, 13595)
[M::mem_pestat] mean and std.dev: (1961.77, 2009.67)
[M::mem_pestat] low and high boundaries for proper pairs: (1, 18072)
[M::mem_pestat] skip orientation RF
[M::mem_pestat] skip orientation RR
[M::mem_process_seqs] Processed 2806268 reads in 2996.429 CPU sec, 75.193 real sec
[M::process] read 2823142 sequences (400000043 bp)...
[M::mem_pestat] # candidate unique pairs for (FF, FR, RF, RR): (10, 756002, 68, 10)
[M::mem_pestat] analyzing insert size distribution for orientation FF...
[M::mem_pestat] (25, 50, 75) percentile: (264, 885, 5461)
[M::mem_pestat] low and high boundaries for computing mean and std.dev: (1, 15855)
[M::mem_pestat] mean and std.dev: (2185.40, 2376.39)
[M::mem_pestat] low and high boundaries for proper pairs: (1, 21052)
[M::mem_pestat] analyzing insert size distribution for orientation FR...
[M::mem_pestat] (25, 50, 75) percentile: (181, 223, 301)
[M::mem_pestat] low and high boundaries for computing mean and std.dev: (1, 541)
[M::mem_pestat] mean and std.dev: (242.74, 84.27)
[M::mem_pestat] low and high boundaries for proper pairs: (1, 661)
[M::mem_pestat] analyzing insert size distribution for orientation RF...
[M::mem_pestat] (25, 50, 75) percentile: (224, 665, 2457)
[M::mem_pestat] low and high boundaries for computing mean and std.dev: (1, 6923)
[M::mem_pestat] mean and std.dev: (1483.67, 1875.18)
[M::mem_pestat] low and high boundaries for proper pairs: (1, 9156)
[M::mem_pestat] analyzing insert size distribution for orientation RR...
[M::mem_pestat] (25, 50, 75) percentile: (286, 985, 1795)
[M::mem_pestat] low and high boundaries for computing mean and std.dev: (1, 4813)
[M::mem_pestat] mean and std.dev: (1366.00, 1262.39)
[M::mem_pestat] low and high boundaries for proper pairs: (1, 6416)
[M::mem_pestat] skip orientation FF
[M::mem_pestat] skip orientation RF
[M::mem_pestat] skip orientation RR
[M::mem_process_seqs] Processed 2803412 reads in 3008.728 CPU sec, 75.250 real sec
[M::process] read 2827722 sequences (400000046 bp)...
[M::mem_pestat] # candidate unique pairs for (FF, FR, RF, RR): (21, 752071, 75, 13)
[M::mem_pestat] analyzing insert size distribution for orientation FF...
[M::mem_pestat] (25, 50, 75) percentile: (160, 259, 2281)
[M::mem_pestat] low and high boundaries for computing mean and std.dev: (1, 6523)
[M::mem_pestat] mean and std.dev: (807.89, 903.61)
[M::mem_pestat] low and high boundaries for proper pairs: (1, 8644)
[M::mem_pestat] analyzing insert size distribution for orientation FR...
[M::mem_pestat] (25, 50, 75) percentile: (182, 225, 304)
[M::mem_pestat] low and high boundaries for computing mean and std.dev: (1, 548)
[M::mem_pestat] mean and std.dev: (244.34, 85.19)
[M::mem_pestat] low and high boundaries for proper pairs: (1, 670)
[M::mem_pestat] analyzing insert size distribution for orientation RF...
[M::mem_pestat] (25, 50, 75) percentile: (152, 480, 1517)
[M::mem_pestat] low and high boundaries for computing mean and std.dev: (1, 4247)
[M::mem_pestat] mean and std.dev: (822.58, 1000.85)
[M::mem_pestat] low and high boundaries for proper pairs: (1, 5612)
[M::mem_pestat] analyzing insert size distribution for orientation RR...
[M::mem_pestat] (25, 50, 75) percentile: (160, 218, 4270)
[M::mem_pestat] low and high boundaries for computing mean and std.dev: (1, 12490)
[M::mem_pestat] mean and std.dev: (1587.38, 2405.00)
[M::mem_pestat] low and high boundaries for proper pairs: (1, 16600)
[M::mem_pestat] skip orientation FF
[M::mem_pestat] skip orientation RF
[M::mem_pestat] skip orientation RR
[M::mem_process_seqs] Processed 2823142 reads in 3056.324 CPU sec, 76.856 real sec
[M::process] read 2831892 sequences (400000249 bp)...
[M::mem_pestat] # candidate unique pairs for (FF, FR, RF, RR): (11, 753919, 112, 17)
[M::mem_pestat] analyzing insert size distribution for orientation FF...
[M::mem_pestat] (25, 50, 75) percentile: (572, 1456, 4375)
[M::mem_pestat] low and high boundaries for computing mean and std.dev: (1, 11981)
[M::mem_pestat] mean and std.dev: (2510.45, 2342.81)
[M::mem_pestat] low and high boundaries for proper pairs: (1, 15784)
[M::mem_pestat] analyzing insert size distribution for orientation FR...
[M::mem_pestat] (25, 50, 75) percentile: (182, 224, 303)
[M::mem_pestat] low and high boundaries for computing mean and std.dev: (1, 545)
[M::mem_pestat] mean and std.dev: (243.93, 85.10)
[M::mem_pestat] low and high boundaries for proper pairs: (1, 666)
[M::mem_pestat] analyzing insert size distribution for orientation RF...
[M::mem_pestat] (25, 50, 75) percentile: (154, 397, 1219)
[M::mem_pestat] low and high boundaries for computing mean and std.dev: (1, 3349)
[M::mem_pestat] mean and std.dev: (589.80, 630.78)
[M::mem_pestat] low and high boundaries for proper pairs: (1, 4414)
[M::mem_pestat] analyzing insert size distribution for orientation RR...
[M::mem_pestat] (25, 50, 75) percentile: (193, 576, 2434)
[M::mem_pestat] low and high boundaries for computing mean and std.dev: (1, 6916)
[M::mem_pestat] mean and std.dev: (807.67, 946.02)
[M::mem_pestat] low and high boundaries for proper pairs: (1, 9157)
[M::mem_pestat] skip orientation FF
[M::mem_pestat] skip orientation RF
[M::mem_pestat] skip orientation RR
[M::mem_process_seqs] Processed 2827722 reads in 3059.732 CPU sec, 76.514 real sec
[M::process] read 2828970 sequences (400000221 bp)...
[M::mem_pestat] # candidate unique pairs for (FF, FR, RF, RR): (9, 753112, 79, 9)
[M::mem_pestat] skip orientation FF as there are not enough pairs
[M::mem_pestat] analyzing insert size distribution for orientation FR...
[M::mem_pestat] (25, 50, 75) percentile: (182, 224, 303)
[M::mem_pestat] low and high boundaries for computing mean and std.dev: (1, 545)
[M::mem_pestat] mean and std.dev: (244.02, 85.20)
[M::mem_pestat] low and high boundaries for proper pairs: (1, 666)
[M::mem_pestat] analyzing insert size distribution for orientation RF...
[M::mem_pestat] (25, 50, 75) percentile: (128, 424, 2329)
[M::mem_pestat] low and high boundaries for computing mean and std.dev: (1, 6731)
[M::mem_pestat] mean and std.dev: (1163.87, 1398.60)
[M::mem_pestat] low and high boundaries for proper pairs: (1, 8932)
[M::mem_pestat] skip orientation RR as there are not enough pairs
[M::mem_pestat] skip orientation RF
[M::mem_process_seqs] Processed 2831892 reads in 3199.253 CPU sec, 80.229 real sec
[M::process] read 2836212 sequences (400000142 bp)...
[M::mem_pestat] # candidate unique pairs for (FF, FR, RF, RR): (13, 753900, 89, 22)
[M::mem_pestat] analyzing insert size distribution for orientation FF...
[M::mem_pestat] (25, 50, 75) percentile: (93, 191, 2000)
[M::mem_pestat] low and high boundaries for computing mean and std.dev: (1, 5814)
[M::mem_pestat] mean and std.dev: (860.92, 1310.23)
[M::mem_pestat] low and high boundaries for proper pairs: (1, 7721)
[M::mem_pestat] analyzing insert size distribution for orientation FR...
[M::mem_pestat] (25, 50, 75) percentile: (182, 224, 303)
[M::mem_pestat] low and high boundaries for computing mean and std.dev: (1, 545)
[M::mem_pestat] mean and std.dev: (244.12, 85.08)
[M::mem_pestat] low and high boundaries for proper pairs: (1, 666)
[M::mem_pestat] analyzing insert size distribution for orientation RF...
[M::mem_pestat] (25, 50, 75) percentile: (181, 719, 2374)
[M::mem_pestat] low and high boundaries for computing mean and std.dev: (1, 6760)
[M::mem_pestat] mean and std.dev: (1209.02, 1520.90)
[M::mem_pestat] low and high boundaries for proper pairs: (1, 8953)
[M::mem_pestat] analyzing insert size distribution for orientation RR...
[M::mem_pestat] (25, 50, 75) percentile: (126, 214, 306)
[M::mem_pestat] low and high boundaries for computing mean and std.dev: (1, 666)
[M::mem_pestat] mean and std.dev: (189.33, 78.49)
[M::mem_pestat] low and high boundaries for proper pairs: (1, 846)
[M::mem_pestat] skip orientation FF
[M::mem_pestat] skip orientation RF
[M::mem_pestat] skip orientation RR
[M::mem_process_seqs] Processed 2828970 reads in 3078.754 CPU sec, 77.213 real sec
[M::process] read 2827948 sequences (400000207 bp)...
[M::mem_pestat] # candidate unique pairs for (FF, FR, RF, RR): (19, 754564, 79, 16)
[M::mem_pestat] analyzing insert size distribution for orientation FF...
[M::mem_pestat] (25, 50, 75) percentile: (173, 284, 2992)
[M::mem_pestat] low and high boundaries for computing mean and std.dev: (1, 8630)
[M::mem_pestat] mean and std.dev: (1203.89, 1418.65)
[M::mem_pestat] low and high boundaries for proper pairs: (1, 11449)
[M::mem_pestat] analyzing insert size distribution for orientation FR...
[M::mem_pestat] (25, 50, 75) percentile: (181, 223, 302)
[M::mem_pestat] low and high boundaries for computing mean and std.dev: (1, 544)
[M::mem_pestat] mean and std.dev: (243.37, 84.89)
[M::mem_pestat] low and high boundaries for proper pairs: (1, 665)
[M::mem_pestat] analyzing insert size distribution for orientation RF...
[M::mem_pestat] (25, 50, 75) percentile: (97, 363, 1222)
[M::mem_pestat] low and high boundaries for computing mean and std.dev: (1, 3472)
[M::mem_pestat] mean and std.dev: (589.49, 657.13)
[M::mem_pestat] low and high boundaries for proper pairs: (1, 4597)
[M::mem_pestat] analyzing insert size distribution for orientation RR...
[M::mem_pestat] (25, 50, 75) percentile: (217, 2842, 4424)
[M::mem_pestat] low and high boundaries for computing mean and std.dev: (1, 12838)
[M::mem_pestat] mean and std.dev: (2425.44, 2320.76)
[M::mem_pestat] low and high boundaries for proper pairs: (1, 17045)
[M::mem_pestat] skip orientation FF
[M::mem_pestat] skip orientation RF
[M::mem_pestat] skip orientation RR
[M::mem_process_seqs] Processed 2836212 reads in 3687.173 CPU sec, 92.491 real sec
[M::process] read 2832072 sequences (400000245 bp)...
[M::mem_pestat] # candidate unique pairs for (FF, FR, RF, RR): (9, 753947, 88, 11)
[M::mem_pestat] skip orientation FF as there are not enough pairs
[M::mem_pestat] analyzing insert size distribution for orientation FR...
[M::mem_pestat] (25, 50, 75) percentile: (182, 224, 303)
[M::mem_pestat] low and high boundaries for computing mean and std.dev: (1, 545)
[M::mem_pestat] mean and std.dev: (243.91, 84.96)
[M::mem_pestat] low and high boundaries for proper pairs: (1, 666)
[M::mem_pestat] analyzing insert size distribution for orientation RF...
[M::mem_pestat] (25, 50, 75) percentile: (103, 223, 1928)
[M::mem_pestat] low and high boundaries for computing mean and std.dev: (1, 5578)
[M::mem_pestat] mean and std.dev: (977.02, 1451.33)
[M::mem_pestat] low and high boundaries for proper pairs: (1, 7403)
[M::mem_pestat] analyzing insert size distribution for orientation RR...
[M::mem_pestat] (25, 50, 75) percentile: (850, 896, 3150)
[M::mem_pestat] low and high boundaries for computing mean and std.dev: (1, 7750)
[M::mem_pestat] mean and std.dev: (1713.18, 1217.69)
[M::mem_pestat] low and high boundaries for proper pairs: (1, 10050)
[M::mem_pestat] skip orientation RF
[M::mem_pestat] skip orientation RR
[M::mem_process_seqs] Processed 2827948 reads in 3126.950 CPU sec, 78.653 real sec
[M::process] read 2816680 sequences (400000143 bp)...
[M::mem_pestat] # candidate unique pairs for (FF, FR, RF, RR): (12, 754470, 74, 10)
[M::mem_pestat] analyzing insert size distribution for orientation FF...
[M::mem_pestat] (25, 50, 75) percentile: (160, 2361, 4309)
[M::mem_pestat] low and high boundaries for computing mean and std.dev: (1, 12607)
[M::mem_pestat] mean and std.dev: (2208.92, 1971.87)
[M::mem_pestat] low and high boundaries for proper pairs: (1, 16756)
[M::mem_pestat] analyzing insert size distribution for orientation FR...
[M::mem_pestat] (25, 50, 75) percentile: (181, 223, 302)
[M::mem_pestat] low and high boundaries for computing mean and std.dev: (1, 544)
[M::mem_pestat] mean and std.dev: (243.38, 85.02)
[M::mem_pestat] low and high boundaries for proper pairs: (1, 665)
[M::mem_pestat] analyzing insert size distribution for orientation RF...
[M::mem_pestat] (25, 50, 75) percentile: (120, 352, 1495)
[M::mem_pestat] low and high boundaries for computing mean and std.dev: (1, 4245)
[M::mem_pestat] mean and std.dev: (857.48, 1038.06)
[M::mem_pestat] low and high boundaries for proper pairs: (1, 5620)
[M::mem_pestat] analyzing insert size distribution for orientation RR...
[M::mem_pestat] (25, 50, 75) percentile: (101, 3543, 3947)
[M::mem_pestat] low and high boundaries for computing mean and std.dev: (1, 11639)
[M::mem_pestat] mean and std.dev: (2382.60, 2321.24)
[M::mem_pestat] low and high boundaries for proper pairs: (1, 15485)
[M::mem_pestat] skip orientation FF
[M::mem_pestat] skip orientation RF
[M::mem_pestat] skip orientation RR
[M::mem_process_seqs] Processed 2832072 reads in 3103.104 CPU sec, 77.841 real sec
[M::process] read 2795338 sequences (400000021 bp)...
[M::mem_pestat] # candidate unique pairs for (FF, FR, RF, RR): (13, 754007, 70, 17)
[M::mem_pestat] analyzing insert size distribution for orientation FF...
[M::mem_pestat] (25, 50, 75) percentile: (167, 216, 1854)
[M::mem_pestat] low and high boundaries for computing mean and std.dev: (1, 5228)
[M::mem_pestat] mean and std.dev: (844.38, 1202.46)
[M::mem_pestat] low and high boundaries for proper pairs: (1, 6915)
[M::mem_pestat] analyzing insert size distribution for orientation FR...
[M::mem_pestat] (25, 50, 75) percentile: (182, 224, 303)
[M::mem_pestat] low and high boundaries for computing mean and std.dev: (1, 545)
[M::mem_pestat] mean and std.dev: (244.41, 85.32)
[M::mem_pestat] low and high boundaries for proper pairs: (1, 666)
[M::mem_pestat] analyzing insert size distribution for orientation RF...
[M::mem_pestat] (25, 50, 75) percentile: (150, 722, 1644)
[M::mem_pestat] low and high boundaries for computing mean and std.dev: (1, 4632)
[M::mem_pestat] mean and std.dev: (960.65, 1041.28)
[M::mem_pestat] low and high boundaries for proper pairs: (1, 6126)
[M::mem_pestat] analyzing insert size distribution for orientation RR...
[M::mem_pestat] (25, 50, 75) percentile: (317, 1606, 2459)
[M::mem_pestat] low and high boundaries for computing mean and std.dev: (1, 6743)
[M::mem_pestat] mean and std.dev: (1654.76, 1328.74)
[M::mem_pestat] low and high boundaries for proper pairs: (1, 8885)
[M::mem_pestat] skip orientation FF
[M::mem_pestat] skip orientation RF
[M::mem_pestat] skip orientation RR
[M::mem_process_seqs] Processed 2816680 reads in 3019.881 CPU sec, 75.541 real sec
[M::process] read 2790458 sequences (400000112 bp)...
[M::mem_pestat] # candidate unique pairs for (FF, FR, RF, RR): (15, 753458, 81, 15)
[M::mem_pestat] analyzing insert size distribution for orientation FF...
[M::mem_pestat] (25, 50, 75) percentile: (1682, 2263, 4406)
[M::mem_pestat] low and high boundaries for computing mean and std.dev: (1, 9854)
[M::mem_pestat] mean and std.dev: (2755.00, 1927.15)
[M::mem_pestat] low and high boundaries for proper pairs: (1, 12578)
[M::mem_pestat] analyzing insert size distribution for orientation FR...
[M::mem_pestat] (25, 50, 75) percentile: (181, 223, 301)
[M::mem_pestat] low and high boundaries for computing mean and std.dev: (1, 541)
[M::mem_pestat] mean and std.dev: (243.02, 84.80)
[M::mem_pestat] low and high boundaries for proper pairs: (1, 661)
[M::mem_pestat] analyzing insert size distribution for orientation RF...
[M::mem_pestat] (25, 50, 75) percentile: (216, 391, 2408)
[M::mem_pestat] low and high boundaries for computing mean and std.dev: (1, 6792)
[M::mem_pestat] mean and std.dev: (1101.12, 1487.93)
[M::mem_pestat] low and high boundaries for proper pairs: (1, 8984)
[M::mem_pestat] analyzing insert size distribution for orientation RR...
[M::mem_pestat] (25, 50, 75) percentile: (289, 601, 3555)
[M::mem_pestat] low and high boundaries for computing mean and std.dev: (1, 10087)
[M::mem_pestat] mean and std.dev: (2331.73, 2649.76)
[M::mem_pestat] low and high boundaries for proper pairs: (1, 13353)
[M::mem_pestat] skip orientation FF
[M::mem_pestat] skip orientation RF
[M::mem_pestat] skip orientation RR
[M::mem_process_seqs] Processed 2795338 reads in 3015.429 CPU sec, 75.829 real sec
[M::process] read 2790350 sequences (400000020 bp)...
[M::mem_pestat] # candidate unique pairs for (FF, FR, RF, RR): (16, 754104, 87, 11)
[M::mem_pestat] analyzing insert size distribution for orientation FF...
[M::mem_pestat] (25, 50, 75) percentile: (109, 1111, 3329)
[M::mem_pestat] low and high boundaries for computing mean and std.dev: (1, 9769)
[M::mem_pestat] mean and std.dev: (1865.06, 2357.07)
[M::mem_pestat] low and high boundaries for proper pairs: (1, 12989)
[M::mem_pestat] analyzing insert size distribution for orientation FR...
[M::mem_pestat] (25, 50, 75) percentile: (182, 224, 304)
[M::mem_pestat] low and high boundaries for computing mean and std.dev: (1, 548)
[M::mem_pestat] mean and std.dev: (244.51, 85.35)
[M::mem_pestat] low and high boundaries for proper pairs: (1, 670)
[M::mem_pestat] analyzing insert size distribution for orientation RF...
[M::mem_pestat] (25, 50, 75) percentile: (189, 701, 1328)
[M::mem_pestat] low and high boundaries for computing mean and std.dev: (1, 3606)
[M::mem_pestat] mean and std.dev: (914.40, 859.91)
[M::mem_pestat] low and high boundaries for proper pairs: (1, 4745)
[M::mem_pestat] analyzing insert size distribution for orientation RR...
[M::mem_pestat] (25, 50, 75) percentile: (351, 1930, 4031)
[M::mem_pestat] low and high boundaries for computing mean and std.dev: (1, 11391)
[M::mem_pestat] mean and std.dev: (2633.55, 2723.24)
[M::mem_pestat] low and high boundaries for proper pairs: (1, 15071)
[M::mem_pestat] skip orientation FF
[M::mem_pestat] skip orientation RF
[M::mem_pestat] skip orientation RR
[M::mem_process_seqs] Processed 2790458 reads in 3010.516 CPU sec, 75.529 real sec
[M::process] read 2785914 sequences (400000082 bp)...
[M::mem_pestat] # candidate unique pairs for (FF, FR, RF, RR): (9, 751939, 69, 17)
[M::mem_pestat] skip orientation FF as there are not enough pairs
[M::mem_pestat] analyzing insert size distribution for orientation FR...
[M::mem_pestat] (25, 50, 75) percentile: (184, 227, 308)
[M::mem_pestat] low and high boundaries for computing mean and std.dev: (1, 556)
[M::mem_pestat] mean and std.dev: (247.18, 85.97)
[M::mem_pestat] low and high boundaries for proper pairs: (1, 680)
[M::mem_pestat] analyzing insert size distribution for orientation RF...
[M::mem_pestat] (25, 50, 75) percentile: (147, 310, 1178)
[M::mem_pestat] low and high boundaries for computing mean and std.dev: (1, 3240)
[M::mem_pestat] mean and std.dev: (598.87, 784.18)
[M::mem_pestat] low and high boundaries for proper pairs: (1, 4271)
[M::mem_pestat] analyzing insert size distribution for orientation RR...
[M::mem_pestat] (25, 50, 75) percentile: (448, 2910, 4507)
[M::mem_pestat] low and high boundaries for computing mean and std.dev: (1, 12625)
[M::mem_pestat] mean and std.dev: (2593.12, 1785.68)
[M::mem_pestat] low and high boundaries for proper pairs: (1, 16684)
[M::mem_pestat] skip orientation RF
[M::mem_pestat] skip orientation RR
[M::mem_process_seqs] Processed 2790350 reads in 3297.855 CPU sec, 88.338 real sec
[M::process] read 2786834 sequences (400000133 bp)...
[M::mem_pestat] # candidate unique pairs for (FF, FR, RF, RR): (6, 749253, 81, 14)
[M::mem_pestat] skip orientation FF as there are not enough pairs
[M::mem_pestat] analyzing insert size distribution for orientation FR...
[M::mem_pestat] (25, 50, 75) percentile: (185, 231, 314)
[M::mem_pestat] low and high boundaries for computing mean and std.dev: (1, 572)
[M::mem_pestat] mean and std.dev: (250.92, 87.74)
[M::mem_pestat] low and high boundaries for proper pairs: (1, 701)
[M::mem_pestat] analyzing insert size distribution for orientation RF...
[M::mem_pestat] (25, 50, 75) percentile: (192, 498, 1576)
[M::mem_pestat] low and high boundaries for computing mean and std.dev: (1, 4344)
[M::mem_pestat] mean and std.dev: (792.56, 882.34)
[M::mem_pestat] low and high boundaries for proper pairs: (1, 5728)
[M::mem_pestat] analyzing insert size distribution for orientation RR...
[M::mem_pestat] (25, 50, 75) percentile: (315, 684, 5470)
[M::mem_pestat] low and high boundaries for computing mean and std.dev: (1, 15780)
[M::mem_pestat] mean and std.dev: (2948.29, 3421.26)
[M::mem_pestat] low and high boundaries for proper pairs: (1, 20935)
[M::mem_pestat] skip orientation RF
[M::mem_pestat] skip orientation RR
[M::mem_process_seqs] Processed 2785914 reads in 3072.422 CPU sec, 76.905 real sec
[M::process] read 2800396 sequences (400000133 bp)...
[M::mem_pestat] # candidate unique pairs for (FF, FR, RF, RR): (13, 750562, 95, 16)
[M::mem_pestat] analyzing insert size distribution for orientation FF...
[M::mem_pestat] (25, 50, 75) percentile: (151, 2988, 3701)
[M::mem_pestat] low and high boundaries for computing mean and std.dev: (1, 10801)
[M::mem_pestat] mean and std.dev: (2115.23, 1903.97)
[M::mem_pestat] low and high boundaries for proper pairs: (1, 14351)
[M::mem_pestat] analyzing insert size distribution for orientation FR...
[M::mem_pestat] (25, 50, 75) percentile: (183, 226, 307)
[M::mem_pestat] low and high boundaries for computing mean and std.dev: (1, 555)
[M::mem_pestat] mean and std.dev: (246.53, 86.26)
[M::mem_pestat] low and high boundaries for proper pairs: (1, 679)
[M::mem_pestat] analyzing insert size distribution for orientation RF...
[M::mem_pestat] (25, 50, 75) percentile: (156, 388, 1565)
[M::mem_pestat] low and high boundaries for computing mean and std.dev: (1, 4383)
[M::mem_pestat] mean and std.dev: (855.91, 988.74)
[M::mem_pestat] low and high boundaries for proper pairs: (1, 5792)
[M::mem_pestat] analyzing insert size distribution for orientation RR...
[M::mem_pestat] (25, 50, 75) percentile: (247, 395, 1621)
[M::mem_pestat] low and high boundaries for computing mean and std.dev: (1, 4369)
[M::mem_pestat] mean and std.dev: (721.27, 774.84)
[M::mem_pestat] low and high boundaries for proper pairs: (1, 5743)
[M::mem_pestat] skip orientation FF
[M::mem_pestat] skip orientation RF
[M::mem_pestat] skip orientation RR
[M::mem_process_seqs] Processed 2786834 reads in 3008.617 CPU sec, 75.639 real sec
[M::process] read 2807600 sequences (400000238 bp)...
[M::mem_pestat] # candidate unique pairs for (FF, FR, RF, RR): (5, 750492, 84, 15)
[M::mem_pestat] skip orientation FF as there are not enough pairs
[M::mem_pestat] analyzing insert size distribution for orientation FR...
[M::mem_pestat] (25, 50, 75) percentile: (184, 229, 312)
[M::mem_pestat] low and high boundaries for computing mean and std.dev: (1, 568)
[M::mem_pestat] mean and std.dev: (249.37, 87.43)
[M::mem_pestat] low and high boundaries for proper pairs: (1, 696)
[M::mem_pestat] analyzing insert size distribution for orientation RF...
[M::mem_pestat] (25, 50, 75) percentile: (165, 382, 1296)
[M::mem_pestat] low and high boundaries for computing mean and std.dev: (1, 3558)
[M::mem_pestat] mean and std.dev: (759.46, 805.91)
[M::mem_pestat] low and high boundaries for proper pairs: (1, 4689)
[M::mem_pestat] analyzing insert size distribution for orientation RR...
[M::mem_pestat] (25, 50, 75) percentile: (238, 2216, 2408)
[M::mem_pestat] low and high boundaries for computing mean and std.dev: (1, 6748)
[M::mem_pestat] mean and std.dev: (1756.71, 1837.69)
[M::mem_pestat] low and high boundaries for proper pairs: (1, 9107)
[M::mem_pestat] skip orientation RF
[M::mem_pestat] skip orientation RR
[M::mem_process_seqs] Processed 2800396 reads in 3201.507 CPU sec, 80.130 real sec
[M::process] read 2805910 sequences (400000036 bp)...
[M::mem_pestat] # candidate unique pairs for (FF, FR, RF, RR): (11, 750005, 97, 9)
[M::mem_pestat] analyzing insert size distribution for orientation FF...
[M::mem_pestat] (25, 50, 75) percentile: (1545, 3322, 5677)
[M::mem_pestat] low and high boundaries for computing mean and std.dev: (1, 13941)
[M::mem_pestat] mean and std.dev: (3419.73, 2731.87)
[M::mem_pestat] low and high boundaries for proper pairs: (1, 18073)
[M::mem_pestat] analyzing insert size distribution for orientation FR...
[M::mem_pestat] (25, 50, 75) percentile: (184, 228, 311)
[M::mem_pestat] low and high boundaries for computing mean and std.dev: (1, 565)
[M::mem_pestat] mean and std.dev: (249.02, 87.39)
[M::mem_pestat] low and high boundaries for proper pairs: (1, 692)
[M::mem_pestat] analyzing insert size distribution for orientation RF...
[M::mem_pestat] (25, 50, 75) percentile: (128, 454, 2492)
[M::mem_pestat] low and high boundaries for computing mean and std.dev: (1, 7220)
[M::mem_pestat] mean and std.dev: (1370.37, 1834.84)
[M::mem_pestat] low and high boundaries for proper pairs: (1, 9584)
[M::mem_pestat] skip orientation RR as there are not enough pairs
[M::mem_pestat] skip orientation FF
[M::mem_pestat] skip orientation RF
[M::mem_process_seqs] Processed 2807600 reads in 3126.853 CPU sec, 78.593 real sec
[M::process] read 2800744 sequences (400000239 bp)...
[M::mem_pestat] # candidate unique pairs for (FF, FR, RF, RR): (9, 751657, 101, 18)
[M::mem_pestat] skip orientation FF as there are not enough pairs
[M::mem_pestat] analyzing insert size distribution for orientation FR...
[M::mem_pestat] (25, 50, 75) percentile: (184, 228, 311)
[M::mem_pestat] low and high boundaries for computing mean and std.dev: (1, 565)
[M::mem_pestat] mean and std.dev: (249.12, 87.53)
[M::mem_pestat] low and high boundaries for proper pairs: (1, 692)
[M::mem_pestat] analyzing insert size distribution for orientation RF...
[M::mem_pestat] (25, 50, 75) percentile: (135, 286, 2411)
[M::mem_pestat] low and high boundaries for computing mean and std.dev: (1, 6963)
[M::mem_pestat] mean and std.dev: (1148.20, 1494.23)
[M::mem_pestat] low and high boundaries for proper pairs: (1, 9239)
[M::mem_pestat] analyzing insert size distribution for orientation RR...
[M::mem_pestat] (25, 50, 75) percentile: (141, 343, 2363)
[M::mem_pestat] low and high boundaries for computing mean and std.dev: (1, 6807)
[M::mem_pestat] mean and std.dev: (1311.22, 1428.67)
[M::mem_pestat] low and high boundaries for proper pairs: (1, 9029)
[M::mem_pestat] skip orientation RF
[M::mem_pestat] skip orientation RR
[M::mem_process_seqs] Processed 2805910 reads in 3121.520 CPU sec, 78.104 real sec
[M::process] read 2800470 sequences (400000232 bp)...
[M::mem_pestat] # candidate unique pairs for (FF, FR, RF, RR): (12, 748672, 99, 14)
[M::mem_pestat] analyzing insert size distribution for orientation FF...
[M::mem_pestat] (25, 50, 75) percentile: (339, 1963, 3944)
[M::mem_pestat] low and high boundaries for computing mean and std.dev: (1, 11154)
[M::mem_pestat] mean and std.dev: (2197.25, 2009.93)
[M::mem_pestat] low and high boundaries for proper pairs: (1, 14759)
[M::mem_pestat] analyzing insert size distribution for orientation FR...
[M::mem_pestat] (25, 50, 75) percentile: (185, 231, 315)
[M::mem_pestat] low and high boundaries for computing mean and std.dev: (1, 575)
[M::mem_pestat] mean and std.dev: (251.54, 88.46)
[M::mem_pestat] low and high boundaries for proper pairs: (1, 705)
[M::mem_pestat] analyzing insert size distribution for orientation RF...
[M::mem_pestat] (25, 50, 75) percentile: (123, 452, 1868)
[M::mem_pestat] low and high boundaries for computing mean and std.dev: (1, 5358)
[M::mem_pestat] mean and std.dev: (994.97, 1164.02)
[M::mem_pestat] low and high boundaries for proper pairs: (1, 7103)
[M::mem_pestat] analyzing insert size distribution for orientation RR...
[M::mem_pestat] (25, 50, 75) percentile: (169, 1482, 5724)
[M::mem_pestat] low and high boundaries for computing mean and std.dev: (1, 16834)
[M::mem_pestat] mean and std.dev: (2407.36, 2922.13)
[M::mem_pestat] low and high boundaries for proper pairs: (1, 22389)
[M::mem_pestat] skip orientation FF
[M::mem_pestat] skip orientation RF
[M::mem_pestat] skip orientation RR
[M::mem_process_seqs] Processed 2800744 reads in 3121.998 CPU sec, 78.309 real sec
[M::process] read 1236930 sequences (176864429 bp)...
[M::mem_pestat] # candidate unique pairs for (FF, FR, RF, RR): (9, 749763, 100, 13)
[M::mem_pestat] skip orientation FF as there are not enough pairs
[M::mem_pestat] analyzing insert size distribution for orientation FR...
[M::mem_pestat] (25, 50, 75) percentile: (184, 230, 314)
[M::mem_pestat] low and high boundaries for computing mean and std.dev: (1, 574)
[M::mem_pestat] mean and std.dev: (250.34, 88.35)
[M::mem_pestat] low and high boundaries for proper pairs: (1, 704)
[M::mem_pestat] analyzing insert size distribution for orientation RF...
[M::mem_pestat] (25, 50, 75) percentile: (140, 482, 2019)
[M::mem_pestat] low and high boundaries for computing mean and std.dev: (1, 5777)
[M::mem_pestat] mean and std.dev: (1032.82, 1180.91)
[M::mem_pestat] low and high boundaries for proper pairs: (1, 7656)
[M::mem_pestat] analyzing insert size distribution for orientation RR...
[M::mem_pestat] (25, 50, 75) percentile: (360, 512, 2505)
[M::mem_pestat] low and high boundaries for computing mean and std.dev: (1, 6795)
[M::mem_pestat] mean and std.dev: (1349.31, 1150.10)
[M::mem_pestat] low and high boundaries for proper pairs: (1, 8940)
[M::mem_pestat] skip orientation RF
[M::mem_pestat] skip orientation RR
[M::mem_process_seqs] Processed 2800470 reads in 3087.403 CPU sec, 77.547 real sec
[M::mem_pestat] # candidate unique pairs for (FF, FR, RF, RR): (10, 331489, 43, 4)
[M::mem_pestat] analyzing insert size distribution for orientation FF...
[M::mem_pestat] (25, 50, 75) percentile: (136, 434, 434)
[M::mem_pestat] low and high boundaries for computing mean and std.dev: (1, 1030)
[M::mem_pestat] mean and std.dev: (275.50, 159.97)
[M::mem_pestat] low and high boundaries for proper pairs: (1, 1328)
[M::mem_pestat] analyzing insert size distribution for orientation FR...
[M::mem_pestat] (25, 50, 75) percentile: (185, 231, 316)
[M::mem_pestat] low and high boundaries for computing mean and std.dev: (1, 578)
[M::mem_pestat] mean and std.dev: (252.06, 89.28)
[M::mem_pestat] low and high boundaries for proper pairs: (1, 709)
[M::mem_pestat] analyzing insert size distribution for orientation RF...
[M::mem_pestat] (25, 50, 75) percentile: (123, 378, 1691)
[M::mem_pestat] low and high boundaries for computing mean and std.dev: (1, 4827)
[M::mem_pestat] mean and std.dev: (800.40, 899.88)
[M::mem_pestat] low and high boundaries for proper pairs: (1, 6395)
[M::mem_pestat] skip orientation RR as there are not enough pairs
[M::mem_pestat] skip orientation FF
[M::mem_pestat] skip orientation RF
[M::mem_process_seqs] Processed 1236930 reads in 1381.474 CPU sec, 34.724 real sec
[main] Version: 0.7.17-r1188
[main] CMD: /home/shared/bwa-0.7.17/bwa mem -M -t 40 ../data/bwa-GCF_031168955.1_ASM3116895v1_genomic ../data/trimmed-fastqs-heatwave-genetics/MHW138_trimmed_clipped_R1_paired.fq.gz ../data/trimmed-fastqs-heatwave-genetics/MHW138_trimmed_clipped_R2_paired.fq.gz
[main] Real time: 3204.330 sec; CPU: 126972.252 sec
