[M::bwa_idx_load_from_disk] read 0 ALT contigs
[M::process] read 2788362 sequences (400000014 bp)...
[M::process] read 2788054 sequences (400000058 bp)...
[M::mem_pestat] # candidate unique pairs for (FF, FR, RF, RR): (10, 774279, 62, 9)
[M::mem_pestat] analyzing insert size distribution for orientation FF...
[M::mem_pestat] (25, 50, 75) percentile: (220, 281, 629)
[M::mem_pestat] low and high boundaries for computing mean and std.dev: (1, 1447)
[M::mem_pestat] mean and std.dev: (325.00, 169.40)
[M::mem_pestat] low and high boundaries for proper pairs: (1, 1856)
[M::mem_pestat] analyzing insert size distribution for orientation FR...
[M::mem_pestat] (25, 50, 75) percentile: (180, 212, 322)
[M::mem_pestat] low and high boundaries for computing mean and std.dev: (1, 606)
[M::mem_pestat] mean and std.dev: (247.68, 94.46)
[M::mem_pestat] low and high boundaries for proper pairs: (1, 748)
[M::mem_pestat] analyzing insert size distribution for orientation RF...
[M::mem_pestat] (25, 50, 75) percentile: (112, 462, 2923)
[M::mem_pestat] low and high boundaries for computing mean and std.dev: (1, 8545)
[M::mem_pestat] mean and std.dev: (1690.79, 2409.30)
[M::mem_pestat] low and high boundaries for proper pairs: (1, 11356)
[M::mem_pestat] skip orientation RR as there are not enough pairs
[M::mem_pestat] skip orientation FF
[M::mem_pestat] skip orientation RF
[M::mem_process_seqs] Processed 2788362 reads in 3047.316 CPU sec, 76.422 real sec
[M::process] read 2780712 sequences (400000070 bp)...
[M::mem_pestat] # candidate unique pairs for (FF, FR, RF, RR): (12, 773512, 61, 8)
[M::mem_pestat] analyzing insert size distribution for orientation FF...
[M::mem_pestat] (25, 50, 75) percentile: (222, 235, 2422)
[M::mem_pestat] low and high boundaries for computing mean and std.dev: (1, 6822)
[M::mem_pestat] mean and std.dev: (917.17, 1290.39)
[M::mem_pestat] low and high boundaries for proper pairs: (1, 9022)
[M::mem_pestat] analyzing insert size distribution for orientation FR...
[M::mem_pestat] (25, 50, 75) percentile: (182, 218, 333)
[M::mem_pestat] low and high boundaries for computing mean and std.dev: (1, 635)
[M::mem_pestat] mean and std.dev: (254.40, 96.86)
[M::mem_pestat] low and high boundaries for proper pairs: (1, 786)
[M::mem_pestat] analyzing insert size distribution for orientation RF...
[M::mem_pestat] (25, 50, 75) percentile: (163, 569, 1647)
[M::mem_pestat] low and high boundaries for computing mean and std.dev: (1, 4615)
[M::mem_pestat] mean and std.dev: (895.32, 1063.87)
[M::mem_pestat] low and high boundaries for proper pairs: (1, 6099)
[M::mem_pestat] skip orientation RR as there are not enough pairs
[M::mem_pestat] skip orientation FF
[M::mem_pestat] skip orientation RF
[M::mem_process_seqs] Processed 2788054 reads in 3216.052 CPU sec, 80.726 real sec
[M::process] read 2785994 sequences (400000053 bp)...
[M::mem_pestat] # candidate unique pairs for (FF, FR, RF, RR): (14, 774905, 63, 10)
[M::mem_pestat] analyzing insert size distribution for orientation FF...
[M::mem_pestat] (25, 50, 75) percentile: (215, 3918, 5248)
[M::mem_pestat] low and high boundaries for computing mean and std.dev: (1, 15314)
[M::mem_pestat] mean and std.dev: (2905.79, 2273.35)
[M::mem_pestat] low and high boundaries for proper pairs: (1, 20347)
[M::mem_pestat] analyzing insert size distribution for orientation FR...
[M::mem_pestat] (25, 50, 75) percentile: (181, 215, 328)
[M::mem_pestat] low and high boundaries for computing mean and std.dev: (1, 622)
[M::mem_pestat] mean and std.dev: (251.03, 95.48)
[M::mem_pestat] low and high boundaries for proper pairs: (1, 769)
[M::mem_pestat] analyzing insert size distribution for orientation RF...
[M::mem_pestat] (25, 50, 75) percentile: (156, 398, 2505)
[M::mem_pestat] low and high boundaries for computing mean and std.dev: (1, 7203)
[M::mem_pestat] mean and std.dev: (1366.55, 1794.21)
[M::mem_pestat] low and high boundaries for proper pairs: (1, 9552)
[M::mem_pestat] analyzing insert size distribution for orientation RR...
[M::mem_pestat] (25, 50, 75) percentile: (199, 1469, 1584)
[M::mem_pestat] low and high boundaries for computing mean and std.dev: (1, 4354)
[M::mem_pestat] mean and std.dev: (847.12, 652.75)
[M::mem_pestat] low and high boundaries for proper pairs: (1, 5739)
[M::mem_pestat] skip orientation FF
[M::mem_pestat] skip orientation RF
[M::mem_pestat] skip orientation RR
[M::mem_process_seqs] Processed 2780712 reads in 3186.500 CPU sec, 79.974 real sec
[M::process] read 2779880 sequences (400000238 bp)...
[M::mem_pestat] # candidate unique pairs for (FF, FR, RF, RR): (5, 775065, 82, 11)
[M::mem_pestat] skip orientation FF as there are not enough pairs
[M::mem_pestat] analyzing insert size distribution for orientation FR...
[M::mem_pestat] (25, 50, 75) percentile: (181, 215, 328)
[M::mem_pestat] low and high boundaries for computing mean and std.dev: (1, 622)
[M::mem_pestat] mean and std.dev: (251.12, 95.35)
[M::mem_pestat] low and high boundaries for proper pairs: (1, 769)
[M::mem_pestat] analyzing insert size distribution for orientation RF...
[M::mem_pestat] (25, 50, 75) percentile: (143, 274, 2017)
[M::mem_pestat] low and high boundaries for computing mean and std.dev: (1, 5765)
[M::mem_pestat] mean and std.dev: (936.68, 1213.11)
[M::mem_pestat] low and high boundaries for proper pairs: (1, 7639)
[M::mem_pestat] analyzing insert size distribution for orientation RR...
[M::mem_pestat] (25, 50, 75) percentile: (166, 277, 2068)
[M::mem_pestat] low and high boundaries for computing mean and std.dev: (1, 5872)
[M::mem_pestat] mean and std.dev: (705.10, 782.91)
[M::mem_pestat] low and high boundaries for proper pairs: (1, 7774)
[M::mem_pestat] skip orientation RF
[M::mem_pestat] skip orientation RR
[M::mem_process_seqs] Processed 2785994 reads in 3230.088 CPU sec, 81.084 real sec
[M::process] read 2783106 sequences (400000238 bp)...
[M::mem_pestat] # candidate unique pairs for (FF, FR, RF, RR): (13, 774593, 67, 6)
[M::mem_pestat] analyzing insert size distribution for orientation FF...
[M::mem_pestat] (25, 50, 75) percentile: (155, 1173, 3191)
[M::mem_pestat] low and high boundaries for computing mean and std.dev: (1, 9263)
[M::mem_pestat] mean and std.dev: (1384.62, 1185.99)
[M::mem_pestat] low and high boundaries for proper pairs: (1, 12299)
[M::mem_pestat] analyzing insert size distribution for orientation FR...
[M::mem_pestat] (25, 50, 75) percentile: (182, 218, 333)
[M::mem_pestat] low and high boundaries for computing mean and std.dev: (1, 635)
[M::mem_pestat] mean and std.dev: (254.44, 96.58)
[M::mem_pestat] low and high boundaries for proper pairs: (1, 786)
[M::mem_pestat] analyzing insert size distribution for orientation RF...
[M::mem_pestat] (25, 50, 75) percentile: (154, 497, 2232)
[M::mem_pestat] low and high boundaries for computing mean and std.dev: (1, 6388)
[M::mem_pestat] mean and std.dev: (1086.08, 1363.07)
[M::mem_pestat] low and high boundaries for proper pairs: (1, 8466)
[M::mem_pestat] skip orientation RR as there are not enough pairs
[M::mem_pestat] skip orientation FF
[M::mem_pestat] skip orientation RF
[M::mem_process_seqs] Processed 2779880 reads in 3205.995 CPU sec, 80.408 real sec
[M::process] read 2777474 sequences (400000030 bp)...
[M::mem_pestat] # candidate unique pairs for (FF, FR, RF, RR): (8, 773369, 75, 14)
[M::mem_pestat] skip orientation FF as there are not enough pairs
[M::mem_pestat] analyzing insert size distribution for orientation FR...
[M::mem_pestat] (25, 50, 75) percentile: (180, 213, 325)
[M::mem_pestat] low and high boundaries for computing mean and std.dev: (1, 615)
[M::mem_pestat] mean and std.dev: (249.45, 95.05)
[M::mem_pestat] low and high boundaries for proper pairs: (1, 760)
[M::mem_pestat] analyzing insert size distribution for orientation RF...
[M::mem_pestat] (25, 50, 75) percentile: (202, 997, 2304)
[M::mem_pestat] low and high boundaries for computing mean and std.dev: (1, 6508)
[M::mem_pestat] mean and std.dev: (1452.42, 1810.05)
[M::mem_pestat] low and high boundaries for proper pairs: (1, 8693)
[M::mem_pestat] analyzing insert size distribution for orientation RR...
[M::mem_pestat] (25, 50, 75) percentile: (190, 274, 4506)
[M::mem_pestat] low and high boundaries for computing mean and std.dev: (1, 13138)
[M::mem_pestat] mean and std.dev: (1845.93, 2034.41)
[M::mem_pestat] low and high boundaries for proper pairs: (1, 17454)
[M::mem_pestat] skip orientation RF
[M::mem_pestat] skip orientation RR
[M::mem_process_seqs] Processed 2783106 reads in 3198.396 CPU sec, 80.386 real sec
[M::process] read 2804736 sequences (400000060 bp)...
[M::mem_pestat] # candidate unique pairs for (FF, FR, RF, RR): (10, 772940, 59, 7)
[M::mem_pestat] analyzing insert size distribution for orientation FF...
[M::mem_pestat] (25, 50, 75) percentile: (268, 1061, 2058)
[M::mem_pestat] low and high boundaries for computing mean and std.dev: (1, 5638)
[M::mem_pestat] mean and std.dev: (1272.70, 1299.41)
[M::mem_pestat] low and high boundaries for proper pairs: (1, 7428)
[M::mem_pestat] analyzing insert size distribution for orientation FR...
[M::mem_pestat] (25, 50, 75) percentile: (183, 220, 336)
[M::mem_pestat] low and high boundaries for computing mean and std.dev: (1, 642)
[M::mem_pestat] mean and std.dev: (256.27, 97.07)
[M::mem_pestat] low and high boundaries for proper pairs: (1, 795)
[M::mem_pestat] analyzing insert size distribution for orientation RF...
[M::mem_pestat] (25, 50, 75) percentile: (108, 430, 1924)
[M::mem_pestat] low and high boundaries for computing mean and std.dev: (1, 5556)
[M::mem_pestat] mean and std.dev: (878.94, 1075.47)
[M::mem_pestat] low and high boundaries for proper pairs: (1, 7372)
[M::mem_pestat] skip orientation RR as there are not enough pairs
[M::mem_pestat] skip orientation FF
[M::mem_pestat] skip orientation RF
[M::mem_process_seqs] Processed 2777474 reads in 3235.148 CPU sec, 81.106 real sec
[M::process] read 2807198 sequences (400000271 bp)...
[M::mem_pestat] # candidate unique pairs for (FF, FR, RF, RR): (8, 770579, 75, 9)
[M::mem_pestat] skip orientation FF as there are not enough pairs
[M::mem_pestat] analyzing insert size distribution for orientation FR...
[M::mem_pestat] (25, 50, 75) percentile: (182, 217, 333)
[M::mem_pestat] low and high boundaries for computing mean and std.dev: (1, 635)
[M::mem_pestat] mean and std.dev: (253.83, 96.76)
[M::mem_pestat] low and high boundaries for proper pairs: (1, 786)
[M::mem_pestat] analyzing insert size distribution for orientation RF...
[M::mem_pestat] (25, 50, 75) percentile: (223, 419, 3183)
[M::mem_pestat] low and high boundaries for computing mean and std.dev: (1, 9103)
[M::mem_pestat] mean and std.dev: (2075.93, 2594.72)
[M::mem_pestat] low and high boundaries for proper pairs: (1, 12455)
[M::mem_pestat] skip orientation RR as there are not enough pairs
[M::mem_pestat] skip orientation RF
[M::mem_process_seqs] Processed 2804736 reads in 3255.982 CPU sec, 81.451 real sec
[M::process] read 2803394 sequences (400000168 bp)...
[M::mem_pestat] # candidate unique pairs for (FF, FR, RF, RR): (12, 774608, 82, 12)
[M::mem_pestat] analyzing insert size distribution for orientation FF...
[M::mem_pestat] (25, 50, 75) percentile: (175, 405, 976)
[M::mem_pestat] low and high boundaries for computing mean and std.dev: (1, 2578)
[M::mem_pestat] mean and std.dev: (438.91, 348.32)
[M::mem_pestat] low and high boundaries for proper pairs: (1, 3379)
[M::mem_pestat] analyzing insert size distribution for orientation FR...
[M::mem_pestat] (25, 50, 75) percentile: (182, 219, 336)
[M::mem_pestat] low and high boundaries for computing mean and std.dev: (1, 644)
[M::mem_pestat] mean and std.dev: (256.27, 98.50)
[M::mem_pestat] low and high boundaries for proper pairs: (1, 798)
[M::mem_pestat] analyzing insert size distribution for orientation RF...
[M::mem_pestat] (25, 50, 75) percentile: (186, 472, 1884)
[M::mem_pestat] low and high boundaries for computing mean and std.dev: (1, 5280)
[M::mem_pestat] mean and std.dev: (981.12, 1280.93)
[M::mem_pestat] low and high boundaries for proper pairs: (1, 6978)
[M::mem_pestat] analyzing insert size distribution for orientation RR...
[M::mem_pestat] (25, 50, 75) percentile: (165, 218, 385)
[M::mem_pestat] low and high boundaries for computing mean and std.dev: (1, 825)
[M::mem_pestat] mean and std.dev: (214.40, 76.60)
[M::mem_pestat] low and high boundaries for proper pairs: (1, 1045)
[M::mem_pestat] skip orientation FF
[M::mem_pestat] skip orientation RF
[M::mem_pestat] skip orientation RR
[M::mem_process_seqs] Processed 2807198 reads in 3262.132 CPU sec, 81.995 real sec
[M::process] read 2801398 sequences (400000006 bp)...
[M::mem_pestat] # candidate unique pairs for (FF, FR, RF, RR): (17, 772999, 52, 8)
[M::mem_pestat] analyzing insert size distribution for orientation FF...
[M::mem_pestat] (25, 50, 75) percentile: (419, 602, 2420)
[M::mem_pestat] low and high boundaries for computing mean and std.dev: (1, 6422)
[M::mem_pestat] mean and std.dev: (1387.12, 1282.94)
[M::mem_pestat] low and high boundaries for proper pairs: (1, 8423)
[M::mem_pestat] analyzing insert size distribution for orientation FR...
[M::mem_pestat] (25, 50, 75) percentile: (181, 216, 332)
[M::mem_pestat] low and high boundaries for computing mean and std.dev: (1, 634)
[M::mem_pestat] mean and std.dev: (253.24, 96.70)
[M::mem_pestat] low and high boundaries for proper pairs: (1, 785)
[M::mem_pestat] analyzing insert size distribution for orientation RF...
[M::mem_pestat] (25, 50, 75) percentile: (132, 394, 2035)
[M::mem_pestat] low and high boundaries for computing mean and std.dev: (1, 5841)
[M::mem_pestat] mean and std.dev: (749.09, 1022.16)
[M::mem_pestat] low and high boundaries for proper pairs: (1, 7744)
[M::mem_pestat] skip orientation RR as there are not enough pairs
[M::mem_pestat] skip orientation FF
[M::mem_pestat] skip orientation RF
[M::mem_process_seqs] Processed 2803394 reads in 3252.211 CPU sec, 81.540 real sec
[M::process] read 2800648 sequences (400000147 bp)...
[M::mem_pestat] # candidate unique pairs for (FF, FR, RF, RR): (12, 774088, 60, 20)
[M::mem_pestat] analyzing insert size distribution for orientation FF...
[M::mem_pestat] (25, 50, 75) percentile: (739, 2021, 5696)
[M::mem_pestat] low and high boundaries for computing mean and std.dev: (1, 15610)
[M::mem_pestat] mean and std.dev: (2530.17, 2332.89)
[M::mem_pestat] low and high boundaries for proper pairs: (1, 20567)
[M::mem_pestat] analyzing insert size distribution for orientation FR...
[M::mem_pestat] (25, 50, 75) percentile: (182, 218, 335)
[M::mem_pestat] low and high boundaries for computing mean and std.dev: (1, 641)
[M::mem_pestat] mean and std.dev: (255.42, 97.87)
[M::mem_pestat] low and high boundaries for proper pairs: (1, 794)
[M::mem_pestat] analyzing insert size distribution for orientation RF...
[M::mem_pestat] (25, 50, 75) percentile: (157, 316, 1087)
[M::mem_pestat] low and high boundaries for computing mean and std.dev: (1, 2947)
[M::mem_pestat] mean and std.dev: (550.37, 636.78)
[M::mem_pestat] low and high boundaries for proper pairs: (1, 3877)
[M::mem_pestat] analyzing insert size distribution for orientation RR...
[M::mem_pestat] (25, 50, 75) percentile: (197, 556, 3059)
[M::mem_pestat] low and high boundaries for computing mean and std.dev: (1, 8783)
[M::mem_pestat] mean and std.dev: (1710.20, 2070.48)
[M::mem_pestat] low and high boundaries for proper pairs: (1, 11645)
[M::mem_pestat] skip orientation FF
[M::mem_pestat] skip orientation RF
[M::mem_pestat] skip orientation RR
[M::mem_process_seqs] Processed 2801398 reads in 3250.229 CPU sec, 81.509 real sec
[M::process] read 2807754 sequences (400000253 bp)...
[M::mem_pestat] # candidate unique pairs for (FF, FR, RF, RR): (10, 772175, 76, 6)
[M::mem_pestat] analyzing insert size distribution for orientation FF...
[M::mem_pestat] (25, 50, 75) percentile: (92, 1213, 3682)
[M::mem_pestat] low and high boundaries for computing mean and std.dev: (1, 10862)
[M::mem_pestat] mean and std.dev: (1562.40, 1533.55)
[M::mem_pestat] low and high boundaries for proper pairs: (1, 14452)
[M::mem_pestat] analyzing insert size distribution for orientation FR...
[M::mem_pestat] (25, 50, 75) percentile: (182, 217, 333)
[M::mem_pestat] low and high boundaries for computing mean and std.dev: (1, 635)
[M::mem_pestat] mean and std.dev: (253.99, 96.99)
[M::mem_pestat] low and high boundaries for proper pairs: (1, 786)
[M::mem_pestat] analyzing insert size distribution for orientation RF...
[M::mem_pestat] (25, 50, 75) percentile: (180, 407, 1371)
[M::mem_pestat] low and high boundaries for computing mean and std.dev: (1, 3753)
[M::mem_pestat] mean and std.dev: (639.88, 702.21)
[M::mem_pestat] low and high boundaries for proper pairs: (1, 4944)
[M::mem_pestat] skip orientation RR as there are not enough pairs
[M::mem_pestat] skip orientation FF
[M::mem_pestat] skip orientation RF
[M::mem_process_seqs] Processed 2800648 reads in 3224.138 CPU sec, 80.702 real sec
[M::process] read 2791068 sequences (400000292 bp)...
[M::mem_pestat] # candidate unique pairs for (FF, FR, RF, RR): (10, 775964, 77, 11)
[M::mem_pestat] analyzing insert size distribution for orientation FF...
[M::mem_pestat] (25, 50, 75) percentile: (135, 722, 3970)
[M::mem_pestat] low and high boundaries for computing mean and std.dev: (1, 11640)
[M::mem_pestat] mean and std.dev: (2720.90, 3451.27)
[M::mem_pestat] low and high boundaries for proper pairs: (1, 16526)
[M::mem_pestat] analyzing insert size distribution for orientation FR...
[M::mem_pestat] (25, 50, 75) percentile: (181, 216, 332)
[M::mem_pestat] low and high boundaries for computing mean and std.dev: (1, 634)
[M::mem_pestat] mean and std.dev: (253.41, 97.16)
[M::mem_pestat] low and high boundaries for proper pairs: (1, 785)
[M::mem_pestat] analyzing insert size distribution for orientation RF...
[M::mem_pestat] (25, 50, 75) percentile: (155, 419, 1939)
[M::mem_pestat] low and high boundaries for computing mean and std.dev: (1, 5507)
[M::mem_pestat] mean and std.dev: (901.33, 1210.99)
[M::mem_pestat] low and high boundaries for proper pairs: (1, 7291)
[M::mem_pestat] analyzing insert size distribution for orientation RR...
[M::mem_pestat] (25, 50, 75) percentile: (237, 402, 1966)
[M::mem_pestat] low and high boundaries for computing mean and std.dev: (1, 5424)
[M::mem_pestat] mean and std.dev: (1045.09, 1150.58)
[M::mem_pestat] low and high boundaries for proper pairs: (1, 7153)
[M::mem_pestat] skip orientation FF
[M::mem_pestat] skip orientation RF
[M::mem_pestat] skip orientation RR
[M::mem_process_seqs] Processed 2807754 reads in 3301.718 CPU sec, 83.050 real sec
[M::process] read 2784860 sequences (400000205 bp)...
[M::mem_pestat] # candidate unique pairs for (FF, FR, RF, RR): (9, 774113, 79, 11)
[M::mem_pestat] skip orientation FF as there are not enough pairs
[M::mem_pestat] analyzing insert size distribution for orientation FR...
[M::mem_pestat] (25, 50, 75) percentile: (182, 217, 334)
[M::mem_pestat] low and high boundaries for computing mean and std.dev: (1, 638)
[M::mem_pestat] mean and std.dev: (254.88, 97.87)
[M::mem_pestat] low and high boundaries for proper pairs: (1, 790)
[M::mem_pestat] analyzing insert size distribution for orientation RF...
[M::mem_pestat] (25, 50, 75) percentile: (100, 443, 1398)
[M::mem_pestat] low and high boundaries for computing mean and std.dev: (1, 3994)
[M::mem_pestat] mean and std.dev: (870.47, 1182.70)
[M::mem_pestat] low and high boundaries for proper pairs: (1, 5601)
[M::mem_pestat] analyzing insert size distribution for orientation RR...
[M::mem_pestat] (25, 50, 75) percentile: (397, 1056, 2546)
[M::mem_pestat] low and high boundaries for computing mean and std.dev: (1, 6844)
[M::mem_pestat] mean and std.dev: (1722.55, 1825.52)
[M::mem_pestat] low and high boundaries for proper pairs: (1, 9025)
[M::mem_pestat] skip orientation RF
[M::mem_pestat] skip orientation RR
[M::mem_process_seqs] Processed 2791068 reads in 3243.555 CPU sec, 81.132 real sec
[M::process] read 2780088 sequences (400000175 bp)...
[M::mem_pestat] # candidate unique pairs for (FF, FR, RF, RR): (9, 773968, 76, 6)
[M::mem_pestat] skip orientation FF as there are not enough pairs
[M::mem_pestat] analyzing insert size distribution for orientation FR...
[M::mem_pestat] (25, 50, 75) percentile: (181, 215, 330)
[M::mem_pestat] low and high boundaries for computing mean and std.dev: (1, 628)
[M::mem_pestat] mean and std.dev: (252.15, 96.33)
[M::mem_pestat] low and high boundaries for proper pairs: (1, 777)
[M::mem_pestat] analyzing insert size distribution for orientation RF...
[M::mem_pestat] (25, 50, 75) percentile: (113, 236, 1470)
[M::mem_pestat] low and high boundaries for computing mean and std.dev: (1, 4184)
[M::mem_pestat] mean and std.dev: (760.44, 1005.01)
[M::mem_pestat] low and high boundaries for proper pairs: (1, 5541)
[M::mem_pestat] skip orientation RR as there are not enough pairs
[M::mem_pestat] skip orientation RF
[M::mem_process_seqs] Processed 2784860 reads in 3204.809 CPU sec, 80.558 real sec
[M::process] read 2778626 sequences (400000004 bp)...
[M::mem_pestat] # candidate unique pairs for (FF, FR, RF, RR): (12, 774230, 64, 16)
[M::mem_pestat] analyzing insert size distribution for orientation FF...
[M::mem_pestat] (25, 50, 75) percentile: (20, 112, 1273)
[M::mem_pestat] low and high boundaries for computing mean and std.dev: (1, 3779)
[M::mem_pestat] mean and std.dev: (288.90, 447.24)
[M::mem_pestat] low and high boundaries for proper pairs: (1, 5032)
[M::mem_pestat] analyzing insert size distribution for orientation FR...
[M::mem_pestat] (25, 50, 75) percentile: (182, 218, 334)
[M::mem_pestat] low and high boundaries for computing mean and std.dev: (1, 638)
[M::mem_pestat] mean and std.dev: (254.87, 96.47)
[M::mem_pestat] low and high boundaries for proper pairs: (1, 790)
[M::mem_pestat] analyzing insert size distribution for orientation RF...
[M::mem_pestat] (25, 50, 75) percentile: (72, 352, 844)
[M::mem_pestat] low and high boundaries for computing mean and std.dev: (1, 2388)
[M::mem_pestat] mean and std.dev: (369.72, 403.68)
[M::mem_pestat] low and high boundaries for proper pairs: (1, 3160)
[M::mem_pestat] analyzing insert size distribution for orientation RR...
[M::mem_pestat] (25, 50, 75) percentile: (279, 1262, 6008)
[M::mem_pestat] low and high boundaries for computing mean and std.dev: (1, 17466)
[M::mem_pestat] mean and std.dev: (2726.00, 3154.47)
[M::mem_pestat] low and high boundaries for proper pairs: (1, 23195)
[M::mem_pestat] skip orientation FF
[M::mem_pestat] skip orientation RF
[M::mem_pestat] skip orientation RR
[M::mem_process_seqs] Processed 2780088 reads in 3204.925 CPU sec, 80.245 real sec
[M::process] read 2782032 sequences (400000051 bp)...
[M::mem_pestat] # candidate unique pairs for (FF, FR, RF, RR): (4, 774172, 55, 5)
[M::mem_pestat] skip orientation FF as there are not enough pairs
[M::mem_pestat] analyzing insert size distribution for orientation FR...
[M::mem_pestat] (25, 50, 75) percentile: (181, 215, 329)
[M::mem_pestat] low and high boundaries for computing mean and std.dev: (1, 625)
[M::mem_pestat] mean and std.dev: (251.78, 95.73)
[M::mem_pestat] low and high boundaries for proper pairs: (1, 773)
[M::mem_pestat] analyzing insert size distribution for orientation RF...
[M::mem_pestat] (25, 50, 75) percentile: (128, 461, 1332)
[M::mem_pestat] low and high boundaries for computing mean and std.dev: (1, 3740)
[M::mem_pestat] mean and std.dev: (726.92, 871.49)
[M::mem_pestat] low and high boundaries for proper pairs: (1, 4944)
[M::mem_pestat] skip orientation RR as there are not enough pairs
[M::mem_pestat] skip orientation RF
[M::mem_process_seqs] Processed 2778626 reads in 3179.920 CPU sec, 79.759 real sec
[M::process] read 2778486 sequences (400000266 bp)...
[M::mem_pestat] # candidate unique pairs for (FF, FR, RF, RR): (15, 774401, 94, 25)
[M::mem_pestat] analyzing insert size distribution for orientation FF...
[M::mem_pestat] (25, 50, 75) percentile: (1458, 2468, 3889)
[M::mem_pestat] low and high boundaries for computing mean and std.dev: (1, 8751)
[M::mem_pestat] mean and std.dev: (2405.14, 1721.88)
[M::mem_pestat] low and high boundaries for proper pairs: (1, 11182)
[M::mem_pestat] analyzing insert size distribution for orientation FR...
[M::mem_pestat] (25, 50, 75) percentile: (182, 217, 331)
[M::mem_pestat] low and high boundaries for computing mean and std.dev: (1, 629)
[M::mem_pestat] mean and std.dev: (253.34, 95.92)
[M::mem_pestat] low and high boundaries for proper pairs: (1, 778)
[M::mem_pestat] analyzing insert size distribution for orientation RF...
[M::mem_pestat] (25, 50, 75) percentile: (223, 1009, 2041)
[M::mem_pestat] low and high boundaries for computing mean and std.dev: (1, 5677)
[M::mem_pestat] mean and std.dev: (1221.34, 1228.35)
[M::mem_pestat] low and high boundaries for proper pairs: (1, 7495)
[M::mem_pestat] analyzing insert size distribution for orientation RR...
[M::mem_pestat] (25, 50, 75) percentile: (360, 2609, 8038)
[M::mem_pestat] low and high boundaries for computing mean and std.dev: (1, 23394)
[M::mem_pestat] mean and std.dev: (3587.04, 3441.21)
[M::mem_pestat] low and high boundaries for proper pairs: (1, 31072)
[M::mem_pestat] skip orientation FF
[M::mem_pestat] skip orientation RF
[M::mem_pestat] skip orientation RR
[M::mem_process_seqs] Processed 2782032 reads in 3461.505 CPU sec, 92.638 real sec
[M::process] read 2777452 sequences (400000001 bp)...
[M::mem_pestat] # candidate unique pairs for (FF, FR, RF, RR): (13, 773634, 63, 4)
[M::mem_pestat] analyzing insert size distribution for orientation FF...
[M::mem_pestat] (25, 50, 75) percentile: (130, 205, 3763)
[M::mem_pestat] low and high boundaries for computing mean and std.dev: (1, 11029)
[M::mem_pestat] mean and std.dev: (1353.85, 2186.42)
[M::mem_pestat] low and high boundaries for proper pairs: (1, 14662)
[M::mem_pestat] analyzing insert size distribution for orientation FR...
[M::mem_pestat] (25, 50, 75) percentile: (182, 218, 335)
[M::mem_pestat] low and high boundaries for computing mean and std.dev: (1, 641)
[M::mem_pestat] mean and std.dev: (255.11, 97.11)
[M::mem_pestat] low and high boundaries for proper pairs: (1, 794)
[M::mem_pestat] analyzing insert size distribution for orientation RF...
[M::mem_pestat] (25, 50, 75) percentile: (180, 230, 1808)
[M::mem_pestat] low and high boundaries for computing mean and std.dev: (1, 5064)
[M::mem_pestat] mean and std.dev: (778.91, 1031.26)
[M::mem_pestat] low and high boundaries for proper pairs: (1, 6692)
[M::mem_pestat] skip orientation RR as there are not enough pairs
[M::mem_pestat] skip orientation FF
[M::mem_pestat] skip orientation RF
[M::mem_process_seqs] Processed 2778486 reads in 3211.100 CPU sec, 80.495 real sec
[M::process] read 2773386 sequences (400000283 bp)...
[M::mem_pestat] # candidate unique pairs for (FF, FR, RF, RR): (7, 774141, 77, 20)
[M::mem_pestat] skip orientation FF as there are not enough pairs
[M::mem_pestat] analyzing insert size distribution for orientation FR...
[M::mem_pestat] (25, 50, 75) percentile: (181, 216, 331)
[M::mem_pestat] low and high boundaries for computing mean and std.dev: (1, 631)
[M::mem_pestat] mean and std.dev: (252.76, 96.51)
[M::mem_pestat] low and high boundaries for proper pairs: (1, 781)
[M::mem_pestat] analyzing insert size distribution for orientation RF...
[M::mem_pestat] (25, 50, 75) percentile: (164, 487, 1534)
[M::mem_pestat] low and high boundaries for computing mean and std.dev: (1, 4274)
[M::mem_pestat] mean and std.dev: (754.94, 866.23)
[M::mem_pestat] low and high boundaries for proper pairs: (1, 5644)
[M::mem_pestat] analyzing insert size distribution for orientation RR...
[M::mem_pestat] (25, 50, 75) percentile: (199, 370, 2679)
[M::mem_pestat] low and high boundaries for computing mean and std.dev: (1, 7639)
[M::mem_pestat] mean and std.dev: (1484.50, 1925.01)
[M::mem_pestat] low and high boundaries for proper pairs: (1, 10119)
[M::mem_pestat] skip orientation RF
[M::mem_pestat] skip orientation RR
[M::mem_process_seqs] Processed 2777452 reads in 3187.676 CPU sec, 79.742 real sec
[M::process] read 2799222 sequences (400000105 bp)...
[M::mem_pestat] # candidate unique pairs for (FF, FR, RF, RR): (14, 774078, 78, 9)
[M::mem_pestat] analyzing insert size distribution for orientation FF...
[M::mem_pestat] (25, 50, 75) percentile: (105, 223, 2444)
[M::mem_pestat] low and high boundaries for computing mean and std.dev: (1, 7122)
[M::mem_pestat] mean and std.dev: (635.67, 1179.33)
[M::mem_pestat] low and high boundaries for proper pairs: (1, 9461)
[M::mem_pestat] analyzing insert size distribution for orientation FR...
[M::mem_pestat] (25, 50, 75) percentile: (183, 220, 336)
[M::mem_pestat] low and high boundaries for computing mean and std.dev: (1, 642)
[M::mem_pestat] mean and std.dev: (256.48, 97.43)
[M::mem_pestat] low and high boundaries for proper pairs: (1, 795)
[M::mem_pestat] analyzing insert size distribution for orientation RF...
[M::mem_pestat] (25, 50, 75) percentile: (74, 488, 2146)
[M::mem_pestat] low and high boundaries for computing mean and std.dev: (1, 6290)
[M::mem_pestat] mean and std.dev: (1162.62, 1675.70)
[M::mem_pestat] low and high boundaries for proper pairs: (1, 8362)
[M::mem_pestat] skip orientation RR as there are not enough pairs
[M::mem_pestat] skip orientation FF
[M::mem_pestat] skip orientation RF
[M::mem_process_seqs] Processed 2773386 reads in 3198.944 CPU sec, 80.444 real sec
[M::process] read 2802822 sequences (400000001 bp)...
[M::mem_pestat] # candidate unique pairs for (FF, FR, RF, RR): (11, 773028, 66, 2)
[M::mem_pestat] analyzing insert size distribution for orientation FF...
[M::mem_pestat] (25, 50, 75) percentile: (231, 1537, 2707)
[M::mem_pestat] low and high boundaries for computing mean and std.dev: (1, 7659)
[M::mem_pestat] mean and std.dev: (1348.90, 1174.17)
[M::mem_pestat] low and high boundaries for proper pairs: (1, 10135)
[M::mem_pestat] analyzing insert size distribution for orientation FR...
[M::mem_pestat] (25, 50, 75) percentile: (182, 218, 334)
[M::mem_pestat] low and high boundaries for computing mean and std.dev: (1, 638)
[M::mem_pestat] mean and std.dev: (254.74, 97.21)
[M::mem_pestat] low and high boundaries for proper pairs: (1, 790)
[M::mem_pestat] analyzing insert size distribution for orientation RF...
[M::mem_pestat] (25, 50, 75) percentile: (131, 435, 2253)
[M::mem_pestat] low and high boundaries for computing mean and std.dev: (1, 6497)
[M::mem_pestat] mean and std.dev: (1065.37, 1615.70)
[M::mem_pestat] low and high boundaries for proper pairs: (1, 8619)
[M::mem_pestat] skip orientation RR as there are not enough pairs
[M::mem_pestat] skip orientation FF
[M::mem_pestat] skip orientation RF
[M::mem_process_seqs] Processed 2799222 reads in 3251.319 CPU sec, 81.322 real sec
[M::process] read 2802362 sequences (400000171 bp)...
[M::mem_pestat] # candidate unique pairs for (FF, FR, RF, RR): (9, 775740, 96, 4)
[M::mem_pestat] skip orientation FF as there are not enough pairs
[M::mem_pestat] analyzing insert size distribution for orientation FR...
[M::mem_pestat] (25, 50, 75) percentile: (182, 218, 335)
[M::mem_pestat] low and high boundaries for computing mean and std.dev: (1, 641)
[M::mem_pestat] mean and std.dev: (255.36, 97.83)
[M::mem_pestat] low and high boundaries for proper pairs: (1, 794)
[M::mem_pestat] analyzing insert size distribution for orientation RF...
[M::mem_pestat] (25, 50, 75) percentile: (181, 538, 2030)
[M::mem_pestat] low and high boundaries for computing mean and std.dev: (1, 5728)
[M::mem_pestat] mean and std.dev: (943.55, 1215.22)
[M::mem_pestat] low and high boundaries for proper pairs: (1, 7577)
[M::mem_pestat] skip orientation RR as there are not enough pairs
[M::mem_pestat] skip orientation RF
[M::mem_process_seqs] Processed 2802822 reads in 3236.497 CPU sec, 81.351 real sec
[M::process] read 2798176 sequences (400000016 bp)...
[M::mem_pestat] # candidate unique pairs for (FF, FR, RF, RR): (7, 774182, 58, 7)
[M::mem_pestat] skip orientation FF as there are not enough pairs
[M::mem_pestat] analyzing insert size distribution for orientation FR...
[M::mem_pestat] (25, 50, 75) percentile: (182, 217, 333)
[M::mem_pestat] low and high boundaries for computing mean and std.dev: (1, 635)
[M::mem_pestat] mean and std.dev: (254.07, 97.02)
[M::mem_pestat] low and high boundaries for proper pairs: (1, 786)
[M::mem_pestat] analyzing insert size distribution for orientation RF...
[M::mem_pestat] (25, 50, 75) percentile: (107, 242, 728)
[M::mem_pestat] low and high boundaries for computing mean and std.dev: (1, 1970)
[M::mem_pestat] mean and std.dev: (309.17, 285.67)
[M::mem_pestat] low and high boundaries for proper pairs: (1, 2591)
[M::mem_pestat] skip orientation RR as there are not enough pairs
[M::mem_pestat] skip orientation RF
[M::mem_process_seqs] Processed 2802362 reads in 3231.607 CPU sec, 80.855 real sec
[M::process] read 2804782 sequences (400000026 bp)...
[M::mem_pestat] # candidate unique pairs for (FF, FR, RF, RR): (11, 774327, 73, 10)
[M::mem_pestat] analyzing insert size distribution for orientation FF...
[M::mem_pestat] (25, 50, 75) percentile: (132, 610, 5773)
[M::mem_pestat] low and high boundaries for computing mean and std.dev: (1, 17055)
[M::mem_pestat] mean and std.dev: (2654.18, 2705.35)
[M::mem_pestat] low and high boundaries for proper pairs: (1, 22696)
[M::mem_pestat] analyzing insert size distribution for orientation FR...
[M::mem_pestat] (25, 50, 75) percentile: (182, 218, 335)
[M::mem_pestat] low and high boundaries for computing mean and std.dev: (1, 641)
[M::mem_pestat] mean and std.dev: (255.08, 97.71)
[M::mem_pestat] low and high boundaries for proper pairs: (1, 794)
[M::mem_pestat] analyzing insert size distribution for orientation RF...
[M::mem_pestat] (25, 50, 75) percentile: (223, 924, 4340)
[M::mem_pestat] low and high boundaries for computing mean and std.dev: (1, 12574)
[M::mem_pestat] mean and std.dev: (2330.22, 2700.75)
[M::mem_pestat] low and high boundaries for proper pairs: (1, 16691)
[M::mem_pestat] analyzing insert size distribution for orientation RR...
[M::mem_pestat] (25, 50, 75) percentile: (540, 1448, 3764)
[M::mem_pestat] low and high boundaries for computing mean and std.dev: (1, 10212)
[M::mem_pestat] mean and std.dev: (2253.00, 2162.07)
[M::mem_pestat] low and high boundaries for proper pairs: (1, 13436)
[M::mem_pestat] skip orientation FF
[M::mem_pestat] skip orientation RF
[M::mem_pestat] skip orientation RR
[M::mem_process_seqs] Processed 2798176 reads in 3225.294 CPU sec, 80.900 real sec
[M::process] read 2794570 sequences (400000220 bp)...
[M::mem_pestat] # candidate unique pairs for (FF, FR, RF, RR): (7, 773487, 77, 6)
[M::mem_pestat] skip orientation FF as there are not enough pairs
[M::mem_pestat] analyzing insert size distribution for orientation FR...
[M::mem_pestat] (25, 50, 75) percentile: (182, 218, 335)
[M::mem_pestat] low and high boundaries for computing mean and std.dev: (1, 641)
[M::mem_pestat] mean and std.dev: (255.58, 98.13)
[M::mem_pestat] low and high boundaries for proper pairs: (1, 794)
[M::mem_pestat] analyzing insert size distribution for orientation RF...
[M::mem_pestat] (25, 50, 75) percentile: (136, 406, 2236)
[M::mem_pestat] low and high boundaries for computing mean and std.dev: (1, 6436)
[M::mem_pestat] mean and std.dev: (1307.36, 1734.72)
[M::mem_pestat] low and high boundaries for proper pairs: (1, 8536)
[M::mem_pestat] skip orientation RR as there are not enough pairs
[M::mem_pestat] skip orientation RF
[M::mem_process_seqs] Processed 2804782 reads in 3238.475 CPU sec, 81.226 real sec
[M::process] read 2784286 sequences (400000142 bp)...
[M::mem_pestat] # candidate unique pairs for (FF, FR, RF, RR): (9, 773374, 87, 3)
[M::mem_pestat] skip orientation FF as there are not enough pairs
[M::mem_pestat] analyzing insert size distribution for orientation FR...
[M::mem_pestat] (25, 50, 75) percentile: (182, 218, 335)
[M::mem_pestat] low and high boundaries for computing mean and std.dev: (1, 641)
[M::mem_pestat] mean and std.dev: (255.32, 97.96)
[M::mem_pestat] low and high boundaries for proper pairs: (1, 794)
[M::mem_pestat] analyzing insert size distribution for orientation RF...
[M::mem_pestat] (25, 50, 75) percentile: (147, 497, 3949)
[M::mem_pestat] low and high boundaries for computing mean and std.dev: (1, 11553)
[M::mem_pestat] mean and std.dev: (2296.90, 2826.03)
[M::mem_pestat] low and high boundaries for proper pairs: (1, 15355)
[M::mem_pestat] skip orientation RR as there are not enough pairs
[M::mem_pestat] skip orientation RF
[M::mem_process_seqs] Processed 2794570 reads in 3256.106 CPU sec, 81.848 real sec
[M::process] read 2786520 sequences (400000021 bp)...
[M::mem_pestat] # candidate unique pairs for (FF, FR, RF, RR): (12, 774838, 66, 20)
[M::mem_pestat] analyzing insert size distribution for orientation FF...
[M::mem_pestat] (25, 50, 75) percentile: (145, 1319, 2457)
[M::mem_pestat] low and high boundaries for computing mean and std.dev: (1, 7081)
[M::mem_pestat] mean and std.dev: (1185.83, 1069.75)
[M::mem_pestat] low and high boundaries for proper pairs: (1, 9393)
[M::mem_pestat] analyzing insert size distribution for orientation FR...
[M::mem_pestat] (25, 50, 75) percentile: (182, 219, 336)
[M::mem_pestat] low and high boundaries for computing mean and std.dev: (1, 644)
[M::mem_pestat] mean and std.dev: (256.11, 98.56)
[M::mem_pestat] low and high boundaries for proper pairs: (1, 798)
[M::mem_pestat] analyzing insert size distribution for orientation RF...
[M::mem_pestat] (25, 50, 75) percentile: (114, 418, 1990)
[M::mem_pestat] low and high boundaries for computing mean and std.dev: (1, 5742)
[M::mem_pestat] mean and std.dev: (882.95, 1175.01)
[M::mem_pestat] low and high boundaries for proper pairs: (1, 7618)
[M::mem_pestat] analyzing insert size distribution for orientation RR...
[M::mem_pestat] (25, 50, 75) percentile: (258, 521, 1680)
[M::mem_pestat] low and high boundaries for computing mean and std.dev: (1, 4524)
[M::mem_pestat] mean and std.dev: (880.56, 921.15)
[M::mem_pestat] low and high boundaries for proper pairs: (1, 5946)
[M::mem_pestat] skip orientation FF
[M::mem_pestat] skip orientation RF
[M::mem_pestat] skip orientation RR
[M::mem_process_seqs] Processed 2784286 reads in 3224.144 CPU sec, 80.625 real sec
[M::process] read 2783600 sequences (400000293 bp)...
[M::mem_pestat] # candidate unique pairs for (FF, FR, RF, RR): (7, 773914, 70, 11)
[M::mem_pestat] skip orientation FF as there are not enough pairs
[M::mem_pestat] analyzing insert size distribution for orientation FR...
[M::mem_pestat] (25, 50, 75) percentile: (180, 212, 321)
[M::mem_pestat] low and high boundaries for computing mean and std.dev: (1, 603)
[M::mem_pestat] mean and std.dev: (247.46, 92.90)
[M::mem_pestat] low and high boundaries for proper pairs: (1, 744)
[M::mem_pestat] analyzing insert size distribution for orientation RF...
[M::mem_pestat] (25, 50, 75) percentile: (109, 363, 1037)
[M::mem_pestat] low and high boundaries for computing mean and std.dev: (1, 2893)
[M::mem_pestat] mean and std.dev: (522.39, 667.02)
[M::mem_pestat] low and high boundaries for proper pairs: (1, 3821)
[M::mem_pestat] analyzing insert size distribution for orientation RR...
[M::mem_pestat] (25, 50, 75) percentile: (289, 474, 2407)
[M::mem_pestat] low and high boundaries for computing mean and std.dev: (1, 6643)
[M::mem_pestat] mean and std.dev: (695.11, 690.73)
[M::mem_pestat] low and high boundaries for proper pairs: (1, 8761)
[M::mem_pestat] skip orientation RF
[M::mem_pestat] skip orientation RR
[M::mem_process_seqs] Processed 2786520 reads in 3215.850 CPU sec, 80.887 real sec
[M::process] read 2801244 sequences (400000132 bp)...
[M::mem_pestat] # candidate unique pairs for (FF, FR, RF, RR): (8, 775155, 78, 16)
[M::mem_pestat] skip orientation FF as there are not enough pairs
[M::mem_pestat] analyzing insert size distribution for orientation FR...
[M::mem_pestat] (25, 50, 75) percentile: (180, 213, 322)
[M::mem_pestat] low and high boundaries for computing mean and std.dev: (1, 606)
[M::mem_pestat] mean and std.dev: (247.97, 92.75)
[M::mem_pestat] low and high boundaries for proper pairs: (1, 748)
[M::mem_pestat] analyzing insert size distribution for orientation RF...
[M::mem_pestat] (25, 50, 75) percentile: (81, 330, 2030)
[M::mem_pestat] low and high boundaries for computing mean and std.dev: (1, 5928)
[M::mem_pestat] mean and std.dev: (864.25, 1240.43)
[M::mem_pestat] low and high boundaries for proper pairs: (1, 7877)
[M::mem_pestat] analyzing insert size distribution for orientation RR...
[M::mem_pestat] (25, 50, 75) percentile: (153, 316, 1643)
[M::mem_pestat] low and high boundaries for computing mean and std.dev: (1, 4623)
[M::mem_pestat] mean and std.dev: (761.71, 1025.73)
[M::mem_pestat] low and high boundaries for proper pairs: (1, 6113)
[M::mem_pestat] skip orientation RF
[M::mem_pestat] skip orientation RR
[M::mem_process_seqs] Processed 2783600 reads in 3202.306 CPU sec, 80.272 real sec
[M::process] read 2802560 sequences (400000174 bp)...
[M::mem_pestat] # candidate unique pairs for (FF, FR, RF, RR): (17, 774142, 76, 14)
[M::mem_pestat] analyzing insert size distribution for orientation FF...
[M::mem_pestat] (25, 50, 75) percentile: (116, 217, 2310)
[M::mem_pestat] low and high boundaries for computing mean and std.dev: (1, 6698)
[M::mem_pestat] mean and std.dev: (1122.24, 1474.68)
[M::mem_pestat] low and high boundaries for proper pairs: (1, 8892)
[M::mem_pestat] analyzing insert size distribution for orientation FR...
[M::mem_pestat] (25, 50, 75) percentile: (180, 212, 321)
[M::mem_pestat] low and high boundaries for computing mean and std.dev: (1, 603)
[M::mem_pestat] mean and std.dev: (247.37, 92.73)
[M::mem_pestat] low and high boundaries for proper pairs: (1, 744)
[M::mem_pestat] analyzing insert size distribution for orientation RF...
[M::mem_pestat] (25, 50, 75) percentile: (131, 344, 3635)
[M::mem_pestat] low and high boundaries for computing mean and std.dev: (1, 10643)
[M::mem_pestat] mean and std.dev: (2065.59, 2835.01)
[M::mem_pestat] low and high boundaries for proper pairs: (1, 14147)
[M::mem_pestat] analyzing insert size distribution for orientation RR...
[M::mem_pestat] (25, 50, 75) percentile: (127, 240, 580)
[M::mem_pestat] low and high boundaries for computing mean and std.dev: (1, 1486)
[M::mem_pestat] mean and std.dev: (455.71, 454.61)
[M::mem_pestat] low and high boundaries for proper pairs: (1, 2274)
[M::mem_pestat] skip orientation FF
[M::mem_pestat] skip orientation RF
[M::mem_pestat] skip orientation RR
[M::mem_process_seqs] Processed 2801244 reads in 3226.336 CPU sec, 80.885 real sec
[M::process] read 1574848 sequences (225225461 bp)...
[M::mem_pestat] # candidate unique pairs for (FF, FR, RF, RR): (7, 776019, 66, 5)
[M::mem_pestat] skip orientation FF as there are not enough pairs
[M::mem_pestat] analyzing insert size distribution for orientation FR...
[M::mem_pestat] (25, 50, 75) percentile: (180, 211, 318)
[M::mem_pestat] low and high boundaries for computing mean and std.dev: (1, 594)
[M::mem_pestat] mean and std.dev: (245.67, 91.87)
[M::mem_pestat] low and high boundaries for proper pairs: (1, 732)
[M::mem_pestat] analyzing insert size distribution for orientation RF...
[M::mem_pestat] (25, 50, 75) percentile: (202, 393, 2965)
[M::mem_pestat] low and high boundaries for computing mean and std.dev: (1, 8491)
[M::mem_pestat] mean and std.dev: (1564.26, 2100.92)
[M::mem_pestat] low and high boundaries for proper pairs: (1, 11254)
[M::mem_pestat] skip orientation RR as there are not enough pairs
[M::mem_pestat] skip orientation RF
[M::mem_process_seqs] Processed 2802560 reads in 3215.439 CPU sec, 80.596 real sec
[M::mem_pestat] # candidate unique pairs for (FF, FR, RF, RR): (6, 436483, 34, 4)
[M::mem_pestat] skip orientation FF as there are not enough pairs
[M::mem_pestat] analyzing insert size distribution for orientation FR...
[M::mem_pestat] (25, 50, 75) percentile: (180, 211, 321)
[M::mem_pestat] low and high boundaries for computing mean and std.dev: (1, 603)
[M::mem_pestat] mean and std.dev: (246.84, 92.90)
[M::mem_pestat] low and high boundaries for proper pairs: (1, 744)
[M::mem_pestat] analyzing insert size distribution for orientation RF...
[M::mem_pestat] (25, 50, 75) percentile: (100, 344, 884)
[M::mem_pestat] low and high boundaries for computing mean and std.dev: (1, 2452)
[M::mem_pestat] mean and std.dev: (337.85, 359.59)
[M::mem_pestat] low and high boundaries for proper pairs: (1, 3236)
[M::mem_pestat] skip orientation RR as there are not enough pairs
[M::mem_pestat] skip orientation RF
[M::mem_process_seqs] Processed 1574848 reads in 1868.424 CPU sec, 46.912 real sec
[main] Version: 0.7.17-r1188
[main] CMD: /home/shared/bwa-0.7.17/bwa mem -M -t 40 ../data/bwa-GCF_031168955.1_ASM3116895v1_genomic ../data/trimmed-fastqs-heatwave-genetics/MHW280_trimmed_clipped_R1_paired.fq.gz ../data/trimmed-fastqs-heatwave-genetics/MHW280_trimmed_clipped_R2_paired.fq.gz
[main] Real time: 2652.089 sec; CPU: 105158.356 sec
