[M::bwa_idx_load_from_disk] read 0 ALT contigs
[M::process] read 2812386 sequences (400000192 bp)...
[M::process] read 2805106 sequences (400000053 bp)...
[M::mem_pestat] # candidate unique pairs for (FF, FR, RF, RR): (12, 788295, 76, 13)
[M::mem_pestat] analyzing insert size distribution for orientation FF...
[M::mem_pestat] (25, 50, 75) percentile: (157, 571, 2031)
[M::mem_pestat] low and high boundaries for computing mean and std.dev: (1, 5779)
[M::mem_pestat] mean and std.dev: (870.42, 887.30)
[M::mem_pestat] low and high boundaries for proper pairs: (1, 7653)
[M::mem_pestat] analyzing insert size distribution for orientation FR...
[M::mem_pestat] (25, 50, 75) percentile: (192, 251, 328)
[M::mem_pestat] low and high boundaries for computing mean and std.dev: (1, 600)
[M::mem_pestat] mean and std.dev: (264.78, 99.61)
[M::mem_pestat] low and high boundaries for proper pairs: (1, 736)
[M::mem_pestat] analyzing insert size distribution for orientation RF...
[M::mem_pestat] (25, 50, 75) percentile: (175, 478, 3205)
[M::mem_pestat] low and high boundaries for computing mean and std.dev: (1, 9265)
[M::mem_pestat] mean and std.dev: (1670.47, 2200.35)
[M::mem_pestat] low and high boundaries for proper pairs: (1, 12295)
[M::mem_pestat] analyzing insert size distribution for orientation RR...
[M::mem_pestat] (25, 50, 75) percentile: (1387, 1829, 3714)
[M::mem_pestat] low and high boundaries for computing mean and std.dev: (1, 8368)
[M::mem_pestat] mean and std.dev: (1651.91, 1060.70)
[M::mem_pestat] low and high boundaries for proper pairs: (1, 10695)
[M::mem_pestat] skip orientation FF
[M::mem_pestat] skip orientation RF
[M::mem_pestat] skip orientation RR
[M::mem_process_seqs] Processed 2812386 reads in 2961.045 CPU sec, 74.261 real sec
[M::process] read 2807992 sequences (400000161 bp)...
[M::mem_pestat] # candidate unique pairs for (FF, FR, RF, RR): (25, 788406, 94, 15)
[M::mem_pestat] analyzing insert size distribution for orientation FF...
[M::mem_pestat] (25, 50, 75) percentile: (249, 2329, 6439)
[M::mem_pestat] low and high boundaries for computing mean and std.dev: (1, 18819)
[M::mem_pestat] mean and std.dev: (2705.04, 2460.93)
[M::mem_pestat] low and high boundaries for proper pairs: (1, 25009)
[M::mem_pestat] analyzing insert size distribution for orientation FR...
[M::mem_pestat] (25, 50, 75) percentile: (201, 264, 340)
[M::mem_pestat] low and high boundaries for computing mean and std.dev: (1, 618)
[M::mem_pestat] mean and std.dev: (275.41, 100.73)
[M::mem_pestat] low and high boundaries for proper pairs: (1, 757)
[M::mem_pestat] analyzing insert size distribution for orientation RF...
[M::mem_pestat] (25, 50, 75) percentile: (223, 621, 2664)
[M::mem_pestat] low and high boundaries for computing mean and std.dev: (1, 7546)
[M::mem_pestat] mean and std.dev: (1153.08, 1314.46)
[M::mem_pestat] low and high boundaries for proper pairs: (1, 9987)
[M::mem_pestat] analyzing insert size distribution for orientation RR...
[M::mem_pestat] (25, 50, 75) percentile: (237, 348, 1919)
[M::mem_pestat] low and high boundaries for computing mean and std.dev: (1, 5283)
[M::mem_pestat] mean and std.dev: (788.87, 857.06)
[M::mem_pestat] low and high boundaries for proper pairs: (1, 6965)
[M::mem_pestat] skip orientation FF
[M::mem_pestat] skip orientation RF
[M::mem_pestat] skip orientation RR
[M::mem_process_seqs] Processed 2805106 reads in 3082.124 CPU sec, 77.391 real sec
[M::process] read 2799100 sequences (400000171 bp)...
[M::mem_pestat] # candidate unique pairs for (FF, FR, RF, RR): (11, 790359, 62, 23)
[M::mem_pestat] analyzing insert size distribution for orientation FF...
[M::mem_pestat] (25, 50, 75) percentile: (591, 1956, 2631)
[M::mem_pestat] low and high boundaries for computing mean and std.dev: (1, 6711)
[M::mem_pestat] mean and std.dev: (1773.09, 1244.34)
[M::mem_pestat] low and high boundaries for proper pairs: (1, 8751)
[M::mem_pestat] analyzing insert size distribution for orientation FR...
[M::mem_pestat] (25, 50, 75) percentile: (194, 254, 331)
[M::mem_pestat] low and high boundaries for computing mean and std.dev: (1, 605)
[M::mem_pestat] mean and std.dev: (267.27, 99.93)
[M::mem_pestat] low and high boundaries for proper pairs: (1, 742)
[M::mem_pestat] analyzing insert size distribution for orientation RF...
[M::mem_pestat] (25, 50, 75) percentile: (77, 174, 1558)
[M::mem_pestat] low and high boundaries for computing mean and std.dev: (1, 4520)
[M::mem_pestat] mean and std.dev: (632.07, 1082.75)
[M::mem_pestat] low and high boundaries for proper pairs: (1, 6001)
[M::mem_pestat] analyzing insert size distribution for orientation RR...
[M::mem_pestat] (25, 50, 75) percentile: (228, 292, 3559)
[M::mem_pestat] low and high boundaries for computing mean and std.dev: (1, 10221)
[M::mem_pestat] mean and std.dev: (2273.39, 2951.04)
[M::mem_pestat] low and high boundaries for proper pairs: (1, 14078)
[M::mem_pestat] skip orientation FF
[M::mem_pestat] skip orientation RF
[M::mem_pestat] skip orientation RR
[M::mem_process_seqs] Processed 2807992 reads in 3071.948 CPU sec, 77.098 real sec
[M::process] read 2807732 sequences (400000238 bp)...
[M::mem_pestat] # candidate unique pairs for (FF, FR, RF, RR): (13, 788358, 98, 10)
[M::mem_pestat] analyzing insert size distribution for orientation FF...
[M::mem_pestat] (25, 50, 75) percentile: (180, 226, 2543)
[M::mem_pestat] low and high boundaries for computing mean and std.dev: (1, 7269)
[M::mem_pestat] mean and std.dev: (1150.00, 1583.57)
[M::mem_pestat] low and high boundaries for proper pairs: (1, 9632)
[M::mem_pestat] analyzing insert size distribution for orientation FR...
[M::mem_pestat] (25, 50, 75) percentile: (200, 262, 339)
[M::mem_pestat] low and high boundaries for computing mean and std.dev: (1, 617)
[M::mem_pestat] mean and std.dev: (274.42, 100.67)
[M::mem_pestat] low and high boundaries for proper pairs: (1, 756)
[M::mem_pestat] analyzing insert size distribution for orientation RF...
[M::mem_pestat] (25, 50, 75) percentile: (131, 291, 1905)
[M::mem_pestat] low and high boundaries for computing mean and std.dev: (1, 5453)
[M::mem_pestat] mean and std.dev: (918.47, 1199.80)
[M::mem_pestat] low and high boundaries for proper pairs: (1, 7227)
[M::mem_pestat] analyzing insert size distribution for orientation RR...
[M::mem_pestat] (25, 50, 75) percentile: (687, 1766, 3153)
[M::mem_pestat] low and high boundaries for computing mean and std.dev: (1, 8085)
[M::mem_pestat] mean and std.dev: (2206.80, 2079.81)
[M::mem_pestat] low and high boundaries for proper pairs: (1, 10551)
[M::mem_pestat] skip orientation FF
[M::mem_pestat] skip orientation RF
[M::mem_pestat] skip orientation RR
[M::mem_process_seqs] Processed 2799100 reads in 3102.059 CPU sec, 77.797 real sec
[M::process] read 2801616 sequences (400000017 bp)...
[M::mem_pestat] # candidate unique pairs for (FF, FR, RF, RR): (15, 791114, 86, 14)
[M::mem_pestat] analyzing insert size distribution for orientation FF...
[M::mem_pestat] (25, 50, 75) percentile: (240, 450, 559)
[M::mem_pestat] low and high boundaries for computing mean and std.dev: (1, 1197)
[M::mem_pestat] mean and std.dev: (338.75, 173.79)
[M::mem_pestat] low and high boundaries for proper pairs: (1, 1516)
[M::mem_pestat] analyzing insert size distribution for orientation FR...
[M::mem_pestat] (25, 50, 75) percentile: (196, 257, 333)
[M::mem_pestat] low and high boundaries for computing mean and std.dev: (1, 607)
[M::mem_pestat] mean and std.dev: (269.57, 99.75)
[M::mem_pestat] low and high boundaries for proper pairs: (1, 744)
[M::mem_pestat] analyzing insert size distribution for orientation RF...
[M::mem_pestat] (25, 50, 75) percentile: (174, 357, 1835)
[M::mem_pestat] low and high boundaries for computing mean and std.dev: (1, 5157)
[M::mem_pestat] mean and std.dev: (925.17, 1288.45)
[M::mem_pestat] low and high boundaries for proper pairs: (1, 6818)
[M::mem_pestat] analyzing insert size distribution for orientation RR...
[M::mem_pestat] (25, 50, 75) percentile: (157, 2064, 3236)
[M::mem_pestat] low and high boundaries for computing mean and std.dev: (1, 9394)
[M::mem_pestat] mean and std.dev: (1888.00, 1719.39)
[M::mem_pestat] low and high boundaries for proper pairs: (1, 12473)
[M::mem_pestat] skip orientation FF
[M::mem_pestat] skip orientation RF
[M::mem_pestat] skip orientation RR
[M::mem_process_seqs] Processed 2807732 reads in 3116.328 CPU sec, 78.345 real sec
[M::process] read 2801466 sequences (400000125 bp)...
[M::mem_pestat] # candidate unique pairs for (FF, FR, RF, RR): (15, 788429, 78, 14)
[M::mem_pestat] analyzing insert size distribution for orientation FF...
[M::mem_pestat] (25, 50, 75) percentile: (198, 662, 1062)
[M::mem_pestat] low and high boundaries for computing mean and std.dev: (1, 2790)
[M::mem_pestat] mean and std.dev: (765.27, 733.84)
[M::mem_pestat] low and high boundaries for proper pairs: (1, 3701)
[M::mem_pestat] analyzing insert size distribution for orientation FR...
[M::mem_pestat] (25, 50, 75) percentile: (199, 261, 337)
[M::mem_pestat] low and high boundaries for computing mean and std.dev: (1, 613)
[M::mem_pestat] mean and std.dev: (272.40, 100.16)
[M::mem_pestat] low and high boundaries for proper pairs: (1, 751)
[M::mem_pestat] analyzing insert size distribution for orientation RF...
[M::mem_pestat] (25, 50, 75) percentile: (223, 948, 2308)
[M::mem_pestat] low and high boundaries for computing mean and std.dev: (1, 6478)
[M::mem_pestat] mean and std.dev: (1284.21, 1455.16)
[M::mem_pestat] low and high boundaries for proper pairs: (1, 8563)
[M::mem_pestat] analyzing insert size distribution for orientation RR...
[M::mem_pestat] (25, 50, 75) percentile: (121, 448, 9921)
[M::mem_pestat] low and high boundaries for computing mean and std.dev: (1, 29521)
[M::mem_pestat] mean and std.dev: (3142.29, 4313.10)
[M::mem_pestat] low and high boundaries for proper pairs: (1, 39321)
[M::mem_pestat] skip orientation FF
[M::mem_pestat] skip orientation RF
[M::mem_pestat] skip orientation RR
[M::mem_process_seqs] Processed 2801616 reads in 3099.172 CPU sec, 77.539 real sec
[M::process] read 2803004 sequences (400000088 bp)...
[M::mem_pestat] # candidate unique pairs for (FF, FR, RF, RR): (7, 788505, 91, 24)
[M::mem_pestat] skip orientation FF as there are not enough pairs
[M::mem_pestat] analyzing insert size distribution for orientation FR...
[M::mem_pestat] (25, 50, 75) percentile: (199, 260, 337)
[M::mem_pestat] low and high boundaries for computing mean and std.dev: (1, 613)
[M::mem_pestat] mean and std.dev: (272.44, 100.32)
[M::mem_pestat] low and high boundaries for proper pairs: (1, 751)
[M::mem_pestat] analyzing insert size distribution for orientation RF...
[M::mem_pestat] (25, 50, 75) percentile: (157, 371, 2113)
[M::mem_pestat] low and high boundaries for computing mean and std.dev: (1, 6025)
[M::mem_pestat] mean and std.dev: (1072.79, 1458.07)
[M::mem_pestat] low and high boundaries for proper pairs: (1, 7981)
[M::mem_pestat] analyzing insert size distribution for orientation RR...
[M::mem_pestat] (25, 50, 75) percentile: (138, 410, 3565)
[M::mem_pestat] low and high boundaries for computing mean and std.dev: (1, 10419)
[M::mem_pestat] mean and std.dev: (1931.42, 3088.91)
[M::mem_pestat] low and high boundaries for proper pairs: (1, 14287)
[M::mem_pestat] skip orientation RF
[M::mem_pestat] skip orientation RR
[M::mem_process_seqs] Processed 2801466 reads in 3128.868 CPU sec, 78.646 real sec
[M::process] read 2797260 sequences (400000118 bp)...
[M::mem_pestat] # candidate unique pairs for (FF, FR, RF, RR): (9, 788607, 90, 26)
[M::mem_pestat] skip orientation FF as there are not enough pairs
[M::mem_pestat] analyzing insert size distribution for orientation FR...
[M::mem_pestat] (25, 50, 75) percentile: (195, 256, 332)
[M::mem_pestat] low and high boundaries for computing mean and std.dev: (1, 606)
[M::mem_pestat] mean and std.dev: (268.49, 99.63)
[M::mem_pestat] low and high boundaries for proper pairs: (1, 743)
[M::mem_pestat] analyzing insert size distribution for orientation RF...
[M::mem_pestat] (25, 50, 75) percentile: (210, 567, 2520)
[M::mem_pestat] low and high boundaries for computing mean and std.dev: (1, 7140)
[M::mem_pestat] mean and std.dev: (1538.86, 1875.65)
[M::mem_pestat] low and high boundaries for proper pairs: (1, 9450)
[M::mem_pestat] analyzing insert size distribution for orientation RR...
[M::mem_pestat] (25, 50, 75) percentile: (290, 431, 3180)
[M::mem_pestat] low and high boundaries for computing mean and std.dev: (1, 8960)
[M::mem_pestat] mean and std.dev: (2235.27, 3065.65)
[M::mem_pestat] low and high boundaries for proper pairs: (1, 14498)
[M::mem_pestat] skip orientation RF
[M::mem_pestat] skip orientation RR
[M::mem_process_seqs] Processed 2803004 reads in 3100.003 CPU sec, 77.758 real sec
[M::process] read 2827578 sequences (400000286 bp)...
[M::mem_pestat] # candidate unique pairs for (FF, FR, RF, RR): (15, 789113, 113, 15)
[M::mem_pestat] analyzing insert size distribution for orientation FF...
[M::mem_pestat] (25, 50, 75) percentile: (582, 1877, 7341)
[M::mem_pestat] low and high boundaries for computing mean and std.dev: (1, 20859)
[M::mem_pestat] mean and std.dev: (3174.80, 3414.38)
[M::mem_pestat] low and high boundaries for proper pairs: (1, 27618)
[M::mem_pestat] analyzing insert size distribution for orientation FR...
[M::mem_pestat] (25, 50, 75) percentile: (202, 265, 342)
[M::mem_pestat] low and high boundaries for computing mean and std.dev: (1, 622)
[M::mem_pestat] mean and std.dev: (276.68, 100.95)
[M::mem_pestat] low and high boundaries for proper pairs: (1, 762)
[M::mem_pestat] analyzing insert size distribution for orientation RF...
[M::mem_pestat] (25, 50, 75) percentile: (227, 505, 3916)
[M::mem_pestat] low and high boundaries for computing mean and std.dev: (1, 11294)
[M::mem_pestat] mean and std.dev: (2259.27, 3122.90)
[M::mem_pestat] low and high boundaries for proper pairs: (1, 14983)
[M::mem_pestat] analyzing insert size distribution for orientation RR...
[M::mem_pestat] (25, 50, 75) percentile: (137, 216, 3695)
[M::mem_pestat] low and high boundaries for computing mean and std.dev: (1, 10811)
[M::mem_pestat] mean and std.dev: (2005.20, 2775.26)
[M::mem_pestat] low and high boundaries for proper pairs: (1, 14369)
[M::mem_pestat] skip orientation FF
[M::mem_pestat] skip orientation RF
[M::mem_pestat] skip orientation RR
[M::mem_process_seqs] Processed 2797260 reads in 3135.984 CPU sec, 78.498 real sec
[M::process] read 2825778 sequences (400000277 bp)...
[M::mem_pestat] # candidate unique pairs for (FF, FR, RF, RR): (18, 786911, 62, 10)
[M::mem_pestat] analyzing insert size distribution for orientation FF...
[M::mem_pestat] (25, 50, 75) percentile: (285, 384, 899)
[M::mem_pestat] low and high boundaries for computing mean and std.dev: (1, 2127)
[M::mem_pestat] mean and std.dev: (342.14, 192.25)
[M::mem_pestat] low and high boundaries for proper pairs: (1, 2741)
[M::mem_pestat] analyzing insert size distribution for orientation FR...
[M::mem_pestat] (25, 50, 75) percentile: (197, 259, 336)
[M::mem_pestat] low and high boundaries for computing mean and std.dev: (1, 614)
[M::mem_pestat] mean and std.dev: (271.73, 100.77)
[M::mem_pestat] low and high boundaries for proper pairs: (1, 753)
[M::mem_pestat] analyzing insert size distribution for orientation RF...
[M::mem_pestat] (25, 50, 75) percentile: (248, 865, 3087)
[M::mem_pestat] low and high boundaries for computing mean and std.dev: (1, 8765)
[M::mem_pestat] mean and std.dev: (1748.43, 2064.24)
[M::mem_pestat] low and high boundaries for proper pairs: (1, 11604)
[M::mem_pestat] analyzing insert size distribution for orientation RR...
[M::mem_pestat] (25, 50, 75) percentile: (119, 3439, 3462)
[M::mem_pestat] low and high boundaries for computing mean and std.dev: (1, 10148)
[M::mem_pestat] mean and std.dev: (1845.00, 1708.59)
[M::mem_pestat] low and high boundaries for proper pairs: (1, 13491)
[M::mem_pestat] skip orientation FF
[M::mem_pestat] skip orientation RF
[M::mem_pestat] skip orientation RR
[M::mem_process_seqs] Processed 2827578 reads in 3126.619 CPU sec, 78.437 real sec
[M::process] read 2828444 sequences (400000147 bp)...
[M::mem_pestat] # candidate unique pairs for (FF, FR, RF, RR): (12, 788944, 66, 18)
[M::mem_pestat] analyzing insert size distribution for orientation FF...
[M::mem_pestat] (25, 50, 75) percentile: (274, 368, 5641)
[M::mem_pestat] low and high boundaries for computing mean and std.dev: (1, 16375)
[M::mem_pestat] mean and std.dev: (1943.75, 2558.24)
[M::mem_pestat] low and high boundaries for proper pairs: (1, 21742)
[M::mem_pestat] analyzing insert size distribution for orientation FR...
[M::mem_pestat] (25, 50, 75) percentile: (199, 263, 341)
[M::mem_pestat] low and high boundaries for computing mean and std.dev: (1, 625)
[M::mem_pestat] mean and std.dev: (275.05, 102.23)
[M::mem_pestat] low and high boundaries for proper pairs: (1, 767)
[M::mem_pestat] analyzing insert size distribution for orientation RF...
[M::mem_pestat] (25, 50, 75) percentile: (68, 253, 804)
[M::mem_pestat] low and high boundaries for computing mean and std.dev: (1, 2276)
[M::mem_pestat] mean and std.dev: (340.43, 421.72)
[M::mem_pestat] low and high boundaries for proper pairs: (1, 3012)
[M::mem_pestat] analyzing insert size distribution for orientation RR...
[M::mem_pestat] (25, 50, 75) percentile: (162, 424, 760)
[M::mem_pestat] low and high boundaries for computing mean and std.dev: (1, 1956)
[M::mem_pestat] mean and std.dev: (401.12, 213.41)
[M::mem_pestat] low and high boundaries for proper pairs: (1, 2554)
[M::mem_pestat] skip orientation FF
[M::mem_pestat] skip orientation RF
[M::mem_pestat] skip orientation RR
[M::mem_process_seqs] Processed 2825778 reads in 3109.898 CPU sec, 78.005 real sec
[M::process] read 2816992 sequences (400000118 bp)...
[M::mem_pestat] # candidate unique pairs for (FF, FR, RF, RR): (20, 788513, 60, 11)
[M::mem_pestat] analyzing insert size distribution for orientation FF...
[M::mem_pestat] (25, 50, 75) percentile: (228, 301, 2692)
[M::mem_pestat] low and high boundaries for computing mean and std.dev: (1, 7620)
[M::mem_pestat] mean and std.dev: (1474.80, 2030.54)
[M::mem_pestat] low and high boundaries for proper pairs: (1, 10084)
[M::mem_pestat] analyzing insert size distribution for orientation FR...
[M::mem_pestat] (25, 50, 75) percentile: (198, 261, 339)
[M::mem_pestat] low and high boundaries for computing mean and std.dev: (1, 621)
[M::mem_pestat] mean and std.dev: (273.66, 101.93)
[M::mem_pestat] low and high boundaries for proper pairs: (1, 762)
[M::mem_pestat] analyzing insert size distribution for orientation RF...
[M::mem_pestat] (25, 50, 75) percentile: (113, 1225, 3696)
[M::mem_pestat] low and high boundaries for computing mean and std.dev: (1, 10862)
[M::mem_pestat] mean and std.dev: (2260.98, 2647.60)
[M::mem_pestat] low and high boundaries for proper pairs: (1, 14445)
[M::mem_pestat] analyzing insert size distribution for orientation RR...
[M::mem_pestat] (25, 50, 75) percentile: (109, 580, 2896)
[M::mem_pestat] low and high boundaries for computing mean and std.dev: (1, 8470)
[M::mem_pestat] mean and std.dev: (1257.40, 1361.96)
[M::mem_pestat] low and high boundaries for proper pairs: (1, 11257)
[M::mem_pestat] skip orientation FF
[M::mem_pestat] skip orientation RF
[M::mem_pestat] skip orientation RR
[M::mem_process_seqs] Processed 2828444 reads in 3152.400 CPU sec, 79.298 real sec
[M::process] read 2826114 sequences (400000272 bp)...
[M::mem_pestat] # candidate unique pairs for (FF, FR, RF, RR): (23, 788725, 95, 11)
[M::mem_pestat] analyzing insert size distribution for orientation FF...
[M::mem_pestat] (25, 50, 75) percentile: (160, 586, 3944)
[M::mem_pestat] low and high boundaries for computing mean and std.dev: (1, 11512)
[M::mem_pestat] mean and std.dev: (2455.61, 2923.97)
[M::mem_pestat] low and high boundaries for proper pairs: (1, 15296)
[M::mem_pestat] analyzing insert size distribution for orientation FR...
[M::mem_pestat] (25, 50, 75) percentile: (199, 262, 341)
[M::mem_pestat] low and high boundaries for computing mean and std.dev: (1, 625)
[M::mem_pestat] mean and std.dev: (274.83, 102.23)
[M::mem_pestat] low and high boundaries for proper pairs: (1, 767)
[M::mem_pestat] analyzing insert size distribution for orientation RF...
[M::mem_pestat] (25, 50, 75) percentile: (223, 1005, 3474)
[M::mem_pestat] low and high boundaries for computing mean and std.dev: (1, 9976)
[M::mem_pestat] mean and std.dev: (2012.26, 2318.00)
[M::mem_pestat] low and high boundaries for proper pairs: (1, 13227)
[M::mem_pestat] analyzing insert size distribution for orientation RR...
[M::mem_pestat] (25, 50, 75) percentile: (370, 1933, 3571)
[M::mem_pestat] low and high boundaries for computing mean and std.dev: (1, 9973)
[M::mem_pestat] mean and std.dev: (2104.09, 1946.11)
[M::mem_pestat] low and high boundaries for proper pairs: (1, 13174)
[M::mem_pestat] skip orientation FF
[M::mem_pestat] skip orientation RF
[M::mem_pestat] skip orientation RR
[M::mem_process_seqs] Processed 2816992 reads in 3114.348 CPU sec, 78.082 real sec
[M::process] read 2822282 sequences (400000185 bp)...
[M::mem_pestat] # candidate unique pairs for (FF, FR, RF, RR): (13, 789420, 84, 13)
[M::mem_pestat] analyzing insert size distribution for orientation FF...
[M::mem_pestat] (25, 50, 75) percentile: (238, 593, 2190)
[M::mem_pestat] low and high boundaries for computing mean and std.dev: (1, 6094)
[M::mem_pestat] mean and std.dev: (1155.62, 1113.44)
[M::mem_pestat] low and high boundaries for proper pairs: (1, 8046)
[M::mem_pestat] analyzing insert size distribution for orientation FR...
[M::mem_pestat] (25, 50, 75) percentile: (199, 262, 340)
[M::mem_pestat] low and high boundaries for computing mean and std.dev: (1, 622)
[M::mem_pestat] mean and std.dev: (274.40, 102.24)
[M::mem_pestat] low and high boundaries for proper pairs: (1, 763)
[M::mem_pestat] analyzing insert size distribution for orientation RF...
[M::mem_pestat] (25, 50, 75) percentile: (200, 827, 3198)
[M::mem_pestat] low and high boundaries for computing mean and std.dev: (1, 9194)
[M::mem_pestat] mean and std.dev: (1596.92, 1983.93)
[M::mem_pestat] low and high boundaries for proper pairs: (1, 12192)
[M::mem_pestat] analyzing insert size distribution for orientation RR...
[M::mem_pestat] (25, 50, 75) percentile: (366, 1661, 5982)
[M::mem_pestat] low and high boundaries for computing mean and std.dev: (1, 17214)
[M::mem_pestat] mean and std.dev: (2605.38, 2517.07)
[M::mem_pestat] low and high boundaries for proper pairs: (1, 22830)
[M::mem_pestat] skip orientation FF
[M::mem_pestat] skip orientation RF
[M::mem_pestat] skip orientation RR
[M::mem_process_seqs] Processed 2826114 reads in 3149.563 CPU sec, 78.787 real sec
[M::process] read 2826306 sequences (400000217 bp)...
[M::mem_pestat] # candidate unique pairs for (FF, FR, RF, RR): (18, 788213, 86, 10)
[M::mem_pestat] analyzing insert size distribution for orientation FF...
[M::mem_pestat] (25, 50, 75) percentile: (161, 379, 521)
[M::mem_pestat] low and high boundaries for computing mean and std.dev: (1, 1241)
[M::mem_pestat] mean and std.dev: (295.07, 146.50)
[M::mem_pestat] low and high boundaries for proper pairs: (1, 1601)
[M::mem_pestat] analyzing insert size distribution for orientation FR...
[M::mem_pestat] (25, 50, 75) percentile: (198, 261, 339)
[M::mem_pestat] low and high boundaries for computing mean and std.dev: (1, 621)
[M::mem_pestat] mean and std.dev: (273.32, 101.37)
[M::mem_pestat] low and high boundaries for proper pairs: (1, 762)
[M::mem_pestat] analyzing insert size distribution for orientation RF...
[M::mem_pestat] (25, 50, 75) percentile: (97, 351, 1486)
[M::mem_pestat] low and high boundaries for computing mean and std.dev: (1, 4264)
[M::mem_pestat] mean and std.dev: (528.24, 683.49)
[M::mem_pestat] low and high boundaries for proper pairs: (1, 5653)
[M::mem_pestat] analyzing insert size distribution for orientation RR...
[M::mem_pestat] (25, 50, 75) percentile: (1426, 2601, 3427)
[M::mem_pestat] low and high boundaries for computing mean and std.dev: (1, 7429)
[M::mem_pestat] mean and std.dev: (1812.12, 1166.05)
[M::mem_pestat] low and high boundaries for proper pairs: (1, 9430)
[M::mem_pestat] skip orientation FF
[M::mem_pestat] skip orientation RF
[M::mem_pestat] skip orientation RR
[M::mem_process_seqs] Processed 2822282 reads in 3102.331 CPU sec, 77.861 real sec
[M::process] read 2823122 sequences (400000173 bp)...
[M::mem_pestat] # candidate unique pairs for (FF, FR, RF, RR): (12, 789527, 75, 13)
[M::mem_pestat] analyzing insert size distribution for orientation FF...
[M::mem_pestat] (25, 50, 75) percentile: (125, 559, 1618)
[M::mem_pestat] low and high boundaries for computing mean and std.dev: (1, 4604)
[M::mem_pestat] mean and std.dev: (1021.42, 1315.84)
[M::mem_pestat] low and high boundaries for proper pairs: (1, 6285)
[M::mem_pestat] analyzing insert size distribution for orientation FR...
[M::mem_pestat] (25, 50, 75) percentile: (199, 262, 341)
[M::mem_pestat] low and high boundaries for computing mean and std.dev: (1, 625)
[M::mem_pestat] mean and std.dev: (274.84, 102.53)
[M::mem_pestat] low and high boundaries for proper pairs: (1, 767)
[M::mem_pestat] analyzing insert size distribution for orientation RF...
[M::mem_pestat] (25, 50, 75) percentile: (95, 396, 1411)
[M::mem_pestat] low and high boundaries for computing mean and std.dev: (1, 4043)
[M::mem_pestat] mean and std.dev: (719.80, 830.03)
[M::mem_pestat] low and high boundaries for proper pairs: (1, 5359)
[M::mem_pestat] analyzing insert size distribution for orientation RR...
[M::mem_pestat] (25, 50, 75) percentile: (169, 779, 3390)
[M::mem_pestat] low and high boundaries for computing mean and std.dev: (1, 9832)
[M::mem_pestat] mean and std.dev: (1501.46, 1427.06)
[M::mem_pestat] low and high boundaries for proper pairs: (1, 13053)
[M::mem_pestat] skip orientation FF
[M::mem_pestat] skip orientation RF
[M::mem_pestat] skip orientation RR
[M::mem_process_seqs] Processed 2826306 reads in 3160.533 CPU sec, 79.460 real sec
[M::process] read 2806650 sequences (400000193 bp)...
[M::mem_pestat] # candidate unique pairs for (FF, FR, RF, RR): (7, 788931, 79, 17)
[M::mem_pestat] skip orientation FF as there are not enough pairs
[M::mem_pestat] analyzing insert size distribution for orientation FR...
[M::mem_pestat] (25, 50, 75) percentile: (196, 258, 336)
[M::mem_pestat] low and high boundaries for computing mean and std.dev: (1, 616)
[M::mem_pestat] mean and std.dev: (270.95, 100.83)
[M::mem_pestat] low and high boundaries for proper pairs: (1, 756)
[M::mem_pestat] analyzing insert size distribution for orientation RF...
[M::mem_pestat] (25, 50, 75) percentile: (173, 349, 836)
[M::mem_pestat] low and high boundaries for computing mean and std.dev: (1, 2162)
[M::mem_pestat] mean and std.dev: (409.15, 406.21)
[M::mem_pestat] low and high boundaries for proper pairs: (1, 2825)
[M::mem_pestat] analyzing insert size distribution for orientation RR...
[M::mem_pestat] (25, 50, 75) percentile: (262, 343, 814)
[M::mem_pestat] low and high boundaries for computing mean and std.dev: (1, 1918)
[M::mem_pestat] mean and std.dev: (468.73, 381.67)
[M::mem_pestat] low and high boundaries for proper pairs: (1, 2470)
[M::mem_pestat] skip orientation RF
[M::mem_pestat] skip orientation RR
[M::mem_process_seqs] Processed 2823122 reads in 3185.052 CPU sec, 79.847 real sec
[M::process] read 2806876 sequences (400000276 bp)...
[M::mem_pestat] # candidate unique pairs for (FF, FR, RF, RR): (8, 786983, 100, 17)
[M::mem_pestat] skip orientation FF as there are not enough pairs
[M::mem_pestat] analyzing insert size distribution for orientation FR...
[M::mem_pestat] (25, 50, 75) percentile: (200, 264, 343)
[M::mem_pestat] low and high boundaries for computing mean and std.dev: (1, 629)
[M::mem_pestat] mean and std.dev: (276.62, 102.87)
[M::mem_pestat] low and high boundaries for proper pairs: (1, 772)
[M::mem_pestat] analyzing insert size distribution for orientation RF...
[M::mem_pestat] (25, 50, 75) percentile: (160, 579, 2152)
[M::mem_pestat] low and high boundaries for computing mean and std.dev: (1, 6136)
[M::mem_pestat] mean and std.dev: (967.62, 1259.69)
[M::mem_pestat] low and high boundaries for proper pairs: (1, 8128)
[M::mem_pestat] analyzing insert size distribution for orientation RR...
[M::mem_pestat] (25, 50, 75) percentile: (330, 1848, 6009)
[M::mem_pestat] low and high boundaries for computing mean and std.dev: (1, 17367)
[M::mem_pestat] mean and std.dev: (2926.00, 3420.07)
[M::mem_pestat] low and high boundaries for proper pairs: (1, 23046)
[M::mem_pestat] skip orientation RF
[M::mem_pestat] skip orientation RR
[M::mem_process_seqs] Processed 2806650 reads in 3348.827 CPU sec, 89.592 real sec
[M::process] read 2799706 sequences (400000166 bp)...
[M::mem_pestat] # candidate unique pairs for (FF, FR, RF, RR): (10, 789319, 83, 9)
[M::mem_pestat] analyzing insert size distribution for orientation FF...
[M::mem_pestat] (25, 50, 75) percentile: (272, 602, 3992)
[M::mem_pestat] low and high boundaries for computing mean and std.dev: (1, 11432)
[M::mem_pestat] mean and std.dev: (2080.40, 2220.94)
[M::mem_pestat] low and high boundaries for proper pairs: (1, 15152)
[M::mem_pestat] analyzing insert size distribution for orientation FR...
[M::mem_pestat] (25, 50, 75) percentile: (195, 256, 333)
[M::mem_pestat] low and high boundaries for computing mean and std.dev: (1, 609)
[M::mem_pestat] mean and std.dev: (269.12, 100.50)
[M::mem_pestat] low and high boundaries for proper pairs: (1, 747)
[M::mem_pestat] analyzing insert size distribution for orientation RF...
[M::mem_pestat] (25, 50, 75) percentile: (205, 361, 4090)
[M::mem_pestat] low and high boundaries for computing mean and std.dev: (1, 11860)
[M::mem_pestat] mean and std.dev: (2326.28, 3080.19)
[M::mem_pestat] low and high boundaries for proper pairs: (1, 15745)
[M::mem_pestat] skip orientation RR as there are not enough pairs
[M::mem_pestat] skip orientation FF
[M::mem_pestat] skip orientation RF
[M::mem_process_seqs] Processed 2806876 reads in 3093.530 CPU sec, 77.593 real sec
[M::process] read 2800118 sequences (400000282 bp)...
[M::mem_pestat] # candidate unique pairs for (FF, FR, RF, RR): (3, 788712, 75, 10)
[M::mem_pestat] skip orientation FF as there are not enough pairs
[M::mem_pestat] analyzing insert size distribution for orientation FR...
[M::mem_pestat] (25, 50, 75) percentile: (200, 262, 338)
[M::mem_pestat] low and high boundaries for computing mean and std.dev: (1, 614)
[M::mem_pestat] mean and std.dev: (273.71, 100.22)
[M::mem_pestat] low and high boundaries for proper pairs: (1, 752)
[M::mem_pestat] analyzing insert size distribution for orientation RF...
[M::mem_pestat] (25, 50, 75) percentile: (168, 517, 1066)
[M::mem_pestat] low and high boundaries for computing mean and std.dev: (1, 2862)
[M::mem_pestat] mean and std.dev: (507.10, 490.63)
[M::mem_pestat] low and high boundaries for proper pairs: (1, 3760)
[M::mem_pestat] analyzing insert size distribution for orientation RR...
[M::mem_pestat] (25, 50, 75) percentile: (527, 4408, 4869)
[M::mem_pestat] low and high boundaries for computing mean and std.dev: (1, 13553)
[M::mem_pestat] mean and std.dev: (3168.20, 2031.88)
[M::mem_pestat] low and high boundaries for proper pairs: (1, 17895)
[M::mem_pestat] skip orientation RF
[M::mem_pestat] skip orientation RR
[M::mem_process_seqs] Processed 2799706 reads in 3089.437 CPU sec, 77.457 real sec
[M::process] read 2798246 sequences (400000088 bp)...
[M::mem_pestat] # candidate unique pairs for (FF, FR, RF, RR): (15, 788672, 67, 10)
[M::mem_pestat] analyzing insert size distribution for orientation FF...
[M::mem_pestat] (25, 50, 75) percentile: (90, 548, 2666)
[M::mem_pestat] low and high boundaries for computing mean and std.dev: (1, 7818)
[M::mem_pestat] mean and std.dev: (1192.73, 1465.93)
[M::mem_pestat] low and high boundaries for proper pairs: (1, 10394)
[M::mem_pestat] analyzing insert size distribution for orientation FR...
[M::mem_pestat] (25, 50, 75) percentile: (197, 258, 335)
[M::mem_pestat] low and high boundaries for computing mean and std.dev: (1, 611)
[M::mem_pestat] mean and std.dev: (270.73, 100.63)
[M::mem_pestat] low and high boundaries for proper pairs: (1, 749)
[M::mem_pestat] analyzing insert size distribution for orientation RF...
[M::mem_pestat] (25, 50, 75) percentile: (140, 342, 2364)
[M::mem_pestat] low and high boundaries for computing mean and std.dev: (1, 6812)
[M::mem_pestat] mean and std.dev: (1019.39, 1554.03)
[M::mem_pestat] low and high boundaries for proper pairs: (1, 9036)
[M::mem_pestat] analyzing insert size distribution for orientation RR...
[M::mem_pestat] (25, 50, 75) percentile: (130, 169, 1426)
[M::mem_pestat] low and high boundaries for computing mean and std.dev: (1, 4018)
[M::mem_pestat] mean and std.dev: (539.00, 780.51)
[M::mem_pestat] low and high boundaries for proper pairs: (1, 5314)
[M::mem_pestat] skip orientation FF
[M::mem_pestat] skip orientation RF
[M::mem_pestat] skip orientation RR
[M::mem_process_seqs] Processed 2800118 reads in 3084.562 CPU sec, 77.212 real sec
[M::process] read 2804334 sequences (400000174 bp)...
[M::mem_pestat] # candidate unique pairs for (FF, FR, RF, RR): (13, 789435, 77, 10)
[M::mem_pestat] analyzing insert size distribution for orientation FF...
[M::mem_pestat] (25, 50, 75) percentile: (481, 1819, 4279)
[M::mem_pestat] low and high boundaries for computing mean and std.dev: (1, 11875)
[M::mem_pestat] mean and std.dev: (2479.00, 1862.71)
[M::mem_pestat] low and high boundaries for proper pairs: (1, 15673)
[M::mem_pestat] analyzing insert size distribution for orientation FR...
[M::mem_pestat] (25, 50, 75) percentile: (200, 262, 337)
[M::mem_pestat] low and high boundaries for computing mean and std.dev: (1, 611)
[M::mem_pestat] mean and std.dev: (273.33, 99.90)
[M::mem_pestat] low and high boundaries for proper pairs: (1, 748)
[M::mem_pestat] analyzing insert size distribution for orientation RF...
[M::mem_pestat] (25, 50, 75) percentile: (128, 241, 1524)
[M::mem_pestat] low and high boundaries for computing mean and std.dev: (1, 4316)
[M::mem_pestat] mean and std.dev: (585.75, 805.22)
[M::mem_pestat] low and high boundaries for proper pairs: (1, 5712)
[M::mem_pestat] analyzing insert size distribution for orientation RR...
[M::mem_pestat] (25, 50, 75) percentile: (46, 3442, 4775)
[M::mem_pestat] low and high boundaries for computing mean and std.dev: (1, 14233)
[M::mem_pestat] mean and std.dev: (2886.10, 2446.13)
[M::mem_pestat] low and high boundaries for proper pairs: (1, 18962)
[M::mem_pestat] skip orientation FF
[M::mem_pestat] skip orientation RF
[M::mem_pestat] skip orientation RR
[M::mem_process_seqs] Processed 2798246 reads in 3093.540 CPU sec, 77.842 real sec
[M::process] read 2797846 sequences (400000289 bp)...
[M::mem_pestat] # candidate unique pairs for (FF, FR, RF, RR): (8, 789885, 86, 18)
[M::mem_pestat] skip orientation FF as there are not enough pairs
[M::mem_pestat] analyzing insert size distribution for orientation FR...
[M::mem_pestat] (25, 50, 75) percentile: (197, 258, 335)
[M::mem_pestat] low and high boundaries for computing mean and std.dev: (1, 611)
[M::mem_pestat] mean and std.dev: (270.80, 100.49)
[M::mem_pestat] low and high boundaries for proper pairs: (1, 749)
[M::mem_pestat] analyzing insert size distribution for orientation RF...
[M::mem_pestat] (25, 50, 75) percentile: (143, 359, 2185)
[M::mem_pestat] low and high boundaries for computing mean and std.dev: (1, 6269)
[M::mem_pestat] mean and std.dev: (953.80, 1393.30)
[M::mem_pestat] low and high boundaries for proper pairs: (1, 8311)
[M::mem_pestat] analyzing insert size distribution for orientation RR...
[M::mem_pestat] (25, 50, 75) percentile: (46, 224, 1616)
[M::mem_pestat] low and high boundaries for computing mean and std.dev: (1, 4756)
[M::mem_pestat] mean and std.dev: (895.44, 1075.03)
[M::mem_pestat] low and high boundaries for proper pairs: (1, 6326)
[M::mem_pestat] skip orientation RF
[M::mem_pestat] skip orientation RR
[M::mem_process_seqs] Processed 2804334 reads in 3098.804 CPU sec, 77.528 real sec
[M::process] read 2798960 sequences (400000162 bp)...
[M::mem_pestat] # candidate unique pairs for (FF, FR, RF, RR): (10, 789244, 62, 14)
[M::mem_pestat] analyzing insert size distribution for orientation FF...
[M::mem_pestat] (25, 50, 75) percentile: (121, 581, 2289)
[M::mem_pestat] low and high boundaries for computing mean and std.dev: (1, 6625)
[M::mem_pestat] mean and std.dev: (961.00, 1005.52)
[M::mem_pestat] low and high boundaries for proper pairs: (1, 8793)
[M::mem_pestat] analyzing insert size distribution for orientation FR...
[M::mem_pestat] (25, 50, 75) percentile: (201, 264, 340)
[M::mem_pestat] low and high boundaries for computing mean and std.dev: (1, 618)
[M::mem_pestat] mean and std.dev: (275.29, 100.81)
[M::mem_pestat] low and high boundaries for proper pairs: (1, 757)
[M::mem_pestat] analyzing insert size distribution for orientation RF...
[M::mem_pestat] (25, 50, 75) percentile: (140, 813, 2959)
[M::mem_pestat] low and high boundaries for computing mean and std.dev: (1, 8597)
[M::mem_pestat] mean and std.dev: (1563.10, 1923.15)
[M::mem_pestat] low and high boundaries for proper pairs: (1, 11416)
[M::mem_pestat] analyzing insert size distribution for orientation RR...
[M::mem_pestat] (25, 50, 75) percentile: (513, 3775, 4481)
[M::mem_pestat] low and high boundaries for computing mean and std.dev: (1, 12417)
[M::mem_pestat] mean and std.dev: (2814.50, 2118.77)
[M::mem_pestat] low and high boundaries for proper pairs: (1, 16385)
[M::mem_pestat] skip orientation FF
[M::mem_pestat] skip orientation RF
[M::mem_pestat] skip orientation RR
[M::mem_process_seqs] Processed 2797846 reads in 3085.037 CPU sec, 77.546 real sec
[M::process] read 2790886 sequences (400000173 bp)...
[M::mem_pestat] # candidate unique pairs for (FF, FR, RF, RR): (12, 787519, 75, 14)
[M::mem_pestat] analyzing insert size distribution for orientation FF...
[M::mem_pestat] (25, 50, 75) percentile: (1963, 3457, 4964)
[M::mem_pestat] low and high boundaries for computing mean and std.dev: (1, 10966)
[M::mem_pestat] mean and std.dev: (3634.75, 2907.89)
[M::mem_pestat] low and high boundaries for proper pairs: (1, 15266)
[M::mem_pestat] analyzing insert size distribution for orientation FR...
[M::mem_pestat] (25, 50, 75) percentile: (198, 260, 336)
[M::mem_pestat] low and high boundaries for computing mean and std.dev: (1, 612)
[M::mem_pestat] mean and std.dev: (272.23, 100.55)
[M::mem_pestat] low and high boundaries for proper pairs: (1, 750)
[M::mem_pestat] analyzing insert size distribution for orientation RF...
[M::mem_pestat] (25, 50, 75) percentile: (93, 291, 1191)
[M::mem_pestat] low and high boundaries for computing mean and std.dev: (1, 3387)
[M::mem_pestat] mean and std.dev: (568.70, 776.02)
[M::mem_pestat] low and high boundaries for proper pairs: (1, 4485)
[M::mem_pestat] analyzing insert size distribution for orientation RR...
[M::mem_pestat] (25, 50, 75) percentile: (700, 2247, 2553)
[M::mem_pestat] low and high boundaries for computing mean and std.dev: (1, 6259)
[M::mem_pestat] mean and std.dev: (2018.00, 1467.74)
[M::mem_pestat] low and high boundaries for proper pairs: (1, 8112)
[M::mem_pestat] skip orientation FF
[M::mem_pestat] skip orientation RF
[M::mem_pestat] skip orientation RR
[M::mem_process_seqs] Processed 2798960 reads in 3090.239 CPU sec, 77.309 real sec
[M::process] read 2799432 sequences (400000071 bp)...
[M::mem_pestat] # candidate unique pairs for (FF, FR, RF, RR): (9, 787981, 98, 8)
[M::mem_pestat] skip orientation FF as there are not enough pairs
[M::mem_pestat] analyzing insert size distribution for orientation FR...
[M::mem_pestat] (25, 50, 75) percentile: (200, 262, 340)
[M::mem_pestat] low and high boundaries for computing mean and std.dev: (1, 620)
[M::mem_pestat] mean and std.dev: (274.51, 101.56)
[M::mem_pestat] low and high boundaries for proper pairs: (1, 760)
[M::mem_pestat] analyzing insert size distribution for orientation RF...
[M::mem_pestat] (25, 50, 75) percentile: (211, 1214, 2112)
[M::mem_pestat] low and high boundaries for computing mean and std.dev: (1, 5914)
[M::mem_pestat] mean and std.dev: (1251.50, 1293.21)
[M::mem_pestat] low and high boundaries for proper pairs: (1, 7815)
[M::mem_pestat] skip orientation RR as there are not enough pairs
[M::mem_pestat] skip orientation RF
[M::mem_process_seqs] Processed 2790886 reads in 3081.478 CPU sec, 77.347 real sec
[M::process] read 2825186 sequences (400000127 bp)...
[M::mem_pestat] # candidate unique pairs for (FF, FR, RF, RR): (15, 788633, 74, 11)
[M::mem_pestat] analyzing insert size distribution for orientation FF...
[M::mem_pestat] (25, 50, 75) percentile: (372, 634, 2549)
[M::mem_pestat] low and high boundaries for computing mean and std.dev: (1, 6903)
[M::mem_pestat] mean and std.dev: (1370.87, 1387.99)
[M::mem_pestat] low and high boundaries for proper pairs: (1, 9080)
[M::mem_pestat] analyzing insert size distribution for orientation FR...
[M::mem_pestat] (25, 50, 75) percentile: (201, 263, 339)
[M::mem_pestat] low and high boundaries for computing mean and std.dev: (1, 615)
[M::mem_pestat] mean and std.dev: (274.58, 100.42)
[M::mem_pestat] low and high boundaries for proper pairs: (1, 753)
[M::mem_pestat] analyzing insert size distribution for orientation RF...
[M::mem_pestat] (25, 50, 75) percentile: (125, 421, 4263)
[M::mem_pestat] low and high boundaries for computing mean and std.dev: (1, 12539)
[M::mem_pestat] mean and std.dev: (1931.38, 2422.51)
[M::mem_pestat] low and high boundaries for proper pairs: (1, 16677)
[M::mem_pestat] analyzing insert size distribution for orientation RR...
[M::mem_pestat] (25, 50, 75) percentile: (237, 737, 4662)
[M::mem_pestat] low and high boundaries for computing mean and std.dev: (1, 13512)
[M::mem_pestat] mean and std.dev: (2116.82, 2153.97)
[M::mem_pestat] low and high boundaries for proper pairs: (1, 17937)
[M::mem_pestat] skip orientation FF
[M::mem_pestat] skip orientation RF
[M::mem_pestat] skip orientation RR
[M::mem_process_seqs] Processed 2799432 reads in 3113.627 CPU sec, 78.309 real sec
[M::process] read 2821534 sequences (400000096 bp)...
[M::mem_pestat] # candidate unique pairs for (FF, FR, RF, RR): (16, 786952, 81, 10)
[M::mem_pestat] analyzing insert size distribution for orientation FF...
[M::mem_pestat] (25, 50, 75) percentile: (1795, 1980, 3315)
[M::mem_pestat] low and high boundaries for computing mean and std.dev: (1, 6355)
[M::mem_pestat] mean and std.dev: (2530.69, 1633.66)
[M::mem_pestat] low and high boundaries for proper pairs: (1, 9065)
[M::mem_pestat] analyzing insert size distribution for orientation FR...
[M::mem_pestat] (25, 50, 75) percentile: (198, 260, 338)
[M::mem_pestat] low and high boundaries for computing mean and std.dev: (1, 618)
[M::mem_pestat] mean and std.dev: (272.75, 101.45)
[M::mem_pestat] low and high boundaries for proper pairs: (1, 758)
[M::mem_pestat] analyzing insert size distribution for orientation RF...
[M::mem_pestat] (25, 50, 75) percentile: (223, 507, 1982)
[M::mem_pestat] low and high boundaries for computing mean and std.dev: (1, 5500)
[M::mem_pestat] mean and std.dev: (887.49, 1000.27)
[M::mem_pestat] low and high boundaries for proper pairs: (1, 7259)
[M::mem_pestat] analyzing insert size distribution for orientation RR...
[M::mem_pestat] (25, 50, 75) percentile: (124, 314, 347)
[M::mem_pestat] low and high boundaries for computing mean and std.dev: (1, 793)
[M::mem_pestat] mean and std.dev: (200.38, 122.79)
[M::mem_pestat] low and high boundaries for proper pairs: (1, 1016)
[M::mem_pestat] skip orientation FF
[M::mem_pestat] skip orientation RF
[M::mem_pestat] skip orientation RR
[M::mem_process_seqs] Processed 2825186 reads in 3124.701 CPU sec, 78.336 real sec
[M::process] read 2825220 sequences (400000119 bp)...
[M::mem_pestat] # candidate unique pairs for (FF, FR, RF, RR): (14, 789660, 88, 14)
[M::mem_pestat] analyzing insert size distribution for orientation FF...
[M::mem_pestat] (25, 50, 75) percentile: (147, 396, 3402)
[M::mem_pestat] low and high boundaries for computing mean and std.dev: (1, 9912)
[M::mem_pestat] mean and std.dev: (1602.00, 1620.45)
[M::mem_pestat] low and high boundaries for proper pairs: (1, 13167)
[M::mem_pestat] analyzing insert size distribution for orientation FR...
[M::mem_pestat] (25, 50, 75) percentile: (200, 263, 342)
[M::mem_pestat] low and high boundaries for computing mean and std.dev: (1, 626)
[M::mem_pestat] mean and std.dev: (275.69, 102.28)
[M::mem_pestat] low and high boundaries for proper pairs: (1, 768)
[M::mem_pestat] analyzing insert size distribution for orientation RF...
[M::mem_pestat] (25, 50, 75) percentile: (126, 812, 3591)
[M::mem_pestat] low and high boundaries for computing mean and std.dev: (1, 10521)
[M::mem_pestat] mean and std.dev: (1914.90, 2448.34)
[M::mem_pestat] low and high boundaries for proper pairs: (1, 13986)
[M::mem_pestat] analyzing insert size distribution for orientation RR...
[M::mem_pestat] (25, 50, 75) percentile: (206, 2085, 3041)
[M::mem_pestat] low and high boundaries for computing mean and std.dev: (1, 8711)
[M::mem_pestat] mean and std.dev: (1625.31, 1630.01)
[M::mem_pestat] low and high boundaries for proper pairs: (1, 11546)
[M::mem_pestat] skip orientation FF
[M::mem_pestat] skip orientation RF
[M::mem_pestat] skip orientation RR
[M::mem_process_seqs] Processed 2821534 reads in 3123.630 CPU sec, 78.134 real sec
[M::process] read 2816962 sequences (400000034 bp)...
[M::mem_pestat] # candidate unique pairs for (FF, FR, RF, RR): (25, 788153, 69, 13)
[M::mem_pestat] analyzing insert size distribution for orientation FF...
[M::mem_pestat] (25, 50, 75) percentile: (299, 583, 4082)
[M::mem_pestat] low and high boundaries for computing mean and std.dev: (1, 11648)
[M::mem_pestat] mean and std.dev: (2046.52, 2177.93)
[M::mem_pestat] low and high boundaries for proper pairs: (1, 15431)
[M::mem_pestat] analyzing insert size distribution for orientation FR...
[M::mem_pestat] (25, 50, 75) percentile: (199, 262, 339)
[M::mem_pestat] low and high boundaries for computing mean and std.dev: (1, 619)
[M::mem_pestat] mean and std.dev: (273.67, 101.55)
[M::mem_pestat] low and high boundaries for proper pairs: (1, 759)
[M::mem_pestat] analyzing insert size distribution for orientation RF...
[M::mem_pestat] (25, 50, 75) percentile: (70, 348, 1301)
[M::mem_pestat] low and high boundaries for computing mean and std.dev: (1, 3763)
[M::mem_pestat] mean and std.dev: (657.87, 834.82)
[M::mem_pestat] low and high boundaries for proper pairs: (1, 4994)
[M::mem_pestat] analyzing insert size distribution for orientation RR...
[M::mem_pestat] (25, 50, 75) percentile: (137, 195, 5551)
[M::mem_pestat] low and high boundaries for computing mean and std.dev: (1, 16379)
[M::mem_pestat] mean and std.dev: (2040.85, 2993.77)
[M::mem_pestat] low and high boundaries for proper pairs: (1, 21793)
[M::mem_pestat] skip orientation FF
[M::mem_pestat] skip orientation RF
[M::mem_pestat] skip orientation RR
[M::mem_process_seqs] Processed 2825220 reads in 3127.068 CPU sec, 78.615 real sec
[M::process] read 2823332 sequences (400000047 bp)...
[M::mem_pestat] # candidate unique pairs for (FF, FR, RF, RR): (13, 790573, 76, 17)
[M::mem_pestat] analyzing insert size distribution for orientation FF...
[M::mem_pestat] (25, 50, 75) percentile: (393, 1012, 4267)
[M::mem_pestat] low and high boundaries for computing mean and std.dev: (1, 12015)
[M::mem_pestat] mean and std.dev: (1691.62, 1596.39)
[M::mem_pestat] low and high boundaries for proper pairs: (1, 15889)
[M::mem_pestat] analyzing insert size distribution for orientation FR...
[M::mem_pestat] (25, 50, 75) percentile: (199, 262, 339)
[M::mem_pestat] low and high boundaries for computing mean and std.dev: (1, 619)
[M::mem_pestat] mean and std.dev: (274.16, 101.63)
[M::mem_pestat] low and high boundaries for proper pairs: (1, 759)
[M::mem_pestat] analyzing insert size distribution for orientation RF...
[M::mem_pestat] (25, 50, 75) percentile: (266, 569, 1217)
[M::mem_pestat] low and high boundaries for computing mean and std.dev: (1, 3119)
[M::mem_pestat] mean and std.dev: (723.73, 744.37)
[M::mem_pestat] low and high boundaries for proper pairs: (1, 4070)
[M::mem_pestat] analyzing insert size distribution for orientation RR...
[M::mem_pestat] (25, 50, 75) percentile: (409, 948, 2403)
[M::mem_pestat] low and high boundaries for computing mean and std.dev: (1, 6391)
[M::mem_pestat] mean and std.dev: (1549.47, 1266.95)
[M::mem_pestat] low and high boundaries for proper pairs: (1, 8385)
[M::mem_pestat] skip orientation FF
[M::mem_pestat] skip orientation RF
[M::mem_pestat] skip orientation RR
[M::mem_process_seqs] Processed 2816962 reads in 3109.264 CPU sec, 77.986 real sec
[M::process] read 2824998 sequences (400000097 bp)...
[M::mem_pestat] # candidate unique pairs for (FF, FR, RF, RR): (23, 787212, 76, 13)
[M::mem_pestat] analyzing insert size distribution for orientation FF...
[M::mem_pestat] (25, 50, 75) percentile: (173, 539, 2875)
[M::mem_pestat] low and high boundaries for computing mean and std.dev: (1, 8279)
[M::mem_pestat] mean and std.dev: (1866.43, 2156.35)
[M::mem_pestat] low and high boundaries for proper pairs: (1, 10981)
[M::mem_pestat] analyzing insert size distribution for orientation FR...
[M::mem_pestat] (25, 50, 75) percentile: (199, 263, 342)
[M::mem_pestat] low and high boundaries for computing mean and std.dev: (1, 628)
[M::mem_pestat] mean and std.dev: (275.37, 102.60)
[M::mem_pestat] low and high boundaries for proper pairs: (1, 771)
[M::mem_pestat] analyzing insert size distribution for orientation RF...
[M::mem_pestat] (25, 50, 75) percentile: (144, 436, 1840)
[M::mem_pestat] low and high boundaries for computing mean and std.dev: (1, 5232)
[M::mem_pestat] mean and std.dev: (687.16, 889.96)
[M::mem_pestat] low and high boundaries for proper pairs: (1, 6928)
[M::mem_pestat] analyzing insert size distribution for orientation RR...
[M::mem_pestat] (25, 50, 75) percentile: (205, 248, 5250)
[M::mem_pestat] low and high boundaries for computing mean and std.dev: (1, 15340)
[M::mem_pestat] mean and std.dev: (2127.69, 2587.37)
[M::mem_pestat] low and high boundaries for proper pairs: (1, 20385)
[M::mem_pestat] skip orientation FF
[M::mem_pestat] skip orientation RF
[M::mem_pestat] skip orientation RR
[M::mem_process_seqs] Processed 2823332 reads in 3117.197 CPU sec, 78.133 real sec
[M::process] read 2815232 sequences (400000124 bp)...
[M::mem_pestat] # candidate unique pairs for (FF, FR, RF, RR): (9, 789115, 75, 19)
[M::mem_pestat] skip orientation FF as there are not enough pairs
[M::mem_pestat] analyzing insert size distribution for orientation FR...
[M::mem_pestat] (25, 50, 75) percentile: (200, 262, 341)
[M::mem_pestat] low and high boundaries for computing mean and std.dev: (1, 623)
[M::mem_pestat] mean and std.dev: (275.10, 102.21)
[M::mem_pestat] low and high boundaries for proper pairs: (1, 764)
[M::mem_pestat] analyzing insert size distribution for orientation RF...
[M::mem_pestat] (25, 50, 75) percentile: (90, 329, 1214)
[M::mem_pestat] low and high boundaries for computing mean and std.dev: (1, 3462)
[M::mem_pestat] mean and std.dev: (515.79, 602.36)
[M::mem_pestat] low and high boundaries for proper pairs: (1, 4586)
[M::mem_pestat] analyzing insert size distribution for orientation RR...
[M::mem_pestat] (25, 50, 75) percentile: (235, 369, 958)
[M::mem_pestat] low and high boundaries for computing mean and std.dev: (1, 2404)
[M::mem_pestat] mean and std.dev: (537.35, 619.27)
[M::mem_pestat] low and high boundaries for proper pairs: (1, 3127)
[M::mem_pestat] skip orientation RF
[M::mem_pestat] skip orientation RR
[M::mem_process_seqs] Processed 2824998 reads in 3155.832 CPU sec, 79.137 real sec
[M::process] read 2804330 sequences (400000295 bp)...
[M::mem_pestat] # candidate unique pairs for (FF, FR, RF, RR): (15, 787998, 69, 13)
[M::mem_pestat] analyzing insert size distribution for orientation FF...
[M::mem_pestat] (25, 50, 75) percentile: (670, 821, 821)
[M::mem_pestat] low and high boundaries for computing mean and std.dev: (368, 1123)
[M::mem_pestat] mean and std.dev: (752.11, 105.55)
[M::mem_pestat] low and high boundaries for proper pairs: (217, 1274)
[M::mem_pestat] analyzing insert size distribution for orientation FR...
[M::mem_pestat] (25, 50, 75) percentile: (199, 262, 340)
[M::mem_pestat] low and high boundaries for computing mean and std.dev: (1, 622)
[M::mem_pestat] mean and std.dev: (274.34, 101.87)
[M::mem_pestat] low and high boundaries for proper pairs: (1, 763)
[M::mem_pestat] analyzing insert size distribution for orientation RF...
[M::mem_pestat] (25, 50, 75) percentile: (128, 644, 2202)
[M::mem_pestat] low and high boundaries for computing mean and std.dev: (1, 6350)
[M::mem_pestat] mean and std.dev: (1337.78, 1779.16)
[M::mem_pestat] low and high boundaries for proper pairs: (1, 8454)
[M::mem_pestat] analyzing insert size distribution for orientation RR...
[M::mem_pestat] (25, 50, 75) percentile: (282, 879, 3274)
[M::mem_pestat] low and high boundaries for computing mean and std.dev: (1, 9258)
[M::mem_pestat] mean and std.dev: (2572.85, 2847.90)
[M::mem_pestat] low and high boundaries for proper pairs: (1, 13964)
[M::mem_pestat] skip orientation FF
[M::mem_pestat] skip orientation RF
[M::mem_pestat] skip orientation RR
[M::mem_process_seqs] Processed 2815232 reads in 3153.478 CPU sec, 78.887 real sec
[M::process] read 2807936 sequences (400000044 bp)...
[M::mem_pestat] # candidate unique pairs for (FF, FR, RF, RR): (14, 789783, 73, 13)
[M::mem_pestat] analyzing insert size distribution for orientation FF...
[M::mem_pestat] (25, 50, 75) percentile: (229, 1347, 4667)
[M::mem_pestat] low and high boundaries for computing mean and std.dev: (1, 13543)
[M::mem_pestat] mean and std.dev: (2586.86, 2717.52)
[M::mem_pestat] low and high boundaries for proper pairs: (1, 17981)
[M::mem_pestat] analyzing insert size distribution for orientation FR...
[M::mem_pestat] (25, 50, 75) percentile: (199, 263, 341)
[M::mem_pestat] low and high boundaries for computing mean and std.dev: (1, 625)
[M::mem_pestat] mean and std.dev: (275.36, 102.73)
[M::mem_pestat] low and high boundaries for proper pairs: (1, 767)
[M::mem_pestat] analyzing insert size distribution for orientation RF...
[M::mem_pestat] (25, 50, 75) percentile: (108, 347, 1181)
[M::mem_pestat] low and high boundaries for computing mean and std.dev: (1, 3327)
[M::mem_pestat] mean and std.dev: (515.22, 732.91)
[M::mem_pestat] low and high boundaries for proper pairs: (1, 4400)
[M::mem_pestat] analyzing insert size distribution for orientation RR...
[M::mem_pestat] (25, 50, 75) percentile: (216, 1692, 2478)
[M::mem_pestat] low and high boundaries for computing mean and std.dev: (1, 7002)
[M::mem_pestat] mean and std.dev: (1248.75, 1042.71)
[M::mem_pestat] low and high boundaries for proper pairs: (1, 9264)
[M::mem_pestat] skip orientation FF
[M::mem_pestat] skip orientation RF
[M::mem_pestat] skip orientation RR
[M::mem_process_seqs] Processed 2804330 reads in 3368.770 CPU sec, 90.468 real sec
[M::process] read 2805644 sequences (400000018 bp)...
[M::mem_pestat] # candidate unique pairs for (FF, FR, RF, RR): (9, 788596, 91, 6)
[M::mem_pestat] skip orientation FF as there are not enough pairs
[M::mem_pestat] analyzing insert size distribution for orientation FR...
[M::mem_pestat] (25, 50, 75) percentile: (197, 258, 334)
[M::mem_pestat] low and high boundaries for computing mean and std.dev: (1, 608)
[M::mem_pestat] mean and std.dev: (270.36, 100.03)
[M::mem_pestat] low and high boundaries for proper pairs: (1, 745)
[M::mem_pestat] analyzing insert size distribution for orientation RF...
[M::mem_pestat] (25, 50, 75) percentile: (73, 303, 2183)
[M::mem_pestat] low and high boundaries for computing mean and std.dev: (1, 6403)
[M::mem_pestat] mean and std.dev: (1143.51, 1698.73)
[M::mem_pestat] low and high boundaries for proper pairs: (1, 8513)
[M::mem_pestat] skip orientation RR as there are not enough pairs
[M::mem_pestat] skip orientation RF
[M::mem_process_seqs] Processed 2807936 reads in 3112.611 CPU sec, 78.079 real sec
[M::process] read 2805576 sequences (400000035 bp)...
[M::mem_pestat] # candidate unique pairs for (FF, FR, RF, RR): (10, 789647, 62, 22)
[M::mem_pestat] analyzing insert size distribution for orientation FF...
[M::mem_pestat] (25, 50, 75) percentile: (179, 1953, 2010)
[M::mem_pestat] low and high boundaries for computing mean and std.dev: (1, 5672)
[M::mem_pestat] mean and std.dev: (1229.56, 1197.22)
[M::mem_pestat] low and high boundaries for proper pairs: (1, 7503)
[M::mem_pestat] analyzing insert size distribution for orientation FR...
[M::mem_pestat] (25, 50, 75) percentile: (195, 255, 328)
[M::mem_pestat] low and high boundaries for computing mean and std.dev: (1, 594)
[M::mem_pestat] mean and std.dev: (266.49, 97.15)
[M::mem_pestat] low and high boundaries for proper pairs: (1, 727)
[M::mem_pestat] analyzing insert size distribution for orientation RF...
[M::mem_pestat] (25, 50, 75) percentile: (235, 464, 2144)
[M::mem_pestat] low and high boundaries for computing mean and std.dev: (1, 5962)
[M::mem_pestat] mean and std.dev: (1171.80, 1431.10)
[M::mem_pestat] low and high boundaries for proper pairs: (1, 7871)
[M::mem_pestat] analyzing insert size distribution for orientation RR...
[M::mem_pestat] (25, 50, 75) percentile: (216, 1898, 4332)
[M::mem_pestat] low and high boundaries for computing mean and std.dev: (1, 12564)
[M::mem_pestat] mean and std.dev: (2630.00, 2793.63)
[M::mem_pestat] low and high boundaries for proper pairs: (1, 16680)
[M::mem_pestat] skip orientation FF
[M::mem_pestat] skip orientation RF
[M::mem_pestat] skip orientation RR
[M::mem_process_seqs] Processed 2805644 reads in 3116.953 CPU sec, 78.237 real sec
[M::process] read 2821206 sequences (400000285 bp)...
[M::mem_pestat] # candidate unique pairs for (FF, FR, RF, RR): (8, 788248, 78, 8)
[M::mem_pestat] skip orientation FF as there are not enough pairs
[M::mem_pestat] analyzing insert size distribution for orientation FR...
[M::mem_pestat] (25, 50, 75) percentile: (195, 254, 327)
[M::mem_pestat] low and high boundaries for computing mean and std.dev: (1, 591)
[M::mem_pestat] mean and std.dev: (265.64, 96.71)
[M::mem_pestat] low and high boundaries for proper pairs: (1, 723)
[M::mem_pestat] analyzing insert size distribution for orientation RF...
[M::mem_pestat] (25, 50, 75) percentile: (149, 510, 2130)
[M::mem_pestat] low and high boundaries for computing mean and std.dev: (1, 6092)
[M::mem_pestat] mean and std.dev: (925.07, 1294.51)
[M::mem_pestat] low and high boundaries for proper pairs: (1, 8073)
[M::mem_pestat] skip orientation RR as there are not enough pairs
[M::mem_pestat] skip orientation RF
[M::mem_process_seqs] Processed 2805576 reads in 3108.351 CPU sec, 78.194 real sec
[M::process] read 2829100 sequences (400000298 bp)...
[M::mem_pestat] # candidate unique pairs for (FF, FR, RF, RR): (19, 787181, 71, 11)
[M::mem_pestat] analyzing insert size distribution for orientation FF...
[M::mem_pestat] (25, 50, 75) percentile: (82, 132, 3716)
[M::mem_pestat] low and high boundaries for computing mean and std.dev: (1, 10984)
[M::mem_pestat] mean and std.dev: (2240.84, 3515.14)
[M::mem_pestat] low and high boundaries for proper pairs: (1, 16301)
[M::mem_pestat] analyzing insert size distribution for orientation FR...
[M::mem_pestat] (25, 50, 75) percentile: (195, 255, 328)
[M::mem_pestat] low and high boundaries for computing mean and std.dev: (1, 594)
[M::mem_pestat] mean and std.dev: (266.30, 96.96)
[M::mem_pestat] low and high boundaries for proper pairs: (1, 727)
[M::mem_pestat] analyzing insert size distribution for orientation RF...
[M::mem_pestat] (25, 50, 75) percentile: (74, 223, 1635)
[M::mem_pestat] low and high boundaries for computing mean and std.dev: (1, 4757)
[M::mem_pestat] mean and std.dev: (634.81, 1051.76)
[M::mem_pestat] low and high boundaries for proper pairs: (1, 6318)
[M::mem_pestat] analyzing insert size distribution for orientation RR...
[M::mem_pestat] (25, 50, 75) percentile: (204, 2630, 2876)
[M::mem_pestat] low and high boundaries for computing mean and std.dev: (1, 8220)
[M::mem_pestat] mean and std.dev: (1772.09, 1514.32)
[M::mem_pestat] low and high boundaries for proper pairs: (1, 10892)
[M::mem_pestat] skip orientation FF
[M::mem_pestat] skip orientation RF
[M::mem_pestat] skip orientation RR
[M::mem_process_seqs] Processed 2821206 reads in 3148.248 CPU sec, 78.753 real sec
[M::process] read 2825146 sequences (400000058 bp)...
[M::mem_pestat] # candidate unique pairs for (FF, FR, RF, RR): (15, 790627, 68, 11)
[M::mem_pestat] analyzing insert size distribution for orientation FF...
[M::mem_pestat] (25, 50, 75) percentile: (219, 656, 1495)
[M::mem_pestat] low and high boundaries for computing mean and std.dev: (1, 4047)
[M::mem_pestat] mean and std.dev: (851.31, 954.19)
[M::mem_pestat] low and high boundaries for proper pairs: (1, 5323)
[M::mem_pestat] analyzing insert size distribution for orientation FR...
[M::mem_pestat] (25, 50, 75) percentile: (193, 252, 326)
[M::mem_pestat] low and high boundaries for computing mean and std.dev: (1, 592)
[M::mem_pestat] mean and std.dev: (264.11, 96.80)
[M::mem_pestat] low and high boundaries for proper pairs: (1, 725)
[M::mem_pestat] analyzing insert size distribution for orientation RF...
[M::mem_pestat] (25, 50, 75) percentile: (223, 1107, 3624)
[M::mem_pestat] low and high boundaries for computing mean and std.dev: (1, 10426)
[M::mem_pestat] mean and std.dev: (2083.60, 2636.90)
[M::mem_pestat] low and high boundaries for proper pairs: (1, 13827)
[M::mem_pestat] analyzing insert size distribution for orientation RR...
[M::mem_pestat] (25, 50, 75) percentile: (229, 292, 854)
[M::mem_pestat] low and high boundaries for computing mean and std.dev: (1, 2104)
[M::mem_pestat] mean and std.dev: (343.67, 238.57)
[M::mem_pestat] low and high boundaries for proper pairs: (1, 2729)
[M::mem_pestat] skip orientation FF
[M::mem_pestat] skip orientation RF
[M::mem_pestat] skip orientation RR
[M::mem_process_seqs] Processed 2829100 reads in 3115.995 CPU sec, 78.163 real sec
[M::process] read 420754 sequences (59855379 bp)...
[M::mem_pestat] # candidate unique pairs for (FF, FR, RF, RR): (5, 789072, 72, 13)
[M::mem_pestat] skip orientation FF as there are not enough pairs
[M::mem_pestat] analyzing insert size distribution for orientation FR...
[M::mem_pestat] (25, 50, 75) percentile: (193, 253, 326)
[M::mem_pestat] low and high boundaries for computing mean and std.dev: (1, 592)
[M::mem_pestat] mean and std.dev: (264.55, 97.12)
[M::mem_pestat] low and high boundaries for proper pairs: (1, 725)
[M::mem_pestat] analyzing insert size distribution for orientation RF...
[M::mem_pestat] (25, 50, 75) percentile: (115, 490, 2359)
[M::mem_pestat] low and high boundaries for computing mean and std.dev: (1, 6847)
[M::mem_pestat] mean and std.dev: (1404.33, 1904.30)
[M::mem_pestat] low and high boundaries for proper pairs: (1, 9091)
[M::mem_pestat] analyzing insert size distribution for orientation RR...
[M::mem_pestat] (25, 50, 75) percentile: (435, 512, 5630)
[M::mem_pestat] low and high boundaries for computing mean and std.dev: (1, 16020)
[M::mem_pestat] mean and std.dev: (1808.00, 2155.50)
[M::mem_pestat] low and high boundaries for proper pairs: (1, 21215)
[M::mem_pestat] skip orientation RF
[M::mem_pestat] skip orientation RR
[M::mem_process_seqs] Processed 2825146 reads in 3166.798 CPU sec, 79.588 real sec
[M::mem_pestat] # candidate unique pairs for (FF, FR, RF, RR): (2, 118197, 6, 0)
[M::mem_pestat] skip orientation FF as there are not enough pairs
[M::mem_pestat] analyzing insert size distribution for orientation FR...
[M::mem_pestat] (25, 50, 75) percentile: (196, 256, 332)
[M::mem_pestat] low and high boundaries for computing mean and std.dev: (1, 604)
[M::mem_pestat] mean and std.dev: (268.53, 99.07)
[M::mem_pestat] low and high boundaries for proper pairs: (1, 740)
[M::mem_pestat] skip orientation RF as there are not enough pairs
[M::mem_pestat] skip orientation RR as there are not enough pairs
[M::mem_process_seqs] Processed 420754 reads in 516.032 CPU sec, 12.957 real sec
[main] Version: 0.7.17-r1188
[main] CMD: /home/shared/bwa-0.7.17/bwa mem -M -t 40 ../data/bwa-GCF_031168955.1_ASM3116895v1_genomic ../data/trimmed-fastqs-heatwave-genetics/MHW225_trimmed_clipped_R1_paired.fq.gz ../data/trimmed-fastqs-heatwave-genetics/MHW225_trimmed_clipped_R2_paired.fq.gz
[main] Real time: 3245.783 sec; CPU: 128649.203 sec
