[M::bwa_idx_load_from_disk] read 0 ALT contigs
[M::process] read 2798078 sequences (400000195 bp)...
[M::process] read 2796334 sequences (400000216 bp)...
[M::mem_pestat] # candidate unique pairs for (FF, FR, RF, RR): (7, 779343, 64, 9)
[M::mem_pestat] skip orientation FF as there are not enough pairs
[M::mem_pestat] analyzing insert size distribution for orientation FR...
[M::mem_pestat] (25, 50, 75) percentile: (173, 203, 294)
[M::mem_pestat] low and high boundaries for computing mean and std.dev: (1, 536)
[M::mem_pestat] mean and std.dev: (232.85, 86.00)
[M::mem_pestat] low and high boundaries for proper pairs: (1, 657)
[M::mem_pestat] analyzing insert size distribution for orientation RF...
[M::mem_pestat] (25, 50, 75) percentile: (138, 251, 910)
[M::mem_pestat] low and high boundaries for computing mean and std.dev: (1, 2454)
[M::mem_pestat] mean and std.dev: (428.28, 480.78)
[M::mem_pestat] low and high boundaries for proper pairs: (1, 3226)
[M::mem_pestat] skip orientation RR as there are not enough pairs
[M::mem_pestat] skip orientation RF
[M::mem_process_seqs] Processed 2798078 reads in 2963.503 CPU sec, 74.325 real sec
[M::process] read 2789578 sequences (400000114 bp)...
[M::mem_pestat] # candidate unique pairs for (FF, FR, RF, RR): (12, 778569, 82, 9)
[M::mem_pestat] analyzing insert size distribution for orientation FF...
[M::mem_pestat] (25, 50, 75) percentile: (1654, 3655, 4298)
[M::mem_pestat] low and high boundaries for computing mean and std.dev: (1, 9586)
[M::mem_pestat] mean and std.dev: (3677.08, 2212.06)
[M::mem_pestat] low and high boundaries for proper pairs: (1, 12525)
[M::mem_pestat] analyzing insert size distribution for orientation FR...
[M::mem_pestat] (25, 50, 75) percentile: (175, 207, 307)
[M::mem_pestat] low and high boundaries for computing mean and std.dev: (1, 571)
[M::mem_pestat] mean and std.dev: (239.24, 89.30)
[M::mem_pestat] low and high boundaries for proper pairs: (1, 703)
[M::mem_pestat] analyzing insert size distribution for orientation RF...
[M::mem_pestat] (25, 50, 75) percentile: (124, 255, 1239)
[M::mem_pestat] low and high boundaries for computing mean and std.dev: (1, 3469)
[M::mem_pestat] mean and std.dev: (556.00, 664.81)
[M::mem_pestat] low and high boundaries for proper pairs: (1, 4584)
[M::mem_pestat] skip orientation RR as there are not enough pairs
[M::mem_pestat] skip orientation FF
[M::mem_pestat] skip orientation RF
[M::mem_process_seqs] Processed 2796334 reads in 3100.034 CPU sec, 77.780 real sec
[M::process] read 2795520 sequences (400000095 bp)...
[M::mem_pestat] # candidate unique pairs for (FF, FR, RF, RR): (6, 779710, 77, 5)
[M::mem_pestat] skip orientation FF as there are not enough pairs
[M::mem_pestat] analyzing insert size distribution for orientation FR...
[M::mem_pestat] (25, 50, 75) percentile: (174, 205, 302)
[M::mem_pestat] low and high boundaries for computing mean and std.dev: (1, 558)
[M::mem_pestat] mean and std.dev: (236.65, 88.19)
[M::mem_pestat] low and high boundaries for proper pairs: (1, 686)
[M::mem_pestat] analyzing insert size distribution for orientation RF...
[M::mem_pestat] (25, 50, 75) percentile: (223, 452, 1287)
[M::mem_pestat] low and high boundaries for computing mean and std.dev: (1, 3415)
[M::mem_pestat] mean and std.dev: (589.34, 740.30)
[M::mem_pestat] low and high boundaries for proper pairs: (1, 4479)
[M::mem_pestat] skip orientation RR as there are not enough pairs
[M::mem_pestat] skip orientation RF
[M::mem_process_seqs] Processed 2789578 reads in 3062.625 CPU sec, 76.827 real sec
[M::process] read 2789846 sequences (400000215 bp)...
[M::mem_pestat] # candidate unique pairs for (FF, FR, RF, RR): (14, 779693, 78, 4)
[M::mem_pestat] analyzing insert size distribution for orientation FF...
[M::mem_pestat] (25, 50, 75) percentile: (1601, 3754, 9306)
[M::mem_pestat] low and high boundaries for computing mean and std.dev: (1, 24716)
[M::mem_pestat] mean and std.dev: (4457.43, 3521.82)
[M::mem_pestat] low and high boundaries for proper pairs: (1, 32421)
[M::mem_pestat] analyzing insert size distribution for orientation FR...
[M::mem_pestat] (25, 50, 75) percentile: (174, 205, 301)
[M::mem_pestat] low and high boundaries for computing mean and std.dev: (1, 555)
[M::mem_pestat] mean and std.dev: (236.14, 87.70)
[M::mem_pestat] low and high boundaries for proper pairs: (1, 682)
[M::mem_pestat] analyzing insert size distribution for orientation RF...
[M::mem_pestat] (25, 50, 75) percentile: (213, 301, 1612)
[M::mem_pestat] low and high boundaries for computing mean and std.dev: (1, 4410)
[M::mem_pestat] mean and std.dev: (842.41, 1095.17)
[M::mem_pestat] low and high boundaries for proper pairs: (1, 5809)
[M::mem_pestat] skip orientation RR as there are not enough pairs
[M::mem_pestat] skip orientation FF
[M::mem_pestat] skip orientation RF
[M::mem_process_seqs] Processed 2795520 reads in 3121.064 CPU sec, 78.462 real sec
[M::process] read 2793092 sequences (400000015 bp)...
[M::mem_pestat] # candidate unique pairs for (FF, FR, RF, RR): (4, 779355, 61, 10)
[M::mem_pestat] skip orientation FF as there are not enough pairs
[M::mem_pestat] analyzing insert size distribution for orientation FR...
[M::mem_pestat] (25, 50, 75) percentile: (175, 207, 307)
[M::mem_pestat] low and high boundaries for computing mean and std.dev: (1, 571)
[M::mem_pestat] mean and std.dev: (239.30, 89.27)
[M::mem_pestat] low and high boundaries for proper pairs: (1, 703)
[M::mem_pestat] analyzing insert size distribution for orientation RF...
[M::mem_pestat] (25, 50, 75) percentile: (162, 240, 1208)
[M::mem_pestat] low and high boundaries for computing mean and std.dev: (1, 3300)
[M::mem_pestat] mean and std.dev: (633.70, 855.14)
[M::mem_pestat] low and high boundaries for proper pairs: (1, 4346)
[M::mem_pestat] analyzing insert size distribution for orientation RR...
[M::mem_pestat] (25, 50, 75) percentile: (192, 449, 3259)
[M::mem_pestat] low and high boundaries for computing mean and std.dev: (1, 9393)
[M::mem_pestat] mean and std.dev: (1785.30, 2069.50)
[M::mem_pestat] low and high boundaries for proper pairs: (1, 12460)
[M::mem_pestat] skip orientation RF
[M::mem_pestat] skip orientation RR
[M::mem_process_seqs] Processed 2789846 reads in 3100.309 CPU sec, 77.799 real sec
[M::process] read 2786692 sequences (400000144 bp)...
[M::mem_pestat] # candidate unique pairs for (FF, FR, RF, RR): (7, 780885, 62, 8)
[M::mem_pestat] skip orientation FF as there are not enough pairs
[M::mem_pestat] analyzing insert size distribution for orientation FR...
[M::mem_pestat] (25, 50, 75) percentile: (174, 204, 298)
[M::mem_pestat] low and high boundaries for computing mean and std.dev: (1, 546)
[M::mem_pestat] mean and std.dev: (234.79, 87.05)
[M::mem_pestat] low and high boundaries for proper pairs: (1, 670)
[M::mem_pestat] analyzing insert size distribution for orientation RF...
[M::mem_pestat] (25, 50, 75) percentile: (158, 307, 1385)
[M::mem_pestat] low and high boundaries for computing mean and std.dev: (1, 3839)
[M::mem_pestat] mean and std.dev: (567.48, 844.36)
[M::mem_pestat] low and high boundaries for proper pairs: (1, 5066)
[M::mem_pestat] skip orientation RR as there are not enough pairs
[M::mem_pestat] skip orientation RF
[M::mem_process_seqs] Processed 2793092 reads in 3073.192 CPU sec, 76.934 real sec
[M::process] read 2814200 sequences (400000238 bp)...
[M::mem_pestat] # candidate unique pairs for (FF, FR, RF, RR): (7, 778566, 69, 11)
[M::mem_pestat] skip orientation FF as there are not enough pairs
[M::mem_pestat] analyzing insert size distribution for orientation FR...
[M::mem_pestat] (25, 50, 75) percentile: (176, 209, 311)
[M::mem_pestat] low and high boundaries for computing mean and std.dev: (1, 581)
[M::mem_pestat] mean and std.dev: (241.33, 90.30)
[M::mem_pestat] low and high boundaries for proper pairs: (1, 716)
[M::mem_pestat] analyzing insert size distribution for orientation RF...
[M::mem_pestat] (25, 50, 75) percentile: (107, 377, 1631)
[M::mem_pestat] low and high boundaries for computing mean and std.dev: (1, 4679)
[M::mem_pestat] mean and std.dev: (579.95, 751.99)
[M::mem_pestat] low and high boundaries for proper pairs: (1, 6203)
[M::mem_pestat] analyzing insert size distribution for orientation RR...
[M::mem_pestat] (25, 50, 75) percentile: (255, 747, 3769)
[M::mem_pestat] low and high boundaries for computing mean and std.dev: (1, 10797)
[M::mem_pestat] mean and std.dev: (1708.82, 1651.62)
[M::mem_pestat] low and high boundaries for proper pairs: (1, 14311)
[M::mem_pestat] skip orientation RF
[M::mem_pestat] skip orientation RR
[M::mem_process_seqs] Processed 2786692 reads in 3098.385 CPU sec, 77.901 real sec
[M::process] read 2814796 sequences (400000232 bp)...
[M::mem_pestat] # candidate unique pairs for (FF, FR, RF, RR): (20, 778904, 73, 5)
[M::mem_pestat] analyzing insert size distribution for orientation FF...
[M::mem_pestat] (25, 50, 75) percentile: (253, 3163, 9344)
[M::mem_pestat] low and high boundaries for computing mean and std.dev: (1, 27526)
[M::mem_pestat] mean and std.dev: (3924.15, 3832.37)
[M::mem_pestat] low and high boundaries for proper pairs: (1, 36617)
[M::mem_pestat] analyzing insert size distribution for orientation FR...
[M::mem_pestat] (25, 50, 75) percentile: (175, 207, 307)
[M::mem_pestat] low and high boundaries for computing mean and std.dev: (1, 571)
[M::mem_pestat] mean and std.dev: (239.23, 89.67)
[M::mem_pestat] low and high boundaries for proper pairs: (1, 703)
[M::mem_pestat] analyzing insert size distribution for orientation RF...
[M::mem_pestat] (25, 50, 75) percentile: (38, 227, 1011)
[M::mem_pestat] low and high boundaries for computing mean and std.dev: (1, 2957)
[M::mem_pestat] mean and std.dev: (305.28, 377.70)
[M::mem_pestat] low and high boundaries for proper pairs: (1, 3930)
[M::mem_pestat] skip orientation RR as there are not enough pairs
[M::mem_pestat] skip orientation FF
[M::mem_pestat] skip orientation RF
[M::mem_process_seqs] Processed 2814200 reads in 3124.224 CPU sec, 78.191 real sec
[M::process] read 2810354 sequences (400000075 bp)...
[M::mem_pestat] # candidate unique pairs for (FF, FR, RF, RR): (9, 778800, 74, 10)
[M::mem_pestat] skip orientation FF as there are not enough pairs
[M::mem_pestat] analyzing insert size distribution for orientation FR...
[M::mem_pestat] (25, 50, 75) percentile: (175, 208, 310)
[M::mem_pestat] low and high boundaries for computing mean and std.dev: (1, 580)
[M::mem_pestat] mean and std.dev: (240.88, 90.92)
[M::mem_pestat] low and high boundaries for proper pairs: (1, 715)
[M::mem_pestat] analyzing insert size distribution for orientation RF...
[M::mem_pestat] (25, 50, 75) percentile: (62, 226, 432)
[M::mem_pestat] low and high boundaries for computing mean and std.dev: (1, 1172)
[M::mem_pestat] mean and std.dev: (218.30, 219.76)
[M::mem_pestat] low and high boundaries for proper pairs: (1, 1542)
[M::mem_pestat] analyzing insert size distribution for orientation RR...
[M::mem_pestat] (25, 50, 75) percentile: (1978, 2655, 4962)
[M::mem_pestat] low and high boundaries for computing mean and std.dev: (1, 10930)
[M::mem_pestat] mean and std.dev: (3190.90, 2581.55)
[M::mem_pestat] low and high boundaries for proper pairs: (1, 13914)
[M::mem_pestat] skip orientation RF
[M::mem_pestat] skip orientation RR
[M::mem_process_seqs] Processed 2814796 reads in 3140.576 CPU sec, 78.772 real sec
[M::process] read 2809926 sequences (400000139 bp)...
[M::mem_pestat] # candidate unique pairs for (FF, FR, RF, RR): (2, 778813, 54, 8)
[M::mem_pestat] skip orientation FF as there are not enough pairs
[M::mem_pestat] analyzing insert size distribution for orientation FR...
[M::mem_pestat] (25, 50, 75) percentile: (175, 207, 307)
[M::mem_pestat] low and high boundaries for computing mean and std.dev: (1, 571)
[M::mem_pestat] mean and std.dev: (239.09, 89.80)
[M::mem_pestat] low and high boundaries for proper pairs: (1, 703)
[M::mem_pestat] analyzing insert size distribution for orientation RF...
[M::mem_pestat] (25, 50, 75) percentile: (128, 399, 1932)
[M::mem_pestat] low and high boundaries for computing mean and std.dev: (1, 5540)
[M::mem_pestat] mean and std.dev: (1101.94, 1438.81)
[M::mem_pestat] low and high boundaries for proper pairs: (1, 7344)
[M::mem_pestat] skip orientation RR as there are not enough pairs
[M::mem_pestat] skip orientation RF
[M::mem_process_seqs] Processed 2810354 reads in 3117.726 CPU sec, 78.220 real sec
[M::process] read 2807364 sequences (400000040 bp)...
[M::mem_pestat] # candidate unique pairs for (FF, FR, RF, RR): (6, 778647, 59, 3)
[M::mem_pestat] skip orientation FF as there are not enough pairs
[M::mem_pestat] analyzing insert size distribution for orientation FR...
[M::mem_pestat] (25, 50, 75) percentile: (175, 207, 309)
[M::mem_pestat] low and high boundaries for computing mean and std.dev: (1, 577)
[M::mem_pestat] mean and std.dev: (240.26, 90.78)
[M::mem_pestat] low and high boundaries for proper pairs: (1, 711)
[M::mem_pestat] analyzing insert size distribution for orientation RF...
[M::mem_pestat] (25, 50, 75) percentile: (135, 225, 1995)
[M::mem_pestat] low and high boundaries for computing mean and std.dev: (1, 5715)
[M::mem_pestat] mean and std.dev: (940.24, 1315.13)
[M::mem_pestat] low and high boundaries for proper pairs: (1, 7575)
[M::mem_pestat] skip orientation RR as there are not enough pairs
[M::mem_pestat] skip orientation RF
[M::mem_process_seqs] Processed 2809926 reads in 3102.439 CPU sec, 77.994 real sec
[M::process] read 2815358 sequences (400000267 bp)...
[M::mem_pestat] # candidate unique pairs for (FF, FR, RF, RR): (5, 778355, 55, 8)
[M::mem_pestat] skip orientation FF as there are not enough pairs
[M::mem_pestat] analyzing insert size distribution for orientation FR...
[M::mem_pestat] (25, 50, 75) percentile: (175, 207, 308)
[M::mem_pestat] low and high boundaries for computing mean and std.dev: (1, 574)
[M::mem_pestat] mean and std.dev: (239.60, 90.01)
[M::mem_pestat] low and high boundaries for proper pairs: (1, 707)
[M::mem_pestat] analyzing insert size distribution for orientation RF...
[M::mem_pestat] (25, 50, 75) percentile: (122, 223, 960)
[M::mem_pestat] low and high boundaries for computing mean and std.dev: (1, 2636)
[M::mem_pestat] mean and std.dev: (431.82, 521.60)
[M::mem_pestat] low and high boundaries for proper pairs: (1, 3474)
[M::mem_pestat] skip orientation RR as there are not enough pairs
[M::mem_pestat] skip orientation RF
[M::mem_process_seqs] Processed 2807364 reads in 3110.927 CPU sec, 77.880 real sec
[M::process] read 2798804 sequences (400000074 bp)...
[M::mem_pestat] # candidate unique pairs for (FF, FR, RF, RR): (8, 779454, 82, 3)
[M::mem_pestat] skip orientation FF as there are not enough pairs
[M::mem_pestat] analyzing insert size distribution for orientation FR...
[M::mem_pestat] (25, 50, 75) percentile: (175, 206, 305)
[M::mem_pestat] low and high boundaries for computing mean and std.dev: (1, 565)
[M::mem_pestat] mean and std.dev: (238.13, 89.44)
[M::mem_pestat] low and high boundaries for proper pairs: (1, 695)
[M::mem_pestat] analyzing insert size distribution for orientation RF...
[M::mem_pestat] (25, 50, 75) percentile: (149, 568, 1831)
[M::mem_pestat] low and high boundaries for computing mean and std.dev: (1, 5195)
[M::mem_pestat] mean and std.dev: (1029.01, 1138.50)
[M::mem_pestat] low and high boundaries for proper pairs: (1, 6877)
[M::mem_pestat] skip orientation RR as there are not enough pairs
[M::mem_pestat] skip orientation RF
[M::mem_process_seqs] Processed 2815358 reads in 3165.881 CPU sec, 79.580 real sec
[M::process] read 2792928 sequences (400000063 bp)...
[M::mem_pestat] # candidate unique pairs for (FF, FR, RF, RR): (6, 779427, 40, 10)
[M::mem_pestat] skip orientation FF as there are not enough pairs
[M::mem_pestat] analyzing insert size distribution for orientation FR...
[M::mem_pestat] (25, 50, 75) percentile: (175, 207, 309)
[M::mem_pestat] low and high boundaries for computing mean and std.dev: (1, 577)
[M::mem_pestat] mean and std.dev: (240.32, 90.82)
[M::mem_pestat] low and high boundaries for proper pairs: (1, 711)
[M::mem_pestat] analyzing insert size distribution for orientation RF...
[M::mem_pestat] (25, 50, 75) percentile: (103, 242, 1748)
[M::mem_pestat] low and high boundaries for computing mean and std.dev: (1, 5038)
[M::mem_pestat] mean and std.dev: (782.77, 1036.90)
[M::mem_pestat] low and high boundaries for proper pairs: (1, 6683)
[M::mem_pestat] analyzing insert size distribution for orientation RR...
[M::mem_pestat] (25, 50, 75) percentile: (213, 337, 337)
[M::mem_pestat] low and high boundaries for computing mean and std.dev: (1, 585)
[M::mem_pestat] mean and std.dev: (258.44, 95.25)
[M::mem_pestat] low and high boundaries for proper pairs: (1, 709)
[M::mem_pestat] skip orientation RF
[M::mem_pestat] skip orientation RR
[M::mem_process_seqs] Processed 2798804 reads in 3119.891 CPU sec, 78.052 real sec
[M::process] read 2789142 sequences (400000216 bp)...
[M::mem_pestat] # candidate unique pairs for (FF, FR, RF, RR): (16, 779880, 51, 11)
[M::mem_pestat] analyzing insert size distribution for orientation FF...
[M::mem_pestat] (25, 50, 75) percentile: (183, 810, 3573)
[M::mem_pestat] low and high boundaries for computing mean and std.dev: (1, 10353)
[M::mem_pestat] mean and std.dev: (1508.75, 1771.40)
[M::mem_pestat] low and high boundaries for proper pairs: (1, 13743)
[M::mem_pestat] analyzing insert size distribution for orientation FR...
[M::mem_pestat] (25, 50, 75) percentile: (174, 206, 303)
[M::mem_pestat] low and high boundaries for computing mean and std.dev: (1, 561)
[M::mem_pestat] mean and std.dev: (237.38, 88.91)
[M::mem_pestat] low and high boundaries for proper pairs: (1, 690)
[M::mem_pestat] analyzing insert size distribution for orientation RF...
[M::mem_pestat] (25, 50, 75) percentile: (73, 389, 2039)
[M::mem_pestat] low and high boundaries for computing mean and std.dev: (1, 5971)
[M::mem_pestat] mean and std.dev: (1131.76, 1618.77)
[M::mem_pestat] low and high boundaries for proper pairs: (1, 7937)
[M::mem_pestat] analyzing insert size distribution for orientation RR...
[M::mem_pestat] (25, 50, 75) percentile: (151, 155, 523)
[M::mem_pestat] low and high boundaries for computing mean and std.dev: (1, 1267)
[M::mem_pestat] mean and std.dev: (271.22, 178.17)
[M::mem_pestat] low and high boundaries for proper pairs: (1, 1639)
[M::mem_pestat] skip orientation FF
[M::mem_pestat] skip orientation RF
[M::mem_pestat] skip orientation RR
[M::mem_process_seqs] Processed 2792928 reads in 3081.251 CPU sec, 77.519 real sec
[M::process] read 2787620 sequences (400000157 bp)...
[M::mem_pestat] # candidate unique pairs for (FF, FR, RF, RR): (7, 779348, 61, 6)
[M::mem_pestat] skip orientation FF as there are not enough pairs
[M::mem_pestat] analyzing insert size distribution for orientation FR...
[M::mem_pestat] (25, 50, 75) percentile: (176, 208, 308)
[M::mem_pestat] low and high boundaries for computing mean and std.dev: (1, 572)
[M::mem_pestat] mean and std.dev: (239.81, 89.40)
[M::mem_pestat] low and high boundaries for proper pairs: (1, 704)
[M::mem_pestat] analyzing insert size distribution for orientation RF...
[M::mem_pestat] (25, 50, 75) percentile: (140, 340, 2314)
[M::mem_pestat] low and high boundaries for computing mean and std.dev: (1, 6662)
[M::mem_pestat] mean and std.dev: (1082.98, 1555.41)
[M::mem_pestat] low and high boundaries for proper pairs: (1, 8836)
[M::mem_pestat] skip orientation RR as there are not enough pairs
[M::mem_pestat] skip orientation RF
[M::mem_process_seqs] Processed 2789142 reads in 3093.520 CPU sec, 77.414 real sec
[M::process] read 2791918 sequences (400000238 bp)...
[M::mem_pestat] # candidate unique pairs for (FF, FR, RF, RR): (3, 780163, 49, 5)
[M::mem_pestat] skip orientation FF as there are not enough pairs
[M::mem_pestat] analyzing insert size distribution for orientation FR...
[M::mem_pestat] (25, 50, 75) percentile: (175, 206, 304)
[M::mem_pestat] low and high boundaries for computing mean and std.dev: (1, 562)
[M::mem_pestat] mean and std.dev: (237.62, 88.66)
[M::mem_pestat] low and high boundaries for proper pairs: (1, 691)
[M::mem_pestat] analyzing insert size distribution for orientation RF...
[M::mem_pestat] (25, 50, 75) percentile: (36, 316, 1718)
[M::mem_pestat] low and high boundaries for computing mean and std.dev: (1, 5082)
[M::mem_pestat] mean and std.dev: (697.73, 1160.67)
[M::mem_pestat] low and high boundaries for proper pairs: (1, 6764)
[M::mem_pestat] skip orientation RR as there are not enough pairs
[M::mem_pestat] skip orientation RF
[M::mem_process_seqs] Processed 2787620 reads in 3067.770 CPU sec, 77.030 real sec
[M::process] read 2787668 sequences (400000177 bp)...
[M::mem_pestat] # candidate unique pairs for (FF, FR, RF, RR): (12, 781245, 78, 6)
[M::mem_pestat] analyzing insert size distribution for orientation FF...
[M::mem_pestat] (25, 50, 75) percentile: (336, 336, 2882)
[M::mem_pestat] low and high boundaries for computing mean and std.dev: (1, 7974)
[M::mem_pestat] mean and std.dev: (1433.17, 1838.40)
[M::mem_pestat] low and high boundaries for proper pairs: (1, 10520)
[M::mem_pestat] analyzing insert size distribution for orientation FR...
[M::mem_pestat] (25, 50, 75) percentile: (175, 206, 304)
[M::mem_pestat] low and high boundaries for computing mean and std.dev: (1, 562)
[M::mem_pestat] mean and std.dev: (237.88, 88.57)
[M::mem_pestat] low and high boundaries for proper pairs: (1, 691)
[M::mem_pestat] analyzing insert size distribution for orientation RF...
[M::mem_pestat] (25, 50, 75) percentile: (119, 300, 1233)
[M::mem_pestat] low and high boundaries for computing mean and std.dev: (1, 3461)
[M::mem_pestat] mean and std.dev: (794.83, 1058.10)
[M::mem_pestat] low and high boundaries for proper pairs: (1, 5027)
[M::mem_pestat] skip orientation RR as there are not enough pairs
[M::mem_pestat] skip orientation FF
[M::mem_pestat] skip orientation RF
[M::mem_process_seqs] Processed 2791918 reads in 3339.644 CPU sec, 89.322 real sec
[M::process] read 2785942 sequences (400000075 bp)...
[M::mem_pestat] # candidate unique pairs for (FF, FR, RF, RR): (14, 780092, 74, 6)
[M::mem_pestat] analyzing insert size distribution for orientation FF...
[M::mem_pestat] (25, 50, 75) percentile: (242, 859, 2665)
[M::mem_pestat] low and high boundaries for computing mean and std.dev: (1, 7511)
[M::mem_pestat] mean and std.dev: (1754.43, 2053.76)
[M::mem_pestat] low and high boundaries for proper pairs: (1, 9969)
[M::mem_pestat] analyzing insert size distribution for orientation FR...
[M::mem_pestat] (25, 50, 75) percentile: (176, 208, 309)
[M::mem_pestat] low and high boundaries for computing mean and std.dev: (1, 575)
[M::mem_pestat] mean and std.dev: (240.57, 89.66)
[M::mem_pestat] low and high boundaries for proper pairs: (1, 708)
[M::mem_pestat] analyzing insert size distribution for orientation RF...
[M::mem_pestat] (25, 50, 75) percentile: (141, 578, 1986)
[M::mem_pestat] low and high boundaries for computing mean and std.dev: (1, 5676)
[M::mem_pestat] mean and std.dev: (955.49, 1223.84)
[M::mem_pestat] low and high boundaries for proper pairs: (1, 7521)
[M::mem_pestat] skip orientation RR as there are not enough pairs
[M::mem_pestat] skip orientation FF
[M::mem_pestat] skip orientation RF
[M::mem_process_seqs] Processed 2787668 reads in 3100.885 CPU sec, 77.827 real sec
[M::process] read 2783604 sequences (400000245 bp)...
[M::mem_pestat] # candidate unique pairs for (FF, FR, RF, RR): (12, 778873, 55, 9)
[M::mem_pestat] analyzing insert size distribution for orientation FF...
[M::mem_pestat] (25, 50, 75) percentile: (1636, 2868, 9439)
[M::mem_pestat] low and high boundaries for computing mean and std.dev: (1, 25045)
[M::mem_pestat] mean and std.dev: (4008.00, 3546.18)
[M::mem_pestat] low and high boundaries for proper pairs: (1, 32848)
[M::mem_pestat] analyzing insert size distribution for orientation FR...
[M::mem_pestat] (25, 50, 75) percentile: (175, 206, 305)
[M::mem_pestat] low and high boundaries for computing mean and std.dev: (1, 565)
[M::mem_pestat] mean and std.dev: (238.36, 89.22)
[M::mem_pestat] low and high boundaries for proper pairs: (1, 695)
[M::mem_pestat] analyzing insert size distribution for orientation RF...
[M::mem_pestat] (25, 50, 75) percentile: (98, 223, 1216)
[M::mem_pestat] low and high boundaries for computing mean and std.dev: (1, 3452)
[M::mem_pestat] mean and std.dev: (488.65, 660.46)
[M::mem_pestat] low and high boundaries for proper pairs: (1, 4570)
[M::mem_pestat] skip orientation RR as there are not enough pairs
[M::mem_pestat] skip orientation FF
[M::mem_pestat] skip orientation RF
[M::mem_process_seqs] Processed 2785942 reads in 3063.744 CPU sec, 76.866 real sec
[M::process] read 2810514 sequences (400000057 bp)...
[M::mem_pestat] # candidate unique pairs for (FF, FR, RF, RR): (6, 779028, 82, 3)
[M::mem_pestat] skip orientation FF as there are not enough pairs
[M::mem_pestat] analyzing insert size distribution for orientation FR...
[M::mem_pestat] (25, 50, 75) percentile: (176, 209, 311)
[M::mem_pestat] low and high boundaries for computing mean and std.dev: (1, 581)
[M::mem_pestat] mean and std.dev: (241.62, 90.47)
[M::mem_pestat] low and high boundaries for proper pairs: (1, 716)
[M::mem_pestat] analyzing insert size distribution for orientation RF...
[M::mem_pestat] (25, 50, 75) percentile: (225, 699, 3952)
[M::mem_pestat] low and high boundaries for computing mean and std.dev: (1, 11406)
[M::mem_pestat] mean and std.dev: (2571.54, 3208.11)
[M::mem_pestat] low and high boundaries for proper pairs: (1, 15404)
[M::mem_pestat] skip orientation RR as there are not enough pairs
[M::mem_pestat] skip orientation RF
[M::mem_process_seqs] Processed 2783604 reads in 3113.958 CPU sec, 78.155 real sec
[M::process] read 2810486 sequences (400000156 bp)...
[M::mem_pestat] # candidate unique pairs for (FF, FR, RF, RR): (9, 778130, 64, 4)
[M::mem_pestat] skip orientation FF as there are not enough pairs
[M::mem_pestat] analyzing insert size distribution for orientation FR...
[M::mem_pestat] (25, 50, 75) percentile: (175, 207, 308)
[M::mem_pestat] low and high boundaries for computing mean and std.dev: (1, 574)
[M::mem_pestat] mean and std.dev: (239.59, 90.00)
[M::mem_pestat] low and high boundaries for proper pairs: (1, 707)
[M::mem_pestat] analyzing insert size distribution for orientation RF...
[M::mem_pestat] (25, 50, 75) percentile: (133, 224, 859)
[M::mem_pestat] low and high boundaries for computing mean and std.dev: (1, 2311)
[M::mem_pestat] mean and std.dev: (459.93, 636.79)
[M::mem_pestat] low and high boundaries for proper pairs: (1, 3037)
[M::mem_pestat] skip orientation RR as there are not enough pairs
[M::mem_pestat] skip orientation RF
[M::mem_process_seqs] Processed 2810514 reads in 3139.509 CPU sec, 78.933 real sec
[M::process] read 2807748 sequences (400000019 bp)...
[M::mem_pestat] # candidate unique pairs for (FF, FR, RF, RR): (4, 780320, 55, 9)
[M::mem_pestat] skip orientation FF as there are not enough pairs
[M::mem_pestat] analyzing insert size distribution for orientation FR...
[M::mem_pestat] (25, 50, 75) percentile: (175, 208, 309)
[M::mem_pestat] low and high boundaries for computing mean and std.dev: (1, 577)
[M::mem_pestat] mean and std.dev: (240.42, 90.57)
[M::mem_pestat] low and high boundaries for proper pairs: (1, 711)
[M::mem_pestat] analyzing insert size distribution for orientation RF...
[M::mem_pestat] (25, 50, 75) percentile: (116, 361, 1111)
[M::mem_pestat] low and high boundaries for computing mean and std.dev: (1, 3101)
[M::mem_pestat] mean and std.dev: (540.25, 530.54)
[M::mem_pestat] low and high boundaries for proper pairs: (1, 4096)
[M::mem_pestat] skip orientation RR as there are not enough pairs
[M::mem_pestat] skip orientation RF
[M::mem_process_seqs] Processed 2810486 reads in 3140.510 CPU sec, 78.565 real sec
[M::process] read 2807320 sequences (400000230 bp)...
[M::mem_pestat] # candidate unique pairs for (FF, FR, RF, RR): (3, 778468, 59, 5)
[M::mem_pestat] skip orientation FF as there are not enough pairs
[M::mem_pestat] analyzing insert size distribution for orientation FR...
[M::mem_pestat] (25, 50, 75) percentile: (175, 207, 308)
[M::mem_pestat] low and high boundaries for computing mean and std.dev: (1, 574)
[M::mem_pestat] mean and std.dev: (239.82, 90.12)
[M::mem_pestat] low and high boundaries for proper pairs: (1, 707)
[M::mem_pestat] analyzing insert size distribution for orientation RF...
[M::mem_pestat] (25, 50, 75) percentile: (190, 387, 1287)
[M::mem_pestat] low and high boundaries for computing mean and std.dev: (1, 3481)
[M::mem_pestat] mean and std.dev: (680.21, 965.34)
[M::mem_pestat] low and high boundaries for proper pairs: (1, 4578)
[M::mem_pestat] skip orientation RR as there are not enough pairs
[M::mem_pestat] skip orientation RF
[M::mem_process_seqs] Processed 2807748 reads in 3120.427 CPU sec, 78.445 real sec
[M::process] read 2811366 sequences (400000202 bp)...
[M::mem_pestat] # candidate unique pairs for (FF, FR, RF, RR): (7, 778787, 69, 11)
[M::mem_pestat] skip orientation FF as there are not enough pairs
[M::mem_pestat] analyzing insert size distribution for orientation FR...
[M::mem_pestat] (25, 50, 75) percentile: (175, 208, 310)
[M::mem_pestat] low and high boundaries for computing mean and std.dev: (1, 580)
[M::mem_pestat] mean and std.dev: (241.02, 90.99)
[M::mem_pestat] low and high boundaries for proper pairs: (1, 715)
[M::mem_pestat] analyzing insert size distribution for orientation RF...
[M::mem_pestat] (25, 50, 75) percentile: (193, 549, 2814)
[M::mem_pestat] low and high boundaries for computing mean and std.dev: (1, 8056)
[M::mem_pestat] mean and std.dev: (1501.42, 2225.39)
[M::mem_pestat] low and high boundaries for proper pairs: (1, 10677)
[M::mem_pestat] analyzing insert size distribution for orientation RR...
[M::mem_pestat] (25, 50, 75) percentile: (522, 530, 3578)
[M::mem_pestat] low and high boundaries for computing mean and std.dev: (1, 9690)
[M::mem_pestat] mean and std.dev: (1441.91, 1433.56)
[M::mem_pestat] low and high boundaries for proper pairs: (1, 12746)
[M::mem_pestat] skip orientation RF
[M::mem_pestat] skip orientation RR
[M::mem_process_seqs] Processed 2807320 reads in 3101.258 CPU sec, 77.573 real sec
[M::process] read 2799974 sequences (400000051 bp)...
[M::mem_pestat] # candidate unique pairs for (FF, FR, RF, RR): (8, 780702, 78, 7)
[M::mem_pestat] skip orientation FF as there are not enough pairs
[M::mem_pestat] analyzing insert size distribution for orientation FR...
[M::mem_pestat] (25, 50, 75) percentile: (175, 208, 311)
[M::mem_pestat] low and high boundaries for computing mean and std.dev: (1, 583)
[M::mem_pestat] mean and std.dev: (241.19, 91.16)
[M::mem_pestat] low and high boundaries for proper pairs: (1, 719)
[M::mem_pestat] analyzing insert size distribution for orientation RF...
[M::mem_pestat] (25, 50, 75) percentile: (140, 352, 1236)
[M::mem_pestat] low and high boundaries for computing mean and std.dev: (1, 3428)
[M::mem_pestat] mean and std.dev: (517.18, 582.75)
[M::mem_pestat] low and high boundaries for proper pairs: (1, 4524)
[M::mem_pestat] skip orientation RR as there are not enough pairs
[M::mem_pestat] skip orientation RF
[M::mem_process_seqs] Processed 2811366 reads in 3110.400 CPU sec, 78.087 real sec
[M::process] read 2794870 sequences (400000064 bp)...
[M::mem_pestat] # candidate unique pairs for (FF, FR, RF, RR): (16, 779621, 47, 13)
[M::mem_pestat] analyzing insert size distribution for orientation FF...
[M::mem_pestat] (25, 50, 75) percentile: (184, 797, 3999)
[M::mem_pestat] low and high boundaries for computing mean and std.dev: (1, 11629)
[M::mem_pestat] mean and std.dev: (1605.44, 1946.54)
[M::mem_pestat] low and high boundaries for proper pairs: (1, 15444)
[M::mem_pestat] analyzing insert size distribution for orientation FR...
[M::mem_pestat] (25, 50, 75) percentile: (175, 208, 311)
[M::mem_pestat] low and high boundaries for computing mean and std.dev: (1, 583)
[M::mem_pestat] mean and std.dev: (241.23, 91.29)
[M::mem_pestat] low and high boundaries for proper pairs: (1, 719)
[M::mem_pestat] analyzing insert size distribution for orientation RF...
[M::mem_pestat] (25, 50, 75) percentile: (157, 278, 1579)
[M::mem_pestat] low and high boundaries for computing mean and std.dev: (1, 4423)
[M::mem_pestat] mean and std.dev: (754.80, 988.93)
[M::mem_pestat] low and high boundaries for proper pairs: (1, 5845)
[M::mem_pestat] analyzing insert size distribution for orientation RR...
[M::mem_pestat] (25, 50, 75) percentile: (262, 1681, 2672)
[M::mem_pestat] low and high boundaries for computing mean and std.dev: (1, 7492)
[M::mem_pestat] mean and std.dev: (1961.31, 2247.11)
[M::mem_pestat] low and high boundaries for proper pairs: (1, 10950)
[M::mem_pestat] skip orientation FF
[M::mem_pestat] skip orientation RF
[M::mem_pestat] skip orientation RR
[M::mem_process_seqs] Processed 2799974 reads in 3120.067 CPU sec, 78.467 real sec
[M::process] read 2794958 sequences (400000241 bp)...
[M::mem_pestat] # candidate unique pairs for (FF, FR, RF, RR): (1, 781168, 80, 10)
[M::mem_pestat] skip orientation FF as there are not enough pairs
[M::mem_pestat] analyzing insert size distribution for orientation FR...
[M::mem_pestat] (25, 50, 75) percentile: (175, 207, 307)
[M::mem_pestat] low and high boundaries for computing mean and std.dev: (1, 571)
[M::mem_pestat] mean and std.dev: (239.30, 90.16)
[M::mem_pestat] low and high boundaries for proper pairs: (1, 703)
[M::mem_pestat] analyzing insert size distribution for orientation RF...
[M::mem_pestat] (25, 50, 75) percentile: (128, 453, 2316)
[M::mem_pestat] low and high boundaries for computing mean and std.dev: (1, 6692)
[M::mem_pestat] mean and std.dev: (1109.03, 1466.75)
[M::mem_pestat] low and high boundaries for proper pairs: (1, 8880)
[M::mem_pestat] analyzing insert size distribution for orientation RR...
[M::mem_pestat] (25, 50, 75) percentile: (44, 1910, 1910)
[M::mem_pestat] low and high boundaries for computing mean and std.dev: (1, 5642)
[M::mem_pestat] mean and std.dev: (1312.40, 1339.55)
[M::mem_pestat] low and high boundaries for proper pairs: (1, 7508)
[M::mem_pestat] skip orientation RF
[M::mem_pestat] skip orientation RR
[M::mem_process_seqs] Processed 2794870 reads in 3114.570 CPU sec, 78.086 real sec
[M::process] read 2793818 sequences (400000288 bp)...
[M::mem_pestat] # candidate unique pairs for (FF, FR, RF, RR): (7, 779343, 54, 7)
[M::mem_pestat] skip orientation FF as there are not enough pairs
[M::mem_pestat] analyzing insert size distribution for orientation FR...
[M::mem_pestat] (25, 50, 75) percentile: (174, 203, 294)
[M::mem_pestat] low and high boundaries for computing mean and std.dev: (1, 534)
[M::mem_pestat] mean and std.dev: (233.12, 84.68)
[M::mem_pestat] low and high boundaries for proper pairs: (1, 654)
[M::mem_pestat] analyzing insert size distribution for orientation RF...
[M::mem_pestat] (25, 50, 75) percentile: (88, 313, 2108)
[M::mem_pestat] low and high boundaries for computing mean and std.dev: (1, 6148)
[M::mem_pestat] mean and std.dev: (1055.14, 1482.09)
[M::mem_pestat] low and high boundaries for proper pairs: (1, 8168)
[M::mem_pestat] skip orientation RR as there are not enough pairs
[M::mem_pestat] skip orientation RF
[M::mem_process_seqs] Processed 2794958 reads in 3095.020 CPU sec, 77.600 real sec
[M::process] read 2815506 sequences (400000028 bp)...
[M::mem_pestat] # candidate unique pairs for (FF, FR, RF, RR): (6, 779475, 52, 5)
[M::mem_pestat] skip orientation FF as there are not enough pairs
[M::mem_pestat] analyzing insert size distribution for orientation FR...
[M::mem_pestat] (25, 50, 75) percentile: (174, 203, 292)
[M::mem_pestat] low and high boundaries for computing mean and std.dev: (1, 528)
[M::mem_pestat] mean and std.dev: (232.00, 83.99)
[M::mem_pestat] low and high boundaries for proper pairs: (1, 646)
[M::mem_pestat] analyzing insert size distribution for orientation RF...
[M::mem_pestat] (25, 50, 75) percentile: (160, 601, 2657)
[M::mem_pestat] low and high boundaries for computing mean and std.dev: (1, 7651)
[M::mem_pestat] mean and std.dev: (1764.26, 2230.65)
[M::mem_pestat] low and high boundaries for proper pairs: (1, 10687)
[M::mem_pestat] skip orientation RR as there are not enough pairs
[M::mem_pestat] skip orientation RF
[M::mem_process_seqs] Processed 2793818 reads in 3078.556 CPU sec, 77.263 real sec
[M::process] read 2812684 sequences (400000052 bp)...
[M::mem_pestat] # candidate unique pairs for (FF, FR, RF, RR): (6, 780452, 48, 12)
[M::mem_pestat] skip orientation FF as there are not enough pairs
[M::mem_pestat] analyzing insert size distribution for orientation FR...
[M::mem_pestat] (25, 50, 75) percentile: (174, 202, 291)
[M::mem_pestat] low and high boundaries for computing mean and std.dev: (1, 525)
[M::mem_pestat] mean and std.dev: (231.46, 83.82)
[M::mem_pestat] low and high boundaries for proper pairs: (1, 642)
[M::mem_pestat] analyzing insert size distribution for orientation RF...
[M::mem_pestat] (25, 50, 75) percentile: (108, 408, 1492)
[M::mem_pestat] low and high boundaries for computing mean and std.dev: (1, 4260)
[M::mem_pestat] mean and std.dev: (568.35, 884.34)
[M::mem_pestat] low and high boundaries for proper pairs: (1, 5644)
[M::mem_pestat] analyzing insert size distribution for orientation RR...
[M::mem_pestat] (25, 50, 75) percentile: (730, 2332, 5760)
[M::mem_pestat] low and high boundaries for computing mean and std.dev: (1, 15820)
[M::mem_pestat] mean and std.dev: (2991.67, 3047.92)
[M::mem_pestat] low and high boundaries for proper pairs: (1, 20850)
[M::mem_pestat] skip orientation RF
[M::mem_pestat] skip orientation RR
[M::mem_process_seqs] Processed 2815506 reads in 3120.415 CPU sec, 78.081 real sec
[M::process] read 847520 sequences (120989297 bp)...
[M::mem_pestat] # candidate unique pairs for (FF, FR, RF, RR): (6, 781723, 56, 10)
[M::mem_pestat] skip orientation FF as there are not enough pairs
[M::mem_pestat] analyzing insert size distribution for orientation FR...
[M::mem_pestat] (25, 50, 75) percentile: (173, 202, 290)
[M::mem_pestat] low and high boundaries for computing mean and std.dev: (1, 524)
[M::mem_pestat] mean and std.dev: (231.06, 83.80)
[M::mem_pestat] low and high boundaries for proper pairs: (1, 641)
[M::mem_pestat] analyzing insert size distribution for orientation RF...
[M::mem_pestat] (25, 50, 75) percentile: (105, 399, 2246)
[M::mem_pestat] low and high boundaries for computing mean and std.dev: (1, 6528)
[M::mem_pestat] mean and std.dev: (804.04, 1192.97)
[M::mem_pestat] low and high boundaries for proper pairs: (1, 8669)
[M::mem_pestat] analyzing insert size distribution for orientation RR...
[M::mem_pestat] (25, 50, 75) percentile: (1170, 3746, 3750)
[M::mem_pestat] low and high boundaries for computing mean and std.dev: (1, 8910)
[M::mem_pestat] mean and std.dev: (3094.50, 1763.76)
[M::mem_pestat] low and high boundaries for proper pairs: (1, 11490)
[M::mem_pestat] skip orientation RF
[M::mem_pestat] skip orientation RR
[M::mem_process_seqs] Processed 2812684 reads in 3123.499 CPU sec, 78.530 real sec
[M::mem_pestat] # candidate unique pairs for (FF, FR, RF, RR): (3, 236704, 21, 2)
[M::mem_pestat] skip orientation FF as there are not enough pairs
[M::mem_pestat] analyzing insert size distribution for orientation FR...
[M::mem_pestat] (25, 50, 75) percentile: (174, 202, 292)
[M::mem_pestat] low and high boundaries for computing mean and std.dev: (1, 528)
[M::mem_pestat] mean and std.dev: (232.08, 84.34)
[M::mem_pestat] low and high boundaries for proper pairs: (1, 646)
[M::mem_pestat] analyzing insert size distribution for orientation RF...
[M::mem_pestat] (25, 50, 75) percentile: (175, 916, 3836)
[M::mem_pestat] low and high boundaries for computing mean and std.dev: (1, 11158)
[M::mem_pestat] mean and std.dev: (2134.10, 2103.58)
[M::mem_pestat] low and high boundaries for proper pairs: (1, 14819)
[M::mem_pestat] skip orientation RR as there are not enough pairs
[M::mem_pestat] skip orientation RF
[M::mem_process_seqs] Processed 847520 reads in 970.749 CPU sec, 24.434 real sec
[main] Version: 0.7.17-r1188
[main] CMD: /home/shared/bwa-0.7.17/bwa mem -M -t 40 ../data/bwa-GCF_031168955.1_ASM3116895v1_genomic ../data/trimmed-fastqs-heatwave-genetics/MHW284_trimmed_clipped_R1_paired.fq.gz ../data/trimmed-fastqs-heatwave-genetics/MHW284_trimmed_clipped_R2_paired.fq.gz
[main] Real time: 2534.569 sec; CPU: 100503.634 sec
