[M::bwa_idx_load_from_disk] read 0 ALT contigs
[M::process] read 2829534 sequences (400000149 bp)...
[M::process] read 2822088 sequences (400000022 bp)...
[M::mem_pestat] # candidate unique pairs for (FF, FR, RF, RR): (14, 796855, 81, 5)
[M::mem_pestat] analyzing insert size distribution for orientation FF...
[M::mem_pestat] (25, 50, 75) percentile: (524, 1918, 3191)
[M::mem_pestat] low and high boundaries for computing mean and std.dev: (1, 8525)
[M::mem_pestat] mean and std.dev: (1739.36, 1182.39)
[M::mem_pestat] low and high boundaries for proper pairs: (1, 11192)
[M::mem_pestat] analyzing insert size distribution for orientation FR...
[M::mem_pestat] (25, 50, 75) percentile: (181, 239, 314)
[M::mem_pestat] low and high boundaries for computing mean and std.dev: (1, 580)
[M::mem_pestat] mean and std.dev: (252.38, 97.87)
[M::mem_pestat] low and high boundaries for proper pairs: (1, 713)
[M::mem_pestat] analyzing insert size distribution for orientation RF...
[M::mem_pestat] (25, 50, 75) percentile: (88, 223, 1457)
[M::mem_pestat] low and high boundaries for computing mean and std.dev: (1, 4195)
[M::mem_pestat] mean and std.dev: (637.62, 918.85)
[M::mem_pestat] low and high boundaries for proper pairs: (1, 5564)
[M::mem_pestat] skip orientation RR as there are not enough pairs
[M::mem_pestat] skip orientation FF
[M::mem_pestat] skip orientation RF
[M::mem_process_seqs] Processed 2829534 reads in 2900.338 CPU sec, 72.754 real sec
[M::process] read 2820668 sequences (400000135 bp)...
[M::mem_pestat] # candidate unique pairs for (FF, FR, RF, RR): (15, 792753, 86, 8)
[M::mem_pestat] analyzing insert size distribution for orientation FF...
[M::mem_pestat] (25, 50, 75) percentile: (275, 1103, 1169)
[M::mem_pestat] low and high boundaries for computing mean and std.dev: (1, 2957)
[M::mem_pestat] mean and std.dev: (680.50, 440.67)
[M::mem_pestat] low and high boundaries for proper pairs: (1, 3851)
[M::mem_pestat] analyzing insert size distribution for orientation FR...
[M::mem_pestat] (25, 50, 75) percentile: (188, 249, 326)
[M::mem_pestat] low and high boundaries for computing mean and std.dev: (1, 602)
[M::mem_pestat] mean and std.dev: (261.64, 99.93)
[M::mem_pestat] low and high boundaries for proper pairs: (1, 740)
[M::mem_pestat] analyzing insert size distribution for orientation RF...
[M::mem_pestat] (25, 50, 75) percentile: (92, 389, 2837)
[M::mem_pestat] low and high boundaries for computing mean and std.dev: (1, 8327)
[M::mem_pestat] mean and std.dev: (1724.02, 2424.23)
[M::mem_pestat] low and high boundaries for proper pairs: (1, 11421)
[M::mem_pestat] skip orientation RR as there are not enough pairs
[M::mem_pestat] skip orientation FF
[M::mem_pestat] skip orientation RF
[M::mem_process_seqs] Processed 2822088 reads in 3056.306 CPU sec, 76.717 real sec
[M::process] read 2820274 sequences (400000136 bp)...
[M::mem_pestat] # candidate unique pairs for (FF, FR, RF, RR): (10, 795586, 74, 11)
[M::mem_pestat] analyzing insert size distribution for orientation FF...
[M::mem_pestat] (25, 50, 75) percentile: (1244, 1322, 1918)
[M::mem_pestat] low and high boundaries for computing mean and std.dev: (1, 3266)
[M::mem_pestat] mean and std.dev: (1327.00, 761.45)
[M::mem_pestat] low and high boundaries for proper pairs: (1, 4373)
[M::mem_pestat] analyzing insert size distribution for orientation FR...
[M::mem_pestat] (25, 50, 75) percentile: (182, 242, 318)
[M::mem_pestat] low and high boundaries for computing mean and std.dev: (1, 590)
[M::mem_pestat] mean and std.dev: (254.94, 98.68)
[M::mem_pestat] low and high boundaries for proper pairs: (1, 726)
[M::mem_pestat] analyzing insert size distribution for orientation RF...
[M::mem_pestat] (25, 50, 75) percentile: (122, 383, 3188)
[M::mem_pestat] low and high boundaries for computing mean and std.dev: (1, 9320)
[M::mem_pestat] mean and std.dev: (1639.81, 2089.59)
[M::mem_pestat] low and high boundaries for proper pairs: (1, 12386)
[M::mem_pestat] analyzing insert size distribution for orientation RR...
[M::mem_pestat] (25, 50, 75) percentile: (240, 903, 3869)
[M::mem_pestat] low and high boundaries for computing mean and std.dev: (1, 11127)
[M::mem_pestat] mean and std.dev: (2281.00, 2924.81)
[M::mem_pestat] low and high boundaries for proper pairs: (1, 14756)
[M::mem_pestat] skip orientation FF
[M::mem_pestat] skip orientation RF
[M::mem_pestat] skip orientation RR
[M::mem_process_seqs] Processed 2820668 reads in 2992.511 CPU sec, 75.073 real sec
[M::process] read 2822200 sequences (400000152 bp)...
[M::mem_pestat] # candidate unique pairs for (FF, FR, RF, RR): (12, 794275, 112, 10)
[M::mem_pestat] analyzing insert size distribution for orientation FF...
[M::mem_pestat] (25, 50, 75) percentile: (144, 1306, 1879)
[M::mem_pestat] low and high boundaries for computing mean and std.dev: (1, 5349)
[M::mem_pestat] mean and std.dev: (1071.50, 903.48)
[M::mem_pestat] low and high boundaries for proper pairs: (1, 7084)
[M::mem_pestat] analyzing insert size distribution for orientation FR...
[M::mem_pestat] (25, 50, 75) percentile: (187, 248, 324)
[M::mem_pestat] low and high boundaries for computing mean and std.dev: (1, 598)
[M::mem_pestat] mean and std.dev: (260.00, 99.46)
[M::mem_pestat] low and high boundaries for proper pairs: (1, 735)
[M::mem_pestat] analyzing insert size distribution for orientation RF...
[M::mem_pestat] (25, 50, 75) percentile: (128, 354, 1385)
[M::mem_pestat] low and high boundaries for computing mean and std.dev: (1, 3899)
[M::mem_pestat] mean and std.dev: (685.54, 930.78)
[M::mem_pestat] low and high boundaries for proper pairs: (1, 5156)
[M::mem_pestat] analyzing insert size distribution for orientation RR...
[M::mem_pestat] (25, 50, 75) percentile: (708, 3009, 4162)
[M::mem_pestat] low and high boundaries for computing mean and std.dev: (1, 11070)
[M::mem_pestat] mean and std.dev: (2544.20, 1702.52)
[M::mem_pestat] low and high boundaries for proper pairs: (1, 14524)
[M::mem_pestat] skip orientation FF
[M::mem_pestat] skip orientation RF
[M::mem_pestat] skip orientation RR
[M::mem_process_seqs] Processed 2820274 reads in 3091.416 CPU sec, 77.543 real sec
[M::process] read 2819068 sequences (400000102 bp)...
[M::mem_pestat] # candidate unique pairs for (FF, FR, RF, RR): (12, 796115, 85, 13)
[M::mem_pestat] analyzing insert size distribution for orientation FF...
[M::mem_pestat] (25, 50, 75) percentile: (247, 374, 1280)
[M::mem_pestat] low and high boundaries for computing mean and std.dev: (1, 3346)
[M::mem_pestat] mean and std.dev: (343.80, 331.26)
[M::mem_pestat] low and high boundaries for proper pairs: (1, 4379)
[M::mem_pestat] analyzing insert size distribution for orientation FR...
[M::mem_pestat] (25, 50, 75) percentile: (184, 244, 319)
[M::mem_pestat] low and high boundaries for computing mean and std.dev: (1, 589)
[M::mem_pestat] mean and std.dev: (256.27, 98.58)
[M::mem_pestat] low and high boundaries for proper pairs: (1, 724)
[M::mem_pestat] analyzing insert size distribution for orientation RF...
[M::mem_pestat] (25, 50, 75) percentile: (136, 317, 1673)
[M::mem_pestat] low and high boundaries for computing mean and std.dev: (1, 4747)
[M::mem_pestat] mean and std.dev: (765.92, 1038.04)
[M::mem_pestat] low and high boundaries for proper pairs: (1, 6284)
[M::mem_pestat] analyzing insert size distribution for orientation RR...
[M::mem_pestat] (25, 50, 75) percentile: (75, 316, 5995)
[M::mem_pestat] low and high boundaries for computing mean and std.dev: (1, 17835)
[M::mem_pestat] mean and std.dev: (2332.77, 3074.06)
[M::mem_pestat] low and high boundaries for proper pairs: (1, 23755)
[M::mem_pestat] skip orientation FF
[M::mem_pestat] skip orientation RF
[M::mem_pestat] skip orientation RR
[M::mem_process_seqs] Processed 2822200 reads in 3028.885 CPU sec, 76.160 real sec
[M::process] read 2816970 sequences (400000008 bp)...
[M::mem_pestat] # candidate unique pairs for (FF, FR, RF, RR): (16, 796077, 80, 7)
[M::mem_pestat] analyzing insert size distribution for orientation FF...
[M::mem_pestat] (25, 50, 75) percentile: (269, 534, 2887)
[M::mem_pestat] low and high boundaries for computing mean and std.dev: (1, 8123)
[M::mem_pestat] mean and std.dev: (1276.20, 1260.15)
[M::mem_pestat] low and high boundaries for proper pairs: (1, 10741)
[M::mem_pestat] analyzing insert size distribution for orientation FR...
[M::mem_pestat] (25, 50, 75) percentile: (186, 246, 322)
[M::mem_pestat] low and high boundaries for computing mean and std.dev: (1, 594)
[M::mem_pestat] mean and std.dev: (258.73, 99.16)
[M::mem_pestat] low and high boundaries for proper pairs: (1, 730)
[M::mem_pestat] analyzing insert size distribution for orientation RF...
[M::mem_pestat] (25, 50, 75) percentile: (140, 493, 1734)
[M::mem_pestat] low and high boundaries for computing mean and std.dev: (1, 4922)
[M::mem_pestat] mean and std.dev: (742.62, 879.28)
[M::mem_pestat] low and high boundaries for proper pairs: (1, 6516)
[M::mem_pestat] skip orientation RR as there are not enough pairs
[M::mem_pestat] skip orientation FF
[M::mem_pestat] skip orientation RF
[M::mem_process_seqs] Processed 2819068 reads in 3056.037 CPU sec, 76.447 real sec
[M::process] read 2823380 sequences (400000241 bp)...
[M::mem_pestat] # candidate unique pairs for (FF, FR, RF, RR): (3, 795037, 101, 20)
[M::mem_pestat] skip orientation FF as there are not enough pairs
[M::mem_pestat] analyzing insert size distribution for orientation FR...
[M::mem_pestat] (25, 50, 75) percentile: (185, 245, 321)
[M::mem_pestat] low and high boundaries for computing mean and std.dev: (1, 593)
[M::mem_pestat] mean and std.dev: (257.95, 99.36)
[M::mem_pestat] low and high boundaries for proper pairs: (1, 729)
[M::mem_pestat] analyzing insert size distribution for orientation RF...
[M::mem_pestat] (25, 50, 75) percentile: (137, 430, 2616)
[M::mem_pestat] low and high boundaries for computing mean and std.dev: (1, 7574)
[M::mem_pestat] mean and std.dev: (1350.10, 1873.12)
[M::mem_pestat] low and high boundaries for proper pairs: (1, 10053)
[M::mem_pestat] analyzing insert size distribution for orientation RR...
[M::mem_pestat] (25, 50, 75) percentile: (647, 1483, 3447)
[M::mem_pestat] low and high boundaries for computing mean and std.dev: (1, 9047)
[M::mem_pestat] mean and std.dev: (1872.65, 1503.65)
[M::mem_pestat] low and high boundaries for proper pairs: (1, 11847)
[M::mem_pestat] skip orientation RF
[M::mem_pestat] skip orientation RR
[M::mem_process_seqs] Processed 2816970 reads in 3044.356 CPU sec, 76.538 real sec
[M::process] read 2842524 sequences (400000098 bp)...
[M::mem_pestat] # candidate unique pairs for (FF, FR, RF, RR): (10, 793608, 93, 10)
[M::mem_pestat] analyzing insert size distribution for orientation FF...
[M::mem_pestat] (25, 50, 75) percentile: (142, 241, 820)
[M::mem_pestat] low and high boundaries for computing mean and std.dev: (1, 2176)
[M::mem_pestat] mean and std.dev: (320.25, 271.56)
[M::mem_pestat] low and high boundaries for proper pairs: (1, 2854)
[M::mem_pestat] analyzing insert size distribution for orientation FR...
[M::mem_pestat] (25, 50, 75) percentile: (188, 250, 326)
[M::mem_pestat] low and high boundaries for computing mean and std.dev: (1, 602)
[M::mem_pestat] mean and std.dev: (261.83, 99.84)
[M::mem_pestat] low and high boundaries for proper pairs: (1, 740)
[M::mem_pestat] analyzing insert size distribution for orientation RF...
[M::mem_pestat] (25, 50, 75) percentile: (90, 227, 1226)
[M::mem_pestat] low and high boundaries for computing mean and std.dev: (1, 3498)
[M::mem_pestat] mean and std.dev: (638.78, 877.98)
[M::mem_pestat] low and high boundaries for proper pairs: (1, 4634)
[M::mem_pestat] analyzing insert size distribution for orientation RR...
[M::mem_pestat] (25, 50, 75) percentile: (178, 945, 2623)
[M::mem_pestat] low and high boundaries for computing mean and std.dev: (1, 7513)
[M::mem_pestat] mean and std.dev: (1317.20, 1472.82)
[M::mem_pestat] low and high boundaries for proper pairs: (1, 9958)
[M::mem_pestat] skip orientation FF
[M::mem_pestat] skip orientation RF
[M::mem_pestat] skip orientation RR
[M::mem_process_seqs] Processed 2823380 reads in 3096.766 CPU sec, 77.486 real sec
[M::process] read 2841346 sequences (400000285 bp)...
[M::mem_pestat] # candidate unique pairs for (FF, FR, RF, RR): (15, 793902, 88, 14)
[M::mem_pestat] analyzing insert size distribution for orientation FF...
[M::mem_pestat] (25, 50, 75) percentile: (842, 3514, 4308)
[M::mem_pestat] low and high boundaries for computing mean and std.dev: (1, 11240)
[M::mem_pestat] mean and std.dev: (2929.40, 2407.41)
[M::mem_pestat] low and high boundaries for proper pairs: (1, 14706)
[M::mem_pestat] analyzing insert size distribution for orientation FR...
[M::mem_pestat] (25, 50, 75) percentile: (186, 247, 324)
[M::mem_pestat] low and high boundaries for computing mean and std.dev: (1, 600)
[M::mem_pestat] mean and std.dev: (259.90, 100.31)
[M::mem_pestat] low and high boundaries for proper pairs: (1, 738)
[M::mem_pestat] analyzing insert size distribution for orientation RF...
[M::mem_pestat] (25, 50, 75) percentile: (129, 296, 1200)
[M::mem_pestat] low and high boundaries for computing mean and std.dev: (1, 3342)
[M::mem_pestat] mean and std.dev: (600.90, 824.21)
[M::mem_pestat] low and high boundaries for proper pairs: (1, 4413)
[M::mem_pestat] analyzing insert size distribution for orientation RR...
[M::mem_pestat] (25, 50, 75) percentile: (263, 3450, 5229)
[M::mem_pestat] low and high boundaries for computing mean and std.dev: (1, 15161)
[M::mem_pestat] mean and std.dev: (3416.57, 3221.65)
[M::mem_pestat] low and high boundaries for proper pairs: (1, 20127)
[M::mem_pestat] skip orientation FF
[M::mem_pestat] skip orientation RF
[M::mem_pestat] skip orientation RR
[M::mem_process_seqs] Processed 2842524 reads in 3063.622 CPU sec, 77.036 real sec
[M::process] read 2833070 sequences (400000292 bp)...
[M::mem_pestat] # candidate unique pairs for (FF, FR, RF, RR): (10, 793206, 79, 8)
[M::mem_pestat] analyzing insert size distribution for orientation FF...
[M::mem_pestat] (25, 50, 75) percentile: (234, 1280, 3451)
[M::mem_pestat] low and high boundaries for computing mean and std.dev: (1, 9885)
[M::mem_pestat] mean and std.dev: (1565.90, 1582.87)
[M::mem_pestat] low and high boundaries for proper pairs: (1, 13102)
[M::mem_pestat] analyzing insert size distribution for orientation FR...
[M::mem_pestat] (25, 50, 75) percentile: (186, 248, 326)
[M::mem_pestat] low and high boundaries for computing mean and std.dev: (1, 606)
[M::mem_pestat] mean and std.dev: (261.23, 101.28)
[M::mem_pestat] low and high boundaries for proper pairs: (1, 746)
[M::mem_pestat] analyzing insert size distribution for orientation RF...
[M::mem_pestat] (25, 50, 75) percentile: (107, 226, 887)
[M::mem_pestat] low and high boundaries for computing mean and std.dev: (1, 2447)
[M::mem_pestat] mean and std.dev: (428.19, 521.86)
[M::mem_pestat] low and high boundaries for proper pairs: (1, 3227)
[M::mem_pestat] skip orientation RR as there are not enough pairs
[M::mem_pestat] skip orientation FF
[M::mem_pestat] skip orientation RF
[M::mem_process_seqs] Processed 2841346 reads in 3113.161 CPU sec, 78.047 real sec
[M::process] read 2840726 sequences (400000210 bp)...
[M::mem_pestat] # candidate unique pairs for (FF, FR, RF, RR): (10, 794834, 73, 5)
[M::mem_pestat] analyzing insert size distribution for orientation FF...
[M::mem_pestat] (25, 50, 75) percentile: (2695, 3531, 5789)
[M::mem_pestat] low and high boundaries for computing mean and std.dev: (1, 11977)
[M::mem_pestat] mean and std.dev: (3993.90, 1853.64)
[M::mem_pestat] low and high boundaries for proper pairs: (1, 15071)
[M::mem_pestat] analyzing insert size distribution for orientation FR...
[M::mem_pestat] (25, 50, 75) percentile: (187, 248, 326)
[M::mem_pestat] low and high boundaries for computing mean and std.dev: (1, 604)
[M::mem_pestat] mean and std.dev: (261.06, 100.93)
[M::mem_pestat] low and high boundaries for proper pairs: (1, 743)
[M::mem_pestat] analyzing insert size distribution for orientation RF...
[M::mem_pestat] (25, 50, 75) percentile: (98, 230, 2358)
[M::mem_pestat] low and high boundaries for computing mean and std.dev: (1, 6878)
[M::mem_pestat] mean and std.dev: (1168.04, 1815.20)
[M::mem_pestat] low and high boundaries for proper pairs: (1, 9138)
[M::mem_pestat] skip orientation RR as there are not enough pairs
[M::mem_pestat] skip orientation FF
[M::mem_pestat] skip orientation RF
[M::mem_process_seqs] Processed 2833070 reads in 3070.529 CPU sec, 76.982 real sec
[M::process] read 2834912 sequences (400000087 bp)...
[M::mem_pestat] # candidate unique pairs for (FF, FR, RF, RR): (8, 793184, 85, 11)
[M::mem_pestat] skip orientation FF as there are not enough pairs
[M::mem_pestat] analyzing insert size distribution for orientation FR...
[M::mem_pestat] (25, 50, 75) percentile: (186, 247, 325)
[M::mem_pestat] low and high boundaries for computing mean and std.dev: (1, 603)
[M::mem_pestat] mean and std.dev: (260.12, 100.86)
[M::mem_pestat] low and high boundaries for proper pairs: (1, 742)
[M::mem_pestat] analyzing insert size distribution for orientation RF...
[M::mem_pestat] (25, 50, 75) percentile: (150, 326, 1834)
[M::mem_pestat] low and high boundaries for computing mean and std.dev: (1, 5202)
[M::mem_pestat] mean and std.dev: (976.12, 1334.96)
[M::mem_pestat] low and high boundaries for proper pairs: (1, 6886)
[M::mem_pestat] analyzing insert size distribution for orientation RR...
[M::mem_pestat] (25, 50, 75) percentile: (246, 840, 4417)
[M::mem_pestat] low and high boundaries for computing mean and std.dev: (1, 12759)
[M::mem_pestat] mean and std.dev: (1970.09, 1932.18)
[M::mem_pestat] low and high boundaries for proper pairs: (1, 16930)
[M::mem_pestat] skip orientation RF
[M::mem_pestat] skip orientation RR
[M::mem_process_seqs] Processed 2840726 reads in 3092.679 CPU sec, 77.387 real sec
[M::process] read 2844166 sequences (400000291 bp)...
[M::mem_pestat] # candidate unique pairs for (FF, FR, RF, RR): (8, 796247, 112, 3)
[M::mem_pestat] skip orientation FF as there are not enough pairs
[M::mem_pestat] analyzing insert size distribution for orientation FR...
[M::mem_pestat] (25, 50, 75) percentile: (186, 248, 325)
[M::mem_pestat] low and high boundaries for computing mean and std.dev: (1, 603)
[M::mem_pestat] mean and std.dev: (260.81, 100.67)
[M::mem_pestat] low and high boundaries for proper pairs: (1, 742)
[M::mem_pestat] analyzing insert size distribution for orientation RF...
[M::mem_pestat] (25, 50, 75) percentile: (102, 246, 1784)
[M::mem_pestat] low and high boundaries for computing mean and std.dev: (1, 5148)
[M::mem_pestat] mean and std.dev: (967.36, 1392.26)
[M::mem_pestat] low and high boundaries for proper pairs: (1, 6830)
[M::mem_pestat] skip orientation RR as there are not enough pairs
[M::mem_pestat] skip orientation RF
[M::mem_process_seqs] Processed 2834912 reads in 3062.306 CPU sec, 76.992 real sec
[M::process] read 2825782 sequences (400000063 bp)...
[M::mem_pestat] # candidate unique pairs for (FF, FR, RF, RR): (13, 795130, 87, 16)
[M::mem_pestat] analyzing insert size distribution for orientation FF...
[M::mem_pestat] (25, 50, 75) percentile: (275, 1525, 2565)
[M::mem_pestat] low and high boundaries for computing mean and std.dev: (1, 7145)
[M::mem_pestat] mean and std.dev: (1417.08, 1184.03)
[M::mem_pestat] low and high boundaries for proper pairs: (1, 9435)
[M::mem_pestat] analyzing insert size distribution for orientation FR...
[M::mem_pestat] (25, 50, 75) percentile: (184, 246, 323)
[M::mem_pestat] low and high boundaries for computing mean and std.dev: (1, 601)
[M::mem_pestat] mean and std.dev: (258.73, 100.58)
[M::mem_pestat] low and high boundaries for proper pairs: (1, 740)
[M::mem_pestat] analyzing insert size distribution for orientation RF...
[M::mem_pestat] (25, 50, 75) percentile: (129, 663, 2794)
[M::mem_pestat] low and high boundaries for computing mean and std.dev: (1, 8124)
[M::mem_pestat] mean and std.dev: (1722.80, 2105.26)
[M::mem_pestat] low and high boundaries for proper pairs: (1, 10789)
[M::mem_pestat] analyzing insert size distribution for orientation RR...
[M::mem_pestat] (25, 50, 75) percentile: (187, 1463, 3986)
[M::mem_pestat] low and high boundaries for computing mean and std.dev: (1, 11584)
[M::mem_pestat] mean and std.dev: (2039.44, 2209.96)
[M::mem_pestat] low and high boundaries for proper pairs: (1, 15383)
[M::mem_pestat] skip orientation FF
[M::mem_pestat] skip orientation RF
[M::mem_pestat] skip orientation RR
[M::mem_process_seqs] Processed 2844166 reads in 3135.577 CPU sec, 78.599 real sec
[M::process] read 2822740 sequences (400000213 bp)...
[M::mem_pestat] # candidate unique pairs for (FF, FR, RF, RR): (15, 793852, 101, 8)
[M::mem_pestat] analyzing insert size distribution for orientation FF...
[M::mem_pestat] (25, 50, 75) percentile: (356, 356, 2519)
[M::mem_pestat] low and high boundaries for computing mean and std.dev: (1, 6845)
[M::mem_pestat] mean and std.dev: (1462.07, 1570.75)
[M::mem_pestat] low and high boundaries for proper pairs: (1, 9008)
[M::mem_pestat] analyzing insert size distribution for orientation FR...
[M::mem_pestat] (25, 50, 75) percentile: (186, 248, 326)
[M::mem_pestat] low and high boundaries for computing mean and std.dev: (1, 606)
[M::mem_pestat] mean and std.dev: (261.31, 101.32)
[M::mem_pestat] low and high boundaries for proper pairs: (1, 746)
[M::mem_pestat] analyzing insert size distribution for orientation RF...
[M::mem_pestat] (25, 50, 75) percentile: (154, 439, 3020)
[M::mem_pestat] low and high boundaries for computing mean and std.dev: (1, 8752)
[M::mem_pestat] mean and std.dev: (1645.75, 2250.28)
[M::mem_pestat] low and high boundaries for proper pairs: (1, 11618)
[M::mem_pestat] skip orientation RR as there are not enough pairs
[M::mem_pestat] skip orientation FF
[M::mem_pestat] skip orientation RF
[M::mem_process_seqs] Processed 2825782 reads in 3085.711 CPU sec, 77.203 real sec
[M::process] read 2815172 sequences (400000016 bp)...
[M::mem_pestat] # candidate unique pairs for (FF, FR, RF, RR): (10, 794745, 75, 10)
[M::mem_pestat] analyzing insert size distribution for orientation FF...
[M::mem_pestat] (25, 50, 75) percentile: (1673, 1702, 2655)
[M::mem_pestat] low and high boundaries for computing mean and std.dev: (1, 4619)
[M::mem_pestat] mean and std.dev: (2031.50, 1035.41)
[M::mem_pestat] low and high boundaries for proper pairs: (1, 6173)
[M::mem_pestat] analyzing insert size distribution for orientation FR...
[M::mem_pestat] (25, 50, 75) percentile: (184, 245, 322)
[M::mem_pestat] low and high boundaries for computing mean and std.dev: (1, 598)
[M::mem_pestat] mean and std.dev: (257.81, 100.03)
[M::mem_pestat] low and high boundaries for proper pairs: (1, 736)
[M::mem_pestat] analyzing insert size distribution for orientation RF...
[M::mem_pestat] (25, 50, 75) percentile: (132, 537, 2529)
[M::mem_pestat] low and high boundaries for computing mean and std.dev: (1, 7323)
[M::mem_pestat] mean and std.dev: (1143.37, 1495.03)
[M::mem_pestat] low and high boundaries for proper pairs: (1, 9720)
[M::mem_pestat] analyzing insert size distribution for orientation RR...
[M::mem_pestat] (25, 50, 75) percentile: (212, 2666, 6579)
[M::mem_pestat] low and high boundaries for computing mean and std.dev: (1, 19313)
[M::mem_pestat] mean and std.dev: (3522.60, 3112.06)
[M::mem_pestat] low and high boundaries for proper pairs: (1, 25680)
[M::mem_pestat] skip orientation FF
[M::mem_pestat] skip orientation RF
[M::mem_pestat] skip orientation RR
[M::mem_process_seqs] Processed 2822740 reads in 3054.539 CPU sec, 76.799 real sec
[M::process] read 2815818 sequences (400000030 bp)...
[M::mem_pestat] # candidate unique pairs for (FF, FR, RF, RR): (18, 794022, 95, 8)
[M::mem_pestat] analyzing insert size distribution for orientation FF...
[M::mem_pestat] (25, 50, 75) percentile: (188, 2533, 3028)
[M::mem_pestat] low and high boundaries for computing mean and std.dev: (1, 8708)
[M::mem_pestat] mean and std.dev: (1870.67, 1600.40)
[M::mem_pestat] low and high boundaries for proper pairs: (1, 11548)
[M::mem_pestat] analyzing insert size distribution for orientation FR...
[M::mem_pestat] (25, 50, 75) percentile: (188, 249, 324)
[M::mem_pestat] low and high boundaries for computing mean and std.dev: (1, 596)
[M::mem_pestat] mean and std.dev: (260.76, 99.34)
[M::mem_pestat] low and high boundaries for proper pairs: (1, 732)
[M::mem_pestat] analyzing insert size distribution for orientation RF...
[M::mem_pestat] (25, 50, 75) percentile: (130, 384, 1427)
[M::mem_pestat] low and high boundaries for computing mean and std.dev: (1, 4021)
[M::mem_pestat] mean and std.dev: (567.71, 705.55)
[M::mem_pestat] low and high boundaries for proper pairs: (1, 5318)
[M::mem_pestat] skip orientation RR as there are not enough pairs
[M::mem_pestat] skip orientation FF
[M::mem_pestat] skip orientation RF
[M::mem_process_seqs] Processed 2815172 reads in 3050.560 CPU sec, 76.333 real sec
[M::process] read 2816144 sequences (400000005 bp)...
[M::mem_pestat] # candidate unique pairs for (FF, FR, RF, RR): (7, 794236, 95, 12)
[M::mem_pestat] skip orientation FF as there are not enough pairs
[M::mem_pestat] analyzing insert size distribution for orientation FR...
[M::mem_pestat] (25, 50, 75) percentile: (185, 245, 322)
[M::mem_pestat] low and high boundaries for computing mean and std.dev: (1, 596)
[M::mem_pestat] mean and std.dev: (258.11, 99.46)
[M::mem_pestat] low and high boundaries for proper pairs: (1, 733)
[M::mem_pestat] analyzing insert size distribution for orientation RF...
[M::mem_pestat] (25, 50, 75) percentile: (86, 221, 946)
[M::mem_pestat] low and high boundaries for computing mean and std.dev: (1, 2666)
[M::mem_pestat] mean and std.dev: (372.99, 566.99)
[M::mem_pestat] low and high boundaries for proper pairs: (1, 3526)
[M::mem_pestat] analyzing insert size distribution for orientation RR...
[M::mem_pestat] (25, 50, 75) percentile: (1930, 2376, 3719)
[M::mem_pestat] low and high boundaries for computing mean and std.dev: (1, 7297)
[M::mem_pestat] mean and std.dev: (2422.33, 1218.94)
[M::mem_pestat] low and high boundaries for proper pairs: (1, 9086)
[M::mem_pestat] skip orientation RF
[M::mem_pestat] skip orientation RR
[M::mem_process_seqs] Processed 2815818 reads in 3280.643 CPU sec, 88.114 real sec
[M::process] read 2817822 sequences (400000200 bp)...
[M::mem_pestat] # candidate unique pairs for (FF, FR, RF, RR): (12, 795266, 102, 8)
[M::mem_pestat] analyzing insert size distribution for orientation FF...
[M::mem_pestat] (25, 50, 75) percentile: (2732, 4631, 6974)
[M::mem_pestat] low and high boundaries for computing mean and std.dev: (1, 15458)
[M::mem_pestat] mean and std.dev: (4390.17, 2163.12)
[M::mem_pestat] low and high boundaries for proper pairs: (1, 19700)
[M::mem_pestat] analyzing insert size distribution for orientation FR...
[M::mem_pestat] (25, 50, 75) percentile: (188, 249, 324)
[M::mem_pestat] low and high boundaries for computing mean and std.dev: (1, 596)
[M::mem_pestat] mean and std.dev: (260.83, 99.04)
[M::mem_pestat] low and high boundaries for proper pairs: (1, 732)
[M::mem_pestat] analyzing insert size distribution for orientation RF...
[M::mem_pestat] (25, 50, 75) percentile: (71, 224, 2106)
[M::mem_pestat] low and high boundaries for computing mean and std.dev: (1, 6176)
[M::mem_pestat] mean and std.dev: (1021.38, 1532.73)
[M::mem_pestat] low and high boundaries for proper pairs: (1, 8211)
[M::mem_pestat] skip orientation RR as there are not enough pairs
[M::mem_pestat] skip orientation FF
[M::mem_pestat] skip orientation RF
[M::mem_process_seqs] Processed 2816144 reads in 3076.747 CPU sec, 77.177 real sec
[M::process] read 2814254 sequences (400000113 bp)...
[M::mem_pestat] # candidate unique pairs for (FF, FR, RF, RR): (4, 794593, 108, 7)
[M::mem_pestat] skip orientation FF as there are not enough pairs
[M::mem_pestat] analyzing insert size distribution for orientation FR...
[M::mem_pestat] (25, 50, 75) percentile: (185, 246, 322)
[M::mem_pestat] low and high boundaries for computing mean and std.dev: (1, 596)
[M::mem_pestat] mean and std.dev: (258.56, 99.66)
[M::mem_pestat] low and high boundaries for proper pairs: (1, 733)
[M::mem_pestat] analyzing insert size distribution for orientation RF...
[M::mem_pestat] (25, 50, 75) percentile: (95, 242, 1913)
[M::mem_pestat] low and high boundaries for computing mean and std.dev: (1, 5549)
[M::mem_pestat] mean and std.dev: (990.61, 1477.60)
[M::mem_pestat] low and high boundaries for proper pairs: (1, 7367)
[M::mem_pestat] skip orientation RR as there are not enough pairs
[M::mem_pestat] skip orientation RF
[M::mem_process_seqs] Processed 2817822 reads in 3038.605 CPU sec, 76.417 real sec
[M::process] read 2809316 sequences (400000229 bp)...
[M::mem_pestat] # candidate unique pairs for (FF, FR, RF, RR): (3, 795146, 89, 11)
[M::mem_pestat] skip orientation FF as there are not enough pairs
[M::mem_pestat] analyzing insert size distribution for orientation FR...
[M::mem_pestat] (25, 50, 75) percentile: (188, 249, 324)
[M::mem_pestat] low and high boundaries for computing mean and std.dev: (1, 596)
[M::mem_pestat] mean and std.dev: (260.65, 99.29)
[M::mem_pestat] low and high boundaries for proper pairs: (1, 732)
[M::mem_pestat] analyzing insert size distribution for orientation RF...
[M::mem_pestat] (25, 50, 75) percentile: (94, 349, 2125)
[M::mem_pestat] low and high boundaries for computing mean and std.dev: (1, 6187)
[M::mem_pestat] mean and std.dev: (1113.77, 1432.38)
[M::mem_pestat] low and high boundaries for proper pairs: (1, 8218)
[M::mem_pestat] analyzing insert size distribution for orientation RR...
[M::mem_pestat] (25, 50, 75) percentile: (296, 1743, 2368)
[M::mem_pestat] low and high boundaries for computing mean and std.dev: (1, 6512)
[M::mem_pestat] mean and std.dev: (1439.00, 995.74)
[M::mem_pestat] low and high boundaries for proper pairs: (1, 8584)
[M::mem_pestat] skip orientation RF
[M::mem_pestat] skip orientation RR
[M::mem_process_seqs] Processed 2814254 reads in 3047.573 CPU sec, 76.285 real sec
[M::process] read 2819818 sequences (400000276 bp)...
[M::mem_pestat] # candidate unique pairs for (FF, FR, RF, RR): (3, 793416, 95, 10)
[M::mem_pestat] skip orientation FF as there are not enough pairs
[M::mem_pestat] analyzing insert size distribution for orientation FR...
[M::mem_pestat] (25, 50, 75) percentile: (186, 247, 324)
[M::mem_pestat] low and high boundaries for computing mean and std.dev: (1, 600)
[M::mem_pestat] mean and std.dev: (259.74, 100.22)
[M::mem_pestat] low and high boundaries for proper pairs: (1, 738)
[M::mem_pestat] analyzing insert size distribution for orientation RF...
[M::mem_pestat] (25, 50, 75) percentile: (82, 230, 1333)
[M::mem_pestat] low and high boundaries for computing mean and std.dev: (1, 3835)
[M::mem_pestat] mean and std.dev: (586.48, 742.27)
[M::mem_pestat] low and high boundaries for proper pairs: (1, 5086)
[M::mem_pestat] analyzing insert size distribution for orientation RR...
[M::mem_pestat] (25, 50, 75) percentile: (149, 692, 2873)
[M::mem_pestat] low and high boundaries for computing mean and std.dev: (1, 8321)
[M::mem_pestat] mean and std.dev: (1379.40, 1469.14)
[M::mem_pestat] low and high boundaries for proper pairs: (1, 11045)
[M::mem_pestat] skip orientation RF
[M::mem_pestat] skip orientation RR
[M::mem_process_seqs] Processed 2809316 reads in 3023.373 CPU sec, 76.093 real sec
[M::process] read 2838326 sequences (400000101 bp)...
[M::mem_pestat] # candidate unique pairs for (FF, FR, RF, RR): (4, 794743, 99, 5)
[M::mem_pestat] skip orientation FF as there are not enough pairs
[M::mem_pestat] analyzing insert size distribution for orientation FR...
[M::mem_pestat] (25, 50, 75) percentile: (188, 249, 325)
[M::mem_pestat] low and high boundaries for computing mean and std.dev: (1, 599)
[M::mem_pestat] mean and std.dev: (261.30, 99.95)
[M::mem_pestat] low and high boundaries for proper pairs: (1, 736)
[M::mem_pestat] analyzing insert size distribution for orientation RF...
[M::mem_pestat] (25, 50, 75) percentile: (223, 678, 2109)
[M::mem_pestat] low and high boundaries for computing mean and std.dev: (1, 5881)
[M::mem_pestat] mean and std.dev: (886.27, 1118.85)
[M::mem_pestat] low and high boundaries for proper pairs: (1, 7767)
[M::mem_pestat] skip orientation RR as there are not enough pairs
[M::mem_pestat] skip orientation RF
[M::mem_process_seqs] Processed 2819818 reads in 3070.978 CPU sec, 76.887 real sec
[M::process] read 2838848 sequences (400000213 bp)...
[M::mem_pestat] # candidate unique pairs for (FF, FR, RF, RR): (9, 793175, 71, 15)
[M::mem_pestat] skip orientation FF as there are not enough pairs
[M::mem_pestat] analyzing insert size distribution for orientation FR...
[M::mem_pestat] (25, 50, 75) percentile: (186, 247, 325)
[M::mem_pestat] low and high boundaries for computing mean and std.dev: (1, 603)
[M::mem_pestat] mean and std.dev: (260.40, 100.72)
[M::mem_pestat] low and high boundaries for proper pairs: (1, 742)
[M::mem_pestat] analyzing insert size distribution for orientation RF...
[M::mem_pestat] (25, 50, 75) percentile: (69, 223, 622)
[M::mem_pestat] low and high boundaries for computing mean and std.dev: (1, 1728)
[M::mem_pestat] mean and std.dev: (275.78, 322.02)
[M::mem_pestat] low and high boundaries for proper pairs: (1, 2281)
[M::mem_pestat] analyzing insert size distribution for orientation RR...
[M::mem_pestat] (25, 50, 75) percentile: (705, 1411, 1867)
[M::mem_pestat] low and high boundaries for computing mean and std.dev: (1, 4191)
[M::mem_pestat] mean and std.dev: (1051.69, 824.82)
[M::mem_pestat] low and high boundaries for proper pairs: (1, 5353)
[M::mem_pestat] skip orientation RF
[M::mem_pestat] skip orientation RR
[M::mem_process_seqs] Processed 2838326 reads in 3066.462 CPU sec, 77.181 real sec
[M::process] read 2834708 sequences (400000287 bp)...
[M::mem_pestat] # candidate unique pairs for (FF, FR, RF, RR): (15, 793995, 83, 21)
[M::mem_pestat] analyzing insert size distribution for orientation FF...
[M::mem_pestat] (25, 50, 75) percentile: (2331, 2542, 3001)
[M::mem_pestat] low and high boundaries for computing mean and std.dev: (991, 4341)
[M::mem_pestat] mean and std.dev: (2531.67, 233.63)
[M::mem_pestat] low and high boundaries for proper pairs: (321, 5011)
[M::mem_pestat] analyzing insert size distribution for orientation FR...
[M::mem_pestat] (25, 50, 75) percentile: (187, 249, 326)
[M::mem_pestat] low and high boundaries for computing mean and std.dev: (1, 604)
[M::mem_pestat] mean and std.dev: (261.69, 100.95)
[M::mem_pestat] low and high boundaries for proper pairs: (1, 743)
[M::mem_pestat] analyzing insert size distribution for orientation RF...
[M::mem_pestat] (25, 50, 75) percentile: (106, 442, 1768)
[M::mem_pestat] low and high boundaries for computing mean and std.dev: (1, 5092)
[M::mem_pestat] mean and std.dev: (842.11, 1129.67)
[M::mem_pestat] low and high boundaries for proper pairs: (1, 6754)
[M::mem_pestat] analyzing insert size distribution for orientation RR...
[M::mem_pestat] (25, 50, 75) percentile: (1845, 2930, 6489)
[M::mem_pestat] low and high boundaries for computing mean and std.dev: (1, 15777)
[M::mem_pestat] mean and std.dev: (3760.81, 2343.95)
[M::mem_pestat] low and high boundaries for proper pairs: (1, 20421)
[M::mem_pestat] skip orientation FF
[M::mem_pestat] skip orientation RF
[M::mem_pestat] skip orientation RR
[M::mem_process_seqs] Processed 2838848 reads in 3103.999 CPU sec, 77.648 real sec
[M::process] read 2835186 sequences (400000011 bp)...
[M::mem_pestat] # candidate unique pairs for (FF, FR, RF, RR): (9, 795409, 83, 15)
[M::mem_pestat] skip orientation FF as there are not enough pairs
[M::mem_pestat] analyzing insert size distribution for orientation FR...
[M::mem_pestat] (25, 50, 75) percentile: (186, 248, 325)
[M::mem_pestat] low and high boundaries for computing mean and std.dev: (1, 603)
[M::mem_pestat] mean and std.dev: (260.55, 100.70)
[M::mem_pestat] low and high boundaries for proper pairs: (1, 742)
[M::mem_pestat] analyzing insert size distribution for orientation RF...
[M::mem_pestat] (25, 50, 75) percentile: (75, 452, 3658)
[M::mem_pestat] low and high boundaries for computing mean and std.dev: (1, 10824)
[M::mem_pestat] mean and std.dev: (1840.17, 2395.66)
[M::mem_pestat] low and high boundaries for proper pairs: (1, 14407)
[M::mem_pestat] analyzing insert size distribution for orientation RR...
[M::mem_pestat] (25, 50, 75) percentile: (2370, 3043, 3912)
[M::mem_pestat] low and high boundaries for computing mean and std.dev: (1, 6996)
[M::mem_pestat] mean and std.dev: (2824.80, 1599.08)
[M::mem_pestat] low and high boundaries for proper pairs: (1, 9221)
[M::mem_pestat] skip orientation RF
[M::mem_pestat] skip orientation RR
[M::mem_process_seqs] Processed 2834708 reads in 3063.788 CPU sec, 77.059 real sec
[M::process] read 2839028 sequences (400000037 bp)...
[M::mem_pestat] # candidate unique pairs for (FF, FR, RF, RR): (8, 793877, 96, 8)
[M::mem_pestat] skip orientation FF as there are not enough pairs
[M::mem_pestat] analyzing insert size distribution for orientation FR...
[M::mem_pestat] (25, 50, 75) percentile: (187, 249, 327)
[M::mem_pestat] low and high boundaries for computing mean and std.dev: (1, 607)
[M::mem_pestat] mean and std.dev: (262.02, 101.52)
[M::mem_pestat] low and high boundaries for proper pairs: (1, 747)
[M::mem_pestat] analyzing insert size distribution for orientation RF...
[M::mem_pestat] (25, 50, 75) percentile: (84, 230, 1460)
[M::mem_pestat] low and high boundaries for computing mean and std.dev: (1, 4212)
[M::mem_pestat] mean and std.dev: (766.77, 1179.46)
[M::mem_pestat] low and high boundaries for proper pairs: (1, 5588)
[M::mem_pestat] skip orientation RR as there are not enough pairs
[M::mem_pestat] skip orientation RF
[M::mem_process_seqs] Processed 2835186 reads in 3078.208 CPU sec, 77.071 real sec
[M::process] read 2827316 sequences (400000196 bp)...
[M::mem_pestat] # candidate unique pairs for (FF, FR, RF, RR): (5, 796238, 73, 9)
[M::mem_pestat] skip orientation FF as there are not enough pairs
[M::mem_pestat] analyzing insert size distribution for orientation FR...
[M::mem_pestat] (25, 50, 75) percentile: (187, 249, 327)
[M::mem_pestat] low and high boundaries for computing mean and std.dev: (1, 607)
[M::mem_pestat] mean and std.dev: (261.88, 101.36)
[M::mem_pestat] low and high boundaries for proper pairs: (1, 747)
[M::mem_pestat] analyzing insert size distribution for orientation RF...
[M::mem_pestat] (25, 50, 75) percentile: (95, 225, 853)
[M::mem_pestat] low and high boundaries for computing mean and std.dev: (1, 2369)
[M::mem_pestat] mean and std.dev: (413.72, 564.63)
[M::mem_pestat] low and high boundaries for proper pairs: (1, 3127)
[M::mem_pestat] skip orientation RR as there are not enough pairs
[M::mem_pestat] skip orientation RF
[M::mem_process_seqs] Processed 2839028 reads in 3081.842 CPU sec, 77.511 real sec
[M::process] read 2820252 sequences (400000217 bp)...
[M::mem_pestat] # candidate unique pairs for (FF, FR, RF, RR): (13, 795995, 68, 14)
[M::mem_pestat] analyzing insert size distribution for orientation FF...
[M::mem_pestat] (25, 50, 75) percentile: (789, 4352, 4490)
[M::mem_pestat] low and high boundaries for computing mean and std.dev: (1, 11892)
[M::mem_pestat] mean and std.dev: (3113.38, 1812.37)
[M::mem_pestat] low and high boundaries for proper pairs: (1, 15593)
[M::mem_pestat] analyzing insert size distribution for orientation FR...
[M::mem_pestat] (25, 50, 75) percentile: (187, 249, 327)
[M::mem_pestat] low and high boundaries for computing mean and std.dev: (1, 607)
[M::mem_pestat] mean and std.dev: (261.66, 101.42)
[M::mem_pestat] low and high boundaries for proper pairs: (1, 747)
[M::mem_pestat] analyzing insert size distribution for orientation RF...
[M::mem_pestat] (25, 50, 75) percentile: (85, 285, 1135)
[M::mem_pestat] low and high boundaries for computing mean and std.dev: (1, 3235)
[M::mem_pestat] mean and std.dev: (510.79, 768.82)
[M::mem_pestat] low and high boundaries for proper pairs: (1, 4285)
[M::mem_pestat] analyzing insert size distribution for orientation RR...
[M::mem_pestat] (25, 50, 75) percentile: (626, 2592, 2735)
[M::mem_pestat] low and high boundaries for computing mean and std.dev: (1, 6953)
[M::mem_pestat] mean and std.dev: (2185.00, 1674.93)
[M::mem_pestat] low and high boundaries for proper pairs: (1, 9062)
[M::mem_pestat] skip orientation FF
[M::mem_pestat] skip orientation RF
[M::mem_pestat] skip orientation RR
[M::mem_process_seqs] Processed 2827316 reads in 3077.519 CPU sec, 76.988 real sec
[M::process] read 2826082 sequences (400000216 bp)...
[M::mem_pestat] # candidate unique pairs for (FF, FR, RF, RR): (29, 794292, 93, 10)
[M::mem_pestat] analyzing insert size distribution for orientation FF...
[M::mem_pestat] (25, 50, 75) percentile: (340, 557, 2956)
[M::mem_pestat] low and high boundaries for computing mean and std.dev: (1, 8188)
[M::mem_pestat] mean and std.dev: (1436.30, 1680.77)
[M::mem_pestat] low and high boundaries for proper pairs: (1, 10804)
[M::mem_pestat] analyzing insert size distribution for orientation FR...
[M::mem_pestat] (25, 50, 75) percentile: (187, 249, 327)
[M::mem_pestat] low and high boundaries for computing mean and std.dev: (1, 607)
[M::mem_pestat] mean and std.dev: (262.14, 101.71)
[M::mem_pestat] low and high boundaries for proper pairs: (1, 747)
[M::mem_pestat] analyzing insert size distribution for orientation RF...
[M::mem_pestat] (25, 50, 75) percentile: (81, 245, 1380)
[M::mem_pestat] low and high boundaries for computing mean and std.dev: (1, 3978)
[M::mem_pestat] mean and std.dev: (595.22, 875.62)
[M::mem_pestat] low and high boundaries for proper pairs: (1, 5277)
[M::mem_pestat] analyzing insert size distribution for orientation RR...
[M::mem_pestat] (25, 50, 75) percentile: (365, 2247, 3503)
[M::mem_pestat] low and high boundaries for computing mean and std.dev: (1, 9779)
[M::mem_pestat] mean and std.dev: (2165.50, 1549.03)
[M::mem_pestat] low and high boundaries for proper pairs: (1, 12917)
[M::mem_pestat] skip orientation FF
[M::mem_pestat] skip orientation RF
[M::mem_pestat] skip orientation RR
[M::mem_process_seqs] Processed 2820252 reads in 3064.736 CPU sec, 76.867 real sec
[M::process] read 2822700 sequences (400000163 bp)...
[M::mem_pestat] # candidate unique pairs for (FF, FR, RF, RR): (10, 795414, 65, 13)
[M::mem_pestat] analyzing insert size distribution for orientation FF...
[M::mem_pestat] (25, 50, 75) percentile: (118, 308, 4389)
[M::mem_pestat] low and high boundaries for computing mean and std.dev: (1, 12931)
[M::mem_pestat] mean and std.dev: (1947.80, 2981.91)
[M::mem_pestat] low and high boundaries for proper pairs: (1, 17202)
[M::mem_pestat] analyzing insert size distribution for orientation FR...
[M::mem_pestat] (25, 50, 75) percentile: (182, 241, 313)
[M::mem_pestat] low and high boundaries for computing mean and std.dev: (1, 575)
[M::mem_pestat] mean and std.dev: (252.25, 95.92)
[M::mem_pestat] low and high boundaries for proper pairs: (1, 706)
[M::mem_pestat] analyzing insert size distribution for orientation RF...
[M::mem_pestat] (25, 50, 75) percentile: (97, 223, 1876)
[M::mem_pestat] low and high boundaries for computing mean and std.dev: (1, 5434)
[M::mem_pestat] mean and std.dev: (808.52, 1163.77)
[M::mem_pestat] low and high boundaries for proper pairs: (1, 7213)
[M::mem_pestat] analyzing insert size distribution for orientation RR...
[M::mem_pestat] (25, 50, 75) percentile: (135, 329, 495)
[M::mem_pestat] low and high boundaries for computing mean and std.dev: (1, 1215)
[M::mem_pestat] mean and std.dev: (325.42, 234.28)
[M::mem_pestat] low and high boundaries for proper pairs: (1, 1575)
[M::mem_pestat] skip orientation FF
[M::mem_pestat] skip orientation RF
[M::mem_pestat] skip orientation RR
[M::mem_process_seqs] Processed 2826082 reads in 3046.192 CPU sec, 76.597 real sec
[M::process] read 2834168 sequences (400000067 bp)...
[M::mem_pestat] # candidate unique pairs for (FF, FR, RF, RR): (9, 795905, 84, 9)
[M::mem_pestat] skip orientation FF as there are not enough pairs
[M::mem_pestat] analyzing insert size distribution for orientation FR...
[M::mem_pestat] (25, 50, 75) percentile: (183, 242, 315)
[M::mem_pestat] low and high boundaries for computing mean and std.dev: (1, 579)
[M::mem_pestat] mean and std.dev: (253.42, 96.08)
[M::mem_pestat] low and high boundaries for proper pairs: (1, 711)
[M::mem_pestat] analyzing insert size distribution for orientation RF...
[M::mem_pestat] (25, 50, 75) percentile: (131, 378, 1780)
[M::mem_pestat] low and high boundaries for computing mean and std.dev: (1, 5078)
[M::mem_pestat] mean and std.dev: (751.72, 989.54)
[M::mem_pestat] low and high boundaries for proper pairs: (1, 6727)
[M::mem_pestat] skip orientation RR as there are not enough pairs
[M::mem_pestat] skip orientation RF
[M::mem_process_seqs] Processed 2822700 reads in 3057.802 CPU sec, 76.679 real sec
[M::process] read 2843058 sequences (400000003 bp)...
[M::mem_pestat] # candidate unique pairs for (FF, FR, RF, RR): (15, 796066, 78, 9)
[M::mem_pestat] analyzing insert size distribution for orientation FF...
[M::mem_pestat] (25, 50, 75) percentile: (451, 534, 2423)
[M::mem_pestat] low and high boundaries for computing mean and std.dev: (1, 6367)
[M::mem_pestat] mean and std.dev: (1079.14, 912.86)
[M::mem_pestat] low and high boundaries for proper pairs: (1, 8339)
[M::mem_pestat] analyzing insert size distribution for orientation FR...
[M::mem_pestat] (25, 50, 75) percentile: (183, 242, 315)
[M::mem_pestat] low and high boundaries for computing mean and std.dev: (1, 579)
[M::mem_pestat] mean and std.dev: (253.38, 96.16)
[M::mem_pestat] low and high boundaries for proper pairs: (1, 711)
[M::mem_pestat] analyzing insert size distribution for orientation RF...
[M::mem_pestat] (25, 50, 75) percentile: (105, 238, 1048)
[M::mem_pestat] low and high boundaries for computing mean and std.dev: (1, 2934)
[M::mem_pestat] mean and std.dev: (413.88, 530.61)
[M::mem_pestat] low and high boundaries for proper pairs: (1, 3877)
[M::mem_pestat] skip orientation RR as there are not enough pairs
[M::mem_pestat] skip orientation FF
[M::mem_pestat] skip orientation RF
[M::mem_process_seqs] Processed 2834168 reads in 3083.060 CPU sec, 77.199 real sec
[M::process] read 2199018 sequences (310130440 bp)...
[M::mem_pestat] # candidate unique pairs for (FF, FR, RF, RR): (9, 797017, 87, 8)
[M::mem_pestat] skip orientation FF as there are not enough pairs
[M::mem_pestat] analyzing insert size distribution for orientation FR...
[M::mem_pestat] (25, 50, 75) percentile: (181, 239, 311)
[M::mem_pestat] low and high boundaries for computing mean and std.dev: (1, 571)
[M::mem_pestat] mean and std.dev: (250.72, 95.60)
[M::mem_pestat] low and high boundaries for proper pairs: (1, 701)
[M::mem_pestat] analyzing insert size distribution for orientation RF...
[M::mem_pestat] (25, 50, 75) percentile: (107, 318, 942)
[M::mem_pestat] low and high boundaries for computing mean and std.dev: (1, 2612)
[M::mem_pestat] mean and std.dev: (430.86, 560.90)
[M::mem_pestat] low and high boundaries for proper pairs: (1, 3447)
[M::mem_pestat] skip orientation RR as there are not enough pairs
[M::mem_pestat] skip orientation RF
[M::mem_process_seqs] Processed 2843058 reads in 3076.259 CPU sec, 77.223 real sec
[M::mem_pestat] # candidate unique pairs for (FF, FR, RF, RR): (3, 617874, 61, 5)
[M::mem_pestat] skip orientation FF as there are not enough pairs
[M::mem_pestat] analyzing insert size distribution for orientation FR...
[M::mem_pestat] (25, 50, 75) percentile: (182, 241, 314)
[M::mem_pestat] low and high boundaries for computing mean and std.dev: (1, 578)
[M::mem_pestat] mean and std.dev: (252.60, 96.47)
[M::mem_pestat] low and high boundaries for proper pairs: (1, 710)
[M::mem_pestat] analyzing insert size distribution for orientation RF...
[M::mem_pestat] (25, 50, 75) percentile: (113, 333, 2158)
[M::mem_pestat] low and high boundaries for computing mean and std.dev: (1, 6248)
[M::mem_pestat] mean and std.dev: (809.00, 1193.12)
[M::mem_pestat] low and high boundaries for proper pairs: (1, 8293)
[M::mem_pestat] skip orientation RR as there are not enough pairs
[M::mem_pestat] skip orientation RF
[M::mem_process_seqs] Processed 2199018 reads in 2667.822 CPU sec, 72.636 real sec
[main] Version: 0.7.17-r1188
[main] CMD: /home/shared/bwa-0.7.17/bwa mem -M -t 40 ../data/bwa-GCF_031168955.1_ASM3116895v1_genomic ../data/trimmed-fastqs-heatwave-genetics/MHW220_trimmed_clipped_R1_paired.fq.gz ../data/trimmed-fastqs-heatwave-genetics/MHW220_trimmed_clipped_R2_paired.fq.gz
[main] Real time: 2705.355 sec; CPU: 107009.466 sec
