[M::bwa_idx_load_from_disk] read 0 ALT contigs
[M::process] read 3293500 sequences (400000229 bp)...
[M::process] read 3287722 sequences (400000028 bp)...
[M::mem_pestat] # candidate unique pairs for (FF, FR, RF, RR): (4, 823091, 14, 1)
[M::mem_pestat] skip orientation FF as there are not enough pairs
[M::mem_pestat] analyzing insert size distribution for orientation FR...
[M::mem_pestat] (25, 50, 75) percentile: (92, 124, 163)
[M::mem_pestat] low and high boundaries for computing mean and std.dev: (1, 305)
[M::mem_pestat] mean and std.dev: (130.73, 51.25)
[M::mem_pestat] low and high boundaries for proper pairs: (1, 376)
[M::mem_pestat] analyzing insert size distribution for orientation RF...
[M::mem_pestat] (25, 50, 75) percentile: (34, 683, 2158)
[M::mem_pestat] low and high boundaries for computing mean and std.dev: (1, 6406)
[M::mem_pestat] mean and std.dev: (1042.31, 1293.44)
[M::mem_pestat] low and high boundaries for proper pairs: (1, 8530)
[M::mem_pestat] skip orientation RR as there are not enough pairs
[M::mem_pestat] skip orientation RF
[M::mem_process_seqs] Processed 3293500 reads in 4191.732 CPU sec, 105.227 real sec
[M::process] read 3285130 sequences (400000101 bp)...
[M::mem_pestat] # candidate unique pairs for (FF, FR, RF, RR): (3, 821020, 19, 4)
[M::mem_pestat] skip orientation FF as there are not enough pairs
[M::mem_pestat] analyzing insert size distribution for orientation FR...
[M::mem_pestat] (25, 50, 75) percentile: (93, 124, 163)
[M::mem_pestat] low and high boundaries for computing mean and std.dev: (1, 303)
[M::mem_pestat] mean and std.dev: (130.86, 51.15)
[M::mem_pestat] low and high boundaries for proper pairs: (1, 373)
[M::mem_pestat] analyzing insert size distribution for orientation RF...
[M::mem_pestat] (25, 50, 75) percentile: (126, 1771, 4226)
[M::mem_pestat] low and high boundaries for computing mean and std.dev: (1, 12426)
[M::mem_pestat] mean and std.dev: (2884.42, 3146.37)
[M::mem_pestat] low and high boundaries for proper pairs: (1, 16526)
[M::mem_pestat] skip orientation RR as there are not enough pairs
[M::mem_pestat] skip orientation RF
[M::mem_process_seqs] Processed 3287722 reads in 4307.627 CPU sec, 108.231 real sec
[M::process] read 3285408 sequences (400000058 bp)...
[M::mem_pestat] # candidate unique pairs for (FF, FR, RF, RR): (1, 820878, 18, 3)
[M::mem_pestat] skip orientation FF as there are not enough pairs
[M::mem_pestat] analyzing insert size distribution for orientation FR...
[M::mem_pestat] (25, 50, 75) percentile: (93, 124, 164)
[M::mem_pestat] low and high boundaries for computing mean and std.dev: (1, 306)
[M::mem_pestat] mean and std.dev: (131.18, 51.45)
[M::mem_pestat] low and high boundaries for proper pairs: (1, 377)
[M::mem_pestat] analyzing insert size distribution for orientation RF...
[M::mem_pestat] (25, 50, 75) percentile: (172, 546, 2476)
[M::mem_pestat] low and high boundaries for computing mean and std.dev: (1, 7084)
[M::mem_pestat] mean and std.dev: (849.33, 926.35)
[M::mem_pestat] low and high boundaries for proper pairs: (1, 9388)
[M::mem_pestat] skip orientation RR as there are not enough pairs
[M::mem_pestat] skip orientation RF
[M::mem_process_seqs] Processed 3285130 reads in 4330.644 CPU sec, 108.789 real sec
[M::process] read 3296900 sequences (400000111 bp)...
[M::mem_pestat] # candidate unique pairs for (FF, FR, RF, RR): (5, 817677, 13, 2)
[M::mem_pestat] skip orientation FF as there are not enough pairs
[M::mem_pestat] analyzing insert size distribution for orientation FR...
[M::mem_pestat] (25, 50, 75) percentile: (93, 125, 164)
[M::mem_pestat] low and high boundaries for computing mean and std.dev: (1, 306)
[M::mem_pestat] mean and std.dev: (131.48, 51.64)
[M::mem_pestat] low and high boundaries for proper pairs: (1, 377)
[M::mem_pestat] analyzing insert size distribution for orientation RF...
[M::mem_pestat] (25, 50, 75) percentile: (250, 1383, 3603)
[M::mem_pestat] low and high boundaries for computing mean and std.dev: (1, 10309)
[M::mem_pestat] mean and std.dev: (1919.92, 2023.75)
[M::mem_pestat] low and high boundaries for proper pairs: (1, 13662)
[M::mem_pestat] skip orientation RR as there are not enough pairs
[M::mem_pestat] skip orientation RF
[M::mem_process_seqs] Processed 3285408 reads in 4322.123 CPU sec, 108.570 real sec
[M::process] read 3296352 sequences (400000053 bp)...
[M::mem_pestat] # candidate unique pairs for (FF, FR, RF, RR): (6, 812095, 15, 3)
[M::mem_pestat] skip orientation FF as there are not enough pairs
[M::mem_pestat] analyzing insert size distribution for orientation FR...
[M::mem_pestat] (25, 50, 75) percentile: (93, 125, 165)
[M::mem_pestat] low and high boundaries for computing mean and std.dev: (1, 309)
[M::mem_pestat] mean and std.dev: (132.09, 51.98)
[M::mem_pestat] low and high boundaries for proper pairs: (1, 381)
[M::mem_pestat] analyzing insert size distribution for orientation RF...
[M::mem_pestat] (25, 50, 75) percentile: (61, 113, 507)
[M::mem_pestat] low and high boundaries for computing mean and std.dev: (1, 1399)
[M::mem_pestat] mean and std.dev: (246.07, 319.28)
[M::mem_pestat] low and high boundaries for proper pairs: (1, 1845)
[M::mem_pestat] skip orientation RR as there are not enough pairs
[M::mem_pestat] skip orientation RF
[M::mem_process_seqs] Processed 3296900 reads in 4333.751 CPU sec, 108.868 real sec
[M::process] read 3290166 sequences (400000058 bp)...
[M::mem_pestat] # candidate unique pairs for (FF, FR, RF, RR): (2, 811811, 17, 3)
[M::mem_pestat] skip orientation FF as there are not enough pairs
[M::mem_pestat] analyzing insert size distribution for orientation FR...
[M::mem_pestat] (25, 50, 75) percentile: (93, 125, 165)
[M::mem_pestat] low and high boundaries for computing mean and std.dev: (1, 309)
[M::mem_pestat] mean and std.dev: (132.26, 52.05)
[M::mem_pestat] low and high boundaries for proper pairs: (1, 381)
[M::mem_pestat] analyzing insert size distribution for orientation RF...
[M::mem_pestat] (25, 50, 75) percentile: (83, 139, 1464)
[M::mem_pestat] low and high boundaries for computing mean and std.dev: (1, 4226)
[M::mem_pestat] mean and std.dev: (439.60, 792.44)
[M::mem_pestat] low and high boundaries for proper pairs: (1, 5607)
[M::mem_pestat] skip orientation RR as there are not enough pairs
[M::mem_pestat] skip orientation RF
[M::mem_process_seqs] Processed 3296352 reads in 4455.780 CPU sec, 112.202 real sec
[M::process] read 3285868 sequences (400000166 bp)...
[M::mem_pestat] # candidate unique pairs for (FF, FR, RF, RR): (4, 810100, 17, 5)
[M::mem_pestat] skip orientation FF as there are not enough pairs
[M::mem_pestat] analyzing insert size distribution for orientation FR...
[M::mem_pestat] (25, 50, 75) percentile: (94, 125, 166)
[M::mem_pestat] low and high boundaries for computing mean and std.dev: (1, 310)
[M::mem_pestat] mean and std.dev: (132.50, 52.25)
[M::mem_pestat] low and high boundaries for proper pairs: (1, 382)
[M::mem_pestat] analyzing insert size distribution for orientation RF...
[M::mem_pestat] (25, 50, 75) percentile: (224, 946, 5575)
[M::mem_pestat] low and high boundaries for computing mean and std.dev: (1, 16277)
[M::mem_pestat] mean and std.dev: (2741.88, 2870.32)
[M::mem_pestat] low and high boundaries for proper pairs: (1, 21628)
[M::mem_pestat] skip orientation RR as there are not enough pairs
[M::mem_pestat] skip orientation RF
[M::mem_process_seqs] Processed 3290166 reads in 4413.469 CPU sec, 110.901 real sec
[M::process] read 3279528 sequences (400000137 bp)...
[M::mem_pestat] # candidate unique pairs for (FF, FR, RF, RR): (6, 818540, 17, 2)
[M::mem_pestat] skip orientation FF as there are not enough pairs
[M::mem_pestat] analyzing insert size distribution for orientation FR...
[M::mem_pestat] (25, 50, 75) percentile: (93, 125, 164)
[M::mem_pestat] low and high boundaries for computing mean and std.dev: (1, 306)
[M::mem_pestat] mean and std.dev: (131.35, 51.64)
[M::mem_pestat] low and high boundaries for proper pairs: (1, 377)
[M::mem_pestat] analyzing insert size distribution for orientation RF...
[M::mem_pestat] (25, 50, 75) percentile: (96, 551, 5307)
[M::mem_pestat] low and high boundaries for computing mean and std.dev: (1, 15729)
[M::mem_pestat] mean and std.dev: (2566.82, 2934.18)
[M::mem_pestat] low and high boundaries for proper pairs: (1, 20940)
[M::mem_pestat] skip orientation RR as there are not enough pairs
[M::mem_pestat] skip orientation RF
[M::mem_process_seqs] Processed 3285868 reads in 4346.508 CPU sec, 108.887 real sec
[M::process] read 3281396 sequences (400000021 bp)...
[M::mem_pestat] # candidate unique pairs for (FF, FR, RF, RR): (3, 818189, 18, 2)
[M::mem_pestat] skip orientation FF as there are not enough pairs
[M::mem_pestat] analyzing insert size distribution for orientation FR...
[M::mem_pestat] (25, 50, 75) percentile: (93, 125, 164)
[M::mem_pestat] low and high boundaries for computing mean and std.dev: (1, 306)
[M::mem_pestat] mean and std.dev: (131.50, 51.74)
[M::mem_pestat] low and high boundaries for proper pairs: (1, 377)
[M::mem_pestat] analyzing insert size distribution for orientation RF...
[M::mem_pestat] (25, 50, 75) percentile: (109, 1529, 3500)
[M::mem_pestat] low and high boundaries for computing mean and std.dev: (1, 10282)
[M::mem_pestat] mean and std.dev: (2200.44, 2404.75)
[M::mem_pestat] low and high boundaries for proper pairs: (1, 13673)
[M::mem_pestat] skip orientation RR as there are not enough pairs
[M::mem_pestat] skip orientation RF
[M::mem_process_seqs] Processed 3279528 reads in 4333.557 CPU sec, 109.135 real sec
[M::process] read 3277462 sequences (400000165 bp)...
[M::mem_pestat] # candidate unique pairs for (FF, FR, RF, RR): (3, 818807, 13, 4)
[M::mem_pestat] skip orientation FF as there are not enough pairs
[M::mem_pestat] analyzing insert size distribution for orientation FR...
[M::mem_pestat] (25, 50, 75) percentile: (93, 125, 164)
[M::mem_pestat] low and high boundaries for computing mean and std.dev: (1, 306)
[M::mem_pestat] mean and std.dev: (131.27, 51.55)
[M::mem_pestat] low and high boundaries for proper pairs: (1, 377)
[M::mem_pestat] analyzing insert size distribution for orientation RF...
[M::mem_pestat] (25, 50, 75) percentile: (79, 286, 3794)
[M::mem_pestat] low and high boundaries for computing mean and std.dev: (1, 11224)
[M::mem_pestat] mean and std.dev: (1389.85, 1872.00)
[M::mem_pestat] low and high boundaries for proper pairs: (1, 14939)
[M::mem_pestat] skip orientation RR as there are not enough pairs
[M::mem_pestat] skip orientation RF
[M::mem_process_seqs] Processed 3281396 reads in 4349.501 CPU sec, 109.216 real sec
[M::process] read 3283182 sequences (400000143 bp)...
[M::mem_pestat] # candidate unique pairs for (FF, FR, RF, RR): (6, 817951, 14, 1)
[M::mem_pestat] skip orientation FF as there are not enough pairs
[M::mem_pestat] analyzing insert size distribution for orientation FR...
[M::mem_pestat] (25, 50, 75) percentile: (93, 125, 164)
[M::mem_pestat] low and high boundaries for computing mean and std.dev: (1, 306)
[M::mem_pestat] mean and std.dev: (131.61, 51.64)
[M::mem_pestat] low and high boundaries for proper pairs: (1, 377)
[M::mem_pestat] analyzing insert size distribution for orientation RF...
[M::mem_pestat] (25, 50, 75) percentile: (84, 974, 3204)
[M::mem_pestat] low and high boundaries for computing mean and std.dev: (1, 9444)
[M::mem_pestat] mean and std.dev: (1930.21, 2691.42)
[M::mem_pestat] low and high boundaries for proper pairs: (1, 12696)
[M::mem_pestat] skip orientation RR as there are not enough pairs
[M::mem_pestat] skip orientation RF
[M::mem_process_seqs] Processed 3277462 reads in 4335.391 CPU sec, 108.598 real sec
[M::process] read 3288750 sequences (400000288 bp)...
[M::mem_pestat] # candidate unique pairs for (FF, FR, RF, RR): (6, 807716, 17, 3)
[M::mem_pestat] skip orientation FF as there are not enough pairs
[M::mem_pestat] analyzing insert size distribution for orientation FR...
[M::mem_pestat] (25, 50, 75) percentile: (94, 126, 166)
[M::mem_pestat] low and high boundaries for computing mean and std.dev: (1, 310)
[M::mem_pestat] mean and std.dev: (132.71, 52.44)
[M::mem_pestat] low and high boundaries for proper pairs: (1, 382)
[M::mem_pestat] analyzing insert size distribution for orientation RF...
[M::mem_pestat] (25, 50, 75) percentile: (68, 133, 2543)
[M::mem_pestat] low and high boundaries for computing mean and std.dev: (1, 7493)
[M::mem_pestat] mean and std.dev: (878.19, 1585.93)
[M::mem_pestat] low and high boundaries for proper pairs: (1, 9968)
[M::mem_pestat] skip orientation RR as there are not enough pairs
[M::mem_pestat] skip orientation RF
[M::mem_process_seqs] Processed 3283182 reads in 4386.703 CPU sec, 110.195 real sec
[M::process] read 3289680 sequences (400000145 bp)...
[M::mem_pestat] # candidate unique pairs for (FF, FR, RF, RR): (3, 810357, 15, 2)
[M::mem_pestat] skip orientation FF as there are not enough pairs
[M::mem_pestat] analyzing insert size distribution for orientation FR...
[M::mem_pestat] (25, 50, 75) percentile: (93, 126, 165)
[M::mem_pestat] low and high boundaries for computing mean and std.dev: (1, 309)
[M::mem_pestat] mean and std.dev: (132.47, 52.22)
[M::mem_pestat] low and high boundaries for proper pairs: (1, 381)
[M::mem_pestat] analyzing insert size distribution for orientation RF...
[M::mem_pestat] (25, 50, 75) percentile: (115, 250, 2363)
[M::mem_pestat] low and high boundaries for computing mean and std.dev: (1, 6859)
[M::mem_pestat] mean and std.dev: (644.92, 841.97)
[M::mem_pestat] low and high boundaries for proper pairs: (1, 9107)
[M::mem_pestat] skip orientation RR as there are not enough pairs
[M::mem_pestat] skip orientation RF
[M::mem_process_seqs] Processed 3288750 reads in 4520.291 CPU sec, 113.517 real sec
[M::process] read 3281902 sequences (400000122 bp)...
[M::mem_pestat] # candidate unique pairs for (FF, FR, RF, RR): (2, 812119, 12, 5)
[M::mem_pestat] skip orientation FF as there are not enough pairs
[M::mem_pestat] analyzing insert size distribution for orientation FR...
[M::mem_pestat] (25, 50, 75) percentile: (94, 126, 165)
[M::mem_pestat] low and high boundaries for computing mean and std.dev: (1, 307)
[M::mem_pestat] mean and std.dev: (132.42, 51.97)
[M::mem_pestat] low and high boundaries for proper pairs: (1, 378)
[M::mem_pestat] analyzing insert size distribution for orientation RF...
[M::mem_pestat] (25, 50, 75) percentile: (170, 347, 7885)
[M::mem_pestat] low and high boundaries for computing mean and std.dev: (1, 23315)
[M::mem_pestat] mean and std.dev: (2715.67, 3533.80)
[M::mem_pestat] low and high boundaries for proper pairs: (1, 31030)
[M::mem_pestat] skip orientation RR as there are not enough pairs
[M::mem_pestat] skip orientation RF
[M::mem_process_seqs] Processed 3289680 reads in 4928.400 CPU sec, 123.839 real sec
[M::process] read 3250722 sequences (400000179 bp)...
[M::mem_pestat] # candidate unique pairs for (FF, FR, RF, RR): (2, 811220, 10, 3)
[M::mem_pestat] skip orientation FF as there are not enough pairs
[M::mem_pestat] analyzing insert size distribution for orientation FR...
[M::mem_pestat] (25, 50, 75) percentile: (93, 125, 165)
[M::mem_pestat] low and high boundaries for computing mean and std.dev: (1, 309)
[M::mem_pestat] mean and std.dev: (132.23, 52.20)
[M::mem_pestat] low and high boundaries for proper pairs: (1, 381)
[M::mem_pestat] analyzing insert size distribution for orientation RF...
[M::mem_pestat] (25, 50, 75) percentile: (75, 878, 3258)
[M::mem_pestat] low and high boundaries for computing mean and std.dev: (1, 9624)
[M::mem_pestat] mean and std.dev: (1857.60, 2701.87)
[M::mem_pestat] low and high boundaries for proper pairs: (1, 12807)
[M::mem_pestat] skip orientation RR as there are not enough pairs
[M::mem_pestat] skip orientation RF
[M::mem_process_seqs] Processed 3281902 reads in 4789.218 CPU sec, 128.256 real sec
[M::process] read 3250276 sequences (400000093 bp)...
[M::mem_pestat] # candidate unique pairs for (FF, FR, RF, RR): (3, 808100, 19, 1)
[M::mem_pestat] skip orientation FF as there are not enough pairs
[M::mem_pestat] analyzing insert size distribution for orientation FR...
[M::mem_pestat] (25, 50, 75) percentile: (94, 126, 165)
[M::mem_pestat] low and high boundaries for computing mean and std.dev: (1, 307)
[M::mem_pestat] mean and std.dev: (132.35, 51.90)
[M::mem_pestat] low and high boundaries for proper pairs: (1, 378)
[M::mem_pestat] analyzing insert size distribution for orientation RF...
[M::mem_pestat] (25, 50, 75) percentile: (42, 225, 1374)
[M::mem_pestat] low and high boundaries for computing mean and std.dev: (1, 4038)
[M::mem_pestat] mean and std.dev: (710.89, 860.14)
[M::mem_pestat] low and high boundaries for proper pairs: (1, 5370)
[M::mem_pestat] skip orientation RR as there are not enough pairs
[M::mem_pestat] skip orientation RF
[M::mem_process_seqs] Processed 3250722 reads in 4391.146 CPU sec, 110.305 real sec
[M::process] read 3254836 sequences (400000183 bp)...
[M::mem_pestat] # candidate unique pairs for (FF, FR, RF, RR): (2, 806646, 9, 2)
[M::mem_pestat] skip orientation FF as there are not enough pairs
[M::mem_pestat] analyzing insert size distribution for orientation FR...
[M::mem_pestat] (25, 50, 75) percentile: (94, 125, 165)
[M::mem_pestat] low and high boundaries for computing mean and std.dev: (1, 307)
[M::mem_pestat] mean and std.dev: (132.41, 51.99)
[M::mem_pestat] low and high boundaries for proper pairs: (1, 378)
[M::mem_pestat] skip orientation RF as there are not enough pairs
[M::mem_pestat] skip orientation RR as there are not enough pairs
[M::mem_process_seqs] Processed 3250276 reads in 4403.263 CPU sec, 110.672 real sec
[M::process] read 3255784 sequences (400000234 bp)...
[M::mem_pestat] # candidate unique pairs for (FF, FR, RF, RR): (5, 801285, 19, 5)
[M::mem_pestat] skip orientation FF as there are not enough pairs
[M::mem_pestat] analyzing insert size distribution for orientation FR...
[M::mem_pestat] (25, 50, 75) percentile: (94, 126, 167)
[M::mem_pestat] low and high boundaries for computing mean and std.dev: (1, 313)
[M::mem_pestat] mean and std.dev: (133.51, 52.75)
[M::mem_pestat] low and high boundaries for proper pairs: (1, 386)
[M::mem_pestat] analyzing insert size distribution for orientation RF...
[M::mem_pestat] (25, 50, 75) percentile: (92, 1517, 2098)
[M::mem_pestat] low and high boundaries for computing mean and std.dev: (1, 6110)
[M::mem_pestat] mean and std.dev: (1417.11, 1494.97)
[M::mem_pestat] low and high boundaries for proper pairs: (1, 8116)
[M::mem_pestat] skip orientation RR as there are not enough pairs
[M::mem_pestat] skip orientation RF
[M::mem_process_seqs] Processed 3254836 reads in 4564.537 CPU sec, 114.935 real sec
[M::process] read 1469340 sequences (181348451 bp)...
[M::mem_pestat] # candidate unique pairs for (FF, FR, RF, RR): (2, 801632, 15, 8)
[M::mem_pestat] skip orientation FF as there are not enough pairs
[M::mem_pestat] analyzing insert size distribution for orientation FR...
[M::mem_pestat] (25, 50, 75) percentile: (94, 126, 166)
[M::mem_pestat] low and high boundaries for computing mean and std.dev: (1, 310)
[M::mem_pestat] mean and std.dev: (133.25, 52.41)
[M::mem_pestat] low and high boundaries for proper pairs: (1, 382)
[M::mem_pestat] analyzing insert size distribution for orientation RF...
[M::mem_pestat] (25, 50, 75) percentile: (49, 124, 3056)
[M::mem_pestat] low and high boundaries for computing mean and std.dev: (1, 9070)
[M::mem_pestat] mean and std.dev: (1413.20, 2418.16)
[M::mem_pestat] low and high boundaries for proper pairs: (1, 12077)
[M::mem_pestat] skip orientation RR as there are not enough pairs
[M::mem_pestat] skip orientation RF
[M::mem_process_seqs] Processed 3255784 reads in 4492.160 CPU sec, 112.613 real sec
[M::mem_pestat] # candidate unique pairs for (FF, FR, RF, RR): (0, 362353, 4, 2)
[M::mem_pestat] skip orientation FF as there are not enough pairs
[M::mem_pestat] analyzing insert size distribution for orientation FR...
[M::mem_pestat] (25, 50, 75) percentile: (94, 127, 167)
[M::mem_pestat] low and high boundaries for computing mean and std.dev: (1, 313)
[M::mem_pestat] mean and std.dev: (133.84, 52.88)
[M::mem_pestat] low and high boundaries for proper pairs: (1, 386)
[M::mem_pestat] skip orientation RF as there are not enough pairs
[M::mem_pestat] skip orientation RR as there are not enough pairs
[M::mem_process_seqs] Processed 1469340 reads in 2047.596 CPU sec, 51.508 real sec
[main] Version: 0.7.17-r1188
[main] CMD: /home/shared/bwa-0.7.17/bwa mem -M -t 40 ../data/bwa-GCF_031168955.1_ASM3116895v1_genomic ../data/trimmed-fastqs-heatwave-genetics/MHW204_trimmed_clipped_R1_paired.fq.gz ../data/trimmed-fastqs-heatwave-genetics/MHW204_trimmed_clipped_R2_paired.fq.gz
[main] Real time: 2184.704 sec; CPU: 86252.871 sec
