[M::bwa_idx_load_from_disk] read 0 ALT contigs
[M::process] read 2820996 sequences (400000120 bp)...
[M::process] read 2812584 sequences (400000214 bp)...
[M::mem_pestat] # candidate unique pairs for (FF, FR, RF, RR): (12, 780119, 77, 10)
[M::mem_pestat] analyzing insert size distribution for orientation FF...
[M::mem_pestat] (25, 50, 75) percentile: (327, 3896, 4718)
[M::mem_pestat] low and high boundaries for computing mean and std.dev: (1, 13500)
[M::mem_pestat] mean and std.dev: (2766.42, 2102.53)
[M::mem_pestat] low and high boundaries for proper pairs: (1, 17891)
[M::mem_pestat] analyzing insert size distribution for orientation FR...
[M::mem_pestat] (25, 50, 75) percentile: (189, 250, 327)
[M::mem_pestat] low and high boundaries for computing mean and std.dev: (1, 603)
[M::mem_pestat] mean and std.dev: (262.78, 101.75)
[M::mem_pestat] low and high boundaries for proper pairs: (1, 741)
[M::mem_pestat] analyzing insert size distribution for orientation RF...
[M::mem_pestat] (25, 50, 75) percentile: (221, 464, 3713)
[M::mem_pestat] low and high boundaries for computing mean and std.dev: (1, 10697)
[M::mem_pestat] mean and std.dev: (2489.10, 3172.54)
[M::mem_pestat] low and high boundaries for proper pairs: (1, 15179)
[M::mem_pestat] analyzing insert size distribution for orientation RR...
[M::mem_pestat] (25, 50, 75) percentile: (228, 734, 8684)
[M::mem_pestat] low and high boundaries for computing mean and std.dev: (1, 25596)
[M::mem_pestat] mean and std.dev: (3743.90, 4202.07)
[M::mem_pestat] low and high boundaries for proper pairs: (1, 34052)
[M::mem_pestat] skip orientation FF
[M::mem_pestat] skip orientation RF
[M::mem_pestat] skip orientation RR
[M::mem_process_seqs] Processed 2820996 reads in 3186.615 CPU sec, 79.987 real sec
[M::process] read 2814742 sequences (400000018 bp)...
[M::mem_pestat] # candidate unique pairs for (FF, FR, RF, RR): (6, 776427, 88, 7)
[M::mem_pestat] skip orientation FF as there are not enough pairs
[M::mem_pestat] analyzing insert size distribution for orientation FR...
[M::mem_pestat] (25, 50, 75) percentile: (198, 262, 340)
[M::mem_pestat] low and high boundaries for computing mean and std.dev: (1, 624)
[M::mem_pestat] mean and std.dev: (273.80, 103.33)
[M::mem_pestat] low and high boundaries for proper pairs: (1, 766)
[M::mem_pestat] analyzing insert size distribution for orientation RF...
[M::mem_pestat] (25, 50, 75) percentile: (132, 545, 1885)
[M::mem_pestat] low and high boundaries for computing mean and std.dev: (1, 5391)
[M::mem_pestat] mean and std.dev: (748.57, 972.30)
[M::mem_pestat] low and high boundaries for proper pairs: (1, 7144)
[M::mem_pestat] skip orientation RR as there are not enough pairs
[M::mem_pestat] skip orientation RF
[M::mem_process_seqs] Processed 2812584 reads in 3350.181 CPU sec, 84.087 real sec
[M::process] read 2806308 sequences (400000004 bp)...
[M::mem_pestat] # candidate unique pairs for (FF, FR, RF, RR): (13, 779108, 68, 11)
[M::mem_pestat] analyzing insert size distribution for orientation FF...
[M::mem_pestat] (25, 50, 75) percentile: (197, 418, 2972)
[M::mem_pestat] low and high boundaries for computing mean and std.dev: (1, 8522)
[M::mem_pestat] mean and std.dev: (1048.55, 1197.74)
[M::mem_pestat] low and high boundaries for proper pairs: (1, 11297)
[M::mem_pestat] analyzing insert size distribution for orientation FR...
[M::mem_pestat] (25, 50, 75) percentile: (190, 252, 330)
[M::mem_pestat] low and high boundaries for computing mean and std.dev: (1, 610)
[M::mem_pestat] mean and std.dev: (264.90, 102.10)
[M::mem_pestat] low and high boundaries for proper pairs: (1, 750)
[M::mem_pestat] analyzing insert size distribution for orientation RF...
[M::mem_pestat] (25, 50, 75) percentile: (197, 349, 2242)
[M::mem_pestat] low and high boundaries for computing mean and std.dev: (1, 6332)
[M::mem_pestat] mean and std.dev: (1001.68, 1348.58)
[M::mem_pestat] low and high boundaries for proper pairs: (1, 8377)
[M::mem_pestat] analyzing insert size distribution for orientation RR...
[M::mem_pestat] (25, 50, 75) percentile: (274, 458, 2154)
[M::mem_pestat] low and high boundaries for computing mean and std.dev: (1, 5914)
[M::mem_pestat] mean and std.dev: (557.44, 594.68)
[M::mem_pestat] low and high boundaries for proper pairs: (1, 7794)
[M::mem_pestat] skip orientation FF
[M::mem_pestat] skip orientation RF
[M::mem_pestat] skip orientation RR
[M::mem_process_seqs] Processed 2814742 reads in 3304.178 CPU sec, 83.128 real sec
[M::process] read 2818226 sequences (400000134 bp)...
[M::mem_pestat] # candidate unique pairs for (FF, FR, RF, RR): (9, 777574, 81, 7)
[M::mem_pestat] skip orientation FF as there are not enough pairs
[M::mem_pestat] analyzing insert size distribution for orientation FR...
[M::mem_pestat] (25, 50, 75) percentile: (198, 261, 338)
[M::mem_pestat] low and high boundaries for computing mean and std.dev: (1, 618)
[M::mem_pestat] mean and std.dev: (272.73, 102.63)
[M::mem_pestat] low and high boundaries for proper pairs: (1, 758)
[M::mem_pestat] analyzing insert size distribution for orientation RF...
[M::mem_pestat] (25, 50, 75) percentile: (130, 225, 1751)
[M::mem_pestat] low and high boundaries for computing mean and std.dev: (1, 4993)
[M::mem_pestat] mean and std.dev: (758.37, 1079.06)
[M::mem_pestat] low and high boundaries for proper pairs: (1, 6614)
[M::mem_pestat] skip orientation RR as there are not enough pairs
[M::mem_pestat] skip orientation RF
[M::mem_process_seqs] Processed 2806308 reads in 3367.762 CPU sec, 84.425 real sec
[M::process] read 2805856 sequences (400000050 bp)...
[M::mem_pestat] # candidate unique pairs for (FF, FR, RF, RR): (7, 778894, 81, 10)
[M::mem_pestat] skip orientation FF as there are not enough pairs
[M::mem_pestat] analyzing insert size distribution for orientation FR...
[M::mem_pestat] (25, 50, 75) percentile: (191, 253, 330)
[M::mem_pestat] low and high boundaries for computing mean and std.dev: (1, 608)
[M::mem_pestat] mean and std.dev: (265.45, 101.76)
[M::mem_pestat] low and high boundaries for proper pairs: (1, 747)
[M::mem_pestat] analyzing insert size distribution for orientation RF...
[M::mem_pestat] (25, 50, 75) percentile: (224, 531, 1531)
[M::mem_pestat] low and high boundaries for computing mean and std.dev: (1, 4145)
[M::mem_pestat] mean and std.dev: (689.76, 694.24)
[M::mem_pestat] low and high boundaries for proper pairs: (1, 5452)
[M::mem_pestat] analyzing insert size distribution for orientation RR...
[M::mem_pestat] (25, 50, 75) percentile: (117, 1110, 2814)
[M::mem_pestat] low and high boundaries for computing mean and std.dev: (1, 8208)
[M::mem_pestat] mean and std.dev: (1195.20, 1317.24)
[M::mem_pestat] low and high boundaries for proper pairs: (1, 10905)
[M::mem_pestat] skip orientation RF
[M::mem_pestat] skip orientation RR
[M::mem_process_seqs] Processed 2818226 reads in 3354.308 CPU sec, 83.906 real sec
[M::process] read 2814042 sequences (400000238 bp)...
[M::mem_pestat] # candidate unique pairs for (FF, FR, RF, RR): (11, 778930, 78, 11)
[M::mem_pestat] analyzing insert size distribution for orientation FF...
[M::mem_pestat] (25, 50, 75) percentile: (139, 218, 791)
[M::mem_pestat] low and high boundaries for computing mean and std.dev: (1, 2095)
[M::mem_pestat] mean and std.dev: (339.60, 302.30)
[M::mem_pestat] low and high boundaries for proper pairs: (1, 2747)
[M::mem_pestat] analyzing insert size distribution for orientation FR...
[M::mem_pestat] (25, 50, 75) percentile: (197, 261, 338)
[M::mem_pestat] low and high boundaries for computing mean and std.dev: (1, 620)
[M::mem_pestat] mean and std.dev: (272.50, 102.49)
[M::mem_pestat] low and high boundaries for proper pairs: (1, 761)
[M::mem_pestat] analyzing insert size distribution for orientation RF...
[M::mem_pestat] (25, 50, 75) percentile: (212, 516, 3136)
[M::mem_pestat] low and high boundaries for computing mean and std.dev: (1, 8984)
[M::mem_pestat] mean and std.dev: (1725.88, 2346.92)
[M::mem_pestat] low and high boundaries for proper pairs: (1, 11908)
[M::mem_pestat] analyzing insert size distribution for orientation RR...
[M::mem_pestat] (25, 50, 75) percentile: (101, 371, 2005)
[M::mem_pestat] low and high boundaries for computing mean and std.dev: (1, 5813)
[M::mem_pestat] mean and std.dev: (614.11, 752.74)
[M::mem_pestat] low and high boundaries for proper pairs: (1, 7717)
[M::mem_pestat] skip orientation FF
[M::mem_pestat] skip orientation RF
[M::mem_pestat] skip orientation RR
[M::mem_process_seqs] Processed 2805856 reads in 3353.770 CPU sec, 84.122 real sec
[M::process] read 2805876 sequences (400000204 bp)...
[M::mem_pestat] # candidate unique pairs for (FF, FR, RF, RR): (12, 780306, 77, 13)
[M::mem_pestat] analyzing insert size distribution for orientation FF...
[M::mem_pestat] (25, 50, 75) percentile: (222, 1983, 8206)
[M::mem_pestat] low and high boundaries for computing mean and std.dev: (1, 24174)
[M::mem_pestat] mean and std.dev: (3141.17, 3594.12)
[M::mem_pestat] low and high boundaries for proper pairs: (1, 32158)
[M::mem_pestat] analyzing insert size distribution for orientation FR...
[M::mem_pestat] (25, 50, 75) percentile: (191, 253, 330)
[M::mem_pestat] low and high boundaries for computing mean and std.dev: (1, 608)
[M::mem_pestat] mean and std.dev: (265.55, 101.83)
[M::mem_pestat] low and high boundaries for proper pairs: (1, 747)
[M::mem_pestat] analyzing insert size distribution for orientation RF...
[M::mem_pestat] (25, 50, 75) percentile: (220, 404, 1483)
[M::mem_pestat] low and high boundaries for computing mean and std.dev: (1, 4009)
[M::mem_pestat] mean and std.dev: (693.04, 847.66)
[M::mem_pestat] low and high boundaries for proper pairs: (1, 5272)
[M::mem_pestat] analyzing insert size distribution for orientation RR...
[M::mem_pestat] (25, 50, 75) percentile: (361, 361, 4188)
[M::mem_pestat] low and high boundaries for computing mean and std.dev: (1, 11842)
[M::mem_pestat] mean and std.dev: (1592.54, 1866.57)
[M::mem_pestat] low and high boundaries for proper pairs: (1, 15669)
[M::mem_pestat] skip orientation FF
[M::mem_pestat] skip orientation RF
[M::mem_pestat] skip orientation RR
[M::mem_process_seqs] Processed 2814042 reads in 3341.290 CPU sec, 83.872 real sec
[M::process] read 2819118 sequences (400000194 bp)...
[M::mem_pestat] # candidate unique pairs for (FF, FR, RF, RR): (14, 778260, 81, 11)
[M::mem_pestat] analyzing insert size distribution for orientation FF...
[M::mem_pestat] (25, 50, 75) percentile: (260, 433, 1521)
[M::mem_pestat] low and high boundaries for computing mean and std.dev: (1, 4043)
[M::mem_pestat] mean and std.dev: (841.77, 959.22)
[M::mem_pestat] low and high boundaries for proper pairs: (1, 5304)
[M::mem_pestat] analyzing insert size distribution for orientation FR...
[M::mem_pestat] (25, 50, 75) percentile: (196, 260, 337)
[M::mem_pestat] low and high boundaries for computing mean and std.dev: (1, 619)
[M::mem_pestat] mean and std.dev: (271.73, 102.85)
[M::mem_pestat] low and high boundaries for proper pairs: (1, 760)
[M::mem_pestat] analyzing insert size distribution for orientation RF...
[M::mem_pestat] (25, 50, 75) percentile: (112, 371, 1810)
[M::mem_pestat] low and high boundaries for computing mean and std.dev: (1, 5206)
[M::mem_pestat] mean and std.dev: (798.09, 1075.70)
[M::mem_pestat] low and high boundaries for proper pairs: (1, 6904)
[M::mem_pestat] analyzing insert size distribution for orientation RR...
[M::mem_pestat] (25, 50, 75) percentile: (553, 989, 3383)
[M::mem_pestat] low and high boundaries for computing mean and std.dev: (1, 9043)
[M::mem_pestat] mean and std.dev: (1874.45, 1942.36)
[M::mem_pestat] low and high boundaries for proper pairs: (1, 11873)
[M::mem_pestat] skip orientation FF
[M::mem_pestat] skip orientation RF
[M::mem_pestat] skip orientation RR
[M::mem_process_seqs] Processed 2805876 reads in 3357.903 CPU sec, 84.223 real sec
[M::process] read 2835300 sequences (400000065 bp)...
[M::mem_pestat] # candidate unique pairs for (FF, FR, RF, RR): (18, 776971, 95, 20)
[M::mem_pestat] analyzing insert size distribution for orientation FF...
[M::mem_pestat] (25, 50, 75) percentile: (229, 842, 4568)
[M::mem_pestat] low and high boundaries for computing mean and std.dev: (1, 13246)
[M::mem_pestat] mean and std.dev: (2247.83, 3029.17)
[M::mem_pestat] low and high boundaries for proper pairs: (1, 17585)
[M::mem_pestat] analyzing insert size distribution for orientation FR...
[M::mem_pestat] (25, 50, 75) percentile: (197, 261, 339)
[M::mem_pestat] low and high boundaries for computing mean and std.dev: (1, 623)
[M::mem_pestat] mean and std.dev: (273.02, 103.16)
[M::mem_pestat] low and high boundaries for proper pairs: (1, 765)
[M::mem_pestat] analyzing insert size distribution for orientation RF...
[M::mem_pestat] (25, 50, 75) percentile: (160, 376, 1580)
[M::mem_pestat] low and high boundaries for computing mean and std.dev: (1, 4420)
[M::mem_pestat] mean and std.dev: (783.16, 998.38)
[M::mem_pestat] low and high boundaries for proper pairs: (1, 5840)
[M::mem_pestat] analyzing insert size distribution for orientation RR...
[M::mem_pestat] (25, 50, 75) percentile: (222, 258, 1050)
[M::mem_pestat] low and high boundaries for computing mean and std.dev: (1, 2706)
[M::mem_pestat] mean and std.dev: (333.00, 382.89)
[M::mem_pestat] low and high boundaries for proper pairs: (1, 3534)
[M::mem_pestat] skip orientation FF
[M::mem_pestat] skip orientation RF
[M::mem_pestat] skip orientation RR
[M::mem_process_seqs] Processed 2819118 reads in 3397.465 CPU sec, 85.212 real sec
[M::process] read 2833576 sequences (400000209 bp)...
[M::mem_pestat] # candidate unique pairs for (FF, FR, RF, RR): (12, 777036, 90, 20)
[M::mem_pestat] analyzing insert size distribution for orientation FF...
[M::mem_pestat] (25, 50, 75) percentile: (113, 2008, 4136)
[M::mem_pestat] low and high boundaries for computing mean and std.dev: (1, 12182)
[M::mem_pestat] mean and std.dev: (2342.00, 2972.91)
[M::mem_pestat] low and high boundaries for proper pairs: (1, 16205)
[M::mem_pestat] analyzing insert size distribution for orientation FR...
[M::mem_pestat] (25, 50, 75) percentile: (195, 258, 337)
[M::mem_pestat] low and high boundaries for computing mean and std.dev: (1, 621)
[M::mem_pestat] mean and std.dev: (270.88, 103.56)
[M::mem_pestat] low and high boundaries for proper pairs: (1, 763)
[M::mem_pestat] analyzing insert size distribution for orientation RF...
[M::mem_pestat] (25, 50, 75) percentile: (123, 364, 1244)
[M::mem_pestat] low and high boundaries for computing mean and std.dev: (1, 3486)
[M::mem_pestat] mean and std.dev: (590.44, 751.40)
[M::mem_pestat] low and high boundaries for proper pairs: (1, 4607)
[M::mem_pestat] analyzing insert size distribution for orientation RR...
[M::mem_pestat] (25, 50, 75) percentile: (196, 1674, 6083)
[M::mem_pestat] low and high boundaries for computing mean and std.dev: (1, 17857)
[M::mem_pestat] mean and std.dev: (2913.00, 3004.69)
[M::mem_pestat] low and high boundaries for proper pairs: (1, 23744)
[M::mem_pestat] skip orientation FF
[M::mem_pestat] skip orientation RF
[M::mem_pestat] skip orientation RR
[M::mem_process_seqs] Processed 2835300 reads in 3348.645 CPU sec, 83.981 real sec
[M::process] read 2828374 sequences (400000233 bp)...
[M::mem_pestat] # candidate unique pairs for (FF, FR, RF, RR): (11, 778660, 92, 9)
[M::mem_pestat] analyzing insert size distribution for orientation FF...
[M::mem_pestat] (25, 50, 75) percentile: (221, 221, 1436)
[M::mem_pestat] low and high boundaries for computing mean and std.dev: (1, 3866)
[M::mem_pestat] mean and std.dev: (485.40, 505.91)
[M::mem_pestat] low and high boundaries for proper pairs: (1, 5081)
[M::mem_pestat] analyzing insert size distribution for orientation FR...
[M::mem_pestat] (25, 50, 75) percentile: (196, 261, 341)
[M::mem_pestat] low and high boundaries for computing mean and std.dev: (1, 631)
[M::mem_pestat] mean and std.dev: (273.46, 104.91)
[M::mem_pestat] low and high boundaries for proper pairs: (1, 776)
[M::mem_pestat] analyzing insert size distribution for orientation RF...
[M::mem_pestat] (25, 50, 75) percentile: (223, 699, 3081)
[M::mem_pestat] low and high boundaries for computing mean and std.dev: (1, 8797)
[M::mem_pestat] mean and std.dev: (1741.39, 2383.79)
[M::mem_pestat] low and high boundaries for proper pairs: (1, 11655)
[M::mem_pestat] skip orientation RR as there are not enough pairs
[M::mem_pestat] skip orientation FF
[M::mem_pestat] skip orientation RF
[M::mem_process_seqs] Processed 2833576 reads in 3384.247 CPU sec, 84.879 real sec
[M::process] read 2825318 sequences (400000162 bp)...
[M::mem_pestat] # candidate unique pairs for (FF, FR, RF, RR): (18, 777878, 93, 19)
[M::mem_pestat] analyzing insert size distribution for orientation FF...
[M::mem_pestat] (25, 50, 75) percentile: (1486, 2409, 3372)
[M::mem_pestat] low and high boundaries for computing mean and std.dev: (1, 7144)
[M::mem_pestat] mean and std.dev: (2089.62, 1078.29)
[M::mem_pestat] low and high boundaries for proper pairs: (1, 9030)
[M::mem_pestat] analyzing insert size distribution for orientation FR...
[M::mem_pestat] (25, 50, 75) percentile: (195, 258, 337)
[M::mem_pestat] low and high boundaries for computing mean and std.dev: (1, 621)
[M::mem_pestat] mean and std.dev: (270.54, 103.37)
[M::mem_pestat] low and high boundaries for proper pairs: (1, 763)
[M::mem_pestat] analyzing insert size distribution for orientation RF...
[M::mem_pestat] (25, 50, 75) percentile: (186, 262, 2140)
[M::mem_pestat] low and high boundaries for computing mean and std.dev: (1, 6048)
[M::mem_pestat] mean and std.dev: (1082.80, 1403.03)
[M::mem_pestat] low and high boundaries for proper pairs: (1, 8002)
[M::mem_pestat] analyzing insert size distribution for orientation RR...
[M::mem_pestat] (25, 50, 75) percentile: (154, 420, 795)
[M::mem_pestat] low and high boundaries for computing mean and std.dev: (1, 2077)
[M::mem_pestat] mean and std.dev: (402.69, 308.62)
[M::mem_pestat] low and high boundaries for proper pairs: (1, 2718)
[M::mem_pestat] skip orientation FF
[M::mem_pestat] skip orientation RF
[M::mem_pestat] skip orientation RR
[M::mem_process_seqs] Processed 2828374 reads in 3367.167 CPU sec, 84.512 real sec
[M::process] read 2833196 sequences (400000151 bp)...
[M::mem_pestat] # candidate unique pairs for (FF, FR, RF, RR): (20, 778762, 86, 6)
[M::mem_pestat] analyzing insert size distribution for orientation FF...
[M::mem_pestat] (25, 50, 75) percentile: (231, 312, 1356)
[M::mem_pestat] low and high boundaries for computing mean and std.dev: (1, 3606)
[M::mem_pestat] mean and std.dev: (678.16, 663.65)
[M::mem_pestat] low and high boundaries for proper pairs: (1, 4731)
[M::mem_pestat] analyzing insert size distribution for orientation FR...
[M::mem_pestat] (25, 50, 75) percentile: (197, 261, 341)
[M::mem_pestat] low and high boundaries for computing mean and std.dev: (1, 629)
[M::mem_pestat] mean and std.dev: (273.78, 104.95)
[M::mem_pestat] low and high boundaries for proper pairs: (1, 773)
[M::mem_pestat] analyzing insert size distribution for orientation RF...
[M::mem_pestat] (25, 50, 75) percentile: (131, 231, 1036)
[M::mem_pestat] low and high boundaries for computing mean and std.dev: (1, 2846)
[M::mem_pestat] mean and std.dev: (522.64, 641.21)
[M::mem_pestat] low and high boundaries for proper pairs: (1, 3751)
[M::mem_pestat] skip orientation RR as there are not enough pairs
[M::mem_pestat] skip orientation FF
[M::mem_pestat] skip orientation RF
[M::mem_process_seqs] Processed 2825318 reads in 3357.306 CPU sec, 84.396 real sec
[M::process] read 2826534 sequences (400000272 bp)...
[M::mem_pestat] # candidate unique pairs for (FF, FR, RF, RR): (10, 777201, 100, 16)
[M::mem_pestat] analyzing insert size distribution for orientation FF...
[M::mem_pestat] (25, 50, 75) percentile: (221, 3675, 8980)
[M::mem_pestat] low and high boundaries for computing mean and std.dev: (1, 26498)
[M::mem_pestat] mean and std.dev: (3789.00, 3667.03)
[M::mem_pestat] low and high boundaries for proper pairs: (1, 35257)
[M::mem_pestat] analyzing insert size distribution for orientation FR...
[M::mem_pestat] (25, 50, 75) percentile: (194, 257, 335)
[M::mem_pestat] low and high boundaries for computing mean and std.dev: (1, 617)
[M::mem_pestat] mean and std.dev: (269.25, 102.78)
[M::mem_pestat] low and high boundaries for proper pairs: (1, 758)
[M::mem_pestat] analyzing insert size distribution for orientation RF...
[M::mem_pestat] (25, 50, 75) percentile: (214, 397, 1271)
[M::mem_pestat] low and high boundaries for computing mean and std.dev: (1, 3385)
[M::mem_pestat] mean and std.dev: (674.59, 692.58)
[M::mem_pestat] low and high boundaries for proper pairs: (1, 4442)
[M::mem_pestat] analyzing insert size distribution for orientation RR...
[M::mem_pestat] (25, 50, 75) percentile: (442, 652, 5777)
[M::mem_pestat] low and high boundaries for computing mean and std.dev: (1, 16447)
[M::mem_pestat] mean and std.dev: (2740.94, 2891.03)
[M::mem_pestat] low and high boundaries for proper pairs: (1, 21782)
[M::mem_pestat] skip orientation FF
[M::mem_pestat] skip orientation RF
[M::mem_pestat] skip orientation RR
[M::mem_process_seqs] Processed 2833196 reads in 3342.455 CPU sec, 83.857 real sec
[M::process] read 2835554 sequences (400000127 bp)...
[M::mem_pestat] # candidate unique pairs for (FF, FR, RF, RR): (16, 780735, 95, 18)
[M::mem_pestat] analyzing insert size distribution for orientation FF...
[M::mem_pestat] (25, 50, 75) percentile: (221, 1806, 2386)
[M::mem_pestat] low and high boundaries for computing mean and std.dev: (1, 6716)
[M::mem_pestat] mean and std.dev: (1383.71, 1357.04)
[M::mem_pestat] low and high boundaries for proper pairs: (1, 8881)
[M::mem_pestat] analyzing insert size distribution for orientation FR...
[M::mem_pestat] (25, 50, 75) percentile: (197, 261, 341)
[M::mem_pestat] low and high boundaries for computing mean and std.dev: (1, 629)
[M::mem_pestat] mean and std.dev: (273.64, 104.85)
[M::mem_pestat] low and high boundaries for proper pairs: (1, 773)
[M::mem_pestat] analyzing insert size distribution for orientation RF...
[M::mem_pestat] (25, 50, 75) percentile: (168, 383, 1530)
[M::mem_pestat] low and high boundaries for computing mean and std.dev: (1, 4254)
[M::mem_pestat] mean and std.dev: (770.27, 1008.72)
[M::mem_pestat] low and high boundaries for proper pairs: (1, 5616)
[M::mem_pestat] analyzing insert size distribution for orientation RR...
[M::mem_pestat] (25, 50, 75) percentile: (208, 1809, 4439)
[M::mem_pestat] low and high boundaries for computing mean and std.dev: (1, 12901)
[M::mem_pestat] mean and std.dev: (2144.56, 2036.38)
[M::mem_pestat] low and high boundaries for proper pairs: (1, 17132)
[M::mem_pestat] skip orientation FF
[M::mem_pestat] skip orientation RF
[M::mem_pestat] skip orientation RR
[M::mem_process_seqs] Processed 2826534 reads in 3388.986 CPU sec, 84.956 real sec
[M::process] read 2813804 sequences (400000114 bp)...
[M::mem_pestat] # candidate unique pairs for (FF, FR, RF, RR): (10, 778375, 67, 16)
[M::mem_pestat] analyzing insert size distribution for orientation FF...
[M::mem_pestat] (25, 50, 75) percentile: (104, 187, 3758)
[M::mem_pestat] low and high boundaries for computing mean and std.dev: (1, 11066)
[M::mem_pestat] mean and std.dev: (1230.20, 1655.83)
[M::mem_pestat] low and high boundaries for proper pairs: (1, 14720)
[M::mem_pestat] analyzing insert size distribution for orientation FR...
[M::mem_pestat] (25, 50, 75) percentile: (193, 256, 334)
[M::mem_pestat] low and high boundaries for computing mean and std.dev: (1, 616)
[M::mem_pestat] mean and std.dev: (268.19, 103.05)
[M::mem_pestat] low and high boundaries for proper pairs: (1, 757)
[M::mem_pestat] analyzing insert size distribution for orientation RF...
[M::mem_pestat] (25, 50, 75) percentile: (174, 1041, 3565)
[M::mem_pestat] low and high boundaries for computing mean and std.dev: (1, 10347)
[M::mem_pestat] mean and std.dev: (1843.81, 2206.36)
[M::mem_pestat] low and high boundaries for proper pairs: (1, 13738)
[M::mem_pestat] analyzing insert size distribution for orientation RR...
[M::mem_pestat] (25, 50, 75) percentile: (197, 355, 1778)
[M::mem_pestat] low and high boundaries for computing mean and std.dev: (1, 4940)
[M::mem_pestat] mean and std.dev: (956.19, 1247.03)
[M::mem_pestat] low and high boundaries for proper pairs: (1, 6521)
[M::mem_pestat] skip orientation FF
[M::mem_pestat] skip orientation RF
[M::mem_pestat] skip orientation RR
[M::mem_process_seqs] Processed 2835554 reads in 3425.433 CPU sec, 85.886 real sec
[M::process] read 2814518 sequences (400000093 bp)...
[M::mem_pestat] # candidate unique pairs for (FF, FR, RF, RR): (17, 777955, 113, 22)
[M::mem_pestat] analyzing insert size distribution for orientation FF...
[M::mem_pestat] (25, 50, 75) percentile: (124, 3057, 4180)
[M::mem_pestat] low and high boundaries for computing mean and std.dev: (1, 12292)
[M::mem_pestat] mean and std.dev: (2262.29, 1923.53)
[M::mem_pestat] low and high boundaries for proper pairs: (1, 16348)
[M::mem_pestat] analyzing insert size distribution for orientation FR...
[M::mem_pestat] (25, 50, 75) percentile: (197, 261, 341)
[M::mem_pestat] low and high boundaries for computing mean and std.dev: (1, 629)
[M::mem_pestat] mean and std.dev: (273.77, 104.89)
[M::mem_pestat] low and high boundaries for proper pairs: (1, 773)
[M::mem_pestat] analyzing insert size distribution for orientation RF...
[M::mem_pestat] (25, 50, 75) percentile: (109, 281, 1855)
[M::mem_pestat] low and high boundaries for computing mean and std.dev: (1, 5347)
[M::mem_pestat] mean and std.dev: (718.43, 976.31)
[M::mem_pestat] low and high boundaries for proper pairs: (1, 7093)
[M::mem_pestat] analyzing insert size distribution for orientation RR...
[M::mem_pestat] (25, 50, 75) percentile: (188, 1491, 9533)
[M::mem_pestat] low and high boundaries for computing mean and std.dev: (1, 28223)
[M::mem_pestat] mean and std.dev: (3683.68, 4004.13)
[M::mem_pestat] low and high boundaries for proper pairs: (1, 37568)
[M::mem_pestat] skip orientation FF
[M::mem_pestat] skip orientation RF
[M::mem_pestat] skip orientation RR
[M::mem_process_seqs] Processed 2813804 reads in 3366.520 CPU sec, 84.224 real sec
[M::process] read 2807026 sequences (400000111 bp)...
[M::mem_pestat] # candidate unique pairs for (FF, FR, RF, RR): (12, 780465, 74, 21)
[M::mem_pestat] analyzing insert size distribution for orientation FF...
[M::mem_pestat] (25, 50, 75) percentile: (506, 1913, 3014)
[M::mem_pestat] low and high boundaries for computing mean and std.dev: (1, 8030)
[M::mem_pestat] mean and std.dev: (2053.00, 1927.96)
[M::mem_pestat] low and high boundaries for proper pairs: (1, 10538)
[M::mem_pestat] analyzing insert size distribution for orientation FR...
[M::mem_pestat] (25, 50, 75) percentile: (193, 255, 333)
[M::mem_pestat] low and high boundaries for computing mean and std.dev: (1, 613)
[M::mem_pestat] mean and std.dev: (268.02, 102.93)
[M::mem_pestat] low and high boundaries for proper pairs: (1, 753)
[M::mem_pestat] analyzing insert size distribution for orientation RF...
[M::mem_pestat] (25, 50, 75) percentile: (111, 399, 1637)
[M::mem_pestat] low and high boundaries for computing mean and std.dev: (1, 4689)
[M::mem_pestat] mean and std.dev: (696.52, 808.46)
[M::mem_pestat] low and high boundaries for proper pairs: (1, 6215)
[M::mem_pestat] analyzing insert size distribution for orientation RR...
[M::mem_pestat] (25, 50, 75) percentile: (166, 280, 3269)
[M::mem_pestat] low and high boundaries for computing mean and std.dev: (1, 9475)
[M::mem_pestat] mean and std.dev: (1089.57, 1426.23)
[M::mem_pestat] low and high boundaries for proper pairs: (1, 12578)
[M::mem_pestat] skip orientation FF
[M::mem_pestat] skip orientation RF
[M::mem_pestat] skip orientation RR
[M::mem_process_seqs] Processed 2814518 reads in 3558.982 CPU sec, 95.348 real sec
[M::process] read 2807680 sequences (400000159 bp)...
[M::mem_pestat] # candidate unique pairs for (FF, FR, RF, RR): (18, 778609, 89, 14)
[M::mem_pestat] analyzing insert size distribution for orientation FF...
[M::mem_pestat] (25, 50, 75) percentile: (213, 270, 798)
[M::mem_pestat] low and high boundaries for computing mean and std.dev: (1, 1968)
[M::mem_pestat] mean and std.dev: (559.17, 504.41)
[M::mem_pestat] low and high boundaries for proper pairs: (1, 2577)
[M::mem_pestat] analyzing insert size distribution for orientation FR...
[M::mem_pestat] (25, 50, 75) percentile: (197, 260, 336)
[M::mem_pestat] low and high boundaries for computing mean and std.dev: (1, 614)
[M::mem_pestat] mean and std.dev: (271.19, 102.02)
[M::mem_pestat] low and high boundaries for proper pairs: (1, 753)
[M::mem_pestat] analyzing insert size distribution for orientation RF...
[M::mem_pestat] (25, 50, 75) percentile: (130, 341, 1515)
[M::mem_pestat] low and high boundaries for computing mean and std.dev: (1, 4285)
[M::mem_pestat] mean and std.dev: (713.65, 932.53)
[M::mem_pestat] low and high boundaries for proper pairs: (1, 5670)
[M::mem_pestat] analyzing insert size distribution for orientation RR...
[M::mem_pestat] (25, 50, 75) percentile: (192, 246, 1732)
[M::mem_pestat] low and high boundaries for computing mean and std.dev: (1, 4812)
[M::mem_pestat] mean and std.dev: (844.93, 1131.65)
[M::mem_pestat] low and high boundaries for proper pairs: (1, 6352)
[M::mem_pestat] skip orientation FF
[M::mem_pestat] skip orientation RF
[M::mem_pestat] skip orientation RR
[M::mem_process_seqs] Processed 2807026 reads in 3353.849 CPU sec, 84.142 real sec
[M::process] read 2805904 sequences (400000027 bp)...
[M::mem_pestat] # candidate unique pairs for (FF, FR, RF, RR): (9, 778195, 92, 11)
[M::mem_pestat] skip orientation FF as there are not enough pairs
[M::mem_pestat] analyzing insert size distribution for orientation FR...
[M::mem_pestat] (25, 50, 75) percentile: (194, 256, 334)
[M::mem_pestat] low and high boundaries for computing mean and std.dev: (1, 614)
[M::mem_pestat] mean and std.dev: (268.85, 102.75)
[M::mem_pestat] low and high boundaries for proper pairs: (1, 754)
[M::mem_pestat] analyzing insert size distribution for orientation RF...
[M::mem_pestat] (25, 50, 75) percentile: (159, 266, 2070)
[M::mem_pestat] low and high boundaries for computing mean and std.dev: (1, 5892)
[M::mem_pestat] mean and std.dev: (864.66, 1268.93)
[M::mem_pestat] low and high boundaries for proper pairs: (1, 7803)
[M::mem_pestat] analyzing insert size distribution for orientation RR...
[M::mem_pestat] (25, 50, 75) percentile: (167, 411, 4115)
[M::mem_pestat] low and high boundaries for computing mean and std.dev: (1, 12011)
[M::mem_pestat] mean and std.dev: (1873.18, 2857.54)
[M::mem_pestat] low and high boundaries for proper pairs: (1, 15959)
[M::mem_pestat] skip orientation RF
[M::mem_pestat] skip orientation RR
[M::mem_process_seqs] Processed 2807680 reads in 3337.424 CPU sec, 83.723 real sec
[M::process] read 2811048 sequences (400000139 bp)...
[M::mem_pestat] # candidate unique pairs for (FF, FR, RF, RR): (8, 776808, 74, 12)
[M::mem_pestat] skip orientation FF as there are not enough pairs
[M::mem_pestat] analyzing insert size distribution for orientation FR...
[M::mem_pestat] (25, 50, 75) percentile: (197, 260, 337)
[M::mem_pestat] low and high boundaries for computing mean and std.dev: (1, 617)
[M::mem_pestat] mean and std.dev: (271.29, 102.20)
[M::mem_pestat] low and high boundaries for proper pairs: (1, 757)
[M::mem_pestat] analyzing insert size distribution for orientation RF...
[M::mem_pestat] (25, 50, 75) percentile: (223, 418, 1408)
[M::mem_pestat] low and high boundaries for computing mean and std.dev: (1, 3778)
[M::mem_pestat] mean and std.dev: (772.35, 845.15)
[M::mem_pestat] low and high boundaries for proper pairs: (1, 4963)
[M::mem_pestat] analyzing insert size distribution for orientation RR...
[M::mem_pestat] (25, 50, 75) percentile: (232, 499, 3846)
[M::mem_pestat] low and high boundaries for computing mean and std.dev: (1, 11074)
[M::mem_pestat] mean and std.dev: (1598.50, 2179.92)
[M::mem_pestat] low and high boundaries for proper pairs: (1, 14688)
[M::mem_pestat] skip orientation RF
[M::mem_pestat] skip orientation RR
[M::mem_process_seqs] Processed 2805904 reads in 3346.717 CPU sec, 83.694 real sec
[M::process] read 2805550 sequences (400000074 bp)...
[M::mem_pestat] # candidate unique pairs for (FF, FR, RF, RR): (13, 779300, 88, 11)
[M::mem_pestat] analyzing insert size distribution for orientation FF...
[M::mem_pestat] (25, 50, 75) percentile: (590, 4290, 5726)
[M::mem_pestat] low and high boundaries for computing mean and std.dev: (1, 15998)
[M::mem_pestat] mean and std.dev: (3894.69, 2792.99)
[M::mem_pestat] low and high boundaries for proper pairs: (1, 21134)
[M::mem_pestat] analyzing insert size distribution for orientation FR...
[M::mem_pestat] (25, 50, 75) percentile: (194, 257, 334)
[M::mem_pestat] low and high boundaries for computing mean and std.dev: (1, 614)
[M::mem_pestat] mean and std.dev: (269.11, 102.72)
[M::mem_pestat] low and high boundaries for proper pairs: (1, 754)
[M::mem_pestat] analyzing insert size distribution for orientation RF...
[M::mem_pestat] (25, 50, 75) percentile: (133, 270, 2286)
[M::mem_pestat] low and high boundaries for computing mean and std.dev: (1, 6592)
[M::mem_pestat] mean and std.dev: (865.12, 1349.70)
[M::mem_pestat] low and high boundaries for proper pairs: (1, 8745)
[M::mem_pestat] analyzing insert size distribution for orientation RR...
[M::mem_pestat] (25, 50, 75) percentile: (302, 2026, 7434)
[M::mem_pestat] low and high boundaries for computing mean and std.dev: (1, 21698)
[M::mem_pestat] mean and std.dev: (3894.09, 3445.35)
[M::mem_pestat] low and high boundaries for proper pairs: (1, 28830)
[M::mem_pestat] skip orientation FF
[M::mem_pestat] skip orientation RF
[M::mem_pestat] skip orientation RR
[M::mem_process_seqs] Processed 2811048 reads in 3336.214 CPU sec, 83.875 real sec
[M::process] read 2805538 sequences (400000023 bp)...
[M::mem_pestat] # candidate unique pairs for (FF, FR, RF, RR): (13, 777551, 80, 11)
[M::mem_pestat] analyzing insert size distribution for orientation FF...
[M::mem_pestat] (25, 50, 75) percentile: (195, 484, 1784)
[M::mem_pestat] low and high boundaries for computing mean and std.dev: (1, 4962)
[M::mem_pestat] mean and std.dev: (875.92, 933.36)
[M::mem_pestat] low and high boundaries for proper pairs: (1, 6551)
[M::mem_pestat] analyzing insert size distribution for orientation FR...
[M::mem_pestat] (25, 50, 75) percentile: (198, 261, 339)
[M::mem_pestat] low and high boundaries for computing mean and std.dev: (1, 621)
[M::mem_pestat] mean and std.dev: (273.09, 102.84)
[M::mem_pestat] low and high boundaries for proper pairs: (1, 762)
[M::mem_pestat] analyzing insert size distribution for orientation RF...
[M::mem_pestat] (25, 50, 75) percentile: (190, 241, 1444)
[M::mem_pestat] low and high boundaries for computing mean and std.dev: (1, 3952)
[M::mem_pestat] mean and std.dev: (547.49, 711.37)
[M::mem_pestat] low and high boundaries for proper pairs: (1, 5206)
[M::mem_pestat] analyzing insert size distribution for orientation RR...
[M::mem_pestat] (25, 50, 75) percentile: (671, 2025, 4329)
[M::mem_pestat] low and high boundaries for computing mean and std.dev: (1, 11645)
[M::mem_pestat] mean and std.dev: (2400.09, 2749.02)
[M::mem_pestat] low and high boundaries for proper pairs: (1, 15303)
[M::mem_pestat] skip orientation FF
[M::mem_pestat] skip orientation RF
[M::mem_pestat] skip orientation RR
[M::mem_process_seqs] Processed 2805550 reads in 3328.858 CPU sec, 83.457 real sec
[M::process] read 2798836 sequences (400000074 bp)...
[M::mem_pestat] # candidate unique pairs for (FF, FR, RF, RR): (6, 778192, 86, 9)
[M::mem_pestat] skip orientation FF as there are not enough pairs
[M::mem_pestat] analyzing insert size distribution for orientation FR...
[M::mem_pestat] (25, 50, 75) percentile: (194, 257, 334)
[M::mem_pestat] low and high boundaries for computing mean and std.dev: (1, 614)
[M::mem_pestat] mean and std.dev: (268.97, 102.88)
[M::mem_pestat] low and high boundaries for proper pairs: (1, 754)
[M::mem_pestat] analyzing insert size distribution for orientation RF...
[M::mem_pestat] (25, 50, 75) percentile: (199, 673, 2068)
[M::mem_pestat] low and high boundaries for computing mean and std.dev: (1, 5806)
[M::mem_pestat] mean and std.dev: (1181.83, 1335.96)
[M::mem_pestat] low and high boundaries for proper pairs: (1, 7675)
[M::mem_pestat] skip orientation RR as there are not enough pairs
[M::mem_pestat] skip orientation RF
[M::mem_process_seqs] Processed 2805538 reads in 3311.682 CPU sec, 83.088 real sec
[M::process] read 2818922 sequences (400000100 bp)...
[M::mem_pestat] # candidate unique pairs for (FF, FR, RF, RR): (15, 775796, 88, 21)
[M::mem_pestat] analyzing insert size distribution for orientation FF...
[M::mem_pestat] (25, 50, 75) percentile: (60, 123, 1477)
[M::mem_pestat] low and high boundaries for computing mean and std.dev: (1, 4311)
[M::mem_pestat] mean and std.dev: (321.31, 499.54)
[M::mem_pestat] low and high boundaries for proper pairs: (1, 5728)
[M::mem_pestat] analyzing insert size distribution for orientation FR...
[M::mem_pestat] (25, 50, 75) percentile: (197, 262, 340)
[M::mem_pestat] low and high boundaries for computing mean and std.dev: (1, 626)
[M::mem_pestat] mean and std.dev: (273.52, 103.55)
[M::mem_pestat] low and high boundaries for proper pairs: (1, 769)
[M::mem_pestat] analyzing insert size distribution for orientation RF...
[M::mem_pestat] (25, 50, 75) percentile: (128, 327, 1925)
[M::mem_pestat] low and high boundaries for computing mean and std.dev: (1, 5519)
[M::mem_pestat] mean and std.dev: (1032.84, 1253.25)
[M::mem_pestat] low and high boundaries for proper pairs: (1, 7316)
[M::mem_pestat] analyzing insert size distribution for orientation RR...
[M::mem_pestat] (25, 50, 75) percentile: (123, 353, 2178)
[M::mem_pestat] low and high boundaries for computing mean and std.dev: (1, 6288)
[M::mem_pestat] mean and std.dev: (934.38, 1122.01)
[M::mem_pestat] low and high boundaries for proper pairs: (1, 8343)
[M::mem_pestat] skip orientation FF
[M::mem_pestat] skip orientation RF
[M::mem_pestat] skip orientation RR
[M::mem_process_seqs] Processed 2798836 reads in 3340.446 CPU sec, 83.589 real sec
[M::process] read 2830114 sequences (400000161 bp)...
[M::mem_pestat] # candidate unique pairs for (FF, FR, RF, RR): (17, 777749, 70, 4)
[M::mem_pestat] analyzing insert size distribution for orientation FF...
[M::mem_pestat] (25, 50, 75) percentile: (240, 391, 3940)
[M::mem_pestat] low and high boundaries for computing mean and std.dev: (1, 11340)
[M::mem_pestat] mean and std.dev: (2122.35, 2922.41)
[M::mem_pestat] low and high boundaries for proper pairs: (1, 15040)
[M::mem_pestat] analyzing insert size distribution for orientation FR...
[M::mem_pestat] (25, 50, 75) percentile: (196, 260, 338)
[M::mem_pestat] low and high boundaries for computing mean and std.dev: (1, 622)
[M::mem_pestat] mean and std.dev: (272.26, 103.36)
[M::mem_pestat] low and high boundaries for proper pairs: (1, 764)
[M::mem_pestat] analyzing insert size distribution for orientation RF...
[M::mem_pestat] (25, 50, 75) percentile: (138, 350, 2208)
[M::mem_pestat] low and high boundaries for computing mean and std.dev: (1, 6348)
[M::mem_pestat] mean and std.dev: (1126.42, 1690.89)
[M::mem_pestat] low and high boundaries for proper pairs: (1, 8418)
[M::mem_pestat] skip orientation RR as there are not enough pairs
[M::mem_pestat] skip orientation FF
[M::mem_pestat] skip orientation RF
[M::mem_process_seqs] Processed 2818922 reads in 3368.835 CPU sec, 84.480 real sec
[M::process] read 2831002 sequences (400000095 bp)...
[M::mem_pestat] # candidate unique pairs for (FF, FR, RF, RR): (12, 778366, 99, 6)
[M::mem_pestat] analyzing insert size distribution for orientation FF...
[M::mem_pestat] (25, 50, 75) percentile: (224, 824, 2093)
[M::mem_pestat] low and high boundaries for computing mean and std.dev: (1, 5831)
[M::mem_pestat] mean and std.dev: (836.82, 774.75)
[M::mem_pestat] low and high boundaries for proper pairs: (1, 7700)
[M::mem_pestat] analyzing insert size distribution for orientation FR...
[M::mem_pestat] (25, 50, 75) percentile: (195, 259, 338)
[M::mem_pestat] low and high boundaries for computing mean and std.dev: (1, 624)
[M::mem_pestat] mean and std.dev: (271.23, 103.99)
[M::mem_pestat] low and high boundaries for proper pairs: (1, 767)
[M::mem_pestat] analyzing insert size distribution for orientation RF...
[M::mem_pestat] (25, 50, 75) percentile: (172, 230, 1562)
[M::mem_pestat] low and high boundaries for computing mean and std.dev: (1, 4342)
[M::mem_pestat] mean and std.dev: (862.15, 1123.29)
[M::mem_pestat] low and high boundaries for proper pairs: (1, 5732)
[M::mem_pestat] skip orientation RR as there are not enough pairs
[M::mem_pestat] skip orientation FF
[M::mem_pestat] skip orientation RF
[M::mem_process_seqs] Processed 2830114 reads in 3349.873 CPU sec, 84.183 real sec
[M::process] read 2827230 sequences (400000132 bp)...
[M::mem_pestat] # candidate unique pairs for (FF, FR, RF, RR): (8, 778940, 90, 11)
[M::mem_pestat] skip orientation FF as there are not enough pairs
[M::mem_pestat] analyzing insert size distribution for orientation FR...
[M::mem_pestat] (25, 50, 75) percentile: (196, 261, 340)
[M::mem_pestat] low and high boundaries for computing mean and std.dev: (1, 628)
[M::mem_pestat] mean and std.dev: (273.07, 104.36)
[M::mem_pestat] low and high boundaries for proper pairs: (1, 772)
[M::mem_pestat] analyzing insert size distribution for orientation RF...
[M::mem_pestat] (25, 50, 75) percentile: (206, 567, 1437)
[M::mem_pestat] low and high boundaries for computing mean and std.dev: (1, 3899)
[M::mem_pestat] mean and std.dev: (712.38, 736.85)
[M::mem_pestat] low and high boundaries for proper pairs: (1, 5130)
[M::mem_pestat] analyzing insert size distribution for orientation RR...
[M::mem_pestat] (25, 50, 75) percentile: (97, 242, 755)
[M::mem_pestat] low and high boundaries for computing mean and std.dev: (1, 2071)
[M::mem_pestat] mean and std.dev: (241.67, 218.64)
[M::mem_pestat] low and high boundaries for proper pairs: (1, 2729)
[M::mem_pestat] skip orientation RF
[M::mem_pestat] skip orientation RR
[M::mem_process_seqs] Processed 2831002 reads in 3382.234 CPU sec, 84.880 real sec
[M::process] read 2824920 sequences (400000223 bp)...
[M::mem_pestat] # candidate unique pairs for (FF, FR, RF, RR): (12, 779692, 92, 9)
[M::mem_pestat] analyzing insert size distribution for orientation FF...
[M::mem_pestat] (25, 50, 75) percentile: (275, 1056, 3474)
[M::mem_pestat] low and high boundaries for computing mean and std.dev: (1, 9872)
[M::mem_pestat] mean and std.dev: (1741.42, 2394.52)
[M::mem_pestat] low and high boundaries for proper pairs: (1, 13071)
[M::mem_pestat] analyzing insert size distribution for orientation FR...
[M::mem_pestat] (25, 50, 75) percentile: (195, 259, 338)
[M::mem_pestat] low and high boundaries for computing mean and std.dev: (1, 624)
[M::mem_pestat] mean and std.dev: (271.64, 104.01)
[M::mem_pestat] low and high boundaries for proper pairs: (1, 767)
[M::mem_pestat] analyzing insert size distribution for orientation RF...
[M::mem_pestat] (25, 50, 75) percentile: (183, 427, 1979)
[M::mem_pestat] low and high boundaries for computing mean and std.dev: (1, 5571)
[M::mem_pestat] mean and std.dev: (1006.40, 1247.09)
[M::mem_pestat] low and high boundaries for proper pairs: (1, 7367)
[M::mem_pestat] skip orientation RR as there are not enough pairs
[M::mem_pestat] skip orientation FF
[M::mem_pestat] skip orientation RF
[M::mem_process_seqs] Processed 2827230 reads in 3336.682 CPU sec, 83.476 real sec
[M::process] read 2829662 sequences (400000270 bp)...
[M::mem_pestat] # candidate unique pairs for (FF, FR, RF, RR): (7, 777171, 90, 11)
[M::mem_pestat] skip orientation FF as there are not enough pairs
[M::mem_pestat] analyzing insert size distribution for orientation FR...
[M::mem_pestat] (25, 50, 75) percentile: (196, 260, 340)
[M::mem_pestat] low and high boundaries for computing mean and std.dev: (1, 628)
[M::mem_pestat] mean and std.dev: (272.94, 104.69)
[M::mem_pestat] low and high boundaries for proper pairs: (1, 772)
[M::mem_pestat] analyzing insert size distribution for orientation RF...
[M::mem_pestat] (25, 50, 75) percentile: (134, 224, 1203)
[M::mem_pestat] low and high boundaries for computing mean and std.dev: (1, 3341)
[M::mem_pestat] mean and std.dev: (583.63, 815.08)
[M::mem_pestat] low and high boundaries for proper pairs: (1, 4410)
[M::mem_pestat] analyzing insert size distribution for orientation RR...
[M::mem_pestat] (25, 50, 75) percentile: (286, 444, 1957)
[M::mem_pestat] low and high boundaries for computing mean and std.dev: (1, 5299)
[M::mem_pestat] mean and std.dev: (636.11, 546.17)
[M::mem_pestat] low and high boundaries for proper pairs: (1, 6970)
[M::mem_pestat] skip orientation RF
[M::mem_pestat] skip orientation RR
[M::mem_process_seqs] Processed 2824920 reads in 3349.248 CPU sec, 84.069 real sec
[M::process] read 2828664 sequences (400000262 bp)...
[M::mem_pestat] # candidate unique pairs for (FF, FR, RF, RR): (15, 778408, 81, 14)
[M::mem_pestat] analyzing insert size distribution for orientation FF...
[M::mem_pestat] (25, 50, 75) percentile: (1887, 3163, 3163)
[M::mem_pestat] low and high boundaries for computing mean and std.dev: (1, 5715)
[M::mem_pestat] mean and std.dev: (2311.86, 1131.33)
[M::mem_pestat] low and high boundaries for proper pairs: (1, 6991)
[M::mem_pestat] analyzing insert size distribution for orientation FR...
[M::mem_pestat] (25, 50, 75) percentile: (196, 261, 340)
[M::mem_pestat] low and high boundaries for computing mean and std.dev: (1, 628)
[M::mem_pestat] mean and std.dev: (273.33, 104.64)
[M::mem_pestat] low and high boundaries for proper pairs: (1, 772)
[M::mem_pestat] analyzing insert size distribution for orientation RF...
[M::mem_pestat] (25, 50, 75) percentile: (89, 223, 1897)
[M::mem_pestat] low and high boundaries for computing mean and std.dev: (1, 5513)
[M::mem_pestat] mean and std.dev: (685.68, 1131.87)
[M::mem_pestat] low and high boundaries for proper pairs: (1, 7321)
[M::mem_pestat] analyzing insert size distribution for orientation RR...
[M::mem_pestat] (25, 50, 75) percentile: (293, 387, 777)
[M::mem_pestat] low and high boundaries for computing mean and std.dev: (1, 1745)
[M::mem_pestat] mean and std.dev: (404.36, 242.94)
[M::mem_pestat] low and high boundaries for proper pairs: (1, 2229)
[M::mem_pestat] skip orientation FF
[M::mem_pestat] skip orientation RF
[M::mem_pestat] skip orientation RR
[M::mem_process_seqs] Processed 2829662 reads in 3345.977 CPU sec, 83.920 real sec
[M::process] read 2812080 sequences (400000280 bp)...
[M::mem_pestat] # candidate unique pairs for (FF, FR, RF, RR): (26, 779022, 90, 15)
[M::mem_pestat] analyzing insert size distribution for orientation FF...
[M::mem_pestat] (25, 50, 75) percentile: (253, 854, 3099)
[M::mem_pestat] low and high boundaries for computing mean and std.dev: (1, 8791)
[M::mem_pestat] mean and std.dev: (1777.65, 2056.37)
[M::mem_pestat] low and high boundaries for proper pairs: (1, 11637)
[M::mem_pestat] analyzing insert size distribution for orientation FR...
[M::mem_pestat] (25, 50, 75) percentile: (196, 260, 339)
[M::mem_pestat] low and high boundaries for computing mean and std.dev: (1, 625)
[M::mem_pestat] mean and std.dev: (272.61, 104.58)
[M::mem_pestat] low and high boundaries for proper pairs: (1, 768)
[M::mem_pestat] analyzing insert size distribution for orientation RF...
[M::mem_pestat] (25, 50, 75) percentile: (141, 343, 1254)
[M::mem_pestat] low and high boundaries for computing mean and std.dev: (1, 3480)
[M::mem_pestat] mean and std.dev: (691.47, 883.59)
[M::mem_pestat] low and high boundaries for proper pairs: (1, 4593)
[M::mem_pestat] analyzing insert size distribution for orientation RR...
[M::mem_pestat] (25, 50, 75) percentile: (169, 348, 2671)
[M::mem_pestat] low and high boundaries for computing mean and std.dev: (1, 7675)
[M::mem_pestat] mean and std.dev: (1419.20, 1746.72)
[M::mem_pestat] low and high boundaries for proper pairs: (1, 10177)
[M::mem_pestat] skip orientation FF
[M::mem_pestat] skip orientation RF
[M::mem_pestat] skip orientation RR
[M::mem_process_seqs] Processed 2828664 reads in 3388.351 CPU sec, 84.981 real sec
[M::process] read 2814058 sequences (400000234 bp)...
[M::mem_pestat] # candidate unique pairs for (FF, FR, RF, RR): (10, 777415, 84, 19)
[M::mem_pestat] analyzing insert size distribution for orientation FF...
[M::mem_pestat] (25, 50, 75) percentile: (137, 164, 2703)
[M::mem_pestat] low and high boundaries for computing mean and std.dev: (1, 7835)
[M::mem_pestat] mean and std.dev: (1274.10, 1432.14)
[M::mem_pestat] low and high boundaries for proper pairs: (1, 10401)
[M::mem_pestat] analyzing insert size distribution for orientation FR...
[M::mem_pestat] (25, 50, 75) percentile: (196, 260, 340)
[M::mem_pestat] low and high boundaries for computing mean and std.dev: (1, 628)
[M::mem_pestat] mean and std.dev: (272.95, 104.62)
[M::mem_pestat] low and high boundaries for proper pairs: (1, 772)
[M::mem_pestat] analyzing insert size distribution for orientation RF...
[M::mem_pestat] (25, 50, 75) percentile: (108, 360, 1023)
[M::mem_pestat] low and high boundaries for computing mean and std.dev: (1, 2853)
[M::mem_pestat] mean and std.dev: (479.81, 615.52)
[M::mem_pestat] low and high boundaries for proper pairs: (1, 3768)
[M::mem_pestat] analyzing insert size distribution for orientation RR...
[M::mem_pestat] (25, 50, 75) percentile: (355, 1275, 1994)
[M::mem_pestat] low and high boundaries for computing mean and std.dev: (1, 5272)
[M::mem_pestat] mean and std.dev: (1316.82, 1256.19)
[M::mem_pestat] low and high boundaries for proper pairs: (1, 6911)
[M::mem_pestat] skip orientation FF
[M::mem_pestat] skip orientation RF
[M::mem_pestat] skip orientation RR
[M::mem_process_seqs] Processed 2812080 reads in 3353.196 CPU sec, 84.331 real sec
[M::process] read 2815026 sequences (400000078 bp)...
[M::mem_pestat] # candidate unique pairs for (FF, FR, RF, RR): (12, 778336, 85, 16)
[M::mem_pestat] analyzing insert size distribution for orientation FF...
[M::mem_pestat] (25, 50, 75) percentile: (910, 1602, 1602)
[M::mem_pestat] low and high boundaries for computing mean and std.dev: (1, 2986)
[M::mem_pestat] mean and std.dev: (1180.91, 625.09)
[M::mem_pestat] low and high boundaries for proper pairs: (1, 3681)
[M::mem_pestat] analyzing insert size distribution for orientation FR...
[M::mem_pestat] (25, 50, 75) percentile: (194, 258, 336)
[M::mem_pestat] low and high boundaries for computing mean and std.dev: (1, 620)
[M::mem_pestat] mean and std.dev: (270.24, 103.66)
[M::mem_pestat] low and high boundaries for proper pairs: (1, 762)
[M::mem_pestat] analyzing insert size distribution for orientation RF...
[M::mem_pestat] (25, 50, 75) percentile: (119, 541, 2047)
[M::mem_pestat] low and high boundaries for computing mean and std.dev: (1, 5903)
[M::mem_pestat] mean and std.dev: (1006.15, 1233.59)
[M::mem_pestat] low and high boundaries for proper pairs: (1, 7831)
[M::mem_pestat] analyzing insert size distribution for orientation RR...
[M::mem_pestat] (25, 50, 75) percentile: (181, 331, 3075)
[M::mem_pestat] low and high boundaries for computing mean and std.dev: (1, 8863)
[M::mem_pestat] mean and std.dev: (1577.27, 2318.93)
[M::mem_pestat] low and high boundaries for proper pairs: (1, 11757)
[M::mem_pestat] skip orientation FF
[M::mem_pestat] skip orientation RF
[M::mem_pestat] skip orientation RR
[M::mem_process_seqs] Processed 2814058 reads in 3345.920 CPU sec, 83.875 real sec
[M::process] read 2815668 sequences (400000064 bp)...
[M::mem_pestat] # candidate unique pairs for (FF, FR, RF, RR): (12, 777961, 79, 14)
[M::mem_pestat] analyzing insert size distribution for orientation FF...
[M::mem_pestat] (25, 50, 75) percentile: (171, 689, 2592)
[M::mem_pestat] low and high boundaries for computing mean and std.dev: (1, 7434)
[M::mem_pestat] mean and std.dev: (953.27, 1237.75)
[M::mem_pestat] low and high boundaries for proper pairs: (1, 9855)
[M::mem_pestat] analyzing insert size distribution for orientation FR...
[M::mem_pestat] (25, 50, 75) percentile: (192, 253, 327)
[M::mem_pestat] low and high boundaries for computing mean and std.dev: (1, 597)
[M::mem_pestat] mean and std.dev: (264.35, 99.11)
[M::mem_pestat] low and high boundaries for proper pairs: (1, 732)
[M::mem_pestat] analyzing insert size distribution for orientation RF...
[M::mem_pestat] (25, 50, 75) percentile: (223, 384, 2407)
[M::mem_pestat] low and high boundaries for computing mean and std.dev: (1, 6775)
[M::mem_pestat] mean and std.dev: (1366.32, 1935.57)
[M::mem_pestat] low and high boundaries for proper pairs: (1, 9109)
[M::mem_pestat] analyzing insert size distribution for orientation RR...
[M::mem_pestat] (25, 50, 75) percentile: (216, 2914, 3561)
[M::mem_pestat] low and high boundaries for computing mean and std.dev: (1, 10251)
[M::mem_pestat] mean and std.dev: (2652.93, 2093.21)
[M::mem_pestat] low and high boundaries for proper pairs: (1, 13596)
[M::mem_pestat] skip orientation FF
[M::mem_pestat] skip orientation RF
[M::mem_pestat] skip orientation RR
[M::mem_process_seqs] Processed 2815026 reads in 3640.213 CPU sec, 96.557 real sec
[M::process] read 2828800 sequences (400000127 bp)...
[M::mem_pestat] # candidate unique pairs for (FF, FR, RF, RR): (7, 778469, 93, 11)
[M::mem_pestat] skip orientation FF as there are not enough pairs
[M::mem_pestat] analyzing insert size distribution for orientation FR...
[M::mem_pestat] (25, 50, 75) percentile: (192, 252, 327)
[M::mem_pestat] low and high boundaries for computing mean and std.dev: (1, 597)
[M::mem_pestat] mean and std.dev: (263.79, 99.29)
[M::mem_pestat] low and high boundaries for proper pairs: (1, 732)
[M::mem_pestat] analyzing insert size distribution for orientation RF...
[M::mem_pestat] (25, 50, 75) percentile: (112, 369, 1228)
[M::mem_pestat] low and high boundaries for computing mean and std.dev: (1, 3460)
[M::mem_pestat] mean and std.dev: (662.26, 862.02)
[M::mem_pestat] low and high boundaries for proper pairs: (1, 4576)
[M::mem_pestat] analyzing insert size distribution for orientation RR...
[M::mem_pestat] (25, 50, 75) percentile: (530, 1464, 4361)
[M::mem_pestat] low and high boundaries for computing mean and std.dev: (1, 12023)
[M::mem_pestat] mean and std.dev: (2449.18, 2160.63)
[M::mem_pestat] low and high boundaries for proper pairs: (1, 15854)
[M::mem_pestat] skip orientation RF
[M::mem_pestat] skip orientation RR
[M::mem_process_seqs] Processed 2815668 reads in 3369.285 CPU sec, 84.677 real sec
[M::process] read 2837514 sequences (400000214 bp)...
[M::mem_pestat] # candidate unique pairs for (FF, FR, RF, RR): (20, 778365, 74, 13)
[M::mem_pestat] analyzing insert size distribution for orientation FF...
[M::mem_pestat] (25, 50, 75) percentile: (431, 1797, 4538)
[M::mem_pestat] low and high boundaries for computing mean and std.dev: (1, 12752)
[M::mem_pestat] mean and std.dev: (2624.75, 2576.06)
[M::mem_pestat] low and high boundaries for proper pairs: (1, 16859)
[M::mem_pestat] analyzing insert size distribution for orientation FR...
[M::mem_pestat] (25, 50, 75) percentile: (192, 252, 327)
[M::mem_pestat] low and high boundaries for computing mean and std.dev: (1, 597)
[M::mem_pestat] mean and std.dev: (263.88, 99.12)
[M::mem_pestat] low and high boundaries for proper pairs: (1, 732)
[M::mem_pestat] analyzing insert size distribution for orientation RF...
[M::mem_pestat] (25, 50, 75) percentile: (74, 224, 1320)
[M::mem_pestat] low and high boundaries for computing mean and std.dev: (1, 3812)
[M::mem_pestat] mean and std.dev: (610.66, 773.85)
[M::mem_pestat] low and high boundaries for proper pairs: (1, 5058)
[M::mem_pestat] analyzing insert size distribution for orientation RR...
[M::mem_pestat] (25, 50, 75) percentile: (405, 471, 954)
[M::mem_pestat] low and high boundaries for computing mean and std.dev: (1, 2052)
[M::mem_pestat] mean and std.dev: (542.64, 325.38)
[M::mem_pestat] low and high boundaries for proper pairs: (1, 2601)
[M::mem_pestat] skip orientation FF
[M::mem_pestat] skip orientation RF
[M::mem_pestat] skip orientation RR
[M::mem_process_seqs] Processed 2828800 reads in 3390.066 CPU sec, 84.798 real sec
[M::process] read 2830678 sequences (400000274 bp)...
[M::mem_pestat] # candidate unique pairs for (FF, FR, RF, RR): (13, 778607, 85, 13)
[M::mem_pestat] analyzing insert size distribution for orientation FF...
[M::mem_pestat] (25, 50, 75) percentile: (165, 206, 9270)
[M::mem_pestat] low and high boundaries for computing mean and std.dev: (1, 27480)
[M::mem_pestat] mean and std.dev: (2471.46, 3778.12)
[M::mem_pestat] low and high boundaries for proper pairs: (1, 36585)
[M::mem_pestat] analyzing insert size distribution for orientation FR...
[M::mem_pestat] (25, 50, 75) percentile: (190, 250, 324)
[M::mem_pestat] low and high boundaries for computing mean and std.dev: (1, 592)
[M::mem_pestat] mean and std.dev: (261.80, 98.95)
[M::mem_pestat] low and high boundaries for proper pairs: (1, 726)
[M::mem_pestat] analyzing insert size distribution for orientation RF...
[M::mem_pestat] (25, 50, 75) percentile: (56, 338, 1981)
[M::mem_pestat] low and high boundaries for computing mean and std.dev: (1, 5831)
[M::mem_pestat] mean and std.dev: (798.37, 1125.11)
[M::mem_pestat] low and high boundaries for proper pairs: (1, 7756)
[M::mem_pestat] analyzing insert size distribution for orientation RR...
[M::mem_pestat] (25, 50, 75) percentile: (627, 1616, 4316)
[M::mem_pestat] low and high boundaries for computing mean and std.dev: (1, 11694)
[M::mem_pestat] mean and std.dev: (2147.15, 2385.20)
[M::mem_pestat] low and high boundaries for proper pairs: (1, 15383)
[M::mem_pestat] skip orientation FF
[M::mem_pestat] skip orientation RF
[M::mem_pestat] skip orientation RR
[M::mem_process_seqs] Processed 2837514 reads in 3385.953 CPU sec, 85.167 real sec
[M::process] read 149758 sequences (21249863 bp)...
[M::mem_pestat] # candidate unique pairs for (FF, FR, RF, RR): (9, 778778, 85, 15)
[M::mem_pestat] skip orientation FF as there are not enough pairs
[M::mem_pestat] analyzing insert size distribution for orientation FR...
[M::mem_pestat] (25, 50, 75) percentile: (190, 251, 325)
[M::mem_pestat] low and high boundaries for computing mean and std.dev: (1, 595)
[M::mem_pestat] mean and std.dev: (262.59, 99.38)
[M::mem_pestat] low and high boundaries for proper pairs: (1, 730)
[M::mem_pestat] analyzing insert size distribution for orientation RF...
[M::mem_pestat] (25, 50, 75) percentile: (143, 224, 2197)
[M::mem_pestat] low and high boundaries for computing mean and std.dev: (1, 6305)
[M::mem_pestat] mean and std.dev: (1210.46, 1663.82)
[M::mem_pestat] low and high boundaries for proper pairs: (1, 8359)
[M::mem_pestat] analyzing insert size distribution for orientation RR...
[M::mem_pestat] (25, 50, 75) percentile: (224, 406, 3555)
[M::mem_pestat] low and high boundaries for computing mean and std.dev: (1, 10217)
[M::mem_pestat] mean and std.dev: (1824.87, 2093.48)
[M::mem_pestat] low and high boundaries for proper pairs: (1, 13548)
[M::mem_pestat] skip orientation RF
[M::mem_pestat] skip orientation RR
[M::mem_process_seqs] Processed 2830678 reads in 3421.297 CPU sec, 85.812 real sec
[M::mem_pestat] # candidate unique pairs for (FF, FR, RF, RR): (1, 41521, 4, 2)
[M::mem_pestat] skip orientation FF as there are not enough pairs
[M::mem_pestat] analyzing insert size distribution for orientation FR...
[M::mem_pestat] (25, 50, 75) percentile: (193, 255, 331)
[M::mem_pestat] low and high boundaries for computing mean and std.dev: (1, 607)
[M::mem_pestat] mean and std.dev: (267.69, 102.35)
[M::mem_pestat] low and high boundaries for proper pairs: (1, 745)
[M::mem_pestat] skip orientation RF as there are not enough pairs
[M::mem_pestat] skip orientation RR as there are not enough pairs
[M::mem_process_seqs] Processed 149758 reads in 204.809 CPU sec, 5.156 real sec
[main] Version: 0.7.17-r1188
[main] CMD: /home/shared/bwa-0.7.17/bwa mem -M -t 40 ../data/bwa-GCF_031168955.1_ASM3116895v1_genomic ../data/trimmed-fastqs-heatwave-genetics/MHW230_trimmed_clipped_R1_paired.fq.gz ../data/trimmed-fastqs-heatwave-genetics/MHW230_trimmed_clipped_R2_paired.fq.gz
[main] Real time: 3320.074 sec; CPU: 131548.554 sec
