[M::bwa_idx_load_from_disk] read 0 ALT contigs
[M::process] read 2812908 sequences (400000235 bp)...
[M::process] read 2808222 sequences (400000045 bp)...
[M::mem_pestat] # candidate unique pairs for (FF, FR, RF, RR): (7, 779126, 107, 7)
[M::mem_pestat] skip orientation FF as there are not enough pairs
[M::mem_pestat] analyzing insert size distribution for orientation FR...
[M::mem_pestat] (25, 50, 75) percentile: (189, 247, 322)
[M::mem_pestat] low and high boundaries for computing mean and std.dev: (1, 588)
[M::mem_pestat] mean and std.dev: (260.16, 97.22)
[M::mem_pestat] low and high boundaries for proper pairs: (1, 721)
[M::mem_pestat] analyzing insert size distribution for orientation RF...
[M::mem_pestat] (25, 50, 75) percentile: (223, 406, 1669)
[M::mem_pestat] low and high boundaries for computing mean and std.dev: (1, 4561)
[M::mem_pestat] mean and std.dev: (925.38, 1140.50)
[M::mem_pestat] low and high boundaries for proper pairs: (1, 6007)
[M::mem_pestat] skip orientation RR as there are not enough pairs
[M::mem_pestat] skip orientation RF
[M::mem_process_seqs] Processed 2812908 reads in 2961.291 CPU sec, 74.271 real sec
[M::process] read 2803894 sequences (400000121 bp)...
[M::mem_pestat] # candidate unique pairs for (FF, FR, RF, RR): (8, 777599, 110, 11)
[M::mem_pestat] skip orientation FF as there are not enough pairs
[M::mem_pestat] analyzing insert size distribution for orientation FR...
[M::mem_pestat] (25, 50, 75) percentile: (196, 257, 334)
[M::mem_pestat] low and high boundaries for computing mean and std.dev: (1, 610)
[M::mem_pestat] mean and std.dev: (269.72, 99.14)
[M::mem_pestat] low and high boundaries for proper pairs: (1, 748)
[M::mem_pestat] analyzing insert size distribution for orientation RF...
[M::mem_pestat] (25, 50, 75) percentile: (223, 361, 2332)
[M::mem_pestat] low and high boundaries for computing mean and std.dev: (1, 6550)
[M::mem_pestat] mean and std.dev: (1289.05, 1766.22)
[M::mem_pestat] low and high boundaries for proper pairs: (1, 8659)
[M::mem_pestat] analyzing insert size distribution for orientation RR...
[M::mem_pestat] (25, 50, 75) percentile: (182, 1021, 3433)
[M::mem_pestat] low and high boundaries for computing mean and std.dev: (1, 9935)
[M::mem_pestat] mean and std.dev: (1787.09, 1651.00)
[M::mem_pestat] low and high boundaries for proper pairs: (1, 13186)
[M::mem_pestat] skip orientation RF
[M::mem_pestat] skip orientation RR
[M::mem_process_seqs] Processed 2808222 reads in 3140.535 CPU sec, 78.791 real sec
[M::process] read 2803234 sequences (400000289 bp)...
[M::mem_pestat] # candidate unique pairs for (FF, FR, RF, RR): (15, 778475, 107, 10)
[M::mem_pestat] analyzing insert size distribution for orientation FF...
[M::mem_pestat] (25, 50, 75) percentile: (1445, 1868, 4274)
[M::mem_pestat] low and high boundaries for computing mean and std.dev: (1, 9932)
[M::mem_pestat] mean and std.dev: (2395.53, 1765.81)
[M::mem_pestat] low and high boundaries for proper pairs: (1, 12761)
[M::mem_pestat] analyzing insert size distribution for orientation FR...
[M::mem_pestat] (25, 50, 75) percentile: (190, 249, 326)
[M::mem_pestat] low and high boundaries for computing mean and std.dev: (1, 598)
[M::mem_pestat] mean and std.dev: (262.52, 97.98)
[M::mem_pestat] low and high boundaries for proper pairs: (1, 734)
[M::mem_pestat] analyzing insert size distribution for orientation RF...
[M::mem_pestat] (25, 50, 75) percentile: (145, 248, 2125)
[M::mem_pestat] low and high boundaries for computing mean and std.dev: (1, 6085)
[M::mem_pestat] mean and std.dev: (994.70, 1257.20)
[M::mem_pestat] low and high boundaries for proper pairs: (1, 8065)
[M::mem_pestat] analyzing insert size distribution for orientation RR...
[M::mem_pestat] (25, 50, 75) percentile: (208, 292, 2323)
[M::mem_pestat] low and high boundaries for computing mean and std.dev: (1, 6553)
[M::mem_pestat] mean and std.dev: (1271.00, 1423.03)
[M::mem_pestat] low and high boundaries for proper pairs: (1, 8668)
[M::mem_pestat] skip orientation FF
[M::mem_pestat] skip orientation RF
[M::mem_pestat] skip orientation RR
[M::mem_process_seqs] Processed 2803894 reads in 3066.012 CPU sec, 77.133 real sec
[M::process] read 2807462 sequences (400000245 bp)...
[M::mem_pestat] # candidate unique pairs for (FF, FR, RF, RR): (17, 778169, 112, 4)
[M::mem_pestat] analyzing insert size distribution for orientation FF...
[M::mem_pestat] (25, 50, 75) percentile: (498, 1405, 4434)
[M::mem_pestat] low and high boundaries for computing mean and std.dev: (1, 12306)
[M::mem_pestat] mean and std.dev: (2109.47, 1745.67)
[M::mem_pestat] low and high boundaries for proper pairs: (1, 16242)
[M::mem_pestat] analyzing insert size distribution for orientation FR...
[M::mem_pestat] (25, 50, 75) percentile: (196, 256, 333)
[M::mem_pestat] low and high boundaries for computing mean and std.dev: (1, 607)
[M::mem_pestat] mean and std.dev: (268.76, 98.79)
[M::mem_pestat] low and high boundaries for proper pairs: (1, 744)
[M::mem_pestat] analyzing insert size distribution for orientation RF...
[M::mem_pestat] (25, 50, 75) percentile: (223, 339, 2356)
[M::mem_pestat] low and high boundaries for computing mean and std.dev: (1, 6622)
[M::mem_pestat] mean and std.dev: (1152.86, 1486.62)
[M::mem_pestat] low and high boundaries for proper pairs: (1, 8755)
[M::mem_pestat] skip orientation RR as there are not enough pairs
[M::mem_pestat] skip orientation FF
[M::mem_pestat] skip orientation RF
[M::mem_process_seqs] Processed 2803234 reads in 3149.488 CPU sec, 78.787 real sec
[M::process] read 2801538 sequences (400000287 bp)...
[M::mem_pestat] # candidate unique pairs for (FF, FR, RF, RR): (4, 778926, 111, 11)
[M::mem_pestat] skip orientation FF as there are not enough pairs
[M::mem_pestat] analyzing insert size distribution for orientation FR...
[M::mem_pestat] (25, 50, 75) percentile: (191, 250, 326)
[M::mem_pestat] low and high boundaries for computing mean and std.dev: (1, 596)
[M::mem_pestat] mean and std.dev: (263.14, 97.72)
[M::mem_pestat] low and high boundaries for proper pairs: (1, 731)
[M::mem_pestat] analyzing insert size distribution for orientation RF...
[M::mem_pestat] (25, 50, 75) percentile: (223, 458, 2350)
[M::mem_pestat] low and high boundaries for computing mean and std.dev: (1, 6604)
[M::mem_pestat] mean and std.dev: (1032.96, 1264.25)
[M::mem_pestat] low and high boundaries for proper pairs: (1, 8731)
[M::mem_pestat] analyzing insert size distribution for orientation RR...
[M::mem_pestat] (25, 50, 75) percentile: (222, 2104, 2619)
[M::mem_pestat] low and high boundaries for computing mean and std.dev: (1, 7413)
[M::mem_pestat] mean and std.dev: (2148.64, 2037.81)
[M::mem_pestat] low and high boundaries for proper pairs: (1, 10300)
[M::mem_pestat] skip orientation RF
[M::mem_pestat] skip orientation RR
[M::mem_process_seqs] Processed 2807462 reads in 3096.656 CPU sec, 77.677 real sec
[M::process] read 2803636 sequences (400000130 bp)...
[M::mem_pestat] # candidate unique pairs for (FF, FR, RF, RR): (18, 779975, 96, 17)
[M::mem_pestat] analyzing insert size distribution for orientation FF...
[M::mem_pestat] (25, 50, 75) percentile: (204, 995, 2087)
[M::mem_pestat] low and high boundaries for computing mean and std.dev: (1, 5853)
[M::mem_pestat] mean and std.dev: (1269.39, 1391.72)
[M::mem_pestat] low and high boundaries for proper pairs: (1, 7736)
[M::mem_pestat] analyzing insert size distribution for orientation FR...
[M::mem_pestat] (25, 50, 75) percentile: (195, 256, 333)
[M::mem_pestat] low and high boundaries for computing mean and std.dev: (1, 609)
[M::mem_pestat] mean and std.dev: (268.41, 98.90)
[M::mem_pestat] low and high boundaries for proper pairs: (1, 747)
[M::mem_pestat] analyzing insert size distribution for orientation RF...
[M::mem_pestat] (25, 50, 75) percentile: (174, 366, 1327)
[M::mem_pestat] low and high boundaries for computing mean and std.dev: (1, 3633)
[M::mem_pestat] mean and std.dev: (712.14, 834.08)
[M::mem_pestat] low and high boundaries for proper pairs: (1, 4786)
[M::mem_pestat] analyzing insert size distribution for orientation RR...
[M::mem_pestat] (25, 50, 75) percentile: (194, 1340, 5825)
[M::mem_pestat] low and high boundaries for computing mean and std.dev: (1, 17087)
[M::mem_pestat] mean and std.dev: (2995.88, 3289.26)
[M::mem_pestat] low and high boundaries for proper pairs: (1, 22718)
[M::mem_pestat] skip orientation FF
[M::mem_pestat] skip orientation RF
[M::mem_pestat] skip orientation RR
[M::mem_process_seqs] Processed 2801538 reads in 3106.604 CPU sec, 77.937 real sec
[M::process] read 2804208 sequences (400000221 bp)...
[M::mem_pestat] # candidate unique pairs for (FF, FR, RF, RR): (15, 777785, 100, 15)
[M::mem_pestat] analyzing insert size distribution for orientation FF...
[M::mem_pestat] (25, 50, 75) percentile: (283, 336, 1859)
[M::mem_pestat] low and high boundaries for computing mean and std.dev: (1, 5011)
[M::mem_pestat] mean and std.dev: (1042.53, 1143.75)
[M::mem_pestat] low and high boundaries for proper pairs: (1, 6587)
[M::mem_pestat] analyzing insert size distribution for orientation FR...
[M::mem_pestat] (25, 50, 75) percentile: (191, 250, 327)
[M::mem_pestat] low and high boundaries for computing mean and std.dev: (1, 599)
[M::mem_pestat] mean and std.dev: (263.40, 98.07)
[M::mem_pestat] low and high boundaries for proper pairs: (1, 735)
[M::mem_pestat] analyzing insert size distribution for orientation RF...
[M::mem_pestat] (25, 50, 75) percentile: (223, 273, 1254)
[M::mem_pestat] low and high boundaries for computing mean and std.dev: (1, 3316)
[M::mem_pestat] mean and std.dev: (720.90, 905.50)
[M::mem_pestat] low and high boundaries for proper pairs: (1, 4347)
[M::mem_pestat] analyzing insert size distribution for orientation RR...
[M::mem_pestat] (25, 50, 75) percentile: (1447, 2471, 4108)
[M::mem_pestat] low and high boundaries for computing mean and std.dev: (1, 9430)
[M::mem_pestat] mean and std.dev: (2827.33, 2111.08)
[M::mem_pestat] low and high boundaries for proper pairs: (1, 12091)
[M::mem_pestat] skip orientation FF
[M::mem_pestat] skip orientation RF
[M::mem_pestat] skip orientation RR
[M::mem_process_seqs] Processed 2803636 reads in 3103.911 CPU sec, 78.101 real sec
[M::process] read 2828106 sequences (400000210 bp)...
[M::mem_pestat] # candidate unique pairs for (FF, FR, RF, RR): (17, 778560, 94, 12)
[M::mem_pestat] analyzing insert size distribution for orientation FF...
[M::mem_pestat] (25, 50, 75) percentile: (315, 2449, 4329)
[M::mem_pestat] low and high boundaries for computing mean and std.dev: (1, 12357)
[M::mem_pestat] mean and std.dev: (2363.94, 2475.30)
[M::mem_pestat] low and high boundaries for proper pairs: (1, 16371)
[M::mem_pestat] analyzing insert size distribution for orientation FR...
[M::mem_pestat] (25, 50, 75) percentile: (197, 258, 335)
[M::mem_pestat] low and high boundaries for computing mean and std.dev: (1, 611)
[M::mem_pestat] mean and std.dev: (270.31, 99.29)
[M::mem_pestat] low and high boundaries for proper pairs: (1, 749)
[M::mem_pestat] analyzing insert size distribution for orientation RF...
[M::mem_pestat] (25, 50, 75) percentile: (223, 331, 2363)
[M::mem_pestat] low and high boundaries for computing mean and std.dev: (1, 6643)
[M::mem_pestat] mean and std.dev: (1101.13, 1404.63)
[M::mem_pestat] low and high boundaries for proper pairs: (1, 8783)
[M::mem_pestat] analyzing insert size distribution for orientation RR...
[M::mem_pestat] (25, 50, 75) percentile: (2366, 2366, 2463)
[M::mem_pestat] low and high boundaries for computing mean and std.dev: (2172, 2657)
[M::mem_pestat] mean and std.dev: (2390.25, 42.00)
[M::mem_pestat] low and high boundaries for proper pairs: (2075, 2754)
[M::mem_pestat] skip orientation FF
[M::mem_pestat] skip orientation RF
[M::mem_pestat] skip orientation RR
[M::mem_process_seqs] Processed 2804208 reads in 3160.181 CPU sec, 79.034 real sec
[M::process] read 2827594 sequences (400000161 bp)...
[M::mem_pestat] # candidate unique pairs for (FF, FR, RF, RR): (8, 776629, 103, 8)
[M::mem_pestat] skip orientation FF as there are not enough pairs
[M::mem_pestat] analyzing insert size distribution for orientation FR...
[M::mem_pestat] (25, 50, 75) percentile: (193, 254, 331)
[M::mem_pestat] low and high boundaries for computing mean and std.dev: (1, 607)
[M::mem_pestat] mean and std.dev: (266.60, 99.00)
[M::mem_pestat] low and high boundaries for proper pairs: (1, 745)
[M::mem_pestat] analyzing insert size distribution for orientation RF...
[M::mem_pestat] (25, 50, 75) percentile: (184, 227, 1384)
[M::mem_pestat] low and high boundaries for computing mean and std.dev: (1, 3784)
[M::mem_pestat] mean and std.dev: (541.42, 642.32)
[M::mem_pestat] low and high boundaries for proper pairs: (1, 4984)
[M::mem_pestat] skip orientation RR as there are not enough pairs
[M::mem_pestat] skip orientation RF
[M::mem_process_seqs] Processed 2828106 reads in 3104.574 CPU sec, 78.109 real sec
[M::process] read 2822740 sequences (400000259 bp)...
[M::mem_pestat] # candidate unique pairs for (FF, FR, RF, RR): (7, 779499, 105, 8)
[M::mem_pestat] skip orientation FF as there are not enough pairs
[M::mem_pestat] analyzing insert size distribution for orientation FR...
[M::mem_pestat] (25, 50, 75) percentile: (195, 256, 335)
[M::mem_pestat] low and high boundaries for computing mean and std.dev: (1, 615)
[M::mem_pestat] mean and std.dev: (269.56, 100.71)
[M::mem_pestat] low and high boundaries for proper pairs: (1, 755)
[M::mem_pestat] analyzing insert size distribution for orientation RF...
[M::mem_pestat] (25, 50, 75) percentile: (221, 227, 2025)
[M::mem_pestat] low and high boundaries for computing mean and std.dev: (1, 5633)
[M::mem_pestat] mean and std.dev: (970.94, 1319.32)
[M::mem_pestat] low and high boundaries for proper pairs: (1, 7437)
[M::mem_pestat] skip orientation RR as there are not enough pairs
[M::mem_pestat] skip orientation RF
[M::mem_process_seqs] Processed 2827594 reads in 3162.902 CPU sec, 79.115 real sec
[M::process] read 2821010 sequences (400000176 bp)...
[M::mem_pestat] # candidate unique pairs for (FF, FR, RF, RR): (15, 778860, 106, 13)
[M::mem_pestat] analyzing insert size distribution for orientation FF...
[M::mem_pestat] (25, 50, 75) percentile: (1859, 2559, 3194)
[M::mem_pestat] low and high boundaries for computing mean and std.dev: (1, 5864)
[M::mem_pestat] mean and std.dev: (2285.13, 1491.44)
[M::mem_pestat] low and high boundaries for proper pairs: (1, 8251)
[M::mem_pestat] analyzing insert size distribution for orientation FR...
[M::mem_pestat] (25, 50, 75) percentile: (194, 255, 332)
[M::mem_pestat] low and high boundaries for computing mean and std.dev: (1, 608)
[M::mem_pestat] mean and std.dev: (267.41, 99.28)
[M::mem_pestat] low and high boundaries for proper pairs: (1, 746)
[M::mem_pestat] analyzing insert size distribution for orientation RF...
[M::mem_pestat] (25, 50, 75) percentile: (192, 350, 1682)
[M::mem_pestat] low and high boundaries for computing mean and std.dev: (1, 4662)
[M::mem_pestat] mean and std.dev: (772.61, 934.97)
[M::mem_pestat] low and high boundaries for proper pairs: (1, 6152)
[M::mem_pestat] analyzing insert size distribution for orientation RR...
[M::mem_pestat] (25, 50, 75) percentile: (176, 316, 3709)
[M::mem_pestat] low and high boundaries for computing mean and std.dev: (1, 10775)
[M::mem_pestat] mean and std.dev: (1330.62, 1719.86)
[M::mem_pestat] low and high boundaries for proper pairs: (1, 14308)
[M::mem_pestat] skip orientation FF
[M::mem_pestat] skip orientation RF
[M::mem_pestat] skip orientation RR
[M::mem_process_seqs] Processed 2822740 reads in 3116.553 CPU sec, 78.410 real sec
[M::process] read 2822242 sequences (400000168 bp)...
[M::mem_pestat] # candidate unique pairs for (FF, FR, RF, RR): (13, 779500, 113, 18)
[M::mem_pestat] analyzing insert size distribution for orientation FF...
[M::mem_pestat] (25, 50, 75) percentile: (294, 387, 2780)
[M::mem_pestat] low and high boundaries for computing mean and std.dev: (1, 7752)
[M::mem_pestat] mean and std.dev: (1056.77, 1442.20)
[M::mem_pestat] low and high boundaries for proper pairs: (1, 10238)
[M::mem_pestat] analyzing insert size distribution for orientation FR...
[M::mem_pestat] (25, 50, 75) percentile: (195, 256, 334)
[M::mem_pestat] low and high boundaries for computing mean and std.dev: (1, 612)
[M::mem_pestat] mean and std.dev: (269.37, 100.36)
[M::mem_pestat] low and high boundaries for proper pairs: (1, 751)
[M::mem_pestat] analyzing insert size distribution for orientation RF...
[M::mem_pestat] (25, 50, 75) percentile: (157, 224, 1020)
[M::mem_pestat] low and high boundaries for computing mean and std.dev: (1, 2746)
[M::mem_pestat] mean and std.dev: (408.47, 586.08)
[M::mem_pestat] low and high boundaries for proper pairs: (1, 3609)
[M::mem_pestat] analyzing insert size distribution for orientation RR...
[M::mem_pestat] (25, 50, 75) percentile: (206, 528, 4403)
[M::mem_pestat] low and high boundaries for computing mean and std.dev: (1, 12797)
[M::mem_pestat] mean and std.dev: (2086.61, 2450.78)
[M::mem_pestat] low and high boundaries for proper pairs: (1, 16994)
[M::mem_pestat] skip orientation FF
[M::mem_pestat] skip orientation RF
[M::mem_pestat] skip orientation RR
[M::mem_process_seqs] Processed 2821010 reads in 3133.112 CPU sec, 78.385 real sec
[M::process] read 2827650 sequences (400000282 bp)...
[M::mem_pestat] # candidate unique pairs for (FF, FR, RF, RR): (8, 777541, 116, 27)
[M::mem_pestat] skip orientation FF as there are not enough pairs
[M::mem_pestat] analyzing insert size distribution for orientation FR...
[M::mem_pestat] (25, 50, 75) percentile: (194, 254, 331)
[M::mem_pestat] low and high boundaries for computing mean and std.dev: (1, 605)
[M::mem_pestat] mean and std.dev: (267.10, 99.22)
[M::mem_pestat] low and high boundaries for proper pairs: (1, 742)
[M::mem_pestat] analyzing insert size distribution for orientation RF...
[M::mem_pestat] (25, 50, 75) percentile: (130, 224, 1157)
[M::mem_pestat] low and high boundaries for computing mean and std.dev: (1, 3211)
[M::mem_pestat] mean and std.dev: (565.88, 710.49)
[M::mem_pestat] low and high boundaries for proper pairs: (1, 4238)
[M::mem_pestat] analyzing insert size distribution for orientation RR...
[M::mem_pestat] (25, 50, 75) percentile: (2180, 2765, 4499)
[M::mem_pestat] low and high boundaries for computing mean and std.dev: (1, 9137)
[M::mem_pestat] mean and std.dev: (3167.78, 2298.02)
[M::mem_pestat] low and high boundaries for proper pairs: (1, 12360)
[M::mem_pestat] skip orientation RF
[M::mem_pestat] skip orientation RR
[M::mem_process_seqs] Processed 2822242 reads in 3109.322 CPU sec, 78.161 real sec
[M::process] read 2818880 sequences (400000005 bp)...
[M::mem_pestat] # candidate unique pairs for (FF, FR, RF, RR): (11, 780382, 128, 8)
[M::mem_pestat] analyzing insert size distribution for orientation FF...
[M::mem_pestat] (25, 50, 75) percentile: (244, 520, 4860)
[M::mem_pestat] low and high boundaries for computing mean and std.dev: (1, 14092)
[M::mem_pestat] mean and std.dev: (1834.55, 2193.36)
[M::mem_pestat] low and high boundaries for proper pairs: (1, 18708)
[M::mem_pestat] analyzing insert size distribution for orientation FR...
[M::mem_pestat] (25, 50, 75) percentile: (194, 254, 333)
[M::mem_pestat] low and high boundaries for computing mean and std.dev: (1, 611)
[M::mem_pestat] mean and std.dev: (267.92, 100.13)
[M::mem_pestat] low and high boundaries for proper pairs: (1, 750)
[M::mem_pestat] analyzing insert size distribution for orientation RF...
[M::mem_pestat] (25, 50, 75) percentile: (196, 225, 2146)
[M::mem_pestat] low and high boundaries for computing mean and std.dev: (1, 6046)
[M::mem_pestat] mean and std.dev: (843.43, 1103.01)
[M::mem_pestat] low and high boundaries for proper pairs: (1, 7996)
[M::mem_pestat] skip orientation RR as there are not enough pairs
[M::mem_pestat] skip orientation FF
[M::mem_pestat] skip orientation RF
[M::mem_process_seqs] Processed 2827650 reads in 3158.489 CPU sec, 79.180 real sec
[M::process] read 2807834 sequences (400000249 bp)...
[M::mem_pestat] # candidate unique pairs for (FF, FR, RF, RR): (12, 778157, 99, 15)
[M::mem_pestat] analyzing insert size distribution for orientation FF...
[M::mem_pestat] (25, 50, 75) percentile: (267, 3122, 4333)
[M::mem_pestat] low and high boundaries for computing mean and std.dev: (1, 12465)
[M::mem_pestat] mean and std.dev: (2631.17, 2765.29)
[M::mem_pestat] low and high boundaries for proper pairs: (1, 16531)
[M::mem_pestat] analyzing insert size distribution for orientation FR...
[M::mem_pestat] (25, 50, 75) percentile: (193, 253, 331)
[M::mem_pestat] low and high boundaries for computing mean and std.dev: (1, 607)
[M::mem_pestat] mean and std.dev: (266.80, 99.54)
[M::mem_pestat] low and high boundaries for proper pairs: (1, 745)
[M::mem_pestat] analyzing insert size distribution for orientation RF...
[M::mem_pestat] (25, 50, 75) percentile: (223, 395, 2292)
[M::mem_pestat] low and high boundaries for computing mean and std.dev: (1, 6430)
[M::mem_pestat] mean and std.dev: (1223.94, 1550.93)
[M::mem_pestat] low and high boundaries for proper pairs: (1, 8499)
[M::mem_pestat] analyzing insert size distribution for orientation RR...
[M::mem_pestat] (25, 50, 75) percentile: (1468, 3731, 3748)
[M::mem_pestat] low and high boundaries for computing mean and std.dev: (1, 8308)
[M::mem_pestat] mean and std.dev: (2931.47, 1495.86)
[M::mem_pestat] low and high boundaries for proper pairs: (1, 10588)
[M::mem_pestat] skip orientation FF
[M::mem_pestat] skip orientation RF
[M::mem_pestat] skip orientation RR
[M::mem_process_seqs] Processed 2818880 reads in 3186.956 CPU sec, 79.717 real sec
[M::process] read 2803114 sequences (400000104 bp)...
[M::mem_pestat] # candidate unique pairs for (FF, FR, RF, RR): (23, 778743, 117, 10)
[M::mem_pestat] analyzing insert size distribution for orientation FF...
[M::mem_pestat] (25, 50, 75) percentile: (224, 1137, 3912)
[M::mem_pestat] low and high boundaries for computing mean and std.dev: (1, 11288)
[M::mem_pestat] mean and std.dev: (1932.83, 2199.30)
[M::mem_pestat] low and high boundaries for proper pairs: (1, 14976)
[M::mem_pestat] analyzing insert size distribution for orientation FR...
[M::mem_pestat] (25, 50, 75) percentile: (193, 254, 332)
[M::mem_pestat] low and high boundaries for computing mean and std.dev: (1, 610)
[M::mem_pestat] mean and std.dev: (267.55, 100.11)
[M::mem_pestat] low and high boundaries for proper pairs: (1, 749)
[M::mem_pestat] analyzing insert size distribution for orientation RF...
[M::mem_pestat] (25, 50, 75) percentile: (223, 351, 1980)
[M::mem_pestat] low and high boundaries for computing mean and std.dev: (1, 5494)
[M::mem_pestat] mean and std.dev: (956.95, 1273.97)
[M::mem_pestat] low and high boundaries for proper pairs: (1, 7251)
[M::mem_pestat] analyzing insert size distribution for orientation RR...
[M::mem_pestat] (25, 50, 75) percentile: (480, 1376, 3900)
[M::mem_pestat] low and high boundaries for computing mean and std.dev: (1, 10740)
[M::mem_pestat] mean and std.dev: (2363.30, 2265.69)
[M::mem_pestat] low and high boundaries for proper pairs: (1, 14160)
[M::mem_pestat] skip orientation FF
[M::mem_pestat] skip orientation RF
[M::mem_pestat] skip orientation RR
[M::mem_process_seqs] Processed 2807834 reads in 3098.915 CPU sec, 77.737 real sec
[M::process] read 2800392 sequences (400000135 bp)...
[M::mem_pestat] # candidate unique pairs for (FF, FR, RF, RR): (13, 778626, 105, 15)
[M::mem_pestat] analyzing insert size distribution for orientation FF...
[M::mem_pestat] (25, 50, 75) percentile: (231, 236, 305)
[M::mem_pestat] low and high boundaries for computing mean and std.dev: (83, 453)
[M::mem_pestat] mean and std.dev: (251.73, 47.73)
[M::mem_pestat] low and high boundaries for proper pairs: (9, 527)
[M::mem_pestat] analyzing insert size distribution for orientation FR...
[M::mem_pestat] (25, 50, 75) percentile: (194, 254, 330)
[M::mem_pestat] low and high boundaries for computing mean and std.dev: (1, 602)
[M::mem_pestat] mean and std.dev: (266.32, 98.19)
[M::mem_pestat] low and high boundaries for proper pairs: (1, 738)
[M::mem_pestat] analyzing insert size distribution for orientation RF...
[M::mem_pestat] (25, 50, 75) percentile: (223, 232, 1237)
[M::mem_pestat] low and high boundaries for computing mean and std.dev: (1, 3265)
[M::mem_pestat] mean and std.dev: (662.08, 726.46)
[M::mem_pestat] low and high boundaries for proper pairs: (1, 4279)
[M::mem_pestat] analyzing insert size distribution for orientation RR...
[M::mem_pestat] (25, 50, 75) percentile: (188, 318, 1273)
[M::mem_pestat] low and high boundaries for computing mean and std.dev: (1, 3443)
[M::mem_pestat] mean and std.dev: (332.42, 300.59)
[M::mem_pestat] low and high boundaries for proper pairs: (1, 4528)
[M::mem_pestat] skip orientation FF
[M::mem_pestat] skip orientation RF
[M::mem_pestat] skip orientation RR
[M::mem_process_seqs] Processed 2803114 reads in 3122.671 CPU sec, 78.421 real sec
[M::process] read 2798748 sequences (400000114 bp)...
[M::mem_pestat] # candidate unique pairs for (FF, FR, RF, RR): (5, 779485, 125, 6)
[M::mem_pestat] skip orientation FF as there are not enough pairs
[M::mem_pestat] analyzing insert size distribution for orientation FR...
[M::mem_pestat] (25, 50, 75) percentile: (193, 253, 330)
[M::mem_pestat] low and high boundaries for computing mean and std.dev: (1, 604)
[M::mem_pestat] mean and std.dev: (266.13, 98.68)
[M::mem_pestat] low and high boundaries for proper pairs: (1, 741)
[M::mem_pestat] analyzing insert size distribution for orientation RF...
[M::mem_pestat] (25, 50, 75) percentile: (223, 495, 1575)
[M::mem_pestat] low and high boundaries for computing mean and std.dev: (1, 4279)
[M::mem_pestat] mean and std.dev: (815.11, 1005.59)
[M::mem_pestat] low and high boundaries for proper pairs: (1, 5631)
[M::mem_pestat] skip orientation RR as there are not enough pairs
[M::mem_pestat] skip orientation RF
[M::mem_process_seqs] Processed 2800392 reads in 3311.763 CPU sec, 88.673 real sec
[M::process] read 2804384 sequences (400000150 bp)...
[M::mem_pestat] # candidate unique pairs for (FF, FR, RF, RR): (7, 778640, 117, 7)
[M::mem_pestat] skip orientation FF as there are not enough pairs
[M::mem_pestat] analyzing insert size distribution for orientation FR...
[M::mem_pestat] (25, 50, 75) percentile: (195, 256, 332)
[M::mem_pestat] low and high boundaries for computing mean and std.dev: (1, 606)
[M::mem_pestat] mean and std.dev: (268.19, 98.47)
[M::mem_pestat] low and high boundaries for proper pairs: (1, 743)
[M::mem_pestat] analyzing insert size distribution for orientation RF...
[M::mem_pestat] (25, 50, 75) percentile: (218, 294, 2320)
[M::mem_pestat] low and high boundaries for computing mean and std.dev: (1, 6524)
[M::mem_pestat] mean and std.dev: (1225.03, 1531.26)
[M::mem_pestat] low and high boundaries for proper pairs: (1, 8626)
[M::mem_pestat] skip orientation RR as there are not enough pairs
[M::mem_pestat] skip orientation RF
[M::mem_process_seqs] Processed 2798748 reads in 3101.424 CPU sec, 77.964 real sec
[M::process] read 2799048 sequences (400000128 bp)...
[M::mem_pestat] # candidate unique pairs for (FF, FR, RF, RR): (12, 780602, 115, 10)
[M::mem_pestat] analyzing insert size distribution for orientation FF...
[M::mem_pestat] (25, 50, 75) percentile: (406, 584, 3813)
[M::mem_pestat] low and high boundaries for computing mean and std.dev: (1, 10627)
[M::mem_pestat] mean and std.dev: (2323.83, 3558.55)
[M::mem_pestat] low and high boundaries for proper pairs: (1, 16558)
[M::mem_pestat] analyzing insert size distribution for orientation FR...
[M::mem_pestat] (25, 50, 75) percentile: (193, 253, 330)
[M::mem_pestat] low and high boundaries for computing mean and std.dev: (1, 604)
[M::mem_pestat] mean and std.dev: (266.07, 98.96)
[M::mem_pestat] low and high boundaries for proper pairs: (1, 741)
[M::mem_pestat] analyzing insert size distribution for orientation RF...
[M::mem_pestat] (25, 50, 75) percentile: (223, 371, 1581)
[M::mem_pestat] low and high boundaries for computing mean and std.dev: (1, 4297)
[M::mem_pestat] mean and std.dev: (897.50, 1085.73)
[M::mem_pestat] low and high boundaries for proper pairs: (1, 5655)
[M::mem_pestat] analyzing insert size distribution for orientation RR...
[M::mem_pestat] (25, 50, 75) percentile: (380, 3785, 4750)
[M::mem_pestat] low and high boundaries for computing mean and std.dev: (1, 13490)
[M::mem_pestat] mean and std.dev: (3655.80, 3353.00)
[M::mem_pestat] low and high boundaries for proper pairs: (1, 17860)
[M::mem_pestat] skip orientation FF
[M::mem_pestat] skip orientation RF
[M::mem_pestat] skip orientation RR
[M::mem_process_seqs] Processed 2804384 reads in 3117.358 CPU sec, 77.978 real sec
[M::process] read 2797332 sequences (400000154 bp)...
[M::mem_pestat] # candidate unique pairs for (FF, FR, RF, RR): (9, 779038, 117, 10)
[M::mem_pestat] skip orientation FF as there are not enough pairs
[M::mem_pestat] analyzing insert size distribution for orientation FR...
[M::mem_pestat] (25, 50, 75) percentile: (196, 258, 334)
[M::mem_pestat] low and high boundaries for computing mean and std.dev: (1, 610)
[M::mem_pestat] mean and std.dev: (269.86, 98.98)
[M::mem_pestat] low and high boundaries for proper pairs: (1, 748)
[M::mem_pestat] analyzing insert size distribution for orientation RF...
[M::mem_pestat] (25, 50, 75) percentile: (157, 228, 1847)
[M::mem_pestat] low and high boundaries for computing mean and std.dev: (1, 5227)
[M::mem_pestat] mean and std.dev: (865.44, 1089.54)
[M::mem_pestat] low and high boundaries for proper pairs: (1, 6917)
[M::mem_pestat] analyzing insert size distribution for orientation RR...
[M::mem_pestat] (25, 50, 75) percentile: (222, 1763, 3782)
[M::mem_pestat] low and high boundaries for computing mean and std.dev: (1, 10902)
[M::mem_pestat] mean and std.dev: (1930.40, 1854.01)
[M::mem_pestat] low and high boundaries for proper pairs: (1, 14462)
[M::mem_pestat] skip orientation RF
[M::mem_pestat] skip orientation RR
[M::mem_process_seqs] Processed 2799048 reads in 3108.680 CPU sec, 78.143 real sec
[M::process] read 2793394 sequences (400000151 bp)...
[M::mem_pestat] # candidate unique pairs for (FF, FR, RF, RR): (17, 778073, 113, 7)
[M::mem_pestat] analyzing insert size distribution for orientation FF...
[M::mem_pestat] (25, 50, 75) percentile: (143, 152, 552)
[M::mem_pestat] low and high boundaries for computing mean and std.dev: (1, 1370)
[M::mem_pestat] mean and std.dev: (325.38, 368.63)
[M::mem_pestat] low and high boundaries for proper pairs: (1, 1800)
[M::mem_pestat] analyzing insert size distribution for orientation FR...
[M::mem_pestat] (25, 50, 75) percentile: (193, 253, 331)
[M::mem_pestat] low and high boundaries for computing mean and std.dev: (1, 607)
[M::mem_pestat] mean and std.dev: (266.53, 99.33)
[M::mem_pestat] low and high boundaries for proper pairs: (1, 745)
[M::mem_pestat] analyzing insert size distribution for orientation RF...
[M::mem_pestat] (25, 50, 75) percentile: (162, 329, 2376)
[M::mem_pestat] low and high boundaries for computing mean and std.dev: (1, 6804)
[M::mem_pestat] mean and std.dev: (1172.22, 1533.02)
[M::mem_pestat] low and high boundaries for proper pairs: (1, 9018)
[M::mem_pestat] skip orientation RR as there are not enough pairs
[M::mem_pestat] skip orientation FF
[M::mem_pestat] skip orientation RF
[M::mem_process_seqs] Processed 2797332 reads in 3109.580 CPU sec, 77.819 real sec
[M::process] read 2818720 sequences (400000094 bp)...
[M::mem_pestat] # candidate unique pairs for (FF, FR, RF, RR): (13, 778214, 91, 11)
[M::mem_pestat] analyzing insert size distribution for orientation FF...
[M::mem_pestat] (25, 50, 75) percentile: (184, 219, 2632)
[M::mem_pestat] low and high boundaries for computing mean and std.dev: (1, 7528)
[M::mem_pestat] mean and std.dev: (1049.08, 1391.32)
[M::mem_pestat] low and high boundaries for proper pairs: (1, 9976)
[M::mem_pestat] analyzing insert size distribution for orientation FR...
[M::mem_pestat] (25, 50, 75) percentile: (196, 258, 335)
[M::mem_pestat] low and high boundaries for computing mean and std.dev: (1, 613)
[M::mem_pestat] mean and std.dev: (270.02, 99.55)
[M::mem_pestat] low and high boundaries for proper pairs: (1, 752)
[M::mem_pestat] analyzing insert size distribution for orientation RF...
[M::mem_pestat] (25, 50, 75) percentile: (223, 403, 1454)
[M::mem_pestat] low and high boundaries for computing mean and std.dev: (1, 3916)
[M::mem_pestat] mean and std.dev: (813.41, 860.66)
[M::mem_pestat] low and high boundaries for proper pairs: (1, 5147)
[M::mem_pestat] analyzing insert size distribution for orientation RR...
[M::mem_pestat] (25, 50, 75) percentile: (80, 105, 242)
[M::mem_pestat] low and high boundaries for computing mean and std.dev: (1, 566)
[M::mem_pestat] mean and std.dev: (124.80, 86.85)
[M::mem_pestat] low and high boundaries for proper pairs: (1, 728)
[M::mem_pestat] skip orientation FF
[M::mem_pestat] skip orientation RF
[M::mem_pestat] skip orientation RR
[M::mem_process_seqs] Processed 2793394 reads in 3099.694 CPU sec, 77.962 real sec
[M::process] read 2822510 sequences (400000014 bp)...
[M::mem_pestat] # candidate unique pairs for (FF, FR, RF, RR): (18, 777385, 103, 10)
[M::mem_pestat] analyzing insert size distribution for orientation FF...
[M::mem_pestat] (25, 50, 75) percentile: (889, 935, 2537)
[M::mem_pestat] low and high boundaries for computing mean and std.dev: (1, 5833)
[M::mem_pestat] mean and std.dev: (1500.76, 1336.45)
[M::mem_pestat] low and high boundaries for proper pairs: (1, 7481)
[M::mem_pestat] analyzing insert size distribution for orientation FR...
[M::mem_pestat] (25, 50, 75) percentile: (195, 256, 333)
[M::mem_pestat] low and high boundaries for computing mean and std.dev: (1, 609)
[M::mem_pestat] mean and std.dev: (268.51, 99.62)
[M::mem_pestat] low and high boundaries for proper pairs: (1, 747)
[M::mem_pestat] analyzing insert size distribution for orientation RF...
[M::mem_pestat] (25, 50, 75) percentile: (157, 223, 1092)
[M::mem_pestat] low and high boundaries for computing mean and std.dev: (1, 2962)
[M::mem_pestat] mean and std.dev: (438.26, 605.95)
[M::mem_pestat] low and high boundaries for proper pairs: (1, 3897)
[M::mem_pestat] analyzing insert size distribution for orientation RR...
[M::mem_pestat] (25, 50, 75) percentile: (289, 2946, 4026)
[M::mem_pestat] low and high boundaries for computing mean and std.dev: (1, 11500)
[M::mem_pestat] mean and std.dev: (3163.20, 3267.75)
[M::mem_pestat] low and high boundaries for proper pairs: (1, 16234)
[M::mem_pestat] skip orientation FF
[M::mem_pestat] skip orientation RF
[M::mem_pestat] skip orientation RR
[M::mem_process_seqs] Processed 2818720 reads in 3130.730 CPU sec, 78.333 real sec
[M::process] read 2825210 sequences (400000086 bp)...
[M::mem_pestat] # candidate unique pairs for (FF, FR, RF, RR): (12, 779664, 111, 12)
[M::mem_pestat] analyzing insert size distribution for orientation FF...
[M::mem_pestat] (25, 50, 75) percentile: (123, 339, 2545)
[M::mem_pestat] low and high boundaries for computing mean and std.dev: (1, 7389)
[M::mem_pestat] mean and std.dev: (825.55, 1056.65)
[M::mem_pestat] low and high boundaries for proper pairs: (1, 9811)
[M::mem_pestat] analyzing insert size distribution for orientation FR...
[M::mem_pestat] (25, 50, 75) percentile: (194, 256, 334)
[M::mem_pestat] low and high boundaries for computing mean and std.dev: (1, 614)
[M::mem_pestat] mean and std.dev: (268.90, 100.16)
[M::mem_pestat] low and high boundaries for proper pairs: (1, 754)
[M::mem_pestat] analyzing insert size distribution for orientation RF...
[M::mem_pestat] (25, 50, 75) percentile: (223, 225, 1506)
[M::mem_pestat] low and high boundaries for computing mean and std.dev: (1, 4072)
[M::mem_pestat] mean and std.dev: (755.10, 878.54)
[M::mem_pestat] low and high boundaries for proper pairs: (1, 5355)
[M::mem_pestat] analyzing insert size distribution for orientation RR...
[M::mem_pestat] (25, 50, 75) percentile: (205, 365, 3527)
[M::mem_pestat] low and high boundaries for computing mean and std.dev: (1, 10171)
[M::mem_pestat] mean and std.dev: (1618.00, 2042.35)
[M::mem_pestat] low and high boundaries for proper pairs: (1, 13493)
[M::mem_pestat] skip orientation FF
[M::mem_pestat] skip orientation RF
[M::mem_pestat] skip orientation RR
[M::mem_process_seqs] Processed 2822510 reads in 3127.632 CPU sec, 78.438 real sec
[M::process] read 2816036 sequences (400000179 bp)...
[M::mem_pestat] # candidate unique pairs for (FF, FR, RF, RR): (12, 778467, 119, 10)
[M::mem_pestat] analyzing insert size distribution for orientation FF...
[M::mem_pestat] (25, 50, 75) percentile: (1987, 3244, 3568)
[M::mem_pestat] low and high boundaries for computing mean and std.dev: (1, 6730)
[M::mem_pestat] mean and std.dev: (2779.67, 989.34)
[M::mem_pestat] low and high boundaries for proper pairs: (1, 8311)
[M::mem_pestat] analyzing insert size distribution for orientation FR...
[M::mem_pestat] (25, 50, 75) percentile: (194, 255, 333)
[M::mem_pestat] low and high boundaries for computing mean and std.dev: (1, 611)
[M::mem_pestat] mean and std.dev: (268.35, 100.01)
[M::mem_pestat] low and high boundaries for proper pairs: (1, 750)
[M::mem_pestat] analyzing insert size distribution for orientation RF...
[M::mem_pestat] (25, 50, 75) percentile: (223, 404, 1688)
[M::mem_pestat] low and high boundaries for computing mean and std.dev: (1, 4618)
[M::mem_pestat] mean and std.dev: (818.15, 866.72)
[M::mem_pestat] low and high boundaries for proper pairs: (1, 6083)
[M::mem_pestat] analyzing insert size distribution for orientation RR...
[M::mem_pestat] (25, 50, 75) percentile: (187, 284, 2451)
[M::mem_pestat] low and high boundaries for computing mean and std.dev: (1, 6979)
[M::mem_pestat] mean and std.dev: (1636.80, 2122.41)
[M::mem_pestat] low and high boundaries for proper pairs: (1, 10126)
[M::mem_pestat] skip orientation FF
[M::mem_pestat] skip orientation RF
[M::mem_pestat] skip orientation RR
[M::mem_process_seqs] Processed 2825210 reads in 3159.327 CPU sec, 79.242 real sec
[M::process] read 2824786 sequences (400000017 bp)...
[M::mem_pestat] # candidate unique pairs for (FF, FR, RF, RR): (16, 779342, 117, 25)
[M::mem_pestat] analyzing insert size distribution for orientation FF...
[M::mem_pestat] (25, 50, 75) percentile: (418, 2845, 5532)
[M::mem_pestat] low and high boundaries for computing mean and std.dev: (1, 15760)
[M::mem_pestat] mean and std.dev: (3001.75, 2868.98)
[M::mem_pestat] low and high boundaries for proper pairs: (1, 20874)
[M::mem_pestat] analyzing insert size distribution for orientation FR...
[M::mem_pestat] (25, 50, 75) percentile: (195, 256, 334)
[M::mem_pestat] low and high boundaries for computing mean and std.dev: (1, 612)
[M::mem_pestat] mean and std.dev: (268.98, 100.04)
[M::mem_pestat] low and high boundaries for proper pairs: (1, 751)
[M::mem_pestat] analyzing insert size distribution for orientation RF...
[M::mem_pestat] (25, 50, 75) percentile: (223, 467, 2289)
[M::mem_pestat] low and high boundaries for computing mean and std.dev: (1, 6421)
[M::mem_pestat] mean and std.dev: (1244.46, 1568.64)
[M::mem_pestat] low and high boundaries for proper pairs: (1, 8487)
[M::mem_pestat] analyzing insert size distribution for orientation RR...
[M::mem_pestat] (25, 50, 75) percentile: (362, 366, 960)
[M::mem_pestat] low and high boundaries for computing mean and std.dev: (1, 2156)
[M::mem_pestat] mean and std.dev: (402.75, 218.18)
[M::mem_pestat] low and high boundaries for proper pairs: (1, 2754)
[M::mem_pestat] skip orientation FF
[M::mem_pestat] skip orientation RF
[M::mem_pestat] skip orientation RR
[M::mem_process_seqs] Processed 2816036 reads in 3094.770 CPU sec, 77.634 real sec
[M::process] read 2824720 sequences (400000115 bp)...
[M::mem_pestat] # candidate unique pairs for (FF, FR, RF, RR): (8, 776997, 144, 9)
[M::mem_pestat] skip orientation FF as there are not enough pairs
[M::mem_pestat] analyzing insert size distribution for orientation FR...
[M::mem_pestat] (25, 50, 75) percentile: (194, 256, 335)
[M::mem_pestat] low and high boundaries for computing mean and std.dev: (1, 617)
[M::mem_pestat] mean and std.dev: (269.18, 100.54)
[M::mem_pestat] low and high boundaries for proper pairs: (1, 758)
[M::mem_pestat] analyzing insert size distribution for orientation RF...
[M::mem_pestat] (25, 50, 75) percentile: (215, 373, 1733)
[M::mem_pestat] low and high boundaries for computing mean and std.dev: (1, 4769)
[M::mem_pestat] mean and std.dev: (842.12, 1062.70)
[M::mem_pestat] low and high boundaries for proper pairs: (1, 6287)
[M::mem_pestat] skip orientation RR as there are not enough pairs
[M::mem_pestat] skip orientation RF
[M::mem_process_seqs] Processed 2824786 reads in 3142.414 CPU sec, 79.000 real sec
[M::process] read 2808398 sequences (400000095 bp)...
[M::mem_pestat] # candidate unique pairs for (FF, FR, RF, RR): (11, 779930, 111, 16)
[M::mem_pestat] analyzing insert size distribution for orientation FF...
[M::mem_pestat] (25, 50, 75) percentile: (578, 2573, 4291)
[M::mem_pestat] low and high boundaries for computing mean and std.dev: (1, 11717)
[M::mem_pestat] mean and std.dev: (2970.00, 2814.53)
[M::mem_pestat] low and high boundaries for proper pairs: (1, 15430)
[M::mem_pestat] analyzing insert size distribution for orientation FR...
[M::mem_pestat] (25, 50, 75) percentile: (195, 256, 334)
[M::mem_pestat] low and high boundaries for computing mean and std.dev: (1, 612)
[M::mem_pestat] mean and std.dev: (268.94, 100.10)
[M::mem_pestat] low and high boundaries for proper pairs: (1, 751)
[M::mem_pestat] analyzing insert size distribution for orientation RF...
[M::mem_pestat] (25, 50, 75) percentile: (223, 924, 2434)
[M::mem_pestat] low and high boundaries for computing mean and std.dev: (1, 6856)
[M::mem_pestat] mean and std.dev: (1421.38, 1697.21)
[M::mem_pestat] low and high boundaries for proper pairs: (1, 9067)
[M::mem_pestat] analyzing insert size distribution for orientation RR...
[M::mem_pestat] (25, 50, 75) percentile: (224, 2160, 2465)
[M::mem_pestat] low and high boundaries for computing mean and std.dev: (1, 6947)
[M::mem_pestat] mean and std.dev: (1807.69, 1443.93)
[M::mem_pestat] low and high boundaries for proper pairs: (1, 9188)
[M::mem_pestat] skip orientation FF
[M::mem_pestat] skip orientation RF
[M::mem_pestat] skip orientation RR
[M::mem_process_seqs] Processed 2824720 reads in 3167.141 CPU sec, 79.388 real sec
[M::process] read 2805704 sequences (400000011 bp)...
[M::mem_pestat] # candidate unique pairs for (FF, FR, RF, RR): (13, 777970, 102, 14)
[M::mem_pestat] analyzing insert size distribution for orientation FF...
[M::mem_pestat] (25, 50, 75) percentile: (368, 1812, 3366)
[M::mem_pestat] low and high boundaries for computing mean and std.dev: (1, 9362)
[M::mem_pestat] mean and std.dev: (2185.85, 2073.03)
[M::mem_pestat] low and high boundaries for proper pairs: (1, 12360)
[M::mem_pestat] analyzing insert size distribution for orientation FR...
[M::mem_pestat] (25, 50, 75) percentile: (194, 256, 334)
[M::mem_pestat] low and high boundaries for computing mean and std.dev: (1, 614)
[M::mem_pestat] mean and std.dev: (268.78, 100.40)
[M::mem_pestat] low and high boundaries for proper pairs: (1, 754)
[M::mem_pestat] analyzing insert size distribution for orientation RF...
[M::mem_pestat] (25, 50, 75) percentile: (145, 443, 1255)
[M::mem_pestat] low and high boundaries for computing mean and std.dev: (1, 3475)
[M::mem_pestat] mean and std.dev: (609.28, 675.58)
[M::mem_pestat] low and high boundaries for proper pairs: (1, 4585)
[M::mem_pestat] analyzing insert size distribution for orientation RR...
[M::mem_pestat] (25, 50, 75) percentile: (159, 212, 3768)
[M::mem_pestat] low and high boundaries for computing mean and std.dev: (1, 10986)
[M::mem_pestat] mean and std.dev: (1937.50, 2539.58)
[M::mem_pestat] low and high boundaries for proper pairs: (1, 14595)
[M::mem_pestat] skip orientation FF
[M::mem_pestat] skip orientation RF
[M::mem_pestat] skip orientation RR
[M::mem_process_seqs] Processed 2808398 reads in 3138.576 CPU sec, 78.693 real sec
[M::process] read 2805312 sequences (400000085 bp)...
[M::mem_pestat] # candidate unique pairs for (FF, FR, RF, RR): (14, 778510, 104, 15)
[M::mem_pestat] analyzing insert size distribution for orientation FF...
[M::mem_pestat] (25, 50, 75) percentile: (155, 155, 1272)
[M::mem_pestat] low and high boundaries for computing mean and std.dev: (1, 3506)
[M::mem_pestat] mean and std.dev: (574.15, 820.49)
[M::mem_pestat] low and high boundaries for proper pairs: (1, 4623)
[M::mem_pestat] analyzing insert size distribution for orientation FR...
[M::mem_pestat] (25, 50, 75) percentile: (193, 254, 332)
[M::mem_pestat] low and high boundaries for computing mean and std.dev: (1, 610)
[M::mem_pestat] mean and std.dev: (267.54, 99.87)
[M::mem_pestat] low and high boundaries for proper pairs: (1, 749)
[M::mem_pestat] analyzing insert size distribution for orientation RF...
[M::mem_pestat] (25, 50, 75) percentile: (223, 314, 1675)
[M::mem_pestat] low and high boundaries for computing mean and std.dev: (1, 4579)
[M::mem_pestat] mean and std.dev: (959.88, 1102.46)
[M::mem_pestat] low and high boundaries for proper pairs: (1, 6031)
[M::mem_pestat] analyzing insert size distribution for orientation RR...
[M::mem_pestat] (25, 50, 75) percentile: (251, 863, 4355)
[M::mem_pestat] low and high boundaries for computing mean and std.dev: (1, 12563)
[M::mem_pestat] mean and std.dev: (1770.73, 1988.47)
[M::mem_pestat] low and high boundaries for proper pairs: (1, 16667)
[M::mem_pestat] skip orientation FF
[M::mem_pestat] skip orientation RF
[M::mem_pestat] skip orientation RR
[M::mem_process_seqs] Processed 2805704 reads in 3117.501 CPU sec, 78.146 real sec
[M::process] read 2805174 sequences (400000228 bp)...
[M::mem_pestat] # candidate unique pairs for (FF, FR, RF, RR): (8, 778512, 116, 8)
[M::mem_pestat] skip orientation FF as there are not enough pairs
[M::mem_pestat] analyzing insert size distribution for orientation FR...
[M::mem_pestat] (25, 50, 75) percentile: (192, 250, 324)
[M::mem_pestat] low and high boundaries for computing mean and std.dev: (1, 588)
[M::mem_pestat] mean and std.dev: (262.26, 95.54)
[M::mem_pestat] low and high boundaries for proper pairs: (1, 720)
[M::mem_pestat] analyzing insert size distribution for orientation RF...
[M::mem_pestat] (25, 50, 75) percentile: (204, 226, 1358)
[M::mem_pestat] low and high boundaries for computing mean and std.dev: (1, 3666)
[M::mem_pestat] mean and std.dev: (690.87, 817.03)
[M::mem_pestat] low and high boundaries for proper pairs: (1, 4820)
[M::mem_pestat] skip orientation RR as there are not enough pairs
[M::mem_pestat] skip orientation RF
[M::mem_process_seqs] Processed 2805312 reads in 3129.890 CPU sec, 78.473 real sec
[M::process] read 2823138 sequences (400000005 bp)...
[M::mem_pestat] # candidate unique pairs for (FF, FR, RF, RR): (7, 779318, 94, 8)
[M::mem_pestat] skip orientation FF as there are not enough pairs
[M::mem_pestat] analyzing insert size distribution for orientation FR...
[M::mem_pestat] (25, 50, 75) percentile: (191, 248, 322)
[M::mem_pestat] low and high boundaries for computing mean and std.dev: (1, 584)
[M::mem_pestat] mean and std.dev: (260.70, 95.36)
[M::mem_pestat] low and high boundaries for proper pairs: (1, 715)
[M::mem_pestat] analyzing insert size distribution for orientation RF...
[M::mem_pestat] (25, 50, 75) percentile: (223, 451, 2343)
[M::mem_pestat] low and high boundaries for computing mean and std.dev: (1, 6583)
[M::mem_pestat] mean and std.dev: (1174.87, 1502.85)
[M::mem_pestat] low and high boundaries for proper pairs: (1, 8703)
[M::mem_pestat] skip orientation RR as there are not enough pairs
[M::mem_pestat] skip orientation RF
[M::mem_process_seqs] Processed 2805174 reads in 3110.693 CPU sec, 77.990 real sec
[M::process] read 2822476 sequences (400000272 bp)...
[M::mem_pestat] # candidate unique pairs for (FF, FR, RF, RR): (11, 780625, 107, 11)
[M::mem_pestat] analyzing insert size distribution for orientation FF...
[M::mem_pestat] (25, 50, 75) percentile: (1188, 1196, 3994)
[M::mem_pestat] low and high boundaries for computing mean and std.dev: (1, 9606)
[M::mem_pestat] mean and std.dev: (3010.00, 3115.41)
[M::mem_pestat] low and high boundaries for proper pairs: (1, 15472)
[M::mem_pestat] analyzing insert size distribution for orientation FR...
[M::mem_pestat] (25, 50, 75) percentile: (191, 249, 322)
[M::mem_pestat] low and high boundaries for computing mean and std.dev: (1, 584)
[M::mem_pestat] mean and std.dev: (260.94, 95.22)
[M::mem_pestat] low and high boundaries for proper pairs: (1, 715)
[M::mem_pestat] analyzing insert size distribution for orientation RF...
[M::mem_pestat] (25, 50, 75) percentile: (206, 434, 2309)
[M::mem_pestat] low and high boundaries for computing mean and std.dev: (1, 6515)
[M::mem_pestat] mean and std.dev: (1179.66, 1617.98)
[M::mem_pestat] low and high boundaries for proper pairs: (1, 8618)
[M::mem_pestat] analyzing insert size distribution for orientation RR...
[M::mem_pestat] (25, 50, 75) percentile: (109, 1191, 3228)
[M::mem_pestat] low and high boundaries for computing mean and std.dev: (1, 9466)
[M::mem_pestat] mean and std.dev: (1571.73, 1614.69)
[M::mem_pestat] low and high boundaries for proper pairs: (1, 12585)
[M::mem_pestat] skip orientation FF
[M::mem_pestat] skip orientation RF
[M::mem_pestat] skip orientation RR
[M::mem_process_seqs] Processed 2823138 reads in 3151.604 CPU sec, 79.010 real sec
[M::process] read 1940798 sequences (275396957 bp)...
[M::mem_pestat] # candidate unique pairs for (FF, FR, RF, RR): (11, 780434, 94, 10)
[M::mem_pestat] analyzing insert size distribution for orientation FF...
[M::mem_pestat] (25, 50, 75) percentile: (245, 602, 1573)
[M::mem_pestat] low and high boundaries for computing mean and std.dev: (1, 4229)
[M::mem_pestat] mean and std.dev: (743.18, 600.29)
[M::mem_pestat] low and high boundaries for proper pairs: (1, 5557)
[M::mem_pestat] analyzing insert size distribution for orientation FR...
[M::mem_pestat] (25, 50, 75) percentile: (190, 247, 321)
[M::mem_pestat] low and high boundaries for computing mean and std.dev: (1, 583)
[M::mem_pestat] mean and std.dev: (259.54, 95.15)
[M::mem_pestat] low and high boundaries for proper pairs: (1, 714)
[M::mem_pestat] analyzing insert size distribution for orientation RF...
[M::mem_pestat] (25, 50, 75) percentile: (172, 323, 2244)
[M::mem_pestat] low and high boundaries for computing mean and std.dev: (1, 6388)
[M::mem_pestat] mean and std.dev: (1060.29, 1325.67)
[M::mem_pestat] low and high boundaries for proper pairs: (1, 8460)
[M::mem_pestat] analyzing insert size distribution for orientation RR...
[M::mem_pestat] (25, 50, 75) percentile: (189, 1120, 1612)
[M::mem_pestat] low and high boundaries for computing mean and std.dev: (1, 4458)
[M::mem_pestat] mean and std.dev: (1054.22, 1049.56)
[M::mem_pestat] low and high boundaries for proper pairs: (1, 5881)
[M::mem_pestat] skip orientation FF
[M::mem_pestat] skip orientation RF
[M::mem_pestat] skip orientation RR
[M::mem_process_seqs] Processed 2822476 reads in 3391.041 CPU sec, 90.926 real sec
[M::mem_pestat] # candidate unique pairs for (FF, FR, RF, RR): (5, 537501, 66, 11)
[M::mem_pestat] skip orientation FF as there are not enough pairs
[M::mem_pestat] analyzing insert size distribution for orientation FR...
[M::mem_pestat] (25, 50, 75) percentile: (190, 248, 322)
[M::mem_pestat] low and high boundaries for computing mean and std.dev: (1, 586)
[M::mem_pestat] mean and std.dev: (260.69, 95.82)
[M::mem_pestat] low and high boundaries for proper pairs: (1, 718)
[M::mem_pestat] analyzing insert size distribution for orientation RF...
[M::mem_pestat] (25, 50, 75) percentile: (223, 264, 1218)
[M::mem_pestat] low and high boundaries for computing mean and std.dev: (1, 3208)
[M::mem_pestat] mean and std.dev: (470.65, 502.39)
[M::mem_pestat] low and high boundaries for proper pairs: (1, 4203)
[M::mem_pestat] analyzing insert size distribution for orientation RR...
[M::mem_pestat] (25, 50, 75) percentile: (296, 1587, 4602)
[M::mem_pestat] low and high boundaries for computing mean and std.dev: (1, 13214)
[M::mem_pestat] mean and std.dev: (2544.82, 2668.67)
[M::mem_pestat] low and high boundaries for proper pairs: (1, 17520)
[M::mem_pestat] skip orientation RF
[M::mem_pestat] skip orientation RR
[M::mem_process_seqs] Processed 1940798 reads in 2216.984 CPU sec, 55.714 real sec
[main] Version: 0.7.17-r1188
[main] CMD: /home/shared/bwa-0.7.17/bwa mem -M -t 40 ../data/bwa-GCF_031168955.1_ASM3116895v1_genomic ../data/trimmed-fastqs-heatwave-genetics/MHW222_trimmed_clipped_R1_paired.fq.gz ../data/trimmed-fastqs-heatwave-genetics/MHW222_trimmed_clipped_R2_paired.fq.gz
[main] Real time: 2827.806 sec; CPU: 111913.292 sec
