[M::bwa_idx_load_from_disk] read 0 ALT contigs
[M::process] read 2808404 sequences (400000167 bp)...
[M::process] read 2803370 sequences (400000124 bp)...
[M::mem_pestat] # candidate unique pairs for (FF, FR, RF, RR): (16, 770622, 88, 25)
[M::mem_pestat] analyzing insert size distribution for orientation FF...
[M::mem_pestat] (25, 50, 75) percentile: (213, 930, 3362)
[M::mem_pestat] low and high boundaries for computing mean and std.dev: (1, 9660)
[M::mem_pestat] mean and std.dev: (1910.88, 2438.21)
[M::mem_pestat] low and high boundaries for proper pairs: (1, 12809)
[M::mem_pestat] analyzing insert size distribution for orientation FR...
[M::mem_pestat] (25, 50, 75) percentile: (193, 245, 317)
[M::mem_pestat] low and high boundaries for computing mean and std.dev: (1, 565)
[M::mem_pestat] mean and std.dev: (258.52, 88.77)
[M::mem_pestat] low and high boundaries for proper pairs: (1, 689)
[M::mem_pestat] analyzing insert size distribution for orientation RF...
[M::mem_pestat] (25, 50, 75) percentile: (121, 266, 1381)
[M::mem_pestat] low and high boundaries for computing mean and std.dev: (1, 3901)
[M::mem_pestat] mean and std.dev: (616.51, 788.33)
[M::mem_pestat] low and high boundaries for proper pairs: (1, 5161)
[M::mem_pestat] analyzing insert size distribution for orientation RR...
[M::mem_pestat] (25, 50, 75) percentile: (245, 452, 3689)
[M::mem_pestat] low and high boundaries for computing mean and std.dev: (1, 10577)
[M::mem_pestat] mean and std.dev: (1998.28, 2490.96)
[M::mem_pestat] low and high boundaries for proper pairs: (1, 14021)
[M::mem_pestat] skip orientation FF
[M::mem_pestat] skip orientation RF
[M::mem_pestat] skip orientation RR
[M::mem_process_seqs] Processed 2808404 reads in 2645.963 CPU sec, 66.391 real sec
[M::process] read 2798840 sequences (400000059 bp)...
[M::mem_pestat] # candidate unique pairs for (FF, FR, RF, RR): (11, 769202, 88, 14)
[M::mem_pestat] analyzing insert size distribution for orientation FF...
[M::mem_pestat] (25, 50, 75) percentile: (163, 384, 1992)
[M::mem_pestat] low and high boundaries for computing mean and std.dev: (1, 5650)
[M::mem_pestat] mean and std.dev: (949.36, 969.91)
[M::mem_pestat] low and high boundaries for proper pairs: (1, 7479)
[M::mem_pestat] analyzing insert size distribution for orientation FR...
[M::mem_pestat] (25, 50, 75) percentile: (199, 255, 329)
[M::mem_pestat] low and high boundaries for computing mean and std.dev: (1, 589)
[M::mem_pestat] mean and std.dev: (267.36, 91.53)
[M::mem_pestat] low and high boundaries for proper pairs: (1, 719)
[M::mem_pestat] analyzing insert size distribution for orientation RF...
[M::mem_pestat] (25, 50, 75) percentile: (223, 822, 2396)
[M::mem_pestat] low and high boundaries for computing mean and std.dev: (1, 6742)
[M::mem_pestat] mean and std.dev: (1232.63, 1360.42)
[M::mem_pestat] low and high boundaries for proper pairs: (1, 8915)
[M::mem_pestat] analyzing insert size distribution for orientation RR...
[M::mem_pestat] (25, 50, 75) percentile: (161, 578, 2234)
[M::mem_pestat] low and high boundaries for computing mean and std.dev: (1, 6380)
[M::mem_pestat] mean and std.dev: (1058.31, 1287.96)
[M::mem_pestat] low and high boundaries for proper pairs: (1, 8453)
[M::mem_pestat] skip orientation FF
[M::mem_pestat] skip orientation RF
[M::mem_pestat] skip orientation RR
[M::mem_process_seqs] Processed 2803370 reads in 2722.329 CPU sec, 68.300 real sec
[M::process] read 2804842 sequences (400000017 bp)...
[M::mem_pestat] # candidate unique pairs for (FF, FR, RF, RR): (24, 771408, 108, 23)
[M::mem_pestat] analyzing insert size distribution for orientation FF...
[M::mem_pestat] (25, 50, 75) percentile: (204, 1613, 3689)
[M::mem_pestat] low and high boundaries for computing mean and std.dev: (1, 10659)
[M::mem_pestat] mean and std.dev: (2256.62, 2829.08)
[M::mem_pestat] low and high boundaries for proper pairs: (1, 14144)
[M::mem_pestat] analyzing insert size distribution for orientation FR...
[M::mem_pestat] (25, 50, 75) percentile: (198, 254, 327)
[M::mem_pestat] low and high boundaries for computing mean and std.dev: (1, 585)
[M::mem_pestat] mean and std.dev: (266.37, 91.21)
[M::mem_pestat] low and high boundaries for proper pairs: (1, 714)
[M::mem_pestat] analyzing insert size distribution for orientation RF...
[M::mem_pestat] (25, 50, 75) percentile: (147, 335, 1671)
[M::mem_pestat] low and high boundaries for computing mean and std.dev: (1, 4719)
[M::mem_pestat] mean and std.dev: (859.28, 1063.34)
[M::mem_pestat] low and high boundaries for proper pairs: (1, 6243)
[M::mem_pestat] analyzing insert size distribution for orientation RR...
[M::mem_pestat] (25, 50, 75) percentile: (228, 754, 3626)
[M::mem_pestat] low and high boundaries for computing mean and std.dev: (1, 10422)
[M::mem_pestat] mean and std.dev: (1829.91, 2128.91)
[M::mem_pestat] low and high boundaries for proper pairs: (1, 13820)
[M::mem_pestat] skip orientation FF
[M::mem_pestat] skip orientation RF
[M::mem_pestat] skip orientation RR
[M::mem_process_seqs] Processed 2798840 reads in 2750.050 CPU sec, 69.004 real sec
[M::process] read 2800938 sequences (400000018 bp)...
[M::mem_pestat] # candidate unique pairs for (FF, FR, RF, RR): (16, 770683, 93, 12)
[M::mem_pestat] analyzing insert size distribution for orientation FF...
[M::mem_pestat] (25, 50, 75) percentile: (99, 204, 1271)
[M::mem_pestat] low and high boundaries for computing mean and std.dev: (1, 3615)
[M::mem_pestat] mean and std.dev: (362.50, 430.66)
[M::mem_pestat] low and high boundaries for proper pairs: (1, 4787)
[M::mem_pestat] analyzing insert size distribution for orientation FR...
[M::mem_pestat] (25, 50, 75) percentile: (196, 250, 324)
[M::mem_pestat] low and high boundaries for computing mean and std.dev: (1, 580)
[M::mem_pestat] mean and std.dev: (263.37, 90.58)
[M::mem_pestat] low and high boundaries for proper pairs: (1, 708)
[M::mem_pestat] analyzing insert size distribution for orientation RF...
[M::mem_pestat] (25, 50, 75) percentile: (128, 342, 2091)
[M::mem_pestat] low and high boundaries for computing mean and std.dev: (1, 6017)
[M::mem_pestat] mean and std.dev: (901.14, 1276.09)
[M::mem_pestat] low and high boundaries for proper pairs: (1, 7980)
[M::mem_pestat] analyzing insert size distribution for orientation RR...
[M::mem_pestat] (25, 50, 75) percentile: (227, 1517, 3536)
[M::mem_pestat] low and high boundaries for computing mean and std.dev: (1, 10154)
[M::mem_pestat] mean and std.dev: (1970.50, 2614.70)
[M::mem_pestat] low and high boundaries for proper pairs: (1, 13463)
[M::mem_pestat] skip orientation FF
[M::mem_pestat] skip orientation RF
[M::mem_pestat] skip orientation RR
[M::mem_process_seqs] Processed 2804842 reads in 2841.781 CPU sec, 71.583 real sec
[M::process] read 2800830 sequences (400000044 bp)...
[M::mem_pestat] # candidate unique pairs for (FF, FR, RF, RR): (16, 767669, 87, 27)
[M::mem_pestat] analyzing insert size distribution for orientation FF...
[M::mem_pestat] (25, 50, 75) percentile: (273, 502, 2091)
[M::mem_pestat] low and high boundaries for computing mean and std.dev: (1, 5727)
[M::mem_pestat] mean and std.dev: (1195.00, 1469.88)
[M::mem_pestat] low and high boundaries for proper pairs: (1, 7545)
[M::mem_pestat] analyzing insert size distribution for orientation FR...
[M::mem_pestat] (25, 50, 75) percentile: (203, 261, 335)
[M::mem_pestat] low and high boundaries for computing mean and std.dev: (1, 599)
[M::mem_pestat] mean and std.dev: (272.70, 92.94)
[M::mem_pestat] low and high boundaries for proper pairs: (1, 731)
[M::mem_pestat] analyzing insert size distribution for orientation RF...
[M::mem_pestat] (25, 50, 75) percentile: (216, 265, 990)
[M::mem_pestat] low and high boundaries for computing mean and std.dev: (1, 2538)
[M::mem_pestat] mean and std.dev: (419.22, 423.32)
[M::mem_pestat] low and high boundaries for proper pairs: (1, 3312)
[M::mem_pestat] analyzing insert size distribution for orientation RR...
[M::mem_pestat] (25, 50, 75) percentile: (170, 308, 2971)
[M::mem_pestat] low and high boundaries for computing mean and std.dev: (1, 8573)
[M::mem_pestat] mean and std.dev: (1565.08, 2540.02)
[M::mem_pestat] low and high boundaries for proper pairs: (1, 11725)
[M::mem_pestat] skip orientation FF
[M::mem_pestat] skip orientation RF
[M::mem_pestat] skip orientation RR
[M::mem_process_seqs] Processed 2800938 reads in 2869.553 CPU sec, 71.895 real sec
[M::process] read 2805938 sequences (400000034 bp)...
[M::mem_pestat] # candidate unique pairs for (FF, FR, RF, RR): (14, 771709, 96, 13)
[M::mem_pestat] analyzing insert size distribution for orientation FF...
[M::mem_pestat] (25, 50, 75) percentile: (239, 1634, 3247)
[M::mem_pestat] low and high boundaries for computing mean and std.dev: (1, 9263)
[M::mem_pestat] mean and std.dev: (1746.93, 1451.60)
[M::mem_pestat] low and high boundaries for proper pairs: (1, 12271)
[M::mem_pestat] analyzing insert size distribution for orientation FR...
[M::mem_pestat] (25, 50, 75) percentile: (194, 247, 320)
[M::mem_pestat] low and high boundaries for computing mean and std.dev: (1, 572)
[M::mem_pestat] mean and std.dev: (260.55, 89.71)
[M::mem_pestat] low and high boundaries for proper pairs: (1, 698)
[M::mem_pestat] analyzing insert size distribution for orientation RF...
[M::mem_pestat] (25, 50, 75) percentile: (97, 259, 1946)
[M::mem_pestat] low and high boundaries for computing mean and std.dev: (1, 5644)
[M::mem_pestat] mean and std.dev: (779.63, 1175.03)
[M::mem_pestat] low and high boundaries for proper pairs: (1, 7493)
[M::mem_pestat] analyzing insert size distribution for orientation RR...
[M::mem_pestat] (25, 50, 75) percentile: (181, 560, 2588)
[M::mem_pestat] low and high boundaries for computing mean and std.dev: (1, 7402)
[M::mem_pestat] mean and std.dev: (1389.62, 1711.61)
[M::mem_pestat] low and high boundaries for proper pairs: (1, 9809)
[M::mem_pestat] skip orientation FF
[M::mem_pestat] skip orientation RF
[M::mem_pestat] skip orientation RR
[M::mem_process_seqs] Processed 2800830 reads in 2850.324 CPU sec, 71.925 real sec
[M::process] read 2817946 sequences (400000025 bp)...
[M::mem_pestat] # candidate unique pairs for (FF, FR, RF, RR): (25, 767321, 91, 17)
[M::mem_pestat] analyzing insert size distribution for orientation FF...
[M::mem_pestat] (25, 50, 75) percentile: (208, 323, 667)
[M::mem_pestat] low and high boundaries for computing mean and std.dev: (1, 1585)
[M::mem_pestat] mean and std.dev: (391.38, 308.68)
[M::mem_pestat] low and high boundaries for proper pairs: (1, 2044)
[M::mem_pestat] analyzing insert size distribution for orientation FR...
[M::mem_pestat] (25, 50, 75) percentile: (202, 259, 333)
[M::mem_pestat] low and high boundaries for computing mean and std.dev: (1, 595)
[M::mem_pestat] mean and std.dev: (271.12, 92.41)
[M::mem_pestat] low and high boundaries for proper pairs: (1, 726)
[M::mem_pestat] analyzing insert size distribution for orientation RF...
[M::mem_pestat] (25, 50, 75) percentile: (177, 369, 1596)
[M::mem_pestat] low and high boundaries for computing mean and std.dev: (1, 4434)
[M::mem_pestat] mean and std.dev: (906.38, 1143.08)
[M::mem_pestat] low and high boundaries for proper pairs: (1, 5853)
[M::mem_pestat] analyzing insert size distribution for orientation RR...
[M::mem_pestat] (25, 50, 75) percentile: (156, 289, 4905)
[M::mem_pestat] low and high boundaries for computing mean and std.dev: (1, 14403)
[M::mem_pestat] mean and std.dev: (2328.18, 3518.07)
[M::mem_pestat] low and high boundaries for proper pairs: (1, 19152)
[M::mem_pestat] skip orientation FF
[M::mem_pestat] skip orientation RF
[M::mem_pestat] skip orientation RR
[M::mem_process_seqs] Processed 2805938 reads in 2849.311 CPU sec, 71.422 real sec
[M::process] read 2823906 sequences (400000126 bp)...
[M::mem_pestat] # candidate unique pairs for (FF, FR, RF, RR): (18, 766246, 98, 18)
[M::mem_pestat] analyzing insert size distribution for orientation FF...
[M::mem_pestat] (25, 50, 75) percentile: (145, 204, 616)
[M::mem_pestat] low and high boundaries for computing mean and std.dev: (1, 1558)
[M::mem_pestat] mean and std.dev: (290.80, 274.45)
[M::mem_pestat] low and high boundaries for proper pairs: (1, 2029)
[M::mem_pestat] analyzing insert size distribution for orientation FR...
[M::mem_pestat] (25, 50, 75) percentile: (201, 258, 333)
[M::mem_pestat] low and high boundaries for computing mean and std.dev: (1, 597)
[M::mem_pestat] mean and std.dev: (270.52, 92.82)
[M::mem_pestat] low and high boundaries for proper pairs: (1, 729)
[M::mem_pestat] analyzing insert size distribution for orientation RF...
[M::mem_pestat] (25, 50, 75) percentile: (154, 963, 4600)
[M::mem_pestat] low and high boundaries for computing mean and std.dev: (1, 13492)
[M::mem_pestat] mean and std.dev: (2262.56, 2757.96)
[M::mem_pestat] low and high boundaries for proper pairs: (1, 17938)
[M::mem_pestat] analyzing insert size distribution for orientation RR...
[M::mem_pestat] (25, 50, 75) percentile: (248, 392, 3408)
[M::mem_pestat] low and high boundaries for computing mean and std.dev: (1, 9728)
[M::mem_pestat] mean and std.dev: (2426.61, 3364.11)
[M::mem_pestat] low and high boundaries for proper pairs: (1, 15883)
[M::mem_pestat] skip orientation FF
[M::mem_pestat] skip orientation RF
[M::mem_pestat] skip orientation RR
[M::mem_process_seqs] Processed 2817946 reads in 2819.256 CPU sec, 70.978 real sec
[M::process] read 2818264 sequences (400000101 bp)...
[M::mem_pestat] # candidate unique pairs for (FF, FR, RF, RR): (11, 766811, 94, 17)
[M::mem_pestat] analyzing insert size distribution for orientation FF...
[M::mem_pestat] (25, 50, 75) percentile: (508, 1597, 8737)
[M::mem_pestat] low and high boundaries for computing mean and std.dev: (1, 25195)
[M::mem_pestat] mean and std.dev: (3444.45, 3790.70)
[M::mem_pestat] low and high boundaries for proper pairs: (1, 33424)
[M::mem_pestat] analyzing insert size distribution for orientation FR...
[M::mem_pestat] (25, 50, 75) percentile: (200, 257, 332)
[M::mem_pestat] low and high boundaries for computing mean and std.dev: (1, 596)
[M::mem_pestat] mean and std.dev: (269.75, 92.72)
[M::mem_pestat] low and high boundaries for proper pairs: (1, 728)
[M::mem_pestat] analyzing insert size distribution for orientation RF...
[M::mem_pestat] (25, 50, 75) percentile: (173, 428, 1764)
[M::mem_pestat] low and high boundaries for computing mean and std.dev: (1, 4946)
[M::mem_pestat] mean and std.dev: (907.56, 1143.69)
[M::mem_pestat] low and high boundaries for proper pairs: (1, 6537)
[M::mem_pestat] analyzing insert size distribution for orientation RR...
[M::mem_pestat] (25, 50, 75) percentile: (207, 232, 914)
[M::mem_pestat] low and high boundaries for computing mean and std.dev: (1, 2328)
[M::mem_pestat] mean and std.dev: (306.93, 217.12)
[M::mem_pestat] low and high boundaries for proper pairs: (1, 3035)
[M::mem_pestat] skip orientation FF
[M::mem_pestat] skip orientation RF
[M::mem_pestat] skip orientation RR
[M::mem_process_seqs] Processed 2823906 reads in 2857.213 CPU sec, 71.510 real sec
[M::process] read 2831238 sequences (400000041 bp)...
[M::mem_pestat] # candidate unique pairs for (FF, FR, RF, RR): (31, 767909, 105, 17)
[M::mem_pestat] analyzing insert size distribution for orientation FF...
[M::mem_pestat] (25, 50, 75) percentile: (196, 376, 1851)
[M::mem_pestat] low and high boundaries for computing mean and std.dev: (1, 5161)
[M::mem_pestat] mean and std.dev: (1081.19, 1334.43)
[M::mem_pestat] low and high boundaries for proper pairs: (1, 6816)
[M::mem_pestat] analyzing insert size distribution for orientation FR...
[M::mem_pestat] (25, 50, 75) percentile: (202, 260, 336)
[M::mem_pestat] low and high boundaries for computing mean and std.dev: (1, 604)
[M::mem_pestat] mean and std.dev: (272.57, 93.56)
[M::mem_pestat] low and high boundaries for proper pairs: (1, 738)
[M::mem_pestat] analyzing insert size distribution for orientation RF...
[M::mem_pestat] (25, 50, 75) percentile: (135, 426, 3037)
[M::mem_pestat] low and high boundaries for computing mean and std.dev: (1, 8841)
[M::mem_pestat] mean and std.dev: (1766.60, 2511.13)
[M::mem_pestat] low and high boundaries for proper pairs: (1, 11811)
[M::mem_pestat] analyzing insert size distribution for orientation RR...
[M::mem_pestat] (25, 50, 75) percentile: (159, 204, 3349)
[M::mem_pestat] low and high boundaries for computing mean and std.dev: (1, 9729)
[M::mem_pestat] mean and std.dev: (1312.35, 2085.12)
[M::mem_pestat] low and high boundaries for proper pairs: (1, 12919)
[M::mem_pestat] skip orientation FF
[M::mem_pestat] skip orientation RF
[M::mem_pestat] skip orientation RR
[M::mem_process_seqs] Processed 2818264 reads in 3123.223 CPU sec, 87.919 real sec
[M::process] read 2825712 sequences (400000078 bp)...
[M::mem_pestat] # candidate unique pairs for (FF, FR, RF, RR): (11, 766566, 64, 14)
[M::mem_pestat] analyzing insert size distribution for orientation FF...
[M::mem_pestat] (25, 50, 75) percentile: (92, 117, 904)
[M::mem_pestat] low and high boundaries for computing mean and std.dev: (1, 2528)
[M::mem_pestat] mean and std.dev: (293.00, 337.76)
[M::mem_pestat] low and high boundaries for proper pairs: (1, 3340)
[M::mem_pestat] analyzing insert size distribution for orientation FR...
[M::mem_pestat] (25, 50, 75) percentile: (200, 258, 332)
[M::mem_pestat] low and high boundaries for computing mean and std.dev: (1, 596)
[M::mem_pestat] mean and std.dev: (270.05, 92.72)
[M::mem_pestat] low and high boundaries for proper pairs: (1, 728)
[M::mem_pestat] analyzing insert size distribution for orientation RF...
[M::mem_pestat] (25, 50, 75) percentile: (134, 411, 1975)
[M::mem_pestat] low and high boundaries for computing mean and std.dev: (1, 5657)
[M::mem_pestat] mean and std.dev: (912.33, 1249.09)
[M::mem_pestat] low and high boundaries for proper pairs: (1, 7498)
[M::mem_pestat] analyzing insert size distribution for orientation RR...
[M::mem_pestat] (25, 50, 75) percentile: (199, 355, 3454)
[M::mem_pestat] low and high boundaries for computing mean and std.dev: (1, 9964)
[M::mem_pestat] mean and std.dev: (1798.29, 2418.55)
[M::mem_pestat] low and high boundaries for proper pairs: (1, 13219)
[M::mem_pestat] skip orientation FF
[M::mem_pestat] skip orientation RF
[M::mem_pestat] skip orientation RR
[M::mem_process_seqs] Processed 2831238 reads in 3022.454 CPU sec, 75.922 real sec
[M::process] read 2811548 sequences (400000293 bp)...
[M::mem_pestat] # candidate unique pairs for (FF, FR, RF, RR): (12, 768266, 87, 25)
[M::mem_pestat] analyzing insert size distribution for orientation FF...
[M::mem_pestat] (25, 50, 75) percentile: (218, 496, 4151)
[M::mem_pestat] low and high boundaries for computing mean and std.dev: (1, 12017)
[M::mem_pestat] mean and std.dev: (2262.33, 2890.74)
[M::mem_pestat] low and high boundaries for proper pairs: (1, 15950)
[M::mem_pestat] analyzing insert size distribution for orientation FR...
[M::mem_pestat] (25, 50, 75) percentile: (202, 261, 337)
[M::mem_pestat] low and high boundaries for computing mean and std.dev: (1, 607)
[M::mem_pestat] mean and std.dev: (273.28, 94.10)
[M::mem_pestat] low and high boundaries for proper pairs: (1, 742)
[M::mem_pestat] analyzing insert size distribution for orientation RF...
[M::mem_pestat] (25, 50, 75) percentile: (168, 449, 2814)
[M::mem_pestat] low and high boundaries for computing mean and std.dev: (1, 8106)
[M::mem_pestat] mean and std.dev: (1394.00, 2104.98)
[M::mem_pestat] low and high boundaries for proper pairs: (1, 10752)
[M::mem_pestat] analyzing insert size distribution for orientation RR...
[M::mem_pestat] (25, 50, 75) percentile: (158, 507, 7404)
[M::mem_pestat] low and high boundaries for computing mean and std.dev: (1, 21896)
[M::mem_pestat] mean and std.dev: (3010.56, 3492.28)
[M::mem_pestat] low and high boundaries for proper pairs: (1, 29142)
[M::mem_pestat] skip orientation FF
[M::mem_pestat] skip orientation RF
[M::mem_pestat] skip orientation RR
[M::mem_process_seqs] Processed 2825712 reads in 3022.598 CPU sec, 76.012 real sec
[M::process] read 2805746 sequences (400000151 bp)...
[M::mem_pestat] # candidate unique pairs for (FF, FR, RF, RR): (22, 768018, 110, 13)
[M::mem_pestat] analyzing insert size distribution for orientation FF...
[M::mem_pestat] (25, 50, 75) percentile: (287, 1318, 6543)
[M::mem_pestat] low and high boundaries for computing mean and std.dev: (1, 19055)
[M::mem_pestat] mean and std.dev: (3315.82, 3589.08)
[M::mem_pestat] low and high boundaries for proper pairs: (1, 25311)
[M::mem_pestat] analyzing insert size distribution for orientation FR...
[M::mem_pestat] (25, 50, 75) percentile: (201, 258, 332)
[M::mem_pestat] low and high boundaries for computing mean and std.dev: (1, 594)
[M::mem_pestat] mean and std.dev: (270.26, 92.37)
[M::mem_pestat] low and high boundaries for proper pairs: (1, 725)
[M::mem_pestat] analyzing insert size distribution for orientation RF...
[M::mem_pestat] (25, 50, 75) percentile: (128, 224, 1105)
[M::mem_pestat] low and high boundaries for computing mean and std.dev: (1, 3059)
[M::mem_pestat] mean and std.dev: (441.68, 488.65)
[M::mem_pestat] low and high boundaries for proper pairs: (1, 4036)
[M::mem_pestat] analyzing insert size distribution for orientation RR...
[M::mem_pestat] (25, 50, 75) percentile: (153, 220, 2186)
[M::mem_pestat] low and high boundaries for computing mean and std.dev: (1, 6252)
[M::mem_pestat] mean and std.dev: (452.82, 583.84)
[M::mem_pestat] low and high boundaries for proper pairs: (1, 8285)
[M::mem_pestat] skip orientation FF
[M::mem_pestat] skip orientation RF
[M::mem_pestat] skip orientation RR
[M::mem_process_seqs] Processed 2811548 reads in 2969.956 CPU sec, 76.531 real sec
[M::process] read 2800742 sequences (400000070 bp)...
[M::mem_pestat] # candidate unique pairs for (FF, FR, RF, RR): (16, 766924, 85, 25)
[M::mem_pestat] analyzing insert size distribution for orientation FF...
[M::mem_pestat] (25, 50, 75) percentile: (98, 154, 614)
[M::mem_pestat] low and high boundaries for computing mean and std.dev: (1, 1646)
[M::mem_pestat] mean and std.dev: (160.62, 143.39)
[M::mem_pestat] low and high boundaries for proper pairs: (1, 2162)
[M::mem_pestat] analyzing insert size distribution for orientation FR...
[M::mem_pestat] (25, 50, 75) percentile: (198, 253, 328)
[M::mem_pestat] low and high boundaries for computing mean and std.dev: (1, 588)
[M::mem_pestat] mean and std.dev: (266.70, 92.39)
[M::mem_pestat] low and high boundaries for proper pairs: (1, 718)
[M::mem_pestat] analyzing insert size distribution for orientation RF...
[M::mem_pestat] (25, 50, 75) percentile: (157, 480, 1372)
[M::mem_pestat] low and high boundaries for computing mean and std.dev: (1, 3802)
[M::mem_pestat] mean and std.dev: (673.82, 738.85)
[M::mem_pestat] low and high boundaries for proper pairs: (1, 5017)
[M::mem_pestat] analyzing insert size distribution for orientation RR...
[M::mem_pestat] (25, 50, 75) percentile: (126, 179, 608)
[M::mem_pestat] low and high boundaries for computing mean and std.dev: (1, 1572)
[M::mem_pestat] mean and std.dev: (315.68, 365.79)
[M::mem_pestat] low and high boundaries for proper pairs: (1, 2054)
[M::mem_pestat] skip orientation FF
[M::mem_pestat] skip orientation RF
[M::mem_pestat] skip orientation RR
[M::mem_process_seqs] Processed 2805746 reads in 3049.869 CPU sec, 85.776 real sec
[M::process] read 2802244 sequences (400000282 bp)...
[M::mem_pestat] # candidate unique pairs for (FF, FR, RF, RR): (14, 767426, 103, 11)
[M::mem_pestat] analyzing insert size distribution for orientation FF...
[M::mem_pestat] (25, 50, 75) percentile: (200, 527, 2211)
[M::mem_pestat] low and high boundaries for computing mean and std.dev: (1, 6233)
[M::mem_pestat] mean and std.dev: (1176.71, 1163.47)
[M::mem_pestat] low and high boundaries for proper pairs: (1, 8244)
[M::mem_pestat] analyzing insert size distribution for orientation FR...
[M::mem_pestat] (25, 50, 75) percentile: (200, 257, 331)
[M::mem_pestat] low and high boundaries for computing mean and std.dev: (1, 593)
[M::mem_pestat] mean and std.dev: (269.18, 92.18)
[M::mem_pestat] low and high boundaries for proper pairs: (1, 724)
[M::mem_pestat] analyzing insert size distribution for orientation RF...
[M::mem_pestat] (25, 50, 75) percentile: (124, 341, 1814)
[M::mem_pestat] low and high boundaries for computing mean and std.dev: (1, 5194)
[M::mem_pestat] mean and std.dev: (798.26, 1034.62)
[M::mem_pestat] low and high boundaries for proper pairs: (1, 6884)
[M::mem_pestat] analyzing insert size distribution for orientation RR...
[M::mem_pestat] (25, 50, 75) percentile: (210, 344, 1852)
[M::mem_pestat] low and high boundaries for computing mean and std.dev: (1, 5136)
[M::mem_pestat] mean and std.dev: (931.80, 1301.97)
[M::mem_pestat] low and high boundaries for proper pairs: (1, 6778)
[M::mem_pestat] skip orientation FF
[M::mem_pestat] skip orientation RF
[M::mem_pestat] skip orientation RR
[M::mem_process_seqs] Processed 2800742 reads in 3308.291 CPU sec, 106.838 real sec
[M::process] read 2801316 sequences (400000108 bp)...
[M::mem_pestat] # candidate unique pairs for (FF, FR, RF, RR): (13, 769446, 78, 21)
[M::mem_pestat] analyzing insert size distribution for orientation FF...
[M::mem_pestat] (25, 50, 75) percentile: (379, 967, 3858)
[M::mem_pestat] low and high boundaries for computing mean and std.dev: (1, 10816)
[M::mem_pestat] mean and std.dev: (2098.77, 2412.25)
[M::mem_pestat] low and high boundaries for proper pairs: (1, 14295)
[M::mem_pestat] analyzing insert size distribution for orientation FR...
[M::mem_pestat] (25, 50, 75) percentile: (196, 250, 323)
[M::mem_pestat] low and high boundaries for computing mean and std.dev: (1, 577)
[M::mem_pestat] mean and std.dev: (263.19, 90.69)
[M::mem_pestat] low and high boundaries for proper pairs: (1, 704)
[M::mem_pestat] analyzing insert size distribution for orientation RF...
[M::mem_pestat] (25, 50, 75) percentile: (128, 316, 1186)
[M::mem_pestat] low and high boundaries for computing mean and std.dev: (1, 3302)
[M::mem_pestat] mean and std.dev: (520.70, 664.18)
[M::mem_pestat] low and high boundaries for proper pairs: (1, 4360)
[M::mem_pestat] analyzing insert size distribution for orientation RR...
[M::mem_pestat] (25, 50, 75) percentile: (231, 296, 8419)
[M::mem_pestat] low and high boundaries for computing mean and std.dev: (1, 24795)
[M::mem_pestat] mean and std.dev: (2573.86, 3558.47)
[M::mem_pestat] low and high boundaries for proper pairs: (1, 32983)
[M::mem_pestat] skip orientation FF
[M::mem_pestat] skip orientation RF
[M::mem_pestat] skip orientation RR
[M::mem_process_seqs] Processed 2802244 reads in 3069.792 CPU sec, 83.357 real sec
[M::process] read 2801346 sequences (400000269 bp)...
[M::mem_pestat] # candidate unique pairs for (FF, FR, RF, RR): (10, 769308, 102, 17)
[M::mem_pestat] analyzing insert size distribution for orientation FF...
[M::mem_pestat] (25, 50, 75) percentile: (176, 194, 228)
[M::mem_pestat] low and high boundaries for computing mean and std.dev: (72, 332)
[M::mem_pestat] mean and std.dev: (189.67, 32.74)
[M::mem_pestat] low and high boundaries for proper pairs: (20, 384)
[M::mem_pestat] analyzing insert size distribution for orientation FR...
[M::mem_pestat] (25, 50, 75) percentile: (201, 259, 333)
[M::mem_pestat] low and high boundaries for computing mean and std.dev: (1, 597)
[M::mem_pestat] mean and std.dev: (270.90, 92.52)
[M::mem_pestat] low and high boundaries for proper pairs: (1, 729)
[M::mem_pestat] analyzing insert size distribution for orientation RF...
[M::mem_pestat] (25, 50, 75) percentile: (172, 392, 2508)
[M::mem_pestat] low and high boundaries for computing mean and std.dev: (1, 7180)
[M::mem_pestat] mean and std.dev: (1311.98, 1906.86)
[M::mem_pestat] low and high boundaries for proper pairs: (1, 9516)
[M::mem_pestat] analyzing insert size distribution for orientation RR...
[M::mem_pestat] (25, 50, 75) percentile: (272, 377, 2642)
[M::mem_pestat] low and high boundaries for computing mean and std.dev: (1, 7382)
[M::mem_pestat] mean and std.dev: (1245.69, 1532.92)
[M::mem_pestat] low and high boundaries for proper pairs: (1, 9752)
[M::mem_pestat] skip orientation FF
[M::mem_pestat] skip orientation RF
[M::mem_pestat] skip orientation RR
[M::mem_process_seqs] Processed 2801316 reads in 3011.650 CPU sec, 79.774 real sec
[M::process] read 2800600 sequences (400000265 bp)...
[M::mem_pestat] # candidate unique pairs for (FF, FR, RF, RR): (10, 770226, 89, 13)
[M::mem_pestat] analyzing insert size distribution for orientation FF...
[M::mem_pestat] (25, 50, 75) percentile: (303, 566, 861)
[M::mem_pestat] low and high boundaries for computing mean and std.dev: (1, 1977)
[M::mem_pestat] mean and std.dev: (454.00, 202.92)
[M::mem_pestat] low and high boundaries for proper pairs: (1, 2535)
[M::mem_pestat] analyzing insert size distribution for orientation FR...
[M::mem_pestat] (25, 50, 75) percentile: (197, 251, 325)
[M::mem_pestat] low and high boundaries for computing mean and std.dev: (1, 581)
[M::mem_pestat] mean and std.dev: (264.42, 91.15)
[M::mem_pestat] low and high boundaries for proper pairs: (1, 709)
[M::mem_pestat] analyzing insert size distribution for orientation RF...
[M::mem_pestat] (25, 50, 75) percentile: (223, 989, 3939)
[M::mem_pestat] low and high boundaries for computing mean and std.dev: (1, 11371)
[M::mem_pestat] mean and std.dev: (2214.57, 2384.88)
[M::mem_pestat] low and high boundaries for proper pairs: (1, 15087)
[M::mem_pestat] analyzing insert size distribution for orientation RR...
[M::mem_pestat] (25, 50, 75) percentile: (393, 559, 2068)
[M::mem_pestat] low and high boundaries for computing mean and std.dev: (1, 5418)
[M::mem_pestat] mean and std.dev: (1336.46, 1701.58)
[M::mem_pestat] low and high boundaries for proper pairs: (1, 8143)
[M::mem_pestat] skip orientation FF
[M::mem_pestat] skip orientation RF
[M::mem_pestat] skip orientation RR
[M::mem_process_seqs] Processed 2801346 reads in 3325.988 CPU sec, 96.962 real sec
[M::process] read 2797140 sequences (400000180 bp)...
[M::mem_pestat] # candidate unique pairs for (FF, FR, RF, RR): (12, 769224, 97, 15)
[M::mem_pestat] analyzing insert size distribution for orientation FF...
[M::mem_pestat] (25, 50, 75) percentile: (265, 316, 639)
[M::mem_pestat] low and high boundaries for computing mean and std.dev: (1, 1387)
[M::mem_pestat] mean and std.dev: (394.67, 240.50)
[M::mem_pestat] low and high boundaries for proper pairs: (1, 1761)
[M::mem_pestat] analyzing insert size distribution for orientation FR...
[M::mem_pestat] (25, 50, 75) percentile: (198, 254, 328)
[M::mem_pestat] low and high boundaries for computing mean and std.dev: (1, 588)
[M::mem_pestat] mean and std.dev: (266.67, 91.83)
[M::mem_pestat] low and high boundaries for proper pairs: (1, 718)
[M::mem_pestat] analyzing insert size distribution for orientation RF...
[M::mem_pestat] (25, 50, 75) percentile: (190, 359, 1490)
[M::mem_pestat] low and high boundaries for computing mean and std.dev: (1, 4090)
[M::mem_pestat] mean and std.dev: (731.62, 1059.85)
[M::mem_pestat] low and high boundaries for proper pairs: (1, 5390)
[M::mem_pestat] analyzing insert size distribution for orientation RR...
[M::mem_pestat] (25, 50, 75) percentile: (163, 324, 1559)
[M::mem_pestat] low and high boundaries for computing mean and std.dev: (1, 4351)
[M::mem_pestat] mean and std.dev: (734.77, 999.10)
[M::mem_pestat] low and high boundaries for proper pairs: (1, 5747)
[M::mem_pestat] skip orientation FF
[M::mem_pestat] skip orientation RF
[M::mem_pestat] skip orientation RR
[M::mem_process_seqs] Processed 2800600 reads in 3096.461 CPU sec, 80.834 real sec
[M::process] read 2819414 sequences (400000160 bp)...
[M::mem_pestat] # candidate unique pairs for (FF, FR, RF, RR): (16, 767815, 97, 25)
[M::mem_pestat] analyzing insert size distribution for orientation FF...
[M::mem_pestat] (25, 50, 75) percentile: (188, 417, 802)
[M::mem_pestat] low and high boundaries for computing mean and std.dev: (1, 2030)
[M::mem_pestat] mean and std.dev: (486.87, 400.14)
[M::mem_pestat] low and high boundaries for proper pairs: (1, 2644)
[M::mem_pestat] analyzing insert size distribution for orientation FR...
[M::mem_pestat] (25, 50, 75) percentile: (200, 257, 332)
[M::mem_pestat] low and high boundaries for computing mean and std.dev: (1, 596)
[M::mem_pestat] mean and std.dev: (269.80, 92.30)
[M::mem_pestat] low and high boundaries for proper pairs: (1, 728)
[M::mem_pestat] analyzing insert size distribution for orientation RF...
[M::mem_pestat] (25, 50, 75) percentile: (223, 530, 2482)
[M::mem_pestat] low and high boundaries for computing mean and std.dev: (1, 7000)
[M::mem_pestat] mean and std.dev: (1342.79, 1754.86)
[M::mem_pestat] low and high boundaries for proper pairs: (1, 9259)
[M::mem_pestat] analyzing insert size distribution for orientation RR...
[M::mem_pestat] (25, 50, 75) percentile: (187, 384, 2658)
[M::mem_pestat] low and high boundaries for computing mean and std.dev: (1, 7600)
[M::mem_pestat] mean and std.dev: (819.50, 1325.63)
[M::mem_pestat] low and high boundaries for proper pairs: (1, 10071)
[M::mem_pestat] skip orientation FF
[M::mem_pestat] skip orientation RF
[M::mem_pestat] skip orientation RR
[M::mem_process_seqs] Processed 2797140 reads in 2924.951 CPU sec, 73.508 real sec
[M::process] read 2821804 sequences (400000056 bp)...
[M::mem_pestat] # candidate unique pairs for (FF, FR, RF, RR): (17, 763899, 83, 19)
[M::mem_pestat] analyzing insert size distribution for orientation FF...
[M::mem_pestat] (25, 50, 75) percentile: (127, 302, 1911)
[M::mem_pestat] low and high boundaries for computing mean and std.dev: (1, 5479)
[M::mem_pestat] mean and std.dev: (983.12, 1226.85)
[M::mem_pestat] low and high boundaries for proper pairs: (1, 7263)
[M::mem_pestat] analyzing insert size distribution for orientation FR...
[M::mem_pestat] (25, 50, 75) percentile: (202, 260, 335)
[M::mem_pestat] low and high boundaries for computing mean and std.dev: (1, 601)
[M::mem_pestat] mean and std.dev: (271.92, 93.23)
[M::mem_pestat] low and high boundaries for proper pairs: (1, 734)
[M::mem_pestat] analyzing insert size distribution for orientation RF...
[M::mem_pestat] (25, 50, 75) percentile: (172, 616, 2393)
[M::mem_pestat] low and high boundaries for computing mean and std.dev: (1, 6835)
[M::mem_pestat] mean and std.dev: (1478.06, 1726.93)
[M::mem_pestat] low and high boundaries for proper pairs: (1, 9056)
[M::mem_pestat] analyzing insert size distribution for orientation RR...
[M::mem_pestat] (25, 50, 75) percentile: (287, 695, 1570)
[M::mem_pestat] low and high boundaries for computing mean and std.dev: (1, 4136)
[M::mem_pestat] mean and std.dev: (1020.28, 975.98)
[M::mem_pestat] low and high boundaries for proper pairs: (1, 5419)
[M::mem_pestat] skip orientation FF
[M::mem_pestat] skip orientation RF
[M::mem_pestat] skip orientation RR
[M::mem_process_seqs] Processed 2819414 reads in 2882.509 CPU sec, 72.599 real sec
[M::process] read 2823698 sequences (400000120 bp)...
[M::mem_pestat] # candidate unique pairs for (FF, FR, RF, RR): (29, 765953, 87, 16)
[M::mem_pestat] analyzing insert size distribution for orientation FF...
[M::mem_pestat] (25, 50, 75) percentile: (241, 492, 4442)
[M::mem_pestat] low and high boundaries for computing mean and std.dev: (1, 12844)
[M::mem_pestat] mean and std.dev: (2408.34, 3015.59)
[M::mem_pestat] low and high boundaries for proper pairs: (1, 17045)
[M::mem_pestat] analyzing insert size distribution for orientation FR...
[M::mem_pestat] (25, 50, 75) percentile: (201, 259, 335)
[M::mem_pestat] low and high boundaries for computing mean and std.dev: (1, 603)
[M::mem_pestat] mean and std.dev: (271.68, 93.49)
[M::mem_pestat] low and high boundaries for proper pairs: (1, 737)
[M::mem_pestat] analyzing insert size distribution for orientation RF...
[M::mem_pestat] (25, 50, 75) percentile: (139, 369, 1104)
[M::mem_pestat] low and high boundaries for computing mean and std.dev: (1, 3034)
[M::mem_pestat] mean and std.dev: (533.17, 635.18)
[M::mem_pestat] low and high boundaries for proper pairs: (1, 3999)
[M::mem_pestat] analyzing insert size distribution for orientation RR...
[M::mem_pestat] (25, 50, 75) percentile: (207, 496, 1491)
[M::mem_pestat] low and high boundaries for computing mean and std.dev: (1, 4059)
[M::mem_pestat] mean and std.dev: (696.69, 654.05)
[M::mem_pestat] low and high boundaries for proper pairs: (1, 5343)
[M::mem_pestat] skip orientation FF
[M::mem_pestat] skip orientation RF
[M::mem_pestat] skip orientation RR
[M::mem_process_seqs] Processed 2821804 reads in 2888.392 CPU sec, 72.448 real sec
[M::process] read 2830134 sequences (400000034 bp)...
[M::mem_pestat] # candidate unique pairs for (FF, FR, RF, RR): (17, 766193, 82, 18)
[M::mem_pestat] analyzing insert size distribution for orientation FF...
[M::mem_pestat] (25, 50, 75) percentile: (202, 335, 1408)
[M::mem_pestat] low and high boundaries for computing mean and std.dev: (1, 3820)
[M::mem_pestat] mean and std.dev: (845.18, 954.60)
[M::mem_pestat] low and high boundaries for proper pairs: (1, 5026)
[M::mem_pestat] analyzing insert size distribution for orientation FR...
[M::mem_pestat] (25, 50, 75) percentile: (201, 259, 334)
[M::mem_pestat] low and high boundaries for computing mean and std.dev: (1, 600)
[M::mem_pestat] mean and std.dev: (271.42, 93.12)
[M::mem_pestat] low and high boundaries for proper pairs: (1, 733)
[M::mem_pestat] analyzing insert size distribution for orientation RF...
[M::mem_pestat] (25, 50, 75) percentile: (220, 470, 2625)
[M::mem_pestat] low and high boundaries for computing mean and std.dev: (1, 7435)
[M::mem_pestat] mean and std.dev: (1636.94, 2057.17)
[M::mem_pestat] low and high boundaries for proper pairs: (1, 9866)
[M::mem_pestat] analyzing insert size distribution for orientation RR...
[M::mem_pestat] (25, 50, 75) percentile: (223, 616, 2642)
[M::mem_pestat] low and high boundaries for computing mean and std.dev: (1, 7480)
[M::mem_pestat] mean and std.dev: (973.20, 1168.48)
[M::mem_pestat] low and high boundaries for proper pairs: (1, 9899)
[M::mem_pestat] skip orientation FF
[M::mem_pestat] skip orientation RF
[M::mem_pestat] skip orientation RR
[M::mem_process_seqs] Processed 2823698 reads in 2988.676 CPU sec, 74.956 real sec
[M::process] read 2818016 sequences (400000284 bp)...
[M::mem_pestat] # candidate unique pairs for (FF, FR, RF, RR): (17, 768214, 106, 17)
[M::mem_pestat] analyzing insert size distribution for orientation FF...
[M::mem_pestat] (25, 50, 75) percentile: (214, 755, 2279)
[M::mem_pestat] low and high boundaries for computing mean and std.dev: (1, 6409)
[M::mem_pestat] mean and std.dev: (930.47, 973.28)
[M::mem_pestat] low and high boundaries for proper pairs: (1, 8474)
[M::mem_pestat] analyzing insert size distribution for orientation FR...
[M::mem_pestat] (25, 50, 75) percentile: (201, 260, 335)
[M::mem_pestat] low and high boundaries for computing mean and std.dev: (1, 603)
[M::mem_pestat] mean and std.dev: (271.85, 93.53)
[M::mem_pestat] low and high boundaries for proper pairs: (1, 737)
[M::mem_pestat] analyzing insert size distribution for orientation RF...
[M::mem_pestat] (25, 50, 75) percentile: (129, 395, 3612)
[M::mem_pestat] low and high boundaries for computing mean and std.dev: (1, 10578)
[M::mem_pestat] mean and std.dev: (1919.73, 2571.09)
[M::mem_pestat] low and high boundaries for proper pairs: (1, 14061)
[M::mem_pestat] analyzing insert size distribution for orientation RR...
[M::mem_pestat] (25, 50, 75) percentile: (149, 243, 4489)
[M::mem_pestat] low and high boundaries for computing mean and std.dev: (1, 13169)
[M::mem_pestat] mean and std.dev: (2309.24, 3207.95)
[M::mem_pestat] low and high boundaries for proper pairs: (1, 17509)
[M::mem_pestat] skip orientation FF
[M::mem_pestat] skip orientation RF
[M::mem_pestat] skip orientation RR
[M::mem_process_seqs] Processed 2830134 reads in 3234.074 CPU sec, 81.109 real sec
[M::process] read 2827804 sequences (400000232 bp)...
[M::mem_pestat] # candidate unique pairs for (FF, FR, RF, RR): (14, 767795, 72, 19)
[M::mem_pestat] analyzing insert size distribution for orientation FF...
[M::mem_pestat] (25, 50, 75) percentile: (248, 1111, 2037)
[M::mem_pestat] low and high boundaries for computing mean and std.dev: (1, 5615)
[M::mem_pestat] mean and std.dev: (1320.14, 1146.89)
[M::mem_pestat] low and high boundaries for proper pairs: (1, 7404)
[M::mem_pestat] analyzing insert size distribution for orientation FR...
[M::mem_pestat] (25, 50, 75) percentile: (202, 260, 334)
[M::mem_pestat] low and high boundaries for computing mean and std.dev: (1, 598)
[M::mem_pestat] mean and std.dev: (271.84, 93.10)
[M::mem_pestat] low and high boundaries for proper pairs: (1, 730)
[M::mem_pestat] analyzing insert size distribution for orientation RF...
[M::mem_pestat] (25, 50, 75) percentile: (188, 343, 1256)
[M::mem_pestat] low and high boundaries for computing mean and std.dev: (1, 3392)
[M::mem_pestat] mean and std.dev: (630.83, 762.29)
[M::mem_pestat] low and high boundaries for proper pairs: (1, 4460)
[M::mem_pestat] analyzing insert size distribution for orientation RR...
[M::mem_pestat] (25, 50, 75) percentile: (223, 287, 2696)
[M::mem_pestat] low and high boundaries for computing mean and std.dev: (1, 7642)
[M::mem_pestat] mean and std.dev: (1005.72, 1384.55)
[M::mem_pestat] low and high boundaries for proper pairs: (1, 10115)
[M::mem_pestat] skip orientation FF
[M::mem_pestat] skip orientation RF
[M::mem_pestat] skip orientation RR
[M::mem_process_seqs] Processed 2818016 reads in 3014.231 CPU sec, 75.612 real sec
[M::process] read 2810504 sequences (400000051 bp)...
[M::mem_pestat] # candidate unique pairs for (FF, FR, RF, RR): (17, 766507, 80, 16)
[M::mem_pestat] analyzing insert size distribution for orientation FF...
[M::mem_pestat] (25, 50, 75) percentile: (237, 451, 2015)
[M::mem_pestat] low and high boundaries for computing mean and std.dev: (1, 5571)
[M::mem_pestat] mean and std.dev: (901.31, 839.57)
[M::mem_pestat] low and high boundaries for proper pairs: (1, 7349)
[M::mem_pestat] analyzing insert size distribution for orientation FR...
[M::mem_pestat] (25, 50, 75) percentile: (201, 259, 335)
[M::mem_pestat] low and high boundaries for computing mean and std.dev: (1, 603)
[M::mem_pestat] mean and std.dev: (271.59, 93.46)
[M::mem_pestat] low and high boundaries for proper pairs: (1, 737)
[M::mem_pestat] analyzing insert size distribution for orientation RF...
[M::mem_pestat] (25, 50, 75) percentile: (134, 358, 1419)
[M::mem_pestat] low and high boundaries for computing mean and std.dev: (1, 3989)
[M::mem_pestat] mean and std.dev: (547.10, 647.61)
[M::mem_pestat] low and high boundaries for proper pairs: (1, 5274)
[M::mem_pestat] analyzing insert size distribution for orientation RR...
[M::mem_pestat] (25, 50, 75) percentile: (246, 561, 3947)
[M::mem_pestat] low and high boundaries for computing mean and std.dev: (1, 11349)
[M::mem_pestat] mean and std.dev: (2406.19, 3215.41)
[M::mem_pestat] low and high boundaries for proper pairs: (1, 15268)
[M::mem_pestat] skip orientation FF
[M::mem_pestat] skip orientation RF
[M::mem_pestat] skip orientation RR
[M::mem_process_seqs] Processed 2827804 reads in 3111.388 CPU sec, 118.318 real sec
[M::process] read 2786330 sequences (400000110 bp)...
[M::mem_pestat] # candidate unique pairs for (FF, FR, RF, RR): (19, 766372, 113, 10)
[M::mem_pestat] analyzing insert size distribution for orientation FF...
[M::mem_pestat] (25, 50, 75) percentile: (483, 989, 3099)
[M::mem_pestat] low and high boundaries for computing mean and std.dev: (1, 8331)
[M::mem_pestat] mean and std.dev: (1534.39, 1468.33)
[M::mem_pestat] low and high boundaries for proper pairs: (1, 10947)
[M::mem_pestat] analyzing insert size distribution for orientation FR...
[M::mem_pestat] (25, 50, 75) percentile: (202, 260, 336)
[M::mem_pestat] low and high boundaries for computing mean and std.dev: (1, 604)
[M::mem_pestat] mean and std.dev: (272.63, 93.94)
[M::mem_pestat] low and high boundaries for proper pairs: (1, 738)
[M::mem_pestat] analyzing insert size distribution for orientation RF...
[M::mem_pestat] (25, 50, 75) percentile: (169, 444, 2032)
[M::mem_pestat] low and high boundaries for computing mean and std.dev: (1, 5758)
[M::mem_pestat] mean and std.dev: (953.01, 1201.93)
[M::mem_pestat] low and high boundaries for proper pairs: (1, 7621)
[M::mem_pestat] analyzing insert size distribution for orientation RR...
[M::mem_pestat] (25, 50, 75) percentile: (241, 1748, 2990)
[M::mem_pestat] low and high boundaries for computing mean and std.dev: (1, 8488)
[M::mem_pestat] mean and std.dev: (1171.38, 1018.02)
[M::mem_pestat] low and high boundaries for proper pairs: (1, 11237)
[M::mem_pestat] skip orientation FF
[M::mem_pestat] skip orientation RF
[M::mem_pestat] skip orientation RR
[M::mem_process_seqs] Processed 2810504 reads in 3066.633 CPU sec, 133.968 real sec
[M::process] read 2783612 sequences (400000163 bp)...
[M::mem_pestat] # candidate unique pairs for (FF, FR, RF, RR): (22, 766776, 90, 19)
[M::mem_pestat] analyzing insert size distribution for orientation FF...
[M::mem_pestat] (25, 50, 75) percentile: (135, 550, 2441)
[M::mem_pestat] low and high boundaries for computing mean and std.dev: (1, 7053)
[M::mem_pestat] mean and std.dev: (1428.55, 2194.80)
[M::mem_pestat] low and high boundaries for proper pairs: (1, 10208)
[M::mem_pestat] analyzing insert size distribution for orientation FR...
[M::mem_pestat] (25, 50, 75) percentile: (203, 261, 337)
[M::mem_pestat] low and high boundaries for computing mean and std.dev: (1, 605)
[M::mem_pestat] mean and std.dev: (273.64, 93.86)
[M::mem_pestat] low and high boundaries for proper pairs: (1, 739)
[M::mem_pestat] analyzing insert size distribution for orientation RF...
[M::mem_pestat] (25, 50, 75) percentile: (223, 440, 2385)
[M::mem_pestat] low and high boundaries for computing mean and std.dev: (1, 6709)
[M::mem_pestat] mean and std.dev: (1063.41, 1259.85)
[M::mem_pestat] low and high boundaries for proper pairs: (1, 8871)
[M::mem_pestat] analyzing insert size distribution for orientation RR...
[M::mem_pestat] (25, 50, 75) percentile: (232, 270, 5749)
[M::mem_pestat] low and high boundaries for computing mean and std.dev: (1, 16783)
[M::mem_pestat] mean and std.dev: (2388.58, 3225.31)
[M::mem_pestat] low and high boundaries for proper pairs: (1, 22300)
[M::mem_pestat] skip orientation FF
[M::mem_pestat] skip orientation RF
[M::mem_pestat] skip orientation RR
[M::mem_process_seqs] Processed 2786330 reads in 3042.553 CPU sec, 132.712 real sec
[M::process] read 2783728 sequences (400000145 bp)...
[M::mem_pestat] # candidate unique pairs for (FF, FR, RF, RR): (23, 766659, 85, 9)
[M::mem_pestat] analyzing insert size distribution for orientation FF...
[M::mem_pestat] (25, 50, 75) percentile: (631, 2915, 8250)
[M::mem_pestat] low and high boundaries for computing mean and std.dev: (1, 23488)
[M::mem_pestat] mean and std.dev: (3710.00, 3513.08)
[M::mem_pestat] low and high boundaries for proper pairs: (1, 31107)
[M::mem_pestat] analyzing insert size distribution for orientation FR...
[M::mem_pestat] (25, 50, 75) percentile: (203, 262, 337)
[M::mem_pestat] low and high boundaries for computing mean and std.dev: (1, 605)
[M::mem_pestat] mean and std.dev: (274.24, 94.05)
[M::mem_pestat] low and high boundaries for proper pairs: (1, 739)
[M::mem_pestat] analyzing insert size distribution for orientation RF...
[M::mem_pestat] (25, 50, 75) percentile: (214, 244, 1578)
[M::mem_pestat] low and high boundaries for computing mean and std.dev: (1, 4306)
[M::mem_pestat] mean and std.dev: (737.46, 856.60)
[M::mem_pestat] low and high boundaries for proper pairs: (1, 5670)
[M::mem_pestat] skip orientation RR as there are not enough pairs
[M::mem_pestat] skip orientation FF
[M::mem_pestat] skip orientation RF
[M::mem_process_seqs] Processed 2783612 reads in 3038.054 CPU sec, 132.850 real sec
[M::process] read 2782846 sequences (400000294 bp)...
[M::mem_pestat] # candidate unique pairs for (FF, FR, RF, RR): (16, 765284, 76, 20)
[M::mem_pestat] analyzing insert size distribution for orientation FF...
[M::mem_pestat] (25, 50, 75) percentile: (161, 399, 3364)
[M::mem_pestat] low and high boundaries for computing mean and std.dev: (1, 9770)
[M::mem_pestat] mean and std.dev: (1399.06, 1797.86)
[M::mem_pestat] low and high boundaries for proper pairs: (1, 12973)
[M::mem_pestat] analyzing insert size distribution for orientation FR...
[M::mem_pestat] (25, 50, 75) percentile: (205, 264, 339)
[M::mem_pestat] low and high boundaries for computing mean and std.dev: (1, 607)
[M::mem_pestat] mean and std.dev: (275.85, 94.08)
[M::mem_pestat] low and high boundaries for proper pairs: (1, 741)
[M::mem_pestat] analyzing insert size distribution for orientation RF...
[M::mem_pestat] (25, 50, 75) percentile: (119, 588, 2159)
[M::mem_pestat] low and high boundaries for computing mean and std.dev: (1, 6239)
[M::mem_pestat] mean and std.dev: (866.70, 1144.02)
[M::mem_pestat] low and high boundaries for proper pairs: (1, 8279)
[M::mem_pestat] analyzing insert size distribution for orientation RR...
[M::mem_pestat] (25, 50, 75) percentile: (212, 355, 2060)
[M::mem_pestat] low and high boundaries for computing mean and std.dev: (1, 5756)
[M::mem_pestat] mean and std.dev: (972.65, 1071.08)
[M::mem_pestat] low and high boundaries for proper pairs: (1, 7604)
[M::mem_pestat] skip orientation FF
[M::mem_pestat] skip orientation RF
[M::mem_pestat] skip orientation RR
[M::mem_process_seqs] Processed 2783728 reads in 3040.012 CPU sec, 132.674 real sec
[M::process] read 2790974 sequences (400000185 bp)...
[M::mem_pestat] # candidate unique pairs for (FF, FR, RF, RR): (21, 763990, 101, 17)
[M::mem_pestat] analyzing insert size distribution for orientation FF...
[M::mem_pestat] (25, 50, 75) percentile: (246, 612, 1778)
[M::mem_pestat] low and high boundaries for computing mean and std.dev: (1, 4842)
[M::mem_pestat] mean and std.dev: (995.50, 1115.03)
[M::mem_pestat] low and high boundaries for proper pairs: (1, 6374)
[M::mem_pestat] analyzing insert size distribution for orientation FR...
[M::mem_pestat] (25, 50, 75) percentile: (205, 264, 339)
[M::mem_pestat] low and high boundaries for computing mean and std.dev: (1, 607)
[M::mem_pestat] mean and std.dev: (275.81, 94.20)
[M::mem_pestat] low and high boundaries for proper pairs: (1, 741)
[M::mem_pestat] analyzing insert size distribution for orientation RF...
[M::mem_pestat] (25, 50, 75) percentile: (176, 407, 1040)
[M::mem_pestat] low and high boundaries for computing mean and std.dev: (1, 2768)
[M::mem_pestat] mean and std.dev: (643.47, 689.80)
[M::mem_pestat] low and high boundaries for proper pairs: (1, 3632)
[M::mem_pestat] analyzing insert size distribution for orientation RR...
[M::mem_pestat] (25, 50, 75) percentile: (198, 584, 2639)
[M::mem_pestat] low and high boundaries for computing mean and std.dev: (1, 7521)
[M::mem_pestat] mean and std.dev: (1484.18, 1699.99)
[M::mem_pestat] low and high boundaries for proper pairs: (1, 9962)
[M::mem_pestat] skip orientation FF
[M::mem_pestat] skip orientation RF
[M::mem_pestat] skip orientation RR
[M::mem_process_seqs] Processed 2782846 reads in 3054.877 CPU sec, 133.207 real sec
[M::process] read 2803498 sequences (400000234 bp)...
[M::mem_pestat] # candidate unique pairs for (FF, FR, RF, RR): (19, 762907, 105, 18)
[M::mem_pestat] analyzing insert size distribution for orientation FF...
[M::mem_pestat] (25, 50, 75) percentile: (225, 297, 667)
[M::mem_pestat] low and high boundaries for computing mean and std.dev: (1, 1551)
[M::mem_pestat] mean and std.dev: (292.20, 168.34)
[M::mem_pestat] low and high boundaries for proper pairs: (1, 1993)
[M::mem_pestat] analyzing insert size distribution for orientation FR...
[M::mem_pestat] (25, 50, 75) percentile: (208, 269, 344)
[M::mem_pestat] low and high boundaries for computing mean and std.dev: (1, 616)
[M::mem_pestat] mean and std.dev: (279.87, 94.74)
[M::mem_pestat] low and high boundaries for proper pairs: (1, 752)
[M::mem_pestat] analyzing insert size distribution for orientation RF...
[M::mem_pestat] (25, 50, 75) percentile: (107, 225, 1039)
[M::mem_pestat] low and high boundaries for computing mean and std.dev: (1, 2903)
[M::mem_pestat] mean and std.dev: (456.62, 615.88)
[M::mem_pestat] low and high boundaries for proper pairs: (1, 3835)
[M::mem_pestat] analyzing insert size distribution for orientation RR...
[M::mem_pestat] (25, 50, 75) percentile: (601, 1382, 3696)
[M::mem_pestat] low and high boundaries for computing mean and std.dev: (1, 9886)
[M::mem_pestat] mean and std.dev: (2819.78, 3155.94)
[M::mem_pestat] low and high boundaries for proper pairs: (1, 15444)
[M::mem_pestat] skip orientation FF
[M::mem_pestat] skip orientation RF
[M::mem_pestat] skip orientation RR
[M::mem_process_seqs] Processed 2790974 reads in 3181.477 CPU sec, 139.070 real sec
[M::process] read 2800628 sequences (400000276 bp)...
[M::mem_pestat] # candidate unique pairs for (FF, FR, RF, RR): (21, 764915, 94, 17)
[M::mem_pestat] analyzing insert size distribution for orientation FF...
[M::mem_pestat] (25, 50, 75) percentile: (212, 516, 1803)
[M::mem_pestat] low and high boundaries for computing mean and std.dev: (1, 4985)
[M::mem_pestat] mean and std.dev: (953.00, 1146.88)
[M::mem_pestat] low and high boundaries for proper pairs: (1, 6576)
[M::mem_pestat] analyzing insert size distribution for orientation FR...
[M::mem_pestat] (25, 50, 75) percentile: (206, 267, 343)
[M::mem_pestat] low and high boundaries for computing mean and std.dev: (1, 617)
[M::mem_pestat] mean and std.dev: (278.69, 95.27)
[M::mem_pestat] low and high boundaries for proper pairs: (1, 754)
[M::mem_pestat] analyzing insert size distribution for orientation RF...
[M::mem_pestat] (25, 50, 75) percentile: (223, 468, 1809)
[M::mem_pestat] low and high boundaries for computing mean and std.dev: (1, 4981)
[M::mem_pestat] mean and std.dev: (921.38, 1117.20)
[M::mem_pestat] low and high boundaries for proper pairs: (1, 6567)
[M::mem_pestat] analyzing insert size distribution for orientation RR...
[M::mem_pestat] (25, 50, 75) percentile: (215, 340, 5287)
[M::mem_pestat] low and high boundaries for computing mean and std.dev: (1, 15431)
[M::mem_pestat] mean and std.dev: (1767.47, 2703.78)
[M::mem_pestat] low and high boundaries for proper pairs: (1, 20503)
[M::mem_pestat] skip orientation FF
[M::mem_pestat] skip orientation RF
[M::mem_pestat] skip orientation RR
[M::mem_process_seqs] Processed 2803498 reads in 3138.534 CPU sec, 137.090 real sec
[M::process] read 2801548 sequences (400000022 bp)...
[M::mem_pestat] # candidate unique pairs for (FF, FR, RF, RR): (16, 764466, 95, 7)
[M::mem_pestat] analyzing insert size distribution for orientation FF...
[M::mem_pestat] (25, 50, 75) percentile: (265, 2411, 5173)
[M::mem_pestat] low and high boundaries for computing mean and std.dev: (1, 14989)
[M::mem_pestat] mean and std.dev: (2990.75, 3479.47)
[M::mem_pestat] low and high boundaries for proper pairs: (1, 19897)
[M::mem_pestat] analyzing insert size distribution for orientation FR...
[M::mem_pestat] (25, 50, 75) percentile: (206, 267, 344)
[M::mem_pestat] low and high boundaries for computing mean and std.dev: (1, 620)
[M::mem_pestat] mean and std.dev: (278.98, 95.61)
[M::mem_pestat] low and high boundaries for proper pairs: (1, 758)
[M::mem_pestat] analyzing insert size distribution for orientation RF...
[M::mem_pestat] (25, 50, 75) percentile: (97, 349, 1757)
[M::mem_pestat] low and high boundaries for computing mean and std.dev: (1, 5077)
[M::mem_pestat] mean and std.dev: (840.00, 1148.41)
[M::mem_pestat] low and high boundaries for proper pairs: (1, 6737)
[M::mem_pestat] skip orientation RR as there are not enough pairs
[M::mem_pestat] skip orientation FF
[M::mem_pestat] skip orientation RF
[M::mem_process_seqs] Processed 2800628 reads in 3129.703 CPU sec, 133.246 real sec
[M::process] read 2790836 sequences (400000119 bp)...
[M::mem_pestat] # candidate unique pairs for (FF, FR, RF, RR): (10, 764150, 106, 17)
[M::mem_pestat] analyzing insert size distribution for orientation FF...
[M::mem_pestat] (25, 50, 75) percentile: (287, 510, 2911)
[M::mem_pestat] low and high boundaries for computing mean and std.dev: (1, 8159)
[M::mem_pestat] mean and std.dev: (1605.90, 1806.01)
[M::mem_pestat] low and high boundaries for proper pairs: (1, 10783)
[M::mem_pestat] analyzing insert size distribution for orientation FR...
[M::mem_pestat] (25, 50, 75) percentile: (208, 270, 346)
[M::mem_pestat] low and high boundaries for computing mean and std.dev: (1, 622)
[M::mem_pestat] mean and std.dev: (280.88, 95.91)
[M::mem_pestat] low and high boundaries for proper pairs: (1, 760)
[M::mem_pestat] analyzing insert size distribution for orientation RF...
[M::mem_pestat] (25, 50, 75) percentile: (96, 224, 1216)
[M::mem_pestat] low and high boundaries for computing mean and std.dev: (1, 3456)
[M::mem_pestat] mean and std.dev: (558.81, 729.21)
[M::mem_pestat] low and high boundaries for proper pairs: (1, 4576)
[M::mem_pestat] analyzing insert size distribution for orientation RR...
[M::mem_pestat] (25, 50, 75) percentile: (171, 173, 1932)
[M::mem_pestat] low and high boundaries for computing mean and std.dev: (1, 5454)
[M::mem_pestat] mean and std.dev: (844.00, 1364.85)
[M::mem_pestat] low and high boundaries for proper pairs: (1, 7215)
[M::mem_pestat] skip orientation FF
[M::mem_pestat] skip orientation RF
[M::mem_pestat] skip orientation RR
[M::mem_process_seqs] Processed 2801548 reads in 3270.245 CPU sec, 155.232 real sec
[M::process] read 333622 sequences (47798942 bp)...
[M::mem_pestat] # candidate unique pairs for (FF, FR, RF, RR): (22, 763542, 98, 10)
[M::mem_pestat] analyzing insert size distribution for orientation FF...
[M::mem_pestat] (25, 50, 75) percentile: (176, 283, 1560)
[M::mem_pestat] low and high boundaries for computing mean and std.dev: (1, 4328)
[M::mem_pestat] mean and std.dev: (601.40, 604.53)
[M::mem_pestat] low and high boundaries for proper pairs: (1, 5712)
[M::mem_pestat] analyzing insert size distribution for orientation FR...
[M::mem_pestat] (25, 50, 75) percentile: (208, 270, 346)
[M::mem_pestat] low and high boundaries for computing mean and std.dev: (1, 622)
[M::mem_pestat] mean and std.dev: (281.12, 96.34)
[M::mem_pestat] low and high boundaries for proper pairs: (1, 760)
[M::mem_pestat] analyzing insert size distribution for orientation RF...
[M::mem_pestat] (25, 50, 75) percentile: (223, 580, 2742)
[M::mem_pestat] low and high boundaries for computing mean and std.dev: (1, 7780)
[M::mem_pestat] mean and std.dev: (1205.27, 1521.43)
[M::mem_pestat] low and high boundaries for proper pairs: (1, 10299)
[M::mem_pestat] analyzing insert size distribution for orientation RR...
[M::mem_pestat] (25, 50, 75) percentile: (135, 172, 290)
[M::mem_pestat] low and high boundaries for computing mean and std.dev: (1, 600)
[M::mem_pestat] mean and std.dev: (164.38, 60.78)
[M::mem_pestat] low and high boundaries for proper pairs: (1, 755)
[M::mem_pestat] skip orientation FF
[M::mem_pestat] skip orientation RF
[M::mem_pestat] skip orientation RR
[M::mem_process_seqs] Processed 2790836 reads in 3083.820 CPU sec, 134.555 real sec
[M::mem_pestat] # candidate unique pairs for (FF, FR, RF, RR): (3, 91284, 9, 4)
[M::mem_pestat] skip orientation FF as there are not enough pairs
[M::mem_pestat] analyzing insert size distribution for orientation FR...
[M::mem_pestat] (25, 50, 75) percentile: (208, 268, 345)
[M::mem_pestat] low and high boundaries for computing mean and std.dev: (1, 619)
[M::mem_pestat] mean and std.dev: (280.71, 96.75)
[M::mem_pestat] low and high boundaries for proper pairs: (1, 756)
[M::mem_pestat] skip orientation RF as there are not enough pairs
[M::mem_pestat] skip orientation RR as there are not enough pairs
[M::mem_process_seqs] Processed 333622 reads in 368.816 CPU sec, 17.190 real sec
[main] Version: 0.7.17-r1188
[main] CMD: /home/shared/bwa-0.7.17/bwa mem -M -t 40 ../data/bwa-GCF_031168955.1_ASM3116895v1_genomic ../data/trimmed-fastqs-heatwave-genetics/MHW292_trimmed_clipped_R1_paired.fq.gz ../data/trimmed-fastqs-heatwave-genetics/MHW292_trimmed_clipped_R2_paired.fq.gz
[main] Real time: 3446.627 sec; CPU: 108675.198 sec
