[M::bwa_idx_load_from_disk] read 0 ALT contigs
[M::process] read 2807036 sequences (400000167 bp)...
[M::process] read 2803626 sequences (400000103 bp)...
[M::mem_pestat] # candidate unique pairs for (FF, FR, RF, RR): (13, 766694, 85, 15)
[M::mem_pestat] analyzing insert size distribution for orientation FF...
[M::mem_pestat] (25, 50, 75) percentile: (106, 228, 1790)
[M::mem_pestat] low and high boundaries for computing mean and std.dev: (1, 5158)
[M::mem_pestat] mean and std.dev: (933.54, 919.45)
[M::mem_pestat] low and high boundaries for proper pairs: (1, 6842)
[M::mem_pestat] analyzing insert size distribution for orientation FR...
[M::mem_pestat] (25, 50, 75) percentile: (201, 262, 340)
[M::mem_pestat] low and high boundaries for computing mean and std.dev: (1, 618)
[M::mem_pestat] mean and std.dev: (275.13, 101.53)
[M::mem_pestat] low and high boundaries for proper pairs: (1, 757)
[M::mem_pestat] analyzing insert size distribution for orientation RF...
[M::mem_pestat] (25, 50, 75) percentile: (147, 359, 920)
[M::mem_pestat] low and high boundaries for computing mean and std.dev: (1, 2466)
[M::mem_pestat] mean and std.dev: (500.25, 550.96)
[M::mem_pestat] low and high boundaries for proper pairs: (1, 3239)
[M::mem_pestat] analyzing insert size distribution for orientation RR...
[M::mem_pestat] (25, 50, 75) percentile: (100, 204, 370)
[M::mem_pestat] low and high boundaries for computing mean and std.dev: (1, 910)
[M::mem_pestat] mean and std.dev: (201.07, 131.64)
[M::mem_pestat] low and high boundaries for proper pairs: (1, 1180)
[M::mem_pestat] skip orientation FF
[M::mem_pestat] skip orientation RF
[M::mem_pestat] skip orientation RR
[M::mem_process_seqs] Processed 2807036 reads in 3209.223 CPU sec, 80.520 real sec
[M::process] read 2797938 sequences (400000276 bp)...
[M::mem_pestat] # candidate unique pairs for (FF, FR, RF, RR): (11, 765749, 116, 16)
[M::mem_pestat] analyzing insert size distribution for orientation FF...
[M::mem_pestat] (25, 50, 75) percentile: (699, 1743, 2082)
[M::mem_pestat] low and high boundaries for computing mean and std.dev: (1, 4848)
[M::mem_pestat] mean and std.dev: (1443.00, 1127.69)
[M::mem_pestat] low and high boundaries for proper pairs: (1, 6231)
[M::mem_pestat] analyzing insert size distribution for orientation FR...
[M::mem_pestat] (25, 50, 75) percentile: (210, 274, 352)
[M::mem_pestat] low and high boundaries for computing mean and std.dev: (1, 636)
[M::mem_pestat] mean and std.dev: (285.32, 102.77)
[M::mem_pestat] low and high boundaries for proper pairs: (1, 778)
[M::mem_pestat] analyzing insert size distribution for orientation RF...
[M::mem_pestat] (25, 50, 75) percentile: (195, 386, 1610)
[M::mem_pestat] low and high boundaries for computing mean and std.dev: (1, 4440)
[M::mem_pestat] mean and std.dev: (957.84, 1283.44)
[M::mem_pestat] low and high boundaries for proper pairs: (1, 6092)
[M::mem_pestat] analyzing insert size distribution for orientation RR...
[M::mem_pestat] (25, 50, 75) percentile: (141, 302, 2383)
[M::mem_pestat] low and high boundaries for computing mean and std.dev: (1, 6867)
[M::mem_pestat] mean and std.dev: (1199.69, 1641.67)
[M::mem_pestat] low and high boundaries for proper pairs: (1, 9109)
[M::mem_pestat] skip orientation FF
[M::mem_pestat] skip orientation RF
[M::mem_pestat] skip orientation RR
[M::mem_process_seqs] Processed 2803626 reads in 3369.393 CPU sec, 84.499 real sec
[M::process] read 2798206 sequences (400000151 bp)...
[M::mem_pestat] # candidate unique pairs for (FF, FR, RF, RR): (13, 767868, 111, 15)
[M::mem_pestat] analyzing insert size distribution for orientation FF...
[M::mem_pestat] (25, 50, 75) percentile: (170, 337, 1995)
[M::mem_pestat] low and high boundaries for computing mean and std.dev: (1, 5645)
[M::mem_pestat] mean and std.dev: (1102.67, 1213.36)
[M::mem_pestat] low and high boundaries for proper pairs: (1, 7470)
[M::mem_pestat] analyzing insert size distribution for orientation FR...
[M::mem_pestat] (25, 50, 75) percentile: (202, 264, 342)
[M::mem_pestat] low and high boundaries for computing mean and std.dev: (1, 622)
[M::mem_pestat] mean and std.dev: (276.80, 101.77)
[M::mem_pestat] low and high boundaries for proper pairs: (1, 762)
[M::mem_pestat] analyzing insert size distribution for orientation RF...
[M::mem_pestat] (25, 50, 75) percentile: (128, 241, 1325)
[M::mem_pestat] low and high boundaries for computing mean and std.dev: (1, 3719)
[M::mem_pestat] mean and std.dev: (696.00, 855.62)
[M::mem_pestat] low and high boundaries for proper pairs: (1, 4916)
[M::mem_pestat] analyzing insert size distribution for orientation RR...
[M::mem_pestat] (25, 50, 75) percentile: (185, 232, 3309)
[M::mem_pestat] low and high boundaries for computing mean and std.dev: (1, 9557)
[M::mem_pestat] mean and std.dev: (1478.53, 1907.02)
[M::mem_pestat] low and high boundaries for proper pairs: (1, 12681)
[M::mem_pestat] skip orientation FF
[M::mem_pestat] skip orientation RF
[M::mem_pestat] skip orientation RR
[M::mem_process_seqs] Processed 2797938 reads in 3281.235 CPU sec, 82.281 real sec
[M::process] read 2803132 sequences (400000037 bp)...
[M::mem_pestat] # candidate unique pairs for (FF, FR, RF, RR): (20, 767754, 99, 20)
[M::mem_pestat] analyzing insert size distribution for orientation FF...
[M::mem_pestat] (25, 50, 75) percentile: (173, 197, 573)
[M::mem_pestat] low and high boundaries for computing mean and std.dev: (1, 1373)
[M::mem_pestat] mean and std.dev: (222.94, 147.55)
[M::mem_pestat] low and high boundaries for proper pairs: (1, 1773)
[M::mem_pestat] analyzing insert size distribution for orientation FR...
[M::mem_pestat] (25, 50, 75) percentile: (210, 273, 350)
[M::mem_pestat] low and high boundaries for computing mean and std.dev: (1, 630)
[M::mem_pestat] mean and std.dev: (284.52, 102.22)
[M::mem_pestat] low and high boundaries for proper pairs: (1, 770)
[M::mem_pestat] analyzing insert size distribution for orientation RF...
[M::mem_pestat] (25, 50, 75) percentile: (154, 325, 2152)
[M::mem_pestat] low and high boundaries for computing mean and std.dev: (1, 6148)
[M::mem_pestat] mean and std.dev: (1146.56, 1610.91)
[M::mem_pestat] low and high boundaries for proper pairs: (1, 8146)
[M::mem_pestat] analyzing insert size distribution for orientation RR...
[M::mem_pestat] (25, 50, 75) percentile: (252, 3750, 8987)
[M::mem_pestat] low and high boundaries for computing mean and std.dev: (1, 26457)
[M::mem_pestat] mean and std.dev: (4059.60, 3753.58)
[M::mem_pestat] low and high boundaries for proper pairs: (1, 35192)
[M::mem_pestat] skip orientation FF
[M::mem_pestat] skip orientation RF
[M::mem_pestat] skip orientation RR
[M::mem_process_seqs] Processed 2798206 reads in 3391.878 CPU sec, 85.052 real sec
[M::process] read 2795818 sequences (400000273 bp)...
[M::mem_pestat] # candidate unique pairs for (FF, FR, RF, RR): (14, 766975, 108, 17)
[M::mem_pestat] analyzing insert size distribution for orientation FF...
[M::mem_pestat] (25, 50, 75) percentile: (105, 176, 228)
[M::mem_pestat] low and high boundaries for computing mean and std.dev: (1, 474)
[M::mem_pestat] mean and std.dev: (140.91, 52.61)
[M::mem_pestat] low and high boundaries for proper pairs: (1, 597)
[M::mem_pestat] analyzing insert size distribution for orientation FR...
[M::mem_pestat] (25, 50, 75) percentile: (203, 265, 342)
[M::mem_pestat] low and high boundaries for computing mean and std.dev: (1, 620)
[M::mem_pestat] mean and std.dev: (277.10, 101.29)
[M::mem_pestat] low and high boundaries for proper pairs: (1, 759)
[M::mem_pestat] analyzing insert size distribution for orientation RF...
[M::mem_pestat] (25, 50, 75) percentile: (214, 352, 1205)
[M::mem_pestat] low and high boundaries for computing mean and std.dev: (1, 3187)
[M::mem_pestat] mean and std.dev: (591.88, 656.97)
[M::mem_pestat] low and high boundaries for proper pairs: (1, 4178)
[M::mem_pestat] analyzing insert size distribution for orientation RR...
[M::mem_pestat] (25, 50, 75) percentile: (121, 278, 376)
[M::mem_pestat] low and high boundaries for computing mean and std.dev: (1, 886)
[M::mem_pestat] mean and std.dev: (229.29, 136.23)
[M::mem_pestat] low and high boundaries for proper pairs: (1, 1141)
[M::mem_pestat] skip orientation FF
[M::mem_pestat] skip orientation RF
[M::mem_pestat] skip orientation RR
[M::mem_process_seqs] Processed 2803132 reads in 3345.485 CPU sec, 84.070 real sec
[M::process] read 2798866 sequences (400000196 bp)...
[M::mem_pestat] # candidate unique pairs for (FF, FR, RF, RR): (20, 766838, 113, 14)
[M::mem_pestat] analyzing insert size distribution for orientation FF...
[M::mem_pestat] (25, 50, 75) percentile: (167, 3389, 3389)
[M::mem_pestat] low and high boundaries for computing mean and std.dev: (1, 9833)
[M::mem_pestat] mean and std.dev: (2657.05, 3065.51)
[M::mem_pestat] low and high boundaries for proper pairs: (1, 14919)
[M::mem_pestat] analyzing insert size distribution for orientation FR...
[M::mem_pestat] (25, 50, 75) percentile: (209, 273, 350)
[M::mem_pestat] low and high boundaries for computing mean and std.dev: (1, 632)
[M::mem_pestat] mean and std.dev: (284.59, 102.50)
[M::mem_pestat] low and high boundaries for proper pairs: (1, 773)
[M::mem_pestat] analyzing insert size distribution for orientation RF...
[M::mem_pestat] (25, 50, 75) percentile: (153, 478, 2048)
[M::mem_pestat] low and high boundaries for computing mean and std.dev: (1, 5838)
[M::mem_pestat] mean and std.dev: (1014.99, 1322.57)
[M::mem_pestat] low and high boundaries for proper pairs: (1, 7733)
[M::mem_pestat] analyzing insert size distribution for orientation RR...
[M::mem_pestat] (25, 50, 75) percentile: (270, 342, 4171)
[M::mem_pestat] low and high boundaries for computing mean and std.dev: (1, 11973)
[M::mem_pestat] mean and std.dev: (2439.43, 3389.78)
[M::mem_pestat] low and high boundaries for proper pairs: (1, 15999)
[M::mem_pestat] skip orientation FF
[M::mem_pestat] skip orientation RF
[M::mem_pestat] skip orientation RR
[M::mem_process_seqs] Processed 2795818 reads in 3382.009 CPU sec, 84.598 real sec
[M::process] read 2796692 sequences (400000039 bp)...
[M::mem_pestat] # candidate unique pairs for (FF, FR, RF, RR): (17, 767707, 97, 12)
[M::mem_pestat] analyzing insert size distribution for orientation FF...
[M::mem_pestat] (25, 50, 75) percentile: (283, 358, 2390)
[M::mem_pestat] low and high boundaries for computing mean and std.dev: (1, 6604)
[M::mem_pestat] mean and std.dev: (995.69, 1489.83)
[M::mem_pestat] low and high boundaries for proper pairs: (1, 8711)
[M::mem_pestat] analyzing insert size distribution for orientation FR...
[M::mem_pestat] (25, 50, 75) percentile: (203, 264, 342)
[M::mem_pestat] low and high boundaries for computing mean and std.dev: (1, 620)
[M::mem_pestat] mean and std.dev: (277.07, 101.54)
[M::mem_pestat] low and high boundaries for proper pairs: (1, 759)
[M::mem_pestat] analyzing insert size distribution for orientation RF...
[M::mem_pestat] (25, 50, 75) percentile: (158, 265, 2456)
[M::mem_pestat] low and high boundaries for computing mean and std.dev: (1, 7052)
[M::mem_pestat] mean and std.dev: (1108.67, 1650.22)
[M::mem_pestat] low and high boundaries for proper pairs: (1, 9350)
[M::mem_pestat] analyzing insert size distribution for orientation RR...
[M::mem_pestat] (25, 50, 75) percentile: (122, 248, 423)
[M::mem_pestat] low and high boundaries for computing mean and std.dev: (1, 1025)
[M::mem_pestat] mean and std.dev: (226.73, 129.97)
[M::mem_pestat] low and high boundaries for proper pairs: (1, 1326)
[M::mem_pestat] skip orientation FF
[M::mem_pestat] skip orientation RF
[M::mem_pestat] skip orientation RR
[M::mem_process_seqs] Processed 2798866 reads in 3306.129 CPU sec, 83.082 real sec
[M::process] read 2823754 sequences (400000105 bp)...
[M::mem_pestat] # candidate unique pairs for (FF, FR, RF, RR): (10, 767292, 111, 15)
[M::mem_pestat] analyzing insert size distribution for orientation FF...
[M::mem_pestat] (25, 50, 75) percentile: (125, 144, 318)
[M::mem_pestat] low and high boundaries for computing mean and std.dev: (1, 704)
[M::mem_pestat] mean and std.dev: (162.00, 69.09)
[M::mem_pestat] low and high boundaries for proper pairs: (1, 897)
[M::mem_pestat] analyzing insert size distribution for orientation FR...
[M::mem_pestat] (25, 50, 75) percentile: (210, 274, 352)
[M::mem_pestat] low and high boundaries for computing mean and std.dev: (1, 636)
[M::mem_pestat] mean and std.dev: (285.99, 102.82)
[M::mem_pestat] low and high boundaries for proper pairs: (1, 778)
[M::mem_pestat] analyzing insert size distribution for orientation RF...
[M::mem_pestat] (25, 50, 75) percentile: (128, 561, 1865)
[M::mem_pestat] low and high boundaries for computing mean and std.dev: (1, 5339)
[M::mem_pestat] mean and std.dev: (918.60, 1054.80)
[M::mem_pestat] low and high boundaries for proper pairs: (1, 7076)
[M::mem_pestat] analyzing insert size distribution for orientation RR...
[M::mem_pestat] (25, 50, 75) percentile: (161, 709, 5119)
[M::mem_pestat] low and high boundaries for computing mean and std.dev: (1, 15035)
[M::mem_pestat] mean and std.dev: (2840.40, 3080.43)
[M::mem_pestat] low and high boundaries for proper pairs: (1, 19993)
[M::mem_pestat] skip orientation FF
[M::mem_pestat] skip orientation RF
[M::mem_pestat] skip orientation RR
[M::mem_process_seqs] Processed 2796692 reads in 3406.321 CPU sec, 85.217 real sec
[M::process] read 2822784 sequences (400000266 bp)...
[M::mem_pestat] # candidate unique pairs for (FF, FR, RF, RR): (9, 763947, 142, 14)
[M::mem_pestat] skip orientation FF as there are not enough pairs
[M::mem_pestat] analyzing insert size distribution for orientation FR...
[M::mem_pestat] (25, 50, 75) percentile: (206, 269, 348)
[M::mem_pestat] low and high boundaries for computing mean and std.dev: (1, 632)
[M::mem_pestat] mean and std.dev: (281.48, 102.95)
[M::mem_pestat] low and high boundaries for proper pairs: (1, 774)
[M::mem_pestat] analyzing insert size distribution for orientation RF...
[M::mem_pestat] (25, 50, 75) percentile: (223, 322, 1322)
[M::mem_pestat] low and high boundaries for computing mean and std.dev: (1, 3520)
[M::mem_pestat] mean and std.dev: (621.07, 720.60)
[M::mem_pestat] low and high boundaries for proper pairs: (1, 4619)
[M::mem_pestat] analyzing insert size distribution for orientation RR...
[M::mem_pestat] (25, 50, 75) percentile: (320, 1158, 3633)
[M::mem_pestat] low and high boundaries for computing mean and std.dev: (1, 10259)
[M::mem_pestat] mean and std.dev: (2595.21, 3275.91)
[M::mem_pestat] low and high boundaries for proper pairs: (1, 15699)
[M::mem_pestat] skip orientation RF
[M::mem_pestat] skip orientation RR
[M::mem_process_seqs] Processed 2823754 reads in 3360.955 CPU sec, 84.375 real sec
[M::process] read 2819794 sequences (400000011 bp)...
[M::mem_pestat] # candidate unique pairs for (FF, FR, RF, RR): (10, 768016, 124, 17)
[M::mem_pestat] analyzing insert size distribution for orientation FF...
[M::mem_pestat] (25, 50, 75) percentile: (375, 1256, 1785)
[M::mem_pestat] low and high boundaries for computing mean and std.dev: (1, 4605)
[M::mem_pestat] mean and std.dev: (1244.70, 1173.83)
[M::mem_pestat] low and high boundaries for proper pairs: (1, 6015)
[M::mem_pestat] analyzing insert size distribution for orientation FR...
[M::mem_pestat] (25, 50, 75) percentile: (208, 273, 353)
[M::mem_pestat] low and high boundaries for computing mean and std.dev: (1, 643)
[M::mem_pestat] mean and std.dev: (285.63, 104.66)
[M::mem_pestat] low and high boundaries for proper pairs: (1, 788)
[M::mem_pestat] analyzing insert size distribution for orientation RF...
[M::mem_pestat] (25, 50, 75) percentile: (110, 291, 1397)
[M::mem_pestat] low and high boundaries for computing mean and std.dev: (1, 3971)
[M::mem_pestat] mean and std.dev: (589.69, 732.51)
[M::mem_pestat] low and high boundaries for proper pairs: (1, 5258)
[M::mem_pestat] analyzing insert size distribution for orientation RR...
[M::mem_pestat] (25, 50, 75) percentile: (274, 338, 1403)
[M::mem_pestat] low and high boundaries for computing mean and std.dev: (1, 3661)
[M::mem_pestat] mean and std.dev: (411.64, 312.96)
[M::mem_pestat] low and high boundaries for proper pairs: (1, 4790)
[M::mem_pestat] skip orientation FF
[M::mem_pestat] skip orientation RF
[M::mem_pestat] skip orientation RR
[M::mem_process_seqs] Processed 2822784 reads in 3412.161 CPU sec, 85.751 real sec
[M::process] read 2813740 sequences (400000171 bp)...
[M::mem_pestat] # candidate unique pairs for (FF, FR, RF, RR): (13, 766514, 88, 21)
[M::mem_pestat] analyzing insert size distribution for orientation FF...
[M::mem_pestat] (25, 50, 75) percentile: (233, 815, 1187)
[M::mem_pestat] low and high boundaries for computing mean and std.dev: (1, 3095)
[M::mem_pestat] mean and std.dev: (782.54, 511.40)
[M::mem_pestat] low and high boundaries for proper pairs: (1, 4049)
[M::mem_pestat] analyzing insert size distribution for orientation FR...
[M::mem_pestat] (25, 50, 75) percentile: (206, 270, 348)
[M::mem_pestat] low and high boundaries for computing mean and std.dev: (1, 632)
[M::mem_pestat] mean and std.dev: (282.06, 103.12)
[M::mem_pestat] low and high boundaries for proper pairs: (1, 774)
[M::mem_pestat] analyzing insert size distribution for orientation RF...
[M::mem_pestat] (25, 50, 75) percentile: (163, 322, 1397)
[M::mem_pestat] low and high boundaries for computing mean and std.dev: (1, 3865)
[M::mem_pestat] mean and std.dev: (704.27, 798.55)
[M::mem_pestat] low and high boundaries for proper pairs: (1, 5099)
[M::mem_pestat] analyzing insert size distribution for orientation RR...
[M::mem_pestat] (25, 50, 75) percentile: (296, 758, 2008)
[M::mem_pestat] low and high boundaries for computing mean and std.dev: (1, 5432)
[M::mem_pestat] mean and std.dev: (961.19, 854.09)
[M::mem_pestat] low and high boundaries for proper pairs: (1, 7144)
[M::mem_pestat] skip orientation FF
[M::mem_pestat] skip orientation RF
[M::mem_pestat] skip orientation RR
[M::mem_process_seqs] Processed 2819794 reads in 3371.420 CPU sec, 84.355 real sec
[M::process] read 2821096 sequences (400000270 bp)...
[M::mem_pestat] # candidate unique pairs for (FF, FR, RF, RR): (13, 767479, 120, 10)
[M::mem_pestat] analyzing insert size distribution for orientation FF...
[M::mem_pestat] (25, 50, 75) percentile: (174, 1349, 5730)
[M::mem_pestat] low and high boundaries for computing mean and std.dev: (1, 16842)
[M::mem_pestat] mean and std.dev: (2729.54, 2907.08)
[M::mem_pestat] low and high boundaries for proper pairs: (1, 22398)
[M::mem_pestat] analyzing insert size distribution for orientation FR...
[M::mem_pestat] (25, 50, 75) percentile: (209, 273, 353)
[M::mem_pestat] low and high boundaries for computing mean and std.dev: (1, 641)
[M::mem_pestat] mean and std.dev: (285.72, 104.62)
[M::mem_pestat] low and high boundaries for proper pairs: (1, 785)
[M::mem_pestat] analyzing insert size distribution for orientation RF...
[M::mem_pestat] (25, 50, 75) percentile: (220, 518, 2238)
[M::mem_pestat] low and high boundaries for computing mean and std.dev: (1, 6274)
[M::mem_pestat] mean and std.dev: (1023.03, 1315.44)
[M::mem_pestat] low and high boundaries for proper pairs: (1, 8292)
[M::mem_pestat] analyzing insert size distribution for orientation RR...
[M::mem_pestat] (25, 50, 75) percentile: (1256, 2926, 3849)
[M::mem_pestat] low and high boundaries for computing mean and std.dev: (1, 9035)
[M::mem_pestat] mean and std.dev: (2669.10, 1542.47)
[M::mem_pestat] low and high boundaries for proper pairs: (1, 11628)
[M::mem_pestat] skip orientation FF
[M::mem_pestat] skip orientation RF
[M::mem_pestat] skip orientation RR
[M::mem_process_seqs] Processed 2813740 reads in 3375.417 CPU sec, 84.836 real sec
[M::process] read 2820118 sequences (400000243 bp)...
[M::mem_pestat] # candidate unique pairs for (FF, FR, RF, RR): (14, 766238, 127, 13)
[M::mem_pestat] analyzing insert size distribution for orientation FF...
[M::mem_pestat] (25, 50, 75) percentile: (160, 446, 2375)
[M::mem_pestat] low and high boundaries for computing mean and std.dev: (1, 6805)
[M::mem_pestat] mean and std.dev: (1427.21, 1616.51)
[M::mem_pestat] low and high boundaries for proper pairs: (1, 9020)
[M::mem_pestat] analyzing insert size distribution for orientation FR...
[M::mem_pestat] (25, 50, 75) percentile: (206, 269, 348)
[M::mem_pestat] low and high boundaries for computing mean and std.dev: (1, 632)
[M::mem_pestat] mean and std.dev: (281.56, 102.88)
[M::mem_pestat] low and high boundaries for proper pairs: (1, 774)
[M::mem_pestat] analyzing insert size distribution for orientation RF...
[M::mem_pestat] (25, 50, 75) percentile: (128, 275, 1711)
[M::mem_pestat] low and high boundaries for computing mean and std.dev: (1, 4877)
[M::mem_pestat] mean and std.dev: (778.09, 1007.31)
[M::mem_pestat] low and high boundaries for proper pairs: (1, 6460)
[M::mem_pestat] analyzing insert size distribution for orientation RR...
[M::mem_pestat] (25, 50, 75) percentile: (240, 1692, 2397)
[M::mem_pestat] low and high boundaries for computing mean and std.dev: (1, 6711)
[M::mem_pestat] mean and std.dev: (1368.75, 1144.76)
[M::mem_pestat] low and high boundaries for proper pairs: (1, 8868)
[M::mem_pestat] skip orientation FF
[M::mem_pestat] skip orientation RF
[M::mem_pestat] skip orientation RR
[M::mem_process_seqs] Processed 2821096 reads in 3357.533 CPU sec, 83.997 real sec
[M::process] read 2819266 sequences (400000185 bp)...
[M::mem_pestat] # candidate unique pairs for (FF, FR, RF, RR): (12, 767861, 108, 15)
[M::mem_pestat] analyzing insert size distribution for orientation FF...
[M::mem_pestat] (25, 50, 75) percentile: (165, 340, 1824)
[M::mem_pestat] low and high boundaries for computing mean and std.dev: (1, 5142)
[M::mem_pestat] mean and std.dev: (393.50, 491.49)
[M::mem_pestat] low and high boundaries for proper pairs: (1, 6801)
[M::mem_pestat] analyzing insert size distribution for orientation FR...
[M::mem_pestat] (25, 50, 75) percentile: (208, 272, 352)
[M::mem_pestat] low and high boundaries for computing mean and std.dev: (1, 640)
[M::mem_pestat] mean and std.dev: (284.50, 104.16)
[M::mem_pestat] low and high boundaries for proper pairs: (1, 784)
[M::mem_pestat] analyzing insert size distribution for orientation RF...
[M::mem_pestat] (25, 50, 75) percentile: (182, 224, 1464)
[M::mem_pestat] low and high boundaries for computing mean and std.dev: (1, 4028)
[M::mem_pestat] mean and std.dev: (553.41, 776.72)
[M::mem_pestat] low and high boundaries for proper pairs: (1, 5310)
[M::mem_pestat] analyzing insert size distribution for orientation RR...
[M::mem_pestat] (25, 50, 75) percentile: (210, 255, 432)
[M::mem_pestat] low and high boundaries for computing mean and std.dev: (1, 876)
[M::mem_pestat] mean and std.dev: (260.15, 120.98)
[M::mem_pestat] low and high boundaries for proper pairs: (1, 1098)
[M::mem_pestat] skip orientation FF
[M::mem_pestat] skip orientation RF
[M::mem_pestat] skip orientation RR
[M::mem_process_seqs] Processed 2820118 reads in 3417.311 CPU sec, 85.877 real sec
[M::process] read 2803520 sequences (400000264 bp)...
[M::mem_pestat] # candidate unique pairs for (FF, FR, RF, RR): (9, 765830, 129, 13)
[M::mem_pestat] skip orientation FF as there are not enough pairs
[M::mem_pestat] analyzing insert size distribution for orientation FR...
[M::mem_pestat] (25, 50, 75) percentile: (205, 268, 347)
[M::mem_pestat] low and high boundaries for computing mean and std.dev: (1, 631)
[M::mem_pestat] mean and std.dev: (280.54, 102.88)
[M::mem_pestat] low and high boundaries for proper pairs: (1, 773)
[M::mem_pestat] analyzing insert size distribution for orientation RF...
[M::mem_pestat] (25, 50, 75) percentile: (172, 224, 1049)
[M::mem_pestat] low and high boundaries for computing mean and std.dev: (1, 2803)
[M::mem_pestat] mean and std.dev: (504.77, 610.06)
[M::mem_pestat] low and high boundaries for proper pairs: (1, 3680)
[M::mem_pestat] analyzing insert size distribution for orientation RR...
[M::mem_pestat] (25, 50, 75) percentile: (164, 225, 1215)
[M::mem_pestat] low and high boundaries for computing mean and std.dev: (1, 3317)
[M::mem_pestat] mean and std.dev: (490.25, 773.20)
[M::mem_pestat] low and high boundaries for proper pairs: (1, 4368)
[M::mem_pestat] skip orientation RF
[M::mem_pestat] skip orientation RR
[M::mem_process_seqs] Processed 2819266 reads in 3461.315 CPU sec, 86.784 real sec
[M::process] read 2799020 sequences (400000196 bp)...
[M::mem_pestat] # candidate unique pairs for (FF, FR, RF, RR): (11, 766701, 104, 13)
[M::mem_pestat] analyzing insert size distribution for orientation FF...
[M::mem_pestat] (25, 50, 75) percentile: (133, 181, 872)
[M::mem_pestat] low and high boundaries for computing mean and std.dev: (1, 2350)
[M::mem_pestat] mean and std.dev: (238.00, 227.68)
[M::mem_pestat] low and high boundaries for proper pairs: (1, 3089)
[M::mem_pestat] analyzing insert size distribution for orientation FR...
[M::mem_pestat] (25, 50, 75) percentile: (208, 272, 353)
[M::mem_pestat] low and high boundaries for computing mean and std.dev: (1, 643)
[M::mem_pestat] mean and std.dev: (285.34, 104.58)
[M::mem_pestat] low and high boundaries for proper pairs: (1, 788)
[M::mem_pestat] analyzing insert size distribution for orientation RF...
[M::mem_pestat] (25, 50, 75) percentile: (223, 529, 2522)
[M::mem_pestat] low and high boundaries for computing mean and std.dev: (1, 7120)
[M::mem_pestat] mean and std.dev: (1233.44, 1612.95)
[M::mem_pestat] low and high boundaries for proper pairs: (1, 9419)
[M::mem_pestat] analyzing insert size distribution for orientation RR...
[M::mem_pestat] (25, 50, 75) percentile: (219, 297, 2924)
[M::mem_pestat] low and high boundaries for computing mean and std.dev: (1, 8334)
[M::mem_pestat] mean and std.dev: (1248.85, 1651.44)
[M::mem_pestat] low and high boundaries for proper pairs: (1, 11039)
[M::mem_pestat] skip orientation FF
[M::mem_pestat] skip orientation RF
[M::mem_pestat] skip orientation RR
[M::mem_process_seqs] Processed 2803520 reads in 3351.436 CPU sec, 84.006 real sec
[M::process] read 2795248 sequences (400000111 bp)...
[M::mem_pestat] # candidate unique pairs for (FF, FR, RF, RR): (12, 765740, 124, 15)
[M::mem_pestat] analyzing insert size distribution for orientation FF...
[M::mem_pestat] (25, 50, 75) percentile: (202, 367, 422)
[M::mem_pestat] low and high boundaries for computing mean and std.dev: (1, 862)
[M::mem_pestat] mean and std.dev: (247.80, 130.91)
[M::mem_pestat] low and high boundaries for proper pairs: (1, 1082)
[M::mem_pestat] analyzing insert size distribution for orientation FR...
[M::mem_pestat] (25, 50, 75) percentile: (205, 267, 344)
[M::mem_pestat] low and high boundaries for computing mean and std.dev: (1, 622)
[M::mem_pestat] mean and std.dev: (279.28, 101.58)
[M::mem_pestat] low and high boundaries for proper pairs: (1, 761)
[M::mem_pestat] analyzing insert size distribution for orientation RF...
[M::mem_pestat] (25, 50, 75) percentile: (223, 394, 2658)
[M::mem_pestat] low and high boundaries for computing mean and std.dev: (1, 7528)
[M::mem_pestat] mean and std.dev: (1368.09, 1862.07)
[M::mem_pestat] low and high boundaries for proper pairs: (1, 9963)
[M::mem_pestat] analyzing insert size distribution for orientation RR...
[M::mem_pestat] (25, 50, 75) percentile: (134, 256, 969)
[M::mem_pestat] low and high boundaries for computing mean and std.dev: (1, 2639)
[M::mem_pestat] mean and std.dev: (489.00, 409.00)
[M::mem_pestat] low and high boundaries for proper pairs: (1, 3474)
[M::mem_pestat] skip orientation FF
[M::mem_pestat] skip orientation RF
[M::mem_pestat] skip orientation RR
[M::mem_process_seqs] Processed 2799020 reads in 3356.825 CPU sec, 84.177 real sec
[M::process] read 2794292 sequences (400000039 bp)...
[M::mem_pestat] # candidate unique pairs for (FF, FR, RF, RR): (9, 766539, 114, 17)
[M::mem_pestat] skip orientation FF as there are not enough pairs
[M::mem_pestat] analyzing insert size distribution for orientation FR...
[M::mem_pestat] (25, 50, 75) percentile: (207, 271, 348)
[M::mem_pestat] low and high boundaries for computing mean and std.dev: (1, 630)
[M::mem_pestat] mean and std.dev: (282.58, 102.39)
[M::mem_pestat] low and high boundaries for proper pairs: (1, 771)
[M::mem_pestat] analyzing insert size distribution for orientation RF...
[M::mem_pestat] (25, 50, 75) percentile: (167, 375, 1349)
[M::mem_pestat] low and high boundaries for computing mean and std.dev: (1, 3713)
[M::mem_pestat] mean and std.dev: (614.57, 732.69)
[M::mem_pestat] low and high boundaries for proper pairs: (1, 4895)
[M::mem_pestat] analyzing insert size distribution for orientation RR...
[M::mem_pestat] (25, 50, 75) percentile: (242, 281, 1312)
[M::mem_pestat] low and high boundaries for computing mean and std.dev: (1, 3452)
[M::mem_pestat] mean and std.dev: (499.36, 466.70)
[M::mem_pestat] low and high boundaries for proper pairs: (1, 4522)
[M::mem_pestat] skip orientation RF
[M::mem_pestat] skip orientation RR
[M::mem_process_seqs] Processed 2795248 reads in 3596.863 CPU sec, 95.478 real sec
[M::process] read 2798776 sequences (400000118 bp)...
[M::mem_pestat] # candidate unique pairs for (FF, FR, RF, RR): (15, 767725, 108, 8)
[M::mem_pestat] analyzing insert size distribution for orientation FF...
[M::mem_pestat] (25, 50, 75) percentile: (190, 652, 2610)
[M::mem_pestat] low and high boundaries for computing mean and std.dev: (1, 7450)
[M::mem_pestat] mean and std.dev: (1294.20, 1621.97)
[M::mem_pestat] low and high boundaries for proper pairs: (1, 9870)
[M::mem_pestat] analyzing insert size distribution for orientation FR...
[M::mem_pestat] (25, 50, 75) percentile: (207, 270, 348)
[M::mem_pestat] low and high boundaries for computing mean and std.dev: (1, 630)
[M::mem_pestat] mean and std.dev: (281.77, 102.35)
[M::mem_pestat] low and high boundaries for proper pairs: (1, 771)
[M::mem_pestat] analyzing insert size distribution for orientation RF...
[M::mem_pestat] (25, 50, 75) percentile: (157, 367, 1983)
[M::mem_pestat] low and high boundaries for computing mean and std.dev: (1, 5635)
[M::mem_pestat] mean and std.dev: (921.36, 1155.44)
[M::mem_pestat] low and high boundaries for proper pairs: (1, 7461)
[M::mem_pestat] skip orientation RR as there are not enough pairs
[M::mem_pestat] skip orientation FF
[M::mem_pestat] skip orientation RF
[M::mem_process_seqs] Processed 2794292 reads in 3324.912 CPU sec, 83.335 real sec
[M::process] read 2794208 sequences (400000045 bp)...
[M::mem_pestat] # candidate unique pairs for (FF, FR, RF, RR): (7, 768774, 121, 12)
[M::mem_pestat] skip orientation FF as there are not enough pairs
[M::mem_pestat] analyzing insert size distribution for orientation FR...
[M::mem_pestat] (25, 50, 75) percentile: (207, 269, 347)
[M::mem_pestat] low and high boundaries for computing mean and std.dev: (1, 627)
[M::mem_pestat] mean and std.dev: (281.67, 102.13)
[M::mem_pestat] low and high boundaries for proper pairs: (1, 767)
[M::mem_pestat] analyzing insert size distribution for orientation RF...
[M::mem_pestat] (25, 50, 75) percentile: (223, 514, 2111)
[M::mem_pestat] low and high boundaries for computing mean and std.dev: (1, 5887)
[M::mem_pestat] mean and std.dev: (1026.51, 1232.52)
[M::mem_pestat] low and high boundaries for proper pairs: (1, 7775)
[M::mem_pestat] analyzing insert size distribution for orientation RR...
[M::mem_pestat] (25, 50, 75) percentile: (83, 161, 493)
[M::mem_pestat] low and high boundaries for computing mean and std.dev: (1, 1313)
[M::mem_pestat] mean and std.dev: (192.09, 153.96)
[M::mem_pestat] low and high boundaries for proper pairs: (1, 1723)
[M::mem_pestat] skip orientation RF
[M::mem_pestat] skip orientation RR
[M::mem_process_seqs] Processed 2798776 reads in 3358.207 CPU sec, 84.189 real sec
[M::process] read 2793182 sequences (400000284 bp)...
[M::mem_pestat] # candidate unique pairs for (FF, FR, RF, RR): (11, 767142, 162, 6)
[M::mem_pestat] analyzing insert size distribution for orientation FF...
[M::mem_pestat] (25, 50, 75) percentile: (207, 430, 2554)
[M::mem_pestat] low and high boundaries for computing mean and std.dev: (1, 7248)
[M::mem_pestat] mean and std.dev: (1026.50, 1079.07)
[M::mem_pestat] low and high boundaries for proper pairs: (1, 9595)
[M::mem_pestat] analyzing insert size distribution for orientation FR...
[M::mem_pestat] (25, 50, 75) percentile: (208, 272, 350)
[M::mem_pestat] low and high boundaries for computing mean and std.dev: (1, 634)
[M::mem_pestat] mean and std.dev: (283.92, 102.69)
[M::mem_pestat] low and high boundaries for proper pairs: (1, 776)
[M::mem_pestat] analyzing insert size distribution for orientation RF...
[M::mem_pestat] (25, 50, 75) percentile: (223, 503, 2261)
[M::mem_pestat] low and high boundaries for computing mean and std.dev: (1, 6337)
[M::mem_pestat] mean and std.dev: (1313.95, 1709.82)
[M::mem_pestat] low and high boundaries for proper pairs: (1, 8375)
[M::mem_pestat] skip orientation RR as there are not enough pairs
[M::mem_pestat] skip orientation FF
[M::mem_pestat] skip orientation RF
[M::mem_process_seqs] Processed 2794208 reads in 3348.436 CPU sec, 83.923 real sec
[M::process] read 2786206 sequences (400000168 bp)...
[M::mem_pestat] # candidate unique pairs for (FF, FR, RF, RR): (3, 766929, 92, 9)
[M::mem_pestat] skip orientation FF as there are not enough pairs
[M::mem_pestat] analyzing insert size distribution for orientation FR...
[M::mem_pestat] (25, 50, 75) percentile: (206, 269, 347)
[M::mem_pestat] low and high boundaries for computing mean and std.dev: (1, 629)
[M::mem_pestat] mean and std.dev: (281.63, 102.51)
[M::mem_pestat] low and high boundaries for proper pairs: (1, 770)
[M::mem_pestat] analyzing insert size distribution for orientation RF...
[M::mem_pestat] (25, 50, 75) percentile: (116, 223, 1097)
[M::mem_pestat] low and high boundaries for computing mean and std.dev: (1, 3059)
[M::mem_pestat] mean and std.dev: (432.85, 589.18)
[M::mem_pestat] low and high boundaries for proper pairs: (1, 4040)
[M::mem_pestat] skip orientation RR as there are not enough pairs
[M::mem_pestat] skip orientation RF
[M::mem_process_seqs] Processed 2793182 reads in 3329.975 CPU sec, 83.513 real sec
[M::process] read 2804252 sequences (400000203 bp)...
[M::mem_pestat] # candidate unique pairs for (FF, FR, RF, RR): (12, 766271, 131, 9)
[M::mem_pestat] analyzing insert size distribution for orientation FF...
[M::mem_pestat] (25, 50, 75) percentile: (364, 3804, 7389)
[M::mem_pestat] low and high boundaries for computing mean and std.dev: (1, 21439)
[M::mem_pestat] mean and std.dev: (3737.08, 2951.81)
[M::mem_pestat] low and high boundaries for proper pairs: (1, 28464)
[M::mem_pestat] analyzing insert size distribution for orientation FR...
[M::mem_pestat] (25, 50, 75) percentile: (209, 273, 352)
[M::mem_pestat] low and high boundaries for computing mean and std.dev: (1, 638)
[M::mem_pestat] mean and std.dev: (285.01, 103.35)
[M::mem_pestat] low and high boundaries for proper pairs: (1, 781)
[M::mem_pestat] analyzing insert size distribution for orientation RF...
[M::mem_pestat] (25, 50, 75) percentile: (138, 224, 1358)
[M::mem_pestat] low and high boundaries for computing mean and std.dev: (1, 3798)
[M::mem_pestat] mean and std.dev: (552.72, 850.21)
[M::mem_pestat] low and high boundaries for proper pairs: (1, 5018)
[M::mem_pestat] skip orientation RR as there are not enough pairs
[M::mem_pestat] skip orientation FF
[M::mem_pestat] skip orientation RF
[M::mem_process_seqs] Processed 2786206 reads in 3338.641 CPU sec, 83.549 real sec
[M::process] read 2819084 sequences (400000119 bp)...
[M::mem_pestat] # candidate unique pairs for (FF, FR, RF, RR): (9, 766110, 121, 20)
[M::mem_pestat] skip orientation FF as there are not enough pairs
[M::mem_pestat] analyzing insert size distribution for orientation FR...
[M::mem_pestat] (25, 50, 75) percentile: (208, 272, 350)
[M::mem_pestat] low and high boundaries for computing mean and std.dev: (1, 634)
[M::mem_pestat] mean and std.dev: (283.76, 102.72)
[M::mem_pestat] low and high boundaries for proper pairs: (1, 776)
[M::mem_pestat] analyzing insert size distribution for orientation RF...
[M::mem_pestat] (25, 50, 75) percentile: (155, 241, 1786)
[M::mem_pestat] low and high boundaries for computing mean and std.dev: (1, 5048)
[M::mem_pestat] mean and std.dev: (689.43, 901.84)
[M::mem_pestat] low and high boundaries for proper pairs: (1, 6679)
[M::mem_pestat] analyzing insert size distribution for orientation RR...
[M::mem_pestat] (25, 50, 75) percentile: (293, 1043, 5259)
[M::mem_pestat] low and high boundaries for computing mean and std.dev: (1, 15191)
[M::mem_pestat] mean and std.dev: (2349.55, 2575.76)
[M::mem_pestat] low and high boundaries for proper pairs: (1, 20157)
[M::mem_pestat] skip orientation RF
[M::mem_pestat] skip orientation RR
[M::mem_process_seqs] Processed 2804252 reads in 3359.481 CPU sec, 84.250 real sec
[M::process] read 2820710 sequences (400000190 bp)...
[M::mem_pestat] # candidate unique pairs for (FF, FR, RF, RR): (12, 767961, 89, 5)
[M::mem_pestat] analyzing insert size distribution for orientation FF...
[M::mem_pestat] (25, 50, 75) percentile: (748, 1893, 3759)
[M::mem_pestat] low and high boundaries for computing mean and std.dev: (1, 9781)
[M::mem_pestat] mean and std.dev: (1775.92, 1484.86)
[M::mem_pestat] low and high boundaries for proper pairs: (1, 12792)
[M::mem_pestat] analyzing insert size distribution for orientation FR...
[M::mem_pestat] (25, 50, 75) percentile: (207, 271, 350)
[M::mem_pestat] low and high boundaries for computing mean and std.dev: (1, 636)
[M::mem_pestat] mean and std.dev: (283.26, 103.55)
[M::mem_pestat] low and high boundaries for proper pairs: (1, 779)
[M::mem_pestat] analyzing insert size distribution for orientation RF...
[M::mem_pestat] (25, 50, 75) percentile: (223, 358, 1016)
[M::mem_pestat] low and high boundaries for computing mean and std.dev: (1, 2602)
[M::mem_pestat] mean and std.dev: (525.32, 600.80)
[M::mem_pestat] low and high boundaries for proper pairs: (1, 3395)
[M::mem_pestat] skip orientation RR as there are not enough pairs
[M::mem_pestat] skip orientation FF
[M::mem_pestat] skip orientation RF
[M::mem_process_seqs] Processed 2819084 reads in 3349.403 CPU sec, 84.003 real sec
[M::process] read 2815248 sequences (400000092 bp)...
[M::mem_pestat] # candidate unique pairs for (FF, FR, RF, RR): (11, 766845, 124, 6)
[M::mem_pestat] analyzing insert size distribution for orientation FF...
[M::mem_pestat] (25, 50, 75) percentile: (190, 306, 1956)
[M::mem_pestat] low and high boundaries for computing mean and std.dev: (1, 5488)
[M::mem_pestat] mean and std.dev: (1358.64, 1556.68)
[M::mem_pestat] low and high boundaries for proper pairs: (1, 7585)
[M::mem_pestat] analyzing insert size distribution for orientation FR...
[M::mem_pestat] (25, 50, 75) percentile: (208, 272, 351)
[M::mem_pestat] low and high boundaries for computing mean and std.dev: (1, 637)
[M::mem_pestat] mean and std.dev: (284.39, 103.81)
[M::mem_pestat] low and high boundaries for proper pairs: (1, 780)
[M::mem_pestat] analyzing insert size distribution for orientation RF...
[M::mem_pestat] (25, 50, 75) percentile: (137, 298, 2430)
[M::mem_pestat] low and high boundaries for computing mean and std.dev: (1, 7016)
[M::mem_pestat] mean and std.dev: (1026.69, 1434.80)
[M::mem_pestat] low and high boundaries for proper pairs: (1, 9309)
[M::mem_pestat] skip orientation RR as there are not enough pairs
[M::mem_pestat] skip orientation FF
[M::mem_pestat] skip orientation RF
[M::mem_process_seqs] Processed 2820710 reads in 3391.876 CPU sec, 85.055 real sec
[M::process] read 2816508 sequences (400000161 bp)...
[M::mem_pestat] # candidate unique pairs for (FF, FR, RF, RR): (9, 767994, 116, 16)
[M::mem_pestat] skip orientation FF as there are not enough pairs
[M::mem_pestat] analyzing insert size distribution for orientation FR...
[M::mem_pestat] (25, 50, 75) percentile: (207, 271, 350)
[M::mem_pestat] low and high boundaries for computing mean and std.dev: (1, 636)
[M::mem_pestat] mean and std.dev: (283.28, 103.36)
[M::mem_pestat] low and high boundaries for proper pairs: (1, 779)
[M::mem_pestat] analyzing insert size distribution for orientation RF...
[M::mem_pestat] (25, 50, 75) percentile: (153, 563, 1485)
[M::mem_pestat] low and high boundaries for computing mean and std.dev: (1, 4149)
[M::mem_pestat] mean and std.dev: (725.30, 861.69)
[M::mem_pestat] low and high boundaries for proper pairs: (1, 5481)
[M::mem_pestat] analyzing insert size distribution for orientation RR...
[M::mem_pestat] (25, 50, 75) percentile: (249, 416, 1912)
[M::mem_pestat] low and high boundaries for computing mean and std.dev: (1, 5238)
[M::mem_pestat] mean and std.dev: (791.60, 826.74)
[M::mem_pestat] low and high boundaries for proper pairs: (1, 6901)
[M::mem_pestat] skip orientation RF
[M::mem_pestat] skip orientation RR
[M::mem_process_seqs] Processed 2815248 reads in 3349.905 CPU sec, 84.044 real sec
[M::process] read 2820936 sequences (400000171 bp)...
[M::mem_pestat] # candidate unique pairs for (FF, FR, RF, RR): (21, 765824, 110, 16)
[M::mem_pestat] analyzing insert size distribution for orientation FF...
[M::mem_pestat] (25, 50, 75) percentile: (208, 1687, 3690)
[M::mem_pestat] low and high boundaries for computing mean and std.dev: (1, 10654)
[M::mem_pestat] mean and std.dev: (1757.48, 1907.77)
[M::mem_pestat] low and high boundaries for proper pairs: (1, 14136)
[M::mem_pestat] analyzing insert size distribution for orientation FR...
[M::mem_pestat] (25, 50, 75) percentile: (208, 272, 352)
[M::mem_pestat] low and high boundaries for computing mean and std.dev: (1, 640)
[M::mem_pestat] mean and std.dev: (285.07, 104.52)
[M::mem_pestat] low and high boundaries for proper pairs: (1, 784)
[M::mem_pestat] analyzing insert size distribution for orientation RF...
[M::mem_pestat] (25, 50, 75) percentile: (93, 300, 1803)
[M::mem_pestat] low and high boundaries for computing mean and std.dev: (1, 5223)
[M::mem_pestat] mean and std.dev: (831.85, 1080.28)
[M::mem_pestat] low and high boundaries for proper pairs: (1, 6933)
[M::mem_pestat] analyzing insert size distribution for orientation RR...
[M::mem_pestat] (25, 50, 75) percentile: (170, 719, 3008)
[M::mem_pestat] low and high boundaries for computing mean and std.dev: (1, 8684)
[M::mem_pestat] mean and std.dev: (1411.31, 1537.76)
[M::mem_pestat] low and high boundaries for proper pairs: (1, 11522)
[M::mem_pestat] skip orientation FF
[M::mem_pestat] skip orientation RF
[M::mem_pestat] skip orientation RR
[M::mem_process_seqs] Processed 2816508 reads in 3378.637 CPU sec, 84.737 real sec
[M::process] read 2809956 sequences (400000132 bp)...
[M::mem_pestat] # candidate unique pairs for (FF, FR, RF, RR): (15, 768282, 134, 11)
[M::mem_pestat] analyzing insert size distribution for orientation FF...
[M::mem_pestat] (25, 50, 75) percentile: (120, 244, 363)
[M::mem_pestat] low and high boundaries for computing mean and std.dev: (1, 849)
[M::mem_pestat] mean and std.dev: (204.33, 124.05)
[M::mem_pestat] low and high boundaries for proper pairs: (1, 1092)
[M::mem_pestat] analyzing insert size distribution for orientation FR...
[M::mem_pestat] (25, 50, 75) percentile: (208, 273, 352)
[M::mem_pestat] low and high boundaries for computing mean and std.dev: (1, 640)
[M::mem_pestat] mean and std.dev: (284.94, 104.26)
[M::mem_pestat] low and high boundaries for proper pairs: (1, 784)
[M::mem_pestat] analyzing insert size distribution for orientation RF...
[M::mem_pestat] (25, 50, 75) percentile: (130, 224, 1612)
[M::mem_pestat] low and high boundaries for computing mean and std.dev: (1, 4576)
[M::mem_pestat] mean and std.dev: (776.45, 953.06)
[M::mem_pestat] low and high boundaries for proper pairs: (1, 6058)
[M::mem_pestat] analyzing insert size distribution for orientation RR...
[M::mem_pestat] (25, 50, 75) percentile: (164, 360, 4629)
[M::mem_pestat] low and high boundaries for computing mean and std.dev: (1, 13559)
[M::mem_pestat] mean and std.dev: (1875.09, 2465.52)
[M::mem_pestat] low and high boundaries for proper pairs: (1, 18024)
[M::mem_pestat] skip orientation FF
[M::mem_pestat] skip orientation RF
[M::mem_pestat] skip orientation RR
[M::mem_process_seqs] Processed 2820936 reads in 3367.034 CPU sec, 84.702 real sec
[M::process] read 2799934 sequences (400000205 bp)...
[M::mem_pestat] # candidate unique pairs for (FF, FR, RF, RR): (15, 766210, 110, 14)
[M::mem_pestat] analyzing insert size distribution for orientation FF...
[M::mem_pestat] (25, 50, 75) percentile: (185, 214, 2396)
[M::mem_pestat] low and high boundaries for computing mean and std.dev: (1, 6818)
[M::mem_pestat] mean and std.dev: (1420.27, 1778.76)
[M::mem_pestat] low and high boundaries for proper pairs: (1, 9029)
[M::mem_pestat] analyzing insert size distribution for orientation FR...
[M::mem_pestat] (25, 50, 75) percentile: (207, 271, 351)
[M::mem_pestat] low and high boundaries for computing mean and std.dev: (1, 639)
[M::mem_pestat] mean and std.dev: (284.06, 104.27)
[M::mem_pestat] low and high boundaries for proper pairs: (1, 783)
[M::mem_pestat] analyzing insert size distribution for orientation RF...
[M::mem_pestat] (25, 50, 75) percentile: (128, 262, 933)
[M::mem_pestat] low and high boundaries for computing mean and std.dev: (1, 2543)
[M::mem_pestat] mean and std.dev: (455.91, 514.00)
[M::mem_pestat] low and high boundaries for proper pairs: (1, 3348)
[M::mem_pestat] analyzing insert size distribution for orientation RR...
[M::mem_pestat] (25, 50, 75) percentile: (209, 305, 1711)
[M::mem_pestat] low and high boundaries for computing mean and std.dev: (1, 4715)
[M::mem_pestat] mean and std.dev: (657.08, 780.32)
[M::mem_pestat] low and high boundaries for proper pairs: (1, 6217)
[M::mem_pestat] skip orientation FF
[M::mem_pestat] skip orientation RF
[M::mem_pestat] skip orientation RR
[M::mem_process_seqs] Processed 2809956 reads in 3395.196 CPU sec, 84.924 real sec
[M::process] read 2801516 sequences (400000259 bp)...
[M::mem_pestat] # candidate unique pairs for (FF, FR, RF, RR): (11, 765229, 104, 13)
[M::mem_pestat] analyzing insert size distribution for orientation FF...
[M::mem_pestat] (25, 50, 75) percentile: (173, 202, 2507)
[M::mem_pestat] low and high boundaries for computing mean and std.dev: (1, 7175)
[M::mem_pestat] mean and std.dev: (1149.50, 1856.97)
[M::mem_pestat] low and high boundaries for proper pairs: (1, 9509)
[M::mem_pestat] analyzing insert size distribution for orientation FR...
[M::mem_pestat] (25, 50, 75) percentile: (208, 273, 352)
[M::mem_pestat] low and high boundaries for computing mean and std.dev: (1, 640)
[M::mem_pestat] mean and std.dev: (285.21, 104.53)
[M::mem_pestat] low and high boundaries for proper pairs: (1, 784)
[M::mem_pestat] analyzing insert size distribution for orientation RF...
[M::mem_pestat] (25, 50, 75) percentile: (90, 225, 2045)
[M::mem_pestat] low and high boundaries for computing mean and std.dev: (1, 5955)
[M::mem_pestat] mean and std.dev: (930.54, 1272.13)
[M::mem_pestat] low and high boundaries for proper pairs: (1, 7910)
[M::mem_pestat] analyzing insert size distribution for orientation RR...
[M::mem_pestat] (25, 50, 75) percentile: (2427, 3772, 5146)
[M::mem_pestat] low and high boundaries for computing mean and std.dev: (1, 10584)
[M::mem_pestat] mean and std.dev: (3340.00, 2289.20)
[M::mem_pestat] low and high boundaries for proper pairs: (1, 13303)
[M::mem_pestat] skip orientation FF
[M::mem_pestat] skip orientation RF
[M::mem_pestat] skip orientation RR
[M::mem_process_seqs] Processed 2799934 reads in 3348.262 CPU sec, 84.145 real sec
[M::process] read 2798020 sequences (400000065 bp)...
[M::mem_pestat] # candidate unique pairs for (FF, FR, RF, RR): (13, 767065, 110, 23)
[M::mem_pestat] analyzing insert size distribution for orientation FF...
[M::mem_pestat] (25, 50, 75) percentile: (202, 232, 2118)
[M::mem_pestat] low and high boundaries for computing mean and std.dev: (1, 5950)
[M::mem_pestat] mean and std.dev: (890.85, 928.93)
[M::mem_pestat] low and high boundaries for proper pairs: (1, 7866)
[M::mem_pestat] analyzing insert size distribution for orientation FR...
[M::mem_pestat] (25, 50, 75) percentile: (204, 265, 341)
[M::mem_pestat] low and high boundaries for computing mean and std.dev: (1, 615)
[M::mem_pestat] mean and std.dev: (276.89, 100.13)
[M::mem_pestat] low and high boundaries for proper pairs: (1, 752)
[M::mem_pestat] analyzing insert size distribution for orientation RF...
[M::mem_pestat] (25, 50, 75) percentile: (198, 412, 2364)
[M::mem_pestat] low and high boundaries for computing mean and std.dev: (1, 6696)
[M::mem_pestat] mean and std.dev: (1191.75, 1445.87)
[M::mem_pestat] low and high boundaries for proper pairs: (1, 8862)
[M::mem_pestat] analyzing insert size distribution for orientation RR...
[M::mem_pestat] (25, 50, 75) percentile: (165, 318, 2550)
[M::mem_pestat] low and high boundaries for computing mean and std.dev: (1, 7320)
[M::mem_pestat] mean and std.dev: (1017.29, 1624.14)
[M::mem_pestat] low and high boundaries for proper pairs: (1, 9705)
[M::mem_pestat] skip orientation FF
[M::mem_pestat] skip orientation RF
[M::mem_pestat] skip orientation RR
[M::mem_process_seqs] Processed 2801516 reads in 3357.056 CPU sec, 83.968 real sec
[M::process] read 2803746 sequences (400000224 bp)...
[M::mem_pestat] # candidate unique pairs for (FF, FR, RF, RR): (15, 767146, 127, 13)
[M::mem_pestat] analyzing insert size distribution for orientation FF...
[M::mem_pestat] (25, 50, 75) percentile: (303, 3714, 5094)
[M::mem_pestat] low and high boundaries for computing mean and std.dev: (1, 14676)
[M::mem_pestat] mean and std.dev: (3205.80, 2848.78)
[M::mem_pestat] low and high boundaries for proper pairs: (1, 19467)
[M::mem_pestat] analyzing insert size distribution for orientation FR...
[M::mem_pestat] (25, 50, 75) percentile: (204, 265, 339)
[M::mem_pestat] low and high boundaries for computing mean and std.dev: (1, 609)
[M::mem_pestat] mean and std.dev: (276.25, 98.67)
[M::mem_pestat] low and high boundaries for proper pairs: (1, 744)
[M::mem_pestat] analyzing insert size distribution for orientation RF...
[M::mem_pestat] (25, 50, 75) percentile: (130, 302, 1699)
[M::mem_pestat] low and high boundaries for computing mean and std.dev: (1, 4837)
[M::mem_pestat] mean and std.dev: (661.95, 827.49)
[M::mem_pestat] low and high boundaries for proper pairs: (1, 6406)
[M::mem_pestat] analyzing insert size distribution for orientation RR...
[M::mem_pestat] (25, 50, 75) percentile: (190, 2279, 3855)
[M::mem_pestat] low and high boundaries for computing mean and std.dev: (1, 11185)
[M::mem_pestat] mean and std.dev: (2564.15, 2127.87)
[M::mem_pestat] low and high boundaries for proper pairs: (1, 14850)
[M::mem_pestat] skip orientation FF
[M::mem_pestat] skip orientation RF
[M::mem_pestat] skip orientation RR
[M::mem_process_seqs] Processed 2798020 reads in 3347.906 CPU sec, 84.150 real sec
[M::process] read 2820970 sequences (400000035 bp)...
[M::mem_pestat] # candidate unique pairs for (FF, FR, RF, RR): (9, 767669, 103, 21)
[M::mem_pestat] skip orientation FF as there are not enough pairs
[M::mem_pestat] analyzing insert size distribution for orientation FR...
[M::mem_pestat] (25, 50, 75) percentile: (204, 264, 339)
[M::mem_pestat] low and high boundaries for computing mean and std.dev: (1, 609)
[M::mem_pestat] mean and std.dev: (276.08, 98.88)
[M::mem_pestat] low and high boundaries for proper pairs: (1, 744)
[M::mem_pestat] analyzing insert size distribution for orientation RF...
[M::mem_pestat] (25, 50, 75) percentile: (155, 224, 1083)
[M::mem_pestat] low and high boundaries for computing mean and std.dev: (1, 2939)
[M::mem_pestat] mean and std.dev: (453.62, 574.33)
[M::mem_pestat] low and high boundaries for proper pairs: (1, 3867)
[M::mem_pestat] analyzing insert size distribution for orientation RR...
[M::mem_pestat] (25, 50, 75) percentile: (193, 226, 989)
[M::mem_pestat] low and high boundaries for computing mean and std.dev: (1, 2581)
[M::mem_pestat] mean and std.dev: (448.84, 551.14)
[M::mem_pestat] low and high boundaries for proper pairs: (1, 3377)
[M::mem_pestat] skip orientation RF
[M::mem_pestat] skip orientation RR
[M::mem_process_seqs] Processed 2803746 reads in 3357.837 CPU sec, 84.285 real sec
[M::process] read 2816138 sequences (400000184 bp)...
[M::mem_pestat] # candidate unique pairs for (FF, FR, RF, RR): (12, 767642, 132, 14)
[M::mem_pestat] analyzing insert size distribution for orientation FF...
[M::mem_pestat] (25, 50, 75) percentile: (153, 232, 1504)
[M::mem_pestat] low and high boundaries for computing mean and std.dev: (1, 4206)
[M::mem_pestat] mean and std.dev: (657.64, 749.32)
[M::mem_pestat] low and high boundaries for proper pairs: (1, 5557)
[M::mem_pestat] analyzing insert size distribution for orientation FR...
[M::mem_pestat] (25, 50, 75) percentile: (202, 262, 337)
[M::mem_pestat] low and high boundaries for computing mean and std.dev: (1, 607)
[M::mem_pestat] mean and std.dev: (273.74, 98.57)
[M::mem_pestat] low and high boundaries for proper pairs: (1, 742)
[M::mem_pestat] analyzing insert size distribution for orientation RF...
[M::mem_pestat] (25, 50, 75) percentile: (116, 226, 1280)
[M::mem_pestat] low and high boundaries for computing mean and std.dev: (1, 3608)
[M::mem_pestat] mean and std.dev: (625.81, 761.23)
[M::mem_pestat] low and high boundaries for proper pairs: (1, 4772)
[M::mem_pestat] analyzing insert size distribution for orientation RR...
[M::mem_pestat] (25, 50, 75) percentile: (228, 989, 3673)
[M::mem_pestat] low and high boundaries for computing mean and std.dev: (1, 10563)
[M::mem_pestat] mean and std.dev: (1944.43, 2000.72)
[M::mem_pestat] low and high boundaries for proper pairs: (1, 14008)
[M::mem_pestat] skip orientation FF
[M::mem_pestat] skip orientation RF
[M::mem_pestat] skip orientation RR
[M::mem_process_seqs] Processed 2820970 reads in 3647.366 CPU sec, 97.072 real sec
[M::process] read 355140 sequences (50669453 bp)...
[M::mem_pestat] # candidate unique pairs for (FF, FR, RF, RR): (8, 768207, 108, 20)
[M::mem_pestat] skip orientation FF as there are not enough pairs
[M::mem_pestat] analyzing insert size distribution for orientation FR...
[M::mem_pestat] (25, 50, 75) percentile: (202, 262, 337)
[M::mem_pestat] low and high boundaries for computing mean and std.dev: (1, 607)
[M::mem_pestat] mean and std.dev: (274.23, 98.89)
[M::mem_pestat] low and high boundaries for proper pairs: (1, 742)
[M::mem_pestat] analyzing insert size distribution for orientation RF...
[M::mem_pestat] (25, 50, 75) percentile: (123, 223, 2268)
[M::mem_pestat] low and high boundaries for computing mean and std.dev: (1, 6558)
[M::mem_pestat] mean and std.dev: (887.53, 1510.58)
[M::mem_pestat] low and high boundaries for proper pairs: (1, 8703)
[M::mem_pestat] analyzing insert size distribution for orientation RR...
[M::mem_pestat] (25, 50, 75) percentile: (75, 275, 1706)
[M::mem_pestat] low and high boundaries for computing mean and std.dev: (1, 4968)
[M::mem_pestat] mean and std.dev: (863.75, 1195.03)
[M::mem_pestat] low and high boundaries for proper pairs: (1, 6599)
[M::mem_pestat] skip orientation RF
[M::mem_pestat] skip orientation RR
[M::mem_process_seqs] Processed 2816138 reads in 3406.987 CPU sec, 85.613 real sec
[M::mem_pestat] # candidate unique pairs for (FF, FR, RF, RR): (1, 97105, 10, 1)
[M::mem_pestat] skip orientation FF as there are not enough pairs
[M::mem_pestat] analyzing insert size distribution for orientation FR...
[M::mem_pestat] (25, 50, 75) percentile: (204, 266, 344)
[M::mem_pestat] low and high boundaries for computing mean and std.dev: (1, 624)
[M::mem_pestat] mean and std.dev: (278.94, 101.57)
[M::mem_pestat] low and high boundaries for proper pairs: (1, 764)
[M::mem_pestat] analyzing insert size distribution for orientation RF...
[M::mem_pestat] (25, 50, 75) percentile: (136, 558, 1067)
[M::mem_pestat] low and high boundaries for computing mean and std.dev: (1, 2929)
[M::mem_pestat] mean and std.dev: (468.67, 365.60)
[M::mem_pestat] low and high boundaries for proper pairs: (1, 3860)
[M::mem_pestat] skip orientation RR as there are not enough pairs
[M::mem_pestat] skip orientation RF
[M::mem_process_seqs] Processed 355140 reads in 467.378 CPU sec, 11.866 real sec
[main] Version: 0.7.17-r1188
[main] CMD: /home/shared/bwa-0.7.17/bwa mem -M -t 40 ../data/bwa-GCF_031168955.1_ASM3116895v1_genomic ../data/trimmed-fastqs-heatwave-genetics/MHW224_trimmed_clipped_R1_paired.fq.gz ../data/trimmed-fastqs-heatwave-genetics/MHW224_trimmed_clipped_R2_paired.fq.gz
[main] Real time: 3077.239 sec; CPU: 121984.199 sec
