[M::bwa_idx_load_from_disk] read 0 ALT contigs
[M::process] read 2810474 sequences (400000223 bp)...
[M::process] read 2804862 sequences (400000060 bp)...
[M::mem_pestat] # candidate unique pairs for (FF, FR, RF, RR): (77, 680721, 220, 69)
[M::mem_pestat] analyzing insert size distribution for orientation FF...
[M::mem_pestat] (25, 50, 75) percentile: (224, 545, 3416)
[M::mem_pestat] low and high boundaries for computing mean and std.dev: (1, 9800)
[M::mem_pestat] mean and std.dev: (1833.22, 2320.69)
[M::mem_pestat] low and high boundaries for proper pairs: (1, 12992)
[M::mem_pestat] analyzing insert size distribution for orientation FR...
[M::mem_pestat] (25, 50, 75) percentile: (189, 238, 317)
[M::mem_pestat] low and high boundaries for computing mean and std.dev: (1, 573)
[M::mem_pestat] mean and std.dev: (254.54, 91.38)
[M::mem_pestat] low and high boundaries for proper pairs: (1, 701)
[M::mem_pestat] analyzing insert size distribution for orientation RF...
[M::mem_pestat] (25, 50, 75) percentile: (197, 1336, 3768)
[M::mem_pestat] low and high boundaries for computing mean and std.dev: (1, 10910)
[M::mem_pestat] mean and std.dev: (2317.06, 2636.02)
[M::mem_pestat] low and high boundaries for proper pairs: (1, 14481)
[M::mem_pestat] analyzing insert size distribution for orientation RR...
[M::mem_pestat] (25, 50, 75) percentile: (186, 493, 4088)
[M::mem_pestat] low and high boundaries for computing mean and std.dev: (1, 11892)
[M::mem_pestat] mean and std.dev: (2162.35, 2579.49)
[M::mem_pestat] low and high boundaries for proper pairs: (1, 15794)
[M::mem_pestat] skip orientation FF
[M::mem_pestat] skip orientation RF
[M::mem_pestat] skip orientation RR
[M::mem_process_seqs] Processed 2810474 reads in 3728.835 CPU sec, 93.451 real sec
[M::process] read 2801178 sequences (400000243 bp)...
[M::mem_pestat] # candidate unique pairs for (FF, FR, RF, RR): (77, 673468, 270, 66)
[M::mem_pestat] analyzing insert size distribution for orientation FF...
[M::mem_pestat] (25, 50, 75) percentile: (222, 769, 2916)
[M::mem_pestat] low and high boundaries for computing mean and std.dev: (1, 8304)
[M::mem_pestat] mean and std.dev: (1843.19, 2130.19)
[M::mem_pestat] low and high boundaries for proper pairs: (1, 10998)
[M::mem_pestat] analyzing insert size distribution for orientation FR...
[M::mem_pestat] (25, 50, 75) percentile: (196, 251, 334)
[M::mem_pestat] low and high boundaries for computing mean and std.dev: (1, 610)
[M::mem_pestat] mean and std.dev: (266.20, 95.54)
[M::mem_pestat] low and high boundaries for proper pairs: (1, 748)
[M::mem_pestat] analyzing insert size distribution for orientation RF...
[M::mem_pestat] (25, 50, 75) percentile: (164, 989, 3798)
[M::mem_pestat] low and high boundaries for computing mean and std.dev: (1, 11066)
[M::mem_pestat] mean and std.dev: (2284.73, 2671.50)
[M::mem_pestat] low and high boundaries for proper pairs: (1, 14700)
[M::mem_pestat] analyzing insert size distribution for orientation RR...
[M::mem_pestat] (25, 50, 75) percentile: (316, 2308, 4647)
[M::mem_pestat] low and high boundaries for computing mean and std.dev: (1, 13309)
[M::mem_pestat] mean and std.dev: (2755.76, 2565.70)
[M::mem_pestat] low and high boundaries for proper pairs: (1, 17640)
[M::mem_pestat] skip orientation FF
[M::mem_pestat] skip orientation RF
[M::mem_pestat] skip orientation RR
[M::mem_process_seqs] Processed 2804862 reads in 3909.294 CPU sec, 98.016 real sec
[M::process] read 2803556 sequences (400000112 bp)...
[M::mem_pestat] # candidate unique pairs for (FF, FR, RF, RR): (71, 676807, 193, 93)
[M::mem_pestat] analyzing insert size distribution for orientation FF...
[M::mem_pestat] (25, 50, 75) percentile: (281, 1072, 3277)
[M::mem_pestat] low and high boundaries for computing mean and std.dev: (1, 9269)
[M::mem_pestat] mean and std.dev: (2042.01, 2253.67)
[M::mem_pestat] low and high boundaries for proper pairs: (1, 12265)
[M::mem_pestat] analyzing insert size distribution for orientation FR...
[M::mem_pestat] (25, 50, 75) percentile: (192, 244, 327)
[M::mem_pestat] low and high boundaries for computing mean and std.dev: (1, 597)
[M::mem_pestat] mean and std.dev: (260.97, 94.11)
[M::mem_pestat] low and high boundaries for proper pairs: (1, 732)
[M::mem_pestat] analyzing insert size distribution for orientation RF...
[M::mem_pestat] (25, 50, 75) percentile: (135, 1141, 3471)
[M::mem_pestat] low and high boundaries for computing mean and std.dev: (1, 10143)
[M::mem_pestat] mean and std.dev: (2059.58, 2453.55)
[M::mem_pestat] low and high boundaries for proper pairs: (1, 13479)
[M::mem_pestat] analyzing insert size distribution for orientation RR...
[M::mem_pestat] (25, 50, 75) percentile: (257, 1274, 3756)
[M::mem_pestat] low and high boundaries for computing mean and std.dev: (1, 10754)
[M::mem_pestat] mean and std.dev: (2158.38, 2314.78)
[M::mem_pestat] low and high boundaries for proper pairs: (1, 14253)
[M::mem_pestat] skip orientation FF
[M::mem_pestat] skip orientation RF
[M::mem_pestat] skip orientation RR
[M::mem_process_seqs] Processed 2801178 reads in 3868.597 CPU sec, 97.180 real sec
[M::process] read 2803034 sequences (400000221 bp)...
[M::mem_pestat] # candidate unique pairs for (FF, FR, RF, RR): (88, 677439, 261, 79)
[M::mem_pestat] analyzing insert size distribution for orientation FF...
[M::mem_pestat] (25, 50, 75) percentile: (243, 983, 3736)
[M::mem_pestat] low and high boundaries for computing mean and std.dev: (1, 10722)
[M::mem_pestat] mean and std.dev: (2043.86, 2223.27)
[M::mem_pestat] low and high boundaries for proper pairs: (1, 14215)
[M::mem_pestat] analyzing insert size distribution for orientation FR...
[M::mem_pestat] (25, 50, 75) percentile: (194, 247, 330)
[M::mem_pestat] low and high boundaries for computing mean and std.dev: (1, 602)
[M::mem_pestat] mean and std.dev: (263.23, 94.66)
[M::mem_pestat] low and high boundaries for proper pairs: (1, 738)
[M::mem_pestat] analyzing insert size distribution for orientation RF...
[M::mem_pestat] (25, 50, 75) percentile: (175, 1190, 4270)
[M::mem_pestat] low and high boundaries for computing mean and std.dev: (1, 12460)
[M::mem_pestat] mean and std.dev: (2530.69, 2833.27)
[M::mem_pestat] low and high boundaries for proper pairs: (1, 16555)
[M::mem_pestat] analyzing insert size distribution for orientation RR...
[M::mem_pestat] (25, 50, 75) percentile: (208, 1595, 4036)
[M::mem_pestat] low and high boundaries for computing mean and std.dev: (1, 11692)
[M::mem_pestat] mean and std.dev: (2373.04, 2498.36)
[M::mem_pestat] low and high boundaries for proper pairs: (1, 15520)
[M::mem_pestat] skip orientation FF
[M::mem_pestat] skip orientation RF
[M::mem_pestat] skip orientation RR
[M::mem_process_seqs] Processed 2803556 reads in 3857.831 CPU sec, 96.703 real sec
[M::process] read 2802262 sequences (400000146 bp)...
[M::mem_pestat] # candidate unique pairs for (FF, FR, RF, RR): (89, 675941, 223, 78)
[M::mem_pestat] analyzing insert size distribution for orientation FF...
[M::mem_pestat] (25, 50, 75) percentile: (249, 1215, 3805)
[M::mem_pestat] low and high boundaries for computing mean and std.dev: (1, 10917)
[M::mem_pestat] mean and std.dev: (2144.75, 2210.75)
[M::mem_pestat] low and high boundaries for proper pairs: (1, 14473)
[M::mem_pestat] analyzing insert size distribution for orientation FR...
[M::mem_pestat] (25, 50, 75) percentile: (195, 249, 333)
[M::mem_pestat] low and high boundaries for computing mean and std.dev: (1, 609)
[M::mem_pestat] mean and std.dev: (265.18, 95.45)
[M::mem_pestat] low and high boundaries for proper pairs: (1, 747)
[M::mem_pestat] analyzing insert size distribution for orientation RF...
[M::mem_pestat] (25, 50, 75) percentile: (133, 1071, 3433)
[M::mem_pestat] low and high boundaries for computing mean and std.dev: (1, 10033)
[M::mem_pestat] mean and std.dev: (2187.75, 2560.16)
[M::mem_pestat] low and high boundaries for proper pairs: (1, 13333)
[M::mem_pestat] analyzing insert size distribution for orientation RR...
[M::mem_pestat] (25, 50, 75) percentile: (210, 942, 2922)
[M::mem_pestat] low and high boundaries for computing mean and std.dev: (1, 8346)
[M::mem_pestat] mean and std.dev: (1979.14, 2215.40)
[M::mem_pestat] low and high boundaries for proper pairs: (1, 11058)
[M::mem_pestat] skip orientation FF
[M::mem_pestat] skip orientation RF
[M::mem_pestat] skip orientation RR
[M::mem_process_seqs] Processed 2803034 reads in 4050.635 CPU sec, 101.666 real sec
[M::process] read 2796432 sequences (400000078 bp)...
[M::mem_pestat] # candidate unique pairs for (FF, FR, RF, RR): (68, 677946, 245, 66)
[M::mem_pestat] analyzing insert size distribution for orientation FF...
[M::mem_pestat] (25, 50, 75) percentile: (227, 455, 1997)
[M::mem_pestat] low and high boundaries for computing mean and std.dev: (1, 5537)
[M::mem_pestat] mean and std.dev: (1041.43, 1267.49)
[M::mem_pestat] low and high boundaries for proper pairs: (1, 7307)
[M::mem_pestat] analyzing insert size distribution for orientation FR...
[M::mem_pestat] (25, 50, 75) percentile: (191, 243, 324)
[M::mem_pestat] low and high boundaries for computing mean and std.dev: (1, 590)
[M::mem_pestat] mean and std.dev: (259.20, 93.57)
[M::mem_pestat] low and high boundaries for proper pairs: (1, 723)
[M::mem_pestat] analyzing insert size distribution for orientation RF...
[M::mem_pestat] (25, 50, 75) percentile: (151, 1006, 3409)
[M::mem_pestat] low and high boundaries for computing mean and std.dev: (1, 9925)
[M::mem_pestat] mean and std.dev: (1950.46, 2327.90)
[M::mem_pestat] low and high boundaries for proper pairs: (1, 13183)
[M::mem_pestat] analyzing insert size distribution for orientation RR...
[M::mem_pestat] (25, 50, 75) percentile: (273, 1919, 4089)
[M::mem_pestat] low and high boundaries for computing mean and std.dev: (1, 11721)
[M::mem_pestat] mean and std.dev: (2263.29, 2093.30)
[M::mem_pestat] low and high boundaries for proper pairs: (1, 15537)
[M::mem_pestat] skip orientation FF
[M::mem_pestat] skip orientation RF
[M::mem_pestat] skip orientation RR
[M::mem_process_seqs] Processed 2802262 reads in 3891.962 CPU sec, 97.681 real sec
[M::process] read 2826710 sequences (400000080 bp)...
[M::mem_pestat] # candidate unique pairs for (FF, FR, RF, RR): (80, 674085, 254, 77)
[M::mem_pestat] analyzing insert size distribution for orientation FF...
[M::mem_pestat] (25, 50, 75) percentile: (248, 665, 3787)
[M::mem_pestat] low and high boundaries for computing mean and std.dev: (1, 10865)
[M::mem_pestat] mean and std.dev: (2045.36, 2580.90)
[M::mem_pestat] low and high boundaries for proper pairs: (1, 14404)
[M::mem_pestat] analyzing insert size distribution for orientation FR...
[M::mem_pestat] (25, 50, 75) percentile: (197, 254, 338)
[M::mem_pestat] low and high boundaries for computing mean and std.dev: (1, 620)
[M::mem_pestat] mean and std.dev: (268.79, 96.63)
[M::mem_pestat] low and high boundaries for proper pairs: (1, 761)
[M::mem_pestat] analyzing insert size distribution for orientation RF...
[M::mem_pestat] (25, 50, 75) percentile: (196, 1198, 3827)
[M::mem_pestat] low and high boundaries for computing mean and std.dev: (1, 11089)
[M::mem_pestat] mean and std.dev: (2270.41, 2551.93)
[M::mem_pestat] low and high boundaries for proper pairs: (1, 14720)
[M::mem_pestat] analyzing insert size distribution for orientation RR...
[M::mem_pestat] (25, 50, 75) percentile: (216, 547, 1595)
[M::mem_pestat] low and high boundaries for computing mean and std.dev: (1, 4353)
[M::mem_pestat] mean and std.dev: (842.22, 996.01)
[M::mem_pestat] low and high boundaries for proper pairs: (1, 5732)
[M::mem_pestat] skip orientation FF
[M::mem_pestat] skip orientation RF
[M::mem_pestat] skip orientation RR
[M::mem_process_seqs] Processed 2796432 reads in 3901.697 CPU sec, 97.771 real sec
[M::process] read 2819008 sequences (400000168 bp)...
[M::mem_pestat] # candidate unique pairs for (FF, FR, RF, RR): (58, 671596, 309, 67)
[M::mem_pestat] analyzing insert size distribution for orientation FF...
[M::mem_pestat] (25, 50, 75) percentile: (173, 875, 2903)
[M::mem_pestat] low and high boundaries for computing mean and std.dev: (1, 8363)
[M::mem_pestat] mean and std.dev: (1801.79, 2035.48)
[M::mem_pestat] low and high boundaries for proper pairs: (1, 11093)
[M::mem_pestat] analyzing insert size distribution for orientation FR...
[M::mem_pestat] (25, 50, 75) percentile: (195, 249, 333)
[M::mem_pestat] low and high boundaries for computing mean and std.dev: (1, 609)
[M::mem_pestat] mean and std.dev: (264.97, 95.52)
[M::mem_pestat] low and high boundaries for proper pairs: (1, 747)
[M::mem_pestat] analyzing insert size distribution for orientation RF...
[M::mem_pestat] (25, 50, 75) percentile: (129, 770, 2789)
[M::mem_pestat] low and high boundaries for computing mean and std.dev: (1, 8109)
[M::mem_pestat] mean and std.dev: (1554.04, 1946.29)
[M::mem_pestat] low and high boundaries for proper pairs: (1, 10769)
[M::mem_pestat] analyzing insert size distribution for orientation RR...
[M::mem_pestat] (25, 50, 75) percentile: (282, 1345, 3263)
[M::mem_pestat] low and high boundaries for computing mean and std.dev: (1, 9225)
[M::mem_pestat] mean and std.dev: (2238.73, 2470.93)
[M::mem_pestat] low and high boundaries for proper pairs: (1, 12206)
[M::mem_pestat] skip orientation FF
[M::mem_pestat] skip orientation RF
[M::mem_pestat] skip orientation RR
[M::mem_process_seqs] Processed 2826710 reads in 3894.101 CPU sec, 97.600 real sec
[M::process] read 2825106 sequences (400000117 bp)...
[M::mem_pestat] # candidate unique pairs for (FF, FR, RF, RR): (73, 671493, 242, 80)
[M::mem_pestat] analyzing insert size distribution for orientation FF...
[M::mem_pestat] (25, 50, 75) percentile: (223, 517, 4293)
[M::mem_pestat] low and high boundaries for computing mean and std.dev: (1, 12433)
[M::mem_pestat] mean and std.dev: (2335.60, 2649.05)
[M::mem_pestat] low and high boundaries for proper pairs: (1, 16503)
[M::mem_pestat] analyzing insert size distribution for orientation FR...
[M::mem_pestat] (25, 50, 75) percentile: (197, 253, 338)
[M::mem_pestat] low and high boundaries for computing mean and std.dev: (1, 620)
[M::mem_pestat] mean and std.dev: (269.03, 97.23)
[M::mem_pestat] low and high boundaries for proper pairs: (1, 761)
[M::mem_pestat] analyzing insert size distribution for orientation RF...
[M::mem_pestat] (25, 50, 75) percentile: (132, 957, 2828)
[M::mem_pestat] low and high boundaries for computing mean and std.dev: (1, 8220)
[M::mem_pestat] mean and std.dev: (1616.76, 1875.57)
[M::mem_pestat] low and high boundaries for proper pairs: (1, 10916)
[M::mem_pestat] analyzing insert size distribution for orientation RR...
[M::mem_pestat] (25, 50, 75) percentile: (198, 436, 3697)
[M::mem_pestat] low and high boundaries for computing mean and std.dev: (1, 10695)
[M::mem_pestat] mean and std.dev: (1810.96, 2132.63)
[M::mem_pestat] low and high boundaries for proper pairs: (1, 14194)
[M::mem_pestat] skip orientation FF
[M::mem_pestat] skip orientation RF
[M::mem_pestat] skip orientation RR
[M::mem_process_seqs] Processed 2819008 reads in 3893.103 CPU sec, 97.622 real sec
[M::process] read 2828328 sequences (400000265 bp)...
[M::mem_pestat] # candidate unique pairs for (FF, FR, RF, RR): (69, 673496, 243, 79)
[M::mem_pestat] analyzing insert size distribution for orientation FF...
[M::mem_pestat] (25, 50, 75) percentile: (313, 1200, 3282)
[M::mem_pestat] low and high boundaries for computing mean and std.dev: (1, 9220)
[M::mem_pestat] mean and std.dev: (2084.99, 2174.21)
[M::mem_pestat] low and high boundaries for proper pairs: (1, 12189)
[M::mem_pestat] analyzing insert size distribution for orientation FR...
[M::mem_pestat] (25, 50, 75) percentile: (195, 250, 334)
[M::mem_pestat] low and high boundaries for computing mean and std.dev: (1, 612)
[M::mem_pestat] mean and std.dev: (266.09, 95.73)
[M::mem_pestat] low and high boundaries for proper pairs: (1, 751)
[M::mem_pestat] analyzing insert size distribution for orientation RF...
[M::mem_pestat] (25, 50, 75) percentile: (182, 1048, 3725)
[M::mem_pestat] low and high boundaries for computing mean and std.dev: (1, 10811)
[M::mem_pestat] mean and std.dev: (2139.91, 2434.60)
[M::mem_pestat] low and high boundaries for proper pairs: (1, 14354)
[M::mem_pestat] analyzing insert size distribution for orientation RR...
[M::mem_pestat] (25, 50, 75) percentile: (195, 475, 3493)
[M::mem_pestat] low and high boundaries for computing mean and std.dev: (1, 10089)
[M::mem_pestat] mean and std.dev: (1866.67, 2329.99)
[M::mem_pestat] low and high boundaries for proper pairs: (1, 13387)
[M::mem_pestat] skip orientation FF
[M::mem_pestat] skip orientation RF
[M::mem_pestat] skip orientation RR
[M::mem_process_seqs] Processed 2825106 reads in 3889.030 CPU sec, 97.534 real sec
[M::process] read 2825668 sequences (400000078 bp)...
[M::mem_pestat] # candidate unique pairs for (FF, FR, RF, RR): (90, 674083, 247, 78)
[M::mem_pestat] analyzing insert size distribution for orientation FF...
[M::mem_pestat] (25, 50, 75) percentile: (269, 1070, 3744)
[M::mem_pestat] low and high boundaries for computing mean and std.dev: (1, 10694)
[M::mem_pestat] mean and std.dev: (2209.34, 2424.60)
[M::mem_pestat] low and high boundaries for proper pairs: (1, 14169)
[M::mem_pestat] analyzing insert size distribution for orientation FR...
[M::mem_pestat] (25, 50, 75) percentile: (197, 253, 338)
[M::mem_pestat] low and high boundaries for computing mean and std.dev: (1, 620)
[M::mem_pestat] mean and std.dev: (269.05, 97.11)
[M::mem_pestat] low and high boundaries for proper pairs: (1, 761)
[M::mem_pestat] analyzing insert size distribution for orientation RF...
[M::mem_pestat] (25, 50, 75) percentile: (182, 956, 2999)
[M::mem_pestat] low and high boundaries for computing mean and std.dev: (1, 8633)
[M::mem_pestat] mean and std.dev: (1707.91, 2101.26)
[M::mem_pestat] low and high boundaries for proper pairs: (1, 11450)
[M::mem_pestat] analyzing insert size distribution for orientation RR...
[M::mem_pestat] (25, 50, 75) percentile: (236, 892, 2849)
[M::mem_pestat] low and high boundaries for computing mean and std.dev: (1, 8075)
[M::mem_pestat] mean and std.dev: (1600.37, 1881.63)
[M::mem_pestat] low and high boundaries for proper pairs: (1, 10688)
[M::mem_pestat] skip orientation FF
[M::mem_pestat] skip orientation RF
[M::mem_pestat] skip orientation RR
[M::mem_process_seqs] Processed 2828328 reads in 3888.683 CPU sec, 97.454 real sec
[M::process] read 2827440 sequences (400000272 bp)...
[M::mem_pestat] # candidate unique pairs for (FF, FR, RF, RR): (80, 671892, 267, 69)
[M::mem_pestat] analyzing insert size distribution for orientation FF...
[M::mem_pestat] (25, 50, 75) percentile: (265, 1055, 2982)
[M::mem_pestat] low and high boundaries for computing mean and std.dev: (1, 8416)
[M::mem_pestat] mean and std.dev: (1859.96, 2114.44)
[M::mem_pestat] low and high boundaries for proper pairs: (1, 11133)
[M::mem_pestat] analyzing insert size distribution for orientation FR...
[M::mem_pestat] (25, 50, 75) percentile: (196, 253, 337)
[M::mem_pestat] low and high boundaries for computing mean and std.dev: (1, 619)
[M::mem_pestat] mean and std.dev: (268.23, 96.73)
[M::mem_pestat] low and high boundaries for proper pairs: (1, 760)
[M::mem_pestat] analyzing insert size distribution for orientation RF...
[M::mem_pestat] (25, 50, 75) percentile: (172, 966, 3746)
[M::mem_pestat] low and high boundaries for computing mean and std.dev: (1, 10894)
[M::mem_pestat] mean and std.dev: (2262.34, 2736.84)
[M::mem_pestat] low and high boundaries for proper pairs: (1, 14468)
[M::mem_pestat] analyzing insert size distribution for orientation RR...
[M::mem_pestat] (25, 50, 75) percentile: (254, 532, 3470)
[M::mem_pestat] low and high boundaries for computing mean and std.dev: (1, 9902)
[M::mem_pestat] mean and std.dev: (2007.67, 2569.80)
[M::mem_pestat] low and high boundaries for proper pairs: (1, 13118)
[M::mem_pestat] skip orientation FF
[M::mem_pestat] skip orientation RF
[M::mem_pestat] skip orientation RR
[M::mem_process_seqs] Processed 2825668 reads in 3985.035 CPU sec, 99.869 real sec
[M::process] read 2810798 sequences (400000037 bp)...
[M::mem_pestat] # candidate unique pairs for (FF, FR, RF, RR): (62, 673715, 279, 81)
[M::mem_pestat] analyzing insert size distribution for orientation FF...
[M::mem_pestat] (25, 50, 75) percentile: (178, 545, 2953)
[M::mem_pestat] low and high boundaries for computing mean and std.dev: (1, 8503)
[M::mem_pestat] mean and std.dev: (1704.55, 2087.32)
[M::mem_pestat] low and high boundaries for proper pairs: (1, 11278)
[M::mem_pestat] analyzing insert size distribution for orientation FR...
[M::mem_pestat] (25, 50, 75) percentile: (196, 253, 337)
[M::mem_pestat] low and high boundaries for computing mean and std.dev: (1, 619)
[M::mem_pestat] mean and std.dev: (268.30, 96.73)
[M::mem_pestat] low and high boundaries for proper pairs: (1, 760)
[M::mem_pestat] analyzing insert size distribution for orientation RF...
[M::mem_pestat] (25, 50, 75) percentile: (216, 1070, 3308)
[M::mem_pestat] low and high boundaries for computing mean and std.dev: (1, 9492)
[M::mem_pestat] mean and std.dev: (2072.84, 2348.50)
[M::mem_pestat] low and high boundaries for proper pairs: (1, 12584)
[M::mem_pestat] analyzing insert size distribution for orientation RR...
[M::mem_pestat] (25, 50, 75) percentile: (166, 646, 3260)
[M::mem_pestat] low and high boundaries for computing mean and std.dev: (1, 9448)
[M::mem_pestat] mean and std.dev: (1824.58, 2232.26)
[M::mem_pestat] low and high boundaries for proper pairs: (1, 12542)
[M::mem_pestat] skip orientation FF
[M::mem_pestat] skip orientation RF
[M::mem_pestat] skip orientation RR
[M::mem_process_seqs] Processed 2827440 reads in 3927.154 CPU sec, 98.628 real sec
[M::process] read 2806978 sequences (400000094 bp)...
[M::mem_pestat] # candidate unique pairs for (FF, FR, RF, RR): (71, 672347, 236, 75)
[M::mem_pestat] analyzing insert size distribution for orientation FF...
[M::mem_pestat] (25, 50, 75) percentile: (236, 682, 3317)
[M::mem_pestat] low and high boundaries for computing mean and std.dev: (1, 9479)
[M::mem_pestat] mean and std.dev: (1841.01, 2043.57)
[M::mem_pestat] low and high boundaries for proper pairs: (1, 12560)
[M::mem_pestat] analyzing insert size distribution for orientation FR...
[M::mem_pestat] (25, 50, 75) percentile: (197, 254, 337)
[M::mem_pestat] low and high boundaries for computing mean and std.dev: (1, 617)
[M::mem_pestat] mean and std.dev: (268.99, 96.76)
[M::mem_pestat] low and high boundaries for proper pairs: (1, 757)
[M::mem_pestat] analyzing insert size distribution for orientation RF...
[M::mem_pestat] (25, 50, 75) percentile: (154, 1050, 2949)
[M::mem_pestat] low and high boundaries for computing mean and std.dev: (1, 8539)
[M::mem_pestat] mean and std.dev: (1672.33, 1902.61)
[M::mem_pestat] low and high boundaries for proper pairs: (1, 11334)
[M::mem_pestat] analyzing insert size distribution for orientation RR...
[M::mem_pestat] (25, 50, 75) percentile: (212, 347, 2351)
[M::mem_pestat] low and high boundaries for computing mean and std.dev: (1, 6629)
[M::mem_pestat] mean and std.dev: (1321.46, 1691.82)
[M::mem_pestat] low and high boundaries for proper pairs: (1, 8768)
[M::mem_pestat] skip orientation FF
[M::mem_pestat] skip orientation RF
[M::mem_pestat] skip orientation RR
[M::mem_process_seqs] Processed 2810798 reads in 3916.971 CPU sec, 98.216 real sec
[M::process] read 2800816 sequences (400000089 bp)...
[M::mem_pestat] # candidate unique pairs for (FF, FR, RF, RR): (81, 676117, 247, 70)
[M::mem_pestat] analyzing insert size distribution for orientation FF...
[M::mem_pestat] (25, 50, 75) percentile: (233, 721, 3434)
[M::mem_pestat] low and high boundaries for computing mean and std.dev: (1, 9836)
[M::mem_pestat] mean and std.dev: (2032.14, 2355.23)
[M::mem_pestat] low and high boundaries for proper pairs: (1, 13037)
[M::mem_pestat] analyzing insert size distribution for orientation FR...
[M::mem_pestat] (25, 50, 75) percentile: (192, 244, 327)
[M::mem_pestat] low and high boundaries for computing mean and std.dev: (1, 597)
[M::mem_pestat] mean and std.dev: (260.72, 94.70)
[M::mem_pestat] low and high boundaries for proper pairs: (1, 732)
[M::mem_pestat] analyzing insert size distribution for orientation RF...
[M::mem_pestat] (25, 50, 75) percentile: (177, 605, 3301)
[M::mem_pestat] low and high boundaries for computing mean and std.dev: (1, 9549)
[M::mem_pestat] mean and std.dev: (2050.14, 2606.93)
[M::mem_pestat] low and high boundaries for proper pairs: (1, 12673)
[M::mem_pestat] analyzing insert size distribution for orientation RR...
[M::mem_pestat] (25, 50, 75) percentile: (209, 1582, 3723)
[M::mem_pestat] low and high boundaries for computing mean and std.dev: (1, 10751)
[M::mem_pestat] mean and std.dev: (2364.60, 2499.43)
[M::mem_pestat] low and high boundaries for proper pairs: (1, 14265)
[M::mem_pestat] skip orientation FF
[M::mem_pestat] skip orientation RF
[M::mem_pestat] skip orientation RR
[M::mem_process_seqs] Processed 2806978 reads in 3885.098 CPU sec, 97.366 real sec
[M::process] read 2803972 sequences (400000225 bp)...
[M::mem_pestat] # candidate unique pairs for (FF, FR, RF, RR): (72, 673362, 242, 90)
[M::mem_pestat] analyzing insert size distribution for orientation FF...
[M::mem_pestat] (25, 50, 75) percentile: (209, 727, 5186)
[M::mem_pestat] low and high boundaries for computing mean and std.dev: (1, 15140)
[M::mem_pestat] mean and std.dev: (2330.47, 2841.22)
[M::mem_pestat] low and high boundaries for proper pairs: (1, 20117)
[M::mem_pestat] analyzing insert size distribution for orientation FR...
[M::mem_pestat] (25, 50, 75) percentile: (197, 253, 337)
[M::mem_pestat] low and high boundaries for computing mean and std.dev: (1, 617)
[M::mem_pestat] mean and std.dev: (268.36, 96.42)
[M::mem_pestat] low and high boundaries for proper pairs: (1, 757)
[M::mem_pestat] analyzing insert size distribution for orientation RF...
[M::mem_pestat] (25, 50, 75) percentile: (201, 902, 3267)
[M::mem_pestat] low and high boundaries for computing mean and std.dev: (1, 9399)
[M::mem_pestat] mean and std.dev: (2109.07, 2490.52)
[M::mem_pestat] low and high boundaries for proper pairs: (1, 12465)
[M::mem_pestat] analyzing insert size distribution for orientation RR...
[M::mem_pestat] (25, 50, 75) percentile: (255, 1232, 4156)
[M::mem_pestat] low and high boundaries for computing mean and std.dev: (1, 11958)
[M::mem_pestat] mean and std.dev: (2265.29, 2411.27)
[M::mem_pestat] low and high boundaries for proper pairs: (1, 15859)
[M::mem_pestat] skip orientation FF
[M::mem_pestat] skip orientation RF
[M::mem_pestat] skip orientation RR
[M::mem_process_seqs] Processed 2800816 reads in 4004.754 CPU sec, 100.458 real sec
[M::process] read 2803994 sequences (400000015 bp)...
[M::mem_pestat] # candidate unique pairs for (FF, FR, RF, RR): (73, 678187, 252, 75)
[M::mem_pestat] analyzing insert size distribution for orientation FF...
[M::mem_pestat] (25, 50, 75) percentile: (156, 354, 2676)
[M::mem_pestat] low and high boundaries for computing mean and std.dev: (1, 7716)
[M::mem_pestat] mean and std.dev: (1636.75, 2042.94)
[M::mem_pestat] low and high boundaries for proper pairs: (1, 10236)
[M::mem_pestat] analyzing insert size distribution for orientation FR...
[M::mem_pestat] (25, 50, 75) percentile: (191, 243, 324)
[M::mem_pestat] low and high boundaries for computing mean and std.dev: (1, 590)
[M::mem_pestat] mean and std.dev: (259.20, 93.65)
[M::mem_pestat] low and high boundaries for proper pairs: (1, 723)
[M::mem_pestat] analyzing insert size distribution for orientation RF...
[M::mem_pestat] (25, 50, 75) percentile: (154, 1382, 4111)
[M::mem_pestat] low and high boundaries for computing mean and std.dev: (1, 12025)
[M::mem_pestat] mean and std.dev: (2488.80, 2780.47)
[M::mem_pestat] low and high boundaries for proper pairs: (1, 15982)
[M::mem_pestat] analyzing insert size distribution for orientation RR...
[M::mem_pestat] (25, 50, 75) percentile: (224, 588, 3139)
[M::mem_pestat] low and high boundaries for computing mean and std.dev: (1, 8969)
[M::mem_pestat] mean and std.dev: (1606.59, 2075.56)
[M::mem_pestat] low and high boundaries for proper pairs: (1, 11884)
[M::mem_pestat] skip orientation FF
[M::mem_pestat] skip orientation RF
[M::mem_pestat] skip orientation RR
[M::mem_process_seqs] Processed 2803972 reads in 4132.636 CPU sec, 111.000 real sec
[M::process] read 2803018 sequences (400000243 bp)...
[M::mem_pestat] # candidate unique pairs for (FF, FR, RF, RR): (76, 674020, 246, 79)
[M::mem_pestat] analyzing insert size distribution for orientation FF...
[M::mem_pestat] (25, 50, 75) percentile: (203, 2038, 3650)
[M::mem_pestat] low and high boundaries for computing mean and std.dev: (1, 10544)
[M::mem_pestat] mean and std.dev: (2139.13, 1956.73)
[M::mem_pestat] low and high boundaries for proper pairs: (1, 13991)
[M::mem_pestat] analyzing insert size distribution for orientation FR...
[M::mem_pestat] (25, 50, 75) percentile: (197, 253, 336)
[M::mem_pestat] low and high boundaries for computing mean and std.dev: (1, 614)
[M::mem_pestat] mean and std.dev: (268.09, 96.05)
[M::mem_pestat] low and high boundaries for proper pairs: (1, 753)
[M::mem_pestat] analyzing insert size distribution for orientation RF...
[M::mem_pestat] (25, 50, 75) percentile: (121, 873, 3080)
[M::mem_pestat] low and high boundaries for computing mean and std.dev: (1, 8998)
[M::mem_pestat] mean and std.dev: (2025.91, 2473.47)
[M::mem_pestat] low and high boundaries for proper pairs: (1, 11957)
[M::mem_pestat] analyzing insert size distribution for orientation RR...
[M::mem_pestat] (25, 50, 75) percentile: (394, 1651, 3984)
[M::mem_pestat] low and high boundaries for computing mean and std.dev: (1, 11164)
[M::mem_pestat] mean and std.dev: (2646.09, 2777.87)
[M::mem_pestat] low and high boundaries for proper pairs: (1, 14754)
[M::mem_pestat] skip orientation FF
[M::mem_pestat] skip orientation RF
[M::mem_pestat] skip orientation RR
[M::mem_process_seqs] Processed 2803994 reads in 3967.916 CPU sec, 99.493 real sec
[M::process] read 2801900 sequences (400000001 bp)...
[M::mem_pestat] # candidate unique pairs for (FF, FR, RF, RR): (66, 677029, 247, 91)
[M::mem_pestat] analyzing insert size distribution for orientation FF...
[M::mem_pestat] (25, 50, 75) percentile: (200, 1886, 3829)
[M::mem_pestat] low and high boundaries for computing mean and std.dev: (1, 11087)
[M::mem_pestat] mean and std.dev: (2141.82, 2346.46)
[M::mem_pestat] low and high boundaries for proper pairs: (1, 14716)
[M::mem_pestat] analyzing insert size distribution for orientation FR...
[M::mem_pestat] (25, 50, 75) percentile: (192, 244, 326)
[M::mem_pestat] low and high boundaries for computing mean and std.dev: (1, 594)
[M::mem_pestat] mean and std.dev: (260.62, 94.07)
[M::mem_pestat] low and high boundaries for proper pairs: (1, 728)
[M::mem_pestat] analyzing insert size distribution for orientation RF...
[M::mem_pestat] (25, 50, 75) percentile: (205, 1331, 3640)
[M::mem_pestat] low and high boundaries for computing mean and std.dev: (1, 10510)
[M::mem_pestat] mean and std.dev: (2309.54, 2512.16)
[M::mem_pestat] low and high boundaries for proper pairs: (1, 13945)
[M::mem_pestat] analyzing insert size distribution for orientation RR...
[M::mem_pestat] (25, 50, 75) percentile: (292, 761, 3729)
[M::mem_pestat] low and high boundaries for computing mean and std.dev: (1, 10603)
[M::mem_pestat] mean and std.dev: (2133.99, 2502.49)
[M::mem_pestat] low and high boundaries for proper pairs: (1, 14040)
[M::mem_pestat] skip orientation FF
[M::mem_pestat] skip orientation RF
[M::mem_pestat] skip orientation RR
[M::mem_process_seqs] Processed 2803018 reads in 3920.271 CPU sec, 98.328 real sec
[M::process] read 2799488 sequences (400000239 bp)...
[M::mem_pestat] # candidate unique pairs for (FF, FR, RF, RR): (80, 675887, 259, 69)
[M::mem_pestat] analyzing insert size distribution for orientation FF...
[M::mem_pestat] (25, 50, 75) percentile: (349, 1571, 4237)
[M::mem_pestat] low and high boundaries for computing mean and std.dev: (1, 12013)
[M::mem_pestat] mean and std.dev: (2402.99, 2187.96)
[M::mem_pestat] low and high boundaries for proper pairs: (1, 15901)
[M::mem_pestat] analyzing insert size distribution for orientation FR...
[M::mem_pestat] (25, 50, 75) percentile: (194, 249, 332)
[M::mem_pestat] low and high boundaries for computing mean and std.dev: (1, 608)
[M::mem_pestat] mean and std.dev: (264.68, 95.29)
[M::mem_pestat] low and high boundaries for proper pairs: (1, 746)
[M::mem_pestat] analyzing insert size distribution for orientation RF...
[M::mem_pestat] (25, 50, 75) percentile: (178, 1273, 3757)
[M::mem_pestat] low and high boundaries for computing mean and std.dev: (1, 10915)
[M::mem_pestat] mean and std.dev: (2342.56, 2649.93)
[M::mem_pestat] low and high boundaries for proper pairs: (1, 14494)
[M::mem_pestat] analyzing insert size distribution for orientation RR...
[M::mem_pestat] (25, 50, 75) percentile: (207, 490, 2354)
[M::mem_pestat] low and high boundaries for computing mean and std.dev: (1, 6648)
[M::mem_pestat] mean and std.dev: (1270.20, 1543.98)
[M::mem_pestat] low and high boundaries for proper pairs: (1, 8795)
[M::mem_pestat] skip orientation FF
[M::mem_pestat] skip orientation RF
[M::mem_pestat] skip orientation RR
[M::mem_process_seqs] Processed 2801900 reads in 3879.188 CPU sec, 97.207 real sec
[M::process] read 2816616 sequences (400000047 bp)...
[M::mem_pestat] # candidate unique pairs for (FF, FR, RF, RR): (68, 675688, 230, 75)
[M::mem_pestat] analyzing insert size distribution for orientation FF...
[M::mem_pestat] (25, 50, 75) percentile: (237, 1088, 4289)
[M::mem_pestat] low and high boundaries for computing mean and std.dev: (1, 12393)
[M::mem_pestat] mean and std.dev: (2392.31, 2556.57)
[M::mem_pestat] low and high boundaries for proper pairs: (1, 16445)
[M::mem_pestat] analyzing insert size distribution for orientation FR...
[M::mem_pestat] (25, 50, 75) percentile: (194, 249, 332)
[M::mem_pestat] low and high boundaries for computing mean and std.dev: (1, 608)
[M::mem_pestat] mean and std.dev: (264.50, 95.35)
[M::mem_pestat] low and high boundaries for proper pairs: (1, 746)
[M::mem_pestat] analyzing insert size distribution for orientation RF...
[M::mem_pestat] (25, 50, 75) percentile: (161, 831, 3266)
[M::mem_pestat] low and high boundaries for computing mean and std.dev: (1, 9476)
[M::mem_pestat] mean and std.dev: (1914.53, 2316.83)
[M::mem_pestat] low and high boundaries for proper pairs: (1, 12581)
[M::mem_pestat] analyzing insert size distribution for orientation RR...
[M::mem_pestat] (25, 50, 75) percentile: (176, 568, 3288)
[M::mem_pestat] low and high boundaries for computing mean and std.dev: (1, 9512)
[M::mem_pestat] mean and std.dev: (1642.01, 1947.23)
[M::mem_pestat] low and high boundaries for proper pairs: (1, 12624)
[M::mem_pestat] skip orientation FF
[M::mem_pestat] skip orientation RF
[M::mem_pestat] skip orientation RR
[M::mem_process_seqs] Processed 2799488 reads in 3917.322 CPU sec, 98.179 real sec
[M::process] read 2821858 sequences (400000119 bp)...
[M::mem_pestat] # candidate unique pairs for (FF, FR, RF, RR): (73, 672933, 259, 80)
[M::mem_pestat] analyzing insert size distribution for orientation FF...
[M::mem_pestat] (25, 50, 75) percentile: (255, 842, 2835)
[M::mem_pestat] low and high boundaries for computing mean and std.dev: (1, 7995)
[M::mem_pestat] mean and std.dev: (1679.41, 1920.18)
[M::mem_pestat] low and high boundaries for proper pairs: (1, 10575)
[M::mem_pestat] analyzing insert size distribution for orientation FR...
[M::mem_pestat] (25, 50, 75) percentile: (197, 254, 338)
[M::mem_pestat] low and high boundaries for computing mean and std.dev: (1, 620)
[M::mem_pestat] mean and std.dev: (269.27, 97.04)
[M::mem_pestat] low and high boundaries for proper pairs: (1, 761)
[M::mem_pestat] analyzing insert size distribution for orientation RF...
[M::mem_pestat] (25, 50, 75) percentile: (215, 995, 3432)
[M::mem_pestat] low and high boundaries for computing mean and std.dev: (1, 9866)
[M::mem_pestat] mean and std.dev: (2081.42, 2437.58)
[M::mem_pestat] low and high boundaries for proper pairs: (1, 13083)
[M::mem_pestat] analyzing insert size distribution for orientation RR...
[M::mem_pestat] (25, 50, 75) percentile: (201, 646, 3355)
[M::mem_pestat] low and high boundaries for computing mean and std.dev: (1, 9663)
[M::mem_pestat] mean and std.dev: (1845.20, 2502.60)
[M::mem_pestat] low and high boundaries for proper pairs: (1, 12817)
[M::mem_pestat] skip orientation FF
[M::mem_pestat] skip orientation RF
[M::mem_pestat] skip orientation RR
[M::mem_process_seqs] Processed 2816616 reads in 3897.114 CPU sec, 97.674 real sec
[M::process] read 2827278 sequences (400000140 bp)...
[M::mem_pestat] # candidate unique pairs for (FF, FR, RF, RR): (71, 673924, 247, 86)
[M::mem_pestat] analyzing insert size distribution for orientation FF...
[M::mem_pestat] (25, 50, 75) percentile: (350, 1088, 4914)
[M::mem_pestat] low and high boundaries for computing mean and std.dev: (1, 14042)
[M::mem_pestat] mean and std.dev: (2393.73, 2568.86)
[M::mem_pestat] low and high boundaries for proper pairs: (1, 18606)
[M::mem_pestat] analyzing insert size distribution for orientation FR...
[M::mem_pestat] (25, 50, 75) percentile: (197, 253, 337)
[M::mem_pestat] low and high boundaries for computing mean and std.dev: (1, 617)
[M::mem_pestat] mean and std.dev: (268.57, 96.68)
[M::mem_pestat] low and high boundaries for proper pairs: (1, 757)
[M::mem_pestat] analyzing insert size distribution for orientation RF...
[M::mem_pestat] (25, 50, 75) percentile: (163, 1113, 3902)
[M::mem_pestat] low and high boundaries for computing mean and std.dev: (1, 11380)
[M::mem_pestat] mean and std.dev: (2328.79, 2760.38)
[M::mem_pestat] low and high boundaries for proper pairs: (1, 15119)
[M::mem_pestat] analyzing insert size distribution for orientation RR...
[M::mem_pestat] (25, 50, 75) percentile: (245, 882, 3960)
[M::mem_pestat] low and high boundaries for computing mean and std.dev: (1, 11390)
[M::mem_pestat] mean and std.dev: (2182.66, 2649.56)
[M::mem_pestat] low and high boundaries for proper pairs: (1, 15105)
[M::mem_pestat] skip orientation FF
[M::mem_pestat] skip orientation RF
[M::mem_pestat] skip orientation RR
[M::mem_process_seqs] Processed 2821858 reads in 3932.767 CPU sec, 98.630 real sec
[M::process] read 2830746 sequences (400000114 bp)...
[M::mem_pestat] # candidate unique pairs for (FF, FR, RF, RR): (78, 674044, 273, 74)
[M::mem_pestat] analyzing insert size distribution for orientation FF...
[M::mem_pestat] (25, 50, 75) percentile: (218, 645, 4102)
[M::mem_pestat] low and high boundaries for computing mean and std.dev: (1, 11870)
[M::mem_pestat] mean and std.dev: (2066.04, 2413.27)
[M::mem_pestat] low and high boundaries for proper pairs: (1, 15754)
[M::mem_pestat] analyzing insert size distribution for orientation FR...
[M::mem_pestat] (25, 50, 75) percentile: (196, 253, 337)
[M::mem_pestat] low and high boundaries for computing mean and std.dev: (1, 619)
[M::mem_pestat] mean and std.dev: (268.16, 96.90)
[M::mem_pestat] low and high boundaries for proper pairs: (1, 760)
[M::mem_pestat] analyzing insert size distribution for orientation RF...
[M::mem_pestat] (25, 50, 75) percentile: (195, 1187, 3902)
[M::mem_pestat] low and high boundaries for computing mean and std.dev: (1, 11316)
[M::mem_pestat] mean and std.dev: (2409.80, 2681.25)
[M::mem_pestat] low and high boundaries for proper pairs: (1, 15023)
[M::mem_pestat] analyzing insert size distribution for orientation RR...
[M::mem_pestat] (25, 50, 75) percentile: (205, 713, 3139)
[M::mem_pestat] low and high boundaries for computing mean and std.dev: (1, 9007)
[M::mem_pestat] mean and std.dev: (1535.04, 1882.04)
[M::mem_pestat] low and high boundaries for proper pairs: (1, 11941)
[M::mem_pestat] skip orientation FF
[M::mem_pestat] skip orientation RF
[M::mem_pestat] skip orientation RR
[M::mem_process_seqs] Processed 2827278 reads in 3994.897 CPU sec, 100.185 real sec
[M::process] read 2821904 sequences (400000250 bp)...
[M::mem_pestat] # candidate unique pairs for (FF, FR, RF, RR): (83, 674521, 284, 89)
[M::mem_pestat] analyzing insert size distribution for orientation FF...
[M::mem_pestat] (25, 50, 75) percentile: (222, 773, 3800)
[M::mem_pestat] low and high boundaries for computing mean and std.dev: (1, 10956)
[M::mem_pestat] mean and std.dev: (2111.37, 2357.74)
[M::mem_pestat] low and high boundaries for proper pairs: (1, 14534)
[M::mem_pestat] analyzing insert size distribution for orientation FR...
[M::mem_pestat] (25, 50, 75) percentile: (197, 253, 338)
[M::mem_pestat] low and high boundaries for computing mean and std.dev: (1, 620)
[M::mem_pestat] mean and std.dev: (269.08, 97.15)
[M::mem_pestat] low and high boundaries for proper pairs: (1, 761)
[M::mem_pestat] analyzing insert size distribution for orientation RF...
[M::mem_pestat] (25, 50, 75) percentile: (139, 482, 3187)
[M::mem_pestat] low and high boundaries for computing mean and std.dev: (1, 9283)
[M::mem_pestat] mean and std.dev: (1707.69, 2254.39)
[M::mem_pestat] low and high boundaries for proper pairs: (1, 12331)
[M::mem_pestat] analyzing insert size distribution for orientation RR...
[M::mem_pestat] (25, 50, 75) percentile: (259, 1337, 3439)
[M::mem_pestat] low and high boundaries for computing mean and std.dev: (1, 9799)
[M::mem_pestat] mean and std.dev: (2005.81, 2045.47)
[M::mem_pestat] low and high boundaries for proper pairs: (1, 12979)
[M::mem_pestat] skip orientation FF
[M::mem_pestat] skip orientation RF
[M::mem_pestat] skip orientation RR
[M::mem_process_seqs] Processed 2830746 reads in 3900.815 CPU sec, 97.570 real sec
[M::process] read 2831800 sequences (400000196 bp)...
[M::mem_pestat] # candidate unique pairs for (FF, FR, RF, RR): (77, 673050, 254, 79)
[M::mem_pestat] analyzing insert size distribution for orientation FF...
[M::mem_pestat] (25, 50, 75) percentile: (297, 731, 3761)
[M::mem_pestat] low and high boundaries for computing mean and std.dev: (1, 10689)
[M::mem_pestat] mean and std.dev: (2090.32, 2333.64)
[M::mem_pestat] low and high boundaries for proper pairs: (1, 14153)
[M::mem_pestat] analyzing insert size distribution for orientation FR...
[M::mem_pestat] (25, 50, 75) percentile: (196, 252, 336)
[M::mem_pestat] low and high boundaries for computing mean and std.dev: (1, 616)
[M::mem_pestat] mean and std.dev: (267.68, 96.42)
[M::mem_pestat] low and high boundaries for proper pairs: (1, 756)
[M::mem_pestat] analyzing insert size distribution for orientation RF...
[M::mem_pestat] (25, 50, 75) percentile: (140, 1051, 3794)
[M::mem_pestat] low and high boundaries for computing mean and std.dev: (1, 11102)
[M::mem_pestat] mean and std.dev: (2113.52, 2470.57)
[M::mem_pestat] low and high boundaries for proper pairs: (1, 14756)
[M::mem_pestat] analyzing insert size distribution for orientation RR...
[M::mem_pestat] (25, 50, 75) percentile: (155, 1265, 3968)
[M::mem_pestat] low and high boundaries for computing mean and std.dev: (1, 11594)
[M::mem_pestat] mean and std.dev: (2089.70, 2240.55)
[M::mem_pestat] low and high boundaries for proper pairs: (1, 15407)
[M::mem_pestat] skip orientation FF
[M::mem_pestat] skip orientation RF
[M::mem_pestat] skip orientation RR
[M::mem_process_seqs] Processed 2821904 reads in 4243.684 CPU sec, 106.603 real sec
[M::process] read 2817014 sequences (400000299 bp)...
[M::mem_pestat] # candidate unique pairs for (FF, FR, RF, RR): (82, 673334, 291, 80)
[M::mem_pestat] analyzing insert size distribution for orientation FF...
[M::mem_pestat] (25, 50, 75) percentile: (221, 761, 2766)
[M::mem_pestat] low and high boundaries for computing mean and std.dev: (1, 7856)
[M::mem_pestat] mean and std.dev: (1520.65, 1820.02)
[M::mem_pestat] low and high boundaries for proper pairs: (1, 10401)
[M::mem_pestat] analyzing insert size distribution for orientation FR...
[M::mem_pestat] (25, 50, 75) percentile: (196, 253, 338)
[M::mem_pestat] low and high boundaries for computing mean and std.dev: (1, 622)
[M::mem_pestat] mean and std.dev: (268.88, 97.16)
[M::mem_pestat] low and high boundaries for proper pairs: (1, 764)
[M::mem_pestat] analyzing insert size distribution for orientation RF...
[M::mem_pestat] (25, 50, 75) percentile: (202, 1334, 3821)
[M::mem_pestat] low and high boundaries for computing mean and std.dev: (1, 11059)
[M::mem_pestat] mean and std.dev: (2322.13, 2645.35)
[M::mem_pestat] low and high boundaries for proper pairs: (1, 14678)
[M::mem_pestat] analyzing insert size distribution for orientation RR...
[M::mem_pestat] (25, 50, 75) percentile: (251, 1916, 3963)
[M::mem_pestat] low and high boundaries for computing mean and std.dev: (1, 11387)
[M::mem_pestat] mean and std.dev: (2546.95, 2531.99)
[M::mem_pestat] low and high boundaries for proper pairs: (1, 15099)
[M::mem_pestat] skip orientation FF
[M::mem_pestat] skip orientation RF
[M::mem_pestat] skip orientation RR
[M::mem_process_seqs] Processed 2831800 reads in 3957.006 CPU sec, 99.171 real sec
[M::process] read 2804078 sequences (400000135 bp)...
[M::mem_pestat] # candidate unique pairs for (FF, FR, RF, RR): (81, 672600, 242, 73)
[M::mem_pestat] analyzing insert size distribution for orientation FF...
[M::mem_pestat] (25, 50, 75) percentile: (218, 944, 4101)
[M::mem_pestat] low and high boundaries for computing mean and std.dev: (1, 11867)
[M::mem_pestat] mean and std.dev: (1950.07, 2103.91)
[M::mem_pestat] low and high boundaries for proper pairs: (1, 15750)
[M::mem_pestat] analyzing insert size distribution for orientation FR...
[M::mem_pestat] (25, 50, 75) percentile: (196, 253, 337)
[M::mem_pestat] low and high boundaries for computing mean and std.dev: (1, 619)
[M::mem_pestat] mean and std.dev: (268.33, 97.06)
[M::mem_pestat] low and high boundaries for proper pairs: (1, 760)
[M::mem_pestat] analyzing insert size distribution for orientation RF...
[M::mem_pestat] (25, 50, 75) percentile: (240, 1415, 3531)
[M::mem_pestat] low and high boundaries for computing mean and std.dev: (1, 10113)
[M::mem_pestat] mean and std.dev: (2330.38, 2625.38)
[M::mem_pestat] low and high boundaries for proper pairs: (1, 13404)
[M::mem_pestat] analyzing insert size distribution for orientation RR...
[M::mem_pestat] (25, 50, 75) percentile: (210, 776, 3896)
[M::mem_pestat] low and high boundaries for computing mean and std.dev: (1, 11268)
[M::mem_pestat] mean and std.dev: (2117.48, 2302.87)
[M::mem_pestat] low and high boundaries for proper pairs: (1, 14954)
[M::mem_pestat] skip orientation FF
[M::mem_pestat] skip orientation RF
[M::mem_pestat] skip orientation RR
[M::mem_process_seqs] Processed 2817014 reads in 3911.563 CPU sec, 98.052 real sec
[M::process] read 2787386 sequences (400000039 bp)...
[M::mem_pestat] # candidate unique pairs for (FF, FR, RF, RR): (67, 672746, 263, 72)
[M::mem_pestat] analyzing insert size distribution for orientation FF...
[M::mem_pestat] (25, 50, 75) percentile: (299, 1346, 4688)
[M::mem_pestat] low and high boundaries for computing mean and std.dev: (1, 13466)
[M::mem_pestat] mean and std.dev: (2628.45, 2774.63)
[M::mem_pestat] low and high boundaries for proper pairs: (1, 17855)
[M::mem_pestat] analyzing insert size distribution for orientation FR...
[M::mem_pestat] (25, 50, 75) percentile: (195, 251, 336)
[M::mem_pestat] low and high boundaries for computing mean and std.dev: (1, 618)
[M::mem_pestat] mean and std.dev: (267.23, 96.72)
[M::mem_pestat] low and high boundaries for proper pairs: (1, 759)
[M::mem_pestat] analyzing insert size distribution for orientation RF...
[M::mem_pestat] (25, 50, 75) percentile: (166, 1224, 3418)
[M::mem_pestat] low and high boundaries for computing mean and std.dev: (1, 9922)
[M::mem_pestat] mean and std.dev: (2138.22, 2542.76)
[M::mem_pestat] low and high boundaries for proper pairs: (1, 13174)
[M::mem_pestat] analyzing insert size distribution for orientation RR...
[M::mem_pestat] (25, 50, 75) percentile: (224, 1450, 3554)
[M::mem_pestat] low and high boundaries for computing mean and std.dev: (1, 10214)
[M::mem_pestat] mean and std.dev: (2068.12, 2178.53)
[M::mem_pestat] low and high boundaries for proper pairs: (1, 13544)
[M::mem_pestat] skip orientation FF
[M::mem_pestat] skip orientation RF
[M::mem_pestat] skip orientation RR
[M::mem_process_seqs] Processed 2804078 reads in 3905.416 CPU sec, 97.960 real sec
[M::process] read 2786392 sequences (400000015 bp)...
[M::mem_pestat] # candidate unique pairs for (FF, FR, RF, RR): (94, 670147, 256, 85)
[M::mem_pestat] analyzing insert size distribution for orientation FF...
[M::mem_pestat] (25, 50, 75) percentile: (343, 1324, 4111)
[M::mem_pestat] low and high boundaries for computing mean and std.dev: (1, 11647)
[M::mem_pestat] mean and std.dev: (2894.45, 3083.63)
[M::mem_pestat] low and high boundaries for proper pairs: (1, 15415)
[M::mem_pestat] analyzing insert size distribution for orientation FR...
[M::mem_pestat] (25, 50, 75) percentile: (199, 258, 342)
[M::mem_pestat] low and high boundaries for computing mean and std.dev: (1, 628)
[M::mem_pestat] mean and std.dev: (272.76, 97.79)
[M::mem_pestat] low and high boundaries for proper pairs: (1, 771)
[M::mem_pestat] analyzing insert size distribution for orientation RF...
[M::mem_pestat] (25, 50, 75) percentile: (222, 1318, 2904)
[M::mem_pestat] low and high boundaries for computing mean and std.dev: (1, 8268)
[M::mem_pestat] mean and std.dev: (1887.77, 2071.91)
[M::mem_pestat] low and high boundaries for proper pairs: (1, 10950)
[M::mem_pestat] analyzing insert size distribution for orientation RR...
[M::mem_pestat] (25, 50, 75) percentile: (213, 1189, 4119)
[M::mem_pestat] low and high boundaries for computing mean and std.dev: (1, 11931)
[M::mem_pestat] mean and std.dev: (2448.19, 2595.88)
[M::mem_pestat] low and high boundaries for proper pairs: (1, 15837)
[M::mem_pestat] skip orientation FF
[M::mem_pestat] skip orientation RF
[M::mem_pestat] skip orientation RR
[M::mem_process_seqs] Processed 2787386 reads in 3963.592 CPU sec, 99.358 real sec
[M::process] read 2785044 sequences (400000096 bp)...
[M::mem_pestat] # candidate unique pairs for (FF, FR, RF, RR): (84, 669035, 289, 99)
[M::mem_pestat] analyzing insert size distribution for orientation FF...
[M::mem_pestat] (25, 50, 75) percentile: (278, 2337, 5529)
[M::mem_pestat] low and high boundaries for computing mean and std.dev: (1, 16031)
[M::mem_pestat] mean and std.dev: (3095.11, 2958.52)
[M::mem_pestat] low and high boundaries for proper pairs: (1, 21282)
[M::mem_pestat] analyzing insert size distribution for orientation FR...
[M::mem_pestat] (25, 50, 75) percentile: (201, 260, 344)
[M::mem_pestat] low and high boundaries for computing mean and std.dev: (1, 630)
[M::mem_pestat] mean and std.dev: (274.32, 98.03)
[M::mem_pestat] low and high boundaries for proper pairs: (1, 773)
[M::mem_pestat] analyzing insert size distribution for orientation RF...
[M::mem_pestat] (25, 50, 75) percentile: (243, 1243, 3974)
[M::mem_pestat] low and high boundaries for computing mean and std.dev: (1, 11436)
[M::mem_pestat] mean and std.dev: (2415.81, 2736.10)
[M::mem_pestat] low and high boundaries for proper pairs: (1, 15167)
[M::mem_pestat] analyzing insert size distribution for orientation RR...
[M::mem_pestat] (25, 50, 75) percentile: (229, 968, 2240)
[M::mem_pestat] low and high boundaries for computing mean and std.dev: (1, 6262)
[M::mem_pestat] mean and std.dev: (1340.54, 1475.57)
[M::mem_pestat] low and high boundaries for proper pairs: (1, 8273)
[M::mem_pestat] skip orientation FF
[M::mem_pestat] skip orientation RF
[M::mem_pestat] skip orientation RR
[M::mem_process_seqs] Processed 2786392 reads in 3924.838 CPU sec, 98.340 real sec
[M::process] read 2783768 sequences (400000016 bp)...
[M::mem_pestat] # candidate unique pairs for (FF, FR, RF, RR): (50, 667556, 246, 70)
[M::mem_pestat] analyzing insert size distribution for orientation FF...
[M::mem_pestat] (25, 50, 75) percentile: (308, 2234, 3966)
[M::mem_pestat] low and high boundaries for computing mean and std.dev: (1, 11282)
[M::mem_pestat] mean and std.dev: (2375.22, 2034.22)
[M::mem_pestat] low and high boundaries for proper pairs: (1, 14940)
[M::mem_pestat] analyzing insert size distribution for orientation FR...
[M::mem_pestat] (25, 50, 75) percentile: (199, 258, 343)
[M::mem_pestat] low and high boundaries for computing mean and std.dev: (1, 631)
[M::mem_pestat] mean and std.dev: (273.19, 98.18)
[M::mem_pestat] low and high boundaries for proper pairs: (1, 775)
[M::mem_pestat] analyzing insert size distribution for orientation RF...
[M::mem_pestat] (25, 50, 75) percentile: (261, 1379, 3689)
[M::mem_pestat] low and high boundaries for computing mean and std.dev: (1, 10545)
[M::mem_pestat] mean and std.dev: (2198.83, 2354.69)
[M::mem_pestat] low and high boundaries for proper pairs: (1, 13973)
[M::mem_pestat] analyzing insert size distribution for orientation RR...
[M::mem_pestat] (25, 50, 75) percentile: (289, 1328, 2762)
[M::mem_pestat] low and high boundaries for computing mean and std.dev: (1, 7708)
[M::mem_pestat] mean and std.dev: (1874.00, 1867.65)
[M::mem_pestat] low and high boundaries for proper pairs: (1, 10181)
[M::mem_pestat] skip orientation FF
[M::mem_pestat] skip orientation RF
[M::mem_pestat] skip orientation RR
[M::mem_process_seqs] Processed 2785044 reads in 3937.779 CPU sec, 98.736 real sec
[M::process] read 2798598 sequences (400000163 bp)...
[M::mem_pestat] # candidate unique pairs for (FF, FR, RF, RR): (77, 669774, 244, 71)
[M::mem_pestat] analyzing insert size distribution for orientation FF...
[M::mem_pestat] (25, 50, 75) percentile: (216, 1262, 3329)
[M::mem_pestat] low and high boundaries for computing mean and std.dev: (1, 9555)
[M::mem_pestat] mean and std.dev: (1947.74, 2151.14)
[M::mem_pestat] low and high boundaries for proper pairs: (1, 12668)
[M::mem_pestat] analyzing insert size distribution for orientation FR...
[M::mem_pestat] (25, 50, 75) percentile: (199, 257, 343)
[M::mem_pestat] low and high boundaries for computing mean and std.dev: (1, 631)
[M::mem_pestat] mean and std.dev: (272.77, 98.58)
[M::mem_pestat] low and high boundaries for proper pairs: (1, 775)
[M::mem_pestat] analyzing insert size distribution for orientation RF...
[M::mem_pestat] (25, 50, 75) percentile: (147, 1032, 2906)
[M::mem_pestat] low and high boundaries for computing mean and std.dev: (1, 8424)
[M::mem_pestat] mean and std.dev: (1652.38, 1937.07)
[M::mem_pestat] low and high boundaries for proper pairs: (1, 11183)
[M::mem_pestat] analyzing insert size distribution for orientation RR...
[M::mem_pestat] (25, 50, 75) percentile: (197, 531, 2760)
[M::mem_pestat] low and high boundaries for computing mean and std.dev: (1, 7886)
[M::mem_pestat] mean and std.dev: (1544.81, 1804.84)
[M::mem_pestat] low and high boundaries for proper pairs: (1, 10449)
[M::mem_pestat] skip orientation FF
[M::mem_pestat] skip orientation RF
[M::mem_pestat] skip orientation RR
[M::mem_process_seqs] Processed 2783768 reads in 4183.570 CPU sec, 112.049 real sec
[M::process] read 2807292 sequences (400000160 bp)...
[M::mem_pestat] # candidate unique pairs for (FF, FR, RF, RR): (82, 670089, 228, 65)
[M::mem_pestat] analyzing insert size distribution for orientation FF...
[M::mem_pestat] (25, 50, 75) percentile: (223, 939, 2199)
[M::mem_pestat] low and high boundaries for computing mean and std.dev: (1, 6151)
[M::mem_pestat] mean and std.dev: (1484.03, 1643.18)
[M::mem_pestat] low and high boundaries for proper pairs: (1, 8127)
[M::mem_pestat] analyzing insert size distribution for orientation FR...
[M::mem_pestat] (25, 50, 75) percentile: (201, 262, 346)
[M::mem_pestat] low and high boundaries for computing mean and std.dev: (1, 636)
[M::mem_pestat] mean and std.dev: (275.96, 98.61)
[M::mem_pestat] low and high boundaries for proper pairs: (1, 781)
[M::mem_pestat] analyzing insert size distribution for orientation RF...
[M::mem_pestat] (25, 50, 75) percentile: (172, 980, 3454)
[M::mem_pestat] low and high boundaries for computing mean and std.dev: (1, 10018)
[M::mem_pestat] mean and std.dev: (2034.16, 2397.55)
[M::mem_pestat] low and high boundaries for proper pairs: (1, 13300)
[M::mem_pestat] analyzing insert size distribution for orientation RR...
[M::mem_pestat] (25, 50, 75) percentile: (208, 1116, 4407)
[M::mem_pestat] low and high boundaries for computing mean and std.dev: (1, 12805)
[M::mem_pestat] mean and std.dev: (2557.00, 2944.59)
[M::mem_pestat] low and high boundaries for proper pairs: (1, 17004)
[M::mem_pestat] skip orientation FF
[M::mem_pestat] skip orientation RF
[M::mem_pestat] skip orientation RR
[M::mem_process_seqs] Processed 2798598 reads in 4013.404 CPU sec, 100.563 real sec
[M::process] read 2805630 sequences (400000035 bp)...
[M::mem_pestat] # candidate unique pairs for (FF, FR, RF, RR): (91, 669604, 270, 77)
[M::mem_pestat] analyzing insert size distribution for orientation FF...
[M::mem_pestat] (25, 50, 75) percentile: (261, 1464, 3979)
[M::mem_pestat] low and high boundaries for computing mean and std.dev: (1, 11415)
[M::mem_pestat] mean and std.dev: (2244.86, 2239.06)
[M::mem_pestat] low and high boundaries for proper pairs: (1, 15133)
[M::mem_pestat] analyzing insert size distribution for orientation FR...
[M::mem_pestat] (25, 50, 75) percentile: (200, 261, 347)
[M::mem_pestat] low and high boundaries for computing mean and std.dev: (1, 641)
[M::mem_pestat] mean and std.dev: (275.61, 99.49)
[M::mem_pestat] low and high boundaries for proper pairs: (1, 788)
[M::mem_pestat] analyzing insert size distribution for orientation RF...
[M::mem_pestat] (25, 50, 75) percentile: (227, 1302, 3764)
[M::mem_pestat] low and high boundaries for computing mean and std.dev: (1, 10838)
[M::mem_pestat] mean and std.dev: (2269.05, 2549.83)
[M::mem_pestat] low and high boundaries for proper pairs: (1, 14375)
[M::mem_pestat] analyzing insert size distribution for orientation RR...
[M::mem_pestat] (25, 50, 75) percentile: (274, 1084, 3916)
[M::mem_pestat] low and high boundaries for computing mean and std.dev: (1, 11200)
[M::mem_pestat] mean and std.dev: (2164.61, 2173.97)
[M::mem_pestat] low and high boundaries for proper pairs: (1, 14842)
[M::mem_pestat] skip orientation FF
[M::mem_pestat] skip orientation RF
[M::mem_pestat] skip orientation RR
[M::mem_process_seqs] Processed 2807292 reads in 3963.564 CPU sec, 99.318 real sec
[M::process] read 2803200 sequences (400000258 bp)...
[M::mem_pestat] # candidate unique pairs for (FF, FR, RF, RR): (63, 669194, 263, 76)
[M::mem_pestat] analyzing insert size distribution for orientation FF...
[M::mem_pestat] (25, 50, 75) percentile: (196, 606, 3693)
[M::mem_pestat] low and high boundaries for computing mean and std.dev: (1, 10687)
[M::mem_pestat] mean and std.dev: (2305.71, 2767.54)
[M::mem_pestat] low and high boundaries for proper pairs: (1, 14184)
[M::mem_pestat] analyzing insert size distribution for orientation FR...
[M::mem_pestat] (25, 50, 75) percentile: (201, 262, 347)
[M::mem_pestat] low and high boundaries for computing mean and std.dev: (1, 639)
[M::mem_pestat] mean and std.dev: (275.76, 99.20)
[M::mem_pestat] low and high boundaries for proper pairs: (1, 785)
[M::mem_pestat] analyzing insert size distribution for orientation RF...
[M::mem_pestat] (25, 50, 75) percentile: (168, 999, 3236)
[M::mem_pestat] low and high boundaries for computing mean and std.dev: (1, 9372)
[M::mem_pestat] mean and std.dev: (1928.43, 2330.93)
[M::mem_pestat] low and high boundaries for proper pairs: (1, 12440)
[M::mem_pestat] analyzing insert size distribution for orientation RR...
[M::mem_pestat] (25, 50, 75) percentile: (296, 1541, 3971)
[M::mem_pestat] low and high boundaries for computing mean and std.dev: (1, 11321)
[M::mem_pestat] mean and std.dev: (2411.84, 2473.73)
[M::mem_pestat] low and high boundaries for proper pairs: (1, 14996)
[M::mem_pestat] skip orientation FF
[M::mem_pestat] skip orientation RF
[M::mem_pestat] skip orientation RR
[M::mem_process_seqs] Processed 2805630 reads in 3967.705 CPU sec, 99.424 real sec
[M::process] read 2794904 sequences (400000033 bp)...
[M::mem_pestat] # candidate unique pairs for (FF, FR, RF, RR): (91, 668275, 251, 70)
[M::mem_pestat] analyzing insert size distribution for orientation FF...
[M::mem_pestat] (25, 50, 75) percentile: (318, 824, 3319)
[M::mem_pestat] low and high boundaries for computing mean and std.dev: (1, 9321)
[M::mem_pestat] mean and std.dev: (1732.15, 1873.49)
[M::mem_pestat] low and high boundaries for proper pairs: (1, 12322)
[M::mem_pestat] analyzing insert size distribution for orientation FR...
[M::mem_pestat] (25, 50, 75) percentile: (202, 265, 350)
[M::mem_pestat] low and high boundaries for computing mean and std.dev: (1, 646)
[M::mem_pestat] mean and std.dev: (278.23, 99.89)
[M::mem_pestat] low and high boundaries for proper pairs: (1, 794)
[M::mem_pestat] analyzing insert size distribution for orientation RF...
[M::mem_pestat] (25, 50, 75) percentile: (185, 743, 3266)
[M::mem_pestat] low and high boundaries for computing mean and std.dev: (1, 9428)
[M::mem_pestat] mean and std.dev: (2075.44, 2663.07)
[M::mem_pestat] low and high boundaries for proper pairs: (1, 12728)
[M::mem_pestat] analyzing insert size distribution for orientation RR...
[M::mem_pestat] (25, 50, 75) percentile: (225, 1869, 4100)
[M::mem_pestat] low and high boundaries for computing mean and std.dev: (1, 11850)
[M::mem_pestat] mean and std.dev: (2408.30, 2367.11)
[M::mem_pestat] low and high boundaries for proper pairs: (1, 15725)
[M::mem_pestat] skip orientation FF
[M::mem_pestat] skip orientation RF
[M::mem_pestat] skip orientation RR
[M::mem_process_seqs] Processed 2803200 reads in 4029.977 CPU sec, 101.001 real sec
[M::process] read 652974 sequences (93392966 bp)...
[M::mem_pestat] # candidate unique pairs for (FF, FR, RF, RR): (83, 666733, 266, 87)
[M::mem_pestat] analyzing insert size distribution for orientation FF...
[M::mem_pestat] (25, 50, 75) percentile: (288, 771, 2846)
[M::mem_pestat] low and high boundaries for computing mean and std.dev: (1, 7962)
[M::mem_pestat] mean and std.dev: (1649.90, 1744.95)
[M::mem_pestat] low and high boundaries for proper pairs: (1, 10520)
[M::mem_pestat] analyzing insert size distribution for orientation FR...
[M::mem_pestat] (25, 50, 75) percentile: (202, 264, 349)
[M::mem_pestat] low and high boundaries for computing mean and std.dev: (1, 643)
[M::mem_pestat] mean and std.dev: (277.60, 100.19)
[M::mem_pestat] low and high boundaries for proper pairs: (1, 790)
[M::mem_pestat] analyzing insert size distribution for orientation RF...
[M::mem_pestat] (25, 50, 75) percentile: (212, 1350, 4226)
[M::mem_pestat] low and high boundaries for computing mean and std.dev: (1, 12254)
[M::mem_pestat] mean and std.dev: (2409.49, 2641.37)
[M::mem_pestat] low and high boundaries for proper pairs: (1, 16268)
[M::mem_pestat] analyzing insert size distribution for orientation RR...
[M::mem_pestat] (25, 50, 75) percentile: (313, 1308, 4311)
[M::mem_pestat] low and high boundaries for computing mean and std.dev: (1, 12307)
[M::mem_pestat] mean and std.dev: (2328.70, 2308.45)
[M::mem_pestat] low and high boundaries for proper pairs: (1, 16305)
[M::mem_pestat] skip orientation FF
[M::mem_pestat] skip orientation RF
[M::mem_pestat] skip orientation RR
[M::mem_process_seqs] Processed 2794904 reads in 3955.893 CPU sec, 99.146 real sec
[M::mem_pestat] # candidate unique pairs for (FF, FR, RF, RR): (21, 156718, 56, 30)
[M::mem_pestat] analyzing insert size distribution for orientation FF...
[M::mem_pestat] (25, 50, 75) percentile: (278, 1280, 4886)
[M::mem_pestat] low and high boundaries for computing mean and std.dev: (1, 14102)
[M::mem_pestat] mean and std.dev: (2345.38, 2283.98)
[M::mem_pestat] low and high boundaries for proper pairs: (1, 18710)
[M::mem_pestat] analyzing insert size distribution for orientation FR...
[M::mem_pestat] (25, 50, 75) percentile: (202, 263, 350)
[M::mem_pestat] low and high boundaries for computing mean and std.dev: (1, 646)
[M::mem_pestat] mean and std.dev: (277.90, 100.57)
[M::mem_pestat] low and high boundaries for proper pairs: (1, 794)
[M::mem_pestat] analyzing insert size distribution for orientation RF...
[M::mem_pestat] (25, 50, 75) percentile: (268, 1642, 3921)
[M::mem_pestat] low and high boundaries for computing mean and std.dev: (1, 11227)
[M::mem_pestat] mean and std.dev: (2375.43, 2464.91)
[M::mem_pestat] low and high boundaries for proper pairs: (1, 14880)
[M::mem_pestat] analyzing insert size distribution for orientation RR...
[M::mem_pestat] (25, 50, 75) percentile: (284, 336, 611)
[M::mem_pestat] low and high boundaries for computing mean and std.dev: (1, 1265)
[M::mem_pestat] mean and std.dev: (310.92, 132.87)
[M::mem_pestat] low and high boundaries for proper pairs: (1, 1592)
[M::mem_pestat] skip orientation FF
[M::mem_pestat] skip orientation RF
[M::mem_pestat] skip orientation RR
[M::mem_process_seqs] Processed 652974 reads in 966.195 CPU sec, 24.301 real sec
[main] Version: 0.7.17-r1188
[main] CMD: /home/shared/bwa-0.7.17/bwa mem -M -t 40 ../data/bwa-GCF_031168955.1_ASM3116895v1_genomic ../data/trimmed-fastqs-heatwave-genetics/MHW297_trimmed_clipped_R1_paired.fq.gz ../data/trimmed-fastqs-heatwave-genetics/MHW297_trimmed_clipped_R2_paired.fq.gz
[main] Real time: 3807.940 sec; CPU: 150967.958 sec
