[M::bwa_idx_load_from_disk] read 0 ALT contigs
[M::process] read 2808072 sequences (400000066 bp)...
[M::process] read 2801736 sequences (400000238 bp)...
[M::mem_pestat] # candidate unique pairs for (FF, FR, RF, RR): (9, 767961, 79, 17)
[M::mem_pestat] skip orientation FF as there are not enough pairs
[M::mem_pestat] analyzing insert size distribution for orientation FR...
[M::mem_pestat] (25, 50, 75) percentile: (190, 241, 326)
[M::mem_pestat] low and high boundaries for computing mean and std.dev: (1, 598)
[M::mem_pestat] mean and std.dev: (260.46, 94.03)
[M::mem_pestat] low and high boundaries for proper pairs: (1, 734)
[M::mem_pestat] analyzing insert size distribution for orientation RF...
[M::mem_pestat] (25, 50, 75) percentile: (223, 385, 1423)
[M::mem_pestat] low and high boundaries for computing mean and std.dev: (1, 3823)
[M::mem_pestat] mean and std.dev: (732.21, 779.47)
[M::mem_pestat] low and high boundaries for proper pairs: (1, 5023)
[M::mem_pestat] analyzing insert size distribution for orientation RR...
[M::mem_pestat] (25, 50, 75) percentile: (125, 192, 927)
[M::mem_pestat] low and high boundaries for computing mean and std.dev: (1, 2531)
[M::mem_pestat] mean and std.dev: (349.07, 494.29)
[M::mem_pestat] low and high boundaries for proper pairs: (1, 3333)
[M::mem_pestat] skip orientation RF
[M::mem_pestat] skip orientation RR
[M::mem_process_seqs] Processed 2808072 reads in 2817.814 CPU sec, 70.688 real sec
[M::process] read 2800498 sequences (400000248 bp)...
[M::mem_pestat] # candidate unique pairs for (FF, FR, RF, RR): (10, 763919, 112, 14)
[M::mem_pestat] analyzing insert size distribution for orientation FF...
[M::mem_pestat] (25, 50, 75) percentile: (175, 2289, 3594)
[M::mem_pestat] low and high boundaries for computing mean and std.dev: (1, 10432)
[M::mem_pestat] mean and std.dev: (1717.60, 1600.53)
[M::mem_pestat] low and high boundaries for proper pairs: (1, 13851)
[M::mem_pestat] analyzing insert size distribution for orientation FR...
[M::mem_pestat] (25, 50, 75) percentile: (198, 258, 344)
[M::mem_pestat] low and high boundaries for computing mean and std.dev: (1, 636)
[M::mem_pestat] mean and std.dev: (274.12, 98.43)
[M::mem_pestat] low and high boundaries for proper pairs: (1, 782)
[M::mem_pestat] analyzing insert size distribution for orientation RF...
[M::mem_pestat] (25, 50, 75) percentile: (223, 402, 1978)
[M::mem_pestat] low and high boundaries for computing mean and std.dev: (1, 5488)
[M::mem_pestat] mean and std.dev: (1033.40, 1297.25)
[M::mem_pestat] low and high boundaries for proper pairs: (1, 7243)
[M::mem_pestat] analyzing insert size distribution for orientation RR...
[M::mem_pestat] (25, 50, 75) percentile: (135, 254, 1324)
[M::mem_pestat] low and high boundaries for computing mean and std.dev: (1, 3702)
[M::mem_pestat] mean and std.dev: (578.15, 727.01)
[M::mem_pestat] low and high boundaries for proper pairs: (1, 4891)
[M::mem_pestat] skip orientation FF
[M::mem_pestat] skip orientation RF
[M::mem_pestat] skip orientation RR
[M::mem_process_seqs] Processed 2801736 reads in 2958.041 CPU sec, 74.270 real sec
[M::process] read 2801030 sequences (400000178 bp)...
[M::mem_pestat] # candidate unique pairs for (FF, FR, RF, RR): (8, 766478, 103, 15)
[M::mem_pestat] skip orientation FF as there are not enough pairs
[M::mem_pestat] analyzing insert size distribution for orientation FR...
[M::mem_pestat] (25, 50, 75) percentile: (193, 248, 334)
[M::mem_pestat] low and high boundaries for computing mean and std.dev: (1, 616)
[M::mem_pestat] mean and std.dev: (266.13, 96.21)
[M::mem_pestat] low and high boundaries for proper pairs: (1, 757)
[M::mem_pestat] analyzing insert size distribution for orientation RF...
[M::mem_pestat] (25, 50, 75) percentile: (174, 373, 2040)
[M::mem_pestat] low and high boundaries for computing mean and std.dev: (1, 5772)
[M::mem_pestat] mean and std.dev: (1030.34, 1343.77)
[M::mem_pestat] low and high boundaries for proper pairs: (1, 7638)
[M::mem_pestat] analyzing insert size distribution for orientation RR...
[M::mem_pestat] (25, 50, 75) percentile: (130, 259, 2630)
[M::mem_pestat] low and high boundaries for computing mean and std.dev: (1, 7630)
[M::mem_pestat] mean and std.dev: (814.64, 1220.50)
[M::mem_pestat] low and high boundaries for proper pairs: (1, 10130)
[M::mem_pestat] skip orientation RF
[M::mem_pestat] skip orientation RR
[M::mem_process_seqs] Processed 2800498 reads in 2922.349 CPU sec, 73.337 real sec
[M::process] read 2800602 sequences (400000105 bp)...
[M::mem_pestat] # candidate unique pairs for (FF, FR, RF, RR): (16, 765895, 92, 12)
[M::mem_pestat] analyzing insert size distribution for orientation FF...
[M::mem_pestat] (25, 50, 75) percentile: (191, 414, 698)
[M::mem_pestat] low and high boundaries for computing mean and std.dev: (1, 1712)
[M::mem_pestat] mean and std.dev: (375.62, 225.18)
[M::mem_pestat] low and high boundaries for proper pairs: (1, 2219)
[M::mem_pestat] analyzing insert size distribution for orientation FR...
[M::mem_pestat] (25, 50, 75) percentile: (196, 255, 341)
[M::mem_pestat] low and high boundaries for computing mean and std.dev: (1, 631)
[M::mem_pestat] mean and std.dev: (271.68, 97.68)
[M::mem_pestat] low and high boundaries for proper pairs: (1, 776)
[M::mem_pestat] analyzing insert size distribution for orientation RF...
[M::mem_pestat] (25, 50, 75) percentile: (223, 633, 2094)
[M::mem_pestat] low and high boundaries for computing mean and std.dev: (1, 5836)
[M::mem_pestat] mean and std.dev: (1138.79, 1245.11)
[M::mem_pestat] low and high boundaries for proper pairs: (1, 7707)
[M::mem_pestat] analyzing insert size distribution for orientation RR...
[M::mem_pestat] (25, 50, 75) percentile: (195, 492, 3193)
[M::mem_pestat] low and high boundaries for computing mean and std.dev: (1, 9189)
[M::mem_pestat] mean and std.dev: (1599.67, 2297.38)
[M::mem_pestat] low and high boundaries for proper pairs: (1, 12187)
[M::mem_pestat] skip orientation FF
[M::mem_pestat] skip orientation RF
[M::mem_pestat] skip orientation RR
[M::mem_process_seqs] Processed 2801030 reads in 2979.853 CPU sec, 74.945 real sec
[M::process] read 2799486 sequences (400000202 bp)...
[M::mem_pestat] # candidate unique pairs for (FF, FR, RF, RR): (23, 766437, 86, 21)
[M::mem_pestat] analyzing insert size distribution for orientation FF...
[M::mem_pestat] (25, 50, 75) percentile: (188, 246, 5912)
[M::mem_pestat] low and high boundaries for computing mean and std.dev: (1, 17360)
[M::mem_pestat] mean and std.dev: (2047.74, 2761.90)
[M::mem_pestat] low and high boundaries for proper pairs: (1, 23084)
[M::mem_pestat] analyzing insert size distribution for orientation FR...
[M::mem_pestat] (25, 50, 75) percentile: (196, 253, 339)
[M::mem_pestat] low and high boundaries for computing mean and std.dev: (1, 625)
[M::mem_pestat] mean and std.dev: (270.57, 97.36)
[M::mem_pestat] low and high boundaries for proper pairs: (1, 768)
[M::mem_pestat] analyzing insert size distribution for orientation RF...
[M::mem_pestat] (25, 50, 75) percentile: (143, 789, 2406)
[M::mem_pestat] low and high boundaries for computing mean and std.dev: (1, 6932)
[M::mem_pestat] mean and std.dev: (1526.98, 1955.85)
[M::mem_pestat] low and high boundaries for proper pairs: (1, 9350)
[M::mem_pestat] analyzing insert size distribution for orientation RR...
[M::mem_pestat] (25, 50, 75) percentile: (136, 248, 1889)
[M::mem_pestat] low and high boundaries for computing mean and std.dev: (1, 5395)
[M::mem_pestat] mean and std.dev: (651.05, 916.05)
[M::mem_pestat] low and high boundaries for proper pairs: (1, 7148)
[M::mem_pestat] skip orientation FF
[M::mem_pestat] skip orientation RF
[M::mem_pestat] skip orientation RR
[M::mem_process_seqs] Processed 2800602 reads in 2928.851 CPU sec, 73.259 real sec
[M::process] read 2794094 sequences (400000161 bp)...
[M::mem_pestat] # candidate unique pairs for (FF, FR, RF, RR): (16, 767160, 101, 10)
[M::mem_pestat] analyzing insert size distribution for orientation FF...
[M::mem_pestat] (25, 50, 75) percentile: (233, 1269, 2500)
[M::mem_pestat] low and high boundaries for computing mean and std.dev: (1, 7034)
[M::mem_pestat] mean and std.dev: (1266.53, 1081.53)
[M::mem_pestat] low and high boundaries for proper pairs: (1, 9301)
[M::mem_pestat] analyzing insert size distribution for orientation FR...
[M::mem_pestat] (25, 50, 75) percentile: (194, 251, 337)
[M::mem_pestat] low and high boundaries for computing mean and std.dev: (1, 623)
[M::mem_pestat] mean and std.dev: (268.49, 97.06)
[M::mem_pestat] low and high boundaries for proper pairs: (1, 766)
[M::mem_pestat] analyzing insert size distribution for orientation RF...
[M::mem_pestat] (25, 50, 75) percentile: (223, 346, 962)
[M::mem_pestat] low and high boundaries for computing mean and std.dev: (1, 2440)
[M::mem_pestat] mean and std.dev: (515.25, 512.70)
[M::mem_pestat] low and high boundaries for proper pairs: (1, 3179)
[M::mem_pestat] analyzing insert size distribution for orientation RR...
[M::mem_pestat] (25, 50, 75) percentile: (147, 374, 2632)
[M::mem_pestat] low and high boundaries for computing mean and std.dev: (1, 7602)
[M::mem_pestat] mean and std.dev: (1382.90, 1862.38)
[M::mem_pestat] low and high boundaries for proper pairs: (1, 10087)
[M::mem_pestat] skip orientation FF
[M::mem_pestat] skip orientation RF
[M::mem_pestat] skip orientation RR
[M::mem_process_seqs] Processed 2799486 reads in 2947.889 CPU sec, 74.139 real sec
[M::process] read 2819606 sequences (400000009 bp)...
[M::mem_pestat] # candidate unique pairs for (FF, FR, RF, RR): (14, 764067, 83, 24)
[M::mem_pestat] analyzing insert size distribution for orientation FF...
[M::mem_pestat] (25, 50, 75) percentile: (162, 774, 2705)
[M::mem_pestat] low and high boundaries for computing mean and std.dev: (1, 7791)
[M::mem_pestat] mean and std.dev: (1635.36, 2048.32)
[M::mem_pestat] low and high boundaries for proper pairs: (1, 10334)
[M::mem_pestat] analyzing insert size distribution for orientation FR...
[M::mem_pestat] (25, 50, 75) percentile: (198, 257, 344)
[M::mem_pestat] low and high boundaries for computing mean and std.dev: (1, 636)
[M::mem_pestat] mean and std.dev: (273.85, 98.23)
[M::mem_pestat] low and high boundaries for proper pairs: (1, 782)
[M::mem_pestat] analyzing insert size distribution for orientation RF...
[M::mem_pestat] (25, 50, 75) percentile: (223, 998, 2450)
[M::mem_pestat] low and high boundaries for computing mean and std.dev: (1, 6904)
[M::mem_pestat] mean and std.dev: (1512.81, 1687.50)
[M::mem_pestat] low and high boundaries for proper pairs: (1, 9131)
[M::mem_pestat] analyzing insert size distribution for orientation RR...
[M::mem_pestat] (25, 50, 75) percentile: (141, 204, 1102)
[M::mem_pestat] low and high boundaries for computing mean and std.dev: (1, 3024)
[M::mem_pestat] mean and std.dev: (466.67, 709.25)
[M::mem_pestat] low and high boundaries for proper pairs: (1, 3985)
[M::mem_pestat] skip orientation FF
[M::mem_pestat] skip orientation RF
[M::mem_pestat] skip orientation RR
[M::mem_process_seqs] Processed 2794094 reads in 2950.217 CPU sec, 74.091 real sec
[M::process] read 2812318 sequences (400000200 bp)...
[M::mem_pestat] # candidate unique pairs for (FF, FR, RF, RR): (5, 762345, 93, 15)
[M::mem_pestat] skip orientation FF as there are not enough pairs
[M::mem_pestat] analyzing insert size distribution for orientation FR...
[M::mem_pestat] (25, 50, 75) percentile: (197, 256, 342)
[M::mem_pestat] low and high boundaries for computing mean and std.dev: (1, 632)
[M::mem_pestat] mean and std.dev: (272.72, 97.89)
[M::mem_pestat] low and high boundaries for proper pairs: (1, 777)
[M::mem_pestat] analyzing insert size distribution for orientation RF...
[M::mem_pestat] (25, 50, 75) percentile: (223, 895, 2406)
[M::mem_pestat] low and high boundaries for computing mean and std.dev: (1, 6772)
[M::mem_pestat] mean and std.dev: (1286.47, 1445.97)
[M::mem_pestat] low and high boundaries for proper pairs: (1, 8955)
[M::mem_pestat] analyzing insert size distribution for orientation RR...
[M::mem_pestat] (25, 50, 75) percentile: (284, 1213, 5434)
[M::mem_pestat] low and high boundaries for computing mean and std.dev: (1, 15734)
[M::mem_pestat] mean and std.dev: (2627.20, 2531.91)
[M::mem_pestat] low and high boundaries for proper pairs: (1, 20884)
[M::mem_pestat] skip orientation RF
[M::mem_pestat] skip orientation RR
[M::mem_process_seqs] Processed 2819606 reads in 2968.317 CPU sec, 74.432 real sec
[M::process] read 2823598 sequences (400000193 bp)...
[M::mem_pestat] # candidate unique pairs for (FF, FR, RF, RR): (19, 761986, 119, 18)
[M::mem_pestat] analyzing insert size distribution for orientation FF...
[M::mem_pestat] (25, 50, 75) percentile: (147, 199, 4133)
[M::mem_pestat] low and high boundaries for computing mean and std.dev: (1, 12105)
[M::mem_pestat] mean and std.dev: (1465.68, 2148.13)
[M::mem_pestat] low and high boundaries for proper pairs: (1, 16091)
[M::mem_pestat] analyzing insert size distribution for orientation FR...
[M::mem_pestat] (25, 50, 75) percentile: (199, 261, 347)
[M::mem_pestat] low and high boundaries for computing mean and std.dev: (1, 643)
[M::mem_pestat] mean and std.dev: (276.85, 99.40)
[M::mem_pestat] low and high boundaries for proper pairs: (1, 791)
[M::mem_pestat] analyzing insert size distribution for orientation RF...
[M::mem_pestat] (25, 50, 75) percentile: (210, 376, 2093)
[M::mem_pestat] low and high boundaries for computing mean and std.dev: (1, 5859)
[M::mem_pestat] mean and std.dev: (929.65, 1052.53)
[M::mem_pestat] low and high boundaries for proper pairs: (1, 7742)
[M::mem_pestat] analyzing insert size distribution for orientation RR...
[M::mem_pestat] (25, 50, 75) percentile: (249, 399, 2022)
[M::mem_pestat] low and high boundaries for computing mean and std.dev: (1, 5568)
[M::mem_pestat] mean and std.dev: (1345.33, 1765.92)
[M::mem_pestat] low and high boundaries for proper pairs: (1, 8409)
[M::mem_pestat] skip orientation FF
[M::mem_pestat] skip orientation RF
[M::mem_pestat] skip orientation RR
[M::mem_process_seqs] Processed 2812318 reads in 2972.891 CPU sec, 74.560 real sec
[M::process] read 2822614 sequences (400000075 bp)...
[M::mem_pestat] # candidate unique pairs for (FF, FR, RF, RR): (12, 763889, 82, 25)
[M::mem_pestat] analyzing insert size distribution for orientation FF...
[M::mem_pestat] (25, 50, 75) percentile: (460, 2148, 3473)
[M::mem_pestat] low and high boundaries for computing mean and std.dev: (1, 9499)
[M::mem_pestat] mean and std.dev: (2251.08, 2059.04)
[M::mem_pestat] low and high boundaries for proper pairs: (1, 12512)
[M::mem_pestat] analyzing insert size distribution for orientation FR...
[M::mem_pestat] (25, 50, 75) percentile: (197, 256, 342)
[M::mem_pestat] low and high boundaries for computing mean and std.dev: (1, 632)
[M::mem_pestat] mean and std.dev: (272.40, 97.93)
[M::mem_pestat] low and high boundaries for proper pairs: (1, 777)
[M::mem_pestat] analyzing insert size distribution for orientation RF...
[M::mem_pestat] (25, 50, 75) percentile: (223, 1029, 2432)
[M::mem_pestat] low and high boundaries for computing mean and std.dev: (1, 6850)
[M::mem_pestat] mean and std.dev: (1485.62, 1732.66)
[M::mem_pestat] low and high boundaries for proper pairs: (1, 9059)
[M::mem_pestat] analyzing insert size distribution for orientation RR...
[M::mem_pestat] (25, 50, 75) percentile: (187, 277, 2628)
[M::mem_pestat] low and high boundaries for computing mean and std.dev: (1, 7510)
[M::mem_pestat] mean and std.dev: (1123.25, 1506.10)
[M::mem_pestat] low and high boundaries for proper pairs: (1, 9951)
[M::mem_pestat] skip orientation FF
[M::mem_pestat] skip orientation RF
[M::mem_pestat] skip orientation RR
[M::mem_process_seqs] Processed 2823598 reads in 2966.962 CPU sec, 74.535 real sec
[M::process] read 2823024 sequences (400000258 bp)...
[M::mem_pestat] # candidate unique pairs for (FF, FR, RF, RR): (13, 764859, 88, 17)
[M::mem_pestat] analyzing insert size distribution for orientation FF...
[M::mem_pestat] (25, 50, 75) percentile: (230, 284, 4625)
[M::mem_pestat] low and high boundaries for computing mean and std.dev: (1, 13415)
[M::mem_pestat] mean and std.dev: (1677.77, 2826.11)
[M::mem_pestat] low and high boundaries for proper pairs: (1, 17810)
[M::mem_pestat] analyzing insert size distribution for orientation FR...
[M::mem_pestat] (25, 50, 75) percentile: (200, 262, 348)
[M::mem_pestat] low and high boundaries for computing mean and std.dev: (1, 644)
[M::mem_pestat] mean and std.dev: (277.36, 99.49)
[M::mem_pestat] low and high boundaries for proper pairs: (1, 792)
[M::mem_pestat] analyzing insert size distribution for orientation RF...
[M::mem_pestat] (25, 50, 75) percentile: (223, 414, 2293)
[M::mem_pestat] low and high boundaries for computing mean and std.dev: (1, 6433)
[M::mem_pestat] mean and std.dev: (937.27, 1049.08)
[M::mem_pestat] low and high boundaries for proper pairs: (1, 8503)
[M::mem_pestat] analyzing insert size distribution for orientation RR...
[M::mem_pestat] (25, 50, 75) percentile: (170, 321, 5806)
[M::mem_pestat] low and high boundaries for computing mean and std.dev: (1, 17078)
[M::mem_pestat] mean and std.dev: (1931.06, 2685.77)
[M::mem_pestat] low and high boundaries for proper pairs: (1, 22714)
[M::mem_pestat] skip orientation FF
[M::mem_pestat] skip orientation RF
[M::mem_pestat] skip orientation RR
[M::mem_process_seqs] Processed 2822614 reads in 3059.103 CPU sec, 76.737 real sec
[M::process] read 2823464 sequences (400000090 bp)...
[M::mem_pestat] # candidate unique pairs for (FF, FR, RF, RR): (15, 762420, 99, 15)
[M::mem_pestat] analyzing insert size distribution for orientation FF...
[M::mem_pestat] (25, 50, 75) percentile: (196, 302, 3663)
[M::mem_pestat] low and high boundaries for computing mean and std.dev: (1, 10597)
[M::mem_pestat] mean and std.dev: (1891.00, 2271.81)
[M::mem_pestat] low and high boundaries for proper pairs: (1, 14064)
[M::mem_pestat] analyzing insert size distribution for orientation FR...
[M::mem_pestat] (25, 50, 75) percentile: (198, 258, 344)
[M::mem_pestat] low and high boundaries for computing mean and std.dev: (1, 636)
[M::mem_pestat] mean and std.dev: (273.98, 98.38)
[M::mem_pestat] low and high boundaries for proper pairs: (1, 782)
[M::mem_pestat] analyzing insert size distribution for orientation RF...
[M::mem_pestat] (25, 50, 75) percentile: (128, 400, 1518)
[M::mem_pestat] low and high boundaries for computing mean and std.dev: (1, 4298)
[M::mem_pestat] mean and std.dev: (872.59, 1004.39)
[M::mem_pestat] low and high boundaries for proper pairs: (1, 5688)
[M::mem_pestat] analyzing insert size distribution for orientation RR...
[M::mem_pestat] (25, 50, 75) percentile: (269, 279, 333)
[M::mem_pestat] low and high boundaries for computing mean and std.dev: (141, 461)
[M::mem_pestat] mean and std.dev: (272.20, 53.20)
[M::mem_pestat] low and high boundaries for proper pairs: (59, 525)
[M::mem_pestat] skip orientation FF
[M::mem_pestat] skip orientation RF
[M::mem_pestat] skip orientation RR
[M::mem_process_seqs] Processed 2823024 reads in 3185.710 CPU sec, 79.995 real sec
[M::process] read 2811270 sequences (400000090 bp)...
[M::mem_pestat] # candidate unique pairs for (FF, FR, RF, RR): (22, 764429, 89, 15)
[M::mem_pestat] analyzing insert size distribution for orientation FF...
[M::mem_pestat] (25, 50, 75) percentile: (211, 511, 3051)
[M::mem_pestat] low and high boundaries for computing mean and std.dev: (1, 8731)
[M::mem_pestat] mean and std.dev: (1848.36, 2528.69)
[M::mem_pestat] low and high boundaries for proper pairs: (1, 11963)
[M::mem_pestat] analyzing insert size distribution for orientation FR...
[M::mem_pestat] (25, 50, 75) percentile: (200, 262, 349)
[M::mem_pestat] low and high boundaries for computing mean and std.dev: (1, 647)
[M::mem_pestat] mean and std.dev: (277.89, 100.17)
[M::mem_pestat] low and high boundaries for proper pairs: (1, 796)
[M::mem_pestat] analyzing insert size distribution for orientation RF...
[M::mem_pestat] (25, 50, 75) percentile: (223, 905, 1852)
[M::mem_pestat] low and high boundaries for computing mean and std.dev: (1, 5110)
[M::mem_pestat] mean and std.dev: (1051.94, 980.36)
[M::mem_pestat] low and high boundaries for proper pairs: (1, 6739)
[M::mem_pestat] analyzing insert size distribution for orientation RR...
[M::mem_pestat] (25, 50, 75) percentile: (184, 203, 551)
[M::mem_pestat] low and high boundaries for computing mean and std.dev: (1, 1285)
[M::mem_pestat] mean and std.dev: (290.85, 214.69)
[M::mem_pestat] low and high boundaries for proper pairs: (1, 1652)
[M::mem_pestat] skip orientation FF
[M::mem_pestat] skip orientation RF
[M::mem_pestat] skip orientation RR
[M::mem_process_seqs] Processed 2823464 reads in 3126.678 CPU sec, 78.510 real sec
[M::process] read 2803148 sequences (400000020 bp)...
[M::mem_pestat] # candidate unique pairs for (FF, FR, RF, RR): (16, 762515, 91, 13)
[M::mem_pestat] analyzing insert size distribution for orientation FF...
[M::mem_pestat] (25, 50, 75) percentile: (156, 256, 2211)
[M::mem_pestat] low and high boundaries for computing mean and std.dev: (1, 6321)
[M::mem_pestat] mean and std.dev: (750.87, 924.53)
[M::mem_pestat] low and high boundaries for proper pairs: (1, 8376)
[M::mem_pestat] analyzing insert size distribution for orientation FR...
[M::mem_pestat] (25, 50, 75) percentile: (198, 258, 344)
[M::mem_pestat] low and high boundaries for computing mean and std.dev: (1, 636)
[M::mem_pestat] mean and std.dev: (274.23, 98.24)
[M::mem_pestat] low and high boundaries for proper pairs: (1, 782)
[M::mem_pestat] analyzing insert size distribution for orientation RF...
[M::mem_pestat] (25, 50, 75) percentile: (272, 666, 2279)
[M::mem_pestat] low and high boundaries for computing mean and std.dev: (1, 6293)
[M::mem_pestat] mean and std.dev: (1179.24, 1328.51)
[M::mem_pestat] low and high boundaries for proper pairs: (1, 8300)
[M::mem_pestat] analyzing insert size distribution for orientation RR...
[M::mem_pestat] (25, 50, 75) percentile: (187, 1847, 4025)
[M::mem_pestat] low and high boundaries for computing mean and std.dev: (1, 11701)
[M::mem_pestat] mean and std.dev: (1830.77, 1601.77)
[M::mem_pestat] low and high boundaries for proper pairs: (1, 15539)
[M::mem_pestat] skip orientation FF
[M::mem_pestat] skip orientation RF
[M::mem_pestat] skip orientation RR
[M::mem_process_seqs] Processed 2811270 reads in 3055.704 CPU sec, 76.705 real sec
[M::process] read 2799334 sequences (400000013 bp)...
[M::mem_pestat] # candidate unique pairs for (FF, FR, RF, RR): (9, 763348, 111, 28)
[M::mem_pestat] skip orientation FF as there are not enough pairs
[M::mem_pestat] analyzing insert size distribution for orientation FR...
[M::mem_pestat] (25, 50, 75) percentile: (197, 256, 344)
[M::mem_pestat] low and high boundaries for computing mean and std.dev: (1, 638)
[M::mem_pestat] mean and std.dev: (273.24, 99.01)
[M::mem_pestat] low and high boundaries for proper pairs: (1, 785)
[M::mem_pestat] analyzing insert size distribution for orientation RF...
[M::mem_pestat] (25, 50, 75) percentile: (223, 374, 1980)
[M::mem_pestat] low and high boundaries for computing mean and std.dev: (1, 5494)
[M::mem_pestat] mean and std.dev: (909.10, 1110.17)
[M::mem_pestat] low and high boundaries for proper pairs: (1, 7251)
[M::mem_pestat] analyzing insert size distribution for orientation RR...
[M::mem_pestat] (25, 50, 75) percentile: (154, 242, 969)
[M::mem_pestat] low and high boundaries for computing mean and std.dev: (1, 2599)
[M::mem_pestat] mean and std.dev: (383.22, 432.11)
[M::mem_pestat] low and high boundaries for proper pairs: (1, 3414)
[M::mem_pestat] skip orientation RF
[M::mem_pestat] skip orientation RR
[M::mem_process_seqs] Processed 2803148 reads in 3084.097 CPU sec, 77.430 real sec
[M::process] read 2798982 sequences (400000072 bp)...
[M::mem_pestat] # candidate unique pairs for (FF, FR, RF, RR): (20, 764441, 105, 12)
[M::mem_pestat] analyzing insert size distribution for orientation FF...
[M::mem_pestat] (25, 50, 75) percentile: (227, 460, 4115)
[M::mem_pestat] low and high boundaries for computing mean and std.dev: (1, 11891)
[M::mem_pestat] mean and std.dev: (2268.45, 3198.58)
[M::mem_pestat] low and high boundaries for proper pairs: (1, 15779)
[M::mem_pestat] analyzing insert size distribution for orientation FR...
[M::mem_pestat] (25, 50, 75) percentile: (195, 252, 339)
[M::mem_pestat] low and high boundaries for computing mean and std.dev: (1, 627)
[M::mem_pestat] mean and std.dev: (269.50, 97.27)
[M::mem_pestat] low and high boundaries for proper pairs: (1, 771)
[M::mem_pestat] analyzing insert size distribution for orientation RF...
[M::mem_pestat] (25, 50, 75) percentile: (144, 556, 2471)
[M::mem_pestat] low and high boundaries for computing mean and std.dev: (1, 7125)
[M::mem_pestat] mean and std.dev: (1255.87, 1524.60)
[M::mem_pestat] low and high boundaries for proper pairs: (1, 9452)
[M::mem_pestat] analyzing insert size distribution for orientation RR...
[M::mem_pestat] (25, 50, 75) percentile: (193, 3595, 5529)
[M::mem_pestat] low and high boundaries for computing mean and std.dev: (1, 16201)
[M::mem_pestat] mean and std.dev: (2821.50, 2875.03)
[M::mem_pestat] low and high boundaries for proper pairs: (1, 21537)
[M::mem_pestat] skip orientation FF
[M::mem_pestat] skip orientation RF
[M::mem_pestat] skip orientation RR
[M::mem_process_seqs] Processed 2799334 reads in 3037.584 CPU sec, 76.264 real sec
[M::process] read 2800638 sequences (400000193 bp)...
[M::mem_pestat] # candidate unique pairs for (FF, FR, RF, RR): (14, 765190, 67, 14)
[M::mem_pestat] analyzing insert size distribution for orientation FF...
[M::mem_pestat] (25, 50, 75) percentile: (247, 319, 406)
[M::mem_pestat] low and high boundaries for computing mean and std.dev: (1, 724)
[M::mem_pestat] mean and std.dev: (277.27, 64.53)
[M::mem_pestat] low and high boundaries for proper pairs: (1, 883)
[M::mem_pestat] analyzing insert size distribution for orientation FR...
[M::mem_pestat] (25, 50, 75) percentile: (196, 254, 340)
[M::mem_pestat] low and high boundaries for computing mean and std.dev: (1, 628)
[M::mem_pestat] mean and std.dev: (271.07, 97.77)
[M::mem_pestat] low and high boundaries for proper pairs: (1, 772)
[M::mem_pestat] analyzing insert size distribution for orientation RF...
[M::mem_pestat] (25, 50, 75) percentile: (223, 581, 1734)
[M::mem_pestat] low and high boundaries for computing mean and std.dev: (1, 4756)
[M::mem_pestat] mean and std.dev: (1027.28, 1084.46)
[M::mem_pestat] low and high boundaries for proper pairs: (1, 6267)
[M::mem_pestat] analyzing insert size distribution for orientation RR...
[M::mem_pestat] (25, 50, 75) percentile: (323, 1248, 6131)
[M::mem_pestat] low and high boundaries for computing mean and std.dev: (1, 17747)
[M::mem_pestat] mean and std.dev: (2633.50, 3029.80)
[M::mem_pestat] low and high boundaries for proper pairs: (1, 23555)
[M::mem_pestat] skip orientation FF
[M::mem_pestat] skip orientation RF
[M::mem_pestat] skip orientation RR
[M::mem_process_seqs] Processed 2798982 reads in 3052.206 CPU sec, 76.630 real sec
[M::process] read 2802844 sequences (400000294 bp)...
[M::mem_pestat] # candidate unique pairs for (FF, FR, RF, RR): (14, 764442, 98, 12)
[M::mem_pestat] analyzing insert size distribution for orientation FF...
[M::mem_pestat] (25, 50, 75) percentile: (117, 294, 1962)
[M::mem_pestat] low and high boundaries for computing mean and std.dev: (1, 5652)
[M::mem_pestat] mean and std.dev: (717.50, 967.75)
[M::mem_pestat] low and high boundaries for proper pairs: (1, 7497)
[M::mem_pestat] analyzing insert size distribution for orientation FR...
[M::mem_pestat] (25, 50, 75) percentile: (197, 255, 342)
[M::mem_pestat] low and high boundaries for computing mean and std.dev: (1, 632)
[M::mem_pestat] mean and std.dev: (272.31, 97.69)
[M::mem_pestat] low and high boundaries for proper pairs: (1, 777)
[M::mem_pestat] analyzing insert size distribution for orientation RF...
[M::mem_pestat] (25, 50, 75) percentile: (199, 421, 1287)
[M::mem_pestat] low and high boundaries for computing mean and std.dev: (1, 3463)
[M::mem_pestat] mean and std.dev: (607.70, 650.67)
[M::mem_pestat] low and high boundaries for proper pairs: (1, 4551)
[M::mem_pestat] analyzing insert size distribution for orientation RR...
[M::mem_pestat] (25, 50, 75) percentile: (199, 656, 2051)
[M::mem_pestat] low and high boundaries for computing mean and std.dev: (1, 5755)
[M::mem_pestat] mean and std.dev: (698.00, 759.73)
[M::mem_pestat] low and high boundaries for proper pairs: (1, 7607)
[M::mem_pestat] skip orientation FF
[M::mem_pestat] skip orientation RF
[M::mem_pestat] skip orientation RR
[M::mem_process_seqs] Processed 2800638 reads in 3289.835 CPU sec, 90.370 real sec
[M::process] read 2797652 sequences (400000174 bp)...
[M::mem_pestat] # candidate unique pairs for (FF, FR, RF, RR): (11, 765953, 75, 11)
[M::mem_pestat] analyzing insert size distribution for orientation FF...
[M::mem_pestat] (25, 50, 75) percentile: (171, 331, 9043)
[M::mem_pestat] low and high boundaries for computing mean and std.dev: (1, 26787)
[M::mem_pestat] mean and std.dev: (2993.36, 3901.55)
[M::mem_pestat] low and high boundaries for proper pairs: (1, 35659)
[M::mem_pestat] analyzing insert size distribution for orientation FR...
[M::mem_pestat] (25, 50, 75) percentile: (194, 249, 335)
[M::mem_pestat] low and high boundaries for computing mean and std.dev: (1, 617)
[M::mem_pestat] mean and std.dev: (267.25, 96.52)
[M::mem_pestat] low and high boundaries for proper pairs: (1, 758)
[M::mem_pestat] analyzing insert size distribution for orientation RF...
[M::mem_pestat] (25, 50, 75) percentile: (147, 707, 2626)
[M::mem_pestat] low and high boundaries for computing mean and std.dev: (1, 7584)
[M::mem_pestat] mean and std.dev: (1474.59, 1954.51)
[M::mem_pestat] low and high boundaries for proper pairs: (1, 10063)
[M::mem_pestat] analyzing insert size distribution for orientation RR...
[M::mem_pestat] (25, 50, 75) percentile: (123, 202, 357)
[M::mem_pestat] low and high boundaries for computing mean and std.dev: (1, 825)
[M::mem_pestat] mean and std.dev: (196.56, 104.04)
[M::mem_pestat] low and high boundaries for proper pairs: (1, 1059)
[M::mem_pestat] skip orientation FF
[M::mem_pestat] skip orientation RF
[M::mem_pestat] skip orientation RR
[M::mem_process_seqs] Processed 2802844 reads in 3078.240 CPU sec, 77.148 real sec
[M::process] read 2800778 sequences (400000144 bp)...
[M::mem_pestat] # candidate unique pairs for (FF, FR, RF, RR): (8, 765155, 103, 19)
[M::mem_pestat] skip orientation FF as there are not enough pairs
[M::mem_pestat] analyzing insert size distribution for orientation FR...
[M::mem_pestat] (25, 50, 75) percentile: (199, 260, 345)
[M::mem_pestat] low and high boundaries for computing mean and std.dev: (1, 637)
[M::mem_pestat] mean and std.dev: (275.45, 98.16)
[M::mem_pestat] low and high boundaries for proper pairs: (1, 783)
[M::mem_pestat] analyzing insert size distribution for orientation RF...
[M::mem_pestat] (25, 50, 75) percentile: (216, 745, 2141)
[M::mem_pestat] low and high boundaries for computing mean and std.dev: (1, 5991)
[M::mem_pestat] mean and std.dev: (1148.36, 1285.32)
[M::mem_pestat] low and high boundaries for proper pairs: (1, 7916)
[M::mem_pestat] analyzing insert size distribution for orientation RR...
[M::mem_pestat] (25, 50, 75) percentile: (228, 301, 805)
[M::mem_pestat] low and high boundaries for computing mean and std.dev: (1, 1959)
[M::mem_pestat] mean and std.dev: (467.24, 383.28)
[M::mem_pestat] low and high boundaries for proper pairs: (1, 2536)
[M::mem_pestat] skip orientation RF
[M::mem_pestat] skip orientation RR
[M::mem_process_seqs] Processed 2797652 reads in 3068.130 CPU sec, 77.127 real sec
[M::process] read 2795278 sequences (400000046 bp)...
[M::mem_pestat] # candidate unique pairs for (FF, FR, RF, RR): (21, 764196, 91, 12)
[M::mem_pestat] analyzing insert size distribution for orientation FF...
[M::mem_pestat] (25, 50, 75) percentile: (161, 1134, 3808)
[M::mem_pestat] low and high boundaries for computing mean and std.dev: (1, 11102)
[M::mem_pestat] mean and std.dev: (1765.48, 1873.90)
[M::mem_pestat] low and high boundaries for proper pairs: (1, 14749)
[M::mem_pestat] analyzing insert size distribution for orientation FR...
[M::mem_pestat] (25, 50, 75) percentile: (193, 247, 334)
[M::mem_pestat] low and high boundaries for computing mean and std.dev: (1, 616)
[M::mem_pestat] mean and std.dev: (266.10, 96.54)
[M::mem_pestat] low and high boundaries for proper pairs: (1, 757)
[M::mem_pestat] analyzing insert size distribution for orientation RF...
[M::mem_pestat] (25, 50, 75) percentile: (135, 868, 2328)
[M::mem_pestat] low and high boundaries for computing mean and std.dev: (1, 6714)
[M::mem_pestat] mean and std.dev: (965.42, 1098.92)
[M::mem_pestat] low and high boundaries for proper pairs: (1, 8907)
[M::mem_pestat] analyzing insert size distribution for orientation RR...
[M::mem_pestat] (25, 50, 75) percentile: (190, 894, 2110)
[M::mem_pestat] low and high boundaries for computing mean and std.dev: (1, 5950)
[M::mem_pestat] mean and std.dev: (803.40, 837.24)
[M::mem_pestat] low and high boundaries for proper pairs: (1, 7870)
[M::mem_pestat] skip orientation FF
[M::mem_pestat] skip orientation RF
[M::mem_pestat] skip orientation RR
[M::mem_process_seqs] Processed 2800778 reads in 3064.234 CPU sec, 77.176 real sec
[M::process] read 2822058 sequences (400000086 bp)...
[M::mem_pestat] # candidate unique pairs for (FF, FR, RF, RR): (15, 763570, 92, 18)
[M::mem_pestat] analyzing insert size distribution for orientation FF...
[M::mem_pestat] (25, 50, 75) percentile: (143, 204, 2027)
[M::mem_pestat] low and high boundaries for computing mean and std.dev: (1, 5795)
[M::mem_pestat] mean and std.dev: (849.93, 1025.41)
[M::mem_pestat] low and high boundaries for proper pairs: (1, 7679)
[M::mem_pestat] analyzing insert size distribution for orientation FR...
[M::mem_pestat] (25, 50, 75) percentile: (200, 263, 348)
[M::mem_pestat] low and high boundaries for computing mean and std.dev: (1, 644)
[M::mem_pestat] mean and std.dev: (277.66, 98.95)
[M::mem_pestat] low and high boundaries for proper pairs: (1, 792)
[M::mem_pestat] analyzing insert size distribution for orientation RF...
[M::mem_pestat] (25, 50, 75) percentile: (223, 546, 2440)
[M::mem_pestat] low and high boundaries for computing mean and std.dev: (1, 6874)
[M::mem_pestat] mean and std.dev: (1448.32, 1821.39)
[M::mem_pestat] low and high boundaries for proper pairs: (1, 9091)
[M::mem_pestat] analyzing insert size distribution for orientation RR...
[M::mem_pestat] (25, 50, 75) percentile: (150, 1430, 6635)
[M::mem_pestat] low and high boundaries for computing mean and std.dev: (1, 19605)
[M::mem_pestat] mean and std.dev: (2914.72, 3639.11)
[M::mem_pestat] low and high boundaries for proper pairs: (1, 26090)
[M::mem_pestat] skip orientation FF
[M::mem_pestat] skip orientation RF
[M::mem_pestat] skip orientation RR
[M::mem_process_seqs] Processed 2795278 reads in 3067.605 CPU sec, 76.811 real sec
[M::process] read 2820518 sequences (400000033 bp)...
[M::mem_pestat] # candidate unique pairs for (FF, FR, RF, RR): (13, 759898, 108, 17)
[M::mem_pestat] analyzing insert size distribution for orientation FF...
[M::mem_pestat] (25, 50, 75) percentile: (234, 236, 1599)
[M::mem_pestat] low and high boundaries for computing mean and std.dev: (1, 4329)
[M::mem_pestat] mean and std.dev: (720.08, 920.09)
[M::mem_pestat] low and high boundaries for proper pairs: (1, 5694)
[M::mem_pestat] analyzing insert size distribution for orientation FR...
[M::mem_pestat] (25, 50, 75) percentile: (199, 260, 346)
[M::mem_pestat] low and high boundaries for computing mean and std.dev: (1, 640)
[M::mem_pestat] mean and std.dev: (275.56, 99.03)
[M::mem_pestat] low and high boundaries for proper pairs: (1, 787)
[M::mem_pestat] analyzing insert size distribution for orientation RF...
[M::mem_pestat] (25, 50, 75) percentile: (220, 764, 2421)
[M::mem_pestat] low and high boundaries for computing mean and std.dev: (1, 6823)
[M::mem_pestat] mean and std.dev: (1417.98, 1684.40)
[M::mem_pestat] low and high boundaries for proper pairs: (1, 9024)
[M::mem_pestat] analyzing insert size distribution for orientation RR...
[M::mem_pestat] (25, 50, 75) percentile: (248, 375, 1589)
[M::mem_pestat] low and high boundaries for computing mean and std.dev: (1, 4271)
[M::mem_pestat] mean and std.dev: (585.80, 662.03)
[M::mem_pestat] low and high boundaries for proper pairs: (1, 5612)
[M::mem_pestat] skip orientation FF
[M::mem_pestat] skip orientation RF
[M::mem_pestat] skip orientation RR
[M::mem_process_seqs] Processed 2822058 reads in 3135.013 CPU sec, 78.944 real sec
[M::process] read 2821434 sequences (400000121 bp)...
[M::mem_pestat] # candidate unique pairs for (FF, FR, RF, RR): (14, 763000, 96, 10)
[M::mem_pestat] analyzing insert size distribution for orientation FF...
[M::mem_pestat] (25, 50, 75) percentile: (213, 722, 4122)
[M::mem_pestat] low and high boundaries for computing mean and std.dev: (1, 11940)
[M::mem_pestat] mean and std.dev: (2333.71, 3022.27)
[M::mem_pestat] low and high boundaries for proper pairs: (1, 15849)
[M::mem_pestat] analyzing insert size distribution for orientation FR...
[M::mem_pestat] (25, 50, 75) percentile: (199, 260, 346)
[M::mem_pestat] low and high boundaries for computing mean and std.dev: (1, 640)
[M::mem_pestat] mean and std.dev: (275.94, 99.18)
[M::mem_pestat] low and high boundaries for proper pairs: (1, 787)
[M::mem_pestat] analyzing insert size distribution for orientation RF...
[M::mem_pestat] (25, 50, 75) percentile: (190, 408, 2258)
[M::mem_pestat] low and high boundaries for computing mean and std.dev: (1, 6394)
[M::mem_pestat] mean and std.dev: (1058.06, 1185.94)
[M::mem_pestat] low and high boundaries for proper pairs: (1, 8462)
[M::mem_pestat] analyzing insert size distribution for orientation RR...
[M::mem_pestat] (25, 50, 75) percentile: (153, 2922, 3696)
[M::mem_pestat] low and high boundaries for computing mean and std.dev: (1, 10782)
[M::mem_pestat] mean and std.dev: (2770.70, 2913.00)
[M::mem_pestat] low and high boundaries for proper pairs: (1, 14423)
[M::mem_pestat] skip orientation FF
[M::mem_pestat] skip orientation RF
[M::mem_pestat] skip orientation RR
[M::mem_process_seqs] Processed 2820518 reads in 3129.510 CPU sec, 78.401 real sec
[M::process] read 2828878 sequences (400000150 bp)...
[M::mem_pestat] # candidate unique pairs for (FF, FR, RF, RR): (15, 762404, 105, 26)
[M::mem_pestat] analyzing insert size distribution for orientation FF...
[M::mem_pestat] (25, 50, 75) percentile: (238, 315, 4334)
[M::mem_pestat] low and high boundaries for computing mean and std.dev: (1, 12526)
[M::mem_pestat] mean and std.dev: (2286.73, 2871.29)
[M::mem_pestat] low and high boundaries for proper pairs: (1, 16622)
[M::mem_pestat] analyzing insert size distribution for orientation FR...
[M::mem_pestat] (25, 50, 75) percentile: (199, 260, 346)
[M::mem_pestat] low and high boundaries for computing mean and std.dev: (1, 640)
[M::mem_pestat] mean and std.dev: (275.79, 98.88)
[M::mem_pestat] low and high boundaries for proper pairs: (1, 787)
[M::mem_pestat] analyzing insert size distribution for orientation RF...
[M::mem_pestat] (25, 50, 75) percentile: (223, 390, 1805)
[M::mem_pestat] low and high boundaries for computing mean and std.dev: (1, 4969)
[M::mem_pestat] mean and std.dev: (943.13, 1190.10)
[M::mem_pestat] low and high boundaries for proper pairs: (1, 6551)
[M::mem_pestat] analyzing insert size distribution for orientation RR...
[M::mem_pestat] (25, 50, 75) percentile: (193, 461, 2693)
[M::mem_pestat] low and high boundaries for computing mean and std.dev: (1, 7693)
[M::mem_pestat] mean and std.dev: (1422.72, 1677.47)
[M::mem_pestat] low and high boundaries for proper pairs: (1, 10193)
[M::mem_pestat] skip orientation FF
[M::mem_pestat] skip orientation RF
[M::mem_pestat] skip orientation RR
[M::mem_process_seqs] Processed 2821434 reads in 3236.532 CPU sec, 81.260 real sec
[M::process] read 2814780 sequences (400000173 bp)...
[M::mem_pestat] # candidate unique pairs for (FF, FR, RF, RR): (15, 763725, 97, 18)
[M::mem_pestat] analyzing insert size distribution for orientation FF...
[M::mem_pestat] (25, 50, 75) percentile: (254, 320, 3865)
[M::mem_pestat] low and high boundaries for computing mean and std.dev: (1, 11087)
[M::mem_pestat] mean and std.dev: (1925.47, 2545.73)
[M::mem_pestat] low and high boundaries for proper pairs: (1, 14698)
[M::mem_pestat] analyzing insert size distribution for orientation FR...
[M::mem_pestat] (25, 50, 75) percentile: (199, 260, 346)
[M::mem_pestat] low and high boundaries for computing mean and std.dev: (1, 640)
[M::mem_pestat] mean and std.dev: (275.99, 99.34)
[M::mem_pestat] low and high boundaries for proper pairs: (1, 787)
[M::mem_pestat] analyzing insert size distribution for orientation RF...
[M::mem_pestat] (25, 50, 75) percentile: (223, 1031, 2460)
[M::mem_pestat] low and high boundaries for computing mean and std.dev: (1, 6934)
[M::mem_pestat] mean and std.dev: (1446.43, 1651.50)
[M::mem_pestat] low and high boundaries for proper pairs: (1, 9171)
[M::mem_pestat] analyzing insert size distribution for orientation RR...
[M::mem_pestat] (25, 50, 75) percentile: (151, 235, 724)
[M::mem_pestat] low and high boundaries for computing mean and std.dev: (1, 1870)
[M::mem_pestat] mean and std.dev: (377.19, 374.18)
[M::mem_pestat] low and high boundaries for proper pairs: (1, 2443)
[M::mem_pestat] skip orientation FF
[M::mem_pestat] skip orientation RF
[M::mem_pestat] skip orientation RR
[M::mem_process_seqs] Processed 2828878 reads in 3430.350 CPU sec, 86.285 real sec
[M::process] read 2829256 sequences (400000290 bp)...
[M::mem_pestat] # candidate unique pairs for (FF, FR, RF, RR): (11, 763695, 96, 26)
[M::mem_pestat] analyzing insert size distribution for orientation FF...
[M::mem_pestat] (25, 50, 75) percentile: (319, 986, 1744)
[M::mem_pestat] low and high boundaries for computing mean and std.dev: (1, 4594)
[M::mem_pestat] mean and std.dev: (988.64, 750.67)
[M::mem_pestat] low and high boundaries for proper pairs: (1, 6019)
[M::mem_pestat] analyzing insert size distribution for orientation FR...
[M::mem_pestat] (25, 50, 75) percentile: (199, 261, 346)
[M::mem_pestat] low and high boundaries for computing mean and std.dev: (1, 640)
[M::mem_pestat] mean and std.dev: (276.13, 98.84)
[M::mem_pestat] low and high boundaries for proper pairs: (1, 787)
[M::mem_pestat] analyzing insert size distribution for orientation RF...
[M::mem_pestat] (25, 50, 75) percentile: (223, 424, 1550)
[M::mem_pestat] low and high boundaries for computing mean and std.dev: (1, 4204)
[M::mem_pestat] mean and std.dev: (804.52, 970.59)
[M::mem_pestat] low and high boundaries for proper pairs: (1, 5531)
[M::mem_pestat] analyzing insert size distribution for orientation RR...
[M::mem_pestat] (25, 50, 75) percentile: (147, 260, 1766)
[M::mem_pestat] low and high boundaries for computing mean and std.dev: (1, 5004)
[M::mem_pestat] mean and std.dev: (913.40, 1038.92)
[M::mem_pestat] low and high boundaries for proper pairs: (1, 6623)
[M::mem_pestat] skip orientation FF
[M::mem_pestat] skip orientation RF
[M::mem_pestat] skip orientation RR
[M::mem_process_seqs] Processed 2814780 reads in 3382.338 CPU sec, 84.698 real sec
[M::process] read 2810920 sequences (400000098 bp)...
[M::mem_pestat] # candidate unique pairs for (FF, FR, RF, RR): (23, 763879, 108, 15)
[M::mem_pestat] analyzing insert size distribution for orientation FF...
[M::mem_pestat] (25, 50, 75) percentile: (233, 279, 2799)
[M::mem_pestat] low and high boundaries for computing mean and std.dev: (1, 7931)
[M::mem_pestat] mean and std.dev: (988.09, 1378.37)
[M::mem_pestat] low and high boundaries for proper pairs: (1, 10497)
[M::mem_pestat] analyzing insert size distribution for orientation FR...
[M::mem_pestat] (25, 50, 75) percentile: (199, 261, 347)
[M::mem_pestat] low and high boundaries for computing mean and std.dev: (1, 643)
[M::mem_pestat] mean and std.dev: (276.46, 99.67)
[M::mem_pestat] low and high boundaries for proper pairs: (1, 791)
[M::mem_pestat] analyzing insert size distribution for orientation RF...
[M::mem_pestat] (25, 50, 75) percentile: (223, 661, 2434)
[M::mem_pestat] low and high boundaries for computing mean and std.dev: (1, 6856)
[M::mem_pestat] mean and std.dev: (1330.88, 1600.72)
[M::mem_pestat] low and high boundaries for proper pairs: (1, 9067)
[M::mem_pestat] analyzing insert size distribution for orientation RR...
[M::mem_pestat] (25, 50, 75) percentile: (180, 354, 2597)
[M::mem_pestat] low and high boundaries for computing mean and std.dev: (1, 7431)
[M::mem_pestat] mean and std.dev: (1359.80, 1751.23)
[M::mem_pestat] low and high boundaries for proper pairs: (1, 9848)
[M::mem_pestat] skip orientation FF
[M::mem_pestat] skip orientation RF
[M::mem_pestat] skip orientation RR
[M::mem_process_seqs] Processed 2829256 reads in 3197.745 CPU sec, 80.344 real sec
[M::process] read 2794876 sequences (400000268 bp)...
[M::mem_pestat] # candidate unique pairs for (FF, FR, RF, RR): (19, 761781, 101, 19)
[M::mem_pestat] analyzing insert size distribution for orientation FF...
[M::mem_pestat] (25, 50, 75) percentile: (125, 299, 2847)
[M::mem_pestat] low and high boundaries for computing mean and std.dev: (1, 8291)
[M::mem_pestat] mean and std.dev: (1231.37, 1538.87)
[M::mem_pestat] low and high boundaries for proper pairs: (1, 11013)
[M::mem_pestat] analyzing insert size distribution for orientation FR...
[M::mem_pestat] (25, 50, 75) percentile: (199, 260, 346)
[M::mem_pestat] low and high boundaries for computing mean and std.dev: (1, 640)
[M::mem_pestat] mean and std.dev: (275.93, 99.26)
[M::mem_pestat] low and high boundaries for proper pairs: (1, 787)
[M::mem_pestat] analyzing insert size distribution for orientation RF...
[M::mem_pestat] (25, 50, 75) percentile: (223, 680, 2494)
[M::mem_pestat] low and high boundaries for computing mean and std.dev: (1, 7036)
[M::mem_pestat] mean and std.dev: (1305.06, 1499.97)
[M::mem_pestat] low and high boundaries for proper pairs: (1, 9307)
[M::mem_pestat] analyzing insert size distribution for orientation RR...
[M::mem_pestat] (25, 50, 75) percentile: (196, 215, 555)
[M::mem_pestat] low and high boundaries for computing mean and std.dev: (1, 1273)
[M::mem_pestat] mean and std.dev: (282.60, 150.35)
[M::mem_pestat] low and high boundaries for proper pairs: (1, 1632)
[M::mem_pestat] skip orientation FF
[M::mem_pestat] skip orientation RF
[M::mem_pestat] skip orientation RR
[M::mem_process_seqs] Processed 2810920 reads in 3043.422 CPU sec, 76.592 real sec
[M::process] read 2783724 sequences (400000284 bp)...
[M::mem_pestat] # candidate unique pairs for (FF, FR, RF, RR): (17, 763188, 87, 12)
[M::mem_pestat] analyzing insert size distribution for orientation FF...
[M::mem_pestat] (25, 50, 75) percentile: (220, 595, 1290)
[M::mem_pestat] low and high boundaries for computing mean and std.dev: (1, 3430)
[M::mem_pestat] mean and std.dev: (797.38, 886.66)
[M::mem_pestat] low and high boundaries for proper pairs: (1, 4500)
[M::mem_pestat] analyzing insert size distribution for orientation FR...
[M::mem_pestat] (25, 50, 75) percentile: (198, 259, 346)
[M::mem_pestat] low and high boundaries for computing mean and std.dev: (1, 642)
[M::mem_pestat] mean and std.dev: (275.50, 99.69)
[M::mem_pestat] low and high boundaries for proper pairs: (1, 790)
[M::mem_pestat] analyzing insert size distribution for orientation RF...
[M::mem_pestat] (25, 50, 75) percentile: (225, 1275, 2736)
[M::mem_pestat] low and high boundaries for computing mean and std.dev: (1, 7758)
[M::mem_pestat] mean and std.dev: (1732.84, 1844.18)
[M::mem_pestat] low and high boundaries for proper pairs: (1, 10269)
[M::mem_pestat] analyzing insert size distribution for orientation RR...
[M::mem_pestat] (25, 50, 75) percentile: (198, 316, 2019)
[M::mem_pestat] low and high boundaries for computing mean and std.dev: (1, 5661)
[M::mem_pestat] mean and std.dev: (1085.75, 1370.28)
[M::mem_pestat] low and high boundaries for proper pairs: (1, 7482)
[M::mem_pestat] skip orientation FF
[M::mem_pestat] skip orientation RF
[M::mem_pestat] skip orientation RR
[M::mem_process_seqs] Processed 2794876 reads in 2993.518 CPU sec, 75.067 real sec
[M::process] read 2782308 sequences (400000078 bp)...
[M::mem_pestat] # candidate unique pairs for (FF, FR, RF, RR): (20, 760571, 94, 14)
[M::mem_pestat] analyzing insert size distribution for orientation FF...
[M::mem_pestat] (25, 50, 75) percentile: (205, 951, 5927)
[M::mem_pestat] low and high boundaries for computing mean and std.dev: (1, 17371)
[M::mem_pestat] mean and std.dev: (2654.80, 3479.60)
[M::mem_pestat] low and high boundaries for proper pairs: (1, 23093)
[M::mem_pestat] analyzing insert size distribution for orientation FR...
[M::mem_pestat] (25, 50, 75) percentile: (202, 265, 351)
[M::mem_pestat] low and high boundaries for computing mean and std.dev: (1, 649)
[M::mem_pestat] mean and std.dev: (280.01, 99.77)
[M::mem_pestat] low and high boundaries for proper pairs: (1, 798)
[M::mem_pestat] analyzing insert size distribution for orientation RF...
[M::mem_pestat] (25, 50, 75) percentile: (160, 449, 2463)
[M::mem_pestat] low and high boundaries for computing mean and std.dev: (1, 7069)
[M::mem_pestat] mean and std.dev: (1282.07, 1585.26)
[M::mem_pestat] low and high boundaries for proper pairs: (1, 9372)
[M::mem_pestat] analyzing insert size distribution for orientation RR...
[M::mem_pestat] (25, 50, 75) percentile: (233, 2666, 4220)
[M::mem_pestat] low and high boundaries for computing mean and std.dev: (1, 12194)
[M::mem_pestat] mean and std.dev: (2470.36, 2170.86)
[M::mem_pestat] low and high boundaries for proper pairs: (1, 16181)
[M::mem_pestat] skip orientation FF
[M::mem_pestat] skip orientation RF
[M::mem_pestat] skip orientation RR
[M::mem_process_seqs] Processed 2783724 reads in 3000.442 CPU sec, 75.058 real sec
[M::process] read 2779858 sequences (400000281 bp)...
[M::mem_pestat] # candidate unique pairs for (FF, FR, RF, RR): (13, 762136, 72, 14)
[M::mem_pestat] analyzing insert size distribution for orientation FF...
[M::mem_pestat] (25, 50, 75) percentile: (207, 286, 5286)
[M::mem_pestat] low and high boundaries for computing mean and std.dev: (1, 15444)
[M::mem_pestat] mean and std.dev: (2009.92, 2890.16)
[M::mem_pestat] low and high boundaries for proper pairs: (1, 20523)
[M::mem_pestat] analyzing insert size distribution for orientation FR...
[M::mem_pestat] (25, 50, 75) percentile: (204, 269, 353)
[M::mem_pestat] low and high boundaries for computing mean and std.dev: (1, 651)
[M::mem_pestat] mean and std.dev: (282.46, 99.71)
[M::mem_pestat] low and high boundaries for proper pairs: (1, 800)
[M::mem_pestat] analyzing insert size distribution for orientation RF...
[M::mem_pestat] (25, 50, 75) percentile: (224, 1130, 2454)
[M::mem_pestat] low and high boundaries for computing mean and std.dev: (1, 6914)
[M::mem_pestat] mean and std.dev: (1179.43, 1137.98)
[M::mem_pestat] low and high boundaries for proper pairs: (1, 9144)
[M::mem_pestat] analyzing insert size distribution for orientation RR...
[M::mem_pestat] (25, 50, 75) percentile: (221, 664, 664)
[M::mem_pestat] low and high boundaries for computing mean and std.dev: (1, 1550)
[M::mem_pestat] mean and std.dev: (484.08, 270.67)
[M::mem_pestat] low and high boundaries for proper pairs: (1, 1993)
[M::mem_pestat] skip orientation FF
[M::mem_pestat] skip orientation RF
[M::mem_pestat] skip orientation RR
[M::mem_process_seqs] Processed 2782308 reads in 3006.962 CPU sec, 75.625 real sec
[M::process] read 2779880 sequences (400000124 bp)...
[M::mem_pestat] # candidate unique pairs for (FF, FR, RF, RR): (10, 761115, 90, 6)
[M::mem_pestat] analyzing insert size distribution for orientation FF...
[M::mem_pestat] (25, 50, 75) percentile: (7, 283, 3997)
[M::mem_pestat] low and high boundaries for computing mean and std.dev: (1, 11977)
[M::mem_pestat] mean and std.dev: (1413.30, 1934.92)
[M::mem_pestat] low and high boundaries for proper pairs: (1, 15967)
[M::mem_pestat] analyzing insert size distribution for orientation FR...
[M::mem_pestat] (25, 50, 75) percentile: (203, 269, 354)
[M::mem_pestat] low and high boundaries for computing mean and std.dev: (1, 656)
[M::mem_pestat] mean and std.dev: (282.66, 100.27)
[M::mem_pestat] low and high boundaries for proper pairs: (1, 807)
[M::mem_pestat] analyzing insert size distribution for orientation RF...
[M::mem_pestat] (25, 50, 75) percentile: (182, 360, 1545)
[M::mem_pestat] low and high boundaries for computing mean and std.dev: (1, 4271)
[M::mem_pestat] mean and std.dev: (840.37, 1056.93)
[M::mem_pestat] low and high boundaries for proper pairs: (1, 5634)
[M::mem_pestat] skip orientation RR as there are not enough pairs
[M::mem_pestat] skip orientation FF
[M::mem_pestat] skip orientation RF
[M::mem_process_seqs] Processed 2779858 reads in 3005.974 CPU sec, 75.253 real sec
[M::process] read 2791538 sequences (400000180 bp)...
[M::mem_pestat] # candidate unique pairs for (FF, FR, RF, RR): (19, 760505, 86, 17)
[M::mem_pestat] analyzing insert size distribution for orientation FF...
[M::mem_pestat] (25, 50, 75) percentile: (235, 345, 1080)
[M::mem_pestat] low and high boundaries for computing mean and std.dev: (1, 2770)
[M::mem_pestat] mean and std.dev: (572.94, 627.20)
[M::mem_pestat] low and high boundaries for proper pairs: (1, 3615)
[M::mem_pestat] analyzing insert size distribution for orientation FR...
[M::mem_pestat] (25, 50, 75) percentile: (201, 266, 352)
[M::mem_pestat] low and high boundaries for computing mean and std.dev: (1, 654)
[M::mem_pestat] mean and std.dev: (280.54, 100.69)
[M::mem_pestat] low and high boundaries for proper pairs: (1, 805)
[M::mem_pestat] analyzing insert size distribution for orientation RF...
[M::mem_pestat] (25, 50, 75) percentile: (224, 1053, 2491)
[M::mem_pestat] low and high boundaries for computing mean and std.dev: (1, 7025)
[M::mem_pestat] mean and std.dev: (1590.24, 1790.16)
[M::mem_pestat] low and high boundaries for proper pairs: (1, 9292)
[M::mem_pestat] analyzing insert size distribution for orientation RR...
[M::mem_pestat] (25, 50, 75) percentile: (221, 1998, 6557)
[M::mem_pestat] low and high boundaries for computing mean and std.dev: (1, 19229)
[M::mem_pestat] mean and std.dev: (2974.47, 2877.85)
[M::mem_pestat] low and high boundaries for proper pairs: (1, 25565)
[M::mem_pestat] skip orientation FF
[M::mem_pestat] skip orientation RF
[M::mem_pestat] skip orientation RR
[M::mem_process_seqs] Processed 2779880 reads in 2986.490 CPU sec, 74.932 real sec
[M::process] read 2801230 sequences (400000156 bp)...
[M::mem_pestat] # candidate unique pairs for (FF, FR, RF, RR): (9, 760706, 122, 8)
[M::mem_pestat] skip orientation FF as there are not enough pairs
[M::mem_pestat] analyzing insert size distribution for orientation FR...
[M::mem_pestat] (25, 50, 75) percentile: (205, 272, 355)
[M::mem_pestat] low and high boundaries for computing mean and std.dev: (1, 655)
[M::mem_pestat] mean and std.dev: (284.37, 100.36)
[M::mem_pestat] low and high boundaries for proper pairs: (1, 805)
[M::mem_pestat] analyzing insert size distribution for orientation RF...
[M::mem_pestat] (25, 50, 75) percentile: (174, 683, 1876)
[M::mem_pestat] low and high boundaries for computing mean and std.dev: (1, 5280)
[M::mem_pestat] mean and std.dev: (924.32, 989.10)
[M::mem_pestat] low and high boundaries for proper pairs: (1, 6982)
[M::mem_pestat] skip orientation RR as there are not enough pairs
[M::mem_pestat] skip orientation RF
[M::mem_process_seqs] Processed 2791538 reads in 3380.653 CPU sec, 91.729 real sec
[M::process] read 2799526 sequences (400000272 bp)...
[M::mem_pestat] # candidate unique pairs for (FF, FR, RF, RR): (11, 761387, 92, 23)
[M::mem_pestat] analyzing insert size distribution for orientation FF...
[M::mem_pestat] (25, 50, 75) percentile: (262, 297, 554)
[M::mem_pestat] low and high boundaries for computing mean and std.dev: (1, 1138)
[M::mem_pestat] mean and std.dev: (325.70, 185.25)
[M::mem_pestat] low and high boundaries for proper pairs: (1, 1430)
[M::mem_pestat] analyzing insert size distribution for orientation FR...
[M::mem_pestat] (25, 50, 75) percentile: (203, 270, 355)
[M::mem_pestat] low and high boundaries for computing mean and std.dev: (1, 659)
[M::mem_pestat] mean and std.dev: (283.67, 101.25)
[M::mem_pestat] low and high boundaries for proper pairs: (1, 811)
[M::mem_pestat] analyzing insert size distribution for orientation RF...
[M::mem_pestat] (25, 50, 75) percentile: (346, 1129, 2431)
[M::mem_pestat] low and high boundaries for computing mean and std.dev: (1, 6601)
[M::mem_pestat] mean and std.dev: (1253.83, 1334.93)
[M::mem_pestat] low and high boundaries for proper pairs: (1, 8686)
[M::mem_pestat] analyzing insert size distribution for orientation RR...
[M::mem_pestat] (25, 50, 75) percentile: (225, 868, 3803)
[M::mem_pestat] low and high boundaries for computing mean and std.dev: (1, 10959)
[M::mem_pestat] mean and std.dev: (2521.09, 3049.68)
[M::mem_pestat] low and high boundaries for proper pairs: (1, 14720)
[M::mem_pestat] skip orientation FF
[M::mem_pestat] skip orientation RF
[M::mem_pestat] skip orientation RR
[M::mem_process_seqs] Processed 2801230 reads in 3065.230 CPU sec, 76.736 real sec
[M::process] read 2792648 sequences (400000103 bp)...
[M::mem_pestat] # candidate unique pairs for (FF, FR, RF, RR): (21, 762130, 86, 12)
[M::mem_pestat] analyzing insert size distribution for orientation FF...
[M::mem_pestat] (25, 50, 75) percentile: (338, 423, 1590)
[M::mem_pestat] low and high boundaries for computing mean and std.dev: (1, 4094)
[M::mem_pestat] mean and std.dev: (1033.14, 1037.86)
[M::mem_pestat] low and high boundaries for proper pairs: (1, 5346)
[M::mem_pestat] analyzing insert size distribution for orientation FR...
[M::mem_pestat] (25, 50, 75) percentile: (204, 271, 355)
[M::mem_pestat] low and high boundaries for computing mean and std.dev: (1, 657)
[M::mem_pestat] mean and std.dev: (284.17, 101.22)
[M::mem_pestat] low and high boundaries for proper pairs: (1, 808)
[M::mem_pestat] analyzing insert size distribution for orientation RF...
[M::mem_pestat] (25, 50, 75) percentile: (212, 451, 1373)
[M::mem_pestat] low and high boundaries for computing mean and std.dev: (1, 3695)
[M::mem_pestat] mean and std.dev: (634.28, 684.60)
[M::mem_pestat] low and high boundaries for proper pairs: (1, 4856)
[M::mem_pestat] analyzing insert size distribution for orientation RR...
[M::mem_pestat] (25, 50, 75) percentile: (230, 823, 1164)
[M::mem_pestat] low and high boundaries for computing mean and std.dev: (1, 3032)
[M::mem_pestat] mean and std.dev: (568.60, 431.90)
[M::mem_pestat] low and high boundaries for proper pairs: (1, 3966)
[M::mem_pestat] skip orientation FF
[M::mem_pestat] skip orientation RF
[M::mem_pestat] skip orientation RR
[M::mem_process_seqs] Processed 2799526 reads in 3078.350 CPU sec, 77.220 real sec
[M::process] read 2794336 sequences (400000104 bp)...
[M::mem_pestat] # candidate unique pairs for (FF, FR, RF, RR): (13, 759258, 108, 19)
[M::mem_pestat] analyzing insert size distribution for orientation FF...
[M::mem_pestat] (25, 50, 75) percentile: (186, 345, 2544)
[M::mem_pestat] low and high boundaries for computing mean and std.dev: (1, 7260)
[M::mem_pestat] mean and std.dev: (1584.62, 1968.26)
[M::mem_pestat] low and high boundaries for proper pairs: (1, 9618)
[M::mem_pestat] analyzing insert size distribution for orientation FR...
[M::mem_pestat] (25, 50, 75) percentile: (205, 274, 358)
[M::mem_pestat] low and high boundaries for computing mean and std.dev: (1, 664)
[M::mem_pestat] mean and std.dev: (286.49, 101.79)
[M::mem_pestat] low and high boundaries for proper pairs: (1, 817)
[M::mem_pestat] analyzing insert size distribution for orientation RF...
[M::mem_pestat] (25, 50, 75) percentile: (222, 1023, 4215)
[M::mem_pestat] low and high boundaries for computing mean and std.dev: (1, 12201)
[M::mem_pestat] mean and std.dev: (2295.72, 2869.75)
[M::mem_pestat] low and high boundaries for proper pairs: (1, 16194)
[M::mem_pestat] analyzing insert size distribution for orientation RR...
[M::mem_pestat] (25, 50, 75) percentile: (187, 325, 1467)
[M::mem_pestat] low and high boundaries for computing mean and std.dev: (1, 4027)
[M::mem_pestat] mean and std.dev: (383.13, 381.42)
[M::mem_pestat] low and high boundaries for proper pairs: (1, 5307)
[M::mem_pestat] skip orientation FF
[M::mem_pestat] skip orientation RF
[M::mem_pestat] skip orientation RR
[M::mem_process_seqs] Processed 2792648 reads in 3082.832 CPU sec, 77.581 real sec
[M::process] read 1437988 sequences (206194070 bp)...
[M::mem_pestat] # candidate unique pairs for (FF, FR, RF, RR): (18, 761050, 102, 13)
[M::mem_pestat] analyzing insert size distribution for orientation FF...
[M::mem_pestat] (25, 50, 75) percentile: (216, 367, 367)
[M::mem_pestat] low and high boundaries for computing mean and std.dev: (1, 669)
[M::mem_pestat] mean and std.dev: (289.50, 107.62)
[M::mem_pestat] low and high boundaries for proper pairs: (1, 820)
[M::mem_pestat] analyzing insert size distribution for orientation FR...
[M::mem_pestat] (25, 50, 75) percentile: (204, 272, 357)
[M::mem_pestat] low and high boundaries for computing mean and std.dev: (1, 663)
[M::mem_pestat] mean and std.dev: (285.15, 101.81)
[M::mem_pestat] low and high boundaries for proper pairs: (1, 816)
[M::mem_pestat] analyzing insert size distribution for orientation RF...
[M::mem_pestat] (25, 50, 75) percentile: (223, 493, 1592)
[M::mem_pestat] low and high boundaries for computing mean and std.dev: (1, 4330)
[M::mem_pestat] mean and std.dev: (855.88, 961.61)
[M::mem_pestat] low and high boundaries for proper pairs: (1, 5699)
[M::mem_pestat] analyzing insert size distribution for orientation RR...
[M::mem_pestat] (25, 50, 75) percentile: (193, 776, 3663)
[M::mem_pestat] low and high boundaries for computing mean and std.dev: (1, 10603)
[M::mem_pestat] mean and std.dev: (1343.00, 1432.70)
[M::mem_pestat] low and high boundaries for proper pairs: (1, 14073)
[M::mem_pestat] skip orientation FF
[M::mem_pestat] skip orientation RF
[M::mem_pestat] skip orientation RR
[M::mem_process_seqs] Processed 2794336 reads in 3061.143 CPU sec, 76.667 real sec
[M::mem_pestat] # candidate unique pairs for (FF, FR, RF, RR): (5, 391395, 65, 7)
[M::mem_pestat] skip orientation FF as there are not enough pairs
[M::mem_pestat] analyzing insert size distribution for orientation FR...
[M::mem_pestat] (25, 50, 75) percentile: (206, 276, 360)
[M::mem_pestat] low and high boundaries for computing mean and std.dev: (1, 668)
[M::mem_pestat] mean and std.dev: (287.85, 102.66)
[M::mem_pestat] low and high boundaries for proper pairs: (1, 822)
[M::mem_pestat] analyzing insert size distribution for orientation RF...
[M::mem_pestat] (25, 50, 75) percentile: (223, 444, 2028)
[M::mem_pestat] low and high boundaries for computing mean and std.dev: (1, 5638)
[M::mem_pestat] mean and std.dev: (947.76, 1152.45)
[M::mem_pestat] low and high boundaries for proper pairs: (1, 7443)
[M::mem_pestat] skip orientation RR as there are not enough pairs
[M::mem_pestat] skip orientation RF
[M::mem_process_seqs] Processed 1437988 reads in 1578.199 CPU sec, 39.676 real sec
[main] Version: 0.7.17-r1188
[main] CMD: /home/shared/bwa-0.7.17/bwa mem -M -t 40 ../data/bwa-GCF_031168955.1_ASM3116895v1_genomic ../data/trimmed-fastqs-heatwave-genetics/MHW295_trimmed_clipped_R1_paired.fq.gz ../data/trimmed-fastqs-heatwave-genetics/MHW295_trimmed_clipped_R2_paired.fq.gz
[main] Real time: 3070.809 sec; CPU: 121385.914 sec
