[M::bwa_idx_load_from_disk] read 0 ALT contigs
[M::process] read 2807424 sequences (400000296 bp)...
[M::process] read 2803580 sequences (400000133 bp)...
[M::mem_pestat] # candidate unique pairs for (FF, FR, RF, RR): (17, 770150, 63, 13)
[M::mem_pestat] analyzing insert size distribution for orientation FF...
[M::mem_pestat] (25, 50, 75) percentile: (243, 791, 4302)
[M::mem_pestat] low and high boundaries for computing mean and std.dev: (1, 12420)
[M::mem_pestat] mean and std.dev: (1961.53, 1976.93)
[M::mem_pestat] low and high boundaries for proper pairs: (1, 16479)
[M::mem_pestat] analyzing insert size distribution for orientation FR...
[M::mem_pestat] (25, 50, 75) percentile: (188, 235, 310)
[M::mem_pestat] low and high boundaries for computing mean and std.dev: (1, 554)
[M::mem_pestat] mean and std.dev: (251.63, 86.19)
[M::mem_pestat] low and high boundaries for proper pairs: (1, 676)
[M::mem_pestat] analyzing insert size distribution for orientation RF...
[M::mem_pestat] (25, 50, 75) percentile: (62, 226, 1132)
[M::mem_pestat] low and high boundaries for computing mean and std.dev: (1, 3272)
[M::mem_pestat] mean and std.dev: (481.38, 683.30)
[M::mem_pestat] low and high boundaries for proper pairs: (1, 4342)
[M::mem_pestat] analyzing insert size distribution for orientation RR...
[M::mem_pestat] (25, 50, 75) percentile: (157, 250, 2480)
[M::mem_pestat] low and high boundaries for computing mean and std.dev: (1, 7126)
[M::mem_pestat] mean and std.dev: (1048.62, 1450.72)
[M::mem_pestat] low and high boundaries for proper pairs: (1, 9449)
[M::mem_pestat] skip orientation FF
[M::mem_pestat] skip orientation RF
[M::mem_pestat] skip orientation RR
[M::mem_process_seqs] Processed 2807424 reads in 2782.904 CPU sec, 69.805 real sec
[M::process] read 2800374 sequences (400000275 bp)...
[M::mem_pestat] # candidate unique pairs for (FF, FR, RF, RR): (7, 768878, 78, 17)
[M::mem_pestat] skip orientation FF as there are not enough pairs
[M::mem_pestat] analyzing insert size distribution for orientation FR...
[M::mem_pestat] (25, 50, 75) percentile: (195, 246, 326)
[M::mem_pestat] low and high boundaries for computing mean and std.dev: (1, 588)
[M::mem_pestat] mean and std.dev: (262.73, 90.22)
[M::mem_pestat] low and high boundaries for proper pairs: (1, 719)
[M::mem_pestat] analyzing insert size distribution for orientation RF...
[M::mem_pestat] (25, 50, 75) percentile: (151, 953, 2356)
[M::mem_pestat] low and high boundaries for computing mean and std.dev: (1, 6766)
[M::mem_pestat] mean and std.dev: (1265.75, 1597.69)
[M::mem_pestat] low and high boundaries for proper pairs: (1, 8971)
[M::mem_pestat] analyzing insert size distribution for orientation RR...
[M::mem_pestat] (25, 50, 75) percentile: (194, 299, 1107)
[M::mem_pestat] low and high boundaries for computing mean and std.dev: (1, 2933)
[M::mem_pestat] mean and std.dev: (390.29, 318.36)
[M::mem_pestat] low and high boundaries for proper pairs: (1, 3846)
[M::mem_pestat] skip orientation RF
[M::mem_pestat] skip orientation RR
[M::mem_process_seqs] Processed 2803580 reads in 2900.693 CPU sec, 72.804 real sec
[M::process] read 2802148 sequences (400000159 bp)...
[M::mem_pestat] # candidate unique pairs for (FF, FR, RF, RR): (11, 770125, 82, 18)
[M::mem_pestat] analyzing insert size distribution for orientation FF...
[M::mem_pestat] (25, 50, 75) percentile: (126, 159, 238)
[M::mem_pestat] low and high boundaries for computing mean and std.dev: (1, 462)
[M::mem_pestat] mean and std.dev: (146.11, 58.51)
[M::mem_pestat] low and high boundaries for proper pairs: (1, 574)
[M::mem_pestat] analyzing insert size distribution for orientation FR...
[M::mem_pestat] (25, 50, 75) percentile: (192, 241, 319)
[M::mem_pestat] low and high boundaries for computing mean and std.dev: (1, 573)
[M::mem_pestat] mean and std.dev: (257.59, 88.51)
[M::mem_pestat] low and high boundaries for proper pairs: (1, 700)
[M::mem_pestat] analyzing insert size distribution for orientation RF...
[M::mem_pestat] (25, 50, 75) percentile: (116, 248, 1909)
[M::mem_pestat] low and high boundaries for computing mean and std.dev: (1, 5495)
[M::mem_pestat] mean and std.dev: (837.96, 1181.63)
[M::mem_pestat] low and high boundaries for proper pairs: (1, 7288)
[M::mem_pestat] analyzing insert size distribution for orientation RR...
[M::mem_pestat] (25, 50, 75) percentile: (150, 282, 1124)
[M::mem_pestat] low and high boundaries for computing mean and std.dev: (1, 3072)
[M::mem_pestat] mean and std.dev: (525.71, 567.81)
[M::mem_pestat] low and high boundaries for proper pairs: (1, 4046)
[M::mem_pestat] skip orientation FF
[M::mem_pestat] skip orientation RF
[M::mem_pestat] skip orientation RR
[M::mem_process_seqs] Processed 2800374 reads in 2878.201 CPU sec, 72.278 real sec
[M::process] read 2801704 sequences (400000059 bp)...
[M::mem_pestat] # candidate unique pairs for (FF, FR, RF, RR): (14, 770187, 78, 12)
[M::mem_pestat] analyzing insert size distribution for orientation FF...
[M::mem_pestat] (25, 50, 75) percentile: (203, 473, 1873)
[M::mem_pestat] low and high boundaries for computing mean and std.dev: (1, 5213)
[M::mem_pestat] mean and std.dev: (620.58, 610.78)
[M::mem_pestat] low and high boundaries for proper pairs: (1, 6883)
[M::mem_pestat] analyzing insert size distribution for orientation FR...
[M::mem_pestat] (25, 50, 75) percentile: (193, 243, 321)
[M::mem_pestat] low and high boundaries for computing mean and std.dev: (1, 577)
[M::mem_pestat] mean and std.dev: (259.52, 89.32)
[M::mem_pestat] low and high boundaries for proper pairs: (1, 705)
[M::mem_pestat] analyzing insert size distribution for orientation RF...
[M::mem_pestat] (25, 50, 75) percentile: (125, 296, 1622)
[M::mem_pestat] low and high boundaries for computing mean and std.dev: (1, 4616)
[M::mem_pestat] mean and std.dev: (840.83, 1176.35)
[M::mem_pestat] low and high boundaries for proper pairs: (1, 6113)
[M::mem_pestat] analyzing insert size distribution for orientation RR...
[M::mem_pestat] (25, 50, 75) percentile: (80, 189, 273)
[M::mem_pestat] low and high boundaries for computing mean and std.dev: (1, 659)
[M::mem_pestat] mean and std.dev: (141.10, 79.49)
[M::mem_pestat] low and high boundaries for proper pairs: (1, 852)
[M::mem_pestat] skip orientation FF
[M::mem_pestat] skip orientation RF
[M::mem_pestat] skip orientation RR
[M::mem_process_seqs] Processed 2802148 reads in 2902.827 CPU sec, 73.062 real sec
[M::process] read 2800754 sequences (400000033 bp)...
[M::mem_pestat] # candidate unique pairs for (FF, FR, RF, RR): (15, 768077, 91, 12)
[M::mem_pestat] analyzing insert size distribution for orientation FF...
[M::mem_pestat] (25, 50, 75) percentile: (108, 153, 4294)
[M::mem_pestat] low and high boundaries for computing mean and std.dev: (1, 12666)
[M::mem_pestat] mean and std.dev: (2345.47, 3461.00)
[M::mem_pestat] low and high boundaries for proper pairs: (1, 16852)
[M::mem_pestat] analyzing insert size distribution for orientation FR...
[M::mem_pestat] (25, 50, 75) percentile: (195, 246, 325)
[M::mem_pestat] low and high boundaries for computing mean and std.dev: (1, 585)
[M::mem_pestat] mean and std.dev: (262.53, 90.21)
[M::mem_pestat] low and high boundaries for proper pairs: (1, 715)
[M::mem_pestat] analyzing insert size distribution for orientation RF...
[M::mem_pestat] (25, 50, 75) percentile: (79, 223, 1325)
[M::mem_pestat] low and high boundaries for computing mean and std.dev: (1, 3817)
[M::mem_pestat] mean and std.dev: (604.41, 817.51)
[M::mem_pestat] low and high boundaries for proper pairs: (1, 5063)
[M::mem_pestat] analyzing insert size distribution for orientation RR...
[M::mem_pestat] (25, 50, 75) percentile: (256, 272, 331)
[M::mem_pestat] low and high boundaries for computing mean and std.dev: (106, 481)
[M::mem_pestat] mean and std.dev: (262.90, 58.22)
[M::mem_pestat] low and high boundaries for proper pairs: (30, 556)
[M::mem_pestat] skip orientation FF
[M::mem_pestat] skip orientation RF
[M::mem_pestat] skip orientation RR
[M::mem_process_seqs] Processed 2801704 reads in 2921.403 CPU sec, 73.270 real sec
[M::process] read 2794446 sequences (400000190 bp)...
[M::mem_pestat] # candidate unique pairs for (FF, FR, RF, RR): (17, 769222, 88, 15)
[M::mem_pestat] analyzing insert size distribution for orientation FF...
[M::mem_pestat] (25, 50, 75) percentile: (292, 2648, 4287)
[M::mem_pestat] low and high boundaries for computing mean and std.dev: (1, 12277)
[M::mem_pestat] mean and std.dev: (2395.35, 2272.66)
[M::mem_pestat] low and high boundaries for proper pairs: (1, 16272)
[M::mem_pestat] analyzing insert size distribution for orientation FR...
[M::mem_pestat] (25, 50, 75) percentile: (191, 238, 316)
[M::mem_pestat] low and high boundaries for computing mean and std.dev: (1, 566)
[M::mem_pestat] mean and std.dev: (255.55, 87.86)
[M::mem_pestat] low and high boundaries for proper pairs: (1, 691)
[M::mem_pestat] analyzing insert size distribution for orientation RF...
[M::mem_pestat] (25, 50, 75) percentile: (223, 509, 1652)
[M::mem_pestat] low and high boundaries for computing mean and std.dev: (1, 4510)
[M::mem_pestat] mean and std.dev: (737.09, 856.97)
[M::mem_pestat] low and high boundaries for proper pairs: (1, 5939)
[M::mem_pestat] analyzing insert size distribution for orientation RR...
[M::mem_pestat] (25, 50, 75) percentile: (2373, 3250, 3949)
[M::mem_pestat] low and high boundaries for computing mean and std.dev: (1, 7101)
[M::mem_pestat] mean and std.dev: (3035.27, 1506.55)
[M::mem_pestat] low and high boundaries for proper pairs: (1, 9061)
[M::mem_pestat] skip orientation FF
[M::mem_pestat] skip orientation RF
[M::mem_pestat] skip orientation RR
[M::mem_process_seqs] Processed 2800754 reads in 2895.715 CPU sec, 72.688 real sec
[M::process] read 2826994 sequences (400000130 bp)...
[M::mem_pestat] # candidate unique pairs for (FF, FR, RF, RR): (8, 765961, 91, 19)
[M::mem_pestat] skip orientation FF as there are not enough pairs
[M::mem_pestat] analyzing insert size distribution for orientation FR...
[M::mem_pestat] (25, 50, 75) percentile: (197, 250, 330)
[M::mem_pestat] low and high boundaries for computing mean and std.dev: (1, 596)
[M::mem_pestat] mean and std.dev: (266.15, 91.02)
[M::mem_pestat] low and high boundaries for proper pairs: (1, 729)
[M::mem_pestat] analyzing insert size distribution for orientation RF...
[M::mem_pestat] (25, 50, 75) percentile: (128, 223, 1103)
[M::mem_pestat] low and high boundaries for computing mean and std.dev: (1, 3053)
[M::mem_pestat] mean and std.dev: (542.46, 729.91)
[M::mem_pestat] low and high boundaries for proper pairs: (1, 4028)
[M::mem_pestat] analyzing insert size distribution for orientation RR...
[M::mem_pestat] (25, 50, 75) percentile: (244, 314, 2748)
[M::mem_pestat] low and high boundaries for computing mean and std.dev: (1, 7756)
[M::mem_pestat] mean and std.dev: (1242.06, 1663.34)
[M::mem_pestat] low and high boundaries for proper pairs: (1, 10260)
[M::mem_pestat] skip orientation RF
[M::mem_pestat] skip orientation RR
[M::mem_process_seqs] Processed 2794446 reads in 2942.951 CPU sec, 73.797 real sec
[M::process] read 2817870 sequences (400000028 bp)...
[M::mem_pestat] # candidate unique pairs for (FF, FR, RF, RR): (10, 765652, 88, 10)
[M::mem_pestat] analyzing insert size distribution for orientation FF...
[M::mem_pestat] (25, 50, 75) percentile: (141, 276, 951)
[M::mem_pestat] low and high boundaries for computing mean and std.dev: (1, 2571)
[M::mem_pestat] mean and std.dev: (266.00, 268.16)
[M::mem_pestat] low and high boundaries for proper pairs: (1, 3381)
[M::mem_pestat] analyzing insert size distribution for orientation FR...
[M::mem_pestat] (25, 50, 75) percentile: (194, 245, 324)
[M::mem_pestat] low and high boundaries for computing mean and std.dev: (1, 584)
[M::mem_pestat] mean and std.dev: (261.14, 89.67)
[M::mem_pestat] low and high boundaries for proper pairs: (1, 714)
[M::mem_pestat] analyzing insert size distribution for orientation RF...
[M::mem_pestat] (25, 50, 75) percentile: (119, 233, 2372)
[M::mem_pestat] low and high boundaries for computing mean and std.dev: (1, 6878)
[M::mem_pestat] mean and std.dev: (1175.08, 1841.67)
[M::mem_pestat] low and high boundaries for proper pairs: (1, 9131)
[M::mem_pestat] analyzing insert size distribution for orientation RR...
[M::mem_pestat] (25, 50, 75) percentile: (222, 895, 1227)
[M::mem_pestat] low and high boundaries for computing mean and std.dev: (1, 3237)
[M::mem_pestat] mean and std.dev: (748.11, 501.09)
[M::mem_pestat] low and high boundaries for proper pairs: (1, 4242)
[M::mem_pestat] skip orientation FF
[M::mem_pestat] skip orientation RF
[M::mem_pestat] skip orientation RR
[M::mem_process_seqs] Processed 2826994 reads in 2936.505 CPU sec, 73.645 real sec
[M::process] read 2821818 sequences (400000170 bp)...
[M::mem_pestat] # candidate unique pairs for (FF, FR, RF, RR): (11, 765309, 109, 10)
[M::mem_pestat] analyzing insert size distribution for orientation FF...
[M::mem_pestat] (25, 50, 75) percentile: (150, 181, 3608)
[M::mem_pestat] low and high boundaries for computing mean and std.dev: (1, 10524)
[M::mem_pestat] mean and std.dev: (1740.91, 1943.37)
[M::mem_pestat] low and high boundaries for proper pairs: (1, 13982)
[M::mem_pestat] analyzing insert size distribution for orientation FR...
[M::mem_pestat] (25, 50, 75) percentile: (196, 249, 329)
[M::mem_pestat] low and high boundaries for computing mean and std.dev: (1, 595)
[M::mem_pestat] mean and std.dev: (265.14, 91.51)
[M::mem_pestat] low and high boundaries for proper pairs: (1, 728)
[M::mem_pestat] analyzing insert size distribution for orientation RF...
[M::mem_pestat] (25, 50, 75) percentile: (200, 281, 1676)
[M::mem_pestat] low and high boundaries for computing mean and std.dev: (1, 4628)
[M::mem_pestat] mean and std.dev: (705.00, 945.76)
[M::mem_pestat] low and high boundaries for proper pairs: (1, 6104)
[M::mem_pestat] analyzing insert size distribution for orientation RR...
[M::mem_pestat] (25, 50, 75) percentile: (151, 444, 1713)
[M::mem_pestat] low and high boundaries for computing mean and std.dev: (1, 4837)
[M::mem_pestat] mean and std.dev: (664.00, 830.95)
[M::mem_pestat] low and high boundaries for proper pairs: (1, 6399)
[M::mem_pestat] skip orientation FF
[M::mem_pestat] skip orientation RF
[M::mem_pestat] skip orientation RR
[M::mem_process_seqs] Processed 2817870 reads in 2953.819 CPU sec, 73.917 real sec
[M::process] read 2828450 sequences (400000132 bp)...
[M::mem_pestat] # candidate unique pairs for (FF, FR, RF, RR): (12, 767010, 91, 19)
[M::mem_pestat] analyzing insert size distribution for orientation FF...
[M::mem_pestat] (25, 50, 75) percentile: (228, 591, 4372)
[M::mem_pestat] low and high boundaries for computing mean and std.dev: (1, 12660)
[M::mem_pestat] mean and std.dev: (2034.00, 2854.55)
[M::mem_pestat] low and high boundaries for proper pairs: (1, 16804)
[M::mem_pestat] analyzing insert size distribution for orientation FR...
[M::mem_pestat] (25, 50, 75) percentile: (195, 247, 327)
[M::mem_pestat] low and high boundaries for computing mean and std.dev: (1, 591)
[M::mem_pestat] mean and std.dev: (263.29, 90.60)
[M::mem_pestat] low and high boundaries for proper pairs: (1, 723)
[M::mem_pestat] analyzing insert size distribution for orientation RF...
[M::mem_pestat] (25, 50, 75) percentile: (98, 224, 1203)
[M::mem_pestat] low and high boundaries for computing mean and std.dev: (1, 3413)
[M::mem_pestat] mean and std.dev: (493.05, 654.78)
[M::mem_pestat] low and high boundaries for proper pairs: (1, 4518)
[M::mem_pestat] analyzing insert size distribution for orientation RR...
[M::mem_pestat] (25, 50, 75) percentile: (246, 570, 2263)
[M::mem_pestat] low and high boundaries for computing mean and std.dev: (1, 6297)
[M::mem_pestat] mean and std.dev: (1452.05, 1650.07)
[M::mem_pestat] low and high boundaries for proper pairs: (1, 8314)
[M::mem_pestat] skip orientation FF
[M::mem_pestat] skip orientation RF
[M::mem_pestat] skip orientation RR
[M::mem_process_seqs] Processed 2821818 reads in 2923.110 CPU sec, 73.523 real sec
[M::process] read 2821710 sequences (400000178 bp)...
[M::mem_pestat] # candidate unique pairs for (FF, FR, RF, RR): (21, 768266, 91, 13)
[M::mem_pestat] analyzing insert size distribution for orientation FF...
[M::mem_pestat] (25, 50, 75) percentile: (132, 210, 1326)
[M::mem_pestat] low and high boundaries for computing mean and std.dev: (1, 3714)
[M::mem_pestat] mean and std.dev: (515.37, 747.45)
[M::mem_pestat] low and high boundaries for proper pairs: (1, 4908)
[M::mem_pestat] analyzing insert size distribution for orientation FR...
[M::mem_pestat] (25, 50, 75) percentile: (196, 249, 329)
[M::mem_pestat] low and high boundaries for computing mean and std.dev: (1, 595)
[M::mem_pestat] mean and std.dev: (265.15, 91.53)
[M::mem_pestat] low and high boundaries for proper pairs: (1, 728)
[M::mem_pestat] analyzing insert size distribution for orientation RF...
[M::mem_pestat] (25, 50, 75) percentile: (98, 224, 1477)
[M::mem_pestat] low and high boundaries for computing mean and std.dev: (1, 4235)
[M::mem_pestat] mean and std.dev: (568.59, 782.23)
[M::mem_pestat] low and high boundaries for proper pairs: (1, 5614)
[M::mem_pestat] analyzing insert size distribution for orientation RR...
[M::mem_pestat] (25, 50, 75) percentile: (358, 1233, 3494)
[M::mem_pestat] low and high boundaries for computing mean and std.dev: (1, 9766)
[M::mem_pestat] mean and std.dev: (1760.85, 1748.39)
[M::mem_pestat] low and high boundaries for proper pairs: (1, 12902)
[M::mem_pestat] skip orientation FF
[M::mem_pestat] skip orientation RF
[M::mem_pestat] skip orientation RR
[M::mem_process_seqs] Processed 2828450 reads in 3003.598 CPU sec, 75.319 real sec
[M::process] read 2824326 sequences (400000208 bp)...
[M::mem_pestat] # candidate unique pairs for (FF, FR, RF, RR): (14, 765925, 97, 19)
[M::mem_pestat] analyzing insert size distribution for orientation FF...
[M::mem_pestat] (25, 50, 75) percentile: (226, 275, 421)
[M::mem_pestat] low and high boundaries for computing mean and std.dev: (1, 811)
[M::mem_pestat] mean and std.dev: (257.73, 112.45)
[M::mem_pestat] low and high boundaries for proper pairs: (1, 1006)
[M::mem_pestat] analyzing insert size distribution for orientation FR...
[M::mem_pestat] (25, 50, 75) percentile: (196, 249, 330)
[M::mem_pestat] low and high boundaries for computing mean and std.dev: (1, 598)
[M::mem_pestat] mean and std.dev: (265.47, 91.46)
[M::mem_pestat] low and high boundaries for proper pairs: (1, 732)
[M::mem_pestat] analyzing insert size distribution for orientation RF...
[M::mem_pestat] (25, 50, 75) percentile: (130, 543, 2175)
[M::mem_pestat] low and high boundaries for computing mean and std.dev: (1, 6265)
[M::mem_pestat] mean and std.dev: (1063.09, 1451.79)
[M::mem_pestat] low and high boundaries for proper pairs: (1, 8310)
[M::mem_pestat] analyzing insert size distribution for orientation RR...
[M::mem_pestat] (25, 50, 75) percentile: (258, 1885, 2644)
[M::mem_pestat] low and high boundaries for computing mean and std.dev: (1, 7416)
[M::mem_pestat] mean and std.dev: (1860.26, 1733.80)
[M::mem_pestat] low and high boundaries for proper pairs: (1, 9802)
[M::mem_pestat] skip orientation FF
[M::mem_pestat] skip orientation RF
[M::mem_pestat] skip orientation RR
[M::mem_process_seqs] Processed 2821710 reads in 3019.372 CPU sec, 75.766 real sec
[M::process] read 2805714 sequences (400000086 bp)...
[M::mem_pestat] # candidate unique pairs for (FF, FR, RF, RR): (15, 768138, 90, 22)
[M::mem_pestat] analyzing insert size distribution for orientation FF...
[M::mem_pestat] (25, 50, 75) percentile: (142, 285, 1962)
[M::mem_pestat] low and high boundaries for computing mean and std.dev: (1, 5602)
[M::mem_pestat] mean and std.dev: (1094.47, 1214.51)
[M::mem_pestat] low and high boundaries for proper pairs: (1, 7422)
[M::mem_pestat] analyzing insert size distribution for orientation FR...
[M::mem_pestat] (25, 50, 75) percentile: (195, 248, 328)
[M::mem_pestat] low and high boundaries for computing mean and std.dev: (1, 594)
[M::mem_pestat] mean and std.dev: (264.33, 91.04)
[M::mem_pestat] low and high boundaries for proper pairs: (1, 727)
[M::mem_pestat] analyzing insert size distribution for orientation RF...
[M::mem_pestat] (25, 50, 75) percentile: (160, 651, 1828)
[M::mem_pestat] low and high boundaries for computing mean and std.dev: (1, 5164)
[M::mem_pestat] mean and std.dev: (1005.42, 1264.63)
[M::mem_pestat] low and high boundaries for proper pairs: (1, 6832)
[M::mem_pestat] analyzing insert size distribution for orientation RR...
[M::mem_pestat] (25, 50, 75) percentile: (146, 354, 3186)
[M::mem_pestat] low and high boundaries for computing mean and std.dev: (1, 9266)
[M::mem_pestat] mean and std.dev: (1382.59, 1619.27)
[M::mem_pestat] low and high boundaries for proper pairs: (1, 12306)
[M::mem_pestat] skip orientation FF
[M::mem_pestat] skip orientation RF
[M::mem_pestat] skip orientation RR
[M::mem_process_seqs] Processed 2824326 reads in 3000.584 CPU sec, 75.145 real sec
[M::process] read 2805052 sequences (400000073 bp)...
[M::mem_pestat] # candidate unique pairs for (FF, FR, RF, RR): (15, 765563, 111, 13)
[M::mem_pestat] analyzing insert size distribution for orientation FF...
[M::mem_pestat] (25, 50, 75) percentile: (224, 1230, 4408)
[M::mem_pestat] low and high boundaries for computing mean and std.dev: (1, 12776)
[M::mem_pestat] mean and std.dev: (2200.27, 2090.42)
[M::mem_pestat] low and high boundaries for proper pairs: (1, 16960)
[M::mem_pestat] analyzing insert size distribution for orientation FR...
[M::mem_pestat] (25, 50, 75) percentile: (197, 250, 331)
[M::mem_pestat] low and high boundaries for computing mean and std.dev: (1, 599)
[M::mem_pestat] mean and std.dev: (266.25, 91.62)
[M::mem_pestat] low and high boundaries for proper pairs: (1, 733)
[M::mem_pestat] analyzing insert size distribution for orientation RF...
[M::mem_pestat] (25, 50, 75) percentile: (145, 341, 1545)
[M::mem_pestat] low and high boundaries for computing mean and std.dev: (1, 4345)
[M::mem_pestat] mean and std.dev: (621.86, 847.47)
[M::mem_pestat] low and high boundaries for proper pairs: (1, 5745)
[M::mem_pestat] analyzing insert size distribution for orientation RR...
[M::mem_pestat] (25, 50, 75) percentile: (164, 540, 1103)
[M::mem_pestat] low and high boundaries for computing mean and std.dev: (1, 2981)
[M::mem_pestat] mean and std.dev: (606.00, 493.15)
[M::mem_pestat] low and high boundaries for proper pairs: (1, 3920)
[M::mem_pestat] skip orientation FF
[M::mem_pestat] skip orientation RF
[M::mem_pestat] skip orientation RR
[M::mem_process_seqs] Processed 2805714 reads in 2958.993 CPU sec, 74.430 real sec
[M::process] read 2798624 sequences (400000201 bp)...
[M::mem_pestat] # candidate unique pairs for (FF, FR, RF, RR): (12, 768941, 106, 18)
[M::mem_pestat] analyzing insert size distribution for orientation FF...
[M::mem_pestat] (25, 50, 75) percentile: (128, 179, 3164)
[M::mem_pestat] low and high boundaries for computing mean and std.dev: (1, 9236)
[M::mem_pestat] mean and std.dev: (1266.17, 1892.57)
[M::mem_pestat] low and high boundaries for proper pairs: (1, 12272)
[M::mem_pestat] analyzing insert size distribution for orientation FR...
[M::mem_pestat] (25, 50, 75) percentile: (190, 238, 316)
[M::mem_pestat] low and high boundaries for computing mean and std.dev: (1, 568)
[M::mem_pestat] mean and std.dev: (255.71, 88.31)
[M::mem_pestat] low and high boundaries for proper pairs: (1, 694)
[M::mem_pestat] analyzing insert size distribution for orientation RF...
[M::mem_pestat] (25, 50, 75) percentile: (128, 226, 1071)
[M::mem_pestat] low and high boundaries for computing mean and std.dev: (1, 2957)
[M::mem_pestat] mean and std.dev: (498.51, 629.01)
[M::mem_pestat] low and high boundaries for proper pairs: (1, 3900)
[M::mem_pestat] analyzing insert size distribution for orientation RR...
[M::mem_pestat] (25, 50, 75) percentile: (139, 245, 2520)
[M::mem_pestat] low and high boundaries for computing mean and std.dev: (1, 7282)
[M::mem_pestat] mean and std.dev: (1152.44, 1445.06)
[M::mem_pestat] low and high boundaries for proper pairs: (1, 9663)
[M::mem_pestat] skip orientation FF
[M::mem_pestat] skip orientation RF
[M::mem_pestat] skip orientation RR
[M::mem_process_seqs] Processed 2805052 reads in 2940.302 CPU sec, 73.558 real sec
[M::process] read 2801558 sequences (400000136 bp)...
[M::mem_pestat] # candidate unique pairs for (FF, FR, RF, RR): (16, 766016, 94, 13)
[M::mem_pestat] analyzing insert size distribution for orientation FF...
[M::mem_pestat] (25, 50, 75) percentile: (206, 229, 1588)
[M::mem_pestat] low and high boundaries for computing mean and std.dev: (1, 4352)
[M::mem_pestat] mean and std.dev: (576.06, 683.51)
[M::mem_pestat] low and high boundaries for proper pairs: (1, 5734)
[M::mem_pestat] analyzing insert size distribution for orientation FR...
[M::mem_pestat] (25, 50, 75) percentile: (196, 250, 329)
[M::mem_pestat] low and high boundaries for computing mean and std.dev: (1, 595)
[M::mem_pestat] mean and std.dev: (265.30, 91.02)
[M::mem_pestat] low and high boundaries for proper pairs: (1, 728)
[M::mem_pestat] analyzing insert size distribution for orientation RF...
[M::mem_pestat] (25, 50, 75) percentile: (223, 264, 1854)
[M::mem_pestat] low and high boundaries for computing mean and std.dev: (1, 5116)
[M::mem_pestat] mean and std.dev: (950.85, 1276.29)
[M::mem_pestat] low and high boundaries for proper pairs: (1, 6747)
[M::mem_pestat] analyzing insert size distribution for orientation RR...
[M::mem_pestat] (25, 50, 75) percentile: (210, 210, 3748)
[M::mem_pestat] low and high boundaries for computing mean and std.dev: (1, 10824)
[M::mem_pestat] mean and std.dev: (2068.00, 2794.46)
[M::mem_pestat] low and high boundaries for proper pairs: (1, 14362)
[M::mem_pestat] skip orientation FF
[M::mem_pestat] skip orientation RF
[M::mem_pestat] skip orientation RR
[M::mem_process_seqs] Processed 2798624 reads in 2972.212 CPU sec, 74.565 real sec
[M::process] read 2802638 sequences (400000031 bp)...
[M::mem_pestat] # candidate unique pairs for (FF, FR, RF, RR): (8, 769689, 106, 9)
[M::mem_pestat] skip orientation FF as there are not enough pairs
[M::mem_pestat] analyzing insert size distribution for orientation FR...
[M::mem_pestat] (25, 50, 75) percentile: (191, 240, 317)
[M::mem_pestat] low and high boundaries for computing mean and std.dev: (1, 569)
[M::mem_pestat] mean and std.dev: (256.68, 88.52)
[M::mem_pestat] low and high boundaries for proper pairs: (1, 695)
[M::mem_pestat] analyzing insert size distribution for orientation RF...
[M::mem_pestat] (25, 50, 75) percentile: (121, 225, 1334)
[M::mem_pestat] low and high boundaries for computing mean and std.dev: (1, 3760)
[M::mem_pestat] mean and std.dev: (585.44, 845.23)
[M::mem_pestat] low and high boundaries for proper pairs: (1, 4973)
[M::mem_pestat] skip orientation RR as there are not enough pairs
[M::mem_pestat] skip orientation RF
[M::mem_process_seqs] Processed 2801558 reads in 2927.880 CPU sec, 73.472 real sec
[M::process] read 2801022 sequences (400000287 bp)...
[M::mem_pestat] # candidate unique pairs for (FF, FR, RF, RR): (21, 767806, 72, 32)
[M::mem_pestat] analyzing insert size distribution for orientation FF...
[M::mem_pestat] (25, 50, 75) percentile: (139, 308, 3382)
[M::mem_pestat] low and high boundaries for computing mean and std.dev: (1, 9868)
[M::mem_pestat] mean and std.dev: (1445.86, 1672.96)
[M::mem_pestat] low and high boundaries for proper pairs: (1, 13111)
[M::mem_pestat] analyzing insert size distribution for orientation FR...
[M::mem_pestat] (25, 50, 75) percentile: (194, 246, 325)
[M::mem_pestat] low and high boundaries for computing mean and std.dev: (1, 587)
[M::mem_pestat] mean and std.dev: (262.15, 90.10)
[M::mem_pestat] low and high boundaries for proper pairs: (1, 718)
[M::mem_pestat] analyzing insert size distribution for orientation RF...
[M::mem_pestat] (25, 50, 75) percentile: (85, 225, 660)
[M::mem_pestat] low and high boundaries for computing mean and std.dev: (1, 1810)
[M::mem_pestat] mean and std.dev: (319.57, 373.51)
[M::mem_pestat] low and high boundaries for proper pairs: (1, 2385)
[M::mem_pestat] analyzing insert size distribution for orientation RR...
[M::mem_pestat] (25, 50, 75) percentile: (175, 294, 769)
[M::mem_pestat] low and high boundaries for computing mean and std.dev: (1, 1957)
[M::mem_pestat] mean and std.dev: (359.30, 344.96)
[M::mem_pestat] low and high boundaries for proper pairs: (1, 2551)
[M::mem_pestat] skip orientation FF
[M::mem_pestat] skip orientation RF
[M::mem_pestat] skip orientation RR
[M::mem_process_seqs] Processed 2802638 reads in 3228.253 CPU sec, 87.351 real sec
[M::process] read 2799350 sequences (400000176 bp)...
[M::mem_pestat] # candidate unique pairs for (FF, FR, RF, RR): (18, 768464, 88, 18)
[M::mem_pestat] analyzing insert size distribution for orientation FF...
[M::mem_pestat] (25, 50, 75) percentile: (193, 350, 1867)
[M::mem_pestat] low and high boundaries for computing mean and std.dev: (1, 5215)
[M::mem_pestat] mean and std.dev: (976.00, 1261.31)
[M::mem_pestat] low and high boundaries for proper pairs: (1, 6889)
[M::mem_pestat] analyzing insert size distribution for orientation FR...
[M::mem_pestat] (25, 50, 75) percentile: (193, 243, 322)
[M::mem_pestat] low and high boundaries for computing mean and std.dev: (1, 580)
[M::mem_pestat] mean and std.dev: (259.88, 89.42)
[M::mem_pestat] low and high boundaries for proper pairs: (1, 709)
[M::mem_pestat] analyzing insert size distribution for orientation RF...
[M::mem_pestat] (25, 50, 75) percentile: (114, 304, 1564)
[M::mem_pestat] low and high boundaries for computing mean and std.dev: (1, 4464)
[M::mem_pestat] mean and std.dev: (810.01, 1064.78)
[M::mem_pestat] low and high boundaries for proper pairs: (1, 5914)
[M::mem_pestat] analyzing insert size distribution for orientation RR...
[M::mem_pestat] (25, 50, 75) percentile: (171, 307, 2710)
[M::mem_pestat] low and high boundaries for computing mean and std.dev: (1, 7788)
[M::mem_pestat] mean and std.dev: (998.00, 1710.81)
[M::mem_pestat] low and high boundaries for proper pairs: (1, 10327)
[M::mem_pestat] skip orientation FF
[M::mem_pestat] skip orientation RF
[M::mem_pestat] skip orientation RR
[M::mem_process_seqs] Processed 2801022 reads in 2937.875 CPU sec, 73.675 real sec
[M::process] read 2796614 sequences (400000091 bp)...
[M::mem_pestat] # candidate unique pairs for (FF, FR, RF, RR): (10, 768388, 77, 25)
[M::mem_pestat] analyzing insert size distribution for orientation FF...
[M::mem_pestat] (25, 50, 75) percentile: (283, 1494, 3677)
[M::mem_pestat] low and high boundaries for computing mean and std.dev: (1, 10465)
[M::mem_pestat] mean and std.dev: (2274.40, 2340.14)
[M::mem_pestat] low and high boundaries for proper pairs: (1, 13859)
[M::mem_pestat] analyzing insert size distribution for orientation FR...
[M::mem_pestat] (25, 50, 75) percentile: (192, 242, 320)
[M::mem_pestat] low and high boundaries for computing mean and std.dev: (1, 576)
[M::mem_pestat] mean and std.dev: (258.51, 89.10)
[M::mem_pestat] low and high boundaries for proper pairs: (1, 704)
[M::mem_pestat] analyzing insert size distribution for orientation RF...
[M::mem_pestat] (25, 50, 75) percentile: (131, 910, 2418)
[M::mem_pestat] low and high boundaries for computing mean and std.dev: (1, 6992)
[M::mem_pestat] mean and std.dev: (1270.23, 1476.16)
[M::mem_pestat] low and high boundaries for proper pairs: (1, 9279)
[M::mem_pestat] analyzing insert size distribution for orientation RR...
[M::mem_pestat] (25, 50, 75) percentile: (144, 301, 2834)
[M::mem_pestat] low and high boundaries for computing mean and std.dev: (1, 8214)
[M::mem_pestat] mean and std.dev: (1389.38, 1400.94)
[M::mem_pestat] low and high boundaries for proper pairs: (1, 10904)
[M::mem_pestat] skip orientation FF
[M::mem_pestat] skip orientation RF
[M::mem_pestat] skip orientation RR
[M::mem_process_seqs] Processed 2799350 reads in 2919.322 CPU sec, 73.283 real sec
[M::process] read 2819850 sequences (400000199 bp)...
[M::mem_pestat] # candidate unique pairs for (FF, FR, RF, RR): (10, 766775, 97, 10)
[M::mem_pestat] analyzing insert size distribution for orientation FF...
[M::mem_pestat] (25, 50, 75) percentile: (142, 362, 3877)
[M::mem_pestat] low and high boundaries for computing mean and std.dev: (1, 11347)
[M::mem_pestat] mean and std.dev: (2114.90, 3225.90)
[M::mem_pestat] low and high boundaries for proper pairs: (1, 15082)
[M::mem_pestat] analyzing insert size distribution for orientation FR...
[M::mem_pestat] (25, 50, 75) percentile: (196, 248, 328)
[M::mem_pestat] low and high boundaries for computing mean and std.dev: (1, 592)
[M::mem_pestat] mean and std.dev: (264.43, 90.75)
[M::mem_pestat] low and high boundaries for proper pairs: (1, 724)
[M::mem_pestat] analyzing insert size distribution for orientation RF...
[M::mem_pestat] (25, 50, 75) percentile: (148, 374, 1380)
[M::mem_pestat] low and high boundaries for computing mean and std.dev: (1, 3844)
[M::mem_pestat] mean and std.dev: (587.67, 645.18)
[M::mem_pestat] low and high boundaries for proper pairs: (1, 5076)
[M::mem_pestat] analyzing insert size distribution for orientation RR...
[M::mem_pestat] (25, 50, 75) percentile: (190, 264, 372)
[M::mem_pestat] low and high boundaries for computing mean and std.dev: (1, 736)
[M::mem_pestat] mean and std.dev: (212.62, 84.19)
[M::mem_pestat] low and high boundaries for proper pairs: (1, 918)
[M::mem_pestat] skip orientation FF
[M::mem_pestat] skip orientation RF
[M::mem_pestat] skip orientation RR
[M::mem_process_seqs] Processed 2796614 reads in 2944.211 CPU sec, 73.703 real sec
[M::process] read 2820896 sequences (400000070 bp)...
[M::mem_pestat] # candidate unique pairs for (FF, FR, RF, RR): (19, 764043, 100, 15)
[M::mem_pestat] analyzing insert size distribution for orientation FF...
[M::mem_pestat] (25, 50, 75) percentile: (137, 226, 561)
[M::mem_pestat] low and high boundaries for computing mean and std.dev: (1, 1409)
[M::mem_pestat] mean and std.dev: (259.00, 238.95)
[M::mem_pestat] low and high boundaries for proper pairs: (1, 1833)
[M::mem_pestat] analyzing insert size distribution for orientation FR...
[M::mem_pestat] (25, 50, 75) percentile: (196, 249, 330)
[M::mem_pestat] low and high boundaries for computing mean and std.dev: (1, 598)
[M::mem_pestat] mean and std.dev: (265.38, 91.57)
[M::mem_pestat] low and high boundaries for proper pairs: (1, 732)
[M::mem_pestat] analyzing insert size distribution for orientation RF...
[M::mem_pestat] (25, 50, 75) percentile: (148, 405, 1680)
[M::mem_pestat] low and high boundaries for computing mean and std.dev: (1, 4744)
[M::mem_pestat] mean and std.dev: (842.86, 988.31)
[M::mem_pestat] low and high boundaries for proper pairs: (1, 6276)
[M::mem_pestat] analyzing insert size distribution for orientation RR...
[M::mem_pestat] (25, 50, 75) percentile: (144, 305, 1444)
[M::mem_pestat] low and high boundaries for computing mean and std.dev: (1, 4044)
[M::mem_pestat] mean and std.dev: (495.62, 762.38)
[M::mem_pestat] low and high boundaries for proper pairs: (1, 5344)
[M::mem_pestat] skip orientation FF
[M::mem_pestat] skip orientation RF
[M::mem_pestat] skip orientation RR
[M::mem_process_seqs] Processed 2819850 reads in 2989.206 CPU sec, 75.247 real sec
[M::process] read 2823802 sequences (400000061 bp)...
[M::mem_pestat] # candidate unique pairs for (FF, FR, RF, RR): (12, 766572, 84, 23)
[M::mem_pestat] analyzing insert size distribution for orientation FF...
[M::mem_pestat] (25, 50, 75) percentile: (168, 190, 3147)
[M::mem_pestat] low and high boundaries for computing mean and std.dev: (1, 9105)
[M::mem_pestat] mean and std.dev: (959.18, 1641.57)
[M::mem_pestat] low and high boundaries for proper pairs: (1, 12084)
[M::mem_pestat] analyzing insert size distribution for orientation FR...
[M::mem_pestat] (25, 50, 75) percentile: (196, 249, 329)
[M::mem_pestat] low and high boundaries for computing mean and std.dev: (1, 595)
[M::mem_pestat] mean and std.dev: (265.06, 91.46)
[M::mem_pestat] low and high boundaries for proper pairs: (1, 728)
[M::mem_pestat] analyzing insert size distribution for orientation RF...
[M::mem_pestat] (25, 50, 75) percentile: (143, 486, 2295)
[M::mem_pestat] low and high boundaries for computing mean and std.dev: (1, 6599)
[M::mem_pestat] mean and std.dev: (1013.08, 1381.27)
[M::mem_pestat] low and high boundaries for proper pairs: (1, 8751)
[M::mem_pestat] analyzing insert size distribution for orientation RR...
[M::mem_pestat] (25, 50, 75) percentile: (212, 302, 1921)
[M::mem_pestat] low and high boundaries for computing mean and std.dev: (1, 5339)
[M::mem_pestat] mean and std.dev: (942.10, 1256.34)
[M::mem_pestat] low and high boundaries for proper pairs: (1, 7048)
[M::mem_pestat] skip orientation FF
[M::mem_pestat] skip orientation RF
[M::mem_pestat] skip orientation RR
[M::mem_process_seqs] Processed 2820896 reads in 2981.945 CPU sec, 74.721 real sec
[M::process] read 2829256 sequences (400000161 bp)...
[M::mem_pestat] # candidate unique pairs for (FF, FR, RF, RR): (12, 765903, 83, 6)
[M::mem_pestat] analyzing insert size distribution for orientation FF...
[M::mem_pestat] (25, 50, 75) percentile: (182, 333, 2525)
[M::mem_pestat] low and high boundaries for computing mean and std.dev: (1, 7211)
[M::mem_pestat] mean and std.dev: (552.60, 707.98)
[M::mem_pestat] low and high boundaries for proper pairs: (1, 9554)
[M::mem_pestat] analyzing insert size distribution for orientation FR...
[M::mem_pestat] (25, 50, 75) percentile: (195, 249, 329)
[M::mem_pestat] low and high boundaries for computing mean and std.dev: (1, 597)
[M::mem_pestat] mean and std.dev: (264.72, 91.34)
[M::mem_pestat] low and high boundaries for proper pairs: (1, 731)
[M::mem_pestat] analyzing insert size distribution for orientation RF...
[M::mem_pestat] (25, 50, 75) percentile: (160, 247, 2318)
[M::mem_pestat] low and high boundaries for computing mean and std.dev: (1, 6634)
[M::mem_pestat] mean and std.dev: (918.57, 1265.62)
[M::mem_pestat] low and high boundaries for proper pairs: (1, 8792)
[M::mem_pestat] skip orientation RR as there are not enough pairs
[M::mem_pestat] skip orientation FF
[M::mem_pestat] skip orientation RF
[M::mem_process_seqs] Processed 2823802 reads in 3156.556 CPU sec, 79.164 real sec
[M::process] read 2815956 sequences (400000209 bp)...
[M::mem_pestat] # candidate unique pairs for (FF, FR, RF, RR): (18, 766897, 77, 12)
[M::mem_pestat] analyzing insert size distribution for orientation FF...
[M::mem_pestat] (25, 50, 75) percentile: (222, 480, 2812)
[M::mem_pestat] low and high boundaries for computing mean and std.dev: (1, 7992)
[M::mem_pestat] mean and std.dev: (1334.12, 1505.47)
[M::mem_pestat] low and high boundaries for proper pairs: (1, 10582)
[M::mem_pestat] analyzing insert size distribution for orientation FR...
[M::mem_pestat] (25, 50, 75) percentile: (196, 249, 329)
[M::mem_pestat] low and high boundaries for computing mean and std.dev: (1, 595)
[M::mem_pestat] mean and std.dev: (264.87, 91.31)
[M::mem_pestat] low and high boundaries for proper pairs: (1, 728)
[M::mem_pestat] analyzing insert size distribution for orientation RF...
[M::mem_pestat] (25, 50, 75) percentile: (81, 267, 1113)
[M::mem_pestat] low and high boundaries for computing mean and std.dev: (1, 3177)
[M::mem_pestat] mean and std.dev: (370.00, 538.48)
[M::mem_pestat] low and high boundaries for proper pairs: (1, 4209)
[M::mem_pestat] analyzing insert size distribution for orientation RR...
[M::mem_pestat] (25, 50, 75) percentile: (218, 247, 867)
[M::mem_pestat] low and high boundaries for computing mean and std.dev: (1, 2165)
[M::mem_pestat] mean and std.dev: (330.82, 258.65)
[M::mem_pestat] low and high boundaries for proper pairs: (1, 2814)
[M::mem_pestat] skip orientation FF
[M::mem_pestat] skip orientation RF
[M::mem_pestat] skip orientation RR
[M::mem_process_seqs] Processed 2829256 reads in 3263.070 CPU sec, 82.007 real sec
[M::process] read 2829782 sequences (400000215 bp)...
[M::mem_pestat] # candidate unique pairs for (FF, FR, RF, RR): (14, 765627, 98, 17)
[M::mem_pestat] analyzing insert size distribution for orientation FF...
[M::mem_pestat] (25, 50, 75) percentile: (186, 474, 2003)
[M::mem_pestat] low and high boundaries for computing mean and std.dev: (1, 5637)
[M::mem_pestat] mean and std.dev: (965.29, 1112.61)
[M::mem_pestat] low and high boundaries for proper pairs: (1, 7454)
[M::mem_pestat] analyzing insert size distribution for orientation FR...
[M::mem_pestat] (25, 50, 75) percentile: (196, 249, 329)
[M::mem_pestat] low and high boundaries for computing mean and std.dev: (1, 595)
[M::mem_pestat] mean and std.dev: (264.81, 91.27)
[M::mem_pestat] low and high boundaries for proper pairs: (1, 728)
[M::mem_pestat] analyzing insert size distribution for orientation RF...
[M::mem_pestat] (25, 50, 75) percentile: (132, 321, 1520)
[M::mem_pestat] low and high boundaries for computing mean and std.dev: (1, 4296)
[M::mem_pestat] mean and std.dev: (742.73, 998.74)
[M::mem_pestat] low and high boundaries for proper pairs: (1, 5684)
[M::mem_pestat] analyzing insert size distribution for orientation RR...
[M::mem_pestat] (25, 50, 75) percentile: (132, 333, 1374)
[M::mem_pestat] low and high boundaries for computing mean and std.dev: (1, 3858)
[M::mem_pestat] mean and std.dev: (707.88, 857.58)
[M::mem_pestat] low and high boundaries for proper pairs: (1, 5100)
[M::mem_pestat] skip orientation FF
[M::mem_pestat] skip orientation RF
[M::mem_pestat] skip orientation RR
[M::mem_process_seqs] Processed 2815956 reads in 3273.485 CPU sec, 82.088 real sec
[M::process] read 2811400 sequences (400000263 bp)...
[M::mem_pestat] # candidate unique pairs for (FF, FR, RF, RR): (15, 766836, 82, 12)
[M::mem_pestat] analyzing insert size distribution for orientation FF...
[M::mem_pestat] (25, 50, 75) percentile: (265, 2040, 4841)
[M::mem_pestat] low and high boundaries for computing mean and std.dev: (1, 13993)
[M::mem_pestat] mean and std.dev: (3178.87, 3634.53)
[M::mem_pestat] low and high boundaries for proper pairs: (1, 18569)
[M::mem_pestat] analyzing insert size distribution for orientation FR...
[M::mem_pestat] (25, 50, 75) percentile: (196, 250, 330)
[M::mem_pestat] low and high boundaries for computing mean and std.dev: (1, 598)
[M::mem_pestat] mean and std.dev: (265.75, 91.90)
[M::mem_pestat] low and high boundaries for proper pairs: (1, 732)
[M::mem_pestat] analyzing insert size distribution for orientation RF...
[M::mem_pestat] (25, 50, 75) percentile: (82, 223, 1507)
[M::mem_pestat] low and high boundaries for computing mean and std.dev: (1, 4357)
[M::mem_pestat] mean and std.dev: (501.23, 761.25)
[M::mem_pestat] low and high boundaries for proper pairs: (1, 5782)
[M::mem_pestat] analyzing insert size distribution for orientation RR...
[M::mem_pestat] (25, 50, 75) percentile: (274, 1875, 2441)
[M::mem_pestat] low and high boundaries for computing mean and std.dev: (1, 6775)
[M::mem_pestat] mean and std.dev: (1490.91, 1572.16)
[M::mem_pestat] low and high boundaries for proper pairs: (1, 8942)
[M::mem_pestat] skip orientation FF
[M::mem_pestat] skip orientation RF
[M::mem_pestat] skip orientation RR
[M::mem_process_seqs] Processed 2829782 reads in 3068.976 CPU sec, 77.024 real sec
[M::process] read 2792540 sequences (400000068 bp)...
[M::mem_pestat] # candidate unique pairs for (FF, FR, RF, RR): (18, 766641, 88, 23)
[M::mem_pestat] analyzing insert size distribution for orientation FF...
[M::mem_pestat] (25, 50, 75) percentile: (321, 1720, 2923)
[M::mem_pestat] low and high boundaries for computing mean and std.dev: (1, 8127)
[M::mem_pestat] mean and std.dev: (1407.50, 1453.41)
[M::mem_pestat] low and high boundaries for proper pairs: (1, 10729)
[M::mem_pestat] analyzing insert size distribution for orientation FR...
[M::mem_pestat] (25, 50, 75) percentile: (196, 249, 329)
[M::mem_pestat] low and high boundaries for computing mean and std.dev: (1, 595)
[M::mem_pestat] mean and std.dev: (265.10, 91.49)
[M::mem_pestat] low and high boundaries for proper pairs: (1, 728)
[M::mem_pestat] analyzing insert size distribution for orientation RF...
[M::mem_pestat] (25, 50, 75) percentile: (127, 264, 2293)
[M::mem_pestat] low and high boundaries for computing mean and std.dev: (1, 6625)
[M::mem_pestat] mean and std.dev: (1046.75, 1610.24)
[M::mem_pestat] low and high boundaries for proper pairs: (1, 8791)
[M::mem_pestat] analyzing insert size distribution for orientation RR...
[M::mem_pestat] (25, 50, 75) percentile: (127, 769, 2086)
[M::mem_pestat] low and high boundaries for computing mean and std.dev: (1, 6004)
[M::mem_pestat] mean and std.dev: (983.62, 1226.75)
[M::mem_pestat] low and high boundaries for proper pairs: (1, 7963)
[M::mem_pestat] skip orientation FF
[M::mem_pestat] skip orientation RF
[M::mem_pestat] skip orientation RR
[M::mem_process_seqs] Processed 2811400 reads in 2959.086 CPU sec, 74.219 real sec
[M::process] read 2785102 sequences (400000207 bp)...
[M::mem_pestat] # candidate unique pairs for (FF, FR, RF, RR): (14, 765946, 98, 17)
[M::mem_pestat] analyzing insert size distribution for orientation FF...
[M::mem_pestat] (25, 50, 75) percentile: (115, 231, 3079)
[M::mem_pestat] low and high boundaries for computing mean and std.dev: (1, 9007)
[M::mem_pestat] mean and std.dev: (1480.43, 2021.98)
[M::mem_pestat] low and high boundaries for proper pairs: (1, 11971)
[M::mem_pestat] analyzing insert size distribution for orientation FR...
[M::mem_pestat] (25, 50, 75) percentile: (196, 248, 328)
[M::mem_pestat] low and high boundaries for computing mean and std.dev: (1, 592)
[M::mem_pestat] mean and std.dev: (264.57, 91.14)
[M::mem_pestat] low and high boundaries for proper pairs: (1, 724)
[M::mem_pestat] analyzing insert size distribution for orientation RF...
[M::mem_pestat] (25, 50, 75) percentile: (68, 225, 877)
[M::mem_pestat] low and high boundaries for computing mean and std.dev: (1, 2495)
[M::mem_pestat] mean and std.dev: (445.33, 589.76)
[M::mem_pestat] low and high boundaries for proper pairs: (1, 3304)
[M::mem_pestat] analyzing insert size distribution for orientation RR...
[M::mem_pestat] (25, 50, 75) percentile: (279, 784, 4451)
[M::mem_pestat] low and high boundaries for computing mean and std.dev: (1, 12795)
[M::mem_pestat] mean and std.dev: (1886.12, 1901.17)
[M::mem_pestat] low and high boundaries for proper pairs: (1, 16967)
[M::mem_pestat] skip orientation FF
[M::mem_pestat] skip orientation RF
[M::mem_pestat] skip orientation RR
[M::mem_process_seqs] Processed 2792540 reads in 2939.692 CPU sec, 73.727 real sec
[M::process] read 2784502 sequences (400000114 bp)...
[M::mem_pestat] # candidate unique pairs for (FF, FR, RF, RR): (21, 765431, 93, 16)
[M::mem_pestat] analyzing insert size distribution for orientation FF...
[M::mem_pestat] (25, 50, 75) percentile: (131, 216, 379)
[M::mem_pestat] low and high boundaries for computing mean and std.dev: (1, 875)
[M::mem_pestat] mean and std.dev: (235.26, 110.09)
[M::mem_pestat] low and high boundaries for proper pairs: (1, 1123)
[M::mem_pestat] analyzing insert size distribution for orientation FR...
[M::mem_pestat] (25, 50, 75) percentile: (197, 251, 331)
[M::mem_pestat] low and high boundaries for computing mean and std.dev: (1, 599)
[M::mem_pestat] mean and std.dev: (266.86, 91.60)
[M::mem_pestat] low and high boundaries for proper pairs: (1, 733)
[M::mem_pestat] analyzing insert size distribution for orientation RF...
[M::mem_pestat] (25, 50, 75) percentile: (128, 227, 1658)
[M::mem_pestat] low and high boundaries for computing mean and std.dev: (1, 4718)
[M::mem_pestat] mean and std.dev: (589.46, 879.90)
[M::mem_pestat] low and high boundaries for proper pairs: (1, 6248)
[M::mem_pestat] analyzing insert size distribution for orientation RR...
[M::mem_pestat] (25, 50, 75) percentile: (158, 257, 388)
[M::mem_pestat] low and high boundaries for computing mean and std.dev: (1, 848)
[M::mem_pestat] mean and std.dev: (244.64, 167.58)
[M::mem_pestat] low and high boundaries for proper pairs: (1, 1078)
[M::mem_pestat] skip orientation FF
[M::mem_pestat] skip orientation RF
[M::mem_pestat] skip orientation RR
[M::mem_process_seqs] Processed 2785102 reads in 2948.799 CPU sec, 74.013 real sec
[M::process] read 2780802 sequences (400000030 bp)...
[M::mem_pestat] # candidate unique pairs for (FF, FR, RF, RR): (16, 766899, 104, 11)
[M::mem_pestat] analyzing insert size distribution for orientation FF...
[M::mem_pestat] (25, 50, 75) percentile: (292, 805, 2288)
[M::mem_pestat] low and high boundaries for computing mean and std.dev: (1, 6280)
[M::mem_pestat] mean and std.dev: (1499.60, 1718.75)
[M::mem_pestat] low and high boundaries for proper pairs: (1, 8375)
[M::mem_pestat] analyzing insert size distribution for orientation FR...
[M::mem_pestat] (25, 50, 75) percentile: (198, 253, 333)
[M::mem_pestat] low and high boundaries for computing mean and std.dev: (1, 603)
[M::mem_pestat] mean and std.dev: (268.53, 91.87)
[M::mem_pestat] low and high boundaries for proper pairs: (1, 738)
[M::mem_pestat] analyzing insert size distribution for orientation RF...
[M::mem_pestat] (25, 50, 75) percentile: (136, 353, 1487)
[M::mem_pestat] low and high boundaries for computing mean and std.dev: (1, 4189)
[M::mem_pestat] mean and std.dev: (753.26, 958.30)
[M::mem_pestat] low and high boundaries for proper pairs: (1, 5540)
[M::mem_pestat] analyzing insert size distribution for orientation RR...
[M::mem_pestat] (25, 50, 75) percentile: (157, 191, 2452)
[M::mem_pestat] low and high boundaries for computing mean and std.dev: (1, 7042)
[M::mem_pestat] mean and std.dev: (1583.45, 2296.73)
[M::mem_pestat] low and high boundaries for proper pairs: (1, 10770)
[M::mem_pestat] skip orientation FF
[M::mem_pestat] skip orientation RF
[M::mem_pestat] skip orientation RR
[M::mem_process_seqs] Processed 2784502 reads in 2948.541 CPU sec, 73.942 real sec
[M::process] read 2780624 sequences (400000252 bp)...
[M::mem_pestat] # candidate unique pairs for (FF, FR, RF, RR): (24, 765511, 105, 7)
[M::mem_pestat] analyzing insert size distribution for orientation FF...
[M::mem_pestat] (25, 50, 75) percentile: (199, 233, 2401)
[M::mem_pestat] low and high boundaries for computing mean and std.dev: (1, 6805)
[M::mem_pestat] mean and std.dev: (962.04, 1109.52)
[M::mem_pestat] low and high boundaries for proper pairs: (1, 9007)
[M::mem_pestat] analyzing insert size distribution for orientation FR...
[M::mem_pestat] (25, 50, 75) percentile: (200, 257, 338)
[M::mem_pestat] low and high boundaries for computing mean and std.dev: (1, 614)
[M::mem_pestat] mean and std.dev: (271.80, 92.52)
[M::mem_pestat] low and high boundaries for proper pairs: (1, 752)
[M::mem_pestat] analyzing insert size distribution for orientation RF...
[M::mem_pestat] (25, 50, 75) percentile: (92, 223, 1031)
[M::mem_pestat] low and high boundaries for computing mean and std.dev: (1, 2909)
[M::mem_pestat] mean and std.dev: (467.40, 648.01)
[M::mem_pestat] low and high boundaries for proper pairs: (1, 3848)
[M::mem_pestat] skip orientation RR as there are not enough pairs
[M::mem_pestat] skip orientation FF
[M::mem_pestat] skip orientation RF
[M::mem_process_seqs] Processed 2780802 reads in 2953.113 CPU sec, 74.034 real sec
[M::process] read 2800190 sequences (400000077 bp)...
[M::mem_pestat] # candidate unique pairs for (FF, FR, RF, RR): (22, 762393, 97, 8)
[M::mem_pestat] analyzing insert size distribution for orientation FF...
[M::mem_pestat] (25, 50, 75) percentile: (158, 344, 3898)
[M::mem_pestat] low and high boundaries for computing mean and std.dev: (1, 11378)
[M::mem_pestat] mean and std.dev: (1608.32, 1875.15)
[M::mem_pestat] low and high boundaries for proper pairs: (1, 15118)
[M::mem_pestat] analyzing insert size distribution for orientation FR...
[M::mem_pestat] (25, 50, 75) percentile: (200, 257, 337)
[M::mem_pestat] low and high boundaries for computing mean and std.dev: (1, 611)
[M::mem_pestat] mean and std.dev: (271.50, 93.00)
[M::mem_pestat] low and high boundaries for proper pairs: (1, 748)
[M::mem_pestat] analyzing insert size distribution for orientation RF...
[M::mem_pestat] (25, 50, 75) percentile: (171, 467, 2304)
[M::mem_pestat] low and high boundaries for computing mean and std.dev: (1, 6570)
[M::mem_pestat] mean and std.dev: (1132.29, 1364.30)
[M::mem_pestat] low and high boundaries for proper pairs: (1, 8703)
[M::mem_pestat] skip orientation RR as there are not enough pairs
[M::mem_pestat] skip orientation FF
[M::mem_pestat] skip orientation RF
[M::mem_process_seqs] Processed 2780624 reads in 3019.934 CPU sec, 75.782 real sec
[M::process] read 2799908 sequences (400000207 bp)...
[M::mem_pestat] # candidate unique pairs for (FF, FR, RF, RR): (12, 763327, 85, 14)
[M::mem_pestat] analyzing insert size distribution for orientation FF...
[M::mem_pestat] (25, 50, 75) percentile: (118, 327, 954)
[M::mem_pestat] low and high boundaries for computing mean and std.dev: (1, 2626)
[M::mem_pestat] mean and std.dev: (396.40, 375.43)
[M::mem_pestat] low and high boundaries for proper pairs: (1, 3462)
[M::mem_pestat] analyzing insert size distribution for orientation FR...
[M::mem_pestat] (25, 50, 75) percentile: (199, 256, 337)
[M::mem_pestat] low and high boundaries for computing mean and std.dev: (1, 613)
[M::mem_pestat] mean and std.dev: (271.02, 93.18)
[M::mem_pestat] low and high boundaries for proper pairs: (1, 751)
[M::mem_pestat] analyzing insert size distribution for orientation RF...
[M::mem_pestat] (25, 50, 75) percentile: (87, 223, 2099)
[M::mem_pestat] low and high boundaries for computing mean and std.dev: (1, 6123)
[M::mem_pestat] mean and std.dev: (1001.87, 1587.71)
[M::mem_pestat] low and high boundaries for proper pairs: (1, 8135)
[M::mem_pestat] analyzing insert size distribution for orientation RR...
[M::mem_pestat] (25, 50, 75) percentile: (135, 231, 311)
[M::mem_pestat] low and high boundaries for computing mean and std.dev: (1, 663)
[M::mem_pestat] mean and std.dev: (190.09, 72.45)
[M::mem_pestat] low and high boundaries for proper pairs: (1, 839)
[M::mem_pestat] skip orientation FF
[M::mem_pestat] skip orientation RF
[M::mem_pestat] skip orientation RR
[M::mem_process_seqs] Processed 2800190 reads in 3156.195 CPU sec, 79.015 real sec
[M::process] read 2798680 sequences (400000105 bp)...
[M::mem_pestat] # candidate unique pairs for (FF, FR, RF, RR): (13, 765450, 85, 16)
[M::mem_pestat] analyzing insert size distribution for orientation FF...
[M::mem_pestat] (25, 50, 75) percentile: (138, 178, 339)
[M::mem_pestat] low and high boundaries for computing mean and std.dev: (1, 741)
[M::mem_pestat] mean and std.dev: (167.36, 62.75)
[M::mem_pestat] low and high boundaries for proper pairs: (1, 942)
[M::mem_pestat] analyzing insert size distribution for orientation FR...
[M::mem_pestat] (25, 50, 75) percentile: (199, 256, 337)
[M::mem_pestat] low and high boundaries for computing mean and std.dev: (1, 613)
[M::mem_pestat] mean and std.dev: (270.73, 92.92)
[M::mem_pestat] low and high boundaries for proper pairs: (1, 751)
[M::mem_pestat] analyzing insert size distribution for orientation RF...
[M::mem_pestat] (25, 50, 75) percentile: (85, 224, 1038)
[M::mem_pestat] low and high boundaries for computing mean and std.dev: (1, 2944)
[M::mem_pestat] mean and std.dev: (356.50, 523.34)
[M::mem_pestat] low and high boundaries for proper pairs: (1, 3897)
[M::mem_pestat] analyzing insert size distribution for orientation RR...
[M::mem_pestat] (25, 50, 75) percentile: (172, 259, 4206)
[M::mem_pestat] low and high boundaries for computing mean and std.dev: (1, 12274)
[M::mem_pestat] mean and std.dev: (1298.56, 1742.28)
[M::mem_pestat] low and high boundaries for proper pairs: (1, 16308)
[M::mem_pestat] skip orientation FF
[M::mem_pestat] skip orientation RF
[M::mem_pestat] skip orientation RR
[M::mem_process_seqs] Processed 2799908 reads in 3326.032 CPU sec, 90.306 real sec
[M::process] read 2800046 sequences (400000137 bp)...
[M::mem_pestat] # candidate unique pairs for (FF, FR, RF, RR): (10, 763941, 106, 20)
[M::mem_pestat] analyzing insert size distribution for orientation FF...
[M::mem_pestat] (25, 50, 75) percentile: (109, 186, 1083)
[M::mem_pestat] low and high boundaries for computing mean and std.dev: (1, 3031)
[M::mem_pestat] mean and std.dev: (519.30, 634.40)
[M::mem_pestat] low and high boundaries for proper pairs: (1, 4005)
[M::mem_pestat] analyzing insert size distribution for orientation FR...
[M::mem_pestat] (25, 50, 75) percentile: (200, 258, 339)
[M::mem_pestat] low and high boundaries for computing mean and std.dev: (1, 617)
[M::mem_pestat] mean and std.dev: (272.70, 93.65)
[M::mem_pestat] low and high boundaries for proper pairs: (1, 756)
[M::mem_pestat] analyzing insert size distribution for orientation RF...
[M::mem_pestat] (25, 50, 75) percentile: (106, 277, 1977)
[M::mem_pestat] low and high boundaries for computing mean and std.dev: (1, 5719)
[M::mem_pestat] mean and std.dev: (953.26, 1282.19)
[M::mem_pestat] low and high boundaries for proper pairs: (1, 7590)
[M::mem_pestat] analyzing insert size distribution for orientation RR...
[M::mem_pestat] (25, 50, 75) percentile: (127, 213, 290)
[M::mem_pestat] low and high boundaries for computing mean and std.dev: (1, 616)
[M::mem_pestat] mean and std.dev: (188.29, 77.54)
[M::mem_pestat] low and high boundaries for proper pairs: (1, 779)
[M::mem_pestat] skip orientation FF
[M::mem_pestat] skip orientation RF
[M::mem_pestat] skip orientation RR
[M::mem_process_seqs] Processed 2798680 reads in 3032.293 CPU sec, 75.898 real sec
[M::process] read 2273068 sequences (326034948 bp)...
[M::mem_pestat] # candidate unique pairs for (FF, FR, RF, RR): (20, 764471, 113, 17)
[M::mem_pestat] analyzing insert size distribution for orientation FF...
[M::mem_pestat] (25, 50, 75) percentile: (262, 2472, 4955)
[M::mem_pestat] low and high boundaries for computing mean and std.dev: (1, 14341)
[M::mem_pestat] mean and std.dev: (2573.00, 2328.07)
[M::mem_pestat] low and high boundaries for proper pairs: (1, 19034)
[M::mem_pestat] analyzing insert size distribution for orientation FR...
[M::mem_pestat] (25, 50, 75) percentile: (200, 258, 339)
[M::mem_pestat] low and high boundaries for computing mean and std.dev: (1, 617)
[M::mem_pestat] mean and std.dev: (272.64, 93.88)
[M::mem_pestat] low and high boundaries for proper pairs: (1, 756)
[M::mem_pestat] analyzing insert size distribution for orientation RF...
[M::mem_pestat] (25, 50, 75) percentile: (106, 226, 1134)
[M::mem_pestat] low and high boundaries for computing mean and std.dev: (1, 3190)
[M::mem_pestat] mean and std.dev: (454.07, 609.13)
[M::mem_pestat] low and high boundaries for proper pairs: (1, 4218)
[M::mem_pestat] analyzing insert size distribution for orientation RR...
[M::mem_pestat] (25, 50, 75) percentile: (142, 198, 2481)
[M::mem_pestat] low and high boundaries for computing mean and std.dev: (1, 7159)
[M::mem_pestat] mean and std.dev: (1221.12, 2016.55)
[M::mem_pestat] low and high boundaries for proper pairs: (1, 9498)
[M::mem_pestat] skip orientation FF
[M::mem_pestat] skip orientation RF
[M::mem_pestat] skip orientation RR
[M::mem_process_seqs] Processed 2800046 reads in 3029.290 CPU sec, 76.060 real sec
[M::mem_pestat] # candidate unique pairs for (FF, FR, RF, RR): (12, 622752, 58, 12)
[M::mem_pestat] analyzing insert size distribution for orientation FF...
[M::mem_pestat] (25, 50, 75) percentile: (186, 249, 2628)
[M::mem_pestat] low and high boundaries for computing mean and std.dev: (1, 7512)
[M::mem_pestat] mean and std.dev: (1008.17, 1066.14)
[M::mem_pestat] low and high boundaries for proper pairs: (1, 9954)
[M::mem_pestat] analyzing insert size distribution for orientation FR...
[M::mem_pestat] (25, 50, 75) percentile: (201, 260, 342)
[M::mem_pestat] low and high boundaries for computing mean and std.dev: (1, 624)
[M::mem_pestat] mean and std.dev: (274.87, 94.86)
[M::mem_pestat] low and high boundaries for proper pairs: (1, 765)
[M::mem_pestat] analyzing insert size distribution for orientation RF...
[M::mem_pestat] (25, 50, 75) percentile: (56, 223, 1677)
[M::mem_pestat] low and high boundaries for computing mean and std.dev: (1, 4919)
[M::mem_pestat] mean and std.dev: (825.07, 1196.12)
[M::mem_pestat] low and high boundaries for proper pairs: (1, 6540)
[M::mem_pestat] analyzing insert size distribution for orientation RR...
[M::mem_pestat] (25, 50, 75) percentile: (72, 211, 246)
[M::mem_pestat] low and high boundaries for computing mean and std.dev: (1, 594)
[M::mem_pestat] mean and std.dev: (147.90, 88.99)
[M::mem_pestat] low and high boundaries for proper pairs: (1, 768)
[M::mem_pestat] skip orientation FF
[M::mem_pestat] skip orientation RF
[M::mem_pestat] skip orientation RR
[M::mem_process_seqs] Processed 2273068 reads in 2476.438 CPU sec, 62.273 real sec
[main] Version: 0.7.17-r1188
[main] CMD: /home/shared/bwa-0.7.17/bwa mem -M -t 40 ../data/bwa-GCF_031168955.1_ASM3116895v1_genomic ../data/trimmed-fastqs-heatwave-genetics/MHW298_trimmed_clipped_R1_paired.fq.gz ../data/trimmed-fastqs-heatwave-genetics/MHW298_trimmed_clipped_R2_paired.fq.gz
[main] Real time: 2869.145 sec; CPU: 113422.778 sec
