[M::bwa_idx_load_from_disk] read 0 ALT contigs
[M::process] read 2813488 sequences (400000246 bp)...
[M::process] read 2809318 sequences (400000273 bp)...
[M::mem_pestat] # candidate unique pairs for (FF, FR, RF, RR): (6, 775220, 73, 8)
[M::mem_pestat] skip orientation FF as there are not enough pairs
[M::mem_pestat] analyzing insert size distribution for orientation FR...
[M::mem_pestat] (25, 50, 75) percentile: (164, 194, 287)
[M::mem_pestat] low and high boundaries for computing mean and std.dev: (1, 533)
[M::mem_pestat] mean and std.dev: (226.05, 86.65)
[M::mem_pestat] low and high boundaries for proper pairs: (1, 656)
[M::mem_pestat] analyzing insert size distribution for orientation RF...
[M::mem_pestat] (25, 50, 75) percentile: (128, 223, 1280)
[M::mem_pestat] low and high boundaries for computing mean and std.dev: (1, 3584)
[M::mem_pestat] mean and std.dev: (439.32, 642.72)
[M::mem_pestat] low and high boundaries for proper pairs: (1, 4736)
[M::mem_pestat] skip orientation RR as there are not enough pairs
[M::mem_pestat] skip orientation RF
[M::mem_process_seqs] Processed 2813488 reads in 3119.209 CPU sec, 78.214 real sec
[M::process] read 2804522 sequences (400000078 bp)...
[M::mem_pestat] # candidate unique pairs for (FF, FR, RF, RR): (2, 776368, 77, 7)
[M::mem_pestat] skip orientation FF as there are not enough pairs
[M::mem_pestat] analyzing insert size distribution for orientation FR...
[M::mem_pestat] (25, 50, 75) percentile: (165, 197, 293)
[M::mem_pestat] low and high boundaries for computing mean and std.dev: (1, 549)
[M::mem_pestat] mean and std.dev: (229.45, 88.40)
[M::mem_pestat] low and high boundaries for proper pairs: (1, 677)
[M::mem_pestat] analyzing insert size distribution for orientation RF...
[M::mem_pestat] (25, 50, 75) percentile: (69, 242, 1220)
[M::mem_pestat] low and high boundaries for computing mean and std.dev: (1, 3522)
[M::mem_pestat] mean and std.dev: (512.81, 640.90)
[M::mem_pestat] low and high boundaries for proper pairs: (1, 4673)
[M::mem_pestat] skip orientation RR as there are not enough pairs
[M::mem_pestat] skip orientation RF
[M::mem_process_seqs] Processed 2809318 reads in 3243.364 CPU sec, 81.358 real sec
[M::process] read 2810000 sequences (400000277 bp)...
[M::mem_pestat] # candidate unique pairs for (FF, FR, RF, RR): (3, 777481, 57, 5)
[M::mem_pestat] skip orientation FF as there are not enough pairs
[M::mem_pestat] analyzing insert size distribution for orientation FR...
[M::mem_pestat] (25, 50, 75) percentile: (165, 198, 294)
[M::mem_pestat] low and high boundaries for computing mean and std.dev: (1, 552)
[M::mem_pestat] mean and std.dev: (230.50, 88.89)
[M::mem_pestat] low and high boundaries for proper pairs: (1, 681)
[M::mem_pestat] analyzing insert size distribution for orientation RF...
[M::mem_pestat] (25, 50, 75) percentile: (223, 239, 1473)
[M::mem_pestat] low and high boundaries for computing mean and std.dev: (1, 3973)
[M::mem_pestat] mean and std.dev: (568.35, 732.10)
[M::mem_pestat] low and high boundaries for proper pairs: (1, 5223)
[M::mem_pestat] skip orientation RR as there are not enough pairs
[M::mem_pestat] skip orientation RF
[M::mem_process_seqs] Processed 2804522 reads in 3257.730 CPU sec, 81.691 real sec
[M::process] read 2802562 sequences (400000287 bp)...
[M::mem_pestat] # candidate unique pairs for (FF, FR, RF, RR): (7, 776251, 53, 10)
[M::mem_pestat] skip orientation FF as there are not enough pairs
[M::mem_pestat] analyzing insert size distribution for orientation FR...
[M::mem_pestat] (25, 50, 75) percentile: (164, 196, 290)
[M::mem_pestat] low and high boundaries for computing mean and std.dev: (1, 542)
[M::mem_pestat] mean and std.dev: (227.86, 87.44)
[M::mem_pestat] low and high boundaries for proper pairs: (1, 668)
[M::mem_pestat] analyzing insert size distribution for orientation RF...
[M::mem_pestat] (25, 50, 75) percentile: (223, 328, 1506)
[M::mem_pestat] low and high boundaries for computing mean and std.dev: (1, 4072)
[M::mem_pestat] mean and std.dev: (697.04, 786.91)
[M::mem_pestat] low and high boundaries for proper pairs: (1, 5355)
[M::mem_pestat] analyzing insert size distribution for orientation RR...
[M::mem_pestat] (25, 50, 75) percentile: (59, 1857, 1857)
[M::mem_pestat] low and high boundaries for computing mean and std.dev: (1, 5453)
[M::mem_pestat] mean and std.dev: (1198.30, 1053.41)
[M::mem_pestat] low and high boundaries for proper pairs: (1, 7251)
[M::mem_pestat] skip orientation RF
[M::mem_pestat] skip orientation RR
[M::mem_process_seqs] Processed 2810000 reads in 3262.452 CPU sec, 82.014 real sec
[M::process] read 2806240 sequences (400000041 bp)...
[M::mem_pestat] # candidate unique pairs for (FF, FR, RF, RR): (4, 778282, 77, 6)
[M::mem_pestat] skip orientation FF as there are not enough pairs
[M::mem_pestat] analyzing insert size distribution for orientation FR...
[M::mem_pestat] (25, 50, 75) percentile: (166, 201, 298)
[M::mem_pestat] low and high boundaries for computing mean and std.dev: (1, 562)
[M::mem_pestat] mean and std.dev: (232.94, 89.97)
[M::mem_pestat] low and high boundaries for proper pairs: (1, 694)
[M::mem_pestat] analyzing insert size distribution for orientation RF...
[M::mem_pestat] (25, 50, 75) percentile: (173, 223, 906)
[M::mem_pestat] low and high boundaries for computing mean and std.dev: (1, 2372)
[M::mem_pestat] mean and std.dev: (352.79, 394.43)
[M::mem_pestat] low and high boundaries for proper pairs: (1, 3105)
[M::mem_pestat] skip orientation RR as there are not enough pairs
[M::mem_pestat] skip orientation RF
[M::mem_process_seqs] Processed 2802562 reads in 3260.826 CPU sec, 81.754 real sec
[M::process] read 2809236 sequences (400000183 bp)...
[M::mem_pestat] # candidate unique pairs for (FF, FR, RF, RR): (9, 777538, 69, 8)
[M::mem_pestat] skip orientation FF as there are not enough pairs
[M::mem_pestat] analyzing insert size distribution for orientation FR...
[M::mem_pestat] (25, 50, 75) percentile: (164, 195, 289)
[M::mem_pestat] low and high boundaries for computing mean and std.dev: (1, 539)
[M::mem_pestat] mean and std.dev: (226.83, 87.06)
[M::mem_pestat] low and high boundaries for proper pairs: (1, 664)
[M::mem_pestat] analyzing insert size distribution for orientation RF...
[M::mem_pestat] (25, 50, 75) percentile: (189, 365, 1491)
[M::mem_pestat] low and high boundaries for computing mean and std.dev: (1, 4095)
[M::mem_pestat] mean and std.dev: (637.28, 736.72)
[M::mem_pestat] low and high boundaries for proper pairs: (1, 5397)
[M::mem_pestat] skip orientation RR as there are not enough pairs
[M::mem_pestat] skip orientation RF
[M::mem_process_seqs] Processed 2806240 reads in 3215.161 CPU sec, 80.433 real sec
[M::process] read 2829232 sequences (400000037 bp)...
[M::mem_pestat] # candidate unique pairs for (FF, FR, RF, RR): (7, 775740, 93, 10)
[M::mem_pestat] skip orientation FF as there are not enough pairs
[M::mem_pestat] analyzing insert size distribution for orientation FR...
[M::mem_pestat] (25, 50, 75) percentile: (166, 201, 298)
[M::mem_pestat] low and high boundaries for computing mean and std.dev: (1, 562)
[M::mem_pestat] mean and std.dev: (233.15, 90.18)
[M::mem_pestat] low and high boundaries for proper pairs: (1, 694)
[M::mem_pestat] analyzing insert size distribution for orientation RF...
[M::mem_pestat] (25, 50, 75) percentile: (198, 368, 2187)
[M::mem_pestat] low and high boundaries for computing mean and std.dev: (1, 6165)
[M::mem_pestat] mean and std.dev: (682.46, 937.56)
[M::mem_pestat] low and high boundaries for proper pairs: (1, 8154)
[M::mem_pestat] analyzing insert size distribution for orientation RR...
[M::mem_pestat] (25, 50, 75) percentile: (383, 3991, 4398)
[M::mem_pestat] low and high boundaries for computing mean and std.dev: (1, 12428)
[M::mem_pestat] mean and std.dev: (3583.90, 2739.08)
[M::mem_pestat] low and high boundaries for proper pairs: (1, 16443)
[M::mem_pestat] skip orientation RF
[M::mem_pestat] skip orientation RR
[M::mem_process_seqs] Processed 2809236 reads in 3281.254 CPU sec, 82.488 real sec
[M::process] read 2829030 sequences (400000209 bp)...
[M::mem_pestat] # candidate unique pairs for (FF, FR, RF, RR): (15, 776205, 71, 1)
[M::mem_pestat] analyzing insert size distribution for orientation FF...
[M::mem_pestat] (25, 50, 75) percentile: (1278, 2862, 9255)
[M::mem_pestat] low and high boundaries for computing mean and std.dev: (1, 25209)
[M::mem_pestat] mean and std.dev: (4328.07, 3794.47)
[M::mem_pestat] low and high boundaries for proper pairs: (1, 33186)
[M::mem_pestat] analyzing insert size distribution for orientation FR...
[M::mem_pestat] (25, 50, 75) percentile: (165, 198, 295)
[M::mem_pestat] low and high boundaries for computing mean and std.dev: (1, 555)
[M::mem_pestat] mean and std.dev: (231.11, 89.59)
[M::mem_pestat] low and high boundaries for proper pairs: (1, 685)
[M::mem_pestat] analyzing insert size distribution for orientation RF...
[M::mem_pestat] (25, 50, 75) percentile: (154, 266, 740)
[M::mem_pestat] low and high boundaries for computing mean and std.dev: (1, 1912)
[M::mem_pestat] mean and std.dev: (406.00, 366.32)
[M::mem_pestat] low and high boundaries for proper pairs: (1, 2498)
[M::mem_pestat] skip orientation RR as there are not enough pairs
[M::mem_pestat] skip orientation FF
[M::mem_pestat] skip orientation RF
[M::mem_process_seqs] Processed 2829232 reads in 3270.607 CPU sec, 81.801 real sec
[M::process] read 2818850 sequences (400000229 bp)...
[M::mem_pestat] # candidate unique pairs for (FF, FR, RF, RR): (6, 776069, 62, 14)
[M::mem_pestat] skip orientation FF as there are not enough pairs
[M::mem_pestat] analyzing insert size distribution for orientation FR...
[M::mem_pestat] (25, 50, 75) percentile: (165, 198, 296)
[M::mem_pestat] low and high boundaries for computing mean and std.dev: (1, 558)
[M::mem_pestat] mean and std.dev: (231.52, 90.18)
[M::mem_pestat] low and high boundaries for proper pairs: (1, 689)
[M::mem_pestat] analyzing insert size distribution for orientation RF...
[M::mem_pestat] (25, 50, 75) percentile: (223, 425, 2042)
[M::mem_pestat] low and high boundaries for computing mean and std.dev: (1, 5680)
[M::mem_pestat] mean and std.dev: (1068.02, 1247.72)
[M::mem_pestat] low and high boundaries for proper pairs: (1, 7499)
[M::mem_pestat] analyzing insert size distribution for orientation RR...
[M::mem_pestat] (25, 50, 75) percentile: (337, 2605, 4957)
[M::mem_pestat] low and high boundaries for computing mean and std.dev: (1, 14197)
[M::mem_pestat] mean and std.dev: (2502.64, 2417.67)
[M::mem_pestat] low and high boundaries for proper pairs: (1, 18817)
[M::mem_pestat] skip orientation RF
[M::mem_pestat] skip orientation RR
[M::mem_process_seqs] Processed 2829030 reads in 3307.716 CPU sec, 83.152 real sec
[M::process] read 2827302 sequences (400000052 bp)...
[M::mem_pestat] # candidate unique pairs for (FF, FR, RF, RR): (11, 778092, 85, 5)
[M::mem_pestat] analyzing insert size distribution for orientation FF...
[M::mem_pestat] (25, 50, 75) percentile: (885, 1070, 4581)
[M::mem_pestat] low and high boundaries for computing mean and std.dev: (1, 11973)
[M::mem_pestat] mean and std.dev: (2265.18, 1821.27)
[M::mem_pestat] low and high boundaries for proper pairs: (1, 15669)
[M::mem_pestat] analyzing insert size distribution for orientation FR...
[M::mem_pestat] (25, 50, 75) percentile: (165, 200, 298)
[M::mem_pestat] low and high boundaries for computing mean and std.dev: (1, 564)
[M::mem_pestat] mean and std.dev: (232.95, 91.08)
[M::mem_pestat] low and high boundaries for proper pairs: (1, 697)
[M::mem_pestat] analyzing insert size distribution for orientation RF...
[M::mem_pestat] (25, 50, 75) percentile: (200, 223, 919)
[M::mem_pestat] low and high boundaries for computing mean and std.dev: (1, 2357)
[M::mem_pestat] mean and std.dev: (440.79, 537.18)
[M::mem_pestat] low and high boundaries for proper pairs: (1, 3076)
[M::mem_pestat] skip orientation RR as there are not enough pairs
[M::mem_pestat] skip orientation FF
[M::mem_pestat] skip orientation RF
[M::mem_process_seqs] Processed 2818850 reads in 3262.379 CPU sec, 81.664 real sec
[M::process] read 2828416 sequences (400000207 bp)...
[M::mem_pestat] # candidate unique pairs for (FF, FR, RF, RR): (6, 773733, 81, 7)
[M::mem_pestat] skip orientation FF as there are not enough pairs
[M::mem_pestat] analyzing insert size distribution for orientation FR...
[M::mem_pestat] (25, 50, 75) percentile: (165, 198, 295)
[M::mem_pestat] low and high boundaries for computing mean and std.dev: (1, 555)
[M::mem_pestat] mean and std.dev: (230.58, 89.39)
[M::mem_pestat] low and high boundaries for proper pairs: (1, 685)
[M::mem_pestat] analyzing insert size distribution for orientation RF...
[M::mem_pestat] (25, 50, 75) percentile: (128, 370, 2167)
[M::mem_pestat] low and high boundaries for computing mean and std.dev: (1, 6245)
[M::mem_pestat] mean and std.dev: (903.25, 1269.23)
[M::mem_pestat] low and high boundaries for proper pairs: (1, 8284)
[M::mem_pestat] skip orientation RR as there are not enough pairs
[M::mem_pestat] skip orientation RF
[M::mem_process_seqs] Processed 2827302 reads in 3265.634 CPU sec, 81.904 real sec
[M::process] read 2815028 sequences (400000083 bp)...
[M::mem_pestat] # candidate unique pairs for (FF, FR, RF, RR): (7, 777861, 64, 4)
[M::mem_pestat] skip orientation FF as there are not enough pairs
[M::mem_pestat] analyzing insert size distribution for orientation FR...
[M::mem_pestat] (25, 50, 75) percentile: (165, 198, 295)
[M::mem_pestat] low and high boundaries for computing mean and std.dev: (1, 555)
[M::mem_pestat] mean and std.dev: (230.66, 89.63)
[M::mem_pestat] low and high boundaries for proper pairs: (1, 685)
[M::mem_pestat] analyzing insert size distribution for orientation RF...
[M::mem_pestat] (25, 50, 75) percentile: (182, 224, 1474)
[M::mem_pestat] low and high boundaries for computing mean and std.dev: (1, 4058)
[M::mem_pestat] mean and std.dev: (522.51, 660.80)
[M::mem_pestat] low and high boundaries for proper pairs: (1, 5350)
[M::mem_pestat] skip orientation RR as there are not enough pairs
[M::mem_pestat] skip orientation RF
[M::mem_process_seqs] Processed 2828416 reads in 3333.198 CPU sec, 83.771 real sec
[M::process] read 2808418 sequences (400000203 bp)...
[M::mem_pestat] # candidate unique pairs for (FF, FR, RF, RR): (4, 777582, 82, 1)
[M::mem_pestat] skip orientation FF as there are not enough pairs
[M::mem_pestat] analyzing insert size distribution for orientation FR...
[M::mem_pestat] (25, 50, 75) percentile: (165, 199, 296)
[M::mem_pestat] low and high boundaries for computing mean and std.dev: (1, 558)
[M::mem_pestat] mean and std.dev: (231.84, 90.27)
[M::mem_pestat] low and high boundaries for proper pairs: (1, 689)
[M::mem_pestat] analyzing insert size distribution for orientation RF...
[M::mem_pestat] (25, 50, 75) percentile: (128, 376, 2104)
[M::mem_pestat] low and high boundaries for computing mean and std.dev: (1, 6056)
[M::mem_pestat] mean and std.dev: (876.95, 1311.12)
[M::mem_pestat] low and high boundaries for proper pairs: (1, 8032)
[M::mem_pestat] skip orientation RR as there are not enough pairs
[M::mem_pestat] skip orientation RF
[M::mem_process_seqs] Processed 2815028 reads in 3271.038 CPU sec, 82.007 real sec
[M::process] read 2802918 sequences (400000126 bp)...
[M::mem_pestat] # candidate unique pairs for (FF, FR, RF, RR): (9, 776309, 78, 5)
[M::mem_pestat] skip orientation FF as there are not enough pairs
[M::mem_pestat] analyzing insert size distribution for orientation FR...
[M::mem_pestat] (25, 50, 75) percentile: (165, 197, 293)
[M::mem_pestat] low and high boundaries for computing mean and std.dev: (1, 549)
[M::mem_pestat] mean and std.dev: (229.63, 88.74)
[M::mem_pestat] low and high boundaries for proper pairs: (1, 677)
[M::mem_pestat] analyzing insert size distribution for orientation RF...
[M::mem_pestat] (25, 50, 75) percentile: (194, 227, 1040)
[M::mem_pestat] low and high boundaries for computing mean and std.dev: (1, 2732)
[M::mem_pestat] mean and std.dev: (461.88, 515.20)
[M::mem_pestat] low and high boundaries for proper pairs: (1, 3578)
[M::mem_pestat] skip orientation RR as there are not enough pairs
[M::mem_pestat] skip orientation RF
[M::mem_process_seqs] Processed 2808418 reads in 3248.709 CPU sec, 81.458 real sec
[M::process] read 2802300 sequences (400000275 bp)...
[M::mem_pestat] # candidate unique pairs for (FF, FR, RF, RR): (5, 778213, 80, 9)
[M::mem_pestat] skip orientation FF as there are not enough pairs
[M::mem_pestat] analyzing insert size distribution for orientation FR...
[M::mem_pestat] (25, 50, 75) percentile: (166, 200, 296)
[M::mem_pestat] low and high boundaries for computing mean and std.dev: (1, 556)
[M::mem_pestat] mean and std.dev: (232.04, 89.35)
[M::mem_pestat] low and high boundaries for proper pairs: (1, 686)
[M::mem_pestat] analyzing insert size distribution for orientation RF...
[M::mem_pestat] (25, 50, 75) percentile: (134, 223, 740)
[M::mem_pestat] low and high boundaries for computing mean and std.dev: (1, 1952)
[M::mem_pestat] mean and std.dev: (369.13, 457.18)
[M::mem_pestat] low and high boundaries for proper pairs: (1, 2558)
[M::mem_pestat] skip orientation RR as there are not enough pairs
[M::mem_pestat] skip orientation RF
[M::mem_process_seqs] Processed 2802918 reads in 3237.289 CPU sec, 81.005 real sec
[M::process] read 2806124 sequences (400000026 bp)...
[M::mem_pestat] # candidate unique pairs for (FF, FR, RF, RR): (6, 776410, 58, 11)
[M::mem_pestat] skip orientation FF as there are not enough pairs
[M::mem_pestat] analyzing insert size distribution for orientation FR...
[M::mem_pestat] (25, 50, 75) percentile: (165, 197, 293)
[M::mem_pestat] low and high boundaries for computing mean and std.dev: (1, 549)
[M::mem_pestat] mean and std.dev: (229.78, 88.33)
[M::mem_pestat] low and high boundaries for proper pairs: (1, 677)
[M::mem_pestat] analyzing insert size distribution for orientation RF...
[M::mem_pestat] (25, 50, 75) percentile: (159, 355, 1443)
[M::mem_pestat] low and high boundaries for computing mean and std.dev: (1, 4011)
[M::mem_pestat] mean and std.dev: (772.02, 1049.30)
[M::mem_pestat] low and high boundaries for proper pairs: (1, 5295)
[M::mem_pestat] analyzing insert size distribution for orientation RR...
[M::mem_pestat] (25, 50, 75) percentile: (278, 284, 3191)
[M::mem_pestat] low and high boundaries for computing mean and std.dev: (1, 9017)
[M::mem_pestat] mean and std.dev: (1080.73, 1326.18)
[M::mem_pestat] low and high boundaries for proper pairs: (1, 11930)
[M::mem_pestat] skip orientation RF
[M::mem_pestat] skip orientation RR
[M::mem_process_seqs] Processed 2802300 reads in 3226.666 CPU sec, 80.929 real sec
[M::process] read 2801936 sequences (400000042 bp)...
[M::mem_pestat] # candidate unique pairs for (FF, FR, RF, RR): (14, 777899, 78, 3)
[M::mem_pestat] analyzing insert size distribution for orientation FF...
[M::mem_pestat] (25, 50, 75) percentile: (297, 1676, 1941)
[M::mem_pestat] low and high boundaries for computing mean and std.dev: (1, 5229)
[M::mem_pestat] mean and std.dev: (1448.15, 1543.27)
[M::mem_pestat] low and high boundaries for proper pairs: (1, 7621)
[M::mem_pestat] analyzing insert size distribution for orientation FR...
[M::mem_pestat] (25, 50, 75) percentile: (165, 197, 294)
[M::mem_pestat] low and high boundaries for computing mean and std.dev: (1, 552)
[M::mem_pestat] mean and std.dev: (230.14, 88.80)
[M::mem_pestat] low and high boundaries for proper pairs: (1, 681)
[M::mem_pestat] analyzing insert size distribution for orientation RF...
[M::mem_pestat] (25, 50, 75) percentile: (159, 224, 978)
[M::mem_pestat] low and high boundaries for computing mean and std.dev: (1, 2616)
[M::mem_pestat] mean and std.dev: (503.20, 582.26)
[M::mem_pestat] low and high boundaries for proper pairs: (1, 3435)
[M::mem_pestat] skip orientation RR as there are not enough pairs
[M::mem_pestat] skip orientation FF
[M::mem_pestat] skip orientation RF
[M::mem_process_seqs] Processed 2806124 reads in 3263.140 CPU sec, 82.048 real sec
[M::process] read 2798016 sequences (400000160 bp)...
[M::mem_pestat] # candidate unique pairs for (FF, FR, RF, RR): (7, 775620, 70, 4)
[M::mem_pestat] skip orientation FF as there are not enough pairs
[M::mem_pestat] analyzing insert size distribution for orientation FR...
[M::mem_pestat] (25, 50, 75) percentile: (166, 201, 298)
[M::mem_pestat] low and high boundaries for computing mean and std.dev: (1, 562)
[M::mem_pestat] mean and std.dev: (233.12, 90.09)
[M::mem_pestat] low and high boundaries for proper pairs: (1, 694)
[M::mem_pestat] analyzing insert size distribution for orientation RF...
[M::mem_pestat] (25, 50, 75) percentile: (223, 409, 2247)
[M::mem_pestat] low and high boundaries for computing mean and std.dev: (1, 6295)
[M::mem_pestat] mean and std.dev: (991.44, 1274.25)
[M::mem_pestat] low and high boundaries for proper pairs: (1, 8319)
[M::mem_pestat] skip orientation RR as there are not enough pairs
[M::mem_pestat] skip orientation RF
[M::mem_process_seqs] Processed 2801936 reads in 3508.293 CPU sec, 93.719 real sec
[M::process] read 2803286 sequences (400000090 bp)...
[M::mem_pestat] # candidate unique pairs for (FF, FR, RF, RR): (12, 774677, 72, 8)
[M::mem_pestat] analyzing insert size distribution for orientation FF...
[M::mem_pestat] (25, 50, 75) percentile: (325, 2653, 2859)
[M::mem_pestat] low and high boundaries for computing mean and std.dev: (1, 7927)
[M::mem_pestat] mean and std.dev: (2177.25, 2072.57)
[M::mem_pestat] low and high boundaries for proper pairs: (1, 10468)
[M::mem_pestat] analyzing insert size distribution for orientation FR...
[M::mem_pestat] (25, 50, 75) percentile: (165, 199, 296)
[M::mem_pestat] low and high boundaries for computing mean and std.dev: (1, 558)
[M::mem_pestat] mean and std.dev: (231.56, 89.83)
[M::mem_pestat] low and high boundaries for proper pairs: (1, 689)
[M::mem_pestat] analyzing insert size distribution for orientation RF...
[M::mem_pestat] (25, 50, 75) percentile: (159, 578, 2742)
[M::mem_pestat] low and high boundaries for computing mean and std.dev: (1, 7908)
[M::mem_pestat] mean and std.dev: (1158.99, 1533.58)
[M::mem_pestat] low and high boundaries for proper pairs: (1, 10491)
[M::mem_pestat] skip orientation RR as there are not enough pairs
[M::mem_pestat] skip orientation FF
[M::mem_pestat] skip orientation RF
[M::mem_process_seqs] Processed 2798016 reads in 3230.445 CPU sec, 81.219 real sec
[M::process] read 2825574 sequences (400000041 bp)...
[M::mem_pestat] # candidate unique pairs for (FF, FR, RF, RR): (13, 776476, 75, 11)
[M::mem_pestat] analyzing insert size distribution for orientation FF...
[M::mem_pestat] (25, 50, 75) percentile: (194, 336, 1422)
[M::mem_pestat] low and high boundaries for computing mean and std.dev: (1, 3878)
[M::mem_pestat] mean and std.dev: (788.75, 779.32)
[M::mem_pestat] low and high boundaries for proper pairs: (1, 5106)
[M::mem_pestat] analyzing insert size distribution for orientation FR...
[M::mem_pestat] (25, 50, 75) percentile: (166, 200, 297)
[M::mem_pestat] low and high boundaries for computing mean and std.dev: (1, 559)
[M::mem_pestat] mean and std.dev: (232.52, 89.97)
[M::mem_pestat] low and high boundaries for proper pairs: (1, 690)
[M::mem_pestat] analyzing insert size distribution for orientation RF...
[M::mem_pestat] (25, 50, 75) percentile: (223, 345, 810)
[M::mem_pestat] low and high boundaries for computing mean and std.dev: (1, 1984)
[M::mem_pestat] mean and std.dev: (431.81, 396.23)
[M::mem_pestat] low and high boundaries for proper pairs: (1, 2571)
[M::mem_pestat] analyzing insert size distribution for orientation RR...
[M::mem_pestat] (25, 50, 75) percentile: (165, 1644, 3076)
[M::mem_pestat] low and high boundaries for computing mean and std.dev: (1, 8898)
[M::mem_pestat] mean and std.dev: (1925.18, 1839.55)
[M::mem_pestat] low and high boundaries for proper pairs: (1, 11809)
[M::mem_pestat] skip orientation FF
[M::mem_pestat] skip orientation RF
[M::mem_pestat] skip orientation RR
[M::mem_process_seqs] Processed 2803286 reads in 3268.474 CPU sec, 81.778 real sec
[M::process] read 2826314 sequences (400000013 bp)...
[M::mem_pestat] # candidate unique pairs for (FF, FR, RF, RR): (3, 774357, 76, 4)
[M::mem_pestat] skip orientation FF as there are not enough pairs
[M::mem_pestat] analyzing insert size distribution for orientation FR...
[M::mem_pestat] (25, 50, 75) percentile: (165, 198, 296)
[M::mem_pestat] low and high boundaries for computing mean and std.dev: (1, 558)
[M::mem_pestat] mean and std.dev: (231.52, 89.94)
[M::mem_pestat] low and high boundaries for proper pairs: (1, 689)
[M::mem_pestat] analyzing insert size distribution for orientation RF...
[M::mem_pestat] (25, 50, 75) percentile: (222, 338, 1068)
[M::mem_pestat] low and high boundaries for computing mean and std.dev: (1, 2760)
[M::mem_pestat] mean and std.dev: (499.39, 571.65)
[M::mem_pestat] low and high boundaries for proper pairs: (1, 3606)
[M::mem_pestat] skip orientation RR as there are not enough pairs
[M::mem_pestat] skip orientation RF
[M::mem_process_seqs] Processed 2825574 reads in 3249.622 CPU sec, 81.712 real sec
[M::process] read 2818496 sequences (400000014 bp)...
[M::mem_pestat] # candidate unique pairs for (FF, FR, RF, RR): (16, 775687, 73, 11)
[M::mem_pestat] analyzing insert size distribution for orientation FF...
[M::mem_pestat] (25, 50, 75) percentile: (209, 1603, 3988)
[M::mem_pestat] low and high boundaries for computing mean and std.dev: (1, 11546)
[M::mem_pestat] mean and std.dev: (2217.62, 2484.19)
[M::mem_pestat] low and high boundaries for proper pairs: (1, 15325)
[M::mem_pestat] analyzing insert size distribution for orientation FR...
[M::mem_pestat] (25, 50, 75) percentile: (165, 200, 298)
[M::mem_pestat] low and high boundaries for computing mean and std.dev: (1, 564)
[M::mem_pestat] mean and std.dev: (232.67, 90.58)
[M::mem_pestat] low and high boundaries for proper pairs: (1, 697)
[M::mem_pestat] analyzing insert size distribution for orientation RF...
[M::mem_pestat] (25, 50, 75) percentile: (203, 224, 2326)
[M::mem_pestat] low and high boundaries for computing mean and std.dev: (1, 6572)
[M::mem_pestat] mean and std.dev: (1132.64, 1381.88)
[M::mem_pestat] low and high boundaries for proper pairs: (1, 8695)
[M::mem_pestat] analyzing insert size distribution for orientation RR...
[M::mem_pestat] (25, 50, 75) percentile: (542, 1163, 4463)
[M::mem_pestat] low and high boundaries for computing mean and std.dev: (1, 12305)
[M::mem_pestat] mean and std.dev: (2235.64, 2490.94)
[M::mem_pestat] low and high boundaries for proper pairs: (1, 16226)
[M::mem_pestat] skip orientation FF
[M::mem_pestat] skip orientation RF
[M::mem_pestat] skip orientation RR
[M::mem_process_seqs] Processed 2826314 reads in 3286.714 CPU sec, 82.219 real sec
[M::process] read 2827256 sequences (400000032 bp)...
[M::mem_pestat] # candidate unique pairs for (FF, FR, RF, RR): (7, 778672, 78, 2)
[M::mem_pestat] skip orientation FF as there are not enough pairs
[M::mem_pestat] analyzing insert size distribution for orientation FR...
[M::mem_pestat] (25, 50, 75) percentile: (165, 198, 295)
[M::mem_pestat] low and high boundaries for computing mean and std.dev: (1, 555)
[M::mem_pestat] mean and std.dev: (231.20, 89.62)
[M::mem_pestat] low and high boundaries for proper pairs: (1, 685)
[M::mem_pestat] analyzing insert size distribution for orientation RF...
[M::mem_pestat] (25, 50, 75) percentile: (223, 418, 1691)
[M::mem_pestat] low and high boundaries for computing mean and std.dev: (1, 4627)
[M::mem_pestat] mean and std.dev: (902.32, 1009.88)
[M::mem_pestat] low and high boundaries for proper pairs: (1, 6095)
[M::mem_pestat] skip orientation RR as there are not enough pairs
[M::mem_pestat] skip orientation RF
[M::mem_process_seqs] Processed 2818496 reads in 3249.904 CPU sec, 81.758 real sec
[M::process] read 2822100 sequences (400000066 bp)...
[M::mem_pestat] # candidate unique pairs for (FF, FR, RF, RR): (7, 774222, 61, 8)
[M::mem_pestat] skip orientation FF as there are not enough pairs
[M::mem_pestat] analyzing insert size distribution for orientation FR...
[M::mem_pestat] (25, 50, 75) percentile: (165, 200, 297)
[M::mem_pestat] low and high boundaries for computing mean and std.dev: (1, 561)
[M::mem_pestat] mean and std.dev: (232.57, 90.58)
[M::mem_pestat] low and high boundaries for proper pairs: (1, 693)
[M::mem_pestat] analyzing insert size distribution for orientation RF...
[M::mem_pestat] (25, 50, 75) percentile: (118, 358, 1928)
[M::mem_pestat] low and high boundaries for computing mean and std.dev: (1, 5548)
[M::mem_pestat] mean and std.dev: (661.43, 896.72)
[M::mem_pestat] low and high boundaries for proper pairs: (1, 7358)
[M::mem_pestat] skip orientation RR as there are not enough pairs
[M::mem_pestat] skip orientation RF
[M::mem_process_seqs] Processed 2827256 reads in 3299.340 CPU sec, 82.782 real sec
[M::process] read 2807090 sequences (400000168 bp)...
[M::mem_pestat] # candidate unique pairs for (FF, FR, RF, RR): (12, 776802, 71, 6)
[M::mem_pestat] analyzing insert size distribution for orientation FF...
[M::mem_pestat] (25, 50, 75) percentile: (885, 983, 2654)
[M::mem_pestat] low and high boundaries for computing mean and std.dev: (1, 6192)
[M::mem_pestat] mean and std.dev: (1447.82, 1250.31)
[M::mem_pestat] low and high boundaries for proper pairs: (1, 7961)
[M::mem_pestat] analyzing insert size distribution for orientation FR...
[M::mem_pestat] (25, 50, 75) percentile: (165, 199, 297)
[M::mem_pestat] low and high boundaries for computing mean and std.dev: (1, 561)
[M::mem_pestat] mean and std.dev: (232.30, 90.57)
[M::mem_pestat] low and high boundaries for proper pairs: (1, 693)
[M::mem_pestat] analyzing insert size distribution for orientation RF...
[M::mem_pestat] (25, 50, 75) percentile: (134, 224, 1136)
[M::mem_pestat] low and high boundaries for computing mean and std.dev: (1, 3140)
[M::mem_pestat] mean and std.dev: (355.88, 461.92)
[M::mem_pestat] low and high boundaries for proper pairs: (1, 4142)
[M::mem_pestat] skip orientation RR as there are not enough pairs
[M::mem_pestat] skip orientation FF
[M::mem_pestat] skip orientation RF
[M::mem_process_seqs] Processed 2822100 reads in 3290.606 CPU sec, 82.492 real sec
[M::process] read 2810880 sequences (400000058 bp)...
[M::mem_pestat] # candidate unique pairs for (FF, FR, RF, RR): (6, 776911, 84, 7)
[M::mem_pestat] skip orientation FF as there are not enough pairs
[M::mem_pestat] analyzing insert size distribution for orientation FR...
[M::mem_pestat] (25, 50, 75) percentile: (165, 200, 298)
[M::mem_pestat] low and high boundaries for computing mean and std.dev: (1, 564)
[M::mem_pestat] mean and std.dev: (232.94, 91.03)
[M::mem_pestat] low and high boundaries for proper pairs: (1, 697)
[M::mem_pestat] analyzing insert size distribution for orientation RF...
[M::mem_pestat] (25, 50, 75) percentile: (223, 356, 2260)
[M::mem_pestat] low and high boundaries for computing mean and std.dev: (1, 6334)
[M::mem_pestat] mean and std.dev: (1183.16, 1611.52)
[M::mem_pestat] low and high boundaries for proper pairs: (1, 8371)
[M::mem_pestat] skip orientation RR as there are not enough pairs
[M::mem_pestat] skip orientation RF
[M::mem_process_seqs] Processed 2807090 reads in 3274.255 CPU sec, 81.919 real sec
[M::process] read 2807536 sequences (400000100 bp)...
[M::mem_pestat] # candidate unique pairs for (FF, FR, RF, RR): (4, 776619, 63, 5)
[M::mem_pestat] skip orientation FF as there are not enough pairs
[M::mem_pestat] analyzing insert size distribution for orientation FR...
[M::mem_pestat] (25, 50, 75) percentile: (164, 194, 287)
[M::mem_pestat] low and high boundaries for computing mean and std.dev: (1, 533)
[M::mem_pestat] mean and std.dev: (225.84, 85.71)
[M::mem_pestat] low and high boundaries for proper pairs: (1, 656)
[M::mem_pestat] analyzing insert size distribution for orientation RF...
[M::mem_pestat] (25, 50, 75) percentile: (172, 375, 1679)
[M::mem_pestat] low and high boundaries for computing mean and std.dev: (1, 4693)
[M::mem_pestat] mean and std.dev: (931.07, 1280.61)
[M::mem_pestat] low and high boundaries for proper pairs: (1, 6200)
[M::mem_pestat] skip orientation RR as there are not enough pairs
[M::mem_pestat] skip orientation RF
[M::mem_process_seqs] Processed 2810880 reads in 3248.157 CPU sec, 81.641 real sec
[M::process] read 2824364 sequences (400000124 bp)...
[M::mem_pestat] # candidate unique pairs for (FF, FR, RF, RR): (6, 777352, 64, 10)
[M::mem_pestat] skip orientation FF as there are not enough pairs
[M::mem_pestat] analyzing insert size distribution for orientation FR...
[M::mem_pestat] (25, 50, 75) percentile: (164, 194, 287)
[M::mem_pestat] low and high boundaries for computing mean and std.dev: (1, 533)
[M::mem_pestat] mean and std.dev: (225.59, 85.20)
[M::mem_pestat] low and high boundaries for proper pairs: (1, 656)
[M::mem_pestat] analyzing insert size distribution for orientation RF...
[M::mem_pestat] (25, 50, 75) percentile: (168, 224, 1501)
[M::mem_pestat] low and high boundaries for computing mean and std.dev: (1, 4167)
[M::mem_pestat] mean and std.dev: (650.50, 882.64)
[M::mem_pestat] low and high boundaries for proper pairs: (1, 5500)
[M::mem_pestat] analyzing insert size distribution for orientation RR...
[M::mem_pestat] (25, 50, 75) percentile: (1977, 1988, 3391)
[M::mem_pestat] low and high boundaries for computing mean and std.dev: (1, 6219)
[M::mem_pestat] mean and std.dev: (2189.67, 1029.94)
[M::mem_pestat] low and high boundaries for proper pairs: (1, 7633)
[M::mem_pestat] skip orientation RF
[M::mem_pestat] skip orientation RR
[M::mem_process_seqs] Processed 2807536 reads in 3271.261 CPU sec, 82.015 real sec
[M::process] read 2826542 sequences (400000133 bp)...
[M::mem_pestat] # candidate unique pairs for (FF, FR, RF, RR): (5, 776704, 63, 6)
[M::mem_pestat] skip orientation FF as there are not enough pairs
[M::mem_pestat] analyzing insert size distribution for orientation FR...
[M::mem_pestat] (25, 50, 75) percentile: (164, 194, 286)
[M::mem_pestat] low and high boundaries for computing mean and std.dev: (1, 530)
[M::mem_pestat] mean and std.dev: (225.05, 84.94)
[M::mem_pestat] low and high boundaries for proper pairs: (1, 652)
[M::mem_pestat] analyzing insert size distribution for orientation RF...
[M::mem_pestat] (25, 50, 75) percentile: (135, 223, 966)
[M::mem_pestat] low and high boundaries for computing mean and std.dev: (1, 2628)
[M::mem_pestat] mean and std.dev: (274.80, 351.67)
[M::mem_pestat] low and high boundaries for proper pairs: (1, 3459)
[M::mem_pestat] skip orientation RR as there are not enough pairs
[M::mem_pestat] skip orientation RF
[M::mem_process_seqs] Processed 2824364 reads in 3276.353 CPU sec, 82.187 real sec
[M::process] read 1172768 sequences (166550809 bp)...
[M::mem_pestat] # candidate unique pairs for (FF, FR, RF, RR): (10, 777905, 60, 2)
[M::mem_pestat] analyzing insert size distribution for orientation FF...
[M::mem_pestat] (25, 50, 75) percentile: (552, 3467, 4362)
[M::mem_pestat] low and high boundaries for computing mean and std.dev: (1, 11982)
[M::mem_pestat] mean and std.dev: (3500.40, 3308.73)
[M::mem_pestat] low and high boundaries for proper pairs: (1, 16735)
[M::mem_pestat] analyzing insert size distribution for orientation FR...
[M::mem_pestat] (25, 50, 75) percentile: (164, 192, 283)
[M::mem_pestat] low and high boundaries for computing mean and std.dev: (1, 521)
[M::mem_pestat] mean and std.dev: (223.35, 84.07)
[M::mem_pestat] low and high boundaries for proper pairs: (1, 640)
[M::mem_pestat] analyzing insert size distribution for orientation RF...
[M::mem_pestat] (25, 50, 75) percentile: (135, 223, 1100)
[M::mem_pestat] low and high boundaries for computing mean and std.dev: (1, 3030)
[M::mem_pestat] mean and std.dev: (528.07, 690.26)
[M::mem_pestat] low and high boundaries for proper pairs: (1, 3995)
[M::mem_pestat] skip orientation RR as there are not enough pairs
[M::mem_pestat] skip orientation FF
[M::mem_pestat] skip orientation RF
[M::mem_process_seqs] Processed 2826542 reads in 3275.134 CPU sec, 82.054 real sec
[M::mem_pestat] # candidate unique pairs for (FF, FR, RF, RR): (4, 323497, 28, 2)
[M::mem_pestat] skip orientation FF as there are not enough pairs
[M::mem_pestat] analyzing insert size distribution for orientation FR...
[M::mem_pestat] (25, 50, 75) percentile: (164, 193, 285)
[M::mem_pestat] low and high boundaries for computing mean and std.dev: (1, 527)
[M::mem_pestat] mean and std.dev: (224.33, 84.85)
[M::mem_pestat] low and high boundaries for proper pairs: (1, 648)
[M::mem_pestat] analyzing insert size distribution for orientation RF...
[M::mem_pestat] (25, 50, 75) percentile: (154, 223, 1767)
[M::mem_pestat] low and high boundaries for computing mean and std.dev: (1, 4993)
[M::mem_pestat] mean and std.dev: (601.27, 898.52)
[M::mem_pestat] low and high boundaries for proper pairs: (1, 6606)
[M::mem_pestat] skip orientation RR as there are not enough pairs
[M::mem_pestat] skip orientation RF
[M::mem_process_seqs] Processed 1172768 reads in 1415.310 CPU sec, 35.685 real sec
[main] Version: 0.7.17-r1188
[main] CMD: /home/shared/bwa-0.7.17/bwa mem -M -t 40 ../data/bwa-GCF_031168955.1_ASM3116895v1_genomic ../data/trimmed-fastqs-heatwave-genetics/MHW263_trimmed_clipped_R1_paired.fq.gz ../data/trimmed-fastqs-heatwave-genetics/MHW263_trimmed_clipped_R2_paired.fq.gz
[main] Real time: 2509.363 sec; CPU: 99477.988 sec
