[M::bwa_idx_load_from_disk] read 0 ALT contigs
[M::process] read 2860990 sequences (400000045 bp)...
[M::process] read 2854130 sequences (400000104 bp)...
[M::mem_pestat] # candidate unique pairs for (FF, FR, RF, RR): (5, 783212, 81, 4)
[M::mem_pestat] skip orientation FF as there are not enough pairs
[M::mem_pestat] analyzing insert size distribution for orientation FR...
[M::mem_pestat] (25, 50, 75) percentile: (164, 208, 276)
[M::mem_pestat] low and high boundaries for computing mean and std.dev: (1, 500)
[M::mem_pestat] mean and std.dev: (222.70, 84.65)
[M::mem_pestat] low and high boundaries for proper pairs: (1, 612)
[M::mem_pestat] analyzing insert size distribution for orientation RF...
[M::mem_pestat] (25, 50, 75) percentile: (223, 332, 3170)
[M::mem_pestat] low and high boundaries for computing mean and std.dev: (1, 9064)
[M::mem_pestat] mean and std.dev: (1691.77, 2534.06)
[M::mem_pestat] low and high boundaries for proper pairs: (1, 12011)
[M::mem_pestat] skip orientation RR as there are not enough pairs
[M::mem_pestat] skip orientation RF
[M::mem_process_seqs] Processed 2860990 reads in 3453.868 CPU sec, 86.600 real sec
[M::process] read 2849224 sequences (400000007 bp)...
[M::mem_pestat] # candidate unique pairs for (FF, FR, RF, RR): (7, 779304, 83, 5)
[M::mem_pestat] skip orientation FF as there are not enough pairs
[M::mem_pestat] analyzing insert size distribution for orientation FR...
[M::mem_pestat] (25, 50, 75) percentile: (167, 213, 282)
[M::mem_pestat] low and high boundaries for computing mean and std.dev: (1, 512)
[M::mem_pestat] mean and std.dev: (227.29, 86.14)
[M::mem_pestat] low and high boundaries for proper pairs: (1, 627)
[M::mem_pestat] analyzing insert size distribution for orientation RF...
[M::mem_pestat] (25, 50, 75) percentile: (126, 223, 2003)
[M::mem_pestat] low and high boundaries for computing mean and std.dev: (1, 5757)
[M::mem_pestat] mean and std.dev: (843.41, 1332.78)
[M::mem_pestat] low and high boundaries for proper pairs: (1, 7634)
[M::mem_pestat] skip orientation RR as there are not enough pairs
[M::mem_pestat] skip orientation RF
[M::mem_process_seqs] Processed 2854130 reads in 3646.714 CPU sec, 91.472 real sec
[M::process] read 2857120 sequences (400000202 bp)...
[M::mem_pestat] # candidate unique pairs for (FF, FR, RF, RR): (6, 780181, 87, 4)
[M::mem_pestat] skip orientation FF as there are not enough pairs
[M::mem_pestat] analyzing insert size distribution for orientation FR...
[M::mem_pestat] (25, 50, 75) percentile: (167, 212, 282)
[M::mem_pestat] low and high boundaries for computing mean and std.dev: (1, 512)
[M::mem_pestat] mean and std.dev: (226.68, 86.14)
[M::mem_pestat] low and high boundaries for proper pairs: (1, 627)
[M::mem_pestat] analyzing insert size distribution for orientation RF...
[M::mem_pestat] (25, 50, 75) percentile: (128, 223, 1259)
[M::mem_pestat] low and high boundaries for computing mean and std.dev: (1, 3521)
[M::mem_pestat] mean and std.dev: (463.88, 604.53)
[M::mem_pestat] low and high boundaries for proper pairs: (1, 4652)
[M::mem_pestat] skip orientation RR as there are not enough pairs
[M::mem_pestat] skip orientation RF
[M::mem_process_seqs] Processed 2849224 reads in 3604.185 CPU sec, 90.391 real sec
[M::process] read 2844250 sequences (400000168 bp)...
[M::mem_pestat] # candidate unique pairs for (FF, FR, RF, RR): (7, 781362, 72, 6)
[M::mem_pestat] skip orientation FF as there are not enough pairs
[M::mem_pestat] analyzing insert size distribution for orientation FR...
[M::mem_pestat] (25, 50, 75) percentile: (166, 210, 279)
[M::mem_pestat] low and high boundaries for computing mean and std.dev: (1, 505)
[M::mem_pestat] mean and std.dev: (224.58, 85.35)
[M::mem_pestat] low and high boundaries for proper pairs: (1, 618)
[M::mem_pestat] analyzing insert size distribution for orientation RF...
[M::mem_pestat] (25, 50, 75) percentile: (149, 254, 878)
[M::mem_pestat] low and high boundaries for computing mean and std.dev: (1, 2336)
[M::mem_pestat] mean and std.dev: (403.95, 439.42)
[M::mem_pestat] low and high boundaries for proper pairs: (1, 3065)
[M::mem_pestat] skip orientation RR as there are not enough pairs
[M::mem_pestat] skip orientation RF
[M::mem_process_seqs] Processed 2857120 reads in 3660.275 CPU sec, 91.993 real sec
[M::process] read 2855244 sequences (400000083 bp)...
[M::mem_pestat] # candidate unique pairs for (FF, FR, RF, RR): (6, 780277, 74, 7)
[M::mem_pestat] skip orientation FF as there are not enough pairs
[M::mem_pestat] analyzing insert size distribution for orientation FR...
[M::mem_pestat] (25, 50, 75) percentile: (169, 216, 286)
[M::mem_pestat] low and high boundaries for computing mean and std.dev: (1, 520)
[M::mem_pestat] mean and std.dev: (229.91, 87.15)
[M::mem_pestat] low and high boundaries for proper pairs: (1, 637)
[M::mem_pestat] analyzing insert size distribution for orientation RF...
[M::mem_pestat] (25, 50, 75) percentile: (188, 226, 1140)
[M::mem_pestat] low and high boundaries for computing mean and std.dev: (1, 3044)
[M::mem_pestat] mean and std.dev: (540.14, 778.18)
[M::mem_pestat] low and high boundaries for proper pairs: (1, 3996)
[M::mem_pestat] skip orientation RR as there are not enough pairs
[M::mem_pestat] skip orientation RF
[M::mem_process_seqs] Processed 2844250 reads in 3652.753 CPU sec, 91.645 real sec
[M::process] read 2849022 sequences (400000038 bp)...
[M::mem_pestat] # candidate unique pairs for (FF, FR, RF, RR): (10, 782535, 73, 4)
[M::mem_pestat] analyzing insert size distribution for orientation FF...
[M::mem_pestat] (25, 50, 75) percentile: (57, 353, 2907)
[M::mem_pestat] low and high boundaries for computing mean and std.dev: (1, 8607)
[M::mem_pestat] mean and std.dev: (1380.78, 2071.60)
[M::mem_pestat] low and high boundaries for proper pairs: (1, 11457)
[M::mem_pestat] analyzing insert size distribution for orientation FR...
[M::mem_pestat] (25, 50, 75) percentile: (165, 209, 278)
[M::mem_pestat] low and high boundaries for computing mean and std.dev: (1, 504)
[M::mem_pestat] mean and std.dev: (223.65, 85.03)
[M::mem_pestat] low and high boundaries for proper pairs: (1, 617)
[M::mem_pestat] analyzing insert size distribution for orientation RF...
[M::mem_pestat] (25, 50, 75) percentile: (223, 224, 919)
[M::mem_pestat] low and high boundaries for computing mean and std.dev: (1, 2311)
[M::mem_pestat] mean and std.dev: (382.26, 393.14)
[M::mem_pestat] low and high boundaries for proper pairs: (1, 3007)
[M::mem_pestat] skip orientation RR as there are not enough pairs
[M::mem_pestat] skip orientation FF
[M::mem_pestat] skip orientation RF
[M::mem_process_seqs] Processed 2855244 reads in 3596.709 CPU sec, 90.191 real sec
[M::process] read 2874668 sequences (400000207 bp)...
[M::mem_pestat] # candidate unique pairs for (FF, FR, RF, RR): (6, 779657, 90, 11)
[M::mem_pestat] skip orientation FF as there are not enough pairs
[M::mem_pestat] analyzing insert size distribution for orientation FR...
[M::mem_pestat] (25, 50, 75) percentile: (169, 216, 286)
[M::mem_pestat] low and high boundaries for computing mean and std.dev: (1, 520)
[M::mem_pestat] mean and std.dev: (230.34, 87.12)
[M::mem_pestat] low and high boundaries for proper pairs: (1, 637)
[M::mem_pestat] analyzing insert size distribution for orientation RF...
[M::mem_pestat] (25, 50, 75) percentile: (158, 225, 667)
[M::mem_pestat] low and high boundaries for computing mean and std.dev: (1, 1685)
[M::mem_pestat] mean and std.dev: (313.23, 346.47)
[M::mem_pestat] low and high boundaries for proper pairs: (1, 2194)
[M::mem_pestat] analyzing insert size distribution for orientation RR...
[M::mem_pestat] (25, 50, 75) percentile: (225, 2002, 4290)
[M::mem_pestat] low and high boundaries for computing mean and std.dev: (1, 12420)
[M::mem_pestat] mean and std.dev: (2169.27, 1782.61)
[M::mem_pestat] low and high boundaries for proper pairs: (1, 16485)
[M::mem_pestat] skip orientation RF
[M::mem_pestat] skip orientation RR
[M::mem_process_seqs] Processed 2849022 reads in 3683.818 CPU sec, 92.338 real sec
[M::process] read 2872328 sequences (400000092 bp)...
[M::mem_pestat] # candidate unique pairs for (FF, FR, RF, RR): (6, 780128, 67, 3)
[M::mem_pestat] skip orientation FF as there are not enough pairs
[M::mem_pestat] analyzing insert size distribution for orientation FR...
[M::mem_pestat] (25, 50, 75) percentile: (167, 213, 283)
[M::mem_pestat] low and high boundaries for computing mean and std.dev: (1, 515)
[M::mem_pestat] mean and std.dev: (227.62, 86.83)
[M::mem_pestat] low and high boundaries for proper pairs: (1, 631)
[M::mem_pestat] analyzing insert size distribution for orientation RF...
[M::mem_pestat] (25, 50, 75) percentile: (223, 454, 2460)
[M::mem_pestat] low and high boundaries for computing mean and std.dev: (1, 6934)
[M::mem_pestat] mean and std.dev: (1125.24, 1317.53)
[M::mem_pestat] low and high boundaries for proper pairs: (1, 9171)
[M::mem_pestat] skip orientation RR as there are not enough pairs
[M::mem_pestat] skip orientation RF
[M::mem_process_seqs] Processed 2874668 reads in 3624.282 CPU sec, 90.919 real sec
[M::process] read 2862200 sequences (400000107 bp)...
[M::mem_pestat] # candidate unique pairs for (FF, FR, RF, RR): (9, 780913, 108, 12)
[M::mem_pestat] skip orientation FF as there are not enough pairs
[M::mem_pestat] analyzing insert size distribution for orientation FR...
[M::mem_pestat] (25, 50, 75) percentile: (167, 214, 284)
[M::mem_pestat] low and high boundaries for computing mean and std.dev: (1, 518)
[M::mem_pestat] mean and std.dev: (228.52, 87.54)
[M::mem_pestat] low and high boundaries for proper pairs: (1, 635)
[M::mem_pestat] analyzing insert size distribution for orientation RF...
[M::mem_pestat] (25, 50, 75) percentile: (187, 357, 1408)
[M::mem_pestat] low and high boundaries for computing mean and std.dev: (1, 3850)
[M::mem_pestat] mean and std.dev: (765.81, 947.70)
[M::mem_pestat] low and high boundaries for proper pairs: (1, 5071)
[M::mem_pestat] analyzing insert size distribution for orientation RR...
[M::mem_pestat] (25, 50, 75) percentile: (134, 275, 474)
[M::mem_pestat] low and high boundaries for computing mean and std.dev: (1, 1154)
[M::mem_pestat] mean and std.dev: (234.70, 174.02)
[M::mem_pestat] low and high boundaries for proper pairs: (1, 1494)
[M::mem_pestat] skip orientation RF
[M::mem_pestat] skip orientation RR
[M::mem_process_seqs] Processed 2872328 reads in 3676.212 CPU sec, 92.174 real sec
[M::process] read 2871944 sequences (400000216 bp)...
[M::mem_pestat] # candidate unique pairs for (FF, FR, RF, RR): (8, 779512, 85, 7)
[M::mem_pestat] skip orientation FF as there are not enough pairs
[M::mem_pestat] analyzing insert size distribution for orientation FR...
[M::mem_pestat] (25, 50, 75) percentile: (167, 214, 285)
[M::mem_pestat] low and high boundaries for computing mean and std.dev: (1, 521)
[M::mem_pestat] mean and std.dev: (228.96, 87.81)
[M::mem_pestat] low and high boundaries for proper pairs: (1, 639)
[M::mem_pestat] analyzing insert size distribution for orientation RF...
[M::mem_pestat] (25, 50, 75) percentile: (223, 225, 1252)
[M::mem_pestat] low and high boundaries for computing mean and std.dev: (1, 3310)
[M::mem_pestat] mean and std.dev: (600.84, 689.46)
[M::mem_pestat] low and high boundaries for proper pairs: (1, 4339)
[M::mem_pestat] skip orientation RR as there are not enough pairs
[M::mem_pestat] skip orientation RF
[M::mem_process_seqs] Processed 2862200 reads in 3656.861 CPU sec, 91.680 real sec
[M::process] read 2867640 sequences (400000071 bp)...
[M::mem_pestat] # candidate unique pairs for (FF, FR, RF, RR): (4, 780858, 68, 6)
[M::mem_pestat] skip orientation FF as there are not enough pairs
[M::mem_pestat] analyzing insert size distribution for orientation FR...
[M::mem_pestat] (25, 50, 75) percentile: (167, 213, 283)
[M::mem_pestat] low and high boundaries for computing mean and std.dev: (1, 515)
[M::mem_pestat] mean and std.dev: (227.34, 86.83)
[M::mem_pestat] low and high boundaries for proper pairs: (1, 631)
[M::mem_pestat] analyzing insert size distribution for orientation RF...
[M::mem_pestat] (25, 50, 75) percentile: (128, 316, 1018)
[M::mem_pestat] low and high boundaries for computing mean and std.dev: (1, 2798)
[M::mem_pestat] mean and std.dev: (495.59, 649.89)
[M::mem_pestat] low and high boundaries for proper pairs: (1, 3688)
[M::mem_pestat] skip orientation RR as there are not enough pairs
[M::mem_pestat] skip orientation RF
[M::mem_process_seqs] Processed 2871944 reads in 3657.721 CPU sec, 91.697 real sec
[M::process] read 2866264 sequences (400000195 bp)...
[M::mem_pestat] # candidate unique pairs for (FF, FR, RF, RR): (6, 782081, 71, 7)
[M::mem_pestat] skip orientation FF as there are not enough pairs
[M::mem_pestat] analyzing insert size distribution for orientation FR...
[M::mem_pestat] (25, 50, 75) percentile: (167, 213, 284)
[M::mem_pestat] low and high boundaries for computing mean and std.dev: (1, 518)
[M::mem_pestat] mean and std.dev: (228.54, 87.55)
[M::mem_pestat] low and high boundaries for proper pairs: (1, 635)
[M::mem_pestat] analyzing insert size distribution for orientation RF...
[M::mem_pestat] (25, 50, 75) percentile: (125, 223, 1302)
[M::mem_pestat] low and high boundaries for computing mean and std.dev: (1, 3656)
[M::mem_pestat] mean and std.dev: (600.71, 841.62)
[M::mem_pestat] low and high boundaries for proper pairs: (1, 4833)
[M::mem_pestat] skip orientation RR as there are not enough pairs
[M::mem_pestat] skip orientation RF
[M::mem_process_seqs] Processed 2867640 reads in 3675.232 CPU sec, 92.139 real sec
[M::process] read 2854426 sequences (400000215 bp)...
[M::mem_pestat] # candidate unique pairs for (FF, FR, RF, RR): (3, 782389, 78, 8)
[M::mem_pestat] skip orientation FF as there are not enough pairs
[M::mem_pestat] analyzing insert size distribution for orientation FR...
[M::mem_pestat] (25, 50, 75) percentile: (167, 212, 282)
[M::mem_pestat] low and high boundaries for computing mean and std.dev: (1, 512)
[M::mem_pestat] mean and std.dev: (226.85, 86.68)
[M::mem_pestat] low and high boundaries for proper pairs: (1, 627)
[M::mem_pestat] analyzing insert size distribution for orientation RF...
[M::mem_pestat] (25, 50, 75) percentile: (142, 224, 1261)
[M::mem_pestat] low and high boundaries for computing mean and std.dev: (1, 3499)
[M::mem_pestat] mean and std.dev: (489.63, 676.11)
[M::mem_pestat] low and high boundaries for proper pairs: (1, 4618)
[M::mem_pestat] skip orientation RR as there are not enough pairs
[M::mem_pestat] skip orientation RF
[M::mem_process_seqs] Processed 2866264 reads in 3692.283 CPU sec, 92.370 real sec
[M::process] read 2846646 sequences (400000217 bp)...
[M::mem_pestat] # candidate unique pairs for (FF, FR, RF, RR): (8, 781647, 101, 9)
[M::mem_pestat] skip orientation FF as there are not enough pairs
[M::mem_pestat] analyzing insert size distribution for orientation FR...
[M::mem_pestat] (25, 50, 75) percentile: (167, 212, 282)
[M::mem_pestat] low and high boundaries for computing mean and std.dev: (1, 512)
[M::mem_pestat] mean and std.dev: (226.96, 86.83)
[M::mem_pestat] low and high boundaries for proper pairs: (1, 627)
[M::mem_pestat] analyzing insert size distribution for orientation RF...
[M::mem_pestat] (25, 50, 75) percentile: (172, 245, 1183)
[M::mem_pestat] low and high boundaries for computing mean and std.dev: (1, 3205)
[M::mem_pestat] mean and std.dev: (523.92, 647.02)
[M::mem_pestat] low and high boundaries for proper pairs: (1, 4216)
[M::mem_pestat] skip orientation RR as there are not enough pairs
[M::mem_pestat] skip orientation RF
[M::mem_process_seqs] Processed 2854426 reads in 3606.133 CPU sec, 90.660 real sec
[M::process] read 2847790 sequences (400000112 bp)...
[M::mem_pestat] # candidate unique pairs for (FF, FR, RF, RR): (3, 780470, 72, 2)
[M::mem_pestat] skip orientation FF as there are not enough pairs
[M::mem_pestat] analyzing insert size distribution for orientation FR...
[M::mem_pestat] (25, 50, 75) percentile: (168, 215, 284)
[M::mem_pestat] low and high boundaries for computing mean and std.dev: (1, 516)
[M::mem_pestat] mean and std.dev: (228.65, 86.60)
[M::mem_pestat] low and high boundaries for proper pairs: (1, 632)
[M::mem_pestat] analyzing insert size distribution for orientation RF...
[M::mem_pestat] (25, 50, 75) percentile: (121, 223, 412)
[M::mem_pestat] low and high boundaries for computing mean and std.dev: (1, 994)
[M::mem_pestat] mean and std.dev: (205.54, 145.45)
[M::mem_pestat] low and high boundaries for proper pairs: (1, 1285)
[M::mem_pestat] skip orientation RR as there are not enough pairs
[M::mem_pestat] skip orientation RF
[M::mem_process_seqs] Processed 2846646 reads in 3625.837 CPU sec, 90.709 real sec
[M::process] read 2848992 sequences (400000055 bp)...
[M::mem_pestat] # candidate unique pairs for (FF, FR, RF, RR): (7, 780360, 68, 12)
[M::mem_pestat] skip orientation FF as there are not enough pairs
[M::mem_pestat] analyzing insert size distribution for orientation FR...
[M::mem_pestat] (25, 50, 75) percentile: (167, 212, 282)
[M::mem_pestat] low and high boundaries for computing mean and std.dev: (1, 512)
[M::mem_pestat] mean and std.dev: (226.84, 86.54)
[M::mem_pestat] low and high boundaries for proper pairs: (1, 627)
[M::mem_pestat] analyzing insert size distribution for orientation RF...
[M::mem_pestat] (25, 50, 75) percentile: (223, 391, 3414)
[M::mem_pestat] low and high boundaries for computing mean and std.dev: (1, 9796)
[M::mem_pestat] mean and std.dev: (1627.96, 2049.20)
[M::mem_pestat] low and high boundaries for proper pairs: (1, 12987)
[M::mem_pestat] analyzing insert size distribution for orientation RR...
[M::mem_pestat] (25, 50, 75) percentile: (222, 1342, 2367)
[M::mem_pestat] low and high boundaries for computing mean and std.dev: (1, 6657)
[M::mem_pestat] mean and std.dev: (1255.25, 1186.06)
[M::mem_pestat] low and high boundaries for proper pairs: (1, 8802)
[M::mem_pestat] skip orientation RF
[M::mem_pestat] skip orientation RR
[M::mem_process_seqs] Processed 2847790 reads in 3588.663 CPU sec, 90.217 real sec
[M::process] read 2847492 sequences (400000212 bp)...
[M::mem_pestat] # candidate unique pairs for (FF, FR, RF, RR): (6, 780826, 87, 4)
[M::mem_pestat] skip orientation FF as there are not enough pairs
[M::mem_pestat] analyzing insert size distribution for orientation FR...
[M::mem_pestat] (25, 50, 75) percentile: (168, 214, 284)
[M::mem_pestat] low and high boundaries for computing mean and std.dev: (1, 516)
[M::mem_pestat] mean and std.dev: (228.33, 86.33)
[M::mem_pestat] low and high boundaries for proper pairs: (1, 632)
[M::mem_pestat] analyzing insert size distribution for orientation RF...
[M::mem_pestat] (25, 50, 75) percentile: (197, 740, 2424)
[M::mem_pestat] low and high boundaries for computing mean and std.dev: (1, 6878)
[M::mem_pestat] mean and std.dev: (1475.52, 1830.03)
[M::mem_pestat] low and high boundaries for proper pairs: (1, 9105)
[M::mem_pestat] skip orientation RR as there are not enough pairs
[M::mem_pestat] skip orientation RF
[M::mem_process_seqs] Processed 2848992 reads in 3664.205 CPU sec, 91.859 real sec
[M::process] read 2846674 sequences (400000024 bp)...
[M::mem_pestat] # candidate unique pairs for (FF, FR, RF, RR): (9, 780131, 78, 5)
[M::mem_pestat] skip orientation FF as there are not enough pairs
[M::mem_pestat] analyzing insert size distribution for orientation FR...
[M::mem_pestat] (25, 50, 75) percentile: (168, 214, 284)
[M::mem_pestat] low and high boundaries for computing mean and std.dev: (1, 516)
[M::mem_pestat] mean and std.dev: (228.34, 86.91)
[M::mem_pestat] low and high boundaries for proper pairs: (1, 632)
[M::mem_pestat] analyzing insert size distribution for orientation RF...
[M::mem_pestat] (25, 50, 75) percentile: (173, 223, 1202)
[M::mem_pestat] low and high boundaries for computing mean and std.dev: (1, 3260)
[M::mem_pestat] mean and std.dev: (604.01, 849.21)
[M::mem_pestat] low and high boundaries for proper pairs: (1, 4289)
[M::mem_pestat] skip orientation RR as there are not enough pairs
[M::mem_pestat] skip orientation RF
[M::mem_process_seqs] Processed 2847492 reads in 3900.720 CPU sec, 103.922 real sec
[M::process] read 2839260 sequences (400000223 bp)...
[M::mem_pestat] # candidate unique pairs for (FF, FR, RF, RR): (8, 780364, 66, 8)
[M::mem_pestat] skip orientation FF as there are not enough pairs
[M::mem_pestat] analyzing insert size distribution for orientation FR...
[M::mem_pestat] (25, 50, 75) percentile: (167, 213, 283)
[M::mem_pestat] low and high boundaries for computing mean and std.dev: (1, 515)
[M::mem_pestat] mean and std.dev: (227.45, 86.67)
[M::mem_pestat] low and high boundaries for proper pairs: (1, 631)
[M::mem_pestat] analyzing insert size distribution for orientation RF...
[M::mem_pestat] (25, 50, 75) percentile: (147, 223, 1274)
[M::mem_pestat] low and high boundaries for computing mean and std.dev: (1, 3528)
[M::mem_pestat] mean and std.dev: (486.93, 712.88)
[M::mem_pestat] low and high boundaries for proper pairs: (1, 4655)
[M::mem_pestat] skip orientation RR as there are not enough pairs
[M::mem_pestat] skip orientation RF
[M::mem_process_seqs] Processed 2846674 reads in 3627.209 CPU sec, 90.747 real sec
[M::process] read 2866906 sequences (400000245 bp)...
[M::mem_pestat] # candidate unique pairs for (FF, FR, RF, RR): (6, 779954, 73, 7)
[M::mem_pestat] skip orientation FF as there are not enough pairs
[M::mem_pestat] analyzing insert size distribution for orientation FR...
[M::mem_pestat] (25, 50, 75) percentile: (169, 216, 287)
[M::mem_pestat] low and high boundaries for computing mean and std.dev: (1, 523)
[M::mem_pestat] mean and std.dev: (230.59, 87.69)
[M::mem_pestat] low and high boundaries for proper pairs: (1, 641)
[M::mem_pestat] analyzing insert size distribution for orientation RF...
[M::mem_pestat] (25, 50, 75) percentile: (88, 223, 651)
[M::mem_pestat] low and high boundaries for computing mean and std.dev: (1, 1777)
[M::mem_pestat] mean and std.dev: (333.47, 365.90)
[M::mem_pestat] low and high boundaries for proper pairs: (1, 2340)
[M::mem_pestat] skip orientation RR as there are not enough pairs
[M::mem_pestat] skip orientation RF
[M::mem_process_seqs] Processed 2839260 reads in 3637.556 CPU sec, 91.485 real sec
[M::process] read 2868094 sequences (400000016 bp)...
[M::mem_pestat] # candidate unique pairs for (FF, FR, RF, RR): (10, 779184, 83, 3)
[M::mem_pestat] analyzing insert size distribution for orientation FF...
[M::mem_pestat] (25, 50, 75) percentile: (139, 223, 1705)
[M::mem_pestat] low and high boundaries for computing mean and std.dev: (1, 4837)
[M::mem_pestat] mean and std.dev: (1034.80, 1320.30)
[M::mem_pestat] low and high boundaries for proper pairs: (1, 6403)
[M::mem_pestat] analyzing insert size distribution for orientation FR...
[M::mem_pestat] (25, 50, 75) percentile: (168, 214, 285)
[M::mem_pestat] low and high boundaries for computing mean and std.dev: (1, 519)
[M::mem_pestat] mean and std.dev: (228.76, 87.50)
[M::mem_pestat] low and high boundaries for proper pairs: (1, 636)
[M::mem_pestat] analyzing insert size distribution for orientation RF...
[M::mem_pestat] (25, 50, 75) percentile: (186, 224, 1396)
[M::mem_pestat] low and high boundaries for computing mean and std.dev: (1, 3816)
[M::mem_pestat] mean and std.dev: (510.59, 686.65)
[M::mem_pestat] low and high boundaries for proper pairs: (1, 5026)
[M::mem_pestat] skip orientation RR as there are not enough pairs
[M::mem_pestat] skip orientation FF
[M::mem_pestat] skip orientation RF
[M::mem_process_seqs] Processed 2866906 reads in 3646.206 CPU sec, 91.470 real sec
[M::process] read 2865578 sequences (400000143 bp)...
[M::mem_pestat] # candidate unique pairs for (FF, FR, RF, RR): (3, 781721, 86, 7)
[M::mem_pestat] skip orientation FF as there are not enough pairs
[M::mem_pestat] analyzing insert size distribution for orientation FR...
[M::mem_pestat] (25, 50, 75) percentile: (168, 214, 285)
[M::mem_pestat] low and high boundaries for computing mean and std.dev: (1, 519)
[M::mem_pestat] mean and std.dev: (229.02, 87.72)
[M::mem_pestat] low and high boundaries for proper pairs: (1, 636)
[M::mem_pestat] analyzing insert size distribution for orientation RF...
[M::mem_pestat] (25, 50, 75) percentile: (129, 225, 1492)
[M::mem_pestat] low and high boundaries for computing mean and std.dev: (1, 4218)
[M::mem_pestat] mean and std.dev: (637.75, 862.72)
[M::mem_pestat] low and high boundaries for proper pairs: (1, 5581)
[M::mem_pestat] skip orientation RR as there are not enough pairs
[M::mem_pestat] skip orientation RF
[M::mem_process_seqs] Processed 2868094 reads in 3661.365 CPU sec, 91.674 real sec
[M::process] read 2865906 sequences (400000052 bp)...
[M::mem_pestat] # candidate unique pairs for (FF, FR, RF, RR): (9, 779723, 95, 4)
[M::mem_pestat] skip orientation FF as there are not enough pairs
[M::mem_pestat] analyzing insert size distribution for orientation FR...
[M::mem_pestat] (25, 50, 75) percentile: (167, 214, 284)
[M::mem_pestat] low and high boundaries for computing mean and std.dev: (1, 518)
[M::mem_pestat] mean and std.dev: (228.62, 87.54)
[M::mem_pestat] low and high boundaries for proper pairs: (1, 635)
[M::mem_pestat] analyzing insert size distribution for orientation RF...
[M::mem_pestat] (25, 50, 75) percentile: (93, 223, 894)
[M::mem_pestat] low and high boundaries for computing mean and std.dev: (1, 2496)
[M::mem_pestat] mean and std.dev: (391.82, 518.04)
[M::mem_pestat] low and high boundaries for proper pairs: (1, 3297)
[M::mem_pestat] skip orientation RR as there are not enough pairs
[M::mem_pestat] skip orientation RF
[M::mem_process_seqs] Processed 2865578 reads in 3646.038 CPU sec, 91.639 real sec
[M::process] read 2869016 sequences (400000244 bp)...
[M::mem_pestat] # candidate unique pairs for (FF, FR, RF, RR): (10, 779386, 78, 15)
[M::mem_pestat] analyzing insert size distribution for orientation FF...
[M::mem_pestat] (25, 50, 75) percentile: (487, 969, 2624)
[M::mem_pestat] low and high boundaries for computing mean and std.dev: (1, 6898)
[M::mem_pestat] mean and std.dev: (1356.00, 1056.21)
[M::mem_pestat] low and high boundaries for proper pairs: (1, 9035)
[M::mem_pestat] analyzing insert size distribution for orientation FR...
[M::mem_pestat] (25, 50, 75) percentile: (168, 215, 286)
[M::mem_pestat] low and high boundaries for computing mean and std.dev: (1, 522)
[M::mem_pestat] mean and std.dev: (229.73, 88.44)
[M::mem_pestat] low and high boundaries for proper pairs: (1, 640)
[M::mem_pestat] analyzing insert size distribution for orientation RF...
[M::mem_pestat] (25, 50, 75) percentile: (223, 240, 2088)
[M::mem_pestat] low and high boundaries for computing mean and std.dev: (1, 5818)
[M::mem_pestat] mean and std.dev: (881.81, 1063.30)
[M::mem_pestat] low and high boundaries for proper pairs: (1, 7683)
[M::mem_pestat] analyzing insert size distribution for orientation RR...
[M::mem_pestat] (25, 50, 75) percentile: (304, 337, 4006)
[M::mem_pestat] low and high boundaries for computing mean and std.dev: (1, 11410)
[M::mem_pestat] mean and std.dev: (1771.53, 2174.81)
[M::mem_pestat] low and high boundaries for proper pairs: (1, 15112)
[M::mem_pestat] skip orientation FF
[M::mem_pestat] skip orientation RF
[M::mem_pestat] skip orientation RR
[M::mem_process_seqs] Processed 2865906 reads in 3669.315 CPU sec, 91.792 real sec
[M::process] read 2855164 sequences (400000263 bp)...
[M::mem_pestat] # candidate unique pairs for (FF, FR, RF, RR): (7, 781623, 93, 4)
[M::mem_pestat] skip orientation FF as there are not enough pairs
[M::mem_pestat] analyzing insert size distribution for orientation FR...
[M::mem_pestat] (25, 50, 75) percentile: (168, 214, 286)
[M::mem_pestat] low and high boundaries for computing mean and std.dev: (1, 522)
[M::mem_pestat] mean and std.dev: (229.62, 88.16)
[M::mem_pestat] low and high boundaries for proper pairs: (1, 640)
[M::mem_pestat] analyzing insert size distribution for orientation RF...
[M::mem_pestat] (25, 50, 75) percentile: (223, 297, 2299)
[M::mem_pestat] low and high boundaries for computing mean and std.dev: (1, 6451)
[M::mem_pestat] mean and std.dev: (1077.15, 1648.34)
[M::mem_pestat] low and high boundaries for proper pairs: (1, 8527)
[M::mem_pestat] skip orientation RR as there are not enough pairs
[M::mem_pestat] skip orientation RF
[M::mem_process_seqs] Processed 2869016 reads in 3674.284 CPU sec, 92.162 real sec
[M::process] read 2855800 sequences (400000133 bp)...
[M::mem_pestat] # candidate unique pairs for (FF, FR, RF, RR): (13, 780719, 93, 9)
[M::mem_pestat] analyzing insert size distribution for orientation FF...
[M::mem_pestat] (25, 50, 75) percentile: (49, 252, 3717)
[M::mem_pestat] low and high boundaries for computing mean and std.dev: (1, 11053)
[M::mem_pestat] mean and std.dev: (1371.00, 1626.81)
[M::mem_pestat] low and high boundaries for proper pairs: (1, 14721)
[M::mem_pestat] analyzing insert size distribution for orientation FR...
[M::mem_pestat] (25, 50, 75) percentile: (168, 214, 286)
[M::mem_pestat] low and high boundaries for computing mean and std.dev: (1, 522)
[M::mem_pestat] mean and std.dev: (229.36, 88.25)
[M::mem_pestat] low and high boundaries for proper pairs: (1, 640)
[M::mem_pestat] analyzing insert size distribution for orientation RF...
[M::mem_pestat] (25, 50, 75) percentile: (124, 223, 815)
[M::mem_pestat] low and high boundaries for computing mean and std.dev: (1, 2197)
[M::mem_pestat] mean and std.dev: (359.40, 383.54)
[M::mem_pestat] low and high boundaries for proper pairs: (1, 2888)
[M::mem_pestat] skip orientation RR as there are not enough pairs
[M::mem_pestat] skip orientation FF
[M::mem_pestat] skip orientation RF
[M::mem_process_seqs] Processed 2855164 reads in 3651.084 CPU sec, 91.785 real sec
[M::process] read 2859552 sequences (400000170 bp)...
[M::mem_pestat] # candidate unique pairs for (FF, FR, RF, RR): (15, 781713, 75, 11)
[M::mem_pestat] analyzing insert size distribution for orientation FF...
[M::mem_pestat] (25, 50, 75) percentile: (384, 2051, 6351)
[M::mem_pestat] low and high boundaries for computing mean and std.dev: (1, 18285)
[M::mem_pestat] mean and std.dev: (3239.33, 3235.76)
[M::mem_pestat] low and high boundaries for proper pairs: (1, 24252)
[M::mem_pestat] analyzing insert size distribution for orientation FR...
[M::mem_pestat] (25, 50, 75) percentile: (167, 212, 281)
[M::mem_pestat] low and high boundaries for computing mean and std.dev: (1, 509)
[M::mem_pestat] mean and std.dev: (226.46, 86.11)
[M::mem_pestat] low and high boundaries for proper pairs: (1, 623)
[M::mem_pestat] analyzing insert size distribution for orientation RF...
[M::mem_pestat] (25, 50, 75) percentile: (188, 519, 1770)
[M::mem_pestat] low and high boundaries for computing mean and std.dev: (1, 4934)
[M::mem_pestat] mean and std.dev: (930.51, 1175.64)
[M::mem_pestat] low and high boundaries for proper pairs: (1, 6516)
[M::mem_pestat] analyzing insert size distribution for orientation RR...
[M::mem_pestat] (25, 50, 75) percentile: (209, 932, 1706)
[M::mem_pestat] low and high boundaries for computing mean and std.dev: (1, 4700)
[M::mem_pestat] mean and std.dev: (862.90, 767.95)
[M::mem_pestat] low and high boundaries for proper pairs: (1, 6197)
[M::mem_pestat] skip orientation FF
[M::mem_pestat] skip orientation RF
[M::mem_pestat] skip orientation RR
[M::mem_process_seqs] Processed 2855800 reads in 3651.704 CPU sec, 91.603 real sec
[M::process] read 2860688 sequences (400000111 bp)...
[M::mem_pestat] # candidate unique pairs for (FF, FR, RF, RR): (1, 781569, 73, 8)
[M::mem_pestat] skip orientation FF as there are not enough pairs
[M::mem_pestat] analyzing insert size distribution for orientation FR...
[M::mem_pestat] (25, 50, 75) percentile: (165, 209, 275)
[M::mem_pestat] low and high boundaries for computing mean and std.dev: (1, 495)
[M::mem_pestat] mean and std.dev: (222.28, 83.16)
[M::mem_pestat] low and high boundaries for proper pairs: (1, 605)
[M::mem_pestat] analyzing insert size distribution for orientation RF...
[M::mem_pestat] (25, 50, 75) percentile: (95, 223, 2388)
[M::mem_pestat] low and high boundaries for computing mean and std.dev: (1, 6974)
[M::mem_pestat] mean and std.dev: (906.41, 1360.30)
[M::mem_pestat] low and high boundaries for proper pairs: (1, 9267)
[M::mem_pestat] skip orientation RR as there are not enough pairs
[M::mem_pestat] skip orientation RF
[M::mem_process_seqs] Processed 2859552 reads in 3657.580 CPU sec, 91.689 real sec
[M::process] read 2881744 sequences (400000118 bp)...
[M::mem_pestat] # candidate unique pairs for (FF, FR, RF, RR): (6, 780552, 73, 9)
[M::mem_pestat] skip orientation FF as there are not enough pairs
[M::mem_pestat] analyzing insert size distribution for orientation FR...
[M::mem_pestat] (25, 50, 75) percentile: (166, 210, 277)
[M::mem_pestat] low and high boundaries for computing mean and std.dev: (1, 499)
[M::mem_pestat] mean and std.dev: (223.40, 83.60)
[M::mem_pestat] low and high boundaries for proper pairs: (1, 610)
[M::mem_pestat] analyzing insert size distribution for orientation RF...
[M::mem_pestat] (25, 50, 75) percentile: (130, 328, 1187)
[M::mem_pestat] low and high boundaries for computing mean and std.dev: (1, 3301)
[M::mem_pestat] mean and std.dev: (522.40, 622.75)
[M::mem_pestat] low and high boundaries for proper pairs: (1, 4358)
[M::mem_pestat] skip orientation RR as there are not enough pairs
[M::mem_pestat] skip orientation RF
[M::mem_process_seqs] Processed 2860688 reads in 3661.866 CPU sec, 91.813 real sec
[M::process] read 2473538 sequences (344293491 bp)...
[M::mem_pestat] # candidate unique pairs for (FF, FR, RF, RR): (7, 782796, 62, 10)
[M::mem_pestat] skip orientation FF as there are not enough pairs
[M::mem_pestat] analyzing insert size distribution for orientation FR...
[M::mem_pestat] (25, 50, 75) percentile: (164, 207, 273)
[M::mem_pestat] low and high boundaries for computing mean and std.dev: (1, 491)
[M::mem_pestat] mean and std.dev: (220.60, 82.68)
[M::mem_pestat] low and high boundaries for proper pairs: (1, 600)
[M::mem_pestat] analyzing insert size distribution for orientation RF...
[M::mem_pestat] (25, 50, 75) percentile: (223, 253, 1268)
[M::mem_pestat] low and high boundaries for computing mean and std.dev: (1, 3358)
[M::mem_pestat] mean and std.dev: (587.66, 669.14)
[M::mem_pestat] low and high boundaries for proper pairs: (1, 4403)
[M::mem_pestat] analyzing insert size distribution for orientation RR...
[M::mem_pestat] (25, 50, 75) percentile: (267, 883, 997)
[M::mem_pestat] low and high boundaries for computing mean and std.dev: (1, 2457)
[M::mem_pestat] mean and std.dev: (680.89, 382.13)
[M::mem_pestat] low and high boundaries for proper pairs: (1, 3187)
[M::mem_pestat] skip orientation RF
[M::mem_pestat] skip orientation RR
[M::mem_process_seqs] Processed 2881744 reads in 3665.421 CPU sec, 91.715 real sec
[M::mem_pestat] # candidate unique pairs for (FF, FR, RF, RR): (17, 674495, 69, 7)
[M::mem_pestat] analyzing insert size distribution for orientation FF...
[M::mem_pestat] (25, 50, 75) percentile: (306, 385, 4061)
[M::mem_pestat] low and high boundaries for computing mean and std.dev: (1, 11571)
[M::mem_pestat] mean and std.dev: (1800.41, 1955.01)
[M::mem_pestat] low and high boundaries for proper pairs: (1, 15326)
[M::mem_pestat] analyzing insert size distribution for orientation FR...
[M::mem_pestat] (25, 50, 75) percentile: (164, 208, 274)
[M::mem_pestat] low and high boundaries for computing mean and std.dev: (1, 494)
[M::mem_pestat] mean and std.dev: (221.34, 83.18)
[M::mem_pestat] low and high boundaries for proper pairs: (1, 604)
[M::mem_pestat] analyzing insert size distribution for orientation RF...
[M::mem_pestat] (25, 50, 75) percentile: (223, 330, 1837)
[M::mem_pestat] low and high boundaries for computing mean and std.dev: (1, 5065)
[M::mem_pestat] mean and std.dev: (937.38, 1184.03)
[M::mem_pestat] low and high boundaries for proper pairs: (1, 6679)
[M::mem_pestat] skip orientation RR as there are not enough pairs
[M::mem_pestat] skip orientation FF
[M::mem_pestat] skip orientation RF
[M::mem_process_seqs] Processed 2473538 reads in 3187.831 CPU sec, 80.220 real sec
[main] Version: 0.7.17-r1188
[main] CMD: /home/shared/bwa-0.7.17/bwa mem -M -t 40 ../data/bwa-GCF_031168955.1_ASM3116895v1_genomic ../data/trimmed-fastqs-heatwave-genetics/MHW276_trimmed_clipped_R1_paired.fq.gz ../data/trimmed-fastqs-heatwave-genetics/MHW276_trimmed_clipped_R2_paired.fq.gz
[main] Real time: 2843.186 sec; CPU: 112713.266 sec
