[M::bwa_idx_load_from_disk] read 0 ALT contigs
[M::process] read 2830070 sequences (400000090 bp)...
[M::process] read 2825040 sequences (400000022 bp)...
[M::mem_pestat] # candidate unique pairs for (FF, FR, RF, RR): (10, 694441, 73, 18)
[M::mem_pestat] analyzing insert size distribution for orientation FF...
[M::mem_pestat] (25, 50, 75) percentile: (158, 316, 4065)
[M::mem_pestat] low and high boundaries for computing mean and std.dev: (1, 11879)
[M::mem_pestat] mean and std.dev: (2356.30, 2849.54)
[M::mem_pestat] low and high boundaries for proper pairs: (1, 15786)
[M::mem_pestat] analyzing insert size distribution for orientation FR...
[M::mem_pestat] (25, 50, 75) percentile: (184, 239, 306)
[M::mem_pestat] low and high boundaries for computing mean and std.dev: (1, 550)
[M::mem_pestat] mean and std.dev: (248.78, 90.56)
[M::mem_pestat] low and high boundaries for proper pairs: (1, 672)
[M::mem_pestat] analyzing insert size distribution for orientation RF...
[M::mem_pestat] (25, 50, 75) percentile: (117, 224, 1690)
[M::mem_pestat] low and high boundaries for computing mean and std.dev: (1, 4836)
[M::mem_pestat] mean and std.dev: (717.02, 1060.59)
[M::mem_pestat] low and high boundaries for proper pairs: (1, 6409)
[M::mem_pestat] analyzing insert size distribution for orientation RR...
[M::mem_pestat] (25, 50, 75) percentile: (2422, 4857, 6962)
[M::mem_pestat] low and high boundaries for computing mean and std.dev: (1, 16042)
[M::mem_pestat] mean and std.dev: (4275.61, 2722.38)
[M::mem_pestat] low and high boundaries for proper pairs: (1, 20582)
[M::mem_pestat] skip orientation FF
[M::mem_pestat] skip orientation RF
[M::mem_pestat] skip orientation RR
[M::mem_process_seqs] Processed 2830070 reads in 3262.586 CPU sec, 81.815 real sec
[M::process] read 2821950 sequences (400000264 bp)...
[M::mem_pestat] # candidate unique pairs for (FF, FR, RF, RR): (8, 691959, 67, 13)
[M::mem_pestat] skip orientation FF as there are not enough pairs
[M::mem_pestat] analyzing insert size distribution for orientation FR...
[M::mem_pestat] (25, 50, 75) percentile: (185, 240, 308)
[M::mem_pestat] low and high boundaries for computing mean and std.dev: (1, 554)
[M::mem_pestat] mean and std.dev: (250.17, 90.87)
[M::mem_pestat] low and high boundaries for proper pairs: (1, 677)
[M::mem_pestat] analyzing insert size distribution for orientation RF...
[M::mem_pestat] (25, 50, 75) percentile: (140, 225, 1019)
[M::mem_pestat] low and high boundaries for computing mean and std.dev: (1, 2777)
[M::mem_pestat] mean and std.dev: (504.05, 582.22)
[M::mem_pestat] low and high boundaries for proper pairs: (1, 3656)
[M::mem_pestat] analyzing insert size distribution for orientation RR...
[M::mem_pestat] (25, 50, 75) percentile: (236, 295, 2926)
[M::mem_pestat] low and high boundaries for computing mean and std.dev: (1, 8306)
[M::mem_pestat] mean and std.dev: (1622.38, 2153.23)
[M::mem_pestat] low and high boundaries for proper pairs: (1, 10996)
[M::mem_pestat] skip orientation RF
[M::mem_pestat] skip orientation RR
[M::mem_process_seqs] Processed 2825040 reads in 3346.625 CPU sec, 83.945 real sec
[M::process] read 2820780 sequences (400000294 bp)...
[M::mem_pestat] # candidate unique pairs for (FF, FR, RF, RR): (10, 689411, 78, 14)
[M::mem_pestat] analyzing insert size distribution for orientation FF...
[M::mem_pestat] (25, 50, 75) percentile: (885, 3507, 3824)
[M::mem_pestat] low and high boundaries for computing mean and std.dev: (1, 9702)
[M::mem_pestat] mean and std.dev: (2120.75, 1443.55)
[M::mem_pestat] low and high boundaries for proper pairs: (1, 12641)
[M::mem_pestat] analyzing insert size distribution for orientation FR...
[M::mem_pestat] (25, 50, 75) percentile: (188, 244, 312)
[M::mem_pestat] low and high boundaries for computing mean and std.dev: (1, 560)
[M::mem_pestat] mean and std.dev: (253.53, 91.69)
[M::mem_pestat] low and high boundaries for proper pairs: (1, 684)
[M::mem_pestat] analyzing insert size distribution for orientation RF...
[M::mem_pestat] (25, 50, 75) percentile: (127, 225, 1497)
[M::mem_pestat] low and high boundaries for computing mean and std.dev: (1, 4237)
[M::mem_pestat] mean and std.dev: (633.30, 831.72)
[M::mem_pestat] low and high boundaries for proper pairs: (1, 5607)
[M::mem_pestat] analyzing insert size distribution for orientation RR...
[M::mem_pestat] (25, 50, 75) percentile: (422, 2229, 4036)
[M::mem_pestat] low and high boundaries for computing mean and std.dev: (1, 11264)
[M::mem_pestat] mean and std.dev: (3182.00, 3563.56)
[M::mem_pestat] low and high boundaries for proper pairs: (1, 17436)
[M::mem_pestat] skip orientation FF
[M::mem_pestat] skip orientation RF
[M::mem_pestat] skip orientation RR
[M::mem_process_seqs] Processed 2821950 reads in 3395.401 CPU sec, 85.180 real sec
[M::process] read 2817096 sequences (400000214 bp)...
[M::mem_pestat] # candidate unique pairs for (FF, FR, RF, RR): (9, 685116, 89, 9)
[M::mem_pestat] skip orientation FF as there are not enough pairs
[M::mem_pestat] analyzing insert size distribution for orientation FR...
[M::mem_pestat] (25, 50, 75) percentile: (190, 246, 316)
[M::mem_pestat] low and high boundaries for computing mean and std.dev: (1, 568)
[M::mem_pestat] mean and std.dev: (256.40, 92.76)
[M::mem_pestat] low and high boundaries for proper pairs: (1, 694)
[M::mem_pestat] analyzing insert size distribution for orientation RF...
[M::mem_pestat] (25, 50, 75) percentile: (128, 224, 1511)
[M::mem_pestat] low and high boundaries for computing mean and std.dev: (1, 4277)
[M::mem_pestat] mean and std.dev: (643.17, 869.22)
[M::mem_pestat] low and high boundaries for proper pairs: (1, 5660)
[M::mem_pestat] skip orientation RR as there are not enough pairs
[M::mem_pestat] skip orientation RF
[M::mem_process_seqs] Processed 2820780 reads in 3402.840 CPU sec, 85.534 real sec
[M::process] read 2842792 sequences (400000108 bp)...
[M::mem_pestat] # candidate unique pairs for (FF, FR, RF, RR): (12, 689481, 78, 10)
[M::mem_pestat] analyzing insert size distribution for orientation FF...
[M::mem_pestat] (25, 50, 75) percentile: (211, 250, 2884)
[M::mem_pestat] low and high boundaries for computing mean and std.dev: (1, 8230)
[M::mem_pestat] mean and std.dev: (1549.25, 1886.72)
[M::mem_pestat] low and high boundaries for proper pairs: (1, 10903)
[M::mem_pestat] analyzing insert size distribution for orientation FR...
[M::mem_pestat] (25, 50, 75) percentile: (187, 243, 311)
[M::mem_pestat] low and high boundaries for computing mean and std.dev: (1, 559)
[M::mem_pestat] mean and std.dev: (252.92, 91.68)
[M::mem_pestat] low and high boundaries for proper pairs: (1, 683)
[M::mem_pestat] analyzing insert size distribution for orientation RF...
[M::mem_pestat] (25, 50, 75) percentile: (104, 224, 768)
[M::mem_pestat] low and high boundaries for computing mean and std.dev: (1, 2096)
[M::mem_pestat] mean and std.dev: (316.11, 393.62)
[M::mem_pestat] low and high boundaries for proper pairs: (1, 2760)
[M::mem_pestat] analyzing insert size distribution for orientation RR...
[M::mem_pestat] (25, 50, 75) percentile: (119, 290, 1953)
[M::mem_pestat] low and high boundaries for computing mean and std.dev: (1, 5621)
[M::mem_pestat] mean and std.dev: (994.40, 1149.51)
[M::mem_pestat] low and high boundaries for proper pairs: (1, 7455)
[M::mem_pestat] skip orientation FF
[M::mem_pestat] skip orientation RF
[M::mem_pestat] skip orientation RR
[M::mem_process_seqs] Processed 2817096 reads in 3379.922 CPU sec, 84.744 real sec
[M::process] read 2843712 sequences (400000281 bp)...
[M::mem_pestat] # candidate unique pairs for (FF, FR, RF, RR): (11, 685335, 93, 8)
[M::mem_pestat] analyzing insert size distribution for orientation FF...
[M::mem_pestat] (25, 50, 75) percentile: (379, 3064, 8067)
[M::mem_pestat] low and high boundaries for computing mean and std.dev: (1, 23443)
[M::mem_pestat] mean and std.dev: (3612.55, 3184.40)
[M::mem_pestat] low and high boundaries for proper pairs: (1, 31131)
[M::mem_pestat] analyzing insert size distribution for orientation FR...
[M::mem_pestat] (25, 50, 75) percentile: (190, 246, 315)
[M::mem_pestat] low and high boundaries for computing mean and std.dev: (1, 565)
[M::mem_pestat] mean and std.dev: (255.90, 92.42)
[M::mem_pestat] low and high boundaries for proper pairs: (1, 690)
[M::mem_pestat] analyzing insert size distribution for orientation RF...
[M::mem_pestat] (25, 50, 75) percentile: (119, 224, 941)
[M::mem_pestat] low and high boundaries for computing mean and std.dev: (1, 2585)
[M::mem_pestat] mean and std.dev: (390.29, 526.15)
[M::mem_pestat] low and high boundaries for proper pairs: (1, 3407)
[M::mem_pestat] skip orientation RR as there are not enough pairs
[M::mem_pestat] skip orientation FF
[M::mem_pestat] skip orientation RF
[M::mem_process_seqs] Processed 2842792 reads in 3390.048 CPU sec, 84.988 real sec
[M::process] read 2846666 sequences (400000038 bp)...
[M::mem_pestat] # candidate unique pairs for (FF, FR, RF, RR): (8, 683105, 70, 16)
[M::mem_pestat] skip orientation FF as there are not enough pairs
[M::mem_pestat] analyzing insert size distribution for orientation FR...
[M::mem_pestat] (25, 50, 75) percentile: (190, 247, 317)
[M::mem_pestat] low and high boundaries for computing mean and std.dev: (1, 571)
[M::mem_pestat] mean and std.dev: (257.20, 93.36)
[M::mem_pestat] low and high boundaries for proper pairs: (1, 698)
[M::mem_pestat] analyzing insert size distribution for orientation RF...
[M::mem_pestat] (25, 50, 75) percentile: (105, 223, 366)
[M::mem_pestat] low and high boundaries for computing mean and std.dev: (1, 888)
[M::mem_pestat] mean and std.dev: (179.85, 139.71)
[M::mem_pestat] low and high boundaries for proper pairs: (1, 1149)
[M::mem_pestat] analyzing insert size distribution for orientation RR...
[M::mem_pestat] (25, 50, 75) percentile: (185, 741, 3364)
[M::mem_pestat] low and high boundaries for computing mean and std.dev: (1, 9722)
[M::mem_pestat] mean and std.dev: (2119.88, 2562.85)
[M::mem_pestat] low and high boundaries for proper pairs: (1, 12901)
[M::mem_pestat] skip orientation RF
[M::mem_pestat] skip orientation RR
[M::mem_process_seqs] Processed 2843712 reads in 3407.186 CPU sec, 85.254 real sec
[M::process] read 2844766 sequences (400000283 bp)...
[M::mem_pestat] # candidate unique pairs for (FF, FR, RF, RR): (7, 683021, 93, 8)
[M::mem_pestat] skip orientation FF as there are not enough pairs
[M::mem_pestat] analyzing insert size distribution for orientation FR...
[M::mem_pestat] (25, 50, 75) percentile: (191, 249, 319)
[M::mem_pestat] low and high boundaries for computing mean and std.dev: (1, 575)
[M::mem_pestat] mean and std.dev: (258.86, 93.72)
[M::mem_pestat] low and high boundaries for proper pairs: (1, 703)
[M::mem_pestat] analyzing insert size distribution for orientation RF...
[M::mem_pestat] (25, 50, 75) percentile: (76, 223, 2213)
[M::mem_pestat] low and high boundaries for computing mean and std.dev: (1, 6487)
[M::mem_pestat] mean and std.dev: (835.11, 1363.63)
[M::mem_pestat] low and high boundaries for proper pairs: (1, 8624)
[M::mem_pestat] skip orientation RR as there are not enough pairs
[M::mem_pestat] skip orientation RF
[M::mem_process_seqs] Processed 2846666 reads in 3441.423 CPU sec, 86.502 real sec
[M::process] read 2840786 sequences (400000011 bp)...
[M::mem_pestat] # candidate unique pairs for (FF, FR, RF, RR): (7, 681112, 91, 10)
[M::mem_pestat] skip orientation FF as there are not enough pairs
[M::mem_pestat] analyzing insert size distribution for orientation FR...
[M::mem_pestat] (25, 50, 75) percentile: (192, 249, 319)
[M::mem_pestat] low and high boundaries for computing mean and std.dev: (1, 573)
[M::mem_pestat] mean and std.dev: (259.00, 93.73)
[M::mem_pestat] low and high boundaries for proper pairs: (1, 700)
[M::mem_pestat] analyzing insert size distribution for orientation RF...
[M::mem_pestat] (25, 50, 75) percentile: (122, 288, 2437)
[M::mem_pestat] low and high boundaries for computing mean and std.dev: (1, 7067)
[M::mem_pestat] mean and std.dev: (1164.45, 1690.60)
[M::mem_pestat] low and high boundaries for proper pairs: (1, 9382)
[M::mem_pestat] analyzing insert size distribution for orientation RR...
[M::mem_pestat] (25, 50, 75) percentile: (229, 961, 4410)
[M::mem_pestat] low and high boundaries for computing mean and std.dev: (1, 12772)
[M::mem_pestat] mean and std.dev: (2691.10, 3219.67)
[M::mem_pestat] low and high boundaries for proper pairs: (1, 16953)
[M::mem_pestat] skip orientation RF
[M::mem_pestat] skip orientation RR
[M::mem_process_seqs] Processed 2844766 reads in 3497.745 CPU sec, 87.744 real sec
[M::process] read 2827050 sequences (400000062 bp)...
[M::mem_pestat] # candidate unique pairs for (FF, FR, RF, RR): (11, 684081, 85, 12)
[M::mem_pestat] analyzing insert size distribution for orientation FF...
[M::mem_pestat] (25, 50, 75) percentile: (260, 418, 2567)
[M::mem_pestat] low and high boundaries for computing mean and std.dev: (1, 7181)
[M::mem_pestat] mean and std.dev: (1194.73, 1385.08)
[M::mem_pestat] low and high boundaries for proper pairs: (1, 9488)
[M::mem_pestat] analyzing insert size distribution for orientation FR...
[M::mem_pestat] (25, 50, 75) percentile: (191, 247, 317)
[M::mem_pestat] low and high boundaries for computing mean and std.dev: (1, 569)
[M::mem_pestat] mean and std.dev: (257.26, 92.92)
[M::mem_pestat] low and high boundaries for proper pairs: (1, 695)
[M::mem_pestat] analyzing insert size distribution for orientation RF...
[M::mem_pestat] (25, 50, 75) percentile: (155, 267, 2100)
[M::mem_pestat] low and high boundaries for computing mean and std.dev: (1, 5990)
[M::mem_pestat] mean and std.dev: (1109.75, 1448.76)
[M::mem_pestat] low and high boundaries for proper pairs: (1, 7935)
[M::mem_pestat] analyzing insert size distribution for orientation RR...
[M::mem_pestat] (25, 50, 75) percentile: (324, 611, 4172)
[M::mem_pestat] low and high boundaries for computing mean and std.dev: (1, 11868)
[M::mem_pestat] mean and std.dev: (2078.50, 2736.20)
[M::mem_pestat] low and high boundaries for proper pairs: (1, 15716)
[M::mem_pestat] skip orientation FF
[M::mem_pestat] skip orientation RF
[M::mem_pestat] skip orientation RR
[M::mem_process_seqs] Processed 2840786 reads in 3441.735 CPU sec, 86.285 real sec
[M::process] read 2818710 sequences (400000205 bp)...
[M::mem_pestat] # candidate unique pairs for (FF, FR, RF, RR): (10, 688603, 75, 16)
[M::mem_pestat] analyzing insert size distribution for orientation FF...
[M::mem_pestat] (25, 50, 75) percentile: (306, 2612, 3444)
[M::mem_pestat] low and high boundaries for computing mean and std.dev: (1, 9720)
[M::mem_pestat] mean and std.dev: (2201.00, 1593.77)
[M::mem_pestat] low and high boundaries for proper pairs: (1, 12858)
[M::mem_pestat] analyzing insert size distribution for orientation FR...
[M::mem_pestat] (25, 50, 75) percentile: (186, 242, 311)
[M::mem_pestat] low and high boundaries for computing mean and std.dev: (1, 561)
[M::mem_pestat] mean and std.dev: (252.42, 92.26)
[M::mem_pestat] low and high boundaries for proper pairs: (1, 686)
[M::mem_pestat] analyzing insert size distribution for orientation RF...
[M::mem_pestat] (25, 50, 75) percentile: (125, 223, 963)
[M::mem_pestat] low and high boundaries for computing mean and std.dev: (1, 2639)
[M::mem_pestat] mean and std.dev: (346.89, 537.84)
[M::mem_pestat] low and high boundaries for proper pairs: (1, 3477)
[M::mem_pestat] analyzing insert size distribution for orientation RR...
[M::mem_pestat] (25, 50, 75) percentile: (286, 1747, 2699)
[M::mem_pestat] low and high boundaries for computing mean and std.dev: (1, 7525)
[M::mem_pestat] mean and std.dev: (1472.31, 1299.91)
[M::mem_pestat] low and high boundaries for proper pairs: (1, 9938)
[M::mem_pestat] skip orientation FF
[M::mem_pestat] skip orientation RF
[M::mem_pestat] skip orientation RR
[M::mem_process_seqs] Processed 2827050 reads in 3403.178 CPU sec, 85.158 real sec
[M::process] read 2820536 sequences (400000046 bp)...
[M::mem_pestat] # candidate unique pairs for (FF, FR, RF, RR): (11, 685707, 88, 13)
[M::mem_pestat] analyzing insert size distribution for orientation FF...
[M::mem_pestat] (25, 50, 75) percentile: (511, 883, 6052)
[M::mem_pestat] low and high boundaries for computing mean and std.dev: (1, 17134)
[M::mem_pestat] mean and std.dev: (2275.55, 2585.65)
[M::mem_pestat] low and high boundaries for proper pairs: (1, 22675)
[M::mem_pestat] analyzing insert size distribution for orientation FR...
[M::mem_pestat] (25, 50, 75) percentile: (189, 246, 315)
[M::mem_pestat] low and high boundaries for computing mean and std.dev: (1, 567)
[M::mem_pestat] mean and std.dev: (255.88, 92.69)
[M::mem_pestat] low and high boundaries for proper pairs: (1, 693)
[M::mem_pestat] analyzing insert size distribution for orientation RF...
[M::mem_pestat] (25, 50, 75) percentile: (128, 263, 1543)
[M::mem_pestat] low and high boundaries for computing mean and std.dev: (1, 4373)
[M::mem_pestat] mean and std.dev: (807.81, 1153.69)
[M::mem_pestat] low and high boundaries for proper pairs: (1, 5788)
[M::mem_pestat] analyzing insert size distribution for orientation RR...
[M::mem_pestat] (25, 50, 75) percentile: (309, 1310, 6014)
[M::mem_pestat] low and high boundaries for computing mean and std.dev: (1, 17424)
[M::mem_pestat] mean and std.dev: (2806.00, 2731.08)
[M::mem_pestat] low and high boundaries for proper pairs: (1, 23129)
[M::mem_pestat] skip orientation FF
[M::mem_pestat] skip orientation RF
[M::mem_pestat] skip orientation RR
[M::mem_process_seqs] Processed 2818710 reads in 3377.114 CPU sec, 84.890 real sec
[M::process] read 2822980 sequences (400000104 bp)...
[M::mem_pestat] # candidate unique pairs for (FF, FR, RF, RR): (9, 685741, 81, 11)
[M::mem_pestat] skip orientation FF as there are not enough pairs
[M::mem_pestat] analyzing insert size distribution for orientation FR...
[M::mem_pestat] (25, 50, 75) percentile: (190, 246, 314)
[M::mem_pestat] low and high boundaries for computing mean and std.dev: (1, 562)
[M::mem_pestat] mean and std.dev: (255.76, 92.10)
[M::mem_pestat] low and high boundaries for proper pairs: (1, 686)
[M::mem_pestat] analyzing insert size distribution for orientation RF...
[M::mem_pestat] (25, 50, 75) percentile: (116, 223, 894)
[M::mem_pestat] low and high boundaries for computing mean and std.dev: (1, 2450)
[M::mem_pestat] mean and std.dev: (389.93, 516.30)
[M::mem_pestat] low and high boundaries for proper pairs: (1, 3228)
[M::mem_pestat] analyzing insert size distribution for orientation RR...
[M::mem_pestat] (25, 50, 75) percentile: (269, 589, 4039)
[M::mem_pestat] low and high boundaries for computing mean and std.dev: (1, 11579)
[M::mem_pestat] mean and std.dev: (2052.09, 2307.54)
[M::mem_pestat] low and high boundaries for proper pairs: (1, 15349)
[M::mem_pestat] skip orientation RF
[M::mem_pestat] skip orientation RR
[M::mem_process_seqs] Processed 2820536 reads in 3403.153 CPU sec, 85.349 real sec
[M::process] read 2820814 sequences (400000183 bp)...
[M::mem_pestat] # candidate unique pairs for (FF, FR, RF, RR): (5, 690547, 108, 12)
[M::mem_pestat] skip orientation FF as there are not enough pairs
[M::mem_pestat] analyzing insert size distribution for orientation FR...
[M::mem_pestat] (25, 50, 75) percentile: (186, 241, 309)
[M::mem_pestat] low and high boundaries for computing mean and std.dev: (1, 555)
[M::mem_pestat] mean and std.dev: (251.13, 91.26)
[M::mem_pestat] low and high boundaries for proper pairs: (1, 678)
[M::mem_pestat] analyzing insert size distribution for orientation RF...
[M::mem_pestat] (25, 50, 75) percentile: (105, 224, 1324)
[M::mem_pestat] low and high boundaries for computing mean and std.dev: (1, 3762)
[M::mem_pestat] mean and std.dev: (589.53, 799.92)
[M::mem_pestat] low and high boundaries for proper pairs: (1, 4981)
[M::mem_pestat] analyzing insert size distribution for orientation RR...
[M::mem_pestat] (25, 50, 75) percentile: (500, 936, 3498)
[M::mem_pestat] low and high boundaries for computing mean and std.dev: (1, 9494)
[M::mem_pestat] mean and std.dev: (1588.75, 1429.04)
[M::mem_pestat] low and high boundaries for proper pairs: (1, 12492)
[M::mem_pestat] skip orientation RF
[M::mem_pestat] skip orientation RR
[M::mem_process_seqs] Processed 2822980 reads in 3370.284 CPU sec, 84.496 real sec
[M::process] read 2826838 sequences (400000130 bp)...
[M::mem_pestat] # candidate unique pairs for (FF, FR, RF, RR): (5, 690014, 88, 9)
[M::mem_pestat] skip orientation FF as there are not enough pairs
[M::mem_pestat] analyzing insert size distribution for orientation FR...
[M::mem_pestat] (25, 50, 75) percentile: (187, 242, 310)
[M::mem_pestat] low and high boundaries for computing mean and std.dev: (1, 556)
[M::mem_pestat] mean and std.dev: (252.20, 91.47)
[M::mem_pestat] low and high boundaries for proper pairs: (1, 679)
[M::mem_pestat] analyzing insert size distribution for orientation RF...
[M::mem_pestat] (25, 50, 75) percentile: (159, 224, 863)
[M::mem_pestat] low and high boundaries for computing mean and std.dev: (1, 2271)
[M::mem_pestat] mean and std.dev: (398.43, 500.94)
[M::mem_pestat] low and high boundaries for proper pairs: (1, 2975)
[M::mem_pestat] skip orientation RR as there are not enough pairs
[M::mem_pestat] skip orientation RF
[M::mem_process_seqs] Processed 2820814 reads in 3394.316 CPU sec, 85.103 real sec
[M::process] read 2841712 sequences (400000061 bp)...
[M::mem_pestat] # candidate unique pairs for (FF, FR, RF, RR): (15, 680663, 94, 10)
[M::mem_pestat] analyzing insert size distribution for orientation FF...
[M::mem_pestat] (25, 50, 75) percentile: (409, 2438, 4194)
[M::mem_pestat] low and high boundaries for computing mean and std.dev: (1, 11764)
[M::mem_pestat] mean and std.dev: (2447.20, 2031.27)
[M::mem_pestat] low and high boundaries for proper pairs: (1, 15549)
[M::mem_pestat] analyzing insert size distribution for orientation FR...
[M::mem_pestat] (25, 50, 75) percentile: (192, 249, 319)
[M::mem_pestat] low and high boundaries for computing mean and std.dev: (1, 573)
[M::mem_pestat] mean and std.dev: (259.06, 93.28)
[M::mem_pestat] low and high boundaries for proper pairs: (1, 700)
[M::mem_pestat] analyzing insert size distribution for orientation RF...
[M::mem_pestat] (25, 50, 75) percentile: (137, 223, 649)
[M::mem_pestat] low and high boundaries for computing mean and std.dev: (1, 1673)
[M::mem_pestat] mean and std.dev: (334.55, 372.96)
[M::mem_pestat] low and high boundaries for proper pairs: (1, 2185)
[M::mem_pestat] analyzing insert size distribution for orientation RR...
[M::mem_pestat] (25, 50, 75) percentile: (187, 826, 3184)
[M::mem_pestat] low and high boundaries for computing mean and std.dev: (1, 9178)
[M::mem_pestat] mean and std.dev: (1816.33, 2613.73)
[M::mem_pestat] low and high boundaries for proper pairs: (1, 12271)
[M::mem_pestat] skip orientation FF
[M::mem_pestat] skip orientation RF
[M::mem_pestat] skip orientation RR
[M::mem_process_seqs] Processed 2826838 reads in 3436.126 CPU sec, 86.155 real sec
[M::process] read 2845116 sequences (400000169 bp)...
[M::mem_pestat] # candidate unique pairs for (FF, FR, RF, RR): (16, 681003, 73, 19)
[M::mem_pestat] analyzing insert size distribution for orientation FF...
[M::mem_pestat] (25, 50, 75) percentile: (205, 3599, 5596)
[M::mem_pestat] low and high boundaries for computing mean and std.dev: (1, 16378)
[M::mem_pestat] mean and std.dev: (2799.94, 2863.79)
[M::mem_pestat] low and high boundaries for proper pairs: (1, 21769)
[M::mem_pestat] analyzing insert size distribution for orientation FR...
[M::mem_pestat] (25, 50, 75) percentile: (192, 249, 319)
[M::mem_pestat] low and high boundaries for computing mean and std.dev: (1, 573)
[M::mem_pestat] mean and std.dev: (258.81, 93.61)
[M::mem_pestat] low and high boundaries for proper pairs: (1, 700)
[M::mem_pestat] analyzing insert size distribution for orientation RF...
[M::mem_pestat] (25, 50, 75) percentile: (175, 300, 1234)
[M::mem_pestat] low and high boundaries for computing mean and std.dev: (1, 3352)
[M::mem_pestat] mean and std.dev: (552.06, 670.41)
[M::mem_pestat] low and high boundaries for proper pairs: (1, 4411)
[M::mem_pestat] analyzing insert size distribution for orientation RR...
[M::mem_pestat] (25, 50, 75) percentile: (446, 1892, 5936)
[M::mem_pestat] low and high boundaries for computing mean and std.dev: (1, 16916)
[M::mem_pestat] mean and std.dev: (3014.47, 2864.44)
[M::mem_pestat] low and high boundaries for proper pairs: (1, 22406)
[M::mem_pestat] skip orientation FF
[M::mem_pestat] skip orientation RF
[M::mem_pestat] skip orientation RR
[M::mem_process_seqs] Processed 2841712 reads in 3447.115 CPU sec, 86.230 real sec
[M::process] read 2847526 sequences (400000251 bp)...
[M::mem_pestat] # candidate unique pairs for (FF, FR, RF, RR): (8, 682214, 95, 6)
[M::mem_pestat] skip orientation FF as there are not enough pairs
[M::mem_pestat] analyzing insert size distribution for orientation FR...
[M::mem_pestat] (25, 50, 75) percentile: (191, 248, 318)
[M::mem_pestat] low and high boundaries for computing mean and std.dev: (1, 572)
[M::mem_pestat] mean and std.dev: (258.31, 93.38)
[M::mem_pestat] low and high boundaries for proper pairs: (1, 699)
[M::mem_pestat] analyzing insert size distribution for orientation RF...
[M::mem_pestat] (25, 50, 75) percentile: (130, 791, 2922)
[M::mem_pestat] low and high boundaries for computing mean and std.dev: (1, 8506)
[M::mem_pestat] mean and std.dev: (1551.53, 2059.84)
[M::mem_pestat] low and high boundaries for proper pairs: (1, 11298)
[M::mem_pestat] skip orientation RR as there are not enough pairs
[M::mem_pestat] skip orientation RF
[M::mem_process_seqs] Processed 2845116 reads in 3816.141 CPU sec, 101.891 real sec
[M::process] read 2847812 sequences (400000279 bp)...
[M::mem_pestat] # candidate unique pairs for (FF, FR, RF, RR): (15, 682820, 95, 18)
[M::mem_pestat] analyzing insert size distribution for orientation FF...
[M::mem_pestat] (25, 50, 75) percentile: (127, 265, 810)
[M::mem_pestat] low and high boundaries for computing mean and std.dev: (1, 2176)
[M::mem_pestat] mean and std.dev: (237.58, 186.39)
[M::mem_pestat] low and high boundaries for proper pairs: (1, 2859)
[M::mem_pestat] analyzing insert size distribution for orientation FR...
[M::mem_pestat] (25, 50, 75) percentile: (191, 248, 318)
[M::mem_pestat] low and high boundaries for computing mean and std.dev: (1, 572)
[M::mem_pestat] mean and std.dev: (257.97, 93.46)
[M::mem_pestat] low and high boundaries for proper pairs: (1, 699)
[M::mem_pestat] analyzing insert size distribution for orientation RF...
[M::mem_pestat] (25, 50, 75) percentile: (115, 297, 2127)
[M::mem_pestat] low and high boundaries for computing mean and std.dev: (1, 6151)
[M::mem_pestat] mean and std.dev: (906.27, 1300.10)
[M::mem_pestat] low and high boundaries for proper pairs: (1, 8163)
[M::mem_pestat] analyzing insert size distribution for orientation RR...
[M::mem_pestat] (25, 50, 75) percentile: (500, 1933, 2597)
[M::mem_pestat] low and high boundaries for computing mean and std.dev: (1, 6791)
[M::mem_pestat] mean and std.dev: (1696.20, 1520.05)
[M::mem_pestat] low and high boundaries for proper pairs: (1, 8888)
[M::mem_pestat] skip orientation FF
[M::mem_pestat] skip orientation RF
[M::mem_pestat] skip orientation RR
[M::mem_process_seqs] Processed 2847526 reads in 3950.606 CPU sec, 99.019 real sec
[M::process] read 2829610 sequences (400000084 bp)...
[M::mem_pestat] # candidate unique pairs for (FF, FR, RF, RR): (15, 683760, 91, 15)
[M::mem_pestat] analyzing insert size distribution for orientation FF...
[M::mem_pestat] (25, 50, 75) percentile: (2421, 4334, 6636)
[M::mem_pestat] low and high boundaries for computing mean and std.dev: (1, 15066)
[M::mem_pestat] mean and std.dev: (3850.13, 2420.23)
[M::mem_pestat] low and high boundaries for proper pairs: (1, 19281)
[M::mem_pestat] analyzing insert size distribution for orientation FR...
[M::mem_pestat] (25, 50, 75) percentile: (191, 248, 319)
[M::mem_pestat] low and high boundaries for computing mean and std.dev: (1, 575)
[M::mem_pestat] mean and std.dev: (258.90, 94.00)
[M::mem_pestat] low and high boundaries for proper pairs: (1, 703)
[M::mem_pestat] analyzing insert size distribution for orientation RF...
[M::mem_pestat] (25, 50, 75) percentile: (128, 251, 2333)
[M::mem_pestat] low and high boundaries for computing mean and std.dev: (1, 6743)
[M::mem_pestat] mean and std.dev: (1132.66, 1566.00)
[M::mem_pestat] low and high boundaries for proper pairs: (1, 8948)
[M::mem_pestat] analyzing insert size distribution for orientation RR...
[M::mem_pestat] (25, 50, 75) percentile: (310, 955, 3875)
[M::mem_pestat] low and high boundaries for computing mean and std.dev: (1, 11005)
[M::mem_pestat] mean and std.dev: (1784.27, 1783.44)
[M::mem_pestat] low and high boundaries for proper pairs: (1, 14570)
[M::mem_pestat] skip orientation FF
[M::mem_pestat] skip orientation RF
[M::mem_pestat] skip orientation RR
[M::mem_process_seqs] Processed 2847812 reads in 3528.726 CPU sec, 88.481 real sec
[M::process] read 2803512 sequences (400000148 bp)...
[M::mem_pestat] # candidate unique pairs for (FF, FR, RF, RR): (6, 682235, 90, 18)
[M::mem_pestat] skip orientation FF as there are not enough pairs
[M::mem_pestat] analyzing insert size distribution for orientation FR...
[M::mem_pestat] (25, 50, 75) percentile: (191, 248, 318)
[M::mem_pestat] low and high boundaries for computing mean and std.dev: (1, 572)
[M::mem_pestat] mean and std.dev: (258.04, 93.69)
[M::mem_pestat] low and high boundaries for proper pairs: (1, 699)
[M::mem_pestat] analyzing insert size distribution for orientation RF...
[M::mem_pestat] (25, 50, 75) percentile: (129, 226, 1437)
[M::mem_pestat] low and high boundaries for computing mean and std.dev: (1, 4053)
[M::mem_pestat] mean and std.dev: (630.19, 900.43)
[M::mem_pestat] low and high boundaries for proper pairs: (1, 5361)
[M::mem_pestat] analyzing insert size distribution for orientation RR...
[M::mem_pestat] (25, 50, 75) percentile: (307, 4191, 5719)
[M::mem_pestat] low and high boundaries for computing mean and std.dev: (1, 16543)
[M::mem_pestat] mean and std.dev: (3777.22, 3037.81)
[M::mem_pestat] low and high boundaries for proper pairs: (1, 21955)
[M::mem_pestat] skip orientation RF
[M::mem_pestat] skip orientation RR
[M::mem_process_seqs] Processed 2829610 reads in 3452.133 CPU sec, 86.620 real sec
[M::process] read 2801666 sequences (400000122 bp)...
[M::mem_pestat] # candidate unique pairs for (FF, FR, RF, RR): (11, 679782, 83, 4)
[M::mem_pestat] analyzing insert size distribution for orientation FF...
[M::mem_pestat] (25, 50, 75) percentile: (672, 672, 884)
[M::mem_pestat] low and high boundaries for computing mean and std.dev: (248, 1308)
[M::mem_pestat] mean and std.dev: (656.14, 150.41)
[M::mem_pestat] low and high boundaries for proper pairs: (36, 1520)
[M::mem_pestat] analyzing insert size distribution for orientation FR...
[M::mem_pestat] (25, 50, 75) percentile: (192, 249, 319)
[M::mem_pestat] low and high boundaries for computing mean and std.dev: (1, 573)
[M::mem_pestat] mean and std.dev: (259.59, 93.90)
[M::mem_pestat] low and high boundaries for proper pairs: (1, 700)
[M::mem_pestat] analyzing insert size distribution for orientation RF...
[M::mem_pestat] (25, 50, 75) percentile: (97, 318, 2198)
[M::mem_pestat] low and high boundaries for computing mean and std.dev: (1, 6400)
[M::mem_pestat] mean and std.dev: (1059.94, 1577.31)
[M::mem_pestat] low and high boundaries for proper pairs: (1, 8501)
[M::mem_pestat] skip orientation RR as there are not enough pairs
[M::mem_pestat] skip orientation FF
[M::mem_pestat] skip orientation RF
[M::mem_process_seqs] Processed 2803512 reads in 3428.015 CPU sec, 85.952 real sec
[M::process] read 2797242 sequences (400000188 bp)...
[M::mem_pestat] # candidate unique pairs for (FF, FR, RF, RR): (9, 676825, 67, 17)
[M::mem_pestat] skip orientation FF as there are not enough pairs
[M::mem_pestat] analyzing insert size distribution for orientation FR...
[M::mem_pestat] (25, 50, 75) percentile: (194, 252, 322)
[M::mem_pestat] low and high boundaries for computing mean and std.dev: (1, 578)
[M::mem_pestat] mean and std.dev: (261.69, 94.31)
[M::mem_pestat] low and high boundaries for proper pairs: (1, 706)
[M::mem_pestat] analyzing insert size distribution for orientation RF...
[M::mem_pestat] (25, 50, 75) percentile: (141, 223, 607)
[M::mem_pestat] low and high boundaries for computing mean and std.dev: (1, 1539)
[M::mem_pestat] mean and std.dev: (275.15, 262.46)
[M::mem_pestat] low and high boundaries for proper pairs: (1, 2005)
[M::mem_pestat] analyzing insert size distribution for orientation RR...
[M::mem_pestat] (25, 50, 75) percentile: (184, 337, 4462)
[M::mem_pestat] low and high boundaries for computing mean and std.dev: (1, 13018)
[M::mem_pestat] mean and std.dev: (1920.82, 2233.39)
[M::mem_pestat] low and high boundaries for proper pairs: (1, 17296)
[M::mem_pestat] skip orientation RF
[M::mem_pestat] skip orientation RR
[M::mem_process_seqs] Processed 2801666 reads in 3441.759 CPU sec, 86.133 real sec
[M::process] read 2812190 sequences (400000290 bp)...
[M::mem_pestat] # candidate unique pairs for (FF, FR, RF, RR): (6, 675638, 69, 22)
[M::mem_pestat] skip orientation FF as there are not enough pairs
[M::mem_pestat] analyzing insert size distribution for orientation FR...
[M::mem_pestat] (25, 50, 75) percentile: (196, 254, 325)
[M::mem_pestat] low and high boundaries for computing mean and std.dev: (1, 583)
[M::mem_pestat] mean and std.dev: (263.98, 94.83)
[M::mem_pestat] low and high boundaries for proper pairs: (1, 712)
[M::mem_pestat] analyzing insert size distribution for orientation RF...
[M::mem_pestat] (25, 50, 75) percentile: (189, 282, 1384)
[M::mem_pestat] low and high boundaries for computing mean and std.dev: (1, 3774)
[M::mem_pestat] mean and std.dev: (549.50, 734.19)
[M::mem_pestat] low and high boundaries for proper pairs: (1, 4969)
[M::mem_pestat] analyzing insert size distribution for orientation RR...
[M::mem_pestat] (25, 50, 75) percentile: (372, 1112, 9822)
[M::mem_pestat] low and high boundaries for computing mean and std.dev: (1, 28722)
[M::mem_pestat] mean and std.dev: (4014.09, 4401.74)
[M::mem_pestat] low and high boundaries for proper pairs: (1, 38172)
[M::mem_pestat] skip orientation RF
[M::mem_pestat] skip orientation RR
[M::mem_process_seqs] Processed 2797242 reads in 3441.179 CPU sec, 86.302 real sec
[M::process] read 2820680 sequences (400000292 bp)...
[M::mem_pestat] # candidate unique pairs for (FF, FR, RF, RR): (5, 672666, 88, 6)
[M::mem_pestat] skip orientation FF as there are not enough pairs
[M::mem_pestat] analyzing insert size distribution for orientation FR...
[M::mem_pestat] (25, 50, 75) percentile: (197, 256, 327)
[M::mem_pestat] low and high boundaries for computing mean and std.dev: (1, 587)
[M::mem_pestat] mean and std.dev: (266.00, 95.19)
[M::mem_pestat] low and high boundaries for proper pairs: (1, 717)
[M::mem_pestat] analyzing insert size distribution for orientation RF...
[M::mem_pestat] (25, 50, 75) percentile: (123, 223, 2170)
[M::mem_pestat] low and high boundaries for computing mean and std.dev: (1, 6264)
[M::mem_pestat] mean and std.dev: (1102.40, 1717.05)
[M::mem_pestat] low and high boundaries for proper pairs: (1, 8311)
[M::mem_pestat] skip orientation RR as there are not enough pairs
[M::mem_pestat] skip orientation RF
[M::mem_process_seqs] Processed 2812190 reads in 3576.193 CPU sec, 89.937 real sec
[M::process] read 2820850 sequences (400000265 bp)...
[M::mem_pestat] # candidate unique pairs for (FF, FR, RF, RR): (6, 673174, 81, 17)
[M::mem_pestat] skip orientation FF as there are not enough pairs
[M::mem_pestat] analyzing insert size distribution for orientation FR...
[M::mem_pestat] (25, 50, 75) percentile: (196, 255, 327)
[M::mem_pestat] low and high boundaries for computing mean and std.dev: (1, 589)
[M::mem_pestat] mean and std.dev: (265.36, 95.67)
[M::mem_pestat] low and high boundaries for proper pairs: (1, 720)
[M::mem_pestat] analyzing insert size distribution for orientation RF...
[M::mem_pestat] (25, 50, 75) percentile: (104, 223, 1283)
[M::mem_pestat] low and high boundaries for computing mean and std.dev: (1, 3641)
[M::mem_pestat] mean and std.dev: (526.77, 794.38)
[M::mem_pestat] low and high boundaries for proper pairs: (1, 4820)
[M::mem_pestat] analyzing insert size distribution for orientation RR...
[M::mem_pestat] (25, 50, 75) percentile: (192, 295, 2326)
[M::mem_pestat] low and high boundaries for computing mean and std.dev: (1, 6594)
[M::mem_pestat] mean and std.dev: (1474.18, 1768.46)
[M::mem_pestat] low and high boundaries for proper pairs: (1, 8728)
[M::mem_pestat] skip orientation RF
[M::mem_pestat] skip orientation RR
[M::mem_process_seqs] Processed 2820680 reads in 3543.444 CPU sec, 88.667 real sec
[M::process] read 2636208 sequences (375322188 bp)...
[M::mem_pestat] # candidate unique pairs for (FF, FR, RF, RR): (11, 672175, 94, 9)
[M::mem_pestat] analyzing insert size distribution for orientation FF...
[M::mem_pestat] (25, 50, 75) percentile: (116, 161, 3102)
[M::mem_pestat] low and high boundaries for computing mean and std.dev: (1, 9074)
[M::mem_pestat] mean and std.dev: (1466.36, 1843.64)
[M::mem_pestat] low and high boundaries for proper pairs: (1, 12060)
[M::mem_pestat] analyzing insert size distribution for orientation FR...
[M::mem_pestat] (25, 50, 75) percentile: (197, 257, 329)
[M::mem_pestat] low and high boundaries for computing mean and std.dev: (1, 593)
[M::mem_pestat] mean and std.dev: (266.96, 96.27)
[M::mem_pestat] low and high boundaries for proper pairs: (1, 725)
[M::mem_pestat] analyzing insert size distribution for orientation RF...
[M::mem_pestat] (25, 50, 75) percentile: (168, 1116, 4406)
[M::mem_pestat] low and high boundaries for computing mean and std.dev: (1, 12882)
[M::mem_pestat] mean and std.dev: (2453.49, 2853.97)
[M::mem_pestat] low and high boundaries for proper pairs: (1, 17120)
[M::mem_pestat] skip orientation RR as there are not enough pairs
[M::mem_pestat] skip orientation FF
[M::mem_pestat] skip orientation RF
[M::mem_process_seqs] Processed 2820850 reads in 3524.721 CPU sec, 88.591 real sec
[M::mem_pestat] # candidate unique pairs for (FF, FR, RF, RR): (7, 630186, 83, 8)
[M::mem_pestat] skip orientation FF as there are not enough pairs
[M::mem_pestat] analyzing insert size distribution for orientation FR...
[M::mem_pestat] (25, 50, 75) percentile: (197, 257, 330)
[M::mem_pestat] low and high boundaries for computing mean and std.dev: (1, 596)
[M::mem_pestat] mean and std.dev: (267.17, 96.74)
[M::mem_pestat] low and high boundaries for proper pairs: (1, 729)
[M::mem_pestat] analyzing insert size distribution for orientation RF...
[M::mem_pestat] (25, 50, 75) percentile: (156, 224, 1494)
[M::mem_pestat] low and high boundaries for computing mean and std.dev: (1, 4170)
[M::mem_pestat] mean and std.dev: (674.84, 852.53)
[M::mem_pestat] low and high boundaries for proper pairs: (1, 5508)
[M::mem_pestat] skip orientation RR as there are not enough pairs
[M::mem_pestat] skip orientation RF
[M::mem_process_seqs] Processed 2636208 reads in 3284.460 CPU sec, 82.356 real sec
[main] Version: 0.7.17-r1188
[main] CMD: /home/shared/bwa-0.7.17/bwa mem -M -t 40 ../data/bwa-GCF_031168955.1_ASM3116895v1_genomic ../data/trimmed-fastqs-heatwave-genetics/MHW216_trimmed_clipped_R1_paired.fq.gz ../data/trimmed-fastqs-heatwave-genetics/MHW216_trimmed_clipped_R2_paired.fq.gz
[main] Real time: 2444.249 sec; CPU: 96793.572 sec
