[M::bwa_idx_load_from_disk] read 0 ALT contigs
[M::process] read 2801252 sequences (400000213 bp)...
[M::process] read 2800974 sequences (400000062 bp)...
[M::mem_pestat] # candidate unique pairs for (FF, FR, RF, RR): (7, 763983, 83, 14)
[M::mem_pestat] skip orientation FF as there are not enough pairs
[M::mem_pestat] analyzing insert size distribution for orientation FR...
[M::mem_pestat] (25, 50, 75) percentile: (171, 202, 294)
[M::mem_pestat] low and high boundaries for computing mean and std.dev: (1, 540)
[M::mem_pestat] mean and std.dev: (232.16, 85.24)
[M::mem_pestat] low and high boundaries for proper pairs: (1, 663)
[M::mem_pestat] analyzing insert size distribution for orientation RF...
[M::mem_pestat] (25, 50, 75) percentile: (131, 347, 2382)
[M::mem_pestat] low and high boundaries for computing mean and std.dev: (1, 6884)
[M::mem_pestat] mean and std.dev: (1099.67, 1406.35)
[M::mem_pestat] low and high boundaries for proper pairs: (1, 9135)
[M::mem_pestat] analyzing insert size distribution for orientation RR...
[M::mem_pestat] (25, 50, 75) percentile: (354, 5160, 5160)
[M::mem_pestat] low and high boundaries for computing mean and std.dev: (1, 14772)
[M::mem_pestat] mean and std.dev: (3220.36, 2943.07)
[M::mem_pestat] low and high boundaries for proper pairs: (1, 19578)
[M::mem_pestat] skip orientation RF
[M::mem_pestat] skip orientation RR
[M::mem_process_seqs] Processed 2801252 reads in 3302.668 CPU sec, 82.815 real sec
[M::process] read 2793628 sequences (400000238 bp)...
[M::mem_pestat] # candidate unique pairs for (FF, FR, RF, RR): (12, 762562, 83, 12)
[M::mem_pestat] analyzing insert size distribution for orientation FF...
[M::mem_pestat] (25, 50, 75) percentile: (73, 95, 1878)
[M::mem_pestat] low and high boundaries for computing mean and std.dev: (1, 5488)
[M::mem_pestat] mean and std.dev: (884.58, 1540.35)
[M::mem_pestat] low and high boundaries for proper pairs: (1, 7293)
[M::mem_pestat] analyzing insert size distribution for orientation FR...
[M::mem_pestat] (25, 50, 75) percentile: (173, 209, 304)
[M::mem_pestat] low and high boundaries for computing mean and std.dev: (1, 566)
[M::mem_pestat] mean and std.dev: (239.16, 88.10)
[M::mem_pestat] low and high boundaries for proper pairs: (1, 697)
[M::mem_pestat] analyzing insert size distribution for orientation RF...
[M::mem_pestat] (25, 50, 75) percentile: (145, 989, 2584)
[M::mem_pestat] low and high boundaries for computing mean and std.dev: (1, 7462)
[M::mem_pestat] mean and std.dev: (1334.81, 1469.04)
[M::mem_pestat] low and high boundaries for proper pairs: (1, 9901)
[M::mem_pestat] analyzing insert size distribution for orientation RR...
[M::mem_pestat] (25, 50, 75) percentile: (141, 300, 1656)
[M::mem_pestat] low and high boundaries for computing mean and std.dev: (1, 4686)
[M::mem_pestat] mean and std.dev: (777.00, 797.38)
[M::mem_pestat] low and high boundaries for proper pairs: (1, 6201)
[M::mem_pestat] skip orientation FF
[M::mem_pestat] skip orientation RF
[M::mem_pestat] skip orientation RR
[M::mem_process_seqs] Processed 2800974 reads in 3476.734 CPU sec, 87.215 real sec
[M::process] read 2796468 sequences (400000243 bp)...
[M::mem_pestat] # candidate unique pairs for (FF, FR, RF, RR): (12, 763774, 91, 4)
[M::mem_pestat] analyzing insert size distribution for orientation FF...
[M::mem_pestat] (25, 50, 75) percentile: (178, 240, 1066)
[M::mem_pestat] low and high boundaries for computing mean and std.dev: (1, 2842)
[M::mem_pestat] mean and std.dev: (394.20, 357.22)
[M::mem_pestat] low and high boundaries for proper pairs: (1, 3730)
[M::mem_pestat] analyzing insert size distribution for orientation FR...
[M::mem_pestat] (25, 50, 75) percentile: (171, 204, 297)
[M::mem_pestat] low and high boundaries for computing mean and std.dev: (1, 549)
[M::mem_pestat] mean and std.dev: (234.12, 86.05)
[M::mem_pestat] low and high boundaries for proper pairs: (1, 675)
[M::mem_pestat] analyzing insert size distribution for orientation RF...
[M::mem_pestat] (25, 50, 75) percentile: (223, 446, 1639)
[M::mem_pestat] low and high boundaries for computing mean and std.dev: (1, 4471)
[M::mem_pestat] mean and std.dev: (740.59, 842.30)
[M::mem_pestat] low and high boundaries for proper pairs: (1, 5887)
[M::mem_pestat] skip orientation RR as there are not enough pairs
[M::mem_pestat] skip orientation FF
[M::mem_pestat] skip orientation RF
[M::mem_process_seqs] Processed 2793628 reads in 3403.805 CPU sec, 85.360 real sec
[M::process] read 2795622 sequences (400000168 bp)...
[M::mem_pestat] # candidate unique pairs for (FF, FR, RF, RR): (12, 764602, 81, 10)
[M::mem_pestat] analyzing insert size distribution for orientation FF...
[M::mem_pestat] (25, 50, 75) percentile: (158, 2660, 4037)
[M::mem_pestat] low and high boundaries for computing mean and std.dev: (1, 11795)
[M::mem_pestat] mean and std.dev: (2036.83, 1927.41)
[M::mem_pestat] low and high boundaries for proper pairs: (1, 15674)
[M::mem_pestat] analyzing insert size distribution for orientation FR...
[M::mem_pestat] (25, 50, 75) percentile: (172, 208, 303)
[M::mem_pestat] low and high boundaries for computing mean and std.dev: (1, 565)
[M::mem_pestat] mean and std.dev: (237.94, 87.48)
[M::mem_pestat] low and high boundaries for proper pairs: (1, 696)
[M::mem_pestat] analyzing insert size distribution for orientation RF...
[M::mem_pestat] (25, 50, 75) percentile: (223, 809, 2455)
[M::mem_pestat] low and high boundaries for computing mean and std.dev: (1, 6919)
[M::mem_pestat] mean and std.dev: (1408.76, 1398.53)
[M::mem_pestat] low and high boundaries for proper pairs: (1, 9151)
[M::mem_pestat] analyzing insert size distribution for orientation RR...
[M::mem_pestat] (25, 50, 75) percentile: (569, 578, 578)
[M::mem_pestat] low and high boundaries for computing mean and std.dev: (551, 596)
[M::mem_pestat] mean and std.dev: (576.71, 3.15)
[M::mem_pestat] low and high boundaries for proper pairs: (542, 605)
[M::mem_pestat] skip orientation FF
[M::mem_pestat] skip orientation RF
[M::mem_pestat] skip orientation RR
[M::mem_process_seqs] Processed 2796468 reads in 3499.075 CPU sec, 87.753 real sec
[M::process] read 2794882 sequences (400000253 bp)...
[M::mem_pestat] # candidate unique pairs for (FF, FR, RF, RR): (7, 764075, 55, 5)
[M::mem_pestat] skip orientation FF as there are not enough pairs
[M::mem_pestat] analyzing insert size distribution for orientation FR...
[M::mem_pestat] (25, 50, 75) percentile: (172, 205, 299)
[M::mem_pestat] low and high boundaries for computing mean and std.dev: (1, 553)
[M::mem_pestat] mean and std.dev: (235.36, 86.34)
[M::mem_pestat] low and high boundaries for proper pairs: (1, 680)
[M::mem_pestat] analyzing insert size distribution for orientation RF...
[M::mem_pestat] (25, 50, 75) percentile: (187, 604, 2467)
[M::mem_pestat] low and high boundaries for computing mean and std.dev: (1, 7027)
[M::mem_pestat] mean and std.dev: (1540.13, 1926.07)
[M::mem_pestat] low and high boundaries for proper pairs: (1, 9307)
[M::mem_pestat] skip orientation RR as there are not enough pairs
[M::mem_pestat] skip orientation RF
[M::mem_process_seqs] Processed 2795622 reads in 3444.209 CPU sec, 86.569 real sec
[M::process] read 2792826 sequences (400000064 bp)...
[M::mem_pestat] # candidate unique pairs for (FF, FR, RF, RR): (6, 763597, 73, 11)
[M::mem_pestat] skip orientation FF as there are not enough pairs
[M::mem_pestat] analyzing insert size distribution for orientation FR...
[M::mem_pestat] (25, 50, 75) percentile: (172, 207, 301)
[M::mem_pestat] low and high boundaries for computing mean and std.dev: (1, 559)
[M::mem_pestat] mean and std.dev: (236.87, 87.13)
[M::mem_pestat] low and high boundaries for proper pairs: (1, 688)
[M::mem_pestat] analyzing insert size distribution for orientation RF...
[M::mem_pestat] (25, 50, 75) percentile: (165, 1057, 2447)
[M::mem_pestat] low and high boundaries for computing mean and std.dev: (1, 7011)
[M::mem_pestat] mean and std.dev: (1125.89, 1155.10)
[M::mem_pestat] low and high boundaries for proper pairs: (1, 9293)
[M::mem_pestat] analyzing insert size distribution for orientation RR...
[M::mem_pestat] (25, 50, 75) percentile: (126, 181, 1281)
[M::mem_pestat] low and high boundaries for computing mean and std.dev: (1, 3591)
[M::mem_pestat] mean and std.dev: (575.27, 629.87)
[M::mem_pestat] low and high boundaries for proper pairs: (1, 4746)
[M::mem_pestat] skip orientation RF
[M::mem_pestat] skip orientation RR
[M::mem_process_seqs] Processed 2794882 reads in 3471.732 CPU sec, 87.022 real sec
[M::process] read 2802254 sequences (400000049 bp)...
[M::mem_pestat] # candidate unique pairs for (FF, FR, RF, RR): (5, 763644, 66, 11)
[M::mem_pestat] skip orientation FF as there are not enough pairs
[M::mem_pestat] analyzing insert size distribution for orientation FR...
[M::mem_pestat] (25, 50, 75) percentile: (172, 206, 301)
[M::mem_pestat] low and high boundaries for computing mean and std.dev: (1, 559)
[M::mem_pestat] mean and std.dev: (236.38, 86.84)
[M::mem_pestat] low and high boundaries for proper pairs: (1, 688)
[M::mem_pestat] analyzing insert size distribution for orientation RF...
[M::mem_pestat] (25, 50, 75) percentile: (130, 576, 2280)
[M::mem_pestat] low and high boundaries for computing mean and std.dev: (1, 6580)
[M::mem_pestat] mean and std.dev: (988.33, 1222.43)
[M::mem_pestat] low and high boundaries for proper pairs: (1, 8730)
[M::mem_pestat] analyzing insert size distribution for orientation RR...
[M::mem_pestat] (25, 50, 75) percentile: (245, 270, 1473)
[M::mem_pestat] low and high boundaries for computing mean and std.dev: (1, 3929)
[M::mem_pestat] mean and std.dev: (802.36, 719.32)
[M::mem_pestat] low and high boundaries for proper pairs: (1, 5157)
[M::mem_pestat] skip orientation RF
[M::mem_pestat] skip orientation RR
[M::mem_process_seqs] Processed 2792826 reads in 3437.648 CPU sec, 86.046 real sec
[M::process] read 2820740 sequences (400000079 bp)...
[M::mem_pestat] # candidate unique pairs for (FF, FR, RF, RR): (5, 761882, 96, 15)
[M::mem_pestat] skip orientation FF as there are not enough pairs
[M::mem_pestat] analyzing insert size distribution for orientation FR...
[M::mem_pestat] (25, 50, 75) percentile: (173, 210, 306)
[M::mem_pestat] low and high boundaries for computing mean and std.dev: (1, 572)
[M::mem_pestat] mean and std.dev: (239.99, 88.42)
[M::mem_pestat] low and high boundaries for proper pairs: (1, 705)
[M::mem_pestat] analyzing insert size distribution for orientation RF...
[M::mem_pestat] (25, 50, 75) percentile: (134, 670, 2450)
[M::mem_pestat] low and high boundaries for computing mean and std.dev: (1, 7082)
[M::mem_pestat] mean and std.dev: (1297.16, 1425.91)
[M::mem_pestat] low and high boundaries for proper pairs: (1, 9398)
[M::mem_pestat] analyzing insert size distribution for orientation RR...
[M::mem_pestat] (25, 50, 75) percentile: (224, 1041, 2255)
[M::mem_pestat] low and high boundaries for computing mean and std.dev: (1, 6317)
[M::mem_pestat] mean and std.dev: (1198.40, 1181.24)
[M::mem_pestat] low and high boundaries for proper pairs: (1, 8348)
[M::mem_pestat] skip orientation RF
[M::mem_pestat] skip orientation RR
[M::mem_process_seqs] Processed 2802254 reads in 3551.123 CPU sec, 89.252 real sec
[M::process] read 2820376 sequences (400000135 bp)...
[M::mem_pestat] # candidate unique pairs for (FF, FR, RF, RR): (7, 762598, 94, 11)
[M::mem_pestat] skip orientation FF as there are not enough pairs
[M::mem_pestat] analyzing insert size distribution for orientation FR...
[M::mem_pestat] (25, 50, 75) percentile: (172, 208, 303)
[M::mem_pestat] low and high boundaries for computing mean and std.dev: (1, 565)
[M::mem_pestat] mean and std.dev: (237.88, 88.05)
[M::mem_pestat] low and high boundaries for proper pairs: (1, 696)
[M::mem_pestat] analyzing insert size distribution for orientation RF...
[M::mem_pestat] (25, 50, 75) percentile: (147, 599, 1563)
[M::mem_pestat] low and high boundaries for computing mean and std.dev: (1, 4395)
[M::mem_pestat] mean and std.dev: (884.31, 991.38)
[M::mem_pestat] low and high boundaries for proper pairs: (1, 5811)
[M::mem_pestat] analyzing insert size distribution for orientation RR...
[M::mem_pestat] (25, 50, 75) percentile: (244, 276, 1675)
[M::mem_pestat] low and high boundaries for computing mean and std.dev: (1, 4537)
[M::mem_pestat] mean and std.dev: (749.80, 947.25)
[M::mem_pestat] low and high boundaries for proper pairs: (1, 5968)
[M::mem_pestat] skip orientation RF
[M::mem_pestat] skip orientation RR
[M::mem_process_seqs] Processed 2820740 reads in 3479.299 CPU sec, 87.232 real sec
[M::process] read 2808012 sequences (400000051 bp)...
[M::mem_pestat] # candidate unique pairs for (FF, FR, RF, RR): (13, 762818, 85, 10)
[M::mem_pestat] analyzing insert size distribution for orientation FF...
[M::mem_pestat] (25, 50, 75) percentile: (177, 272, 3631)
[M::mem_pestat] low and high boundaries for computing mean and std.dev: (1, 10539)
[M::mem_pestat] mean and std.dev: (1367.69, 1833.78)
[M::mem_pestat] low and high boundaries for proper pairs: (1, 13993)
[M::mem_pestat] analyzing insert size distribution for orientation FR...
[M::mem_pestat] (25, 50, 75) percentile: (172, 208, 304)
[M::mem_pestat] low and high boundaries for computing mean and std.dev: (1, 568)
[M::mem_pestat] mean and std.dev: (238.58, 88.60)
[M::mem_pestat] low and high boundaries for proper pairs: (1, 700)
[M::mem_pestat] analyzing insert size distribution for orientation RF...
[M::mem_pestat] (25, 50, 75) percentile: (160, 504, 2269)
[M::mem_pestat] low and high boundaries for computing mean and std.dev: (1, 6487)
[M::mem_pestat] mean and std.dev: (994.41, 1138.77)
[M::mem_pestat] low and high boundaries for proper pairs: (1, 8596)
[M::mem_pestat] analyzing insert size distribution for orientation RR...
[M::mem_pestat] (25, 50, 75) percentile: (152, 1074, 2366)
[M::mem_pestat] low and high boundaries for computing mean and std.dev: (1, 6794)
[M::mem_pestat] mean and std.dev: (1251.60, 1131.33)
[M::mem_pestat] low and high boundaries for proper pairs: (1, 9008)
[M::mem_pestat] skip orientation FF
[M::mem_pestat] skip orientation RF
[M::mem_pestat] skip orientation RR
[M::mem_process_seqs] Processed 2820376 reads in 3511.094 CPU sec, 88.015 real sec
[M::process] read 2820170 sequences (400000282 bp)...
[M::mem_pestat] # candidate unique pairs for (FF, FR, RF, RR): (4, 763690, 64, 6)
[M::mem_pestat] skip orientation FF as there are not enough pairs
[M::mem_pestat] analyzing insert size distribution for orientation FR...
[M::mem_pestat] (25, 50, 75) percentile: (172, 209, 305)
[M::mem_pestat] low and high boundaries for computing mean and std.dev: (1, 571)
[M::mem_pestat] mean and std.dev: (238.97, 88.57)
[M::mem_pestat] low and high boundaries for proper pairs: (1, 704)
[M::mem_pestat] analyzing insert size distribution for orientation RF...
[M::mem_pestat] (25, 50, 75) percentile: (154, 567, 1587)
[M::mem_pestat] low and high boundaries for computing mean and std.dev: (1, 4453)
[M::mem_pestat] mean and std.dev: (725.98, 831.86)
[M::mem_pestat] low and high boundaries for proper pairs: (1, 5886)
[M::mem_pestat] skip orientation RR as there are not enough pairs
[M::mem_pestat] skip orientation RF
[M::mem_process_seqs] Processed 2808012 reads in 3460.556 CPU sec, 86.749 real sec
[M::process] read 2810550 sequences (400000206 bp)...
[M::mem_pestat] # candidate unique pairs for (FF, FR, RF, RR): (5, 764589, 83, 9)
[M::mem_pestat] skip orientation FF as there are not enough pairs
[M::mem_pestat] analyzing insert size distribution for orientation FR...
[M::mem_pestat] (25, 50, 75) percentile: (172, 208, 303)
[M::mem_pestat] low and high boundaries for computing mean and std.dev: (1, 565)
[M::mem_pestat] mean and std.dev: (237.99, 88.06)
[M::mem_pestat] low and high boundaries for proper pairs: (1, 696)
[M::mem_pestat] analyzing insert size distribution for orientation RF...
[M::mem_pestat] (25, 50, 75) percentile: (114, 227, 1878)
[M::mem_pestat] low and high boundaries for computing mean and std.dev: (1, 5406)
[M::mem_pestat] mean and std.dev: (811.19, 1251.15)
[M::mem_pestat] low and high boundaries for proper pairs: (1, 7170)
[M::mem_pestat] skip orientation RR as there are not enough pairs
[M::mem_pestat] skip orientation RF
[M::mem_process_seqs] Processed 2820170 reads in 3490.767 CPU sec, 87.484 real sec
[M::process] read 2819586 sequences (400000233 bp)...
[M::mem_pestat] # candidate unique pairs for (FF, FR, RF, RR): (7, 764331, 76, 5)
[M::mem_pestat] skip orientation FF as there are not enough pairs
[M::mem_pestat] analyzing insert size distribution for orientation FR...
[M::mem_pestat] (25, 50, 75) percentile: (172, 208, 304)
[M::mem_pestat] low and high boundaries for computing mean and std.dev: (1, 568)
[M::mem_pestat] mean and std.dev: (238.76, 88.43)
[M::mem_pestat] low and high boundaries for proper pairs: (1, 700)
[M::mem_pestat] analyzing insert size distribution for orientation RF...
[M::mem_pestat] (25, 50, 75) percentile: (192, 384, 2373)
[M::mem_pestat] low and high boundaries for computing mean and std.dev: (1, 6735)
[M::mem_pestat] mean and std.dev: (1196.57, 1548.07)
[M::mem_pestat] low and high boundaries for proper pairs: (1, 8916)
[M::mem_pestat] skip orientation RR as there are not enough pairs
[M::mem_pestat] skip orientation RF
[M::mem_process_seqs] Processed 2810550 reads in 3475.459 CPU sec, 87.129 real sec
[M::process] read 2801338 sequences (400000083 bp)...
[M::mem_pestat] # candidate unique pairs for (FF, FR, RF, RR): (7, 764366, 68, 11)
[M::mem_pestat] skip orientation FF as there are not enough pairs
[M::mem_pestat] analyzing insert size distribution for orientation FR...
[M::mem_pestat] (25, 50, 75) percentile: (172, 206, 301)
[M::mem_pestat] low and high boundaries for computing mean and std.dev: (1, 559)
[M::mem_pestat] mean and std.dev: (236.62, 87.51)
[M::mem_pestat] low and high boundaries for proper pairs: (1, 688)
[M::mem_pestat] analyzing insert size distribution for orientation RF...
[M::mem_pestat] (25, 50, 75) percentile: (182, 682, 2442)
[M::mem_pestat] low and high boundaries for computing mean and std.dev: (1, 6962)
[M::mem_pestat] mean and std.dev: (1121.12, 1259.99)
[M::mem_pestat] low and high boundaries for proper pairs: (1, 9222)
[M::mem_pestat] analyzing insert size distribution for orientation RR...
[M::mem_pestat] (25, 50, 75) percentile: (2255, 2255, 3535)
[M::mem_pestat] low and high boundaries for computing mean and std.dev: (1, 6095)
[M::mem_pestat] mean and std.dev: (2132.10, 1388.77)
[M::mem_pestat] low and high boundaries for proper pairs: (1, 7687)
[M::mem_pestat] skip orientation RF
[M::mem_pestat] skip orientation RR
[M::mem_process_seqs] Processed 2819586 reads in 3555.595 CPU sec, 89.131 real sec
[M::process] read 2797334 sequences (400000134 bp)...
[M::mem_pestat] # candidate unique pairs for (FF, FR, RF, RR): (10, 763427, 72, 19)
[M::mem_pestat] analyzing insert size distribution for orientation FF...
[M::mem_pestat] (25, 50, 75) percentile: (2039, 2623, 3797)
[M::mem_pestat] low and high boundaries for computing mean and std.dev: (1, 7313)
[M::mem_pestat] mean and std.dev: (2651.00, 1137.32)
[M::mem_pestat] low and high boundaries for proper pairs: (1, 9071)
[M::mem_pestat] analyzing insert size distribution for orientation FR...
[M::mem_pestat] (25, 50, 75) percentile: (173, 209, 305)
[M::mem_pestat] low and high boundaries for computing mean and std.dev: (1, 569)
[M::mem_pestat] mean and std.dev: (239.16, 88.85)
[M::mem_pestat] low and high boundaries for proper pairs: (1, 701)
[M::mem_pestat] analyzing insert size distribution for orientation RF...
[M::mem_pestat] (25, 50, 75) percentile: (128, 248, 1837)
[M::mem_pestat] low and high boundaries for computing mean and std.dev: (1, 5255)
[M::mem_pestat] mean and std.dev: (909.00, 1098.11)
[M::mem_pestat] low and high boundaries for proper pairs: (1, 6964)
[M::mem_pestat] analyzing insert size distribution for orientation RR...
[M::mem_pestat] (25, 50, 75) percentile: (388, 1473, 2926)
[M::mem_pestat] low and high boundaries for computing mean and std.dev: (1, 8002)
[M::mem_pestat] mean and std.dev: (1940.05, 1658.11)
[M::mem_pestat] low and high boundaries for proper pairs: (1, 10540)
[M::mem_pestat] skip orientation FF
[M::mem_pestat] skip orientation RF
[M::mem_pestat] skip orientation RR
[M::mem_process_seqs] Processed 2801338 reads in 3486.116 CPU sec, 87.404 real sec
[M::process] read 2792458 sequences (400000260 bp)...
[M::mem_pestat] # candidate unique pairs for (FF, FR, RF, RR): (12, 763325, 88, 10)
[M::mem_pestat] analyzing insert size distribution for orientation FF...
[M::mem_pestat] (25, 50, 75) percentile: (258, 409, 1678)
[M::mem_pestat] low and high boundaries for computing mean and std.dev: (1, 4518)
[M::mem_pestat] mean and std.dev: (980.25, 1039.85)
[M::mem_pestat] low and high boundaries for proper pairs: (1, 5938)
[M::mem_pestat] analyzing insert size distribution for orientation FR...
[M::mem_pestat] (25, 50, 75) percentile: (172, 206, 300)
[M::mem_pestat] low and high boundaries for computing mean and std.dev: (1, 556)
[M::mem_pestat] mean and std.dev: (235.76, 86.89)
[M::mem_pestat] low and high boundaries for proper pairs: (1, 684)
[M::mem_pestat] analyzing insert size distribution for orientation RF...
[M::mem_pestat] (25, 50, 75) percentile: (143, 523, 1998)
[M::mem_pestat] low and high boundaries for computing mean and std.dev: (1, 5708)
[M::mem_pestat] mean and std.dev: (1003.50, 1168.37)
[M::mem_pestat] low and high boundaries for proper pairs: (1, 7563)
[M::mem_pestat] analyzing insert size distribution for orientation RR...
[M::mem_pestat] (25, 50, 75) percentile: (104, 252, 371)
[M::mem_pestat] low and high boundaries for computing mean and std.dev: (1, 905)
[M::mem_pestat] mean and std.dev: (181.75, 102.82)
[M::mem_pestat] low and high boundaries for proper pairs: (1, 1172)
[M::mem_pestat] skip orientation FF
[M::mem_pestat] skip orientation RF
[M::mem_pestat] skip orientation RR
[M::mem_process_seqs] Processed 2797334 reads in 3448.559 CPU sec, 86.449 real sec
[M::process] read 2790756 sequences (400000111 bp)...
[M::mem_pestat] # candidate unique pairs for (FF, FR, RF, RR): (3, 764361, 71, 10)
[M::mem_pestat] skip orientation FF as there are not enough pairs
[M::mem_pestat] analyzing insert size distribution for orientation FR...
[M::mem_pestat] (25, 50, 75) percentile: (173, 209, 304)
[M::mem_pestat] low and high boundaries for computing mean and std.dev: (1, 566)
[M::mem_pestat] mean and std.dev: (239.04, 87.91)
[M::mem_pestat] low and high boundaries for proper pairs: (1, 697)
[M::mem_pestat] analyzing insert size distribution for orientation RF...
[M::mem_pestat] (25, 50, 75) percentile: (204, 343, 1703)
[M::mem_pestat] low and high boundaries for computing mean and std.dev: (1, 4701)
[M::mem_pestat] mean and std.dev: (734.71, 957.18)
[M::mem_pestat] low and high boundaries for proper pairs: (1, 6200)
[M::mem_pestat] analyzing insert size distribution for orientation RR...
[M::mem_pestat] (25, 50, 75) percentile: (655, 2436, 3195)
[M::mem_pestat] low and high boundaries for computing mean and std.dev: (1, 8275)
[M::mem_pestat] mean and std.dev: (2062.60, 1121.41)
[M::mem_pestat] low and high boundaries for proper pairs: (1, 10815)
[M::mem_pestat] skip orientation RF
[M::mem_pestat] skip orientation RR
[M::mem_process_seqs] Processed 2792458 reads in 3458.914 CPU sec, 86.701 real sec
[M::process] read 2794386 sequences (400000044 bp)...
[M::mem_pestat] # candidate unique pairs for (FF, FR, RF, RR): (5, 763139, 70, 4)
[M::mem_pestat] skip orientation FF as there are not enough pairs
[M::mem_pestat] analyzing insert size distribution for orientation FR...
[M::mem_pestat] (25, 50, 75) percentile: (172, 206, 300)
[M::mem_pestat] low and high boundaries for computing mean and std.dev: (1, 556)
[M::mem_pestat] mean and std.dev: (236.27, 86.71)
[M::mem_pestat] low and high boundaries for proper pairs: (1, 684)
[M::mem_pestat] analyzing insert size distribution for orientation RF...
[M::mem_pestat] (25, 50, 75) percentile: (195, 496, 2412)
[M::mem_pestat] low and high boundaries for computing mean and std.dev: (1, 6846)
[M::mem_pestat] mean and std.dev: (1019.32, 1099.44)
[M::mem_pestat] low and high boundaries for proper pairs: (1, 9063)
[M::mem_pestat] skip orientation RR as there are not enough pairs
[M::mem_pestat] skip orientation RF
[M::mem_process_seqs] Processed 2790756 reads in 3688.136 CPU sec, 98.933 real sec
[M::process] read 2791982 sequences (400000085 bp)...
[M::mem_pestat] # candidate unique pairs for (FF, FR, RF, RR): (6, 764693, 85, 9)
[M::mem_pestat] skip orientation FF as there are not enough pairs
[M::mem_pestat] analyzing insert size distribution for orientation FR...
[M::mem_pestat] (25, 50, 75) percentile: (173, 209, 303)
[M::mem_pestat] low and high boundaries for computing mean and std.dev: (1, 563)
[M::mem_pestat] mean and std.dev: (238.39, 87.34)
[M::mem_pestat] low and high boundaries for proper pairs: (1, 693)
[M::mem_pestat] analyzing insert size distribution for orientation RF...
[M::mem_pestat] (25, 50, 75) percentile: (159, 690, 2464)
[M::mem_pestat] low and high boundaries for computing mean and std.dev: (1, 7074)
[M::mem_pestat] mean and std.dev: (1382.13, 1555.42)
[M::mem_pestat] low and high boundaries for proper pairs: (1, 9379)
[M::mem_pestat] skip orientation RR as there are not enough pairs
[M::mem_pestat] skip orientation RF
[M::mem_process_seqs] Processed 2794386 reads in 3501.613 CPU sec, 87.618 real sec
[M::process] read 2791500 sequences (400000046 bp)...
[M::mem_pestat] # candidate unique pairs for (FF, FR, RF, RR): (8, 763074, 77, 9)
[M::mem_pestat] skip orientation FF as there are not enough pairs
[M::mem_pestat] analyzing insert size distribution for orientation FR...
[M::mem_pestat] (25, 50, 75) percentile: (172, 208, 303)
[M::mem_pestat] low and high boundaries for computing mean and std.dev: (1, 565)
[M::mem_pestat] mean and std.dev: (238.12, 87.81)
[M::mem_pestat] low and high boundaries for proper pairs: (1, 696)
[M::mem_pestat] analyzing insert size distribution for orientation RF...
[M::mem_pestat] (25, 50, 75) percentile: (203, 669, 1885)
[M::mem_pestat] low and high boundaries for computing mean and std.dev: (1, 5249)
[M::mem_pestat] mean and std.dev: (1051.91, 1066.74)
[M::mem_pestat] low and high boundaries for proper pairs: (1, 6931)
[M::mem_pestat] skip orientation RR as there are not enough pairs
[M::mem_pestat] skip orientation RF
[M::mem_process_seqs] Processed 2791982 reads in 3447.229 CPU sec, 86.646 real sec
[M::process] read 2785120 sequences (400000248 bp)...
[M::mem_pestat] # candidate unique pairs for (FF, FR, RF, RR): (5, 764038, 52, 9)
[M::mem_pestat] skip orientation FF as there are not enough pairs
[M::mem_pestat] analyzing insert size distribution for orientation FR...
[M::mem_pestat] (25, 50, 75) percentile: (172, 208, 302)
[M::mem_pestat] low and high boundaries for computing mean and std.dev: (1, 562)
[M::mem_pestat] mean and std.dev: (237.60, 87.42)
[M::mem_pestat] low and high boundaries for proper pairs: (1, 692)
[M::mem_pestat] analyzing insert size distribution for orientation RF...
[M::mem_pestat] (25, 50, 75) percentile: (335, 1185, 2479)
[M::mem_pestat] low and high boundaries for computing mean and std.dev: (1, 6767)
[M::mem_pestat] mean and std.dev: (1425.55, 1277.01)
[M::mem_pestat] low and high boundaries for proper pairs: (1, 8911)
[M::mem_pestat] skip orientation RR as there are not enough pairs
[M::mem_pestat] skip orientation RF
[M::mem_process_seqs] Processed 2791500 reads in 3443.866 CPU sec, 86.329 real sec
[M::process] read 2802166 sequences (400000036 bp)...
[M::mem_pestat] # candidate unique pairs for (FF, FR, RF, RR): (3, 761028, 77, 7)
[M::mem_pestat] skip orientation FF as there are not enough pairs
[M::mem_pestat] analyzing insert size distribution for orientation FR...
[M::mem_pestat] (25, 50, 75) percentile: (173, 210, 305)
[M::mem_pestat] low and high boundaries for computing mean and std.dev: (1, 569)
[M::mem_pestat] mean and std.dev: (239.34, 88.31)
[M::mem_pestat] low and high boundaries for proper pairs: (1, 701)
[M::mem_pestat] analyzing insert size distribution for orientation RF...
[M::mem_pestat] (25, 50, 75) percentile: (180, 347, 2435)
[M::mem_pestat] low and high boundaries for computing mean and std.dev: (1, 6945)
[M::mem_pestat] mean and std.dev: (1047.10, 1400.25)
[M::mem_pestat] low and high boundaries for proper pairs: (1, 9200)
[M::mem_pestat] skip orientation RR as there are not enough pairs
[M::mem_pestat] skip orientation RF
[M::mem_process_seqs] Processed 2785120 reads in 3456.988 CPU sec, 86.711 real sec
[M::process] read 2813470 sequences (400000213 bp)...
[M::mem_pestat] # candidate unique pairs for (FF, FR, RF, RR): (5, 762050, 74, 13)
[M::mem_pestat] skip orientation FF as there are not enough pairs
[M::mem_pestat] analyzing insert size distribution for orientation FR...
[M::mem_pestat] (25, 50, 75) percentile: (173, 209, 305)
[M::mem_pestat] low and high boundaries for computing mean and std.dev: (1, 569)
[M::mem_pestat] mean and std.dev: (239.14, 88.26)
[M::mem_pestat] low and high boundaries for proper pairs: (1, 701)
[M::mem_pestat] analyzing insert size distribution for orientation RF...
[M::mem_pestat] (25, 50, 75) percentile: (115, 526, 2033)
[M::mem_pestat] low and high boundaries for computing mean and std.dev: (1, 5869)
[M::mem_pestat] mean and std.dev: (1087.19, 1337.16)
[M::mem_pestat] low and high boundaries for proper pairs: (1, 7787)
[M::mem_pestat] analyzing insert size distribution for orientation RR...
[M::mem_pestat] (25, 50, 75) percentile: (46, 274, 3191)
[M::mem_pestat] low and high boundaries for computing mean and std.dev: (1, 9481)
[M::mem_pestat] mean and std.dev: (1176.33, 1345.69)
[M::mem_pestat] low and high boundaries for proper pairs: (1, 12626)
[M::mem_pestat] skip orientation RF
[M::mem_pestat] skip orientation RR
[M::mem_process_seqs] Processed 2802166 reads in 3498.450 CPU sec, 87.703 real sec
[M::process] read 2816802 sequences (400000231 bp)...
[M::mem_pestat] # candidate unique pairs for (FF, FR, RF, RR): (14, 763596, 72, 10)
[M::mem_pestat] analyzing insert size distribution for orientation FF...
[M::mem_pestat] (25, 50, 75) percentile: (205, 451, 1749)
[M::mem_pestat] low and high boundaries for computing mean and std.dev: (1, 4837)
[M::mem_pestat] mean and std.dev: (1124.07, 1161.13)
[M::mem_pestat] low and high boundaries for proper pairs: (1, 6381)
[M::mem_pestat] analyzing insert size distribution for orientation FR...
[M::mem_pestat] (25, 50, 75) percentile: (172, 208, 304)
[M::mem_pestat] low and high boundaries for computing mean and std.dev: (1, 568)
[M::mem_pestat] mean and std.dev: (238.35, 88.44)
[M::mem_pestat] low and high boundaries for proper pairs: (1, 700)
[M::mem_pestat] analyzing insert size distribution for orientation RF...
[M::mem_pestat] (25, 50, 75) percentile: (157, 438, 1740)
[M::mem_pestat] low and high boundaries for computing mean and std.dev: (1, 4906)
[M::mem_pestat] mean and std.dev: (946.71, 1061.15)
[M::mem_pestat] low and high boundaries for proper pairs: (1, 6489)
[M::mem_pestat] analyzing insert size distribution for orientation RR...
[M::mem_pestat] (25, 50, 75) percentile: (926, 1639, 2221)
[M::mem_pestat] low and high boundaries for computing mean and std.dev: (1, 4811)
[M::mem_pestat] mean and std.dev: (1348.11, 764.57)
[M::mem_pestat] low and high boundaries for proper pairs: (1, 6106)
[M::mem_pestat] skip orientation FF
[M::mem_pestat] skip orientation RF
[M::mem_pestat] skip orientation RR
[M::mem_process_seqs] Processed 2813470 reads in 3468.672 CPU sec, 86.950 real sec
[M::process] read 2809004 sequences (400000016 bp)...
[M::mem_pestat] # candidate unique pairs for (FF, FR, RF, RR): (7, 762019, 92, 5)
[M::mem_pestat] skip orientation FF as there are not enough pairs
[M::mem_pestat] analyzing insert size distribution for orientation FR...
[M::mem_pestat] (25, 50, 75) percentile: (173, 209, 305)
[M::mem_pestat] low and high boundaries for computing mean and std.dev: (1, 569)
[M::mem_pestat] mean and std.dev: (239.39, 88.98)
[M::mem_pestat] low and high boundaries for proper pairs: (1, 701)
[M::mem_pestat] analyzing insert size distribution for orientation RF...
[M::mem_pestat] (25, 50, 75) percentile: (163, 779, 1574)
[M::mem_pestat] low and high boundaries for computing mean and std.dev: (1, 4396)
[M::mem_pestat] mean and std.dev: (891.08, 837.01)
[M::mem_pestat] low and high boundaries for proper pairs: (1, 5807)
[M::mem_pestat] skip orientation RR as there are not enough pairs
[M::mem_pestat] skip orientation RF
[M::mem_process_seqs] Processed 2816802 reads in 3501.877 CPU sec, 87.866 real sec
[M::process] read 2813384 sequences (400000220 bp)...
[M::mem_pestat] # candidate unique pairs for (FF, FR, RF, RR): (13, 764585, 86, 5)
[M::mem_pestat] analyzing insert size distribution for orientation FF...
[M::mem_pestat] (25, 50, 75) percentile: (288, 1586, 5742)
[M::mem_pestat] low and high boundaries for computing mean and std.dev: (1, 16650)
[M::mem_pestat] mean and std.dev: (2534.54, 2938.89)
[M::mem_pestat] low and high boundaries for proper pairs: (1, 22104)
[M::mem_pestat] analyzing insert size distribution for orientation FR...
[M::mem_pestat] (25, 50, 75) percentile: (172, 208, 304)
[M::mem_pestat] low and high boundaries for computing mean and std.dev: (1, 568)
[M::mem_pestat] mean and std.dev: (238.40, 88.32)
[M::mem_pestat] low and high boundaries for proper pairs: (1, 700)
[M::mem_pestat] analyzing insert size distribution for orientation RF...
[M::mem_pestat] (25, 50, 75) percentile: (57, 316, 1300)
[M::mem_pestat] low and high boundaries for computing mean and std.dev: (1, 3786)
[M::mem_pestat] mean and std.dev: (684.49, 952.14)
[M::mem_pestat] low and high boundaries for proper pairs: (1, 5029)
[M::mem_pestat] skip orientation RR as there are not enough pairs
[M::mem_pestat] skip orientation FF
[M::mem_pestat] skip orientation RF
[M::mem_process_seqs] Processed 2809004 reads in 3462.681 CPU sec, 86.609 real sec
[M::process] read 2815850 sequences (400000029 bp)...
[M::mem_pestat] # candidate unique pairs for (FF, FR, RF, RR): (5, 761217, 77, 5)
[M::mem_pestat] skip orientation FF as there are not enough pairs
[M::mem_pestat] analyzing insert size distribution for orientation FR...
[M::mem_pestat] (25, 50, 75) percentile: (173, 209, 307)
[M::mem_pestat] low and high boundaries for computing mean and std.dev: (1, 575)
[M::mem_pestat] mean and std.dev: (240.30, 89.72)
[M::mem_pestat] low and high boundaries for proper pairs: (1, 709)
[M::mem_pestat] analyzing insert size distribution for orientation RF...
[M::mem_pestat] (25, 50, 75) percentile: (128, 425, 2434)
[M::mem_pestat] low and high boundaries for computing mean and std.dev: (1, 7046)
[M::mem_pestat] mean and std.dev: (1244.93, 1463.73)
[M::mem_pestat] low and high boundaries for proper pairs: (1, 9352)
[M::mem_pestat] skip orientation RR as there are not enough pairs
[M::mem_pestat] skip orientation RF
[M::mem_process_seqs] Processed 2813384 reads in 3479.116 CPU sec, 87.255 real sec
[M::process] read 2799250 sequences (400000018 bp)...
[M::mem_pestat] # candidate unique pairs for (FF, FR, RF, RR): (3, 765318, 65, 12)
[M::mem_pestat] skip orientation FF as there are not enough pairs
[M::mem_pestat] analyzing insert size distribution for orientation FR...
[M::mem_pestat] (25, 50, 75) percentile: (173, 209, 305)
[M::mem_pestat] low and high boundaries for computing mean and std.dev: (1, 569)
[M::mem_pestat] mean and std.dev: (239.20, 88.74)
[M::mem_pestat] low and high boundaries for proper pairs: (1, 701)
[M::mem_pestat] analyzing insert size distribution for orientation RF...
[M::mem_pestat] (25, 50, 75) percentile: (128, 310, 2140)
[M::mem_pestat] low and high boundaries for computing mean and std.dev: (1, 6164)
[M::mem_pestat] mean and std.dev: (884.57, 1213.30)
[M::mem_pestat] low and high boundaries for proper pairs: (1, 8176)
[M::mem_pestat] analyzing insert size distribution for orientation RR...
[M::mem_pestat] (25, 50, 75) percentile: (179, 510, 2598)
[M::mem_pestat] low and high boundaries for computing mean and std.dev: (1, 7436)
[M::mem_pestat] mean and std.dev: (1514.25, 2189.30)
[M::mem_pestat] low and high boundaries for proper pairs: (1, 10271)
[M::mem_pestat] skip orientation RF
[M::mem_pestat] skip orientation RR
[M::mem_process_seqs] Processed 2815850 reads in 3502.674 CPU sec, 87.838 real sec
[M::process] read 2798046 sequences (400000022 bp)...
[M::mem_pestat] # candidate unique pairs for (FF, FR, RF, RR): (9, 762707, 83, 9)
[M::mem_pestat] skip orientation FF as there are not enough pairs
[M::mem_pestat] analyzing insert size distribution for orientation FR...
[M::mem_pestat] (25, 50, 75) percentile: (173, 209, 305)
[M::mem_pestat] low and high boundaries for computing mean and std.dev: (1, 569)
[M::mem_pestat] mean and std.dev: (239.40, 89.07)
[M::mem_pestat] low and high boundaries for proper pairs: (1, 701)
[M::mem_pestat] analyzing insert size distribution for orientation RF...
[M::mem_pestat] (25, 50, 75) percentile: (116, 369, 2359)
[M::mem_pestat] low and high boundaries for computing mean and std.dev: (1, 6845)
[M::mem_pestat] mean and std.dev: (1089.85, 1492.35)
[M::mem_pestat] low and high boundaries for proper pairs: (1, 9088)
[M::mem_pestat] skip orientation RR as there are not enough pairs
[M::mem_pestat] skip orientation RF
[M::mem_process_seqs] Processed 2799250 reads in 3467.761 CPU sec, 86.979 real sec
[M::process] read 2797324 sequences (400000121 bp)...
[M::mem_pestat] # candidate unique pairs for (FF, FR, RF, RR): (9, 764853, 83, 11)
[M::mem_pestat] skip orientation FF as there are not enough pairs
[M::mem_pestat] analyzing insert size distribution for orientation FR...
[M::mem_pestat] (25, 50, 75) percentile: (172, 207, 302)
[M::mem_pestat] low and high boundaries for computing mean and std.dev: (1, 562)
[M::mem_pestat] mean and std.dev: (237.38, 87.79)
[M::mem_pestat] low and high boundaries for proper pairs: (1, 692)
[M::mem_pestat] analyzing insert size distribution for orientation RF...
[M::mem_pestat] (25, 50, 75) percentile: (154, 421, 1429)
[M::mem_pestat] low and high boundaries for computing mean and std.dev: (1, 3979)
[M::mem_pestat] mean and std.dev: (810.74, 964.95)
[M::mem_pestat] low and high boundaries for proper pairs: (1, 5254)
[M::mem_pestat] analyzing insert size distribution for orientation RR...
[M::mem_pestat] (25, 50, 75) percentile: (237, 237, 9944)
[M::mem_pestat] low and high boundaries for computing mean and std.dev: (1, 29358)
[M::mem_pestat] mean and std.dev: (3150.82, 4243.02)
[M::mem_pestat] low and high boundaries for proper pairs: (1, 39065)
[M::mem_pestat] skip orientation RF
[M::mem_pestat] skip orientation RR
[M::mem_process_seqs] Processed 2798046 reads in 3449.921 CPU sec, 86.592 real sec
[M::process] read 2796504 sequences (400000172 bp)...
[M::mem_pestat] # candidate unique pairs for (FF, FR, RF, RR): (6, 764011, 91, 10)
[M::mem_pestat] skip orientation FF as there are not enough pairs
[M::mem_pestat] analyzing insert size distribution for orientation FR...
[M::mem_pestat] (25, 50, 75) percentile: (171, 204, 294)
[M::mem_pestat] low and high boundaries for computing mean and std.dev: (1, 540)
[M::mem_pestat] mean and std.dev: (232.79, 83.92)
[M::mem_pestat] low and high boundaries for proper pairs: (1, 663)
[M::mem_pestat] analyzing insert size distribution for orientation RF...
[M::mem_pestat] (25, 50, 75) percentile: (129, 457, 1970)
[M::mem_pestat] low and high boundaries for computing mean and std.dev: (1, 5652)
[M::mem_pestat] mean and std.dev: (903.04, 1060.52)
[M::mem_pestat] low and high boundaries for proper pairs: (1, 7493)
[M::mem_pestat] analyzing insert size distribution for orientation RR...
[M::mem_pestat] (25, 50, 75) percentile: (145, 6002, 6560)
[M::mem_pestat] low and high boundaries for computing mean and std.dev: (1, 19390)
[M::mem_pestat] mean and std.dev: (3754.80, 2998.92)
[M::mem_pestat] low and high boundaries for proper pairs: (1, 25805)
[M::mem_pestat] skip orientation RF
[M::mem_pestat] skip orientation RR
[M::mem_process_seqs] Processed 2797324 reads in 3445.375 CPU sec, 86.448 real sec
[M::process] read 2816720 sequences (400000219 bp)...
[M::mem_pestat] # candidate unique pairs for (FF, FR, RF, RR): (16, 762851, 69, 10)
[M::mem_pestat] analyzing insert size distribution for orientation FF...
[M::mem_pestat] (25, 50, 75) percentile: (122, 260, 1757)
[M::mem_pestat] low and high boundaries for computing mean and std.dev: (1, 5027)
[M::mem_pestat] mean and std.dev: (717.73, 927.41)
[M::mem_pestat] low and high boundaries for proper pairs: (1, 6662)
[M::mem_pestat] analyzing insert size distribution for orientation FR...
[M::mem_pestat] (25, 50, 75) percentile: (171, 203, 293)
[M::mem_pestat] low and high boundaries for computing mean and std.dev: (1, 537)
[M::mem_pestat] mean and std.dev: (231.82, 83.44)
[M::mem_pestat] low and high boundaries for proper pairs: (1, 659)
[M::mem_pestat] analyzing insert size distribution for orientation RF...
[M::mem_pestat] (25, 50, 75) percentile: (223, 411, 1247)
[M::mem_pestat] low and high boundaries for computing mean and std.dev: (1, 3295)
[M::mem_pestat] mean and std.dev: (754.66, 820.90)
[M::mem_pestat] low and high boundaries for proper pairs: (1, 4319)
[M::mem_pestat] analyzing insert size distribution for orientation RR...
[M::mem_pestat] (25, 50, 75) percentile: (132, 2478, 4957)
[M::mem_pestat] low and high boundaries for computing mean and std.dev: (1, 14607)
[M::mem_pestat] mean and std.dev: (2561.80, 2453.18)
[M::mem_pestat] low and high boundaries for proper pairs: (1, 19432)
[M::mem_pestat] skip orientation FF
[M::mem_pestat] skip orientation RF
[M::mem_pestat] skip orientation RR
[M::mem_process_seqs] Processed 2796504 reads in 3471.210 CPU sec, 87.052 real sec
[M::process] read 2814002 sequences (400000153 bp)...
[M::mem_pestat] # candidate unique pairs for (FF, FR, RF, RR): (9, 761728, 91, 14)
[M::mem_pestat] skip orientation FF as there are not enough pairs
[M::mem_pestat] analyzing insert size distribution for orientation FR...
[M::mem_pestat] (25, 50, 75) percentile: (171, 203, 293)
[M::mem_pestat] low and high boundaries for computing mean and std.dev: (1, 537)
[M::mem_pestat] mean and std.dev: (232.11, 83.74)
[M::mem_pestat] low and high boundaries for proper pairs: (1, 659)
[M::mem_pestat] analyzing insert size distribution for orientation RF...
[M::mem_pestat] (25, 50, 75) percentile: (139, 626, 2296)
[M::mem_pestat] low and high boundaries for computing mean and std.dev: (1, 6610)
[M::mem_pestat] mean and std.dev: (1033.88, 1131.03)
[M::mem_pestat] low and high boundaries for proper pairs: (1, 8767)
[M::mem_pestat] analyzing insert size distribution for orientation RR...
[M::mem_pestat] (25, 50, 75) percentile: (554, 2649, 3257)
[M::mem_pestat] low and high boundaries for computing mean and std.dev: (1, 8663)
[M::mem_pestat] mean and std.dev: (2544.86, 2085.36)
[M::mem_pestat] low and high boundaries for proper pairs: (1, 11366)
[M::mem_pestat] skip orientation RF
[M::mem_pestat] skip orientation RR
[M::mem_process_seqs] Processed 2816720 reads in 3506.844 CPU sec, 88.012 real sec
[M::process] read 1674062 sequences (238376984 bp)...
[M::mem_pestat] # candidate unique pairs for (FF, FR, RF, RR): (12, 765015, 56, 5)
[M::mem_pestat] analyzing insert size distribution for orientation FF...
[M::mem_pestat] (25, 50, 75) percentile: (214, 3657, 4619)
[M::mem_pestat] low and high boundaries for computing mean and std.dev: (1, 13429)
[M::mem_pestat] mean and std.dev: (2498.00, 2418.85)
[M::mem_pestat] low and high boundaries for proper pairs: (1, 17834)
[M::mem_pestat] analyzing insert size distribution for orientation FR...
[M::mem_pestat] (25, 50, 75) percentile: (171, 202, 291)
[M::mem_pestat] low and high boundaries for computing mean and std.dev: (1, 531)
[M::mem_pestat] mean and std.dev: (230.73, 83.16)
[M::mem_pestat] low and high boundaries for proper pairs: (1, 651)
[M::mem_pestat] analyzing insert size distribution for orientation RF...
[M::mem_pestat] (25, 50, 75) percentile: (295, 1210, 2473)
[M::mem_pestat] low and high boundaries for computing mean and std.dev: (1, 6829)
[M::mem_pestat] mean and std.dev: (1254.69, 1197.78)
[M::mem_pestat] low and high boundaries for proper pairs: (1, 9007)
[M::mem_pestat] skip orientation RR as there are not enough pairs
[M::mem_pestat] skip orientation FF
[M::mem_pestat] skip orientation RF
[M::mem_process_seqs] Processed 2814002 reads in 3713.006 CPU sec, 99.085 real sec
[M::mem_pestat] # candidate unique pairs for (FF, FR, RF, RR): (4, 455453, 33, 5)
[M::mem_pestat] skip orientation FF as there are not enough pairs
[M::mem_pestat] analyzing insert size distribution for orientation FR...
[M::mem_pestat] (25, 50, 75) percentile: (171, 202, 293)
[M::mem_pestat] low and high boundaries for computing mean and std.dev: (1, 537)
[M::mem_pestat] mean and std.dev: (231.49, 83.80)
[M::mem_pestat] low and high boundaries for proper pairs: (1, 659)
[M::mem_pestat] analyzing insert size distribution for orientation RF...
[M::mem_pestat] (25, 50, 75) percentile: (132, 282, 1222)
[M::mem_pestat] low and high boundaries for computing mean and std.dev: (1, 3402)
[M::mem_pestat] mean and std.dev: (510.39, 599.30)
[M::mem_pestat] low and high boundaries for proper pairs: (1, 4492)
[M::mem_pestat] skip orientation RR as there are not enough pairs
[M::mem_pestat] skip orientation RF
[M::mem_process_seqs] Processed 1674062 reads in 2129.978 CPU sec, 53.634 real sec
[main] Version: 0.7.17-r1188
[main] CMD: /home/shared/bwa-0.7.17/bwa mem -M -t 40 ../data/bwa-GCF_031168955.1_ASM3116895v1_genomic ../data/trimmed-fastqs-heatwave-genetics/MHW282_trimmed_clipped_R1_paired.fq.gz ../data/trimmed-fastqs-heatwave-genetics/MHW282_trimmed_clipped_R2_paired.fq.gz
[main] Real time: 3045.868 sec; CPU: 120597.027 sec
