[M::bwa_idx_load_from_disk] read 0 ALT contigs
[M::process] read 2818870 sequences (400000109 bp)...
[M::process] read 2813964 sequences (400000023 bp)...
[M::mem_pestat] # candidate unique pairs for (FF, FR, RF, RR): (11, 776618, 96, 5)
[M::mem_pestat] analyzing insert size distribution for orientation FF...
[M::mem_pestat] (25, 50, 75) percentile: (215, 314, 3722)
[M::mem_pestat] low and high boundaries for computing mean and std.dev: (1, 10736)
[M::mem_pestat] mean and std.dev: (1328.91, 1730.80)
[M::mem_pestat] low and high boundaries for proper pairs: (1, 14243)
[M::mem_pestat] analyzing insert size distribution for orientation FR...
[M::mem_pestat] (25, 50, 75) percentile: (190, 250, 324)
[M::mem_pestat] low and high boundaries for computing mean and std.dev: (1, 592)
[M::mem_pestat] mean and std.dev: (261.80, 99.00)
[M::mem_pestat] low and high boundaries for proper pairs: (1, 726)
[M::mem_pestat] analyzing insert size distribution for orientation RF...
[M::mem_pestat] (25, 50, 75) percentile: (128, 277, 1741)
[M::mem_pestat] low and high boundaries for computing mean and std.dev: (1, 4967)
[M::mem_pestat] mean and std.dev: (793.48, 1080.57)
[M::mem_pestat] low and high boundaries for proper pairs: (1, 6580)
[M::mem_pestat] skip orientation RR as there are not enough pairs
[M::mem_pestat] skip orientation FF
[M::mem_pestat] skip orientation RF
[M::mem_process_seqs] Processed 2818870 reads in 3276.217 CPU sec, 82.157 real sec
[M::process] read 2809330 sequences (400000142 bp)...
[M::mem_pestat] # candidate unique pairs for (FF, FR, RF, RR): (14, 775268, 100, 16)
[M::mem_pestat] analyzing insert size distribution for orientation FF...
[M::mem_pestat] (25, 50, 75) percentile: (380, 3586, 3802)
[M::mem_pestat] low and high boundaries for computing mean and std.dev: (1, 10646)
[M::mem_pestat] mean and std.dev: (2870.36, 2628.14)
[M::mem_pestat] low and high boundaries for proper pairs: (1, 14068)
[M::mem_pestat] analyzing insert size distribution for orientation FR...
[M::mem_pestat] (25, 50, 75) percentile: (197, 258, 334)
[M::mem_pestat] low and high boundaries for computing mean and std.dev: (1, 608)
[M::mem_pestat] mean and std.dev: (269.98, 100.40)
[M::mem_pestat] low and high boundaries for proper pairs: (1, 745)
[M::mem_pestat] analyzing insert size distribution for orientation RF...
[M::mem_pestat] (25, 50, 75) percentile: (222, 489, 2434)
[M::mem_pestat] low and high boundaries for computing mean and std.dev: (1, 6858)
[M::mem_pestat] mean and std.dev: (1047.29, 1508.10)
[M::mem_pestat] low and high boundaries for proper pairs: (1, 9070)
[M::mem_pestat] analyzing insert size distribution for orientation RR...
[M::mem_pestat] (25, 50, 75) percentile: (217, 428, 2394)
[M::mem_pestat] low and high boundaries for computing mean and std.dev: (1, 6748)
[M::mem_pestat] mean and std.dev: (937.75, 969.59)
[M::mem_pestat] low and high boundaries for proper pairs: (1, 8925)
[M::mem_pestat] skip orientation FF
[M::mem_pestat] skip orientation RF
[M::mem_pestat] skip orientation RR
[M::mem_process_seqs] Processed 2813964 reads in 3444.899 CPU sec, 86.400 real sec
[M::process] read 2813340 sequences (400000134 bp)...
[M::mem_pestat] # candidate unique pairs for (FF, FR, RF, RR): (15, 776924, 88, 7)
[M::mem_pestat] analyzing insert size distribution for orientation FF...
[M::mem_pestat] (25, 50, 75) percentile: (170, 307, 3925)
[M::mem_pestat] low and high boundaries for computing mean and std.dev: (1, 11435)
[M::mem_pestat] mean and std.dev: (1603.07, 2388.60)
[M::mem_pestat] low and high boundaries for proper pairs: (1, 15190)
[M::mem_pestat] analyzing insert size distribution for orientation FR...
[M::mem_pestat] (25, 50, 75) percentile: (193, 254, 328)
[M::mem_pestat] low and high boundaries for computing mean and std.dev: (1, 598)
[M::mem_pestat] mean and std.dev: (265.32, 99.82)
[M::mem_pestat] low and high boundaries for proper pairs: (1, 733)
[M::mem_pestat] analyzing insert size distribution for orientation RF...
[M::mem_pestat] (25, 50, 75) percentile: (114, 429, 2148)
[M::mem_pestat] low and high boundaries for computing mean and std.dev: (1, 6216)
[M::mem_pestat] mean and std.dev: (1098.54, 1370.95)
[M::mem_pestat] low and high boundaries for proper pairs: (1, 8250)
[M::mem_pestat] skip orientation RR as there are not enough pairs
[M::mem_pestat] skip orientation FF
[M::mem_pestat] skip orientation RF
[M::mem_process_seqs] Processed 2809330 reads in 3367.757 CPU sec, 84.461 real sec
[M::process] read 2808410 sequences (400000235 bp)...
[M::mem_pestat] # candidate unique pairs for (FF, FR, RF, RR): (18, 776270, 82, 8)
[M::mem_pestat] analyzing insert size distribution for orientation FF...
[M::mem_pestat] (25, 50, 75) percentile: (309, 1367, 3912)
[M::mem_pestat] low and high boundaries for computing mean and std.dev: (1, 11118)
[M::mem_pestat] mean and std.dev: (1850.72, 1680.50)
[M::mem_pestat] low and high boundaries for proper pairs: (1, 14721)
[M::mem_pestat] analyzing insert size distribution for orientation FR...
[M::mem_pestat] (25, 50, 75) percentile: (195, 255, 330)
[M::mem_pestat] low and high boundaries for computing mean and std.dev: (1, 600)
[M::mem_pestat] mean and std.dev: (267.08, 99.69)
[M::mem_pestat] low and high boundaries for proper pairs: (1, 735)
[M::mem_pestat] analyzing insert size distribution for orientation RF...
[M::mem_pestat] (25, 50, 75) percentile: (121, 260, 947)
[M::mem_pestat] low and high boundaries for computing mean and std.dev: (1, 2599)
[M::mem_pestat] mean and std.dev: (466.76, 597.12)
[M::mem_pestat] low and high boundaries for proper pairs: (1, 3425)
[M::mem_pestat] skip orientation RR as there are not enough pairs
[M::mem_pestat] skip orientation FF
[M::mem_pestat] skip orientation RF
[M::mem_process_seqs] Processed 2813340 reads in 3468.480 CPU sec, 87.212 real sec
[M::process] read 2811340 sequences (400000151 bp)...
[M::mem_pestat] # candidate unique pairs for (FF, FR, RF, RR): (8, 776766, 73, 9)
[M::mem_pestat] skip orientation FF as there are not enough pairs
[M::mem_pestat] analyzing insert size distribution for orientation FR...
[M::mem_pestat] (25, 50, 75) percentile: (195, 257, 332)
[M::mem_pestat] low and high boundaries for computing mean and std.dev: (1, 606)
[M::mem_pestat] mean and std.dev: (268.19, 100.15)
[M::mem_pestat] low and high boundaries for proper pairs: (1, 743)
[M::mem_pestat] analyzing insert size distribution for orientation RF...
[M::mem_pestat] (25, 50, 75) percentile: (134, 349, 1537)
[M::mem_pestat] low and high boundaries for computing mean and std.dev: (1, 4343)
[M::mem_pestat] mean and std.dev: (789.17, 1172.56)
[M::mem_pestat] low and high boundaries for proper pairs: (1, 5746)
[M::mem_pestat] skip orientation RR as there are not enough pairs
[M::mem_pestat] skip orientation RF
[M::mem_process_seqs] Processed 2808410 reads in 3405.043 CPU sec, 85.413 real sec
[M::process] read 2804390 sequences (400000119 bp)...
[M::mem_pestat] # candidate unique pairs for (FF, FR, RF, RR): (17, 776560, 124, 8)
[M::mem_pestat] analyzing insert size distribution for orientation FF...
[M::mem_pestat] (25, 50, 75) percentile: (198, 965, 9592)
[M::mem_pestat] low and high boundaries for computing mean and std.dev: (1, 28380)
[M::mem_pestat] mean and std.dev: (2797.88, 3829.11)
[M::mem_pestat] low and high boundaries for proper pairs: (1, 37774)
[M::mem_pestat] analyzing insert size distribution for orientation FR...
[M::mem_pestat] (25, 50, 75) percentile: (193, 253, 328)
[M::mem_pestat] low and high boundaries for computing mean and std.dev: (1, 598)
[M::mem_pestat] mean and std.dev: (264.95, 99.42)
[M::mem_pestat] low and high boundaries for proper pairs: (1, 733)
[M::mem_pestat] analyzing insert size distribution for orientation RF...
[M::mem_pestat] (25, 50, 75) percentile: (223, 356, 1883)
[M::mem_pestat] low and high boundaries for computing mean and std.dev: (1, 5203)
[M::mem_pestat] mean and std.dev: (740.58, 976.61)
[M::mem_pestat] low and high boundaries for proper pairs: (1, 6863)
[M::mem_pestat] skip orientation RR as there are not enough pairs
[M::mem_pestat] skip orientation FF
[M::mem_pestat] skip orientation RF
[M::mem_process_seqs] Processed 2811340 reads in 3406.429 CPU sec, 85.245 real sec
[M::process] read 2825162 sequences (400000178 bp)...
[M::mem_pestat] # candidate unique pairs for (FF, FR, RF, RR): (12, 776089, 103, 19)
[M::mem_pestat] analyzing insert size distribution for orientation FF...
[M::mem_pestat] (25, 50, 75) percentile: (705, 877, 4188)
[M::mem_pestat] low and high boundaries for computing mean and std.dev: (1, 11154)
[M::mem_pestat] mean and std.dev: (1918.67, 1966.97)
[M::mem_pestat] low and high boundaries for proper pairs: (1, 14637)
[M::mem_pestat] analyzing insert size distribution for orientation FR...
[M::mem_pestat] (25, 50, 75) percentile: (197, 259, 334)
[M::mem_pestat] low and high boundaries for computing mean and std.dev: (1, 608)
[M::mem_pestat] mean and std.dev: (270.17, 100.77)
[M::mem_pestat] low and high boundaries for proper pairs: (1, 745)
[M::mem_pestat] analyzing insert size distribution for orientation RF...
[M::mem_pestat] (25, 50, 75) percentile: (220, 471, 2509)
[M::mem_pestat] low and high boundaries for computing mean and std.dev: (1, 7087)
[M::mem_pestat] mean and std.dev: (1246.95, 1729.53)
[M::mem_pestat] low and high boundaries for proper pairs: (1, 9376)
[M::mem_pestat] analyzing insert size distribution for orientation RR...
[M::mem_pestat] (25, 50, 75) percentile: (291, 1540, 2542)
[M::mem_pestat] low and high boundaries for computing mean and std.dev: (1, 7044)
[M::mem_pestat] mean and std.dev: (1591.05, 1210.32)
[M::mem_pestat] low and high boundaries for proper pairs: (1, 9295)
[M::mem_pestat] skip orientation FF
[M::mem_pestat] skip orientation RF
[M::mem_pestat] skip orientation RR
[M::mem_process_seqs] Processed 2804390 reads in 3435.974 CPU sec, 86.337 real sec
[M::process] read 2832492 sequences (400000286 bp)...
[M::mem_pestat] # candidate unique pairs for (FF, FR, RF, RR): (4, 774575, 82, 8)
[M::mem_pestat] skip orientation FF as there are not enough pairs
[M::mem_pestat] analyzing insert size distribution for orientation FR...
[M::mem_pestat] (25, 50, 75) percentile: (196, 258, 333)
[M::mem_pestat] low and high boundaries for computing mean and std.dev: (1, 607)
[M::mem_pestat] mean and std.dev: (269.27, 100.68)
[M::mem_pestat] low and high boundaries for proper pairs: (1, 744)
[M::mem_pestat] analyzing insert size distribution for orientation RF...
[M::mem_pestat] (25, 50, 75) percentile: (223, 351, 1488)
[M::mem_pestat] low and high boundaries for computing mean and std.dev: (1, 4018)
[M::mem_pestat] mean and std.dev: (717.68, 822.22)
[M::mem_pestat] low and high boundaries for proper pairs: (1, 5283)
[M::mem_pestat] skip orientation RR as there are not enough pairs
[M::mem_pestat] skip orientation RF
[M::mem_process_seqs] Processed 2825162 reads in 3451.832 CPU sec, 86.349 real sec
[M::process] read 2835348 sequences (400000165 bp)...
[M::mem_pestat] # candidate unique pairs for (FF, FR, RF, RR): (16, 775167, 101, 14)
[M::mem_pestat] analyzing insert size distribution for orientation FF...
[M::mem_pestat] (25, 50, 75) percentile: (248, 248, 3705)
[M::mem_pestat] low and high boundaries for computing mean and std.dev: (1, 10619)
[M::mem_pestat] mean and std.dev: (1668.31, 2117.51)
[M::mem_pestat] low and high boundaries for proper pairs: (1, 14076)
[M::mem_pestat] analyzing insert size distribution for orientation FR...
[M::mem_pestat] (25, 50, 75) percentile: (196, 258, 335)
[M::mem_pestat] low and high boundaries for computing mean and std.dev: (1, 613)
[M::mem_pestat] mean and std.dev: (270.50, 101.84)
[M::mem_pestat] low and high boundaries for proper pairs: (1, 752)
[M::mem_pestat] analyzing insert size distribution for orientation RF...
[M::mem_pestat] (25, 50, 75) percentile: (223, 565, 1279)
[M::mem_pestat] low and high boundaries for computing mean and std.dev: (1, 3391)
[M::mem_pestat] mean and std.dev: (571.31, 646.92)
[M::mem_pestat] low and high boundaries for proper pairs: (1, 4447)
[M::mem_pestat] analyzing insert size distribution for orientation RR...
[M::mem_pestat] (25, 50, 75) percentile: (104, 236, 1807)
[M::mem_pestat] low and high boundaries for computing mean and std.dev: (1, 5213)
[M::mem_pestat] mean and std.dev: (850.50, 980.58)
[M::mem_pestat] low and high boundaries for proper pairs: (1, 6916)
[M::mem_pestat] skip orientation FF
[M::mem_pestat] skip orientation RF
[M::mem_pestat] skip orientation RR
[M::mem_process_seqs] Processed 2832492 reads in 3444.538 CPU sec, 86.387 real sec
[M::process] read 2822930 sequences (400000059 bp)...
[M::mem_pestat] # candidate unique pairs for (FF, FR, RF, RR): (14, 776378, 102, 2)
[M::mem_pestat] analyzing insert size distribution for orientation FF...
[M::mem_pestat] (25, 50, 75) percentile: (373, 429, 2400)
[M::mem_pestat] low and high boundaries for computing mean and std.dev: (1, 6454)
[M::mem_pestat] mean and std.dev: (1276.14, 1121.31)
[M::mem_pestat] low and high boundaries for proper pairs: (1, 8481)
[M::mem_pestat] analyzing insert size distribution for orientation FR...
[M::mem_pestat] (25, 50, 75) percentile: (195, 257, 334)
[M::mem_pestat] low and high boundaries for computing mean and std.dev: (1, 612)
[M::mem_pestat] mean and std.dev: (269.23, 101.68)
[M::mem_pestat] low and high boundaries for proper pairs: (1, 751)
[M::mem_pestat] analyzing insert size distribution for orientation RF...
[M::mem_pestat] (25, 50, 75) percentile: (194, 399, 1654)
[M::mem_pestat] low and high boundaries for computing mean and std.dev: (1, 4574)
[M::mem_pestat] mean and std.dev: (628.73, 815.71)
[M::mem_pestat] low and high boundaries for proper pairs: (1, 6034)
[M::mem_pestat] skip orientation RR as there are not enough pairs
[M::mem_pestat] skip orientation FF
[M::mem_pestat] skip orientation RF
[M::mem_process_seqs] Processed 2835348 reads in 3451.025 CPU sec, 86.804 real sec
[M::process] read 2835142 sequences (400000056 bp)...
[M::mem_pestat] # candidate unique pairs for (FF, FR, RF, RR): (7, 776848, 101, 10)
[M::mem_pestat] skip orientation FF as there are not enough pairs
[M::mem_pestat] analyzing insert size distribution for orientation FR...
[M::mem_pestat] (25, 50, 75) percentile: (197, 260, 337)
[M::mem_pestat] low and high boundaries for computing mean and std.dev: (1, 617)
[M::mem_pestat] mean and std.dev: (272.06, 102.45)
[M::mem_pestat] low and high boundaries for proper pairs: (1, 757)
[M::mem_pestat] analyzing insert size distribution for orientation RF...
[M::mem_pestat] (25, 50, 75) percentile: (133, 358, 913)
[M::mem_pestat] low and high boundaries for computing mean and std.dev: (1, 2473)
[M::mem_pestat] mean and std.dev: (446.10, 446.28)
[M::mem_pestat] low and high boundaries for proper pairs: (1, 3253)
[M::mem_pestat] analyzing insert size distribution for orientation RR...
[M::mem_pestat] (25, 50, 75) percentile: (105, 338, 843)
[M::mem_pestat] low and high boundaries for computing mean and std.dev: (1, 2319)
[M::mem_pestat] mean and std.dev: (354.38, 295.43)
[M::mem_pestat] low and high boundaries for proper pairs: (1, 3057)
[M::mem_pestat] skip orientation RF
[M::mem_pestat] skip orientation RR
[M::mem_process_seqs] Processed 2822930 reads in 3432.024 CPU sec, 86.034 real sec
[M::process] read 2830550 sequences (400000236 bp)...
[M::mem_pestat] # candidate unique pairs for (FF, FR, RF, RR): (7, 775777, 95, 10)
[M::mem_pestat] skip orientation FF as there are not enough pairs
[M::mem_pestat] analyzing insert size distribution for orientation FR...
[M::mem_pestat] (25, 50, 75) percentile: (194, 256, 332)
[M::mem_pestat] low and high boundaries for computing mean and std.dev: (1, 608)
[M::mem_pestat] mean and std.dev: (267.75, 100.79)
[M::mem_pestat] low and high boundaries for proper pairs: (1, 746)
[M::mem_pestat] analyzing insert size distribution for orientation RF...
[M::mem_pestat] (25, 50, 75) percentile: (128, 299, 1053)
[M::mem_pestat] low and high boundaries for computing mean and std.dev: (1, 2903)
[M::mem_pestat] mean and std.dev: (453.79, 542.55)
[M::mem_pestat] low and high boundaries for proper pairs: (1, 3828)
[M::mem_pestat] analyzing insert size distribution for orientation RR...
[M::mem_pestat] (25, 50, 75) percentile: (320, 998, 3652)
[M::mem_pestat] low and high boundaries for computing mean and std.dev: (1, 10316)
[M::mem_pestat] mean and std.dev: (2372.30, 2886.41)
[M::mem_pestat] low and high boundaries for proper pairs: (1, 13918)
[M::mem_pestat] skip orientation RF
[M::mem_pestat] skip orientation RR
[M::mem_process_seqs] Processed 2835142 reads in 3430.352 CPU sec, 85.871 real sec
[M::process] read 2829418 sequences (400000159 bp)...
[M::mem_pestat] # candidate unique pairs for (FF, FR, RF, RR): (11, 777335, 97, 9)
[M::mem_pestat] analyzing insert size distribution for orientation FF...
[M::mem_pestat] (25, 50, 75) percentile: (233, 528, 3588)
[M::mem_pestat] low and high boundaries for computing mean and std.dev: (1, 10298)
[M::mem_pestat] mean and std.dev: (1746.09, 1839.93)
[M::mem_pestat] low and high boundaries for proper pairs: (1, 13653)
[M::mem_pestat] analyzing insert size distribution for orientation FR...
[M::mem_pestat] (25, 50, 75) percentile: (196, 258, 335)
[M::mem_pestat] low and high boundaries for computing mean and std.dev: (1, 613)
[M::mem_pestat] mean and std.dev: (270.57, 101.85)
[M::mem_pestat] low and high boundaries for proper pairs: (1, 752)
[M::mem_pestat] analyzing insert size distribution for orientation RF...
[M::mem_pestat] (25, 50, 75) percentile: (222, 226, 2039)
[M::mem_pestat] low and high boundaries for computing mean and std.dev: (1, 5673)
[M::mem_pestat] mean and std.dev: (860.69, 1281.36)
[M::mem_pestat] low and high boundaries for proper pairs: (1, 7490)
[M::mem_pestat] skip orientation RR as there are not enough pairs
[M::mem_pestat] skip orientation FF
[M::mem_pestat] skip orientation RF
[M::mem_process_seqs] Processed 2830550 reads in 3483.823 CPU sec, 87.584 real sec
[M::process] read 2814610 sequences (400000222 bp)...
[M::mem_pestat] # candidate unique pairs for (FF, FR, RF, RR): (11, 776876, 91, 10)
[M::mem_pestat] analyzing insert size distribution for orientation FF...
[M::mem_pestat] (25, 50, 75) percentile: (190, 264, 3068)
[M::mem_pestat] low and high boundaries for computing mean and std.dev: (1, 8824)
[M::mem_pestat] mean and std.dev: (1376.00, 1624.32)
[M::mem_pestat] low and high boundaries for proper pairs: (1, 11702)
[M::mem_pestat] analyzing insert size distribution for orientation FR...
[M::mem_pestat] (25, 50, 75) percentile: (194, 255, 331)
[M::mem_pestat] low and high boundaries for computing mean and std.dev: (1, 605)
[M::mem_pestat] mean and std.dev: (267.25, 100.80)
[M::mem_pestat] low and high boundaries for proper pairs: (1, 742)
[M::mem_pestat] analyzing insert size distribution for orientation RF...
[M::mem_pestat] (25, 50, 75) percentile: (128, 224, 662)
[M::mem_pestat] low and high boundaries for computing mean and std.dev: (1, 1730)
[M::mem_pestat] mean and std.dev: (299.93, 352.55)
[M::mem_pestat] low and high boundaries for proper pairs: (1, 2264)
[M::mem_pestat] analyzing insert size distribution for orientation RR...
[M::mem_pestat] (25, 50, 75) percentile: (2638, 6121, 6121)
[M::mem_pestat] low and high boundaries for computing mean and std.dev: (1, 13087)
[M::mem_pestat] mean and std.dev: (4968.30, 2248.86)
[M::mem_pestat] low and high boundaries for proper pairs: (1, 16570)
[M::mem_pestat] skip orientation FF
[M::mem_pestat] skip orientation RF
[M::mem_pestat] skip orientation RR
[M::mem_process_seqs] Processed 2829418 reads in 3494.881 CPU sec, 87.508 real sec
[M::process] read 2808884 sequences (400000239 bp)...
[M::mem_pestat] # candidate unique pairs for (FF, FR, RF, RR): (8, 775398, 111, 9)
[M::mem_pestat] skip orientation FF as there are not enough pairs
[M::mem_pestat] analyzing insert size distribution for orientation FR...
[M::mem_pestat] (25, 50, 75) percentile: (195, 257, 334)
[M::mem_pestat] low and high boundaries for computing mean and std.dev: (1, 612)
[M::mem_pestat] mean and std.dev: (269.63, 101.77)
[M::mem_pestat] low and high boundaries for proper pairs: (1, 751)
[M::mem_pestat] analyzing insert size distribution for orientation RF...
[M::mem_pestat] (25, 50, 75) percentile: (143, 349, 1928)
[M::mem_pestat] low and high boundaries for computing mean and std.dev: (1, 5498)
[M::mem_pestat] mean and std.dev: (902.42, 1282.44)
[M::mem_pestat] low and high boundaries for proper pairs: (1, 7283)
[M::mem_pestat] skip orientation RR as there are not enough pairs
[M::mem_pestat] skip orientation RF
[M::mem_process_seqs] Processed 2814610 reads in 3419.557 CPU sec, 85.933 real sec
[M::process] read 2806528 sequences (400000259 bp)...
[M::mem_pestat] # candidate unique pairs for (FF, FR, RF, RR): (4, 778805, 92, 9)
[M::mem_pestat] skip orientation FF as there are not enough pairs
[M::mem_pestat] analyzing insert size distribution for orientation FR...
[M::mem_pestat] (25, 50, 75) percentile: (195, 256, 331)
[M::mem_pestat] low and high boundaries for computing mean and std.dev: (1, 603)
[M::mem_pestat] mean and std.dev: (267.64, 99.72)
[M::mem_pestat] low and high boundaries for proper pairs: (1, 739)
[M::mem_pestat] analyzing insert size distribution for orientation RF...
[M::mem_pestat] (25, 50, 75) percentile: (223, 382, 1628)
[M::mem_pestat] low and high boundaries for computing mean and std.dev: (1, 4438)
[M::mem_pestat] mean and std.dev: (887.75, 1091.74)
[M::mem_pestat] low and high boundaries for proper pairs: (1, 5843)
[M::mem_pestat] skip orientation RR as there are not enough pairs
[M::mem_pestat] skip orientation RF
[M::mem_process_seqs] Processed 2808884 reads in 3401.065 CPU sec, 85.245 real sec
[M::process] read 2804504 sequences (400000286 bp)...
[M::mem_pestat] # candidate unique pairs for (FF, FR, RF, RR): (7, 775898, 96, 1)
[M::mem_pestat] skip orientation FF as there are not enough pairs
[M::mem_pestat] analyzing insert size distribution for orientation FR...
[M::mem_pestat] (25, 50, 75) percentile: (195, 256, 331)
[M::mem_pestat] low and high boundaries for computing mean and std.dev: (1, 603)
[M::mem_pestat] mean and std.dev: (267.45, 100.02)
[M::mem_pestat] low and high boundaries for proper pairs: (1, 739)
[M::mem_pestat] analyzing insert size distribution for orientation RF...
[M::mem_pestat] (25, 50, 75) percentile: (148, 374, 2321)
[M::mem_pestat] low and high boundaries for computing mean and std.dev: (1, 6667)
[M::mem_pestat] mean and std.dev: (1306.99, 1796.41)
[M::mem_pestat] low and high boundaries for proper pairs: (1, 8840)
[M::mem_pestat] skip orientation RR as there are not enough pairs
[M::mem_pestat] skip orientation RF
[M::mem_process_seqs] Processed 2806528 reads in 3399.947 CPU sec, 85.219 real sec
[M::process] read 2810036 sequences (400000191 bp)...
[M::mem_pestat] # candidate unique pairs for (FF, FR, RF, RR): (11, 775599, 95, 16)
[M::mem_pestat] analyzing insert size distribution for orientation FF...
[M::mem_pestat] (25, 50, 75) percentile: (136, 1605, 8747)
[M::mem_pestat] low and high boundaries for computing mean and std.dev: (1, 25969)
[M::mem_pestat] mean and std.dev: (3312.73, 3841.07)
[M::mem_pestat] low and high boundaries for proper pairs: (1, 34580)
[M::mem_pestat] analyzing insert size distribution for orientation FR...
[M::mem_pestat] (25, 50, 75) percentile: (197, 259, 333)
[M::mem_pestat] low and high boundaries for computing mean and std.dev: (1, 605)
[M::mem_pestat] mean and std.dev: (269.76, 99.78)
[M::mem_pestat] low and high boundaries for proper pairs: (1, 741)
[M::mem_pestat] analyzing insert size distribution for orientation RF...
[M::mem_pestat] (25, 50, 75) percentile: (133, 402, 1850)
[M::mem_pestat] low and high boundaries for computing mean and std.dev: (1, 5284)
[M::mem_pestat] mean and std.dev: (957.74, 1213.79)
[M::mem_pestat] low and high boundaries for proper pairs: (1, 7001)
[M::mem_pestat] analyzing insert size distribution for orientation RR...
[M::mem_pestat] (25, 50, 75) percentile: (345, 1750, 2344)
[M::mem_pestat] low and high boundaries for computing mean and std.dev: (1, 6342)
[M::mem_pestat] mean and std.dev: (1596.00, 1305.25)
[M::mem_pestat] low and high boundaries for proper pairs: (1, 8341)
[M::mem_pestat] skip orientation FF
[M::mem_pestat] skip orientation RF
[M::mem_pestat] skip orientation RR
[M::mem_process_seqs] Processed 2804504 reads in 3669.953 CPU sec, 97.981 real sec
[M::process] read 2805014 sequences (400000245 bp)...
[M::mem_pestat] # candidate unique pairs for (FF, FR, RF, RR): (11, 777141, 129, 9)
[M::mem_pestat] analyzing insert size distribution for orientation FF...
[M::mem_pestat] (25, 50, 75) percentile: (196, 259, 479)
[M::mem_pestat] low and high boundaries for computing mean and std.dev: (1, 1045)
[M::mem_pestat] mean and std.dev: (232.56, 115.18)
[M::mem_pestat] low and high boundaries for proper pairs: (1, 1328)
[M::mem_pestat] analyzing insert size distribution for orientation FR...
[M::mem_pestat] (25, 50, 75) percentile: (195, 256, 332)
[M::mem_pestat] low and high boundaries for computing mean and std.dev: (1, 606)
[M::mem_pestat] mean and std.dev: (268.18, 100.65)
[M::mem_pestat] low and high boundaries for proper pairs: (1, 743)
[M::mem_pestat] analyzing insert size distribution for orientation RF...
[M::mem_pestat] (25, 50, 75) percentile: (139, 334, 2344)
[M::mem_pestat] low and high boundaries for computing mean and std.dev: (1, 6754)
[M::mem_pestat] mean and std.dev: (1209.07, 1711.63)
[M::mem_pestat] low and high boundaries for proper pairs: (1, 8959)
[M::mem_pestat] skip orientation RR as there are not enough pairs
[M::mem_pestat] skip orientation FF
[M::mem_pestat] skip orientation RF
[M::mem_process_seqs] Processed 2810036 reads in 3423.169 CPU sec, 85.811 real sec
[M::process] read 2800408 sequences (400000108 bp)...
[M::mem_pestat] # candidate unique pairs for (FF, FR, RF, RR): (9, 775636, 98, 8)
[M::mem_pestat] skip orientation FF as there are not enough pairs
[M::mem_pestat] analyzing insert size distribution for orientation FR...
[M::mem_pestat] (25, 50, 75) percentile: (198, 260, 335)
[M::mem_pestat] low and high boundaries for computing mean and std.dev: (1, 609)
[M::mem_pestat] mean and std.dev: (270.91, 100.17)
[M::mem_pestat] low and high boundaries for proper pairs: (1, 746)
[M::mem_pestat] analyzing insert size distribution for orientation RF...
[M::mem_pestat] (25, 50, 75) percentile: (128, 501, 1395)
[M::mem_pestat] low and high boundaries for computing mean and std.dev: (1, 3929)
[M::mem_pestat] mean and std.dev: (717.17, 899.88)
[M::mem_pestat] low and high boundaries for proper pairs: (1, 5196)
[M::mem_pestat] skip orientation RR as there are not enough pairs
[M::mem_pestat] skip orientation RF
[M::mem_process_seqs] Processed 2805014 reads in 3426.828 CPU sec, 85.904 real sec
[M::process] read 2801574 sequences (400000296 bp)...
[M::mem_pestat] # candidate unique pairs for (FF, FR, RF, RR): (15, 775866, 99, 16)
[M::mem_pestat] analyzing insert size distribution for orientation FF...
[M::mem_pestat] (25, 50, 75) percentile: (343, 812, 1476)
[M::mem_pestat] low and high boundaries for computing mean and std.dev: (1, 3742)
[M::mem_pestat] mean and std.dev: (840.85, 620.77)
[M::mem_pestat] low and high boundaries for proper pairs: (1, 4875)
[M::mem_pestat] analyzing insert size distribution for orientation FR...
[M::mem_pestat] (25, 50, 75) percentile: (195, 256, 332)
[M::mem_pestat] low and high boundaries for computing mean and std.dev: (1, 606)
[M::mem_pestat] mean and std.dev: (268.09, 100.71)
[M::mem_pestat] low and high boundaries for proper pairs: (1, 743)
[M::mem_pestat] analyzing insert size distribution for orientation RF...
[M::mem_pestat] (25, 50, 75) percentile: (166, 376, 1808)
[M::mem_pestat] low and high boundaries for computing mean and std.dev: (1, 5092)
[M::mem_pestat] mean and std.dev: (869.52, 1153.01)
[M::mem_pestat] low and high boundaries for proper pairs: (1, 6734)
[M::mem_pestat] analyzing insert size distribution for orientation RR...
[M::mem_pestat] (25, 50, 75) percentile: (167, 190, 2062)
[M::mem_pestat] low and high boundaries for computing mean and std.dev: (1, 5852)
[M::mem_pestat] mean and std.dev: (790.00, 1377.78)
[M::mem_pestat] low and high boundaries for proper pairs: (1, 7747)
[M::mem_pestat] skip orientation FF
[M::mem_pestat] skip orientation RF
[M::mem_pestat] skip orientation RR
[M::mem_process_seqs] Processed 2800408 reads in 3396.802 CPU sec, 84.997 real sec
[M::process] read 2833176 sequences (400000187 bp)...
[M::mem_pestat] # candidate unique pairs for (FF, FR, RF, RR): (17, 776293, 88, 8)
[M::mem_pestat] analyzing insert size distribution for orientation FF...
[M::mem_pestat] (25, 50, 75) percentile: (264, 421, 6613)
[M::mem_pestat] low and high boundaries for computing mean and std.dev: (1, 19311)
[M::mem_pestat] mean and std.dev: (2596.00, 2981.49)
[M::mem_pestat] low and high boundaries for proper pairs: (1, 25660)
[M::mem_pestat] analyzing insert size distribution for orientation FR...
[M::mem_pestat] (25, 50, 75) percentile: (198, 260, 335)
[M::mem_pestat] low and high boundaries for computing mean and std.dev: (1, 609)
[M::mem_pestat] mean and std.dev: (271.06, 100.53)
[M::mem_pestat] low and high boundaries for proper pairs: (1, 746)
[M::mem_pestat] analyzing insert size distribution for orientation RF...
[M::mem_pestat] (25, 50, 75) percentile: (191, 369, 1318)
[M::mem_pestat] low and high boundaries for computing mean and std.dev: (1, 3572)
[M::mem_pestat] mean and std.dev: (616.35, 725.23)
[M::mem_pestat] low and high boundaries for proper pairs: (1, 4699)
[M::mem_pestat] skip orientation RR as there are not enough pairs
[M::mem_pestat] skip orientation FF
[M::mem_pestat] skip orientation RF
[M::mem_process_seqs] Processed 2801574 reads in 3446.649 CPU sec, 86.457 real sec
[M::process] read 2831188 sequences (400000217 bp)...
[M::mem_pestat] # candidate unique pairs for (FF, FR, RF, RR): (9, 776221, 94, 8)
[M::mem_pestat] skip orientation FF as there are not enough pairs
[M::mem_pestat] analyzing insert size distribution for orientation FR...
[M::mem_pestat] (25, 50, 75) percentile: (195, 257, 333)
[M::mem_pestat] low and high boundaries for computing mean and std.dev: (1, 609)
[M::mem_pestat] mean and std.dev: (268.79, 101.38)
[M::mem_pestat] low and high boundaries for proper pairs: (1, 747)
[M::mem_pestat] analyzing insert size distribution for orientation RF...
[M::mem_pestat] (25, 50, 75) percentile: (217, 407, 1715)
[M::mem_pestat] low and high boundaries for computing mean and std.dev: (1, 4711)
[M::mem_pestat] mean and std.dev: (996.69, 1217.74)
[M::mem_pestat] low and high boundaries for proper pairs: (1, 6209)
[M::mem_pestat] skip orientation RR as there are not enough pairs
[M::mem_pestat] skip orientation RF
[M::mem_process_seqs] Processed 2833176 reads in 3427.942 CPU sec, 86.147 real sec
[M::process] read 2827704 sequences (400000033 bp)...
[M::mem_pestat] # candidate unique pairs for (FF, FR, RF, RR): (10, 776115, 96, 8)
[M::mem_pestat] analyzing insert size distribution for orientation FF...
[M::mem_pestat] (25, 50, 75) percentile: (106, 293, 504)
[M::mem_pestat] low and high boundaries for computing mean and std.dev: (1, 1300)
[M::mem_pestat] mean and std.dev: (258.88, 160.02)
[M::mem_pestat] low and high boundaries for proper pairs: (1, 1698)
[M::mem_pestat] analyzing insert size distribution for orientation FR...
[M::mem_pestat] (25, 50, 75) percentile: (197, 258, 335)
[M::mem_pestat] low and high boundaries for computing mean and std.dev: (1, 611)
[M::mem_pestat] mean and std.dev: (270.55, 101.55)
[M::mem_pestat] low and high boundaries for proper pairs: (1, 749)
[M::mem_pestat] analyzing insert size distribution for orientation RF...
[M::mem_pestat] (25, 50, 75) percentile: (157, 468, 1847)
[M::mem_pestat] low and high boundaries for computing mean and std.dev: (1, 5227)
[M::mem_pestat] mean and std.dev: (944.99, 1199.75)
[M::mem_pestat] low and high boundaries for proper pairs: (1, 6917)
[M::mem_pestat] skip orientation RR as there are not enough pairs
[M::mem_pestat] skip orientation FF
[M::mem_pestat] skip orientation RF
[M::mem_process_seqs] Processed 2831188 reads in 3471.660 CPU sec, 86.843 real sec
[M::process] read 2826768 sequences (400000247 bp)...
[M::mem_pestat] # candidate unique pairs for (FF, FR, RF, RR): (14, 775810, 129, 6)
[M::mem_pestat] analyzing insert size distribution for orientation FF...
[M::mem_pestat] (25, 50, 75) percentile: (145, 2225, 3638)
[M::mem_pestat] low and high boundaries for computing mean and std.dev: (1, 10624)
[M::mem_pestat] mean and std.dev: (2117.43, 1707.65)
[M::mem_pestat] low and high boundaries for proper pairs: (1, 14117)
[M::mem_pestat] analyzing insert size distribution for orientation FR...
[M::mem_pestat] (25, 50, 75) percentile: (196, 258, 334)
[M::mem_pestat] low and high boundaries for computing mean and std.dev: (1, 610)
[M::mem_pestat] mean and std.dev: (269.74, 101.13)
[M::mem_pestat] low and high boundaries for proper pairs: (1, 748)
[M::mem_pestat] analyzing insert size distribution for orientation RF...
[M::mem_pestat] (25, 50, 75) percentile: (197, 296, 1378)
[M::mem_pestat] low and high boundaries for computing mean and std.dev: (1, 3740)
[M::mem_pestat] mean and std.dev: (630.30, 804.07)
[M::mem_pestat] low and high boundaries for proper pairs: (1, 4921)
[M::mem_pestat] skip orientation RR as there are not enough pairs
[M::mem_pestat] skip orientation FF
[M::mem_pestat] skip orientation RF
[M::mem_process_seqs] Processed 2827704 reads in 3446.819 CPU sec, 86.438 real sec
[M::process] read 2832042 sequences (400000133 bp)...
[M::mem_pestat] # candidate unique pairs for (FF, FR, RF, RR): (9, 776111, 95, 9)
[M::mem_pestat] skip orientation FF as there are not enough pairs
[M::mem_pestat] analyzing insert size distribution for orientation FR...
[M::mem_pestat] (25, 50, 75) percentile: (197, 259, 336)
[M::mem_pestat] low and high boundaries for computing mean and std.dev: (1, 614)
[M::mem_pestat] mean and std.dev: (271.00, 102.01)
[M::mem_pestat] low and high boundaries for proper pairs: (1, 753)
[M::mem_pestat] analyzing insert size distribution for orientation RF...
[M::mem_pestat] (25, 50, 75) percentile: (175, 473, 1495)
[M::mem_pestat] low and high boundaries for computing mean and std.dev: (1, 4135)
[M::mem_pestat] mean and std.dev: (617.42, 652.40)
[M::mem_pestat] low and high boundaries for proper pairs: (1, 5455)
[M::mem_pestat] skip orientation RR as there are not enough pairs
[M::mem_pestat] skip orientation RF
[M::mem_process_seqs] Processed 2826768 reads in 3428.821 CPU sec, 86.057 real sec
[M::process] read 2820310 sequences (400000173 bp)...
[M::mem_pestat] # candidate unique pairs for (FF, FR, RF, RR): (18, 775387, 91, 17)
[M::mem_pestat] analyzing insert size distribution for orientation FF...
[M::mem_pestat] (25, 50, 75) percentile: (318, 4039, 4594)
[M::mem_pestat] low and high boundaries for computing mean and std.dev: (1, 13146)
[M::mem_pestat] mean and std.dev: (3072.72, 2514.66)
[M::mem_pestat] low and high boundaries for proper pairs: (1, 17422)
[M::mem_pestat] analyzing insert size distribution for orientation FR...
[M::mem_pestat] (25, 50, 75) percentile: (196, 259, 336)
[M::mem_pestat] low and high boundaries for computing mean and std.dev: (1, 616)
[M::mem_pestat] mean and std.dev: (271.03, 102.12)
[M::mem_pestat] low and high boundaries for proper pairs: (1, 756)
[M::mem_pestat] analyzing insert size distribution for orientation RF...
[M::mem_pestat] (25, 50, 75) percentile: (191, 309, 1537)
[M::mem_pestat] low and high boundaries for computing mean and std.dev: (1, 4229)
[M::mem_pestat] mean and std.dev: (637.86, 775.87)
[M::mem_pestat] low and high boundaries for proper pairs: (1, 5575)
[M::mem_pestat] analyzing insert size distribution for orientation RR...
[M::mem_pestat] (25, 50, 75) percentile: (235, 1815, 4414)
[M::mem_pestat] low and high boundaries for computing mean and std.dev: (1, 12772)
[M::mem_pestat] mean and std.dev: (2695.18, 2797.56)
[M::mem_pestat] low and high boundaries for proper pairs: (1, 16951)
[M::mem_pestat] skip orientation FF
[M::mem_pestat] skip orientation RF
[M::mem_pestat] skip orientation RR
[M::mem_process_seqs] Processed 2832042 reads in 3461.466 CPU sec, 86.885 real sec
[M::process] read 2809056 sequences (400000110 bp)...
[M::mem_pestat] # candidate unique pairs for (FF, FR, RF, RR): (17, 775242, 98, 26)
[M::mem_pestat] analyzing insert size distribution for orientation FF...
[M::mem_pestat] (25, 50, 75) percentile: (97, 497, 967)
[M::mem_pestat] low and high boundaries for computing mean and std.dev: (1, 2707)
[M::mem_pestat] mean and std.dev: (381.43, 316.26)
[M::mem_pestat] low and high boundaries for proper pairs: (1, 3577)
[M::mem_pestat] analyzing insert size distribution for orientation FR...
[M::mem_pestat] (25, 50, 75) percentile: (196, 259, 336)
[M::mem_pestat] low and high boundaries for computing mean and std.dev: (1, 616)
[M::mem_pestat] mean and std.dev: (270.74, 102.14)
[M::mem_pestat] low and high boundaries for proper pairs: (1, 756)
[M::mem_pestat] analyzing insert size distribution for orientation RF...
[M::mem_pestat] (25, 50, 75) percentile: (154, 689, 1601)
[M::mem_pestat] low and high boundaries for computing mean and std.dev: (1, 4495)
[M::mem_pestat] mean and std.dev: (949.58, 1147.50)
[M::mem_pestat] low and high boundaries for proper pairs: (1, 5942)
[M::mem_pestat] analyzing insert size distribution for orientation RR...
[M::mem_pestat] (25, 50, 75) percentile: (915, 1751, 4085)
[M::mem_pestat] low and high boundaries for computing mean and std.dev: (1, 10425)
[M::mem_pestat] mean and std.dev: (2703.19, 2300.33)
[M::mem_pestat] low and high boundaries for proper pairs: (1, 13595)
[M::mem_pestat] skip orientation FF
[M::mem_pestat] skip orientation RF
[M::mem_pestat] skip orientation RR
[M::mem_process_seqs] Processed 2820310 reads in 3442.293 CPU sec, 86.513 real sec
[M::process] read 2816906 sequences (400000006 bp)...
[M::mem_pestat] # candidate unique pairs for (FF, FR, RF, RR): (9, 777020, 106, 19)
[M::mem_pestat] skip orientation FF as there are not enough pairs
[M::mem_pestat] analyzing insert size distribution for orientation FR...
[M::mem_pestat] (25, 50, 75) percentile: (197, 259, 337)
[M::mem_pestat] low and high boundaries for computing mean and std.dev: (1, 617)
[M::mem_pestat] mean and std.dev: (271.79, 102.47)
[M::mem_pestat] low and high boundaries for proper pairs: (1, 757)
[M::mem_pestat] analyzing insert size distribution for orientation RF...
[M::mem_pestat] (25, 50, 75) percentile: (165, 271, 1304)
[M::mem_pestat] low and high boundaries for computing mean and std.dev: (1, 3582)
[M::mem_pestat] mean and std.dev: (647.54, 791.91)
[M::mem_pestat] low and high boundaries for proper pairs: (1, 4721)
[M::mem_pestat] analyzing insert size distribution for orientation RR...
[M::mem_pestat] (25, 50, 75) percentile: (303, 1714, 3671)
[M::mem_pestat] low and high boundaries for computing mean and std.dev: (1, 10407)
[M::mem_pestat] mean and std.dev: (2020.00, 1978.69)
[M::mem_pestat] low and high boundaries for proper pairs: (1, 13775)
[M::mem_pestat] skip orientation RF
[M::mem_pestat] skip orientation RR
[M::mem_process_seqs] Processed 2809056 reads in 3421.478 CPU sec, 85.769 real sec
[M::process] read 2813268 sequences (400000047 bp)...
[M::mem_pestat] # candidate unique pairs for (FF, FR, RF, RR): (21, 776256, 113, 11)
[M::mem_pestat] analyzing insert size distribution for orientation FF...
[M::mem_pestat] (25, 50, 75) percentile: (177, 249, 4672)
[M::mem_pestat] low and high boundaries for computing mean and std.dev: (1, 13662)
[M::mem_pestat] mean and std.dev: (2038.57, 2682.20)
[M::mem_pestat] low and high boundaries for proper pairs: (1, 18157)
[M::mem_pestat] analyzing insert size distribution for orientation FR...
[M::mem_pestat] (25, 50, 75) percentile: (191, 251, 323)
[M::mem_pestat] low and high boundaries for computing mean and std.dev: (1, 587)
[M::mem_pestat] mean and std.dev: (261.40, 96.84)
[M::mem_pestat] low and high boundaries for proper pairs: (1, 719)
[M::mem_pestat] analyzing insert size distribution for orientation RF...
[M::mem_pestat] (25, 50, 75) percentile: (151, 307, 1219)
[M::mem_pestat] low and high boundaries for computing mean and std.dev: (1, 3355)
[M::mem_pestat] mean and std.dev: (481.20, 579.07)
[M::mem_pestat] low and high boundaries for proper pairs: (1, 4423)
[M::mem_pestat] analyzing insert size distribution for orientation RR...
[M::mem_pestat] (25, 50, 75) percentile: (440, 588, 3192)
[M::mem_pestat] low and high boundaries for computing mean and std.dev: (1, 8696)
[M::mem_pestat] mean and std.dev: (1253.27, 1403.93)
[M::mem_pestat] low and high boundaries for proper pairs: (1, 11448)
[M::mem_pestat] skip orientation FF
[M::mem_pestat] skip orientation RF
[M::mem_pestat] skip orientation RR
[M::mem_process_seqs] Processed 2816906 reads in 3427.547 CPU sec, 85.794 real sec
[M::process] read 2830270 sequences (400000171 bp)...
[M::mem_pestat] # candidate unique pairs for (FF, FR, RF, RR): (29, 777017, 106, 14)
[M::mem_pestat] analyzing insert size distribution for orientation FF...
[M::mem_pestat] (25, 50, 75) percentile: (257, 887, 6947)
[M::mem_pestat] low and high boundaries for computing mean and std.dev: (1, 20327)
[M::mem_pestat] mean and std.dev: (2776.10, 3162.52)
[M::mem_pestat] low and high boundaries for proper pairs: (1, 27017)
[M::mem_pestat] analyzing insert size distribution for orientation FR...
[M::mem_pestat] (25, 50, 75) percentile: (192, 252, 324)
[M::mem_pestat] low and high boundaries for computing mean and std.dev: (1, 588)
[M::mem_pestat] mean and std.dev: (262.67, 97.00)
[M::mem_pestat] low and high boundaries for proper pairs: (1, 720)
[M::mem_pestat] analyzing insert size distribution for orientation RF...
[M::mem_pestat] (25, 50, 75) percentile: (132, 224, 1185)
[M::mem_pestat] low and high boundaries for computing mean and std.dev: (1, 3291)
[M::mem_pestat] mean and std.dev: (589.15, 735.28)
[M::mem_pestat] low and high boundaries for proper pairs: (1, 4344)
[M::mem_pestat] analyzing insert size distribution for orientation RR...
[M::mem_pestat] (25, 50, 75) percentile: (81, 246, 466)
[M::mem_pestat] low and high boundaries for computing mean and std.dev: (1, 1236)
[M::mem_pestat] mean and std.dev: (227.17, 186.33)
[M::mem_pestat] low and high boundaries for proper pairs: (1, 1621)
[M::mem_pestat] skip orientation FF
[M::mem_pestat] skip orientation RF
[M::mem_pestat] skip orientation RR
[M::mem_process_seqs] Processed 2813268 reads in 3443.298 CPU sec, 86.559 real sec
[M::process] read 2834550 sequences (400000209 bp)...
[M::mem_pestat] # candidate unique pairs for (FF, FR, RF, RR): (8, 776346, 98, 10)
[M::mem_pestat] skip orientation FF as there are not enough pairs
[M::mem_pestat] analyzing insert size distribution for orientation FR...
[M::mem_pestat] (25, 50, 75) percentile: (192, 251, 323)
[M::mem_pestat] low and high boundaries for computing mean and std.dev: (1, 585)
[M::mem_pestat] mean and std.dev: (261.94, 96.65)
[M::mem_pestat] low and high boundaries for proper pairs: (1, 716)
[M::mem_pestat] analyzing insert size distribution for orientation RF...
[M::mem_pestat] (25, 50, 75) percentile: (91, 223, 1389)
[M::mem_pestat] low and high boundaries for computing mean and std.dev: (1, 3985)
[M::mem_pestat] mean and std.dev: (739.71, 952.76)
[M::mem_pestat] low and high boundaries for proper pairs: (1, 5283)
[M::mem_pestat] analyzing insert size distribution for orientation RR...
[M::mem_pestat] (25, 50, 75) percentile: (3, 205, 885)
[M::mem_pestat] low and high boundaries for computing mean and std.dev: (1, 2649)
[M::mem_pestat] mean and std.dev: (371.00, 618.63)
[M::mem_pestat] low and high boundaries for proper pairs: (1, 3531)
[M::mem_pestat] skip orientation RF
[M::mem_pestat] skip orientation RR
[M::mem_process_seqs] Processed 2830270 reads in 3473.392 CPU sec, 87.095 real sec
[M::process] read 1803086 sequences (254920857 bp)...
[M::mem_pestat] # candidate unique pairs for (FF, FR, RF, RR): (14, 776622, 84, 3)
[M::mem_pestat] analyzing insert size distribution for orientation FF...
[M::mem_pestat] (25, 50, 75) percentile: (762, 2542, 3691)
[M::mem_pestat] low and high boundaries for computing mean and std.dev: (1, 9549)
[M::mem_pestat] mean and std.dev: (2898.57, 2772.97)
[M::mem_pestat] low and high boundaries for proper pairs: (1, 13990)
[M::mem_pestat] analyzing insert size distribution for orientation FR...
[M::mem_pestat] (25, 50, 75) percentile: (191, 249, 321)
[M::mem_pestat] low and high boundaries for computing mean and std.dev: (1, 581)
[M::mem_pestat] mean and std.dev: (260.30, 96.60)
[M::mem_pestat] low and high boundaries for proper pairs: (1, 711)
[M::mem_pestat] analyzing insert size distribution for orientation RF...
[M::mem_pestat] (25, 50, 75) percentile: (151, 224, 1504)
[M::mem_pestat] low and high boundaries for computing mean and std.dev: (1, 4210)
[M::mem_pestat] mean and std.dev: (590.07, 733.54)
[M::mem_pestat] low and high boundaries for proper pairs: (1, 5563)
[M::mem_pestat] skip orientation RR as there are not enough pairs
[M::mem_pestat] skip orientation FF
[M::mem_pestat] skip orientation RF
[M::mem_process_seqs] Processed 2834550 reads in 3465.404 CPU sec, 86.795 real sec
[M::mem_pestat] # candidate unique pairs for (FF, FR, RF, RR): (2, 494312, 51, 7)
[M::mem_pestat] skip orientation FF as there are not enough pairs
[M::mem_pestat] analyzing insert size distribution for orientation FR...
[M::mem_pestat] (25, 50, 75) percentile: (191, 250, 323)
[M::mem_pestat] low and high boundaries for computing mean and std.dev: (1, 587)
[M::mem_pestat] mean and std.dev: (261.55, 97.45)
[M::mem_pestat] low and high boundaries for proper pairs: (1, 719)
[M::mem_pestat] analyzing insert size distribution for orientation RF...
[M::mem_pestat] (25, 50, 75) percentile: (174, 349, 1921)
[M::mem_pestat] low and high boundaries for computing mean and std.dev: (1, 5415)
[M::mem_pestat] mean and std.dev: (893.02, 1234.12)
[M::mem_pestat] low and high boundaries for proper pairs: (1, 7162)
[M::mem_pestat] skip orientation RR as there are not enough pairs
[M::mem_pestat] skip orientation RF
[M::mem_process_seqs] Processed 1803086 reads in 2264.189 CPU sec, 56.896 real sec
[main] Version: 0.7.17-r1188
[main] CMD: /home/shared/bwa-0.7.17/bwa mem -M -t 40 ../data/bwa-GCF_031168955.1_ASM3116895v1_genomic ../data/trimmed-fastqs-heatwave-genetics/MHW241_trimmed_clipped_R1_paired.fq.gz ../data/trimmed-fastqs-heatwave-genetics/MHW241_trimmed_clipped_R2_paired.fq.gz
[main] Real time: 2939.200 sec; CPU: 115761.099 sec
