[M::bwa_idx_load_from_disk] read 0 ALT contigs
[M::process] read 2800620 sequences (400000102 bp)...
[M::process] read 2793370 sequences (400000070 bp)...
[M::mem_pestat] # candidate unique pairs for (FF, FR, RF, RR): (10, 716654, 91, 12)
[M::mem_pestat] analyzing insert size distribution for orientation FF...
[M::mem_pestat] (25, 50, 75) percentile: (422, 1979, 3617)
[M::mem_pestat] low and high boundaries for computing mean and std.dev: (1, 10007)
[M::mem_pestat] mean and std.dev: (2274.10, 2304.18)
[M::mem_pestat] low and high boundaries for proper pairs: (1, 13202)
[M::mem_pestat] analyzing insert size distribution for orientation FR...
[M::mem_pestat] (25, 50, 75) percentile: (186, 229, 323)
[M::mem_pestat] low and high boundaries for computing mean and std.dev: (1, 597)
[M::mem_pestat] mean and std.dev: (254.46, 93.89)
[M::mem_pestat] low and high boundaries for proper pairs: (1, 734)
[M::mem_pestat] analyzing insert size distribution for orientation RF...
[M::mem_pestat] (25, 50, 75) percentile: (128, 225, 1415)
[M::mem_pestat] low and high boundaries for computing mean and std.dev: (1, 3989)
[M::mem_pestat] mean and std.dev: (628.38, 974.70)
[M::mem_pestat] low and high boundaries for proper pairs: (1, 5276)
[M::mem_pestat] analyzing insert size distribution for orientation RR...
[M::mem_pestat] (25, 50, 75) percentile: (137, 1489, 3376)
[M::mem_pestat] low and high boundaries for computing mean and std.dev: (1, 9854)
[M::mem_pestat] mean and std.dev: (1764.42, 1487.73)
[M::mem_pestat] low and high boundaries for proper pairs: (1, 13093)
[M::mem_pestat] skip orientation FF
[M::mem_pestat] skip orientation RF
[M::mem_pestat] skip orientation RR
[M::mem_process_seqs] Processed 2800620 reads in 2942.545 CPU sec, 73.805 real sec
[M::process] read 2794106 sequences (400000051 bp)...
[M::mem_pestat] # candidate unique pairs for (FF, FR, RF, RR): (10, 695179, 108, 11)
[M::mem_pestat] analyzing insert size distribution for orientation FF...
[M::mem_pestat] (25, 50, 75) percentile: (208, 3765, 4364)
[M::mem_pestat] low and high boundaries for computing mean and std.dev: (1, 12676)
[M::mem_pestat] mean and std.dev: (2631.90, 2578.67)
[M::mem_pestat] low and high boundaries for proper pairs: (1, 16832)
[M::mem_pestat] analyzing insert size distribution for orientation FR...
[M::mem_pestat] (25, 50, 75) percentile: (195, 250, 348)
[M::mem_pestat] low and high boundaries for computing mean and std.dev: (1, 654)
[M::mem_pestat] mean and std.dev: (272.52, 100.02)
[M::mem_pestat] low and high boundaries for proper pairs: (1, 807)
[M::mem_pestat] analyzing insert size distribution for orientation RF...
[M::mem_pestat] (25, 50, 75) percentile: (113, 357, 1704)
[M::mem_pestat] low and high boundaries for computing mean and std.dev: (1, 4886)
[M::mem_pestat] mean and std.dev: (871.45, 1250.07)
[M::mem_pestat] low and high boundaries for proper pairs: (1, 6477)
[M::mem_pestat] analyzing insert size distribution for orientation RR...
[M::mem_pestat] (25, 50, 75) percentile: (256, 546, 2713)
[M::mem_pestat] low and high boundaries for computing mean and std.dev: (1, 7627)
[M::mem_pestat] mean and std.dev: (1153.82, 1255.27)
[M::mem_pestat] low and high boundaries for proper pairs: (1, 10084)
[M::mem_pestat] skip orientation FF
[M::mem_pestat] skip orientation RF
[M::mem_pestat] skip orientation RR
[M::mem_process_seqs] Processed 2793370 reads in 3106.133 CPU sec, 77.936 real sec
[M::process] read 2788812 sequences (400000038 bp)...
[M::mem_pestat] # candidate unique pairs for (FF, FR, RF, RR): (12, 714789, 89, 12)
[M::mem_pestat] analyzing insert size distribution for orientation FF...
[M::mem_pestat] (25, 50, 75) percentile: (786, 1075, 3476)
[M::mem_pestat] low and high boundaries for computing mean and std.dev: (1, 8856)
[M::mem_pestat] mean and std.dev: (1613.17, 1457.15)
[M::mem_pestat] low and high boundaries for proper pairs: (1, 11546)
[M::mem_pestat] analyzing insert size distribution for orientation FR...
[M::mem_pestat] (25, 50, 75) percentile: (187, 230, 326)
[M::mem_pestat] low and high boundaries for computing mean and std.dev: (1, 604)
[M::mem_pestat] mean and std.dev: (256.40, 95.07)
[M::mem_pestat] low and high boundaries for proper pairs: (1, 743)
[M::mem_pestat] analyzing insert size distribution for orientation RF...
[M::mem_pestat] (25, 50, 75) percentile: (174, 224, 735)
[M::mem_pestat] low and high boundaries for computing mean and std.dev: (1, 1857)
[M::mem_pestat] mean and std.dev: (313.60, 317.18)
[M::mem_pestat] low and high boundaries for proper pairs: (1, 2418)
[M::mem_pestat] analyzing insert size distribution for orientation RR...
[M::mem_pestat] (25, 50, 75) percentile: (237, 2933, 8810)
[M::mem_pestat] low and high boundaries for computing mean and std.dev: (1, 25956)
[M::mem_pestat] mean and std.dev: (3239.33, 3685.16)
[M::mem_pestat] low and high boundaries for proper pairs: (1, 34529)
[M::mem_pestat] skip orientation FF
[M::mem_pestat] skip orientation RF
[M::mem_pestat] skip orientation RR
[M::mem_process_seqs] Processed 2794106 reads in 3027.802 CPU sec, 75.948 real sec
[M::process] read 2796914 sequences (400000100 bp)...
[M::mem_pestat] # candidate unique pairs for (FF, FR, RF, RR): (10, 696066, 76, 13)
[M::mem_pestat] analyzing insert size distribution for orientation FF...
[M::mem_pestat] (25, 50, 75) percentile: (491, 1894, 3224)
[M::mem_pestat] low and high boundaries for computing mean and std.dev: (1, 8690)
[M::mem_pestat] mean and std.dev: (1909.90, 1160.11)
[M::mem_pestat] low and high boundaries for proper pairs: (1, 11423)
[M::mem_pestat] analyzing insert size distribution for orientation FR...
[M::mem_pestat] (25, 50, 75) percentile: (195, 252, 349)
[M::mem_pestat] low and high boundaries for computing mean and std.dev: (1, 657)
[M::mem_pestat] mean and std.dev: (273.89, 100.43)
[M::mem_pestat] low and high boundaries for proper pairs: (1, 811)
[M::mem_pestat] analyzing insert size distribution for orientation RF...
[M::mem_pestat] (25, 50, 75) percentile: (223, 478, 2742)
[M::mem_pestat] low and high boundaries for computing mean and std.dev: (1, 7780)
[M::mem_pestat] mean and std.dev: (1545.43, 2146.77)
[M::mem_pestat] low and high boundaries for proper pairs: (1, 10299)
[M::mem_pestat] analyzing insert size distribution for orientation RR...
[M::mem_pestat] (25, 50, 75) percentile: (288, 1411, 5755)
[M::mem_pestat] low and high boundaries for computing mean and std.dev: (1, 16689)
[M::mem_pestat] mean and std.dev: (2673.62, 3232.80)
[M::mem_pestat] low and high boundaries for proper pairs: (1, 22156)
[M::mem_pestat] skip orientation FF
[M::mem_pestat] skip orientation RF
[M::mem_pestat] skip orientation RR
[M::mem_process_seqs] Processed 2788812 reads in 3177.575 CPU sec, 79.759 real sec
[M::process] read 2788604 sequences (400000170 bp)...
[M::mem_pestat] # candidate unique pairs for (FF, FR, RF, RR): (16, 713496, 98, 12)
[M::mem_pestat] analyzing insert size distribution for orientation FF...
[M::mem_pestat] (25, 50, 75) percentile: (436, 4291, 6662)
[M::mem_pestat] low and high boundaries for computing mean and std.dev: (1, 19114)
[M::mem_pestat] mean and std.dev: (3982.56, 3474.17)
[M::mem_pestat] low and high boundaries for proper pairs: (1, 25340)
[M::mem_pestat] analyzing insert size distribution for orientation FR...
[M::mem_pestat] (25, 50, 75) percentile: (187, 231, 328)
[M::mem_pestat] low and high boundaries for computing mean and std.dev: (1, 610)
[M::mem_pestat] mean and std.dev: (257.51, 95.68)
[M::mem_pestat] low and high boundaries for proper pairs: (1, 751)
[M::mem_pestat] analyzing insert size distribution for orientation RF...
[M::mem_pestat] (25, 50, 75) percentile: (137, 306, 869)
[M::mem_pestat] low and high boundaries for computing mean and std.dev: (1, 2333)
[M::mem_pestat] mean and std.dev: (473.53, 559.78)
[M::mem_pestat] low and high boundaries for proper pairs: (1, 3065)
[M::mem_pestat] analyzing insert size distribution for orientation RR...
[M::mem_pestat] (25, 50, 75) percentile: (96, 125, 6145)
[M::mem_pestat] low and high boundaries for computing mean and std.dev: (1, 18243)
[M::mem_pestat] mean and std.dev: (2292.83, 2995.79)
[M::mem_pestat] low and high boundaries for proper pairs: (1, 24292)
[M::mem_pestat] skip orientation FF
[M::mem_pestat] skip orientation RF
[M::mem_pestat] skip orientation RR
[M::mem_process_seqs] Processed 2796914 reads in 3068.147 CPU sec, 77.163 real sec
[M::process] read 2792070 sequences (400000038 bp)...
[M::mem_pestat] # candidate unique pairs for (FF, FR, RF, RR): (13, 695349, 70, 14)
[M::mem_pestat] analyzing insert size distribution for orientation FF...
[M::mem_pestat] (25, 50, 75) percentile: (118, 1934, 4173)
[M::mem_pestat] low and high boundaries for computing mean and std.dev: (1, 12283)
[M::mem_pestat] mean and std.dev: (1639.46, 1583.84)
[M::mem_pestat] low and high boundaries for proper pairs: (1, 16338)
[M::mem_pestat] analyzing insert size distribution for orientation FR...
[M::mem_pestat] (25, 50, 75) percentile: (196, 253, 350)
[M::mem_pestat] low and high boundaries for computing mean and std.dev: (1, 658)
[M::mem_pestat] mean and std.dev: (274.31, 100.60)
[M::mem_pestat] low and high boundaries for proper pairs: (1, 812)
[M::mem_pestat] analyzing insert size distribution for orientation RF...
[M::mem_pestat] (25, 50, 75) percentile: (223, 420, 2379)
[M::mem_pestat] low and high boundaries for computing mean and std.dev: (1, 6691)
[M::mem_pestat] mean and std.dev: (931.27, 1100.53)
[M::mem_pestat] low and high boundaries for proper pairs: (1, 8847)
[M::mem_pestat] analyzing insert size distribution for orientation RR...
[M::mem_pestat] (25, 50, 75) percentile: (407, 509, 1392)
[M::mem_pestat] low and high boundaries for computing mean and std.dev: (1, 3362)
[M::mem_pestat] mean and std.dev: (495.91, 314.05)
[M::mem_pestat] low and high boundaries for proper pairs: (1, 4347)
[M::mem_pestat] skip orientation FF
[M::mem_pestat] skip orientation RF
[M::mem_pestat] skip orientation RR
[M::mem_process_seqs] Processed 2788604 reads in 3124.819 CPU sec, 78.198 real sec
[M::process] read 2784544 sequences (400000113 bp)...
[M::mem_pestat] # candidate unique pairs for (FF, FR, RF, RR): (15, 715142, 76, 10)
[M::mem_pestat] analyzing insert size distribution for orientation FF...
[M::mem_pestat] (25, 50, 75) percentile: (190, 320, 2339)
[M::mem_pestat] low and high boundaries for computing mean and std.dev: (1, 6637)
[M::mem_pestat] mean and std.dev: (1252.80, 1529.67)
[M::mem_pestat] low and high boundaries for proper pairs: (1, 8786)
[M::mem_pestat] analyzing insert size distribution for orientation FR...
[M::mem_pestat] (25, 50, 75) percentile: (187, 231, 327)
[M::mem_pestat] low and high boundaries for computing mean and std.dev: (1, 607)
[M::mem_pestat] mean and std.dev: (257.04, 95.33)
[M::mem_pestat] low and high boundaries for proper pairs: (1, 747)
[M::mem_pestat] analyzing insert size distribution for orientation RF...
[M::mem_pestat] (25, 50, 75) percentile: (223, 259, 1104)
[M::mem_pestat] low and high boundaries for computing mean and std.dev: (1, 2866)
[M::mem_pestat] mean and std.dev: (509.84, 577.29)
[M::mem_pestat] low and high boundaries for proper pairs: (1, 3747)
[M::mem_pestat] analyzing insert size distribution for orientation RR...
[M::mem_pestat] (25, 50, 75) percentile: (675, 2383, 3400)
[M::mem_pestat] low and high boundaries for computing mean and std.dev: (1, 8850)
[M::mem_pestat] mean and std.dev: (2239.89, 2368.08)
[M::mem_pestat] low and high boundaries for proper pairs: (1, 11712)
[M::mem_pestat] skip orientation FF
[M::mem_pestat] skip orientation RF
[M::mem_pestat] skip orientation RR
[M::mem_process_seqs] Processed 2792070 reads in 3033.821 CPU sec, 76.165 real sec
[M::process] read 2818104 sequences (400000222 bp)...
[M::mem_pestat] # candidate unique pairs for (FF, FR, RF, RR): (8, 695782, 71, 5)
[M::mem_pestat] skip orientation FF as there are not enough pairs
[M::mem_pestat] analyzing insert size distribution for orientation FR...
[M::mem_pestat] (25, 50, 75) percentile: (195, 252, 349)
[M::mem_pestat] low and high boundaries for computing mean and std.dev: (1, 657)
[M::mem_pestat] mean and std.dev: (273.89, 100.59)
[M::mem_pestat] low and high boundaries for proper pairs: (1, 811)
[M::mem_pestat] analyzing insert size distribution for orientation RF...
[M::mem_pestat] (25, 50, 75) percentile: (223, 225, 1391)
[M::mem_pestat] low and high boundaries for computing mean and std.dev: (1, 3727)
[M::mem_pestat] mean and std.dev: (681.48, 887.57)
[M::mem_pestat] low and high boundaries for proper pairs: (1, 4895)
[M::mem_pestat] skip orientation RR as there are not enough pairs
[M::mem_pestat] skip orientation RF
[M::mem_process_seqs] Processed 2784544 reads in 3158.649 CPU sec, 79.238 real sec
[M::process] read 2805668 sequences (400000041 bp)...
[M::mem_pestat] # candidate unique pairs for (FF, FR, RF, RR): (6, 701954, 74, 9)
[M::mem_pestat] skip orientation FF as there are not enough pairs
[M::mem_pestat] analyzing insert size distribution for orientation FR...
[M::mem_pestat] (25, 50, 75) percentile: (191, 242, 340)
[M::mem_pestat] low and high boundaries for computing mean and std.dev: (1, 638)
[M::mem_pestat] mean and std.dev: (266.33, 98.42)
[M::mem_pestat] low and high boundaries for proper pairs: (1, 787)
[M::mem_pestat] analyzing insert size distribution for orientation RF...
[M::mem_pestat] (25, 50, 75) percentile: (223, 402, 2344)
[M::mem_pestat] low and high boundaries for computing mean and std.dev: (1, 6586)
[M::mem_pestat] mean and std.dev: (1288.44, 1672.62)
[M::mem_pestat] low and high boundaries for proper pairs: (1, 8707)
[M::mem_pestat] skip orientation RR as there are not enough pairs
[M::mem_pestat] skip orientation RF
[M::mem_process_seqs] Processed 2818104 reads in 3108.821 CPU sec, 78.051 real sec
[M::process] read 2818318 sequences (400000024 bp)...
[M::mem_pestat] # candidate unique pairs for (FF, FR, RF, RR): (10, 695441, 97, 15)
[M::mem_pestat] analyzing insert size distribution for orientation FF...
[M::mem_pestat] (25, 50, 75) percentile: (515, 4611, 9437)
[M::mem_pestat] low and high boundaries for computing mean and std.dev: (1, 27281)
[M::mem_pestat] mean and std.dev: (4185.00, 3951.07)
[M::mem_pestat] low and high boundaries for proper pairs: (1, 36203)
[M::mem_pestat] analyzing insert size distribution for orientation FR...
[M::mem_pestat] (25, 50, 75) percentile: (194, 249, 348)
[M::mem_pestat] low and high boundaries for computing mean and std.dev: (1, 656)
[M::mem_pestat] mean and std.dev: (272.47, 100.94)
[M::mem_pestat] low and high boundaries for proper pairs: (1, 810)
[M::mem_pestat] analyzing insert size distribution for orientation RF...
[M::mem_pestat] (25, 50, 75) percentile: (176, 246, 944)
[M::mem_pestat] low and high boundaries for computing mean and std.dev: (1, 2480)
[M::mem_pestat] mean and std.dev: (439.10, 538.41)
[M::mem_pestat] low and high boundaries for proper pairs: (1, 3248)
[M::mem_pestat] analyzing insert size distribution for orientation RR...
[M::mem_pestat] (25, 50, 75) percentile: (353, 1584, 7526)
[M::mem_pestat] low and high boundaries for computing mean and std.dev: (1, 21872)
[M::mem_pestat] mean and std.dev: (3472.47, 3653.28)
[M::mem_pestat] low and high boundaries for proper pairs: (1, 29045)
[M::mem_pestat] skip orientation FF
[M::mem_pestat] skip orientation RF
[M::mem_pestat] skip orientation RR
[M::mem_process_seqs] Processed 2805668 reads in 3122.874 CPU sec, 78.373 real sec
[M::process] read 2808738 sequences (400000105 bp)...
[M::mem_pestat] # candidate unique pairs for (FF, FR, RF, RR): (9, 702208, 91, 5)
[M::mem_pestat] skip orientation FF as there are not enough pairs
[M::mem_pestat] analyzing insert size distribution for orientation FR...
[M::mem_pestat] (25, 50, 75) percentile: (192, 243, 342)
[M::mem_pestat] low and high boundaries for computing mean and std.dev: (1, 642)
[M::mem_pestat] mean and std.dev: (267.59, 99.18)
[M::mem_pestat] low and high boundaries for proper pairs: (1, 792)
[M::mem_pestat] analyzing insert size distribution for orientation RF...
[M::mem_pestat] (25, 50, 75) percentile: (132, 282, 1946)
[M::mem_pestat] low and high boundaries for computing mean and std.dev: (1, 5574)
[M::mem_pestat] mean and std.dev: (851.05, 1192.17)
[M::mem_pestat] low and high boundaries for proper pairs: (1, 7388)
[M::mem_pestat] skip orientation RR as there are not enough pairs
[M::mem_pestat] skip orientation RF
[M::mem_process_seqs] Processed 2818318 reads in 3097.794 CPU sec, 77.906 real sec
[M::process] read 2827084 sequences (400000059 bp)...
[M::mem_pestat] # candidate unique pairs for (FF, FR, RF, RR): (7, 695582, 88, 10)
[M::mem_pestat] skip orientation FF as there are not enough pairs
[M::mem_pestat] analyzing insert size distribution for orientation FR...
[M::mem_pestat] (25, 50, 75) percentile: (194, 249, 348)
[M::mem_pestat] low and high boundaries for computing mean and std.dev: (1, 656)
[M::mem_pestat] mean and std.dev: (272.70, 101.13)
[M::mem_pestat] low and high boundaries for proper pairs: (1, 810)
[M::mem_pestat] analyzing insert size distribution for orientation RF...
[M::mem_pestat] (25, 50, 75) percentile: (223, 365, 1705)
[M::mem_pestat] low and high boundaries for computing mean and std.dev: (1, 4669)
[M::mem_pestat] mean and std.dev: (784.77, 1067.11)
[M::mem_pestat] low and high boundaries for proper pairs: (1, 6151)
[M::mem_pestat] analyzing insert size distribution for orientation RR...
[M::mem_pestat] (25, 50, 75) percentile: (304, 3046, 4673)
[M::mem_pestat] low and high boundaries for computing mean and std.dev: (1, 13411)
[M::mem_pestat] mean and std.dev: (3134.00, 3009.90)
[M::mem_pestat] low and high boundaries for proper pairs: (1, 17780)
[M::mem_pestat] skip orientation RF
[M::mem_pestat] skip orientation RR
[M::mem_process_seqs] Processed 2808738 reads in 3148.855 CPU sec, 78.775 real sec
[M::process] read 2812178 sequences (400000290 bp)...
[M::mem_pestat] # candidate unique pairs for (FF, FR, RF, RR): (9, 699861, 97, 11)
[M::mem_pestat] skip orientation FF as there are not enough pairs
[M::mem_pestat] analyzing insert size distribution for orientation FR...
[M::mem_pestat] (25, 50, 75) percentile: (192, 245, 344)
[M::mem_pestat] low and high boundaries for computing mean and std.dev: (1, 648)
[M::mem_pestat] mean and std.dev: (269.10, 99.87)
[M::mem_pestat] low and high boundaries for proper pairs: (1, 800)
[M::mem_pestat] analyzing insert size distribution for orientation RF...
[M::mem_pestat] (25, 50, 75) percentile: (222, 386, 2169)
[M::mem_pestat] low and high boundaries for computing mean and std.dev: (1, 6063)
[M::mem_pestat] mean and std.dev: (1050.90, 1534.03)
[M::mem_pestat] low and high boundaries for proper pairs: (1, 8010)
[M::mem_pestat] analyzing insert size distribution for orientation RR...
[M::mem_pestat] (25, 50, 75) percentile: (1807, 2953, 3938)
[M::mem_pestat] low and high boundaries for computing mean and std.dev: (1, 8200)
[M::mem_pestat] mean and std.dev: (2610.70, 1322.02)
[M::mem_pestat] low and high boundaries for proper pairs: (1, 10331)
[M::mem_pestat] skip orientation RF
[M::mem_pestat] skip orientation RR
[M::mem_process_seqs] Processed 2827084 reads in 3242.088 CPU sec, 81.528 real sec
[M::process] read 2816352 sequences (400000122 bp)...
[M::mem_pestat] # candidate unique pairs for (FF, FR, RF, RR): (12, 694913, 99, 4)
[M::mem_pestat] analyzing insert size distribution for orientation FF...
[M::mem_pestat] (25, 50, 75) percentile: (1913, 2233, 4337)
[M::mem_pestat] low and high boundaries for computing mean and std.dev: (1, 9185)
[M::mem_pestat] mean and std.dev: (2625.75, 1256.03)
[M::mem_pestat] low and high boundaries for proper pairs: (1, 11609)
[M::mem_pestat] analyzing insert size distribution for orientation FR...
[M::mem_pestat] (25, 50, 75) percentile: (195, 250, 349)
[M::mem_pestat] low and high boundaries for computing mean and std.dev: (1, 657)
[M::mem_pestat] mean and std.dev: (273.38, 101.27)
[M::mem_pestat] low and high boundaries for proper pairs: (1, 811)
[M::mem_pestat] analyzing insert size distribution for orientation RF...
[M::mem_pestat] (25, 50, 75) percentile: (193, 226, 1429)
[M::mem_pestat] low and high boundaries for computing mean and std.dev: (1, 3901)
[M::mem_pestat] mean and std.dev: (648.33, 949.68)
[M::mem_pestat] low and high boundaries for proper pairs: (1, 5137)
[M::mem_pestat] skip orientation RR as there are not enough pairs
[M::mem_pestat] skip orientation FF
[M::mem_pestat] skip orientation RF
[M::mem_process_seqs] Processed 2812178 reads in 3145.665 CPU sec, 78.733 real sec
[M::process] read 2797486 sequences (400000043 bp)...
[M::mem_pestat] # candidate unique pairs for (FF, FR, RF, RR): (9, 701713, 81, 13)
[M::mem_pestat] skip orientation FF as there are not enough pairs
[M::mem_pestat] analyzing insert size distribution for orientation FR...
[M::mem_pestat] (25, 50, 75) percentile: (193, 245, 344)
[M::mem_pestat] low and high boundaries for computing mean and std.dev: (1, 646)
[M::mem_pestat] mean and std.dev: (269.18, 99.56)
[M::mem_pestat] low and high boundaries for proper pairs: (1, 797)
[M::mem_pestat] analyzing insert size distribution for orientation RF...
[M::mem_pestat] (25, 50, 75) percentile: (130, 226, 1887)
[M::mem_pestat] low and high boundaries for computing mean and std.dev: (1, 5401)
[M::mem_pestat] mean and std.dev: (732.89, 1014.70)
[M::mem_pestat] low and high boundaries for proper pairs: (1, 7158)
[M::mem_pestat] analyzing insert size distribution for orientation RR...
[M::mem_pestat] (25, 50, 75) percentile: (141, 290, 2375)
[M::mem_pestat] low and high boundaries for computing mean and std.dev: (1, 6843)
[M::mem_pestat] mean and std.dev: (979.23, 1227.13)
[M::mem_pestat] low and high boundaries for proper pairs: (1, 9077)
[M::mem_pestat] skip orientation RF
[M::mem_pestat] skip orientation RR
[M::mem_process_seqs] Processed 2816352 reads in 3176.138 CPU sec, 79.869 real sec
[M::process] read 2796110 sequences (400000032 bp)...
[M::mem_pestat] # candidate unique pairs for (FF, FR, RF, RR): (12, 696583, 75, 11)
[M::mem_pestat] analyzing insert size distribution for orientation FF...
[M::mem_pestat] (25, 50, 75) percentile: (600, 1449, 3921)
[M::mem_pestat] low and high boundaries for computing mean and std.dev: (1, 10563)
[M::mem_pestat] mean and std.dev: (2076.50, 1617.32)
[M::mem_pestat] low and high boundaries for proper pairs: (1, 13884)
[M::mem_pestat] analyzing insert size distribution for orientation FR...
[M::mem_pestat] (25, 50, 75) percentile: (195, 250, 349)
[M::mem_pestat] low and high boundaries for computing mean and std.dev: (1, 657)
[M::mem_pestat] mean and std.dev: (273.08, 100.94)
[M::mem_pestat] low and high boundaries for proper pairs: (1, 811)
[M::mem_pestat] analyzing insert size distribution for orientation RF...
[M::mem_pestat] (25, 50, 75) percentile: (216, 340, 1029)
[M::mem_pestat] low and high boundaries for computing mean and std.dev: (1, 2655)
[M::mem_pestat] mean and std.dev: (407.48, 442.53)
[M::mem_pestat] low and high boundaries for proper pairs: (1, 3468)
[M::mem_pestat] analyzing insert size distribution for orientation RR...
[M::mem_pestat] (25, 50, 75) percentile: (170, 255, 2232)
[M::mem_pestat] low and high boundaries for computing mean and std.dev: (1, 6356)
[M::mem_pestat] mean and std.dev: (884.45, 1128.76)
[M::mem_pestat] low and high boundaries for proper pairs: (1, 8418)
[M::mem_pestat] skip orientation FF
[M::mem_pestat] skip orientation RF
[M::mem_pestat] skip orientation RR
[M::mem_process_seqs] Processed 2797486 reads in 3152.535 CPU sec, 78.917 real sec
[M::process] read 2791348 sequences (400000054 bp)...
[M::mem_pestat] # candidate unique pairs for (FF, FR, RF, RR): (10, 706672, 81, 12)
[M::mem_pestat] analyzing insert size distribution for orientation FF...
[M::mem_pestat] (25, 50, 75) percentile: (279, 3556, 4373)
[M::mem_pestat] low and high boundaries for computing mean and std.dev: (1, 12561)
[M::mem_pestat] mean and std.dev: (3029.50, 2496.58)
[M::mem_pestat] low and high boundaries for proper pairs: (1, 16655)
[M::mem_pestat] analyzing insert size distribution for orientation FR...
[M::mem_pestat] (25, 50, 75) percentile: (189, 235, 334)
[M::mem_pestat] low and high boundaries for computing mean and std.dev: (1, 624)
[M::mem_pestat] mean and std.dev: (261.78, 97.87)
[M::mem_pestat] low and high boundaries for proper pairs: (1, 769)
[M::mem_pestat] analyzing insert size distribution for orientation RF...
[M::mem_pestat] (25, 50, 75) percentile: (155, 223, 565)
[M::mem_pestat] low and high boundaries for computing mean and std.dev: (1, 1385)
[M::mem_pestat] mean and std.dev: (265.00, 201.91)
[M::mem_pestat] low and high boundaries for proper pairs: (1, 1795)
[M::mem_pestat] analyzing insert size distribution for orientation RR...
[M::mem_pestat] (25, 50, 75) percentile: (296, 1876, 4311)
[M::mem_pestat] low and high boundaries for computing mean and std.dev: (1, 12341)
[M::mem_pestat] mean and std.dev: (2189.58, 2506.40)
[M::mem_pestat] low and high boundaries for proper pairs: (1, 16356)
[M::mem_pestat] skip orientation FF
[M::mem_pestat] skip orientation RF
[M::mem_pestat] skip orientation RR
[M::mem_process_seqs] Processed 2796110 reads in 3085.312 CPU sec, 77.404 real sec
[M::process] read 2791188 sequences (400000185 bp)...
[M::mem_pestat] # candidate unique pairs for (FF, FR, RF, RR): (9, 698313, 97, 12)
[M::mem_pestat] skip orientation FF as there are not enough pairs
[M::mem_pestat] analyzing insert size distribution for orientation FR...
[M::mem_pestat] (25, 50, 75) percentile: (193, 247, 345)
[M::mem_pestat] low and high boundaries for computing mean and std.dev: (1, 649)
[M::mem_pestat] mean and std.dev: (269.97, 99.49)
[M::mem_pestat] low and high boundaries for proper pairs: (1, 801)
[M::mem_pestat] analyzing insert size distribution for orientation RF...
[M::mem_pestat] (25, 50, 75) percentile: (140, 393, 2263)
[M::mem_pestat] low and high boundaries for computing mean and std.dev: (1, 6509)
[M::mem_pestat] mean and std.dev: (988.99, 1385.27)
[M::mem_pestat] low and high boundaries for proper pairs: (1, 8632)
[M::mem_pestat] analyzing insert size distribution for orientation RR...
[M::mem_pestat] (25, 50, 75) percentile: (1945, 2409, 6406)
[M::mem_pestat] low and high boundaries for computing mean and std.dev: (1, 15328)
[M::mem_pestat] mean and std.dev: (3606.17, 3084.12)
[M::mem_pestat] low and high boundaries for proper pairs: (1, 19789)
[M::mem_pestat] skip orientation RF
[M::mem_pestat] skip orientation RR
[M::mem_process_seqs] Processed 2791348 reads in 3387.044 CPU sec, 91.784 real sec
[M::process] read 2792518 sequences (400000174 bp)...
[M::mem_pestat] # candidate unique pairs for (FF, FR, RF, RR): (12, 707371, 78, 8)
[M::mem_pestat] analyzing insert size distribution for orientation FF...
[M::mem_pestat] (25, 50, 75) percentile: (1974, 2766, 4281)
[M::mem_pestat] low and high boundaries for computing mean and std.dev: (1, 8895)
[M::mem_pestat] mean and std.dev: (2942.58, 1826.86)
[M::mem_pestat] low and high boundaries for proper pairs: (1, 11202)
[M::mem_pestat] analyzing insert size distribution for orientation FR...
[M::mem_pestat] (25, 50, 75) percentile: (190, 237, 335)
[M::mem_pestat] low and high boundaries for computing mean and std.dev: (1, 625)
[M::mem_pestat] mean and std.dev: (262.58, 97.69)
[M::mem_pestat] low and high boundaries for proper pairs: (1, 770)
[M::mem_pestat] analyzing insert size distribution for orientation RF...
[M::mem_pestat] (25, 50, 75) percentile: (223, 402, 2237)
[M::mem_pestat] low and high boundaries for computing mean and std.dev: (1, 6265)
[M::mem_pestat] mean and std.dev: (1020.51, 1358.62)
[M::mem_pestat] low and high boundaries for proper pairs: (1, 8279)
[M::mem_pestat] skip orientation RR as there are not enough pairs
[M::mem_pestat] skip orientation FF
[M::mem_pestat] skip orientation RF
[M::mem_process_seqs] Processed 2791188 reads in 3111.934 CPU sec, 78.123 real sec
[M::process] read 2795004 sequences (400000093 bp)...
[M::mem_pestat] # candidate unique pairs for (FF, FR, RF, RR): (15, 701084, 87, 9)
[M::mem_pestat] analyzing insert size distribution for orientation FF...
[M::mem_pestat] (25, 50, 75) percentile: (301, 2024, 6028)
[M::mem_pestat] low and high boundaries for computing mean and std.dev: (1, 17482)
[M::mem_pestat] mean and std.dev: (2842.13, 3083.74)
[M::mem_pestat] low and high boundaries for proper pairs: (1, 23209)
[M::mem_pestat] analyzing insert size distribution for orientation FR...
[M::mem_pestat] (25, 50, 75) percentile: (193, 246, 345)
[M::mem_pestat] low and high boundaries for computing mean and std.dev: (1, 649)
[M::mem_pestat] mean and std.dev: (270.02, 99.55)
[M::mem_pestat] low and high boundaries for proper pairs: (1, 801)
[M::mem_pestat] analyzing insert size distribution for orientation RF...
[M::mem_pestat] (25, 50, 75) percentile: (169, 413, 1496)
[M::mem_pestat] low and high boundaries for computing mean and std.dev: (1, 4150)
[M::mem_pestat] mean and std.dev: (928.86, 1175.17)
[M::mem_pestat] low and high boundaries for proper pairs: (1, 5630)
[M::mem_pestat] skip orientation RR as there are not enough pairs
[M::mem_pestat] skip orientation FF
[M::mem_pestat] skip orientation RF
[M::mem_process_seqs] Processed 2792518 reads in 3123.234 CPU sec, 78.589 real sec
[M::process] read 2789886 sequences (400000051 bp)...
[M::mem_pestat] # candidate unique pairs for (FF, FR, RF, RR): (10, 708152, 88, 9)
[M::mem_pestat] analyzing insert size distribution for orientation FF...
[M::mem_pestat] (25, 50, 75) percentile: (184, 775, 1187)
[M::mem_pestat] low and high boundaries for computing mean and std.dev: (1, 3193)
[M::mem_pestat] mean and std.dev: (671.78, 637.15)
[M::mem_pestat] low and high boundaries for proper pairs: (1, 4196)
[M::mem_pestat] analyzing insert size distribution for orientation FR...
[M::mem_pestat] (25, 50, 75) percentile: (189, 236, 334)
[M::mem_pestat] low and high boundaries for computing mean and std.dev: (1, 624)
[M::mem_pestat] mean and std.dev: (261.96, 97.48)
[M::mem_pestat] low and high boundaries for proper pairs: (1, 769)
[M::mem_pestat] analyzing insert size distribution for orientation RF...
[M::mem_pestat] (25, 50, 75) percentile: (128, 224, 1271)
[M::mem_pestat] low and high boundaries for computing mean and std.dev: (1, 3557)
[M::mem_pestat] mean and std.dev: (535.66, 684.24)
[M::mem_pestat] low and high boundaries for proper pairs: (1, 4700)
[M::mem_pestat] skip orientation RR as there are not enough pairs
[M::mem_pestat] skip orientation FF
[M::mem_pestat] skip orientation RF
[M::mem_process_seqs] Processed 2795004 reads in 3102.985 CPU sec, 77.811 real sec
[M::process] read 2791624 sequences (400000119 bp)...
[M::mem_pestat] # candidate unique pairs for (FF, FR, RF, RR): (16, 698985, 105, 11)
[M::mem_pestat] analyzing insert size distribution for orientation FF...
[M::mem_pestat] (25, 50, 75) percentile: (380, 1974, 3093)
[M::mem_pestat] low and high boundaries for computing mean and std.dev: (1, 8519)
[M::mem_pestat] mean and std.dev: (1615.94, 1316.39)
[M::mem_pestat] low and high boundaries for proper pairs: (1, 11232)
[M::mem_pestat] analyzing insert size distribution for orientation FR...
[M::mem_pestat] (25, 50, 75) percentile: (193, 246, 345)
[M::mem_pestat] low and high boundaries for computing mean and std.dev: (1, 649)
[M::mem_pestat] mean and std.dev: (269.93, 99.49)
[M::mem_pestat] low and high boundaries for proper pairs: (1, 801)
[M::mem_pestat] analyzing insert size distribution for orientation RF...
[M::mem_pestat] (25, 50, 75) percentile: (186, 387, 2495)
[M::mem_pestat] low and high boundaries for computing mean and std.dev: (1, 7113)
[M::mem_pestat] mean and std.dev: (1156.39, 1494.09)
[M::mem_pestat] low and high boundaries for proper pairs: (1, 9422)
[M::mem_pestat] analyzing insert size distribution for orientation RR...
[M::mem_pestat] (25, 50, 75) percentile: (1160, 1709, 4259)
[M::mem_pestat] low and high boundaries for computing mean and std.dev: (1, 10457)
[M::mem_pestat] mean and std.dev: (2786.36, 2406.89)
[M::mem_pestat] low and high boundaries for proper pairs: (1, 13556)
[M::mem_pestat] skip orientation FF
[M::mem_pestat] skip orientation RF
[M::mem_pestat] skip orientation RR
[M::mem_process_seqs] Processed 2789886 reads in 3129.552 CPU sec, 78.345 real sec
[M::process] read 2786808 sequences (400000077 bp)...
[M::mem_pestat] # candidate unique pairs for (FF, FR, RF, RR): (7, 708037, 79, 9)
[M::mem_pestat] skip orientation FF as there are not enough pairs
[M::mem_pestat] analyzing insert size distribution for orientation FR...
[M::mem_pestat] (25, 50, 75) percentile: (189, 236, 334)
[M::mem_pestat] low and high boundaries for computing mean and std.dev: (1, 624)
[M::mem_pestat] mean and std.dev: (261.99, 97.38)
[M::mem_pestat] low and high boundaries for proper pairs: (1, 769)
[M::mem_pestat] analyzing insert size distribution for orientation RF...
[M::mem_pestat] (25, 50, 75) percentile: (223, 342, 1285)
[M::mem_pestat] low and high boundaries for computing mean and std.dev: (1, 3409)
[M::mem_pestat] mean and std.dev: (536.35, 690.85)
[M::mem_pestat] low and high boundaries for proper pairs: (1, 4471)
[M::mem_pestat] skip orientation RR as there are not enough pairs
[M::mem_pestat] skip orientation RF
[M::mem_process_seqs] Processed 2791624 reads in 3103.372 CPU sec, 78.058 real sec
[M::process] read 2808086 sequences (400000292 bp)...
[M::mem_pestat] # candidate unique pairs for (FF, FR, RF, RR): (16, 698625, 70, 8)
[M::mem_pestat] analyzing insert size distribution for orientation FF...
[M::mem_pestat] (25, 50, 75) percentile: (1707, 4955, 8605)
[M::mem_pestat] low and high boundaries for computing mean and std.dev: (1, 22401)
[M::mem_pestat] mean and std.dev: (4579.19, 3496.95)
[M::mem_pestat] low and high boundaries for proper pairs: (1, 29299)
[M::mem_pestat] analyzing insert size distribution for orientation FR...
[M::mem_pestat] (25, 50, 75) percentile: (194, 248, 346)
[M::mem_pestat] low and high boundaries for computing mean and std.dev: (1, 650)
[M::mem_pestat] mean and std.dev: (271.01, 99.83)
[M::mem_pestat] low and high boundaries for proper pairs: (1, 802)
[M::mem_pestat] analyzing insert size distribution for orientation RF...
[M::mem_pestat] (25, 50, 75) percentile: (223, 394, 1506)
[M::mem_pestat] low and high boundaries for computing mean and std.dev: (1, 4072)
[M::mem_pestat] mean and std.dev: (820.59, 1136.12)
[M::mem_pestat] low and high boundaries for proper pairs: (1, 5365)
[M::mem_pestat] skip orientation RR as there are not enough pairs
[M::mem_pestat] skip orientation FF
[M::mem_pestat] skip orientation RF
[M::mem_process_seqs] Processed 2786808 reads in 3142.200 CPU sec, 78.692 real sec
[M::process] read 2812928 sequences (400000198 bp)...
[M::mem_pestat] # candidate unique pairs for (FF, FR, RF, RR): (11, 693382, 94, 10)
[M::mem_pestat] analyzing insert size distribution for orientation FF...
[M::mem_pestat] (25, 50, 75) percentile: (902, 3652, 4330)
[M::mem_pestat] low and high boundaries for computing mean and std.dev: (1, 11186)
[M::mem_pestat] mean and std.dev: (2762.82, 1857.64)
[M::mem_pestat] low and high boundaries for proper pairs: (1, 14614)
[M::mem_pestat] analyzing insert size distribution for orientation FR...
[M::mem_pestat] (25, 50, 75) percentile: (194, 249, 348)
[M::mem_pestat] low and high boundaries for computing mean and std.dev: (1, 656)
[M::mem_pestat] mean and std.dev: (271.84, 100.36)
[M::mem_pestat] low and high boundaries for proper pairs: (1, 810)
[M::mem_pestat] analyzing insert size distribution for orientation RF...
[M::mem_pestat] (25, 50, 75) percentile: (154, 268, 1546)
[M::mem_pestat] low and high boundaries for computing mean and std.dev: (1, 4330)
[M::mem_pestat] mean and std.dev: (739.28, 1007.57)
[M::mem_pestat] low and high boundaries for proper pairs: (1, 5722)
[M::mem_pestat] analyzing insert size distribution for orientation RR...
[M::mem_pestat] (25, 50, 75) percentile: (344, 1896, 4332)
[M::mem_pestat] low and high boundaries for computing mean and std.dev: (1, 12308)
[M::mem_pestat] mean and std.dev: (2922.80, 2771.06)
[M::mem_pestat] low and high boundaries for proper pairs: (1, 16296)
[M::mem_pestat] skip orientation FF
[M::mem_pestat] skip orientation RF
[M::mem_pestat] skip orientation RR
[M::mem_process_seqs] Processed 2808086 reads in 3180.152 CPU sec, 79.855 real sec
[M::process] read 2816736 sequences (400000226 bp)...
[M::mem_pestat] # candidate unique pairs for (FF, FR, RF, RR): (23, 697088, 78, 13)
[M::mem_pestat] analyzing insert size distribution for orientation FF...
[M::mem_pestat] (25, 50, 75) percentile: (580, 1660, 3144)
[M::mem_pestat] low and high boundaries for computing mean and std.dev: (1, 8272)
[M::mem_pestat] mean and std.dev: (2147.22, 2009.47)
[M::mem_pestat] low and high boundaries for proper pairs: (1, 10836)
[M::mem_pestat] analyzing insert size distribution for orientation FR...
[M::mem_pestat] (25, 50, 75) percentile: (194, 248, 347)
[M::mem_pestat] low and high boundaries for computing mean and std.dev: (1, 653)
[M::mem_pestat] mean and std.dev: (271.76, 100.53)
[M::mem_pestat] low and high boundaries for proper pairs: (1, 806)
[M::mem_pestat] analyzing insert size distribution for orientation RF...
[M::mem_pestat] (25, 50, 75) percentile: (138, 270, 2152)
[M::mem_pestat] low and high boundaries for computing mean and std.dev: (1, 6180)
[M::mem_pestat] mean and std.dev: (1004.00, 1562.78)
[M::mem_pestat] low and high boundaries for proper pairs: (1, 8194)
[M::mem_pestat] analyzing insert size distribution for orientation RR...
[M::mem_pestat] (25, 50, 75) percentile: (329, 1395, 4446)
[M::mem_pestat] low and high boundaries for computing mean and std.dev: (1, 12680)
[M::mem_pestat] mean and std.dev: (2385.00, 2748.51)
[M::mem_pestat] low and high boundaries for proper pairs: (1, 16797)
[M::mem_pestat] skip orientation FF
[M::mem_pestat] skip orientation RF
[M::mem_pestat] skip orientation RR
[M::mem_process_seqs] Processed 2812928 reads in 3136.249 CPU sec, 78.680 real sec
[M::process] read 2814272 sequences (400000186 bp)...
[M::mem_pestat] # candidate unique pairs for (FF, FR, RF, RR): (6, 697444, 85, 10)
[M::mem_pestat] skip orientation FF as there are not enough pairs
[M::mem_pestat] analyzing insert size distribution for orientation FR...
[M::mem_pestat] (25, 50, 75) percentile: (194, 248, 347)
[M::mem_pestat] low and high boundaries for computing mean and std.dev: (1, 653)
[M::mem_pestat] mean and std.dev: (271.41, 100.72)
[M::mem_pestat] low and high boundaries for proper pairs: (1, 806)
[M::mem_pestat] analyzing insert size distribution for orientation RF...
[M::mem_pestat] (25, 50, 75) percentile: (136, 227, 1791)
[M::mem_pestat] low and high boundaries for computing mean and std.dev: (1, 5101)
[M::mem_pestat] mean and std.dev: (718.81, 1049.44)
[M::mem_pestat] low and high boundaries for proper pairs: (1, 6756)
[M::mem_pestat] analyzing insert size distribution for orientation RR...
[M::mem_pestat] (25, 50, 75) percentile: (614, 1489, 2697)
[M::mem_pestat] low and high boundaries for computing mean and std.dev: (1, 6863)
[M::mem_pestat] mean and std.dev: (1457.20, 1034.03)
[M::mem_pestat] low and high boundaries for proper pairs: (1, 8946)
[M::mem_pestat] skip orientation RF
[M::mem_pestat] skip orientation RR
[M::mem_process_seqs] Processed 2816736 reads in 3274.723 CPU sec, 82.246 real sec
[M::process] read 2822444 sequences (400000121 bp)...
[M::mem_pestat] # candidate unique pairs for (FF, FR, RF, RR): (9, 696924, 111, 8)
[M::mem_pestat] skip orientation FF as there are not enough pairs
[M::mem_pestat] analyzing insert size distribution for orientation FR...
[M::mem_pestat] (25, 50, 75) percentile: (194, 248, 347)
[M::mem_pestat] low and high boundaries for computing mean and std.dev: (1, 653)
[M::mem_pestat] mean and std.dev: (271.47, 100.60)
[M::mem_pestat] low and high boundaries for proper pairs: (1, 806)
[M::mem_pestat] analyzing insert size distribution for orientation RF...
[M::mem_pestat] (25, 50, 75) percentile: (173, 305, 1605)
[M::mem_pestat] low and high boundaries for computing mean and std.dev: (1, 4469)
[M::mem_pestat] mean and std.dev: (931.54, 1195.60)
[M::mem_pestat] low and high boundaries for proper pairs: (1, 5901)
[M::mem_pestat] skip orientation RR as there are not enough pairs
[M::mem_pestat] skip orientation RF
[M::mem_process_seqs] Processed 2814272 reads in 3234.182 CPU sec, 81.193 real sec
[M::process] read 2809672 sequences (400000043 bp)...
[M::mem_pestat] # candidate unique pairs for (FF, FR, RF, RR): (11, 698583, 86, 3)
[M::mem_pestat] analyzing insert size distribution for orientation FF...
[M::mem_pestat] (25, 50, 75) percentile: (1887, 2981, 5975)
[M::mem_pestat] low and high boundaries for computing mean and std.dev: (1, 14151)
[M::mem_pestat] mean and std.dev: (3755.00, 2915.75)
[M::mem_pestat] low and high boundaries for proper pairs: (1, 18239)
[M::mem_pestat] analyzing insert size distribution for orientation FR...
[M::mem_pestat] (25, 50, 75) percentile: (193, 248, 347)
[M::mem_pestat] low and high boundaries for computing mean and std.dev: (1, 655)
[M::mem_pestat] mean and std.dev: (271.45, 100.80)
[M::mem_pestat] low and high boundaries for proper pairs: (1, 809)
[M::mem_pestat] analyzing insert size distribution for orientation RF...
[M::mem_pestat] (25, 50, 75) percentile: (223, 486, 2789)
[M::mem_pestat] low and high boundaries for computing mean and std.dev: (1, 7921)
[M::mem_pestat] mean and std.dev: (1657.64, 2156.26)
[M::mem_pestat] low and high boundaries for proper pairs: (1, 10487)
[M::mem_pestat] skip orientation RR as there are not enough pairs
[M::mem_pestat] skip orientation FF
[M::mem_pestat] skip orientation RF
[M::mem_process_seqs] Processed 2822444 reads in 3671.581 CPU sec, 92.321 real sec
[M::process] read 2823298 sequences (400000188 bp)...
[M::mem_pestat] # candidate unique pairs for (FF, FR, RF, RR): (8, 697280, 90, 4)
[M::mem_pestat] skip orientation FF as there are not enough pairs
[M::mem_pestat] analyzing insert size distribution for orientation FR...
[M::mem_pestat] (25, 50, 75) percentile: (193, 247, 346)
[M::mem_pestat] low and high boundaries for computing mean and std.dev: (1, 652)
[M::mem_pestat] mean and std.dev: (271.05, 100.47)
[M::mem_pestat] low and high boundaries for proper pairs: (1, 805)
[M::mem_pestat] analyzing insert size distribution for orientation RF...
[M::mem_pestat] (25, 50, 75) percentile: (223, 493, 1939)
[M::mem_pestat] low and high boundaries for computing mean and std.dev: (1, 5371)
[M::mem_pestat] mean and std.dev: (836.23, 995.62)
[M::mem_pestat] low and high boundaries for proper pairs: (1, 7087)
[M::mem_pestat] skip orientation RR as there are not enough pairs
[M::mem_pestat] skip orientation RF
[M::mem_process_seqs] Processed 2809672 reads in 3383.704 CPU sec, 84.662 real sec
[M::process] read 2805104 sequences (400000196 bp)...
[M::mem_pestat] # candidate unique pairs for (FF, FR, RF, RR): (8, 697685, 95, 18)
[M::mem_pestat] skip orientation FF as there are not enough pairs
[M::mem_pestat] analyzing insert size distribution for orientation FR...
[M::mem_pestat] (25, 50, 75) percentile: (194, 249, 348)
[M::mem_pestat] low and high boundaries for computing mean and std.dev: (1, 656)
[M::mem_pestat] mean and std.dev: (272.24, 101.02)
[M::mem_pestat] low and high boundaries for proper pairs: (1, 810)
[M::mem_pestat] analyzing insert size distribution for orientation RF...
[M::mem_pestat] (25, 50, 75) percentile: (174, 223, 895)
[M::mem_pestat] low and high boundaries for computing mean and std.dev: (1, 2337)
[M::mem_pestat] mean and std.dev: (373.88, 431.72)
[M::mem_pestat] low and high boundaries for proper pairs: (1, 3058)
[M::mem_pestat] analyzing insert size distribution for orientation RR...
[M::mem_pestat] (25, 50, 75) percentile: (148, 1790, 4360)
[M::mem_pestat] low and high boundaries for computing mean and std.dev: (1, 12784)
[M::mem_pestat] mean and std.dev: (2159.78, 2405.34)
[M::mem_pestat] low and high boundaries for proper pairs: (1, 16996)
[M::mem_pestat] skip orientation RF
[M::mem_pestat] skip orientation RR
[M::mem_process_seqs] Processed 2823298 reads in 3274.030 CPU sec, 82.307 real sec
[M::process] read 2791944 sequences (400000002 bp)...
[M::mem_pestat] # candidate unique pairs for (FF, FR, RF, RR): (11, 696182, 69, 11)
[M::mem_pestat] analyzing insert size distribution for orientation FF...
[M::mem_pestat] (25, 50, 75) percentile: (292, 371, 2042)
[M::mem_pestat] low and high boundaries for computing mean and std.dev: (1, 5542)
[M::mem_pestat] mean and std.dev: (1198.73, 1284.37)
[M::mem_pestat] low and high boundaries for proper pairs: (1, 7292)
[M::mem_pestat] analyzing insert size distribution for orientation FR...
[M::mem_pestat] (25, 50, 75) percentile: (194, 248, 347)
[M::mem_pestat] low and high boundaries for computing mean and std.dev: (1, 653)
[M::mem_pestat] mean and std.dev: (271.20, 100.45)
[M::mem_pestat] low and high boundaries for proper pairs: (1, 806)
[M::mem_pestat] analyzing insert size distribution for orientation RF...
[M::mem_pestat] (25, 50, 75) percentile: (128, 284, 956)
[M::mem_pestat] low and high boundaries for computing mean and std.dev: (1, 2612)
[M::mem_pestat] mean and std.dev: (388.18, 455.34)
[M::mem_pestat] low and high boundaries for proper pairs: (1, 3440)
[M::mem_pestat] analyzing insert size distribution for orientation RR...
[M::mem_pestat] (25, 50, 75) percentile: (377, 2608, 3799)
[M::mem_pestat] low and high boundaries for computing mean and std.dev: (1, 10643)
[M::mem_pestat] mean and std.dev: (2111.36, 1628.93)
[M::mem_pestat] low and high boundaries for proper pairs: (1, 14065)
[M::mem_pestat] skip orientation FF
[M::mem_pestat] skip orientation RF
[M::mem_pestat] skip orientation RR
[M::mem_process_seqs] Processed 2805104 reads in 3147.507 CPU sec, 78.804 real sec
[M::process] read 2776606 sequences (400000049 bp)...
[M::mem_pestat] # candidate unique pairs for (FF, FR, RF, RR): (14, 698914, 90, 11)
[M::mem_pestat] analyzing insert size distribution for orientation FF...
[M::mem_pestat] (25, 50, 75) percentile: (240, 423, 3665)
[M::mem_pestat] low and high boundaries for computing mean and std.dev: (1, 10515)
[M::mem_pestat] mean and std.dev: (2255.50, 2780.41)
[M::mem_pestat] low and high boundaries for proper pairs: (1, 13940)
[M::mem_pestat] analyzing insert size distribution for orientation FR...
[M::mem_pestat] (25, 50, 75) percentile: (192, 244, 345)
[M::mem_pestat] low and high boundaries for computing mean and std.dev: (1, 651)
[M::mem_pestat] mean and std.dev: (269.56, 100.59)
[M::mem_pestat] low and high boundaries for proper pairs: (1, 804)
[M::mem_pestat] analyzing insert size distribution for orientation RF...
[M::mem_pestat] (25, 50, 75) percentile: (110, 223, 1010)
[M::mem_pestat] low and high boundaries for computing mean and std.dev: (1, 2810)
[M::mem_pestat] mean and std.dev: (512.45, 670.26)
[M::mem_pestat] low and high boundaries for proper pairs: (1, 3710)
[M::mem_pestat] analyzing insert size distribution for orientation RR...
[M::mem_pestat] (25, 50, 75) percentile: (400, 442, 1976)
[M::mem_pestat] low and high boundaries for computing mean and std.dev: (1, 5128)
[M::mem_pestat] mean and std.dev: (762.20, 692.96)
[M::mem_pestat] low and high boundaries for proper pairs: (1, 6704)
[M::mem_pestat] skip orientation FF
[M::mem_pestat] skip orientation RF
[M::mem_pestat] skip orientation RR
[M::mem_process_seqs] Processed 2791944 reads in 3147.542 CPU sec, 79.160 real sec
[M::process] read 2776778 sequences (400000149 bp)...
[M::mem_pestat] # candidate unique pairs for (FF, FR, RF, RR): (10, 690908, 75, 6)
[M::mem_pestat] analyzing insert size distribution for orientation FF...
[M::mem_pestat] (25, 50, 75) percentile: (486, 5060, 5924)
[M::mem_pestat] low and high boundaries for computing mean and std.dev: (1, 16800)
[M::mem_pestat] mean and std.dev: (3697.70, 2473.22)
[M::mem_pestat] low and high boundaries for proper pairs: (1, 22238)
[M::mem_pestat] analyzing insert size distribution for orientation FR...
[M::mem_pestat] (25, 50, 75) percentile: (197, 257, 353)
[M::mem_pestat] low and high boundaries for computing mean and std.dev: (1, 665)
[M::mem_pestat] mean and std.dev: (277.33, 101.72)
[M::mem_pestat] low and high boundaries for proper pairs: (1, 821)
[M::mem_pestat] analyzing insert size distribution for orientation RF...
[M::mem_pestat] (25, 50, 75) percentile: (128, 226, 966)
[M::mem_pestat] low and high boundaries for computing mean and std.dev: (1, 2642)
[M::mem_pestat] mean and std.dev: (403.55, 451.65)
[M::mem_pestat] low and high boundaries for proper pairs: (1, 3480)
[M::mem_pestat] skip orientation RR as there are not enough pairs
[M::mem_pestat] skip orientation FF
[M::mem_pestat] skip orientation RF
[M::mem_process_seqs] Processed 2776606 reads in 3153.738 CPU sec, 78.902 real sec
[M::process] read 2776574 sequences (400000275 bp)...
[M::mem_pestat] # candidate unique pairs for (FF, FR, RF, RR): (10, 691657, 79, 6)
[M::mem_pestat] analyzing insert size distribution for orientation FF...
[M::mem_pestat] (25, 50, 75) percentile: (562, 2460, 7754)
[M::mem_pestat] low and high boundaries for computing mean and std.dev: (1, 22138)
[M::mem_pestat] mean and std.dev: (3352.40, 3005.42)
[M::mem_pestat] low and high boundaries for proper pairs: (1, 29330)
[M::mem_pestat] analyzing insert size distribution for orientation FR...
[M::mem_pestat] (25, 50, 75) percentile: (195, 252, 351)
[M::mem_pestat] low and high boundaries for computing mean and std.dev: (1, 663)
[M::mem_pestat] mean and std.dev: (274.40, 101.30)
[M::mem_pestat] low and high boundaries for proper pairs: (1, 819)
[M::mem_pestat] analyzing insert size distribution for orientation RF...
[M::mem_pestat] (25, 50, 75) percentile: (138, 333, 2834)
[M::mem_pestat] low and high boundaries for computing mean and std.dev: (1, 8226)
[M::mem_pestat] mean and std.dev: (1460.09, 1893.11)
[M::mem_pestat] low and high boundaries for proper pairs: (1, 10922)
[M::mem_pestat] skip orientation RR as there are not enough pairs
[M::mem_pestat] skip orientation FF
[M::mem_pestat] skip orientation RF
[M::mem_process_seqs] Processed 2776778 reads in 3299.505 CPU sec, 93.898 real sec
[M::process] read 2776008 sequences (400000179 bp)...
[M::mem_pestat] # candidate unique pairs for (FF, FR, RF, RR): (8, 694962, 84, 8)
[M::mem_pestat] skip orientation FF as there are not enough pairs
[M::mem_pestat] analyzing insert size distribution for orientation FR...
[M::mem_pestat] (25, 50, 75) percentile: (195, 252, 351)
[M::mem_pestat] low and high boundaries for computing mean and std.dev: (1, 663)
[M::mem_pestat] mean and std.dev: (274.57, 101.79)
[M::mem_pestat] low and high boundaries for proper pairs: (1, 819)
[M::mem_pestat] analyzing insert size distribution for orientation RF...
[M::mem_pestat] (25, 50, 75) percentile: (205, 285, 1304)
[M::mem_pestat] low and high boundaries for computing mean and std.dev: (1, 3502)
[M::mem_pestat] mean and std.dev: (530.26, 594.44)
[M::mem_pestat] low and high boundaries for proper pairs: (1, 4601)
[M::mem_pestat] skip orientation RR as there are not enough pairs
[M::mem_pestat] skip orientation RF
[M::mem_process_seqs] Processed 2776574 reads in 3124.801 CPU sec, 78.625 real sec
[M::process] read 2772506 sequences (400000117 bp)...
[M::mem_pestat] # candidate unique pairs for (FF, FR, RF, RR): (15, 691581, 97, 12)
[M::mem_pestat] analyzing insert size distribution for orientation FF...
[M::mem_pestat] (25, 50, 75) percentile: (131, 167, 1826)
[M::mem_pestat] low and high boundaries for computing mean and std.dev: (1, 5216)
[M::mem_pestat] mean and std.dev: (984.33, 1237.51)
[M::mem_pestat] low and high boundaries for proper pairs: (1, 6911)
[M::mem_pestat] analyzing insert size distribution for orientation FR...
[M::mem_pestat] (25, 50, 75) percentile: (196, 255, 353)
[M::mem_pestat] low and high boundaries for computing mean and std.dev: (1, 667)
[M::mem_pestat] mean and std.dev: (276.54, 101.95)
[M::mem_pestat] low and high boundaries for proper pairs: (1, 824)
[M::mem_pestat] analyzing insert size distribution for orientation RF...
[M::mem_pestat] (25, 50, 75) percentile: (123, 224, 1355)
[M::mem_pestat] low and high boundaries for computing mean and std.dev: (1, 3819)
[M::mem_pestat] mean and std.dev: (711.39, 921.46)
[M::mem_pestat] low and high boundaries for proper pairs: (1, 5051)
[M::mem_pestat] analyzing insert size distribution for orientation RR...
[M::mem_pestat] (25, 50, 75) percentile: (413, 483, 4339)
[M::mem_pestat] low and high boundaries for computing mean and std.dev: (1, 12191)
[M::mem_pestat] mean and std.dev: (2396.17, 3336.63)
[M::mem_pestat] low and high boundaries for proper pairs: (1, 16117)
[M::mem_pestat] skip orientation FF
[M::mem_pestat] skip orientation RF
[M::mem_pestat] skip orientation RR
[M::mem_process_seqs] Processed 2776008 reads in 3166.908 CPU sec, 79.412 real sec
[M::process] read 2793780 sequences (400000031 bp)...
[M::mem_pestat] # candidate unique pairs for (FF, FR, RF, RR): (9, 685679, 105, 5)
[M::mem_pestat] skip orientation FF as there are not enough pairs
[M::mem_pestat] analyzing insert size distribution for orientation FR...
[M::mem_pestat] (25, 50, 75) percentile: (199, 264, 358)
[M::mem_pestat] low and high boundaries for computing mean and std.dev: (1, 676)
[M::mem_pestat] mean and std.dev: (281.71, 102.58)
[M::mem_pestat] low and high boundaries for proper pairs: (1, 835)
[M::mem_pestat] analyzing insert size distribution for orientation RF...
[M::mem_pestat] (25, 50, 75) percentile: (185, 405, 2462)
[M::mem_pestat] low and high boundaries for computing mean and std.dev: (1, 7016)
[M::mem_pestat] mean and std.dev: (1211.71, 1683.12)
[M::mem_pestat] low and high boundaries for proper pairs: (1, 9293)
[M::mem_pestat] skip orientation RR as there are not enough pairs
[M::mem_pestat] skip orientation RF
[M::mem_process_seqs] Processed 2772506 reads in 3175.577 CPU sec, 79.612 real sec
[M::process] read 2795150 sequences (400000185 bp)...
[M::mem_pestat] # candidate unique pairs for (FF, FR, RF, RR): (20, 688305, 81, 12)
[M::mem_pestat] analyzing insert size distribution for orientation FF...
[M::mem_pestat] (25, 50, 75) percentile: (264, 307, 2234)
[M::mem_pestat] low and high boundaries for computing mean and std.dev: (1, 6174)
[M::mem_pestat] mean and std.dev: (880.53, 1074.01)
[M::mem_pestat] low and high boundaries for proper pairs: (1, 8144)
[M::mem_pestat] analyzing insert size distribution for orientation FR...
[M::mem_pestat] (25, 50, 75) percentile: (197, 257, 354)
[M::mem_pestat] low and high boundaries for computing mean and std.dev: (1, 668)
[M::mem_pestat] mean and std.dev: (277.95, 102.36)
[M::mem_pestat] low and high boundaries for proper pairs: (1, 825)
[M::mem_pestat] analyzing insert size distribution for orientation RF...
[M::mem_pestat] (25, 50, 75) percentile: (225, 540, 3401)
[M::mem_pestat] low and high boundaries for computing mean and std.dev: (1, 9753)
[M::mem_pestat] mean and std.dev: (2227.27, 2810.83)
[M::mem_pestat] low and high boundaries for proper pairs: (1, 13471)
[M::mem_pestat] analyzing insert size distribution for orientation RR...
[M::mem_pestat] (25, 50, 75) percentile: (261, 1114, 5245)
[M::mem_pestat] low and high boundaries for computing mean and std.dev: (1, 15213)
[M::mem_pestat] mean and std.dev: (2793.33, 3406.74)
[M::mem_pestat] low and high boundaries for proper pairs: (1, 20197)
[M::mem_pestat] skip orientation FF
[M::mem_pestat] skip orientation RF
[M::mem_pestat] skip orientation RR
[M::mem_process_seqs] Processed 2793780 reads in 3332.989 CPU sec, 83.637 real sec
[M::process] read 2794726 sequences (400000057 bp)...
[M::mem_pestat] # candidate unique pairs for (FF, FR, RF, RR): (5, 688554, 86, 7)
[M::mem_pestat] skip orientation FF as there are not enough pairs
[M::mem_pestat] analyzing insert size distribution for orientation FR...
[M::mem_pestat] (25, 50, 75) percentile: (197, 258, 356)
[M::mem_pestat] low and high boundaries for computing mean and std.dev: (1, 674)
[M::mem_pestat] mean and std.dev: (278.96, 103.06)
[M::mem_pestat] low and high boundaries for proper pairs: (1, 833)
[M::mem_pestat] analyzing insert size distribution for orientation RF...
[M::mem_pestat] (25, 50, 75) percentile: (223, 661, 2741)
[M::mem_pestat] low and high boundaries for computing mean and std.dev: (1, 7777)
[M::mem_pestat] mean and std.dev: (1184.54, 1601.36)
[M::mem_pestat] low and high boundaries for proper pairs: (1, 10295)
[M::mem_pestat] skip orientation RR as there are not enough pairs
[M::mem_pestat] skip orientation RF
[M::mem_process_seqs] Processed 2795150 reads in 3257.688 CPU sec, 81.672 real sec
[M::process] read 2789080 sequences (400000090 bp)...
[M::mem_pestat] # candidate unique pairs for (FF, FR, RF, RR): (21, 689002, 77, 21)
[M::mem_pestat] analyzing insert size distribution for orientation FF...
[M::mem_pestat] (25, 50, 75) percentile: (714, 1084, 3263)
[M::mem_pestat] low and high boundaries for computing mean and std.dev: (1, 8361)
[M::mem_pestat] mean and std.dev: (1892.75, 1628.09)
[M::mem_pestat] low and high boundaries for proper pairs: (1, 10910)
[M::mem_pestat] analyzing insert size distribution for orientation FR...
[M::mem_pestat] (25, 50, 75) percentile: (197, 259, 356)
[M::mem_pestat] low and high boundaries for computing mean and std.dev: (1, 674)
[M::mem_pestat] mean and std.dev: (279.32, 103.19)
[M::mem_pestat] low and high boundaries for proper pairs: (1, 833)
[M::mem_pestat] analyzing insert size distribution for orientation RF...
[M::mem_pestat] (25, 50, 75) percentile: (205, 281, 1243)
[M::mem_pestat] low and high boundaries for computing mean and std.dev: (1, 3319)
[M::mem_pestat] mean and std.dev: (619.17, 681.25)
[M::mem_pestat] low and high boundaries for proper pairs: (1, 4357)
[M::mem_pestat] analyzing insert size distribution for orientation RR...
[M::mem_pestat] (25, 50, 75) percentile: (422, 3663, 6595)
[M::mem_pestat] low and high boundaries for computing mean and std.dev: (1, 18941)
[M::mem_pestat] mean and std.dev: (3427.00, 3025.13)
[M::mem_pestat] low and high boundaries for proper pairs: (1, 25114)
[M::mem_pestat] skip orientation FF
[M::mem_pestat] skip orientation RF
[M::mem_pestat] skip orientation RR
[M::mem_process_seqs] Processed 2794726 reads in 3226.269 CPU sec, 80.885 real sec
[M::process] read 2787496 sequences (400000005 bp)...
[M::mem_pestat] # candidate unique pairs for (FF, FR, RF, RR): (18, 685866, 119, 12)
[M::mem_pestat] analyzing insert size distribution for orientation FF...
[M::mem_pestat] (25, 50, 75) percentile: (1271, 2248, 5996)
[M::mem_pestat] low and high boundaries for computing mean and std.dev: (1, 15446)
[M::mem_pestat] mean and std.dev: (3652.33, 3085.01)
[M::mem_pestat] low and high boundaries for proper pairs: (1, 20171)
[M::mem_pestat] analyzing insert size distribution for orientation FR...
[M::mem_pestat] (25, 50, 75) percentile: (199, 264, 359)
[M::mem_pestat] low and high boundaries for computing mean and std.dev: (1, 679)
[M::mem_pestat] mean and std.dev: (282.34, 103.69)
[M::mem_pestat] low and high boundaries for proper pairs: (1, 839)
[M::mem_pestat] analyzing insert size distribution for orientation RF...
[M::mem_pestat] (25, 50, 75) percentile: (180, 246, 1870)
[M::mem_pestat] low and high boundaries for computing mean and std.dev: (1, 5250)
[M::mem_pestat] mean and std.dev: (775.26, 1078.36)
[M::mem_pestat] low and high boundaries for proper pairs: (1, 6940)
[M::mem_pestat] analyzing insert size distribution for orientation RR...
[M::mem_pestat] (25, 50, 75) percentile: (120, 2435, 9213)
[M::mem_pestat] low and high boundaries for computing mean and std.dev: (1, 27399)
[M::mem_pestat] mean and std.dev: (3136.00, 3880.04)
[M::mem_pestat] low and high boundaries for proper pairs: (1, 36492)
[M::mem_pestat] skip orientation FF
[M::mem_pestat] skip orientation RF
[M::mem_pestat] skip orientation RR
[M::mem_process_seqs] Processed 2789080 reads in 3251.429 CPU sec, 81.515 real sec
[M::process] read 1612602 sequences (231649536 bp)...
[M::mem_pestat] # candidate unique pairs for (FF, FR, RF, RR): (16, 688377, 70, 12)
[M::mem_pestat] analyzing insert size distribution for orientation FF...
[M::mem_pestat] (25, 50, 75) percentile: (571, 2197, 8840)
[M::mem_pestat] low and high boundaries for computing mean and std.dev: (1, 25378)
[M::mem_pestat] mean and std.dev: (3366.06, 3496.85)
[M::mem_pestat] low and high boundaries for proper pairs: (1, 33647)
[M::mem_pestat] analyzing insert size distribution for orientation FR...
[M::mem_pestat] (25, 50, 75) percentile: (198, 260, 357)
[M::mem_pestat] low and high boundaries for computing mean and std.dev: (1, 675)
[M::mem_pestat] mean and std.dev: (280.30, 103.53)
[M::mem_pestat] low and high boundaries for proper pairs: (1, 834)
[M::mem_pestat] analyzing insert size distribution for orientation RF...
[M::mem_pestat] (25, 50, 75) percentile: (128, 262, 1522)
[M::mem_pestat] low and high boundaries for computing mean and std.dev: (1, 4310)
[M::mem_pestat] mean and std.dev: (643.00, 915.33)
[M::mem_pestat] low and high boundaries for proper pairs: (1, 5704)
[M::mem_pestat] analyzing insert size distribution for orientation RR...
[M::mem_pestat] (25, 50, 75) percentile: (206, 564, 4803)
[M::mem_pestat] low and high boundaries for computing mean and std.dev: (1, 13997)
[M::mem_pestat] mean and std.dev: (2023.50, 2685.80)
[M::mem_pestat] low and high boundaries for proper pairs: (1, 18594)
[M::mem_pestat] skip orientation FF
[M::mem_pestat] skip orientation RF
[M::mem_pestat] skip orientation RR
[M::mem_process_seqs] Processed 2787496 reads in 3230.363 CPU sec, 80.988 real sec
[M::mem_pestat] # candidate unique pairs for (FF, FR, RF, RR): (8, 395340, 57, 4)
[M::mem_pestat] skip orientation FF as there are not enough pairs
[M::mem_pestat] analyzing insert size distribution for orientation FR...
[M::mem_pestat] (25, 50, 75) percentile: (199, 265, 361)
[M::mem_pestat] low and high boundaries for computing mean and std.dev: (1, 685)
[M::mem_pestat] mean and std.dev: (283.70, 105.01)
[M::mem_pestat] low and high boundaries for proper pairs: (1, 847)
[M::mem_pestat] analyzing insert size distribution for orientation RF...
[M::mem_pestat] (25, 50, 75) percentile: (223, 403, 5340)
[M::mem_pestat] low and high boundaries for computing mean and std.dev: (1, 15574)
[M::mem_pestat] mean and std.dev: (2364.00, 3272.70)
[M::mem_pestat] low and high boundaries for proper pairs: (1, 20691)
[M::mem_pestat] skip orientation RR as there are not enough pairs
[M::mem_pestat] skip orientation RF
[M::mem_process_seqs] Processed 1612602 reads in 1883.283 CPU sec, 47.236 real sec
[main] Version: 0.7.17-r1188
[main] CMD: /home/shared/bwa-0.7.17/bwa mem -M -t 40 ../data/bwa-GCF_031168955.1_ASM3116895v1_genomic ../data/trimmed-fastqs-heatwave-genetics/MHW296_trimmed_clipped_R1_paired.fq.gz ../data/trimmed-fastqs-heatwave-genetics/MHW296_trimmed_clipped_R2_paired.fq.gz
[main] Real time: 3504.210 sec; CPU: 138580.660 sec
