[M::bwa_idx_load_from_disk] read 0 ALT contigs
[M::process] read 2809120 sequences (400000271 bp)...
[M::process] read 2805604 sequences (400000031 bp)...
[M::mem_pestat] # candidate unique pairs for (FF, FR, RF, RR): (23, 752415, 102, 14)
[M::mem_pestat] analyzing insert size distribution for orientation FF...
[M::mem_pestat] (25, 50, 75) percentile: (133, 187, 373)
[M::mem_pestat] low and high boundaries for computing mean and std.dev: (1, 853)
[M::mem_pestat] mean and std.dev: (189.47, 134.34)
[M::mem_pestat] low and high boundaries for proper pairs: (1, 1093)
[M::mem_pestat] analyzing insert size distribution for orientation FR...
[M::mem_pestat] (25, 50, 75) percentile: (196, 248, 324)
[M::mem_pestat] low and high boundaries for computing mean and std.dev: (1, 580)
[M::mem_pestat] mean and std.dev: (262.42, 89.98)
[M::mem_pestat] low and high boundaries for proper pairs: (1, 708)
[M::mem_pestat] analyzing insert size distribution for orientation RF...
[M::mem_pestat] (25, 50, 75) percentile: (128, 226, 1204)
[M::mem_pestat] low and high boundaries for computing mean and std.dev: (1, 3356)
[M::mem_pestat] mean and std.dev: (677.42, 798.63)
[M::mem_pestat] low and high boundaries for proper pairs: (1, 4432)
[M::mem_pestat] analyzing insert size distribution for orientation RR...
[M::mem_pestat] (25, 50, 75) percentile: (298, 647, 2606)
[M::mem_pestat] low and high boundaries for computing mean and std.dev: (1, 7222)
[M::mem_pestat] mean and std.dev: (1354.31, 1437.13)
[M::mem_pestat] low and high boundaries for proper pairs: (1, 9530)
[M::mem_pestat] skip orientation FF
[M::mem_pestat] skip orientation RF
[M::mem_pestat] skip orientation RR
[M::mem_process_seqs] Processed 2809120 reads in 2871.245 CPU sec, 71.991 real sec
[M::process] read 2798924 sequences (400000267 bp)...
[M::mem_pestat] # candidate unique pairs for (FF, FR, RF, RR): (18, 749120, 109, 15)
[M::mem_pestat] analyzing insert size distribution for orientation FF...
[M::mem_pestat] (25, 50, 75) percentile: (219, 291, 4780)
[M::mem_pestat] low and high boundaries for computing mean and std.dev: (1, 13902)
[M::mem_pestat] mean and std.dev: (1728.28, 2411.39)
[M::mem_pestat] low and high boundaries for proper pairs: (1, 18463)
[M::mem_pestat] analyzing insert size distribution for orientation FR...
[M::mem_pestat] (25, 50, 75) percentile: (200, 256, 332)
[M::mem_pestat] low and high boundaries for computing mean and std.dev: (1, 596)
[M::mem_pestat] mean and std.dev: (269.16, 91.75)
[M::mem_pestat] low and high boundaries for proper pairs: (1, 728)
[M::mem_pestat] analyzing insert size distribution for orientation RF...
[M::mem_pestat] (25, 50, 75) percentile: (175, 408, 2273)
[M::mem_pestat] low and high boundaries for computing mean and std.dev: (1, 6469)
[M::mem_pestat] mean and std.dev: (1212.65, 1563.60)
[M::mem_pestat] low and high boundaries for proper pairs: (1, 8567)
[M::mem_pestat] analyzing insert size distribution for orientation RR...
[M::mem_pestat] (25, 50, 75) percentile: (171, 342, 5170)
[M::mem_pestat] low and high boundaries for computing mean and std.dev: (1, 15168)
[M::mem_pestat] mean and std.dev: (2019.67, 3089.43)
[M::mem_pestat] low and high boundaries for proper pairs: (1, 20167)
[M::mem_pestat] skip orientation FF
[M::mem_pestat] skip orientation RF
[M::mem_pestat] skip orientation RR
[M::mem_process_seqs] Processed 2805604 reads in 2972.235 CPU sec, 74.568 real sec
[M::process] read 2806306 sequences (400000171 bp)...
[M::mem_pestat] # candidate unique pairs for (FF, FR, RF, RR): (14, 749847, 123, 21)
[M::mem_pestat] analyzing insert size distribution for orientation FF...
[M::mem_pestat] (25, 50, 75) percentile: (183, 256, 452)
[M::mem_pestat] low and high boundaries for computing mean and std.dev: (1, 990)
[M::mem_pestat] mean and std.dev: (235.82, 106.61)
[M::mem_pestat] low and high boundaries for proper pairs: (1, 1259)
[M::mem_pestat] analyzing insert size distribution for orientation FR...
[M::mem_pestat] (25, 50, 75) percentile: (202, 258, 335)
[M::mem_pestat] low and high boundaries for computing mean and std.dev: (1, 601)
[M::mem_pestat] mean and std.dev: (271.30, 92.33)
[M::mem_pestat] low and high boundaries for proper pairs: (1, 734)
[M::mem_pestat] analyzing insert size distribution for orientation RF...
[M::mem_pestat] (25, 50, 75) percentile: (223, 425, 1483)
[M::mem_pestat] low and high boundaries for computing mean and std.dev: (1, 4003)
[M::mem_pestat] mean and std.dev: (865.64, 994.12)
[M::mem_pestat] low and high boundaries for proper pairs: (1, 5263)
[M::mem_pestat] analyzing insert size distribution for orientation RR...
[M::mem_pestat] (25, 50, 75) percentile: (208, 229, 2022)
[M::mem_pestat] low and high boundaries for computing mean and std.dev: (1, 5650)
[M::mem_pestat] mean and std.dev: (692.89, 993.78)
[M::mem_pestat] low and high boundaries for proper pairs: (1, 7464)
[M::mem_pestat] skip orientation FF
[M::mem_pestat] skip orientation RF
[M::mem_pestat] skip orientation RR
[M::mem_process_seqs] Processed 2798924 reads in 2968.598 CPU sec, 74.461 real sec
[M::process] read 2800896 sequences (400000114 bp)...
[M::mem_pestat] # candidate unique pairs for (FF, FR, RF, RR): (11, 753296, 90, 15)
[M::mem_pestat] analyzing insert size distribution for orientation FF...
[M::mem_pestat] (25, 50, 75) percentile: (116, 171, 297)
[M::mem_pestat] low and high boundaries for computing mean and std.dev: (1, 659)
[M::mem_pestat] mean and std.dev: (151.44, 92.82)
[M::mem_pestat] low and high boundaries for proper pairs: (1, 840)
[M::mem_pestat] analyzing insert size distribution for orientation FR...
[M::mem_pestat] (25, 50, 75) percentile: (197, 251, 327)
[M::mem_pestat] low and high boundaries for computing mean and std.dev: (1, 587)
[M::mem_pestat] mean and std.dev: (265.22, 91.06)
[M::mem_pestat] low and high boundaries for proper pairs: (1, 717)
[M::mem_pestat] analyzing insert size distribution for orientation RF...
[M::mem_pestat] (25, 50, 75) percentile: (111, 390, 1449)
[M::mem_pestat] low and high boundaries for computing mean and std.dev: (1, 4125)
[M::mem_pestat] mean and std.dev: (740.33, 836.84)
[M::mem_pestat] low and high boundaries for proper pairs: (1, 5463)
[M::mem_pestat] analyzing insert size distribution for orientation RR...
[M::mem_pestat] (25, 50, 75) percentile: (133, 200, 1933)
[M::mem_pestat] low and high boundaries for computing mean and std.dev: (1, 5533)
[M::mem_pestat] mean and std.dev: (841.38, 1483.17)
[M::mem_pestat] low and high boundaries for proper pairs: (1, 7333)
[M::mem_pestat] skip orientation FF
[M::mem_pestat] skip orientation RF
[M::mem_pestat] skip orientation RR
[M::mem_process_seqs] Processed 2806306 reads in 2955.592 CPU sec, 74.325 real sec
[M::process] read 2798434 sequences (400000087 bp)...
[M::mem_pestat] # candidate unique pairs for (FF, FR, RF, RR): (16, 748839, 93, 13)
[M::mem_pestat] analyzing insert size distribution for orientation FF...
[M::mem_pestat] (25, 50, 75) percentile: (180, 355, 3831)
[M::mem_pestat] low and high boundaries for computing mean and std.dev: (1, 11133)
[M::mem_pestat] mean and std.dev: (1805.12, 2384.19)
[M::mem_pestat] low and high boundaries for proper pairs: (1, 14784)
[M::mem_pestat] analyzing insert size distribution for orientation FR...
[M::mem_pestat] (25, 50, 75) percentile: (203, 261, 338)
[M::mem_pestat] low and high boundaries for computing mean and std.dev: (1, 608)
[M::mem_pestat] mean and std.dev: (273.46, 92.96)
[M::mem_pestat] low and high boundaries for proper pairs: (1, 743)
[M::mem_pestat] analyzing insert size distribution for orientation RF...
[M::mem_pestat] (25, 50, 75) percentile: (142, 275, 2452)
[M::mem_pestat] low and high boundaries for computing mean and std.dev: (1, 7072)
[M::mem_pestat] mean and std.dev: (1040.17, 1516.34)
[M::mem_pestat] low and high boundaries for proper pairs: (1, 9382)
[M::mem_pestat] analyzing insert size distribution for orientation RR...
[M::mem_pestat] (25, 50, 75) percentile: (154, 212, 2005)
[M::mem_pestat] low and high boundaries for computing mean and std.dev: (1, 5707)
[M::mem_pestat] mean and std.dev: (518.33, 683.77)
[M::mem_pestat] low and high boundaries for proper pairs: (1, 7558)
[M::mem_pestat] skip orientation FF
[M::mem_pestat] skip orientation RF
[M::mem_pestat] skip orientation RR
[M::mem_process_seqs] Processed 2800896 reads in 2980.201 CPU sec, 74.717 real sec
[M::process] read 2817534 sequences (400000285 bp)...
[M::mem_pestat] # candidate unique pairs for (FF, FR, RF, RR): (21, 750983, 113, 16)
[M::mem_pestat] analyzing insert size distribution for orientation FF...
[M::mem_pestat] (25, 50, 75) percentile: (175, 205, 1395)
[M::mem_pestat] low and high boundaries for computing mean and std.dev: (1, 3835)
[M::mem_pestat] mean and std.dev: (404.22, 422.04)
[M::mem_pestat] low and high boundaries for proper pairs: (1, 5055)
[M::mem_pestat] analyzing insert size distribution for orientation FR...
[M::mem_pestat] (25, 50, 75) percentile: (199, 253, 330)
[M::mem_pestat] low and high boundaries for computing mean and std.dev: (1, 592)
[M::mem_pestat] mean and std.dev: (267.17, 91.37)
[M::mem_pestat] low and high boundaries for proper pairs: (1, 723)
[M::mem_pestat] analyzing insert size distribution for orientation RF...
[M::mem_pestat] (25, 50, 75) percentile: (215, 488, 2457)
[M::mem_pestat] low and high boundaries for computing mean and std.dev: (1, 6941)
[M::mem_pestat] mean and std.dev: (1326.97, 1698.30)
[M::mem_pestat] low and high boundaries for proper pairs: (1, 9183)
[M::mem_pestat] analyzing insert size distribution for orientation RR...
[M::mem_pestat] (25, 50, 75) percentile: (201, 260, 3379)
[M::mem_pestat] low and high boundaries for computing mean and std.dev: (1, 9735)
[M::mem_pestat] mean and std.dev: (1317.62, 1445.70)
[M::mem_pestat] low and high boundaries for proper pairs: (1, 12913)
[M::mem_pestat] skip orientation FF
[M::mem_pestat] skip orientation RF
[M::mem_pestat] skip orientation RR
[M::mem_process_seqs] Processed 2798434 reads in 2959.003 CPU sec, 74.198 real sec
[M::process] read 2817534 sequences (400000131 bp)...
[M::mem_pestat] # candidate unique pairs for (FF, FR, RF, RR): (12, 746692, 103, 18)
[M::mem_pestat] analyzing insert size distribution for orientation FF...
[M::mem_pestat] (25, 50, 75) percentile: (221, 2385, 4070)
[M::mem_pestat] low and high boundaries for computing mean and std.dev: (1, 11768)
[M::mem_pestat] mean and std.dev: (2264.83, 2046.75)
[M::mem_pestat] low and high boundaries for proper pairs: (1, 15617)
[M::mem_pestat] analyzing insert size distribution for orientation FR...
[M::mem_pestat] (25, 50, 75) percentile: (202, 259, 336)
[M::mem_pestat] low and high boundaries for computing mean and std.dev: (1, 604)
[M::mem_pestat] mean and std.dev: (272.26, 92.57)
[M::mem_pestat] low and high boundaries for proper pairs: (1, 738)
[M::mem_pestat] analyzing insert size distribution for orientation RF...
[M::mem_pestat] (25, 50, 75) percentile: (223, 547, 2263)
[M::mem_pestat] low and high boundaries for computing mean and std.dev: (1, 6343)
[M::mem_pestat] mean and std.dev: (991.98, 1213.61)
[M::mem_pestat] low and high boundaries for proper pairs: (1, 8383)
[M::mem_pestat] analyzing insert size distribution for orientation RR...
[M::mem_pestat] (25, 50, 75) percentile: (116, 220, 1110)
[M::mem_pestat] low and high boundaries for computing mean and std.dev: (1, 3098)
[M::mem_pestat] mean and std.dev: (493.24, 568.47)
[M::mem_pestat] low and high boundaries for proper pairs: (1, 4092)
[M::mem_pestat] skip orientation FF
[M::mem_pestat] skip orientation RF
[M::mem_pestat] skip orientation RR
[M::mem_process_seqs] Processed 2817534 reads in 3000.905 CPU sec, 75.250 real sec
[M::process] read 2828500 sequences (400000094 bp)...
[M::mem_pestat] # candidate unique pairs for (FF, FR, RF, RR): (12, 746812, 120, 14)
[M::mem_pestat] analyzing insert size distribution for orientation FF...
[M::mem_pestat] (25, 50, 75) percentile: (145, 233, 2609)
[M::mem_pestat] low and high boundaries for computing mean and std.dev: (1, 7537)
[M::mem_pestat] mean and std.dev: (1172.33, 1656.45)
[M::mem_pestat] low and high boundaries for proper pairs: (1, 10001)
[M::mem_pestat] analyzing insert size distribution for orientation FR...
[M::mem_pestat] (25, 50, 75) percentile: (204, 262, 340)
[M::mem_pestat] low and high boundaries for computing mean and std.dev: (1, 612)
[M::mem_pestat] mean and std.dev: (274.88, 93.81)
[M::mem_pestat] low and high boundaries for proper pairs: (1, 748)
[M::mem_pestat] analyzing insert size distribution for orientation RF...
[M::mem_pestat] (25, 50, 75) percentile: (211, 557, 2483)
[M::mem_pestat] low and high boundaries for computing mean and std.dev: (1, 7027)
[M::mem_pestat] mean and std.dev: (1222.03, 1554.36)
[M::mem_pestat] low and high boundaries for proper pairs: (1, 9299)
[M::mem_pestat] analyzing insert size distribution for orientation RR...
[M::mem_pestat] (25, 50, 75) percentile: (190, 289, 515)
[M::mem_pestat] low and high boundaries for computing mean and std.dev: (1, 1165)
[M::mem_pestat] mean and std.dev: (267.73, 142.96)
[M::mem_pestat] low and high boundaries for proper pairs: (1, 1490)
[M::mem_pestat] skip orientation FF
[M::mem_pestat] skip orientation RF
[M::mem_pestat] skip orientation RR
[M::mem_process_seqs] Processed 2817534 reads in 2993.236 CPU sec, 75.070 real sec
[M::process] read 2829578 sequences (400000080 bp)...
[M::mem_pestat] # candidate unique pairs for (FF, FR, RF, RR): (24, 747078, 146, 24)
[M::mem_pestat] analyzing insert size distribution for orientation FF...
[M::mem_pestat] (25, 50, 75) percentile: (133, 2560, 4058)
[M::mem_pestat] low and high boundaries for computing mean and std.dev: (1, 11908)
[M::mem_pestat] mean and std.dev: (2753.83, 3091.99)
[M::mem_pestat] low and high boundaries for proper pairs: (1, 15833)
[M::mem_pestat] analyzing insert size distribution for orientation FR...
[M::mem_pestat] (25, 50, 75) percentile: (201, 258, 335)
[M::mem_pestat] low and high boundaries for computing mean and std.dev: (1, 603)
[M::mem_pestat] mean and std.dev: (271.45, 92.66)
[M::mem_pestat] low and high boundaries for proper pairs: (1, 737)
[M::mem_pestat] analyzing insert size distribution for orientation RF...
[M::mem_pestat] (25, 50, 75) percentile: (223, 924, 2218)
[M::mem_pestat] low and high boundaries for computing mean and std.dev: (1, 6208)
[M::mem_pestat] mean and std.dev: (1079.62, 1160.58)
[M::mem_pestat] low and high boundaries for proper pairs: (1, 8203)
[M::mem_pestat] analyzing insert size distribution for orientation RR...
[M::mem_pestat] (25, 50, 75) percentile: (153, 209, 504)
[M::mem_pestat] low and high boundaries for computing mean and std.dev: (1, 1206)
[M::mem_pestat] mean and std.dev: (230.70, 164.97)
[M::mem_pestat] low and high boundaries for proper pairs: (1, 1557)
[M::mem_pestat] skip orientation FF
[M::mem_pestat] skip orientation RF
[M::mem_pestat] skip orientation RR
[M::mem_process_seqs] Processed 2828500 reads in 2995.406 CPU sec, 75.225 real sec
[M::process] read 2824426 sequences (400000120 bp)...
[M::mem_pestat] # candidate unique pairs for (FF, FR, RF, RR): (17, 748562, 101, 19)
[M::mem_pestat] analyzing insert size distribution for orientation FF...
[M::mem_pestat] (25, 50, 75) percentile: (224, 333, 2025)
[M::mem_pestat] low and high boundaries for computing mean and std.dev: (1, 5627)
[M::mem_pestat] mean and std.dev: (423.93, 496.87)
[M::mem_pestat] low and high boundaries for proper pairs: (1, 7428)
[M::mem_pestat] analyzing insert size distribution for orientation FR...
[M::mem_pestat] (25, 50, 75) percentile: (203, 261, 339)
[M::mem_pestat] low and high boundaries for computing mean and std.dev: (1, 611)
[M::mem_pestat] mean and std.dev: (274.40, 93.79)
[M::mem_pestat] low and high boundaries for proper pairs: (1, 747)
[M::mem_pestat] analyzing insert size distribution for orientation RF...
[M::mem_pestat] (25, 50, 75) percentile: (128, 681, 2140)
[M::mem_pestat] low and high boundaries for computing mean and std.dev: (1, 6164)
[M::mem_pestat] mean and std.dev: (991.47, 1053.02)
[M::mem_pestat] low and high boundaries for proper pairs: (1, 8176)
[M::mem_pestat] analyzing insert size distribution for orientation RR...
[M::mem_pestat] (25, 50, 75) percentile: (306, 365, 1090)
[M::mem_pestat] low and high boundaries for computing mean and std.dev: (1, 2658)
[M::mem_pestat] mean and std.dev: (487.33, 377.48)
[M::mem_pestat] low and high boundaries for proper pairs: (1, 3442)
[M::mem_pestat] skip orientation FF
[M::mem_pestat] skip orientation RF
[M::mem_pestat] skip orientation RR
[M::mem_process_seqs] Processed 2829578 reads in 3032.286 CPU sec, 76.061 real sec
[M::process] read 2826608 sequences (400000142 bp)...
[M::mem_pestat] # candidate unique pairs for (FF, FR, RF, RR): (14, 746866, 116, 15)
[M::mem_pestat] analyzing insert size distribution for orientation FF...
[M::mem_pestat] (25, 50, 75) percentile: (226, 975, 3221)
[M::mem_pestat] low and high boundaries for computing mean and std.dev: (1, 9211)
[M::mem_pestat] mean and std.dev: (1900.36, 2018.63)
[M::mem_pestat] low and high boundaries for proper pairs: (1, 12206)
[M::mem_pestat] analyzing insert size distribution for orientation FR...
[M::mem_pestat] (25, 50, 75) percentile: (203, 262, 339)
[M::mem_pestat] low and high boundaries for computing mean and std.dev: (1, 611)
[M::mem_pestat] mean and std.dev: (274.71, 93.73)
[M::mem_pestat] low and high boundaries for proper pairs: (1, 747)
[M::mem_pestat] analyzing insert size distribution for orientation RF...
[M::mem_pestat] (25, 50, 75) percentile: (133, 348, 1344)
[M::mem_pestat] low and high boundaries for computing mean and std.dev: (1, 3766)
[M::mem_pestat] mean and std.dev: (698.46, 846.45)
[M::mem_pestat] low and high boundaries for proper pairs: (1, 4977)
[M::mem_pestat] analyzing insert size distribution for orientation RR...
[M::mem_pestat] (25, 50, 75) percentile: (193, 498, 2822)
[M::mem_pestat] low and high boundaries for computing mean and std.dev: (1, 8080)
[M::mem_pestat] mean and std.dev: (1223.73, 1666.93)
[M::mem_pestat] low and high boundaries for proper pairs: (1, 10709)
[M::mem_pestat] skip orientation FF
[M::mem_pestat] skip orientation RF
[M::mem_pestat] skip orientation RR
[M::mem_process_seqs] Processed 2824426 reads in 3095.619 CPU sec, 77.621 real sec
[M::process] read 2807510 sequences (400000075 bp)...
[M::mem_pestat] # candidate unique pairs for (FF, FR, RF, RR): (19, 748284, 110, 28)
[M::mem_pestat] analyzing insert size distribution for orientation FF...
[M::mem_pestat] (25, 50, 75) percentile: (185, 298, 3122)
[M::mem_pestat] low and high boundaries for computing mean and std.dev: (1, 8996)
[M::mem_pestat] mean and std.dev: (1212.58, 1378.87)
[M::mem_pestat] low and high boundaries for proper pairs: (1, 11933)
[M::mem_pestat] analyzing insert size distribution for orientation FR...
[M::mem_pestat] (25, 50, 75) percentile: (203, 260, 337)
[M::mem_pestat] low and high boundaries for computing mean and std.dev: (1, 605)
[M::mem_pestat] mean and std.dev: (273.07, 93.22)
[M::mem_pestat] low and high boundaries for proper pairs: (1, 739)
[M::mem_pestat] analyzing insert size distribution for orientation RF...
[M::mem_pestat] (25, 50, 75) percentile: (223, 432, 1487)
[M::mem_pestat] low and high boundaries for computing mean and std.dev: (1, 4015)
[M::mem_pestat] mean and std.dev: (772.65, 854.82)
[M::mem_pestat] low and high boundaries for proper pairs: (1, 5279)
[M::mem_pestat] analyzing insert size distribution for orientation RR...
[M::mem_pestat] (25, 50, 75) percentile: (224, 280, 1713)
[M::mem_pestat] low and high boundaries for computing mean and std.dev: (1, 4691)
[M::mem_pestat] mean and std.dev: (717.37, 983.51)
[M::mem_pestat] low and high boundaries for proper pairs: (1, 6180)
[M::mem_pestat] skip orientation FF
[M::mem_pestat] skip orientation RF
[M::mem_pestat] skip orientation RR
[M::mem_process_seqs] Processed 2826608 reads in 3053.618 CPU sec, 76.628 real sec
[M::process] read 2803428 sequences (400000055 bp)...
[M::mem_pestat] # candidate unique pairs for (FF, FR, RF, RR): (16, 748171, 127, 15)
[M::mem_pestat] analyzing insert size distribution for orientation FF...
[M::mem_pestat] (25, 50, 75) percentile: (171, 385, 1701)
[M::mem_pestat] low and high boundaries for computing mean and std.dev: (1, 4761)
[M::mem_pestat] mean and std.dev: (549.80, 624.45)
[M::mem_pestat] low and high boundaries for proper pairs: (1, 6291)
[M::mem_pestat] analyzing insert size distribution for orientation FR...
[M::mem_pestat] (25, 50, 75) percentile: (204, 263, 341)
[M::mem_pestat] low and high boundaries for computing mean and std.dev: (1, 615)
[M::mem_pestat] mean and std.dev: (275.35, 94.06)
[M::mem_pestat] low and high boundaries for proper pairs: (1, 752)
[M::mem_pestat] analyzing insert size distribution for orientation RF...
[M::mem_pestat] (25, 50, 75) percentile: (175, 224, 1233)
[M::mem_pestat] low and high boundaries for computing mean and std.dev: (1, 3349)
[M::mem_pestat] mean and std.dev: (613.50, 699.03)
[M::mem_pestat] low and high boundaries for proper pairs: (1, 4407)
[M::mem_pestat] analyzing insert size distribution for orientation RR...
[M::mem_pestat] (25, 50, 75) percentile: (146, 349, 1497)
[M::mem_pestat] low and high boundaries for computing mean and std.dev: (1, 4199)
[M::mem_pestat] mean and std.dev: (453.92, 493.17)
[M::mem_pestat] low and high boundaries for proper pairs: (1, 5550)
[M::mem_pestat] skip orientation FF
[M::mem_pestat] skip orientation RF
[M::mem_pestat] skip orientation RR
[M::mem_process_seqs] Processed 2807510 reads in 3020.137 CPU sec, 75.746 real sec
[M::process] read 2801096 sequences (400000191 bp)...
[M::mem_pestat] # candidate unique pairs for (FF, FR, RF, RR): (18, 750379, 90, 14)
[M::mem_pestat] analyzing insert size distribution for orientation FF...
[M::mem_pestat] (25, 50, 75) percentile: (665, 2027, 3797)
[M::mem_pestat] low and high boundaries for computing mean and std.dev: (1, 10061)
[M::mem_pestat] mean and std.dev: (2511.06, 2764.81)
[M::mem_pestat] low and high boundaries for proper pairs: (1, 13570)
[M::mem_pestat] analyzing insert size distribution for orientation FR...
[M::mem_pestat] (25, 50, 75) percentile: (198, 252, 329)
[M::mem_pestat] low and high boundaries for computing mean and std.dev: (1, 591)
[M::mem_pestat] mean and std.dev: (266.35, 91.50)
[M::mem_pestat] low and high boundaries for proper pairs: (1, 722)
[M::mem_pestat] analyzing insert size distribution for orientation RF...
[M::mem_pestat] (25, 50, 75) percentile: (113, 389, 1612)
[M::mem_pestat] low and high boundaries for computing mean and std.dev: (1, 4610)
[M::mem_pestat] mean and std.dev: (756.49, 901.55)
[M::mem_pestat] low and high boundaries for proper pairs: (1, 6109)
[M::mem_pestat] analyzing insert size distribution for orientation RR...
[M::mem_pestat] (25, 50, 75) percentile: (195, 279, 599)
[M::mem_pestat] low and high boundaries for computing mean and std.dev: (1, 1407)
[M::mem_pestat] mean and std.dev: (300.08, 173.26)
[M::mem_pestat] low and high boundaries for proper pairs: (1, 1811)
[M::mem_pestat] skip orientation FF
[M::mem_pestat] skip orientation RF
[M::mem_pestat] skip orientation RR
[M::mem_process_seqs] Processed 2803428 reads in 2977.061 CPU sec, 74.702 real sec
[M::process] read 2802102 sequences (400000057 bp)...
[M::mem_pestat] # candidate unique pairs for (FF, FR, RF, RR): (6, 749123, 77, 9)
[M::mem_pestat] skip orientation FF as there are not enough pairs
[M::mem_pestat] analyzing insert size distribution for orientation FR...
[M::mem_pestat] (25, 50, 75) percentile: (200, 256, 333)
[M::mem_pestat] low and high boundaries for computing mean and std.dev: (1, 599)
[M::mem_pestat] mean and std.dev: (269.93, 92.35)
[M::mem_pestat] low and high boundaries for proper pairs: (1, 732)
[M::mem_pestat] analyzing insert size distribution for orientation RF...
[M::mem_pestat] (25, 50, 75) percentile: (140, 381, 1335)
[M::mem_pestat] low and high boundaries for computing mean and std.dev: (1, 3725)
[M::mem_pestat] mean and std.dev: (723.31, 797.54)
[M::mem_pestat] low and high boundaries for proper pairs: (1, 4920)
[M::mem_pestat] skip orientation RR as there are not enough pairs
[M::mem_pestat] skip orientation RF
[M::mem_process_seqs] Processed 2801096 reads in 2991.012 CPU sec, 74.994 real sec
[M::process] read 2804614 sequences (400000236 bp)...
[M::mem_pestat] # candidate unique pairs for (FF, FR, RF, RR): (11, 749261, 108, 17)
[M::mem_pestat] analyzing insert size distribution for orientation FF...
[M::mem_pestat] (25, 50, 75) percentile: (154, 444, 868)
[M::mem_pestat] low and high boundaries for computing mean and std.dev: (1, 2296)
[M::mem_pestat] mean and std.dev: (412.60, 272.42)
[M::mem_pestat] low and high boundaries for proper pairs: (1, 3010)
[M::mem_pestat] analyzing insert size distribution for orientation FR...
[M::mem_pestat] (25, 50, 75) percentile: (202, 259, 336)
[M::mem_pestat] low and high boundaries for computing mean and std.dev: (1, 604)
[M::mem_pestat] mean and std.dev: (272.19, 92.49)
[M::mem_pestat] low and high boundaries for proper pairs: (1, 738)
[M::mem_pestat] analyzing insert size distribution for orientation RF...
[M::mem_pestat] (25, 50, 75) percentile: (200, 397, 1847)
[M::mem_pestat] low and high boundaries for computing mean and std.dev: (1, 5141)
[M::mem_pestat] mean and std.dev: (900.52, 1071.89)
[M::mem_pestat] low and high boundaries for proper pairs: (1, 6788)
[M::mem_pestat] analyzing insert size distribution for orientation RR...
[M::mem_pestat] (25, 50, 75) percentile: (140, 1490, 4302)
[M::mem_pestat] low and high boundaries for computing mean and std.dev: (1, 12626)
[M::mem_pestat] mean and std.dev: (1854.29, 1940.23)
[M::mem_pestat] low and high boundaries for proper pairs: (1, 16788)
[M::mem_pestat] skip orientation FF
[M::mem_pestat] skip orientation RF
[M::mem_pestat] skip orientation RR
[M::mem_process_seqs] Processed 2802102 reads in 3006.275 CPU sec, 75.245 real sec
[M::process] read 2800226 sequences (400000131 bp)...
[M::mem_pestat] # candidate unique pairs for (FF, FR, RF, RR): (21, 750685, 112, 11)
[M::mem_pestat] analyzing insert size distribution for orientation FF...
[M::mem_pestat] (25, 50, 75) percentile: (229, 346, 4329)
[M::mem_pestat] low and high boundaries for computing mean and std.dev: (1, 12529)
[M::mem_pestat] mean and std.dev: (1704.29, 2486.88)
[M::mem_pestat] low and high boundaries for proper pairs: (1, 16629)
[M::mem_pestat] analyzing insert size distribution for orientation FR...
[M::mem_pestat] (25, 50, 75) percentile: (198, 252, 329)
[M::mem_pestat] low and high boundaries for computing mean and std.dev: (1, 591)
[M::mem_pestat] mean and std.dev: (266.49, 91.53)
[M::mem_pestat] low and high boundaries for proper pairs: (1, 722)
[M::mem_pestat] analyzing insert size distribution for orientation RF...
[M::mem_pestat] (25, 50, 75) percentile: (223, 432, 1265)
[M::mem_pestat] low and high boundaries for computing mean and std.dev: (1, 3349)
[M::mem_pestat] mean and std.dev: (680.54, 719.96)
[M::mem_pestat] low and high boundaries for proper pairs: (1, 4391)
[M::mem_pestat] analyzing insert size distribution for orientation RR...
[M::mem_pestat] (25, 50, 75) percentile: (183, 395, 4236)
[M::mem_pestat] low and high boundaries for computing mean and std.dev: (1, 12342)
[M::mem_pestat] mean and std.dev: (1445.64, 1973.05)
[M::mem_pestat] low and high boundaries for proper pairs: (1, 16395)
[M::mem_pestat] skip orientation FF
[M::mem_pestat] skip orientation RF
[M::mem_pestat] skip orientation RR
[M::mem_process_seqs] Processed 2804614 reads in 2984.179 CPU sec, 74.856 real sec
[M::process] read 2798326 sequences (400000284 bp)...
[M::mem_pestat] # candidate unique pairs for (FF, FR, RF, RR): (21, 749586, 108, 15)
[M::mem_pestat] analyzing insert size distribution for orientation FF...
[M::mem_pestat] (25, 50, 75) percentile: (246, 2615, 4443)
[M::mem_pestat] low and high boundaries for computing mean and std.dev: (1, 12837)
[M::mem_pestat] mean and std.dev: (2451.86, 2040.59)
[M::mem_pestat] low and high boundaries for proper pairs: (1, 17034)
[M::mem_pestat] analyzing insert size distribution for orientation FR...
[M::mem_pestat] (25, 50, 75) percentile: (202, 259, 336)
[M::mem_pestat] low and high boundaries for computing mean and std.dev: (1, 604)
[M::mem_pestat] mean and std.dev: (271.96, 92.65)
[M::mem_pestat] low and high boundaries for proper pairs: (1, 738)
[M::mem_pestat] analyzing insert size distribution for orientation RF...
[M::mem_pestat] (25, 50, 75) percentile: (223, 490, 2101)
[M::mem_pestat] low and high boundaries for computing mean and std.dev: (1, 5857)
[M::mem_pestat] mean and std.dev: (1119.59, 1316.38)
[M::mem_pestat] low and high boundaries for proper pairs: (1, 7735)
[M::mem_pestat] analyzing insert size distribution for orientation RR...
[M::mem_pestat] (25, 50, 75) percentile: (172, 214, 1098)
[M::mem_pestat] low and high boundaries for computing mean and std.dev: (1, 2950)
[M::mem_pestat] mean and std.dev: (406.69, 485.15)
[M::mem_pestat] low and high boundaries for proper pairs: (1, 3876)
[M::mem_pestat] skip orientation FF
[M::mem_pestat] skip orientation RF
[M::mem_pestat] skip orientation RR
[M::mem_process_seqs] Processed 2800226 reads in 3257.466 CPU sec, 87.601 real sec
[M::process] read 2817404 sequences (400000237 bp)...
[M::mem_pestat] # candidate unique pairs for (FF, FR, RF, RR): (19, 750122, 111, 15)
[M::mem_pestat] analyzing insert size distribution for orientation FF...
[M::mem_pestat] (25, 50, 75) percentile: (152, 413, 2506)
[M::mem_pestat] low and high boundaries for computing mean and std.dev: (1, 7214)
[M::mem_pestat] mean and std.dev: (1069.11, 1311.52)
[M::mem_pestat] low and high boundaries for proper pairs: (1, 9568)
[M::mem_pestat] analyzing insert size distribution for orientation FR...
[M::mem_pestat] (25, 50, 75) percentile: (201, 257, 334)
[M::mem_pestat] low and high boundaries for computing mean and std.dev: (1, 600)
[M::mem_pestat] mean and std.dev: (270.45, 92.39)
[M::mem_pestat] low and high boundaries for proper pairs: (1, 733)
[M::mem_pestat] analyzing insert size distribution for orientation RF...
[M::mem_pestat] (25, 50, 75) percentile: (128, 348, 1711)
[M::mem_pestat] low and high boundaries for computing mean and std.dev: (1, 4877)
[M::mem_pestat] mean and std.dev: (897.25, 1123.60)
[M::mem_pestat] low and high boundaries for proper pairs: (1, 6460)
[M::mem_pestat] analyzing insert size distribution for orientation RR...
[M::mem_pestat] (25, 50, 75) percentile: (183, 1541, 4361)
[M::mem_pestat] low and high boundaries for computing mean and std.dev: (1, 12717)
[M::mem_pestat] mean and std.dev: (2296.93, 2446.11)
[M::mem_pestat] low and high boundaries for proper pairs: (1, 16895)
[M::mem_pestat] skip orientation FF
[M::mem_pestat] skip orientation RF
[M::mem_pestat] skip orientation RR
[M::mem_process_seqs] Processed 2798326 reads in 2984.111 CPU sec, 74.884 real sec
[M::process] read 2821950 sequences (400000251 bp)...
[M::mem_pestat] # candidate unique pairs for (FF, FR, RF, RR): (13, 743963, 106, 12)
[M::mem_pestat] analyzing insert size distribution for orientation FF...
[M::mem_pestat] (25, 50, 75) percentile: (128, 513, 9451)
[M::mem_pestat] low and high boundaries for computing mean and std.dev: (1, 28097)
[M::mem_pestat] mean and std.dev: (2552.62, 3807.34)
[M::mem_pestat] low and high boundaries for proper pairs: (1, 37420)
[M::mem_pestat] analyzing insert size distribution for orientation FR...
[M::mem_pestat] (25, 50, 75) percentile: (204, 262, 340)
[M::mem_pestat] low and high boundaries for computing mean and std.dev: (1, 612)
[M::mem_pestat] mean and std.dev: (274.96, 93.56)
[M::mem_pestat] low and high boundaries for proper pairs: (1, 748)
[M::mem_pestat] analyzing insert size distribution for orientation RF...
[M::mem_pestat] (25, 50, 75) percentile: (223, 526, 1368)
[M::mem_pestat] low and high boundaries for computing mean and std.dev: (1, 3658)
[M::mem_pestat] mean and std.dev: (771.78, 779.93)
[M::mem_pestat] low and high boundaries for proper pairs: (1, 4803)
[M::mem_pestat] analyzing insert size distribution for orientation RR...
[M::mem_pestat] (25, 50, 75) percentile: (198, 1897, 6883)
[M::mem_pestat] low and high boundaries for computing mean and std.dev: (1, 20253)
[M::mem_pestat] mean and std.dev: (3069.50, 3519.58)
[M::mem_pestat] low and high boundaries for proper pairs: (1, 26938)
[M::mem_pestat] skip orientation FF
[M::mem_pestat] skip orientation RF
[M::mem_pestat] skip orientation RR
[M::mem_process_seqs] Processed 2817404 reads in 3051.946 CPU sec, 76.597 real sec
[M::process] read 2827626 sequences (400000182 bp)...
[M::mem_pestat] # candidate unique pairs for (FF, FR, RF, RR): (18, 747063, 108, 14)
[M::mem_pestat] analyzing insert size distribution for orientation FF...
[M::mem_pestat] (25, 50, 75) percentile: (239, 1734, 2196)
[M::mem_pestat] low and high boundaries for computing mean and std.dev: (1, 6110)
[M::mem_pestat] mean and std.dev: (1303.00, 918.06)
[M::mem_pestat] low and high boundaries for proper pairs: (1, 8067)
[M::mem_pestat] analyzing insert size distribution for orientation FR...
[M::mem_pestat] (25, 50, 75) percentile: (203, 261, 339)
[M::mem_pestat] low and high boundaries for computing mean and std.dev: (1, 611)
[M::mem_pestat] mean and std.dev: (274.33, 93.70)
[M::mem_pestat] low and high boundaries for proper pairs: (1, 747)
[M::mem_pestat] analyzing insert size distribution for orientation RF...
[M::mem_pestat] (25, 50, 75) percentile: (207, 559, 2035)
[M::mem_pestat] low and high boundaries for computing mean and std.dev: (1, 5691)
[M::mem_pestat] mean and std.dev: (1057.53, 1114.51)
[M::mem_pestat] low and high boundaries for proper pairs: (1, 7519)
[M::mem_pestat] analyzing insert size distribution for orientation RR...
[M::mem_pestat] (25, 50, 75) percentile: (3873, 4810, 5109)
[M::mem_pestat] low and high boundaries for computing mean and std.dev: (1401, 7581)
[M::mem_pestat] mean and std.dev: (4687.00, 1045.03)
[M::mem_pestat] low and high boundaries for proper pairs: (165, 8867)
[M::mem_pestat] skip orientation FF
[M::mem_pestat] skip orientation RF
[M::mem_pestat] skip orientation RR
[M::mem_process_seqs] Processed 2821950 reads in 3020.434 CPU sec, 75.581 real sec
[M::process] read 2831068 sequences (400000113 bp)...
[M::mem_pestat] # candidate unique pairs for (FF, FR, RF, RR): (12, 746252, 106, 23)
[M::mem_pestat] analyzing insert size distribution for orientation FF...
[M::mem_pestat] (25, 50, 75) percentile: (191, 203, 612)
[M::mem_pestat] low and high boundaries for computing mean and std.dev: (1, 1454)
[M::mem_pestat] mean and std.dev: (324.73, 240.50)
[M::mem_pestat] low and high boundaries for proper pairs: (1, 1875)
[M::mem_pestat] analyzing insert size distribution for orientation FR...
[M::mem_pestat] (25, 50, 75) percentile: (203, 261, 339)
[M::mem_pestat] low and high boundaries for computing mean and std.dev: (1, 611)
[M::mem_pestat] mean and std.dev: (274.15, 93.64)
[M::mem_pestat] low and high boundaries for proper pairs: (1, 747)
[M::mem_pestat] analyzing insert size distribution for orientation RF...
[M::mem_pestat] (25, 50, 75) percentile: (136, 571, 1586)
[M::mem_pestat] low and high boundaries for computing mean and std.dev: (1, 4486)
[M::mem_pestat] mean and std.dev: (780.05, 869.23)
[M::mem_pestat] low and high boundaries for proper pairs: (1, 5936)
[M::mem_pestat] analyzing insert size distribution for orientation RR...
[M::mem_pestat] (25, 50, 75) percentile: (168, 280, 486)
[M::mem_pestat] low and high boundaries for computing mean and std.dev: (1, 1122)
[M::mem_pestat] mean and std.dev: (291.32, 209.44)
[M::mem_pestat] low and high boundaries for proper pairs: (1, 1440)
[M::mem_pestat] skip orientation FF
[M::mem_pestat] skip orientation RF
[M::mem_pestat] skip orientation RR
[M::mem_process_seqs] Processed 2827626 reads in 3171.375 CPU sec, 79.731 real sec
[M::process] read 2821064 sequences (400000278 bp)...
[M::mem_pestat] # candidate unique pairs for (FF, FR, RF, RR): (16, 747482, 136, 26)
[M::mem_pestat] analyzing insert size distribution for orientation FF...
[M::mem_pestat] (25, 50, 75) percentile: (123, 242, 807)
[M::mem_pestat] low and high boundaries for computing mean and std.dev: (1, 2175)
[M::mem_pestat] mean and std.dev: (266.54, 238.76)
[M::mem_pestat] low and high boundaries for proper pairs: (1, 2859)
[M::mem_pestat] analyzing insert size distribution for orientation FR...
[M::mem_pestat] (25, 50, 75) percentile: (203, 262, 339)
[M::mem_pestat] low and high boundaries for computing mean and std.dev: (1, 611)
[M::mem_pestat] mean and std.dev: (274.53, 93.87)
[M::mem_pestat] low and high boundaries for proper pairs: (1, 747)
[M::mem_pestat] analyzing insert size distribution for orientation RF...
[M::mem_pestat] (25, 50, 75) percentile: (223, 463, 2218)
[M::mem_pestat] low and high boundaries for computing mean and std.dev: (1, 6208)
[M::mem_pestat] mean and std.dev: (1040.32, 1314.68)
[M::mem_pestat] low and high boundaries for proper pairs: (1, 8203)
[M::mem_pestat] analyzing insert size distribution for orientation RR...
[M::mem_pestat] (25, 50, 75) percentile: (191, 364, 631)
[M::mem_pestat] low and high boundaries for computing mean and std.dev: (1, 1511)
[M::mem_pestat] mean and std.dev: (328.33, 205.27)
[M::mem_pestat] low and high boundaries for proper pairs: (1, 1951)
[M::mem_pestat] skip orientation FF
[M::mem_pestat] skip orientation RF
[M::mem_pestat] skip orientation RR
[M::mem_process_seqs] Processed 2831068 reads in 3411.819 CPU sec, 85.526 real sec
[M::process] read 2828498 sequences (400000028 bp)...
[M::mem_pestat] # candidate unique pairs for (FF, FR, RF, RR): (21, 747515, 100, 18)
[M::mem_pestat] analyzing insert size distribution for orientation FF...
[M::mem_pestat] (25, 50, 75) percentile: (237, 492, 4408)
[M::mem_pestat] low and high boundaries for computing mean and std.dev: (1, 12750)
[M::mem_pestat] mean and std.dev: (2220.86, 2396.51)
[M::mem_pestat] low and high boundaries for proper pairs: (1, 16921)
[M::mem_pestat] analyzing insert size distribution for orientation FR...
[M::mem_pestat] (25, 50, 75) percentile: (203, 262, 339)
[M::mem_pestat] low and high boundaries for computing mean and std.dev: (1, 611)
[M::mem_pestat] mean and std.dev: (274.48, 93.54)
[M::mem_pestat] low and high boundaries for proper pairs: (1, 747)
[M::mem_pestat] analyzing insert size distribution for orientation RF...
[M::mem_pestat] (25, 50, 75) percentile: (223, 1043, 2256)
[M::mem_pestat] low and high boundaries for computing mean and std.dev: (1, 6322)
[M::mem_pestat] mean and std.dev: (1323.54, 1593.60)
[M::mem_pestat] low and high boundaries for proper pairs: (1, 8355)
[M::mem_pestat] analyzing insert size distribution for orientation RR...
[M::mem_pestat] (25, 50, 75) percentile: (294, 459, 3744)
[M::mem_pestat] low and high boundaries for computing mean and std.dev: (1, 10644)
[M::mem_pestat] mean and std.dev: (1967.89, 2593.90)
[M::mem_pestat] low and high boundaries for proper pairs: (1, 14094)
[M::mem_pestat] skip orientation FF
[M::mem_pestat] skip orientation RF
[M::mem_pestat] skip orientation RR
[M::mem_process_seqs] Processed 2821064 reads in 3210.959 CPU sec, 80.498 real sec
[M::process] read 2808436 sequences (400000071 bp)...
[M::mem_pestat] # candidate unique pairs for (FF, FR, RF, RR): (20, 748010, 116, 9)
[M::mem_pestat] analyzing insert size distribution for orientation FF...
[M::mem_pestat] (25, 50, 75) percentile: (444, 1720, 3169)
[M::mem_pestat] low and high boundaries for computing mean and std.dev: (1, 8619)
[M::mem_pestat] mean and std.dev: (2004.16, 1780.02)
[M::mem_pestat] low and high boundaries for proper pairs: (1, 11344)
[M::mem_pestat] analyzing insert size distribution for orientation FR...
[M::mem_pestat] (25, 50, 75) percentile: (203, 261, 339)
[M::mem_pestat] low and high boundaries for computing mean and std.dev: (1, 611)
[M::mem_pestat] mean and std.dev: (274.20, 93.88)
[M::mem_pestat] low and high boundaries for proper pairs: (1, 747)
[M::mem_pestat] analyzing insert size distribution for orientation RF...
[M::mem_pestat] (25, 50, 75) percentile: (223, 597, 2772)
[M::mem_pestat] low and high boundaries for computing mean and std.dev: (1, 7870)
[M::mem_pestat] mean and std.dev: (1544.45, 1725.22)
[M::mem_pestat] low and high boundaries for proper pairs: (1, 10419)
[M::mem_pestat] skip orientation RR as there are not enough pairs
[M::mem_pestat] skip orientation FF
[M::mem_pestat] skip orientation RF
[M::mem_process_seqs] Processed 2828498 reads in 3100.007 CPU sec, 77.712 real sec
[M::process] read 2785064 sequences (400000096 bp)...
[M::mem_pestat] # candidate unique pairs for (FF, FR, RF, RR): (13, 746850, 127, 16)
[M::mem_pestat] analyzing insert size distribution for orientation FF...
[M::mem_pestat] (25, 50, 75) percentile: (140, 224, 1990)
[M::mem_pestat] low and high boundaries for computing mean and std.dev: (1, 5690)
[M::mem_pestat] mean and std.dev: (780.58, 1217.46)
[M::mem_pestat] low and high boundaries for proper pairs: (1, 7540)
[M::mem_pestat] analyzing insert size distribution for orientation FR...
[M::mem_pestat] (25, 50, 75) percentile: (203, 261, 339)
[M::mem_pestat] low and high boundaries for computing mean and std.dev: (1, 611)
[M::mem_pestat] mean and std.dev: (274.28, 94.14)
[M::mem_pestat] low and high boundaries for proper pairs: (1, 747)
[M::mem_pestat] analyzing insert size distribution for orientation RF...
[M::mem_pestat] (25, 50, 75) percentile: (196, 301, 1203)
[M::mem_pestat] low and high boundaries for computing mean and std.dev: (1, 3217)
[M::mem_pestat] mean and std.dev: (598.59, 664.39)
[M::mem_pestat] low and high boundaries for proper pairs: (1, 4224)
[M::mem_pestat] analyzing insert size distribution for orientation RR...
[M::mem_pestat] (25, 50, 75) percentile: (196, 218, 305)
[M::mem_pestat] low and high boundaries for computing mean and std.dev: (1, 523)
[M::mem_pestat] mean and std.dev: (233.71, 74.69)
[M::mem_pestat] low and high boundaries for proper pairs: (1, 632)
[M::mem_pestat] skip orientation FF
[M::mem_pestat] skip orientation RF
[M::mem_pestat] skip orientation RR
[M::mem_process_seqs] Processed 2808436 reads in 3031.847 CPU sec, 76.110 real sec
[M::process] read 2784760 sequences (400000218 bp)...
[M::mem_pestat] # candidate unique pairs for (FF, FR, RF, RR): (12, 745630, 125, 6)
[M::mem_pestat] analyzing insert size distribution for orientation FF...
[M::mem_pestat] (25, 50, 75) percentile: (170, 458, 3316)
[M::mem_pestat] low and high boundaries for computing mean and std.dev: (1, 9608)
[M::mem_pestat] mean and std.dev: (1235.92, 1388.05)
[M::mem_pestat] low and high boundaries for proper pairs: (1, 12754)
[M::mem_pestat] analyzing insert size distribution for orientation FR...
[M::mem_pestat] (25, 50, 75) percentile: (206, 266, 343)
[M::mem_pestat] low and high boundaries for computing mean and std.dev: (1, 617)
[M::mem_pestat] mean and std.dev: (278.08, 94.24)
[M::mem_pestat] low and high boundaries for proper pairs: (1, 754)
[M::mem_pestat] analyzing insert size distribution for orientation RF...
[M::mem_pestat] (25, 50, 75) percentile: (223, 675, 2459)
[M::mem_pestat] low and high boundaries for computing mean and std.dev: (1, 6931)
[M::mem_pestat] mean and std.dev: (1148.84, 1325.14)
[M::mem_pestat] low and high boundaries for proper pairs: (1, 9167)
[M::mem_pestat] skip orientation RR as there are not enough pairs
[M::mem_pestat] skip orientation FF
[M::mem_pestat] skip orientation RF
[M::mem_process_seqs] Processed 2785064 reads in 3002.235 CPU sec, 75.277 real sec
[M::process] read 2782724 sequences (400000034 bp)...
[M::mem_pestat] # candidate unique pairs for (FF, FR, RF, RR): (12, 745809, 120, 22)
[M::mem_pestat] analyzing insert size distribution for orientation FF...
[M::mem_pestat] (25, 50, 75) percentile: (296, 341, 506)
[M::mem_pestat] low and high boundaries for computing mean and std.dev: (1, 926)
[M::mem_pestat] mean and std.dev: (282.90, 126.71)
[M::mem_pestat] low and high boundaries for proper pairs: (1, 1136)
[M::mem_pestat] analyzing insert size distribution for orientation FR...
[M::mem_pestat] (25, 50, 75) percentile: (207, 267, 344)
[M::mem_pestat] low and high boundaries for computing mean and std.dev: (1, 618)
[M::mem_pestat] mean and std.dev: (279.01, 94.16)
[M::mem_pestat] low and high boundaries for proper pairs: (1, 755)
[M::mem_pestat] analyzing insert size distribution for orientation RF...
[M::mem_pestat] (25, 50, 75) percentile: (221, 710, 2087)
[M::mem_pestat] low and high boundaries for computing mean and std.dev: (1, 5819)
[M::mem_pestat] mean and std.dev: (1165.06, 1363.28)
[M::mem_pestat] low and high boundaries for proper pairs: (1, 7685)
[M::mem_pestat] analyzing insert size distribution for orientation RR...
[M::mem_pestat] (25, 50, 75) percentile: (228, 290, 484)
[M::mem_pestat] low and high boundaries for computing mean and std.dev: (1, 996)
[M::mem_pestat] mean and std.dev: (270.67, 116.66)
[M::mem_pestat] low and high boundaries for proper pairs: (1, 1252)
[M::mem_pestat] skip orientation FF
[M::mem_pestat] skip orientation RF
[M::mem_pestat] skip orientation RR
[M::mem_process_seqs] Processed 2784760 reads in 3018.796 CPU sec, 75.725 real sec
[M::process] read 2783086 sequences (400000140 bp)...
[M::mem_pestat] # candidate unique pairs for (FF, FR, RF, RR): (11, 744758, 106, 17)
[M::mem_pestat] analyzing insert size distribution for orientation FF...
[M::mem_pestat] (25, 50, 75) percentile: (128, 156, 3009)
[M::mem_pestat] low and high boundaries for computing mean and std.dev: (1, 8771)
[M::mem_pestat] mean and std.dev: (1096.55, 1512.80)
[M::mem_pestat] low and high boundaries for proper pairs: (1, 11652)
[M::mem_pestat] analyzing insert size distribution for orientation FR...
[M::mem_pestat] (25, 50, 75) percentile: (208, 268, 346)
[M::mem_pestat] low and high boundaries for computing mean and std.dev: (1, 622)
[M::mem_pestat] mean and std.dev: (280.23, 94.75)
[M::mem_pestat] low and high boundaries for proper pairs: (1, 760)
[M::mem_pestat] analyzing insert size distribution for orientation RF...
[M::mem_pestat] (25, 50, 75) percentile: (159, 656, 1968)
[M::mem_pestat] low and high boundaries for computing mean and std.dev: (1, 5586)
[M::mem_pestat] mean and std.dev: (1074.38, 1088.86)
[M::mem_pestat] low and high boundaries for proper pairs: (1, 7395)
[M::mem_pestat] analyzing insert size distribution for orientation RR...
[M::mem_pestat] (25, 50, 75) percentile: (243, 1396, 2375)
[M::mem_pestat] low and high boundaries for computing mean and std.dev: (1, 6639)
[M::mem_pestat] mean and std.dev: (1434.69, 1414.83)
[M::mem_pestat] low and high boundaries for proper pairs: (1, 8771)
[M::mem_pestat] skip orientation FF
[M::mem_pestat] skip orientation RF
[M::mem_pestat] skip orientation RR
[M::mem_process_seqs] Processed 2782724 reads in 3012.126 CPU sec, 75.532 real sec
[M::process] read 2802152 sequences (400000121 bp)...
[M::mem_pestat] # candidate unique pairs for (FF, FR, RF, RR): (21, 744438, 99, 11)
[M::mem_pestat] analyzing insert size distribution for orientation FF...
[M::mem_pestat] (25, 50, 75) percentile: (208, 365, 3694)
[M::mem_pestat] low and high boundaries for computing mean and std.dev: (1, 10666)
[M::mem_pestat] mean and std.dev: (1234.19, 1468.02)
[M::mem_pestat] low and high boundaries for proper pairs: (1, 14152)
[M::mem_pestat] analyzing insert size distribution for orientation FR...
[M::mem_pestat] (25, 50, 75) percentile: (207, 268, 345)
[M::mem_pestat] low and high boundaries for computing mean and std.dev: (1, 621)
[M::mem_pestat] mean and std.dev: (279.63, 94.79)
[M::mem_pestat] low and high boundaries for proper pairs: (1, 759)
[M::mem_pestat] analyzing insert size distribution for orientation RF...
[M::mem_pestat] (25, 50, 75) percentile: (128, 285, 1589)
[M::mem_pestat] low and high boundaries for computing mean and std.dev: (1, 4511)
[M::mem_pestat] mean and std.dev: (844.32, 1002.07)
[M::mem_pestat] low and high boundaries for proper pairs: (1, 5972)
[M::mem_pestat] analyzing insert size distribution for orientation RR...
[M::mem_pestat] (25, 50, 75) percentile: (170, 2017, 2517)
[M::mem_pestat] low and high boundaries for computing mean and std.dev: (1, 7211)
[M::mem_pestat] mean and std.dev: (1343.00, 1283.08)
[M::mem_pestat] low and high boundaries for proper pairs: (1, 9558)
[M::mem_pestat] skip orientation FF
[M::mem_pestat] skip orientation RF
[M::mem_pestat] skip orientation RR
[M::mem_process_seqs] Processed 2783086 reads in 3031.803 CPU sec, 75.830 real sec
[M::process] read 2804442 sequences (400000053 bp)...
[M::mem_pestat] # candidate unique pairs for (FF, FR, RF, RR): (16, 743326, 119, 19)
[M::mem_pestat] analyzing insert size distribution for orientation FF...
[M::mem_pestat] (25, 50, 75) percentile: (200, 327, 2164)
[M::mem_pestat] low and high boundaries for computing mean and std.dev: (1, 6092)
[M::mem_pestat] mean and std.dev: (635.43, 854.06)
[M::mem_pestat] low and high boundaries for proper pairs: (1, 8056)
[M::mem_pestat] analyzing insert size distribution for orientation FR...
[M::mem_pestat] (25, 50, 75) percentile: (208, 270, 347)
[M::mem_pestat] low and high boundaries for computing mean and std.dev: (1, 625)
[M::mem_pestat] mean and std.dev: (281.42, 95.11)
[M::mem_pestat] low and high boundaries for proper pairs: (1, 764)
[M::mem_pestat] analyzing insert size distribution for orientation RF...
[M::mem_pestat] (25, 50, 75) percentile: (223, 284, 1219)
[M::mem_pestat] low and high boundaries for computing mean and std.dev: (1, 3211)
[M::mem_pestat] mean and std.dev: (703.17, 821.28)
[M::mem_pestat] low and high boundaries for proper pairs: (1, 4207)
[M::mem_pestat] analyzing insert size distribution for orientation RR...
[M::mem_pestat] (25, 50, 75) percentile: (734, 1961, 3777)
[M::mem_pestat] low and high boundaries for computing mean and std.dev: (1, 9863)
[M::mem_pestat] mean and std.dev: (2519.63, 2283.81)
[M::mem_pestat] low and high boundaries for proper pairs: (1, 12906)
[M::mem_pestat] skip orientation FF
[M::mem_pestat] skip orientation RF
[M::mem_pestat] skip orientation RR
[M::mem_process_seqs] Processed 2802152 reads in 3155.683 CPU sec, 79.326 real sec
[M::process] read 2801682 sequences (400000081 bp)...
[M::mem_pestat] # candidate unique pairs for (FF, FR, RF, RR): (19, 741813, 106, 22)
[M::mem_pestat] analyzing insert size distribution for orientation FF...
[M::mem_pestat] (25, 50, 75) percentile: (160, 231, 428)
[M::mem_pestat] low and high boundaries for computing mean and std.dev: (1, 964)
[M::mem_pestat] mean and std.dev: (290.24, 223.24)
[M::mem_pestat] low and high boundaries for proper pairs: (1, 1232)
[M::mem_pestat] analyzing insert size distribution for orientation FR...
[M::mem_pestat] (25, 50, 75) percentile: (208, 270, 347)
[M::mem_pestat] low and high boundaries for computing mean and std.dev: (1, 625)
[M::mem_pestat] mean and std.dev: (281.53, 95.29)
[M::mem_pestat] low and high boundaries for proper pairs: (1, 764)
[M::mem_pestat] analyzing insert size distribution for orientation RF...
[M::mem_pestat] (25, 50, 75) percentile: (130, 681, 1886)
[M::mem_pestat] low and high boundaries for computing mean and std.dev: (1, 5398)
[M::mem_pestat] mean and std.dev: (961.22, 1122.31)
[M::mem_pestat] low and high boundaries for proper pairs: (1, 7154)
[M::mem_pestat] analyzing insert size distribution for orientation RR...
[M::mem_pestat] (25, 50, 75) percentile: (137, 223, 665)
[M::mem_pestat] low and high boundaries for computing mean and std.dev: (1, 1721)
[M::mem_pestat] mean and std.dev: (288.78, 331.56)
[M::mem_pestat] low and high boundaries for proper pairs: (1, 2249)
[M::mem_pestat] skip orientation FF
[M::mem_pestat] skip orientation RF
[M::mem_pestat] skip orientation RR
[M::mem_process_seqs] Processed 2804442 reads in 3143.835 CPU sec, 78.820 real sec
[M::process] read 2800150 sequences (400000074 bp)...
[M::mem_pestat] # candidate unique pairs for (FF, FR, RF, RR): (9, 743449, 121, 18)
[M::mem_pestat] skip orientation FF as there are not enough pairs
[M::mem_pestat] analyzing insert size distribution for orientation FR...
[M::mem_pestat] (25, 50, 75) percentile: (209, 272, 349)
[M::mem_pestat] low and high boundaries for computing mean and std.dev: (1, 629)
[M::mem_pestat] mean and std.dev: (283.07, 95.75)
[M::mem_pestat] low and high boundaries for proper pairs: (1, 769)
[M::mem_pestat] analyzing insert size distribution for orientation RF...
[M::mem_pestat] (25, 50, 75) percentile: (128, 224, 1178)
[M::mem_pestat] low and high boundaries for computing mean and std.dev: (1, 3278)
[M::mem_pestat] mean and std.dev: (730.05, 803.53)
[M::mem_pestat] low and high boundaries for proper pairs: (1, 4328)
[M::mem_pestat] analyzing insert size distribution for orientation RR...
[M::mem_pestat] (25, 50, 75) percentile: (162, 262, 1512)
[M::mem_pestat] low and high boundaries for computing mean and std.dev: (1, 4212)
[M::mem_pestat] mean and std.dev: (681.50, 768.36)
[M::mem_pestat] low and high boundaries for proper pairs: (1, 5562)
[M::mem_pestat] skip orientation RF
[M::mem_pestat] skip orientation RR
[M::mem_process_seqs] Processed 2801682 reads in 3070.045 CPU sec, 76.967 real sec
[M::process] read 1270388 sequences (181938394 bp)...
[M::mem_pestat] # candidate unique pairs for (FF, FR, RF, RR): (10, 742332, 94, 13)
[M::mem_pestat] analyzing insert size distribution for orientation FF...
[M::mem_pestat] (25, 50, 75) percentile: (299, 669, 4773)
[M::mem_pestat] low and high boundaries for computing mean and std.dev: (1, 13721)
[M::mem_pestat] mean and std.dev: (1742.80, 2065.53)
[M::mem_pestat] low and high boundaries for proper pairs: (1, 18195)
[M::mem_pestat] analyzing insert size distribution for orientation FR...
[M::mem_pestat] (25, 50, 75) percentile: (209, 272, 349)
[M::mem_pestat] low and high boundaries for computing mean and std.dev: (1, 629)
[M::mem_pestat] mean and std.dev: (282.96, 95.93)
[M::mem_pestat] low and high boundaries for proper pairs: (1, 769)
[M::mem_pestat] analyzing insert size distribution for orientation RF...
[M::mem_pestat] (25, 50, 75) percentile: (221, 343, 1193)
[M::mem_pestat] low and high boundaries for computing mean and std.dev: (1, 3137)
[M::mem_pestat] mean and std.dev: (639.17, 672.25)
[M::mem_pestat] low and high boundaries for proper pairs: (1, 4109)
[M::mem_pestat] analyzing insert size distribution for orientation RR...
[M::mem_pestat] (25, 50, 75) percentile: (147, 227, 420)
[M::mem_pestat] low and high boundaries for computing mean and std.dev: (1, 966)
[M::mem_pestat] mean and std.dev: (254.25, 123.54)
[M::mem_pestat] low and high boundaries for proper pairs: (1, 1239)
[M::mem_pestat] skip orientation FF
[M::mem_pestat] skip orientation RF
[M::mem_pestat] skip orientation RR
[M::mem_process_seqs] Processed 2800150 reads in 3077.314 CPU sec, 77.088 real sec
[M::mem_pestat] # candidate unique pairs for (FF, FR, RF, RR): (6, 337590, 74, 12)
[M::mem_pestat] skip orientation FF as there are not enough pairs
[M::mem_pestat] analyzing insert size distribution for orientation FR...
[M::mem_pestat] (25, 50, 75) percentile: (210, 274, 352)
[M::mem_pestat] low and high boundaries for computing mean and std.dev: (1, 636)
[M::mem_pestat] mean and std.dev: (285.36, 97.12)
[M::mem_pestat] low and high boundaries for proper pairs: (1, 778)
[M::mem_pestat] analyzing insert size distribution for orientation RF...
[M::mem_pestat] (25, 50, 75) percentile: (200, 390, 2245)
[M::mem_pestat] low and high boundaries for computing mean and std.dev: (1, 6335)
[M::mem_pestat] mean and std.dev: (1082.61, 1402.00)
[M::mem_pestat] low and high boundaries for proper pairs: (1, 8380)
[M::mem_pestat] analyzing insert size distribution for orientation RR...
[M::mem_pestat] (25, 50, 75) percentile: (455, 1412, 4125)
[M::mem_pestat] low and high boundaries for computing mean and std.dev: (1, 11465)
[M::mem_pestat] mean and std.dev: (2490.42, 2695.86)
[M::mem_pestat] low and high boundaries for proper pairs: (1, 15135)
[M::mem_pestat] skip orientation RF
[M::mem_pestat] skip orientation RR
[M::mem_process_seqs] Processed 1270388 reads in 1649.552 CPU sec, 47.488 real sec
[main] Version: 0.7.17-r1188
[main] CMD: /home/shared/bwa-0.7.17/bwa mem -M -t 40 ../data/bwa-GCF_031168955.1_ASM3116895v1_genomic ../data/trimmed-fastqs-heatwave-genetics/MHW309_trimmed_clipped_R1_paired.fq.gz ../data/trimmed-fastqs-heatwave-genetics/MHW309_trimmed_clipped_R2_paired.fq.gz
[main] Real time: 2660.296 sec; CPU: 105265.734 sec
