[M::bwa_idx_load_from_disk] read 0 ALT contigs
[M::process] read 2799066 sequences (400000191 bp)...
[M::process] read 2796680 sequences (400000144 bp)...
[M::mem_pestat] # candidate unique pairs for (FF, FR, RF, RR): (15, 786891, 86, 13)
[M::mem_pestat] analyzing insert size distribution for orientation FF...
[M::mem_pestat] (25, 50, 75) percentile: (813, 2883, 4807)
[M::mem_pestat] low and high boundaries for computing mean and std.dev: (1, 12795)
[M::mem_pestat] mean and std.dev: (2790.40, 2311.99)
[M::mem_pestat] low and high boundaries for proper pairs: (1, 16789)
[M::mem_pestat] analyzing insert size distribution for orientation FR...
[M::mem_pestat] (25, 50, 75) percentile: (189, 246, 328)
[M::mem_pestat] low and high boundaries for computing mean and std.dev: (1, 606)
[M::mem_pestat] mean and std.dev: (263.01, 99.07)
[M::mem_pestat] low and high boundaries for proper pairs: (1, 745)
[M::mem_pestat] analyzing insert size distribution for orientation RF...
[M::mem_pestat] (25, 50, 75) percentile: (205, 343, 1289)
[M::mem_pestat] low and high boundaries for computing mean and std.dev: (1, 3457)
[M::mem_pestat] mean and std.dev: (627.73, 668.81)
[M::mem_pestat] low and high boundaries for proper pairs: (1, 4541)
[M::mem_pestat] analyzing insert size distribution for orientation RR...
[M::mem_pestat] (25, 50, 75) percentile: (907, 1681, 4188)
[M::mem_pestat] low and high boundaries for computing mean and std.dev: (1, 10750)
[M::mem_pestat] mean and std.dev: (2495.31, 2330.55)
[M::mem_pestat] low and high boundaries for proper pairs: (1, 14031)
[M::mem_pestat] skip orientation FF
[M::mem_pestat] skip orientation RF
[M::mem_pestat] skip orientation RR
[M::mem_process_seqs] Processed 2799066 reads in 2817.738 CPU sec, 70.644 real sec
[M::process] read 2790758 sequences (400000106 bp)...
[M::mem_pestat] # candidate unique pairs for (FF, FR, RF, RR): (11, 784144, 112, 10)
[M::mem_pestat] analyzing insert size distribution for orientation FF...
[M::mem_pestat] (25, 50, 75) percentile: (126, 171, 3067)
[M::mem_pestat] low and high boundaries for computing mean and std.dev: (1, 8949)
[M::mem_pestat] mean and std.dev: (1387.09, 1626.16)
[M::mem_pestat] low and high boundaries for proper pairs: (1, 11890)
[M::mem_pestat] analyzing insert size distribution for orientation FR...
[M::mem_pestat] (25, 50, 75) percentile: (194, 255, 337)
[M::mem_pestat] low and high boundaries for computing mean and std.dev: (1, 623)
[M::mem_pestat] mean and std.dev: (270.24, 100.74)
[M::mem_pestat] low and high boundaries for proper pairs: (1, 766)
[M::mem_pestat] analyzing insert size distribution for orientation RF...
[M::mem_pestat] (25, 50, 75) percentile: (181, 400, 1590)
[M::mem_pestat] low and high boundaries for computing mean and std.dev: (1, 4408)
[M::mem_pestat] mean and std.dev: (863.95, 1062.70)
[M::mem_pestat] low and high boundaries for proper pairs: (1, 5817)
[M::mem_pestat] analyzing insert size distribution for orientation RR...
[M::mem_pestat] (25, 50, 75) percentile: (132, 219, 413)
[M::mem_pestat] low and high boundaries for computing mean and std.dev: (1, 975)
[M::mem_pestat] mean and std.dev: (210.89, 123.84)
[M::mem_pestat] low and high boundaries for proper pairs: (1, 1256)
[M::mem_pestat] skip orientation FF
[M::mem_pestat] skip orientation RF
[M::mem_pestat] skip orientation RR
[M::mem_process_seqs] Processed 2796680 reads in 2934.864 CPU sec, 73.636 real sec
[M::process] read 2796156 sequences (400000093 bp)...
[M::mem_pestat] # candidate unique pairs for (FF, FR, RF, RR): (14, 786984, 125, 15)
[M::mem_pestat] analyzing insert size distribution for orientation FF...
[M::mem_pestat] (25, 50, 75) percentile: (356, 1462, 3864)
[M::mem_pestat] low and high boundaries for computing mean and std.dev: (1, 10880)
[M::mem_pestat] mean and std.dev: (2284.64, 2068.40)
[M::mem_pestat] low and high boundaries for proper pairs: (1, 14388)
[M::mem_pestat] analyzing insert size distribution for orientation FR...
[M::mem_pestat] (25, 50, 75) percentile: (191, 250, 332)
[M::mem_pestat] low and high boundaries for computing mean and std.dev: (1, 614)
[M::mem_pestat] mean and std.dev: (266.53, 99.85)
[M::mem_pestat] low and high boundaries for proper pairs: (1, 755)
[M::mem_pestat] analyzing insert size distribution for orientation RF...
[M::mem_pestat] (25, 50, 75) percentile: (153, 414, 2088)
[M::mem_pestat] low and high boundaries for computing mean and std.dev: (1, 5958)
[M::mem_pestat] mean and std.dev: (1164.28, 1444.47)
[M::mem_pestat] low and high boundaries for proper pairs: (1, 7893)
[M::mem_pestat] analyzing insert size distribution for orientation RR...
[M::mem_pestat] (25, 50, 75) percentile: (249, 1450, 2237)
[M::mem_pestat] low and high boundaries for computing mean and std.dev: (1, 6213)
[M::mem_pestat] mean and std.dev: (1250.79, 1221.01)
[M::mem_pestat] low and high boundaries for proper pairs: (1, 8201)
[M::mem_pestat] skip orientation FF
[M::mem_pestat] skip orientation RF
[M::mem_pestat] skip orientation RR
[M::mem_process_seqs] Processed 2790758 reads in 2922.761 CPU sec, 73.323 real sec
[M::process] read 2789862 sequences (400000005 bp)...
[M::mem_pestat] # candidate unique pairs for (FF, FR, RF, RR): (10, 787423, 86, 13)
[M::mem_pestat] analyzing insert size distribution for orientation FF...
[M::mem_pestat] (25, 50, 75) percentile: (719, 2784, 2784)
[M::mem_pestat] low and high boundaries for computing mean and std.dev: (1, 6914)
[M::mem_pestat] mean and std.dev: (1978.30, 1207.18)
[M::mem_pestat] low and high boundaries for proper pairs: (1, 8979)
[M::mem_pestat] analyzing insert size distribution for orientation FR...
[M::mem_pestat] (25, 50, 75) percentile: (192, 251, 333)
[M::mem_pestat] low and high boundaries for computing mean and std.dev: (1, 615)
[M::mem_pestat] mean and std.dev: (267.24, 99.75)
[M::mem_pestat] low and high boundaries for proper pairs: (1, 756)
[M::mem_pestat] analyzing insert size distribution for orientation RF...
[M::mem_pestat] (25, 50, 75) percentile: (75, 291, 1891)
[M::mem_pestat] low and high boundaries for computing mean and std.dev: (1, 5523)
[M::mem_pestat] mean and std.dev: (952.29, 1190.93)
[M::mem_pestat] low and high boundaries for proper pairs: (1, 7339)
[M::mem_pestat] analyzing insert size distribution for orientation RR...
[M::mem_pestat] (25, 50, 75) percentile: (241, 558, 2286)
[M::mem_pestat] low and high boundaries for computing mean and std.dev: (1, 6376)
[M::mem_pestat] mean and std.dev: (1045.75, 1172.33)
[M::mem_pestat] low and high boundaries for proper pairs: (1, 8421)
[M::mem_pestat] skip orientation FF
[M::mem_pestat] skip orientation RF
[M::mem_pestat] skip orientation RR
[M::mem_process_seqs] Processed 2796156 reads in 2973.144 CPU sec, 74.765 real sec
[M::process] read 2793230 sequences (400000271 bp)...
[M::mem_pestat] # candidate unique pairs for (FF, FR, RF, RR): (16, 787393, 102, 18)
[M::mem_pestat] analyzing insert size distribution for orientation FF...
[M::mem_pestat] (25, 50, 75) percentile: (68, 287, 3398)
[M::mem_pestat] low and high boundaries for computing mean and std.dev: (1, 10058)
[M::mem_pestat] mean and std.dev: (1768.94, 2590.61)
[M::mem_pestat] low and high boundaries for proper pairs: (1, 13388)
[M::mem_pestat] analyzing insert size distribution for orientation FR...
[M::mem_pestat] (25, 50, 75) percentile: (194, 254, 336)
[M::mem_pestat] low and high boundaries for computing mean and std.dev: (1, 620)
[M::mem_pestat] mean and std.dev: (269.84, 100.41)
[M::mem_pestat] low and high boundaries for proper pairs: (1, 762)
[M::mem_pestat] analyzing insert size distribution for orientation RF...
[M::mem_pestat] (25, 50, 75) percentile: (141, 267, 2372)
[M::mem_pestat] low and high boundaries for computing mean and std.dev: (1, 6834)
[M::mem_pestat] mean and std.dev: (869.82, 1170.25)
[M::mem_pestat] low and high boundaries for proper pairs: (1, 9065)
[M::mem_pestat] analyzing insert size distribution for orientation RR...
[M::mem_pestat] (25, 50, 75) percentile: (867, 1650, 5114)
[M::mem_pestat] low and high boundaries for computing mean and std.dev: (1, 13608)
[M::mem_pestat] mean and std.dev: (2950.39, 2483.41)
[M::mem_pestat] low and high boundaries for proper pairs: (1, 17855)
[M::mem_pestat] skip orientation FF
[M::mem_pestat] skip orientation RF
[M::mem_pestat] skip orientation RR
[M::mem_process_seqs] Processed 2789862 reads in 2934.225 CPU sec, 73.419 real sec
[M::process] read 2786582 sequences (400000145 bp)...
[M::mem_pestat] # candidate unique pairs for (FF, FR, RF, RR): (8, 787649, 105, 10)
[M::mem_pestat] skip orientation FF as there are not enough pairs
[M::mem_pestat] analyzing insert size distribution for orientation FR...
[M::mem_pestat] (25, 50, 75) percentile: (190, 249, 331)
[M::mem_pestat] low and high boundaries for computing mean and std.dev: (1, 613)
[M::mem_pestat] mean and std.dev: (265.49, 99.62)
[M::mem_pestat] low and high boundaries for proper pairs: (1, 754)
[M::mem_pestat] analyzing insert size distribution for orientation RF...
[M::mem_pestat] (25, 50, 75) percentile: (177, 904, 2375)
[M::mem_pestat] low and high boundaries for computing mean and std.dev: (1, 6771)
[M::mem_pestat] mean and std.dev: (1306.24, 1651.34)
[M::mem_pestat] low and high boundaries for proper pairs: (1, 8969)
[M::mem_pestat] analyzing insert size distribution for orientation RR...
[M::mem_pestat] (25, 50, 75) percentile: (180, 641, 5859)
[M::mem_pestat] low and high boundaries for computing mean and std.dev: (1, 17217)
[M::mem_pestat] mean and std.dev: (2497.50, 3182.50)
[M::mem_pestat] low and high boundaries for proper pairs: (1, 22896)
[M::mem_pestat] skip orientation RF
[M::mem_pestat] skip orientation RR
[M::mem_process_seqs] Processed 2793230 reads in 2931.824 CPU sec, 73.545 real sec
[M::process] read 2813166 sequences (400000205 bp)...
[M::mem_pestat] # candidate unique pairs for (FF, FR, RF, RR): (19, 785266, 101, 8)
[M::mem_pestat] analyzing insert size distribution for orientation FF...
[M::mem_pestat] (25, 50, 75) percentile: (391, 466, 1053)
[M::mem_pestat] low and high boundaries for computing mean and std.dev: (1, 2377)
[M::mem_pestat] mean and std.dev: (492.88, 304.08)
[M::mem_pestat] low and high boundaries for proper pairs: (1, 3039)
[M::mem_pestat] analyzing insert size distribution for orientation FR...
[M::mem_pestat] (25, 50, 75) percentile: (195, 257, 339)
[M::mem_pestat] low and high boundaries for computing mean and std.dev: (1, 627)
[M::mem_pestat] mean and std.dev: (271.86, 100.68)
[M::mem_pestat] low and high boundaries for proper pairs: (1, 771)
[M::mem_pestat] analyzing insert size distribution for orientation RF...
[M::mem_pestat] (25, 50, 75) percentile: (223, 1035, 2015)
[M::mem_pestat] low and high boundaries for computing mean and std.dev: (1, 5599)
[M::mem_pestat] mean and std.dev: (1283.01, 1475.31)
[M::mem_pestat] low and high boundaries for proper pairs: (1, 7391)
[M::mem_pestat] skip orientation RR as there are not enough pairs
[M::mem_pestat] skip orientation FF
[M::mem_pestat] skip orientation RF
[M::mem_process_seqs] Processed 2786582 reads in 2954.342 CPU sec, 74.098 real sec
[M::process] read 2815594 sequences (400000186 bp)...
[M::mem_pestat] # candidate unique pairs for (FF, FR, RF, RR): (13, 786874, 116, 9)
[M::mem_pestat] analyzing insert size distribution for orientation FF...
[M::mem_pestat] (25, 50, 75) percentile: (253, 3512, 3675)
[M::mem_pestat] low and high boundaries for computing mean and std.dev: (1, 10519)
[M::mem_pestat] mean and std.dev: (2269.54, 1938.07)
[M::mem_pestat] low and high boundaries for proper pairs: (1, 13941)
[M::mem_pestat] analyzing insert size distribution for orientation FR...
[M::mem_pestat] (25, 50, 75) percentile: (194, 254, 336)
[M::mem_pestat] low and high boundaries for computing mean and std.dev: (1, 620)
[M::mem_pestat] mean and std.dev: (269.76, 100.67)
[M::mem_pestat] low and high boundaries for proper pairs: (1, 762)
[M::mem_pestat] analyzing insert size distribution for orientation RF...
[M::mem_pestat] (25, 50, 75) percentile: (191, 551, 2383)
[M::mem_pestat] low and high boundaries for computing mean and std.dev: (1, 6767)
[M::mem_pestat] mean and std.dev: (1270.43, 1608.20)
[M::mem_pestat] low and high boundaries for proper pairs: (1, 8959)
[M::mem_pestat] skip orientation RR as there are not enough pairs
[M::mem_pestat] skip orientation FF
[M::mem_pestat] skip orientation RF
[M::mem_process_seqs] Processed 2813166 reads in 2965.383 CPU sec, 74.557 real sec
[M::process] read 2815514 sequences (400000000 bp)...
[M::mem_pestat] # candidate unique pairs for (FF, FR, RF, RR): (4, 785780, 94, 12)
[M::mem_pestat] skip orientation FF as there are not enough pairs
[M::mem_pestat] analyzing insert size distribution for orientation FR...
[M::mem_pestat] (25, 50, 75) percentile: (194, 256, 340)
[M::mem_pestat] low and high boundaries for computing mean and std.dev: (1, 632)
[M::mem_pestat] mean and std.dev: (272.15, 102.48)
[M::mem_pestat] low and high boundaries for proper pairs: (1, 778)
[M::mem_pestat] analyzing insert size distribution for orientation RF...
[M::mem_pestat] (25, 50, 75) percentile: (223, 842, 1939)
[M::mem_pestat] low and high boundaries for computing mean and std.dev: (1, 5371)
[M::mem_pestat] mean and std.dev: (1081.99, 1311.43)
[M::mem_pestat] low and high boundaries for proper pairs: (1, 7087)
[M::mem_pestat] analyzing insert size distribution for orientation RR...
[M::mem_pestat] (25, 50, 75) percentile: (272, 945, 2341)
[M::mem_pestat] low and high boundaries for computing mean and std.dev: (1, 6479)
[M::mem_pestat] mean and std.dev: (1151.33, 1127.42)
[M::mem_pestat] low and high boundaries for proper pairs: (1, 8548)
[M::mem_pestat] skip orientation RF
[M::mem_pestat] skip orientation RR
[M::mem_process_seqs] Processed 2815594 reads in 2980.546 CPU sec, 74.553 real sec
[M::process] read 2809718 sequences (400000283 bp)...
[M::mem_pestat] # candidate unique pairs for (FF, FR, RF, RR): (14, 786779, 123, 10)
[M::mem_pestat] analyzing insert size distribution for orientation FF...
[M::mem_pestat] (25, 50, 75) percentile: (297, 1202, 6049)
[M::mem_pestat] low and high boundaries for computing mean and std.dev: (1, 17553)
[M::mem_pestat] mean and std.dev: (3347.29, 3808.88)
[M::mem_pestat] low and high boundaries for proper pairs: (1, 23305)
[M::mem_pestat] analyzing insert size distribution for orientation FR...
[M::mem_pestat] (25, 50, 75) percentile: (192, 253, 336)
[M::mem_pestat] low and high boundaries for computing mean and std.dev: (1, 624)
[M::mem_pestat] mean and std.dev: (269.22, 101.20)
[M::mem_pestat] low and high boundaries for proper pairs: (1, 768)
[M::mem_pestat] analyzing insert size distribution for orientation RF...
[M::mem_pestat] (25, 50, 75) percentile: (224, 575, 2352)
[M::mem_pestat] low and high boundaries for computing mean and std.dev: (1, 6608)
[M::mem_pestat] mean and std.dev: (1146.95, 1272.83)
[M::mem_pestat] low and high boundaries for proper pairs: (1, 8736)
[M::mem_pestat] analyzing insert size distribution for orientation RR...
[M::mem_pestat] (25, 50, 75) percentile: (1056, 2633, 4619)
[M::mem_pestat] low and high boundaries for computing mean and std.dev: (1, 11745)
[M::mem_pestat] mean and std.dev: (2903.20, 2590.38)
[M::mem_pestat] low and high boundaries for proper pairs: (1, 15308)
[M::mem_pestat] skip orientation FF
[M::mem_pestat] skip orientation RF
[M::mem_pestat] skip orientation RR
[M::mem_process_seqs] Processed 2815514 reads in 2970.095 CPU sec, 74.654 real sec
[M::process] read 2812720 sequences (400000177 bp)...
[M::mem_pestat] # candidate unique pairs for (FF, FR, RF, RR): (4, 786207, 125, 13)
[M::mem_pestat] skip orientation FF as there are not enough pairs
[M::mem_pestat] analyzing insert size distribution for orientation FR...
[M::mem_pestat] (25, 50, 75) percentile: (194, 255, 339)
[M::mem_pestat] low and high boundaries for computing mean and std.dev: (1, 629)
[M::mem_pestat] mean and std.dev: (271.77, 102.30)
[M::mem_pestat] low and high boundaries for proper pairs: (1, 774)
[M::mem_pestat] analyzing insert size distribution for orientation RF...
[M::mem_pestat] (25, 50, 75) percentile: (163, 409, 1425)
[M::mem_pestat] low and high boundaries for computing mean and std.dev: (1, 3949)
[M::mem_pestat] mean and std.dev: (734.92, 819.66)
[M::mem_pestat] low and high boundaries for proper pairs: (1, 5211)
[M::mem_pestat] analyzing insert size distribution for orientation RR...
[M::mem_pestat] (25, 50, 75) percentile: (112, 266, 4092)
[M::mem_pestat] low and high boundaries for computing mean and std.dev: (1, 12052)
[M::mem_pestat] mean and std.dev: (1769.85, 1877.16)
[M::mem_pestat] low and high boundaries for proper pairs: (1, 16032)
[M::mem_pestat] skip orientation RF
[M::mem_pestat] skip orientation RR
[M::mem_process_seqs] Processed 2809718 reads in 2961.491 CPU sec, 74.315 real sec
[M::process] read 2817688 sequences (400000107 bp)...
[M::mem_pestat] # candidate unique pairs for (FF, FR, RF, RR): (6, 785945, 127, 19)
[M::mem_pestat] skip orientation FF as there are not enough pairs
[M::mem_pestat] analyzing insert size distribution for orientation FR...
[M::mem_pestat] (25, 50, 75) percentile: (193, 253, 337)
[M::mem_pestat] low and high boundaries for computing mean and std.dev: (1, 625)
[M::mem_pestat] mean and std.dev: (269.69, 101.35)
[M::mem_pestat] low and high boundaries for proper pairs: (1, 769)
[M::mem_pestat] analyzing insert size distribution for orientation RF...
[M::mem_pestat] (25, 50, 75) percentile: (159, 610, 1484)
[M::mem_pestat] low and high boundaries for computing mean and std.dev: (1, 4134)
[M::mem_pestat] mean and std.dev: (876.59, 1039.40)
[M::mem_pestat] low and high boundaries for proper pairs: (1, 5459)
[M::mem_pestat] analyzing insert size distribution for orientation RR...
[M::mem_pestat] (25, 50, 75) percentile: (688, 1550, 2904)
[M::mem_pestat] low and high boundaries for computing mean and std.dev: (1, 7336)
[M::mem_pestat] mean and std.dev: (1825.33, 1666.22)
[M::mem_pestat] low and high boundaries for proper pairs: (1, 9552)
[M::mem_pestat] skip orientation RF
[M::mem_pestat] skip orientation RR
[M::mem_process_seqs] Processed 2812720 reads in 2968.800 CPU sec, 74.556 real sec
[M::process] read 2802348 sequences (400000254 bp)...
[M::mem_pestat] # candidate unique pairs for (FF, FR, RF, RR): (14, 787572, 87, 14)
[M::mem_pestat] analyzing insert size distribution for orientation FF...
[M::mem_pestat] (25, 50, 75) percentile: (270, 3268, 3740)
[M::mem_pestat] low and high boundaries for computing mean and std.dev: (1, 10680)
[M::mem_pestat] mean and std.dev: (2285.43, 1743.85)
[M::mem_pestat] low and high boundaries for proper pairs: (1, 14150)
[M::mem_pestat] analyzing insert size distribution for orientation FR...
[M::mem_pestat] (25, 50, 75) percentile: (193, 253, 337)
[M::mem_pestat] low and high boundaries for computing mean and std.dev: (1, 625)
[M::mem_pestat] mean and std.dev: (269.85, 101.81)
[M::mem_pestat] low and high boundaries for proper pairs: (1, 769)
[M::mem_pestat] analyzing insert size distribution for orientation RF...
[M::mem_pestat] (25, 50, 75) percentile: (219, 625, 2077)
[M::mem_pestat] low and high boundaries for computing mean and std.dev: (1, 5793)
[M::mem_pestat] mean and std.dev: (1204.54, 1470.74)
[M::mem_pestat] low and high boundaries for proper pairs: (1, 7651)
[M::mem_pestat] analyzing insert size distribution for orientation RR...
[M::mem_pestat] (25, 50, 75) percentile: (1520, 3975, 5236)
[M::mem_pestat] low and high boundaries for computing mean and std.dev: (1, 12668)
[M::mem_pestat] mean and std.dev: (3596.79, 2795.34)
[M::mem_pestat] low and high boundaries for proper pairs: (1, 16384)
[M::mem_pestat] skip orientation FF
[M::mem_pestat] skip orientation RF
[M::mem_pestat] skip orientation RR
[M::mem_process_seqs] Processed 2817688 reads in 3038.786 CPU sec, 76.021 real sec
[M::process] read 2795592 sequences (400000250 bp)...
[M::mem_pestat] # candidate unique pairs for (FF, FR, RF, RR): (5, 787398, 117, 12)
[M::mem_pestat] skip orientation FF as there are not enough pairs
[M::mem_pestat] analyzing insert size distribution for orientation FR...
[M::mem_pestat] (25, 50, 75) percentile: (193, 254, 338)
[M::mem_pestat] low and high boundaries for computing mean and std.dev: (1, 628)
[M::mem_pestat] mean and std.dev: (270.26, 101.74)
[M::mem_pestat] low and high boundaries for proper pairs: (1, 773)
[M::mem_pestat] analyzing insert size distribution for orientation RF...
[M::mem_pestat] (25, 50, 75) percentile: (220, 486, 2241)
[M::mem_pestat] low and high boundaries for computing mean and std.dev: (1, 6283)
[M::mem_pestat] mean and std.dev: (1079.00, 1476.89)
[M::mem_pestat] low and high boundaries for proper pairs: (1, 8304)
[M::mem_pestat] analyzing insert size distribution for orientation RR...
[M::mem_pestat] (25, 50, 75) percentile: (531, 4415, 9506)
[M::mem_pestat] low and high boundaries for computing mean and std.dev: (1, 27456)
[M::mem_pestat] mean and std.dev: (4261.67, 3944.94)
[M::mem_pestat] low and high boundaries for proper pairs: (1, 36431)
[M::mem_pestat] skip orientation RF
[M::mem_pestat] skip orientation RR
[M::mem_process_seqs] Processed 2802348 reads in 2959.114 CPU sec, 74.411 real sec
[M::process] read 2788854 sequences (400000171 bp)...
[M::mem_pestat] # candidate unique pairs for (FF, FR, RF, RR): (12, 786502, 92, 15)
[M::mem_pestat] analyzing insert size distribution for orientation FF...
[M::mem_pestat] (25, 50, 75) percentile: (288, 472, 1966)
[M::mem_pestat] low and high boundaries for computing mean and std.dev: (1, 5322)
[M::mem_pestat] mean and std.dev: (754.82, 751.19)
[M::mem_pestat] low and high boundaries for proper pairs: (1, 7000)
[M::mem_pestat] analyzing insert size distribution for orientation FR...
[M::mem_pestat] (25, 50, 75) percentile: (192, 252, 335)
[M::mem_pestat] low and high boundaries for computing mean and std.dev: (1, 621)
[M::mem_pestat] mean and std.dev: (268.47, 101.11)
[M::mem_pestat] low and high boundaries for proper pairs: (1, 764)
[M::mem_pestat] analyzing insert size distribution for orientation RF...
[M::mem_pestat] (25, 50, 75) percentile: (175, 614, 2072)
[M::mem_pestat] low and high boundaries for computing mean and std.dev: (1, 5866)
[M::mem_pestat] mean and std.dev: (1012.11, 1292.48)
[M::mem_pestat] low and high boundaries for proper pairs: (1, 7763)
[M::mem_pestat] analyzing insert size distribution for orientation RR...
[M::mem_pestat] (25, 50, 75) percentile: (470, 3969, 4226)
[M::mem_pestat] low and high boundaries for computing mean and std.dev: (1, 11738)
[M::mem_pestat] mean and std.dev: (2675.47, 1803.07)
[M::mem_pestat] low and high boundaries for proper pairs: (1, 15494)
[M::mem_pestat] skip orientation FF
[M::mem_pestat] skip orientation RF
[M::mem_pestat] skip orientation RR
[M::mem_process_seqs] Processed 2795592 reads in 2944.898 CPU sec, 73.677 real sec
[M::process] read 2787780 sequences (400000210 bp)...
[M::mem_pestat] # candidate unique pairs for (FF, FR, RF, RR): (11, 786995, 135, 10)
[M::mem_pestat] analyzing insert size distribution for orientation FF...
[M::mem_pestat] (25, 50, 75) percentile: (264, 433, 1547)
[M::mem_pestat] low and high boundaries for computing mean and std.dev: (1, 4113)
[M::mem_pestat] mean and std.dev: (620.10, 577.48)
[M::mem_pestat] low and high boundaries for proper pairs: (1, 5396)
[M::mem_pestat] analyzing insert size distribution for orientation FR...
[M::mem_pestat] (25, 50, 75) percentile: (194, 255, 336)
[M::mem_pestat] low and high boundaries for computing mean and std.dev: (1, 620)
[M::mem_pestat] mean and std.dev: (270.00, 99.89)
[M::mem_pestat] low and high boundaries for proper pairs: (1, 762)
[M::mem_pestat] analyzing insert size distribution for orientation RF...
[M::mem_pestat] (25, 50, 75) percentile: (180, 499, 2093)
[M::mem_pestat] low and high boundaries for computing mean and std.dev: (1, 5919)
[M::mem_pestat] mean and std.dev: (1113.83, 1350.05)
[M::mem_pestat] low and high boundaries for proper pairs: (1, 7832)
[M::mem_pestat] analyzing insert size distribution for orientation RR...
[M::mem_pestat] (25, 50, 75) percentile: (226, 634, 2396)
[M::mem_pestat] low and high boundaries for computing mean and std.dev: (1, 6736)
[M::mem_pestat] mean and std.dev: (1163.50, 1178.94)
[M::mem_pestat] low and high boundaries for proper pairs: (1, 8906)
[M::mem_pestat] skip orientation FF
[M::mem_pestat] skip orientation RF
[M::mem_pestat] skip orientation RR
[M::mem_process_seqs] Processed 2788854 reads in 2903.784 CPU sec, 72.899 real sec
[M::process] read 2790802 sequences (400000278 bp)...
[M::mem_pestat] # candidate unique pairs for (FF, FR, RF, RR): (11, 786910, 100, 11)
[M::mem_pestat] analyzing insert size distribution for orientation FF...
[M::mem_pestat] (25, 50, 75) percentile: (156, 245, 2883)
[M::mem_pestat] low and high boundaries for computing mean and std.dev: (1, 8337)
[M::mem_pestat] mean and std.dev: (1312.40, 2046.59)
[M::mem_pestat] low and high boundaries for proper pairs: (1, 11064)
[M::mem_pestat] analyzing insert size distribution for orientation FR...
[M::mem_pestat] (25, 50, 75) percentile: (192, 252, 335)
[M::mem_pestat] low and high boundaries for computing mean and std.dev: (1, 621)
[M::mem_pestat] mean and std.dev: (268.31, 100.47)
[M::mem_pestat] low and high boundaries for proper pairs: (1, 764)
[M::mem_pestat] analyzing insert size distribution for orientation RF...
[M::mem_pestat] (25, 50, 75) percentile: (113, 418, 1282)
[M::mem_pestat] low and high boundaries for computing mean and std.dev: (1, 3620)
[M::mem_pestat] mean and std.dev: (713.12, 792.43)
[M::mem_pestat] low and high boundaries for proper pairs: (1, 4789)
[M::mem_pestat] analyzing insert size distribution for orientation RR...
[M::mem_pestat] (25, 50, 75) percentile: (1089, 1468, 4233)
[M::mem_pestat] low and high boundaries for computing mean and std.dev: (1, 10521)
[M::mem_pestat] mean and std.dev: (2962.64, 3237.02)
[M::mem_pestat] low and high boundaries for proper pairs: (1, 15911)
[M::mem_pestat] skip orientation FF
[M::mem_pestat] skip orientation RF
[M::mem_pestat] skip orientation RR
[M::mem_process_seqs] Processed 2787780 reads in 2911.974 CPU sec, 73.131 real sec
[M::process] read 2788228 sequences (400000230 bp)...
[M::mem_pestat] # candidate unique pairs for (FF, FR, RF, RR): (6, 787479, 109, 16)
[M::mem_pestat] skip orientation FF as there are not enough pairs
[M::mem_pestat] analyzing insert size distribution for orientation FR...
[M::mem_pestat] (25, 50, 75) percentile: (194, 254, 336)
[M::mem_pestat] low and high boundaries for computing mean and std.dev: (1, 620)
[M::mem_pestat] mean and std.dev: (270.00, 99.95)
[M::mem_pestat] low and high boundaries for proper pairs: (1, 762)
[M::mem_pestat] analyzing insert size distribution for orientation RF...
[M::mem_pestat] (25, 50, 75) percentile: (135, 606, 2373)
[M::mem_pestat] low and high boundaries for computing mean and std.dev: (1, 6849)
[M::mem_pestat] mean and std.dev: (1277.23, 1651.32)
[M::mem_pestat] low and high boundaries for proper pairs: (1, 9087)
[M::mem_pestat] analyzing insert size distribution for orientation RR...
[M::mem_pestat] (25, 50, 75) percentile: (181, 666, 1906)
[M::mem_pestat] low and high boundaries for computing mean and std.dev: (1, 5356)
[M::mem_pestat] mean and std.dev: (845.14, 1033.93)
[M::mem_pestat] low and high boundaries for proper pairs: (1, 7081)
[M::mem_pestat] skip orientation RF
[M::mem_pestat] skip orientation RR
[M::mem_process_seqs] Processed 2790802 reads in 3196.233 CPU sec, 85.403 real sec
[M::process] read 2788110 sequences (400000277 bp)...
[M::mem_pestat] # candidate unique pairs for (FF, FR, RF, RR): (13, 787060, 106, 20)
[M::mem_pestat] analyzing insert size distribution for orientation FF...
[M::mem_pestat] (25, 50, 75) percentile: (165, 1451, 4286)
[M::mem_pestat] low and high boundaries for computing mean and std.dev: (1, 12528)
[M::mem_pestat] mean and std.dev: (2230.77, 2097.70)
[M::mem_pestat] low and high boundaries for proper pairs: (1, 16649)
[M::mem_pestat] analyzing insert size distribution for orientation FR...
[M::mem_pestat] (25, 50, 75) percentile: (193, 253, 336)
[M::mem_pestat] low and high boundaries for computing mean and std.dev: (1, 622)
[M::mem_pestat] mean and std.dev: (269.32, 100.60)
[M::mem_pestat] low and high boundaries for proper pairs: (1, 765)
[M::mem_pestat] analyzing insert size distribution for orientation RF...
[M::mem_pestat] (25, 50, 75) percentile: (128, 478, 2485)
[M::mem_pestat] low and high boundaries for computing mean and std.dev: (1, 7199)
[M::mem_pestat] mean and std.dev: (1509.25, 1934.65)
[M::mem_pestat] low and high boundaries for proper pairs: (1, 9556)
[M::mem_pestat] analyzing insert size distribution for orientation RR...
[M::mem_pestat] (25, 50, 75) percentile: (227, 1043, 6861)
[M::mem_pestat] low and high boundaries for computing mean and std.dev: (1, 20129)
[M::mem_pestat] mean and std.dev: (2507.45, 2946.21)
[M::mem_pestat] low and high boundaries for proper pairs: (1, 26763)
[M::mem_pestat] skip orientation FF
[M::mem_pestat] skip orientation RF
[M::mem_pestat] skip orientation RR
[M::mem_process_seqs] Processed 2788228 reads in 2938.778 CPU sec, 73.675 real sec
[M::process] read 2781068 sequences (400000178 bp)...
[M::mem_pestat] # candidate unique pairs for (FF, FR, RF, RR): (17, 787769, 103, 10)
[M::mem_pestat] analyzing insert size distribution for orientation FF...
[M::mem_pestat] (25, 50, 75) percentile: (276, 1575, 4833)
[M::mem_pestat] low and high boundaries for computing mean and std.dev: (1, 13947)
[M::mem_pestat] mean and std.dev: (2171.18, 2048.42)
[M::mem_pestat] low and high boundaries for proper pairs: (1, 18504)
[M::mem_pestat] analyzing insert size distribution for orientation FR...
[M::mem_pestat] (25, 50, 75) percentile: (193, 253, 335)
[M::mem_pestat] low and high boundaries for computing mean and std.dev: (1, 619)
[M::mem_pestat] mean and std.dev: (268.89, 100.57)
[M::mem_pestat] low and high boundaries for proper pairs: (1, 761)
[M::mem_pestat] analyzing insert size distribution for orientation RF...
[M::mem_pestat] (25, 50, 75) percentile: (233, 1137, 2147)
[M::mem_pestat] low and high boundaries for computing mean and std.dev: (1, 5975)
[M::mem_pestat] mean and std.dev: (1181.47, 1284.99)
[M::mem_pestat] low and high boundaries for proper pairs: (1, 7889)
[M::mem_pestat] analyzing insert size distribution for orientation RR...
[M::mem_pestat] (25, 50, 75) percentile: (1493, 2412, 2412)
[M::mem_pestat] low and high boundaries for computing mean and std.dev: (1, 4250)
[M::mem_pestat] mean and std.dev: (1878.90, 802.69)
[M::mem_pestat] low and high boundaries for proper pairs: (1, 5169)
[M::mem_pestat] skip orientation FF
[M::mem_pestat] skip orientation RF
[M::mem_pestat] skip orientation RR
[M::mem_process_seqs] Processed 2788110 reads in 2908.704 CPU sec, 72.809 real sec
[M::process] read 2802046 sequences (400000196 bp)...
[M::mem_pestat] # candidate unique pairs for (FF, FR, RF, RR): (15, 786767, 82, 12)
[M::mem_pestat] analyzing insert size distribution for orientation FF...
[M::mem_pestat] (25, 50, 75) percentile: (1226, 3118, 5959)
[M::mem_pestat] low and high boundaries for computing mean and std.dev: (1, 15425)
[M::mem_pestat] mean and std.dev: (3386.40, 2713.73)
[M::mem_pestat] low and high boundaries for proper pairs: (1, 20158)
[M::mem_pestat] analyzing insert size distribution for orientation FR...
[M::mem_pestat] (25, 50, 75) percentile: (195, 256, 339)
[M::mem_pestat] low and high boundaries for computing mean and std.dev: (1, 627)
[M::mem_pestat] mean and std.dev: (271.81, 101.12)
[M::mem_pestat] low and high boundaries for proper pairs: (1, 771)
[M::mem_pestat] analyzing insert size distribution for orientation RF...
[M::mem_pestat] (25, 50, 75) percentile: (67, 228, 1160)
[M::mem_pestat] low and high boundaries for computing mean and std.dev: (1, 3346)
[M::mem_pestat] mean and std.dev: (512.06, 683.74)
[M::mem_pestat] low and high boundaries for proper pairs: (1, 4439)
[M::mem_pestat] analyzing insert size distribution for orientation RR...
[M::mem_pestat] (25, 50, 75) percentile: (1084, 1084, 4017)
[M::mem_pestat] low and high boundaries for computing mean and std.dev: (1, 9883)
[M::mem_pestat] mean and std.dev: (2647.83, 2667.40)
[M::mem_pestat] low and high boundaries for proper pairs: (1, 13317)
[M::mem_pestat] skip orientation FF
[M::mem_pestat] skip orientation RF
[M::mem_pestat] skip orientation RR
[M::mem_process_seqs] Processed 2781068 reads in 2914.431 CPU sec, 73.099 real sec
[M::process] read 2811466 sequences (400000239 bp)...
[M::mem_pestat] # candidate unique pairs for (FF, FR, RF, RR): (3, 786807, 87, 8)
[M::mem_pestat] skip orientation FF as there are not enough pairs
[M::mem_pestat] analyzing insert size distribution for orientation FR...
[M::mem_pestat] (25, 50, 75) percentile: (194, 256, 339)
[M::mem_pestat] low and high boundaries for computing mean and std.dev: (1, 629)
[M::mem_pestat] mean and std.dev: (271.45, 101.44)
[M::mem_pestat] low and high boundaries for proper pairs: (1, 774)
[M::mem_pestat] analyzing insert size distribution for orientation RF...
[M::mem_pestat] (25, 50, 75) percentile: (223, 1061, 3437)
[M::mem_pestat] low and high boundaries for computing mean and std.dev: (1, 9865)
[M::mem_pestat] mean and std.dev: (2225.97, 2548.43)
[M::mem_pestat] low and high boundaries for proper pairs: (1, 13079)
[M::mem_pestat] skip orientation RR as there are not enough pairs
[M::mem_pestat] skip orientation RF
[M::mem_process_seqs] Processed 2802046 reads in 2951.888 CPU sec, 74.219 real sec
[M::process] read 2813928 sequences (400000121 bp)...
[M::mem_pestat] # candidate unique pairs for (FF, FR, RF, RR): (9, 787693, 92, 11)
[M::mem_pestat] skip orientation FF as there are not enough pairs
[M::mem_pestat] analyzing insert size distribution for orientation FR...
[M::mem_pestat] (25, 50, 75) percentile: (193, 254, 338)
[M::mem_pestat] low and high boundaries for computing mean and std.dev: (1, 628)
[M::mem_pestat] mean and std.dev: (270.47, 101.53)
[M::mem_pestat] low and high boundaries for proper pairs: (1, 773)
[M::mem_pestat] analyzing insert size distribution for orientation RF...
[M::mem_pestat] (25, 50, 75) percentile: (178, 390, 2367)
[M::mem_pestat] low and high boundaries for computing mean and std.dev: (1, 6745)
[M::mem_pestat] mean and std.dev: (1435.07, 1981.68)
[M::mem_pestat] low and high boundaries for proper pairs: (1, 9362)
[M::mem_pestat] analyzing insert size distribution for orientation RR...
[M::mem_pestat] (25, 50, 75) percentile: (103, 952, 1644)
[M::mem_pestat] low and high boundaries for computing mean and std.dev: (1, 4726)
[M::mem_pestat] mean and std.dev: (949.40, 1089.74)
[M::mem_pestat] low and high boundaries for proper pairs: (1, 6267)
[M::mem_pestat] skip orientation RF
[M::mem_pestat] skip orientation RR
[M::mem_process_seqs] Processed 2811466 reads in 2954.158 CPU sec, 73.957 real sec
[M::process] read 2806612 sequences (400000153 bp)...
[M::mem_pestat] # candidate unique pairs for (FF, FR, RF, RR): (9, 787289, 103, 14)
[M::mem_pestat] skip orientation FF as there are not enough pairs
[M::mem_pestat] analyzing insert size distribution for orientation FR...
[M::mem_pestat] (25, 50, 75) percentile: (193, 254, 338)
[M::mem_pestat] low and high boundaries for computing mean and std.dev: (1, 628)
[M::mem_pestat] mean and std.dev: (270.67, 101.82)
[M::mem_pestat] low and high boundaries for proper pairs: (1, 773)
[M::mem_pestat] analyzing insert size distribution for orientation RF...
[M::mem_pestat] (25, 50, 75) percentile: (223, 457, 1375)
[M::mem_pestat] low and high boundaries for computing mean and std.dev: (1, 3679)
[M::mem_pestat] mean and std.dev: (677.10, 771.64)
[M::mem_pestat] low and high boundaries for proper pairs: (1, 4831)
[M::mem_pestat] analyzing insert size distribution for orientation RR...
[M::mem_pestat] (25, 50, 75) percentile: (634, 1873, 1895)
[M::mem_pestat] low and high boundaries for computing mean and std.dev: (1, 4417)
[M::mem_pestat] mean and std.dev: (1550.54, 909.59)
[M::mem_pestat] low and high boundaries for proper pairs: (1, 5678)
[M::mem_pestat] skip orientation RF
[M::mem_pestat] skip orientation RR
[M::mem_process_seqs] Processed 2813928 reads in 2976.468 CPU sec, 74.662 real sec
[M::process] read 2813056 sequences (400000063 bp)...
[M::mem_pestat] # candidate unique pairs for (FF, FR, RF, RR): (12, 788608, 127, 11)
[M::mem_pestat] analyzing insert size distribution for orientation FF...
[M::mem_pestat] (25, 50, 75) percentile: (628, 1475, 2452)
[M::mem_pestat] low and high boundaries for computing mean and std.dev: (1, 6100)
[M::mem_pestat] mean and std.dev: (1498.09, 1273.85)
[M::mem_pestat] low and high boundaries for proper pairs: (1, 7924)
[M::mem_pestat] analyzing insert size distribution for orientation FR...
[M::mem_pestat] (25, 50, 75) percentile: (193, 254, 338)
[M::mem_pestat] low and high boundaries for computing mean and std.dev: (1, 628)
[M::mem_pestat] mean and std.dev: (270.71, 101.79)
[M::mem_pestat] low and high boundaries for proper pairs: (1, 773)
[M::mem_pestat] analyzing insert size distribution for orientation RF...
[M::mem_pestat] (25, 50, 75) percentile: (218, 527, 1609)
[M::mem_pestat] low and high boundaries for computing mean and std.dev: (1, 4391)
[M::mem_pestat] mean and std.dev: (944.63, 1092.75)
[M::mem_pestat] low and high boundaries for proper pairs: (1, 5782)
[M::mem_pestat] analyzing insert size distribution for orientation RR...
[M::mem_pestat] (25, 50, 75) percentile: (663, 1506, 3451)
[M::mem_pestat] low and high boundaries for computing mean and std.dev: (1, 9027)
[M::mem_pestat] mean and std.dev: (1936.55, 1951.01)
[M::mem_pestat] low and high boundaries for proper pairs: (1, 11815)
[M::mem_pestat] skip orientation FF
[M::mem_pestat] skip orientation RF
[M::mem_pestat] skip orientation RR
[M::mem_process_seqs] Processed 2806612 reads in 2940.740 CPU sec, 73.814 real sec
[M::process] read 2809338 sequences (400000247 bp)...
[M::mem_pestat] # candidate unique pairs for (FF, FR, RF, RR): (10, 785882, 89, 9)
[M::mem_pestat] analyzing insert size distribution for orientation FF...
[M::mem_pestat] (25, 50, 75) percentile: (113, 305, 4154)
[M::mem_pestat] low and high boundaries for computing mean and std.dev: (1, 12236)
[M::mem_pestat] mean and std.dev: (1575.90, 1816.76)
[M::mem_pestat] low and high boundaries for proper pairs: (1, 16277)
[M::mem_pestat] analyzing insert size distribution for orientation FR...
[M::mem_pestat] (25, 50, 75) percentile: (194, 256, 340)
[M::mem_pestat] low and high boundaries for computing mean and std.dev: (1, 632)
[M::mem_pestat] mean and std.dev: (271.77, 102.45)
[M::mem_pestat] low and high boundaries for proper pairs: (1, 778)
[M::mem_pestat] analyzing insert size distribution for orientation RF...
[M::mem_pestat] (25, 50, 75) percentile: (223, 1168, 2271)
[M::mem_pestat] low and high boundaries for computing mean and std.dev: (1, 6367)
[M::mem_pestat] mean and std.dev: (1367.44, 1375.46)
[M::mem_pestat] low and high boundaries for proper pairs: (1, 8415)
[M::mem_pestat] skip orientation RR as there are not enough pairs
[M::mem_pestat] skip orientation FF
[M::mem_pestat] skip orientation RF
[M::mem_process_seqs] Processed 2813056 reads in 2962.118 CPU sec, 74.375 real sec
[M::process] read 2793898 sequences (400000003 bp)...
[M::mem_pestat] # candidate unique pairs for (FF, FR, RF, RR): (13, 787971, 93, 8)
[M::mem_pestat] analyzing insert size distribution for orientation FF...
[M::mem_pestat] (25, 50, 75) percentile: (292, 1108, 3285)
[M::mem_pestat] low and high boundaries for computing mean and std.dev: (1, 9271)
[M::mem_pestat] mean and std.dev: (1819.69, 1853.70)
[M::mem_pestat] low and high boundaries for proper pairs: (1, 12264)
[M::mem_pestat] analyzing insert size distribution for orientation FR...
[M::mem_pestat] (25, 50, 75) percentile: (194, 255, 339)
[M::mem_pestat] low and high boundaries for computing mean and std.dev: (1, 629)
[M::mem_pestat] mean and std.dev: (271.17, 101.99)
[M::mem_pestat] low and high boundaries for proper pairs: (1, 774)
[M::mem_pestat] analyzing insert size distribution for orientation RF...
[M::mem_pestat] (25, 50, 75) percentile: (100, 353, 1210)
[M::mem_pestat] low and high boundaries for computing mean and std.dev: (1, 3430)
[M::mem_pestat] mean and std.dev: (543.35, 643.54)
[M::mem_pestat] low and high boundaries for proper pairs: (1, 4540)
[M::mem_pestat] skip orientation RR as there are not enough pairs
[M::mem_pestat] skip orientation FF
[M::mem_pestat] skip orientation RF
[M::mem_process_seqs] Processed 2809338 reads in 2981.868 CPU sec, 74.816 real sec
[M::process] read 2796558 sequences (400000178 bp)...
[M::mem_pestat] # candidate unique pairs for (FF, FR, RF, RR): (6, 786667, 115, 8)
[M::mem_pestat] skip orientation FF as there are not enough pairs
[M::mem_pestat] analyzing insert size distribution for orientation FR...
[M::mem_pestat] (25, 50, 75) percentile: (194, 256, 340)
[M::mem_pestat] low and high boundaries for computing mean and std.dev: (1, 632)
[M::mem_pestat] mean and std.dev: (272.08, 102.57)
[M::mem_pestat] low and high boundaries for proper pairs: (1, 778)
[M::mem_pestat] analyzing insert size distribution for orientation RF...
[M::mem_pestat] (25, 50, 75) percentile: (261, 1013, 2484)
[M::mem_pestat] low and high boundaries for computing mean and std.dev: (1, 6930)
[M::mem_pestat] mean and std.dev: (1471.23, 1438.97)
[M::mem_pestat] low and high boundaries for proper pairs: (1, 9153)
[M::mem_pestat] skip orientation RR as there are not enough pairs
[M::mem_pestat] skip orientation RF
[M::mem_process_seqs] Processed 2793898 reads in 2949.953 CPU sec, 73.977 real sec
[M::process] read 2793584 sequences (400000116 bp)...
[M::mem_pestat] # candidate unique pairs for (FF, FR, RF, RR): (10, 788148, 91, 13)
[M::mem_pestat] analyzing insert size distribution for orientation FF...
[M::mem_pestat] (25, 50, 75) percentile: (351, 7068, 8240)
[M::mem_pestat] low and high boundaries for computing mean and std.dev: (1, 24018)
[M::mem_pestat] mean and std.dev: (4786.30, 3757.68)
[M::mem_pestat] low and high boundaries for proper pairs: (1, 31907)
[M::mem_pestat] analyzing insert size distribution for orientation FR...
[M::mem_pestat] (25, 50, 75) percentile: (191, 248, 330)
[M::mem_pestat] low and high boundaries for computing mean and std.dev: (1, 608)
[M::mem_pestat] mean and std.dev: (264.81, 98.55)
[M::mem_pestat] low and high boundaries for proper pairs: (1, 747)
[M::mem_pestat] analyzing insert size distribution for orientation RF...
[M::mem_pestat] (25, 50, 75) percentile: (131, 226, 1130)
[M::mem_pestat] low and high boundaries for computing mean and std.dev: (1, 3128)
[M::mem_pestat] mean and std.dev: (547.39, 695.06)
[M::mem_pestat] low and high boundaries for proper pairs: (1, 4127)
[M::mem_pestat] analyzing insert size distribution for orientation RR...
[M::mem_pestat] (25, 50, 75) percentile: (246, 700, 3297)
[M::mem_pestat] low and high boundaries for computing mean and std.dev: (1, 9399)
[M::mem_pestat] mean and std.dev: (1460.54, 1755.07)
[M::mem_pestat] low and high boundaries for proper pairs: (1, 12450)
[M::mem_pestat] skip orientation FF
[M::mem_pestat] skip orientation RF
[M::mem_pestat] skip orientation RR
[M::mem_process_seqs] Processed 2796558 reads in 2940.222 CPU sec, 73.736 real sec
[M::process] read 2804386 sequences (400000213 bp)...
[M::mem_pestat] # candidate unique pairs for (FF, FR, RF, RR): (11, 787427, 99, 10)
[M::mem_pestat] analyzing insert size distribution for orientation FF...
[M::mem_pestat] (25, 50, 75) percentile: (286, 2309, 3324)
[M::mem_pestat] low and high boundaries for computing mean and std.dev: (1, 9400)
[M::mem_pestat] mean and std.dev: (1421.33, 1349.05)
[M::mem_pestat] low and high boundaries for proper pairs: (1, 12438)
[M::mem_pestat] analyzing insert size distribution for orientation FR...
[M::mem_pestat] (25, 50, 75) percentile: (191, 248, 327)
[M::mem_pestat] low and high boundaries for computing mean and std.dev: (1, 599)
[M::mem_pestat] mean and std.dev: (263.21, 96.61)
[M::mem_pestat] low and high boundaries for proper pairs: (1, 735)
[M::mem_pestat] analyzing insert size distribution for orientation RF...
[M::mem_pestat] (25, 50, 75) percentile: (223, 1033, 2423)
[M::mem_pestat] low and high boundaries for computing mean and std.dev: (1, 6823)
[M::mem_pestat] mean and std.dev: (1465.94, 1594.52)
[M::mem_pestat] low and high boundaries for proper pairs: (1, 9023)
[M::mem_pestat] analyzing insert size distribution for orientation RR...
[M::mem_pestat] (25, 50, 75) percentile: (435, 1018, 5063)
[M::mem_pestat] low and high boundaries for computing mean and std.dev: (1, 14319)
[M::mem_pestat] mean and std.dev: (2626.00, 3104.82)
[M::mem_pestat] low and high boundaries for proper pairs: (1, 18947)
[M::mem_pestat] skip orientation FF
[M::mem_pestat] skip orientation RF
[M::mem_pestat] skip orientation RR
[M::mem_process_seqs] Processed 2793584 reads in 2936.763 CPU sec, 73.714 real sec
[M::process] read 2816006 sequences (400000144 bp)...
[M::mem_pestat] # candidate unique pairs for (FF, FR, RF, RR): (16, 787941, 99, 6)
[M::mem_pestat] analyzing insert size distribution for orientation FF...
[M::mem_pestat] (25, 50, 75) percentile: (292, 970, 3390)
[M::mem_pestat] low and high boundaries for computing mean and std.dev: (1, 9586)
[M::mem_pestat] mean and std.dev: (2091.25, 2383.31)
[M::mem_pestat] low and high boundaries for proper pairs: (1, 12684)
[M::mem_pestat] analyzing insert size distribution for orientation FR...
[M::mem_pestat] (25, 50, 75) percentile: (190, 246, 326)
[M::mem_pestat] low and high boundaries for computing mean and std.dev: (1, 598)
[M::mem_pestat] mean and std.dev: (262.11, 96.53)
[M::mem_pestat] low and high boundaries for proper pairs: (1, 734)
[M::mem_pestat] analyzing insert size distribution for orientation RF...
[M::mem_pestat] (25, 50, 75) percentile: (135, 224, 1219)
[M::mem_pestat] low and high boundaries for computing mean and std.dev: (1, 3387)
[M::mem_pestat] mean and std.dev: (536.20, 692.89)
[M::mem_pestat] low and high boundaries for proper pairs: (1, 4471)
[M::mem_pestat] skip orientation RR as there are not enough pairs
[M::mem_pestat] skip orientation FF
[M::mem_pestat] skip orientation RF
[M::mem_process_seqs] Processed 2804386 reads in 2955.048 CPU sec, 74.178 real sec
[M::process] read 2295676 sequences (326812354 bp)...
[M::mem_pestat] # candidate unique pairs for (FF, FR, RF, RR): (7, 788095, 102, 11)
[M::mem_pestat] skip orientation FF as there are not enough pairs
[M::mem_pestat] analyzing insert size distribution for orientation FR...
[M::mem_pestat] (25, 50, 75) percentile: (189, 244, 323)
[M::mem_pestat] low and high boundaries for computing mean and std.dev: (1, 591)
[M::mem_pestat] mean and std.dev: (260.26, 96.01)
[M::mem_pestat] low and high boundaries for proper pairs: (1, 725)
[M::mem_pestat] analyzing insert size distribution for orientation RF...
[M::mem_pestat] (25, 50, 75) percentile: (155, 500, 1276)
[M::mem_pestat] low and high boundaries for computing mean and std.dev: (1, 3518)
[M::mem_pestat] mean and std.dev: (751.54, 841.55)
[M::mem_pestat] low and high boundaries for proper pairs: (1, 4639)
[M::mem_pestat] analyzing insert size distribution for orientation RR...
[M::mem_pestat] (25, 50, 75) percentile: (163, 163, 8301)
[M::mem_pestat] low and high boundaries for computing mean and std.dev: (1, 24577)
[M::mem_pestat] mean and std.dev: (2886.73, 3947.43)
[M::mem_pestat] low and high boundaries for proper pairs: (1, 32715)
[M::mem_pestat] skip orientation RF
[M::mem_pestat] skip orientation RR
[M::mem_process_seqs] Processed 2816006 reads in 2944.209 CPU sec, 73.878 real sec
[M::mem_pestat] # candidate unique pairs for (FF, FR, RF, RR): (6, 644229, 87, 3)
[M::mem_pestat] skip orientation FF as there are not enough pairs
[M::mem_pestat] analyzing insert size distribution for orientation FR...
[M::mem_pestat] (25, 50, 75) percentile: (189, 245, 325)
[M::mem_pestat] low and high boundaries for computing mean and std.dev: (1, 597)
[M::mem_pestat] mean and std.dev: (261.78, 96.94)
[M::mem_pestat] low and high boundaries for proper pairs: (1, 733)
[M::mem_pestat] analyzing insert size distribution for orientation RF...
[M::mem_pestat] (25, 50, 75) percentile: (171, 1071, 2278)
[M::mem_pestat] low and high boundaries for computing mean and std.dev: (1, 6492)
[M::mem_pestat] mean and std.dev: (1095.63, 1227.93)
[M::mem_pestat] low and high boundaries for proper pairs: (1, 8599)
[M::mem_pestat] skip orientation RR as there are not enough pairs
[M::mem_pestat] skip orientation RF
[M::mem_process_seqs] Processed 2295676 reads in 2446.458 CPU sec, 61.619 real sec
[main] Version: 0.7.17-r1188
[main] CMD: /home/shared/bwa-0.7.17/bwa mem -M -t 40 ../data/bwa-GCF_031168955.1_ASM3116895v1_genomic ../data/trimmed-fastqs-heatwave-genetics/MHW352_trimmed_clipped_R1_paired.fq.gz ../data/trimmed-fastqs-heatwave-genetics/MHW352_trimmed_clipped_R2_paired.fq.gz
[main] Real time: 2449.197 sec; CPU: 96981.570 sec
