[M::bwa_idx_load_from_disk] read 0 ALT contigs
[M::process] read 2789378 sequences (400000173 bp)...
[M::process] read 2788852 sequences (400000010 bp)...
[M::mem_pestat] # candidate unique pairs for (FF, FR, RF, RR): (17, 796046, 100, 18)
[M::mem_pestat] analyzing insert size distribution for orientation FF...
[M::mem_pestat] (25, 50, 75) percentile: (227, 1881, 2547)
[M::mem_pestat] low and high boundaries for computing mean and std.dev: (1, 7187)
[M::mem_pestat] mean and std.dev: (1736.35, 1574.34)
[M::mem_pestat] low and high boundaries for proper pairs: (1, 9507)
[M::mem_pestat] analyzing insert size distribution for orientation FR...
[M::mem_pestat] (25, 50, 75) percentile: (221, 289, 375)
[M::mem_pestat] low and high boundaries for computing mean and std.dev: (1, 683)
[M::mem_pestat] mean and std.dev: (303.36, 111.03)
[M::mem_pestat] low and high boundaries for proper pairs: (1, 837)
[M::mem_pestat] analyzing insert size distribution for orientation RF...
[M::mem_pestat] (25, 50, 75) percentile: (158, 476, 1296)
[M::mem_pestat] low and high boundaries for computing mean and std.dev: (1, 3572)
[M::mem_pestat] mean and std.dev: (606.92, 676.19)
[M::mem_pestat] low and high boundaries for proper pairs: (1, 4710)
[M::mem_pestat] analyzing insert size distribution for orientation RR...
[M::mem_pestat] (25, 50, 75) percentile: (210, 490, 2411)
[M::mem_pestat] low and high boundaries for computing mean and std.dev: (1, 6813)
[M::mem_pestat] mean and std.dev: (1039.00, 1640.23)
[M::mem_pestat] low and high boundaries for proper pairs: (1, 9014)
[M::mem_pestat] skip orientation FF
[M::mem_pestat] skip orientation RF
[M::mem_pestat] skip orientation RR
[M::mem_process_seqs] Processed 2789378 reads in 2479.474 CPU sec, 62.217 real sec
[M::process] read 2782644 sequences (400000288 bp)...
[M::mem_pestat] # candidate unique pairs for (FF, FR, RF, RR): (15, 794498, 128, 18)
[M::mem_pestat] analyzing insert size distribution for orientation FF...
[M::mem_pestat] (25, 50, 75) percentile: (277, 860, 2601)
[M::mem_pestat] low and high boundaries for computing mean and std.dev: (1, 7249)
[M::mem_pestat] mean and std.dev: (1211.87, 1079.03)
[M::mem_pestat] low and high boundaries for proper pairs: (1, 9573)
[M::mem_pestat] analyzing insert size distribution for orientation FR...
[M::mem_pestat] (25, 50, 75) percentile: (228, 297, 381)
[M::mem_pestat] low and high boundaries for computing mean and std.dev: (1, 687)
[M::mem_pestat] mean and std.dev: (310.00, 110.86)
[M::mem_pestat] low and high boundaries for proper pairs: (1, 840)
[M::mem_pestat] analyzing insert size distribution for orientation RF...
[M::mem_pestat] (25, 50, 75) percentile: (223, 497, 2168)
[M::mem_pestat] low and high boundaries for computing mean and std.dev: (1, 6058)
[M::mem_pestat] mean and std.dev: (1162.75, 1466.60)
[M::mem_pestat] low and high boundaries for proper pairs: (1, 8003)
[M::mem_pestat] analyzing insert size distribution for orientation RR...
[M::mem_pestat] (25, 50, 75) percentile: (410, 2051, 4677)
[M::mem_pestat] low and high boundaries for computing mean and std.dev: (1, 13211)
[M::mem_pestat] mean and std.dev: (2831.11, 2864.44)
[M::mem_pestat] low and high boundaries for proper pairs: (1, 17478)
[M::mem_pestat] skip orientation FF
[M::mem_pestat] skip orientation RF
[M::mem_pestat] skip orientation RR
[M::mem_process_seqs] Processed 2788852 reads in 2545.738 CPU sec, 64.078 real sec
[M::process] read 2788040 sequences (400000051 bp)...
[M::mem_pestat] # candidate unique pairs for (FF, FR, RF, RR): (16, 795395, 128, 22)
[M::mem_pestat] analyzing insert size distribution for orientation FF...
[M::mem_pestat] (25, 50, 75) percentile: (930, 1153, 2841)
[M::mem_pestat] low and high boundaries for computing mean and std.dev: (1, 6663)
[M::mem_pestat] mean and std.dev: (1780.88, 1302.67)
[M::mem_pestat] low and high boundaries for proper pairs: (1, 8574)
[M::mem_pestat] analyzing insert size distribution for orientation FR...
[M::mem_pestat] (25, 50, 75) percentile: (224, 293, 377)
[M::mem_pestat] low and high boundaries for computing mean and std.dev: (1, 683)
[M::mem_pestat] mean and std.dev: (305.83, 110.45)
[M::mem_pestat] low and high boundaries for proper pairs: (1, 836)
[M::mem_pestat] analyzing insert size distribution for orientation RF...
[M::mem_pestat] (25, 50, 75) percentile: (175, 415, 2044)
[M::mem_pestat] low and high boundaries for computing mean and std.dev: (1, 5782)
[M::mem_pestat] mean and std.dev: (978.64, 1199.59)
[M::mem_pestat] low and high boundaries for proper pairs: (1, 7651)
[M::mem_pestat] analyzing insert size distribution for orientation RR...
[M::mem_pestat] (25, 50, 75) percentile: (204, 1877, 4170)
[M::mem_pestat] low and high boundaries for computing mean and std.dev: (1, 12102)
[M::mem_pestat] mean and std.dev: (2437.95, 2123.47)
[M::mem_pestat] low and high boundaries for proper pairs: (1, 16068)
[M::mem_pestat] skip orientation FF
[M::mem_pestat] skip orientation RF
[M::mem_pestat] skip orientation RR
[M::mem_process_seqs] Processed 2782644 reads in 2548.325 CPU sec, 64.027 real sec
[M::process] read 2783238 sequences (400000140 bp)...
[M::mem_pestat] # candidate unique pairs for (FF, FR, RF, RR): (25, 796345, 116, 13)
[M::mem_pestat] analyzing insert size distribution for orientation FF...
[M::mem_pestat] (25, 50, 75) percentile: (187, 2053, 5261)
[M::mem_pestat] low and high boundaries for computing mean and std.dev: (1, 15409)
[M::mem_pestat] mean and std.dev: (3320.24, 3377.63)
[M::mem_pestat] low and high boundaries for proper pairs: (1, 20483)
[M::mem_pestat] analyzing insert size distribution for orientation FR...
[M::mem_pestat] (25, 50, 75) percentile: (225, 294, 377)
[M::mem_pestat] low and high boundaries for computing mean and std.dev: (1, 681)
[M::mem_pestat] mean and std.dev: (306.46, 109.98)
[M::mem_pestat] low and high boundaries for proper pairs: (1, 833)
[M::mem_pestat] analyzing insert size distribution for orientation RF...
[M::mem_pestat] (25, 50, 75) percentile: (207, 480, 2451)
[M::mem_pestat] low and high boundaries for computing mean and std.dev: (1, 6939)
[M::mem_pestat] mean and std.dev: (1180.55, 1645.01)
[M::mem_pestat] low and high boundaries for proper pairs: (1, 9183)
[M::mem_pestat] analyzing insert size distribution for orientation RR...
[M::mem_pestat] (25, 50, 75) percentile: (295, 721, 2380)
[M::mem_pestat] low and high boundaries for computing mean and std.dev: (1, 6550)
[M::mem_pestat] mean and std.dev: (1447.77, 1731.88)
[M::mem_pestat] low and high boundaries for proper pairs: (1, 8635)
[M::mem_pestat] skip orientation FF
[M::mem_pestat] skip orientation RF
[M::mem_pestat] skip orientation RR
[M::mem_process_seqs] Processed 2788040 reads in 2582.336 CPU sec, 64.884 real sec
[M::process] read 2785756 sequences (400000015 bp)...
[M::mem_pestat] # candidate unique pairs for (FF, FR, RF, RR): (12, 795800, 95, 20)
[M::mem_pestat] analyzing insert size distribution for orientation FF...
[M::mem_pestat] (25, 50, 75) percentile: (195, 2356, 2721)
[M::mem_pestat] low and high boundaries for computing mean and std.dev: (1, 7773)
[M::mem_pestat] mean and std.dev: (1613.58, 1397.23)
[M::mem_pestat] low and high boundaries for proper pairs: (1, 10299)
[M::mem_pestat] analyzing insert size distribution for orientation FR...
[M::mem_pestat] (25, 50, 75) percentile: (226, 295, 379)
[M::mem_pestat] low and high boundaries for computing mean and std.dev: (1, 685)
[M::mem_pestat] mean and std.dev: (307.98, 110.02)
[M::mem_pestat] low and high boundaries for proper pairs: (1, 838)
[M::mem_pestat] analyzing insert size distribution for orientation RF...
[M::mem_pestat] (25, 50, 75) percentile: (224, 587, 1605)
[M::mem_pestat] low and high boundaries for computing mean and std.dev: (1, 4367)
[M::mem_pestat] mean and std.dev: (816.15, 875.93)
[M::mem_pestat] low and high boundaries for proper pairs: (1, 5748)
[M::mem_pestat] analyzing insert size distribution for orientation RR...
[M::mem_pestat] (25, 50, 75) percentile: (307, 810, 3221)
[M::mem_pestat] low and high boundaries for computing mean and std.dev: (1, 9049)
[M::mem_pestat] mean and std.dev: (1862.20, 2136.05)
[M::mem_pestat] low and high boundaries for proper pairs: (1, 11963)
[M::mem_pestat] skip orientation FF
[M::mem_pestat] skip orientation RF
[M::mem_pestat] skip orientation RR
[M::mem_process_seqs] Processed 2783238 reads in 2572.253 CPU sec, 64.623 real sec
[M::process] read 2780666 sequences (400000124 bp)...
[M::mem_pestat] # candidate unique pairs for (FF, FR, RF, RR): (23, 796263, 103, 29)
[M::mem_pestat] analyzing insert size distribution for orientation FF...
[M::mem_pestat] (25, 50, 75) percentile: (584, 746, 3819)
[M::mem_pestat] low and high boundaries for computing mean and std.dev: (1, 10289)
[M::mem_pestat] mean and std.dev: (2196.57, 2288.47)
[M::mem_pestat] low and high boundaries for proper pairs: (1, 13524)
[M::mem_pestat] analyzing insert size distribution for orientation FR...
[M::mem_pestat] (25, 50, 75) percentile: (223, 291, 375)
[M::mem_pestat] low and high boundaries for computing mean and std.dev: (1, 679)
[M::mem_pestat] mean and std.dev: (304.68, 110.21)
[M::mem_pestat] low and high boundaries for proper pairs: (1, 831)
[M::mem_pestat] analyzing insert size distribution for orientation RF...
[M::mem_pestat] (25, 50, 75) percentile: (217, 874, 2054)
[M::mem_pestat] low and high boundaries for computing mean and std.dev: (1, 5728)
[M::mem_pestat] mean and std.dev: (1064.56, 1099.05)
[M::mem_pestat] low and high boundaries for proper pairs: (1, 7565)
[M::mem_pestat] analyzing insert size distribution for orientation RR...
[M::mem_pestat] (25, 50, 75) percentile: (285, 1365, 3169)
[M::mem_pestat] low and high boundaries for computing mean and std.dev: (1, 8937)
[M::mem_pestat] mean and std.dev: (2047.31, 2319.49)
[M::mem_pestat] low and high boundaries for proper pairs: (1, 11821)
[M::mem_pestat] skip orientation FF
[M::mem_pestat] skip orientation RF
[M::mem_pestat] skip orientation RR
[M::mem_process_seqs] Processed 2785756 reads in 2567.659 CPU sec, 64.542 real sec
[M::process] read 2801220 sequences (400000114 bp)...
[M::mem_pestat] # candidate unique pairs for (FF, FR, RF, RR): (19, 795695, 139, 18)
[M::mem_pestat] analyzing insert size distribution for orientation FF...
[M::mem_pestat] (25, 50, 75) percentile: (290, 401, 4099)
[M::mem_pestat] low and high boundaries for computing mean and std.dev: (1, 11717)
[M::mem_pestat] mean and std.dev: (1683.95, 1771.29)
[M::mem_pestat] low and high boundaries for proper pairs: (1, 15526)
[M::mem_pestat] analyzing insert size distribution for orientation FR...
[M::mem_pestat] (25, 50, 75) percentile: (229, 298, 381)
[M::mem_pestat] low and high boundaries for computing mean and std.dev: (1, 685)
[M::mem_pestat] mean and std.dev: (310.42, 110.05)
[M::mem_pestat] low and high boundaries for proper pairs: (1, 837)
[M::mem_pestat] analyzing insert size distribution for orientation RF...
[M::mem_pestat] (25, 50, 75) percentile: (193, 618, 2951)
[M::mem_pestat] low and high boundaries for computing mean and std.dev: (1, 8467)
[M::mem_pestat] mean and std.dev: (1736.41, 2176.90)
[M::mem_pestat] low and high boundaries for proper pairs: (1, 11225)
[M::mem_pestat] analyzing insert size distribution for orientation RR...
[M::mem_pestat] (25, 50, 75) percentile: (1679, 2297, 2691)
[M::mem_pestat] low and high boundaries for computing mean and std.dev: (1, 4715)
[M::mem_pestat] mean and std.dev: (1974.50, 993.38)
[M::mem_pestat] low and high boundaries for proper pairs: (1, 5948)
[M::mem_pestat] skip orientation FF
[M::mem_pestat] skip orientation RF
[M::mem_pestat] skip orientation RR
[M::mem_process_seqs] Processed 2780666 reads in 2574.142 CPU sec, 65.129 real sec
[M::process] read 2807722 sequences (400000001 bp)...
[M::mem_pestat] # candidate unique pairs for (FF, FR, RF, RR): (19, 794339, 114, 22)
[M::mem_pestat] analyzing insert size distribution for orientation FF...
[M::mem_pestat] (25, 50, 75) percentile: (871, 1535, 2627)
[M::mem_pestat] low and high boundaries for computing mean and std.dev: (1, 6139)
[M::mem_pestat] mean and std.dev: (2116.63, 1886.64)
[M::mem_pestat] low and high boundaries for proper pairs: (1, 9663)
[M::mem_pestat] analyzing insert size distribution for orientation FR...
[M::mem_pestat] (25, 50, 75) percentile: (227, 297, 381)
[M::mem_pestat] low and high boundaries for computing mean and std.dev: (1, 689)
[M::mem_pestat] mean and std.dev: (309.42, 110.84)
[M::mem_pestat] low and high boundaries for proper pairs: (1, 843)
[M::mem_pestat] analyzing insert size distribution for orientation RF...
[M::mem_pestat] (25, 50, 75) percentile: (173, 223, 1119)
[M::mem_pestat] low and high boundaries for computing mean and std.dev: (1, 3011)
[M::mem_pestat] mean and std.dev: (557.14, 660.42)
[M::mem_pestat] low and high boundaries for proper pairs: (1, 3957)
[M::mem_pestat] analyzing insert size distribution for orientation RR...
[M::mem_pestat] (25, 50, 75) percentile: (191, 803, 4396)
[M::mem_pestat] low and high boundaries for computing mean and std.dev: (1, 12806)
[M::mem_pestat] mean and std.dev: (1966.95, 2127.52)
[M::mem_pestat] low and high boundaries for proper pairs: (1, 17011)
[M::mem_pestat] skip orientation FF
[M::mem_pestat] skip orientation RF
[M::mem_pestat] skip orientation RR
[M::mem_process_seqs] Processed 2801220 reads in 2602.552 CPU sec, 65.201 real sec
[M::process] read 2810432 sequences (400000224 bp)...
[M::mem_pestat] # candidate unique pairs for (FF, FR, RF, RR): (6, 793282, 141, 22)
[M::mem_pestat] skip orientation FF as there are not enough pairs
[M::mem_pestat] analyzing insert size distribution for orientation FR...
[M::mem_pestat] (25, 50, 75) percentile: (228, 299, 385)
[M::mem_pestat] low and high boundaries for computing mean and std.dev: (1, 699)
[M::mem_pestat] mean and std.dev: (312.16, 112.52)
[M::mem_pestat] low and high boundaries for proper pairs: (1, 856)
[M::mem_pestat] analyzing insert size distribution for orientation RF...
[M::mem_pestat] (25, 50, 75) percentile: (157, 349, 1987)
[M::mem_pestat] low and high boundaries for computing mean and std.dev: (1, 5647)
[M::mem_pestat] mean and std.dev: (1016.76, 1372.82)
[M::mem_pestat] low and high boundaries for proper pairs: (1, 7477)
[M::mem_pestat] analyzing insert size distribution for orientation RR...
[M::mem_pestat] (25, 50, 75) percentile: (2042, 3972, 4155)
[M::mem_pestat] low and high boundaries for computing mean and std.dev: (1, 8381)
[M::mem_pestat] mean and std.dev: (2862.18, 1581.30)
[M::mem_pestat] low and high boundaries for proper pairs: (1, 10494)
[M::mem_pestat] skip orientation RF
[M::mem_pestat] skip orientation RR
[M::mem_process_seqs] Processed 2807722 reads in 2603.299 CPU sec, 65.610 real sec
[M::process] read 2800466 sequences (400000262 bp)...
[M::mem_pestat] # candidate unique pairs for (FF, FR, RF, RR): (14, 794823, 142, 23)
[M::mem_pestat] analyzing insert size distribution for orientation FF...
[M::mem_pestat] (25, 50, 75) percentile: (300, 2218, 2439)
[M::mem_pestat] low and high boundaries for computing mean and std.dev: (1, 6717)
[M::mem_pestat] mean and std.dev: (1719.57, 1430.22)
[M::mem_pestat] low and high boundaries for proper pairs: (1, 8856)
[M::mem_pestat] analyzing insert size distribution for orientation FR...
[M::mem_pestat] (25, 50, 75) percentile: (226, 297, 381)
[M::mem_pestat] low and high boundaries for computing mean and std.dev: (1, 691)
[M::mem_pestat] mean and std.dev: (309.26, 111.34)
[M::mem_pestat] low and high boundaries for proper pairs: (1, 846)
[M::mem_pestat] analyzing insert size distribution for orientation RF...
[M::mem_pestat] (25, 50, 75) percentile: (223, 955, 2422)
[M::mem_pestat] low and high boundaries for computing mean and std.dev: (1, 6820)
[M::mem_pestat] mean and std.dev: (1294.57, 1469.48)
[M::mem_pestat] low and high boundaries for proper pairs: (1, 9019)
[M::mem_pestat] analyzing insert size distribution for orientation RR...
[M::mem_pestat] (25, 50, 75) percentile: (417, 503, 5137)
[M::mem_pestat] low and high boundaries for computing mean and std.dev: (1, 14577)
[M::mem_pestat] mean and std.dev: (3129.91, 3394.67)
[M::mem_pestat] low and high boundaries for proper pairs: (1, 19297)
[M::mem_pestat] skip orientation FF
[M::mem_pestat] skip orientation RF
[M::mem_pestat] skip orientation RR
[M::mem_process_seqs] Processed 2810432 reads in 2630.124 CPU sec, 66.029 real sec
[M::process] read 2809504 sequences (400000121 bp)...
[M::mem_pestat] # candidate unique pairs for (FF, FR, RF, RR): (19, 795881, 101, 15)
[M::mem_pestat] analyzing insert size distribution for orientation FF...
[M::mem_pestat] (25, 50, 75) percentile: (1750, 2947, 7286)
[M::mem_pestat] low and high boundaries for computing mean and std.dev: (1, 18358)
[M::mem_pestat] mean and std.dev: (3585.84, 2840.03)
[M::mem_pestat] low and high boundaries for proper pairs: (1, 23894)
[M::mem_pestat] analyzing insert size distribution for orientation FR...
[M::mem_pestat] (25, 50, 75) percentile: (229, 301, 387)
[M::mem_pestat] low and high boundaries for computing mean and std.dev: (1, 703)
[M::mem_pestat] mean and std.dev: (314.07, 113.40)
[M::mem_pestat] low and high boundaries for proper pairs: (1, 861)
[M::mem_pestat] analyzing insert size distribution for orientation RF...
[M::mem_pestat] (25, 50, 75) percentile: (223, 1054, 2117)
[M::mem_pestat] low and high boundaries for computing mean and std.dev: (1, 5905)
[M::mem_pestat] mean and std.dev: (1161.14, 1219.48)
[M::mem_pestat] low and high boundaries for proper pairs: (1, 7799)
[M::mem_pestat] analyzing insert size distribution for orientation RR...
[M::mem_pestat] (25, 50, 75) percentile: (865, 1519, 5156)
[M::mem_pestat] low and high boundaries for computing mean and std.dev: (1, 13738)
[M::mem_pestat] mean and std.dev: (2879.47, 2483.44)
[M::mem_pestat] low and high boundaries for proper pairs: (1, 18029)
[M::mem_pestat] skip orientation FF
[M::mem_pestat] skip orientation RF
[M::mem_pestat] skip orientation RR
[M::mem_process_seqs] Processed 2800466 reads in 2609.016 CPU sec, 65.324 real sec
[M::process] read 2809896 sequences (400000210 bp)...
[M::mem_pestat] # candidate unique pairs for (FF, FR, RF, RR): (16, 793708, 155, 23)
[M::mem_pestat] analyzing insert size distribution for orientation FF...
[M::mem_pestat] (25, 50, 75) percentile: (387, 2336, 3718)
[M::mem_pestat] low and high boundaries for computing mean and std.dev: (1, 10380)
[M::mem_pestat] mean and std.dev: (2444.38, 2481.11)
[M::mem_pestat] low and high boundaries for proper pairs: (1, 13711)
[M::mem_pestat] analyzing insert size distribution for orientation FR...
[M::mem_pestat] (25, 50, 75) percentile: (225, 295, 379)
[M::mem_pestat] low and high boundaries for computing mean and std.dev: (1, 687)
[M::mem_pestat] mean and std.dev: (307.71, 110.61)
[M::mem_pestat] low and high boundaries for proper pairs: (1, 841)
[M::mem_pestat] analyzing insert size distribution for orientation RF...
[M::mem_pestat] (25, 50, 75) percentile: (223, 847, 2534)
[M::mem_pestat] low and high boundaries for computing mean and std.dev: (1, 7156)
[M::mem_pestat] mean and std.dev: (1588.69, 1920.48)
[M::mem_pestat] low and high boundaries for proper pairs: (1, 9467)
[M::mem_pestat] analyzing insert size distribution for orientation RR...
[M::mem_pestat] (25, 50, 75) percentile: (193, 251, 1474)
[M::mem_pestat] low and high boundaries for computing mean and std.dev: (1, 4036)
[M::mem_pestat] mean and std.dev: (782.50, 1119.34)
[M::mem_pestat] low and high boundaries for proper pairs: (1, 5317)
[M::mem_pestat] skip orientation FF
[M::mem_pestat] skip orientation RF
[M::mem_pestat] skip orientation RR
[M::mem_process_seqs] Processed 2809504 reads in 2593.640 CPU sec, 65.387 real sec
[M::process] read 2803676 sequences (400000258 bp)...
[M::mem_pestat] # candidate unique pairs for (FF, FR, RF, RR): (24, 797032, 113, 17)
[M::mem_pestat] analyzing insert size distribution for orientation FF...
[M::mem_pestat] (25, 50, 75) percentile: (377, 1541, 4179)
[M::mem_pestat] low and high boundaries for computing mean and std.dev: (1, 11783)
[M::mem_pestat] mean and std.dev: (2340.54, 2604.65)
[M::mem_pestat] low and high boundaries for proper pairs: (1, 15585)
[M::mem_pestat] analyzing insert size distribution for orientation FR...
[M::mem_pestat] (25, 50, 75) percentile: (228, 299, 385)
[M::mem_pestat] low and high boundaries for computing mean and std.dev: (1, 699)
[M::mem_pestat] mean and std.dev: (312.51, 112.82)
[M::mem_pestat] low and high boundaries for proper pairs: (1, 856)
[M::mem_pestat] analyzing insert size distribution for orientation RF...
[M::mem_pestat] (25, 50, 75) percentile: (192, 611, 2382)
[M::mem_pestat] low and high boundaries for computing mean and std.dev: (1, 6762)
[M::mem_pestat] mean and std.dev: (1423.17, 1837.59)
[M::mem_pestat] low and high boundaries for proper pairs: (1, 8952)
[M::mem_pestat] analyzing insert size distribution for orientation RR...
[M::mem_pestat] (25, 50, 75) percentile: (1004, 1939, 2892)
[M::mem_pestat] low and high boundaries for computing mean and std.dev: (1, 6668)
[M::mem_pestat] mean and std.dev: (1978.18, 1022.64)
[M::mem_pestat] low and high boundaries for proper pairs: (1, 8556)
[M::mem_pestat] skip orientation FF
[M::mem_pestat] skip orientation RF
[M::mem_pestat] skip orientation RR
[M::mem_process_seqs] Processed 2809896 reads in 2574.947 CPU sec, 64.682 real sec
[M::process] read 2790410 sequences (400000108 bp)...
[M::mem_pestat] # candidate unique pairs for (FF, FR, RF, RR): (14, 794569, 158, 16)
[M::mem_pestat] analyzing insert size distribution for orientation FF...
[M::mem_pestat] (25, 50, 75) percentile: (307, 2608, 3855)
[M::mem_pestat] low and high boundaries for computing mean and std.dev: (1, 10951)
[M::mem_pestat] mean and std.dev: (1880.36, 1633.70)
[M::mem_pestat] low and high boundaries for proper pairs: (1, 14499)
[M::mem_pestat] analyzing insert size distribution for orientation FR...
[M::mem_pestat] (25, 50, 75) percentile: (225, 295, 380)
[M::mem_pestat] low and high boundaries for computing mean and std.dev: (1, 690)
[M::mem_pestat] mean and std.dev: (308.32, 111.35)
[M::mem_pestat] low and high boundaries for proper pairs: (1, 845)
[M::mem_pestat] analyzing insert size distribution for orientation RF...
[M::mem_pestat] (25, 50, 75) percentile: (172, 460, 2446)
[M::mem_pestat] low and high boundaries for computing mean and std.dev: (1, 6994)
[M::mem_pestat] mean and std.dev: (1162.74, 1557.45)
[M::mem_pestat] low and high boundaries for proper pairs: (1, 9268)
[M::mem_pestat] analyzing insert size distribution for orientation RR...
[M::mem_pestat] (25, 50, 75) percentile: (197, 1057, 2368)
[M::mem_pestat] low and high boundaries for computing mean and std.dev: (1, 6710)
[M::mem_pestat] mean and std.dev: (1107.27, 991.85)
[M::mem_pestat] low and high boundaries for proper pairs: (1, 8881)
[M::mem_pestat] skip orientation FF
[M::mem_pestat] skip orientation RF
[M::mem_pestat] skip orientation RR
[M::mem_process_seqs] Processed 2803676 reads in 2558.329 CPU sec, 64.159 real sec
[M::process] read 2783374 sequences (400000236 bp)...
[M::mem_pestat] # candidate unique pairs for (FF, FR, RF, RR): (12, 794508, 111, 11)
[M::mem_pestat] analyzing insert size distribution for orientation FF...
[M::mem_pestat] (25, 50, 75) percentile: (166, 1909, 2460)
[M::mem_pestat] low and high boundaries for computing mean and std.dev: (1, 7048)
[M::mem_pestat] mean and std.dev: (1336.92, 984.08)
[M::mem_pestat] low and high boundaries for proper pairs: (1, 9342)
[M::mem_pestat] analyzing insert size distribution for orientation FR...
[M::mem_pestat] (25, 50, 75) percentile: (227, 298, 384)
[M::mem_pestat] low and high boundaries for computing mean and std.dev: (1, 698)
[M::mem_pestat] mean and std.dev: (310.85, 112.62)
[M::mem_pestat] low and high boundaries for proper pairs: (1, 855)
[M::mem_pestat] analyzing insert size distribution for orientation RF...
[M::mem_pestat] (25, 50, 75) percentile: (151, 225, 2014)
[M::mem_pestat] low and high boundaries for computing mean and std.dev: (1, 5740)
[M::mem_pestat] mean and std.dev: (1015.83, 1382.66)
[M::mem_pestat] low and high boundaries for proper pairs: (1, 7603)
[M::mem_pestat] analyzing insert size distribution for orientation RR...
[M::mem_pestat] (25, 50, 75) percentile: (232, 757, 2552)
[M::mem_pestat] low and high boundaries for computing mean and std.dev: (1, 7192)
[M::mem_pestat] mean and std.dev: (1451.09, 1456.17)
[M::mem_pestat] low and high boundaries for proper pairs: (1, 9512)
[M::mem_pestat] skip orientation FF
[M::mem_pestat] skip orientation RF
[M::mem_pestat] skip orientation RR
[M::mem_process_seqs] Processed 2790410 reads in 2521.257 CPU sec, 63.065 real sec
[M::process] read 2781722 sequences (400000141 bp)...
[M::mem_pestat] # candidate unique pairs for (FF, FR, RF, RR): (10, 794847, 132, 12)
[M::mem_pestat] analyzing insert size distribution for orientation FF...
[M::mem_pestat] (25, 50, 75) percentile: (168, 181, 1692)
[M::mem_pestat] low and high boundaries for computing mean and std.dev: (1, 4740)
[M::mem_pestat] mean and std.dev: (762.80, 979.44)
[M::mem_pestat] low and high boundaries for proper pairs: (1, 6264)
[M::mem_pestat] analyzing insert size distribution for orientation FR...
[M::mem_pestat] (25, 50, 75) percentile: (226, 294, 378)
[M::mem_pestat] low and high boundaries for computing mean and std.dev: (1, 682)
[M::mem_pestat] mean and std.dev: (307.17, 109.57)
[M::mem_pestat] low and high boundaries for proper pairs: (1, 834)
[M::mem_pestat] analyzing insert size distribution for orientation RF...
[M::mem_pestat] (25, 50, 75) percentile: (223, 909, 3400)
[M::mem_pestat] low and high boundaries for computing mean and std.dev: (1, 9754)
[M::mem_pestat] mean and std.dev: (2087.10, 2639.72)
[M::mem_pestat] low and high boundaries for proper pairs: (1, 12931)
[M::mem_pestat] analyzing insert size distribution for orientation RR...
[M::mem_pestat] (25, 50, 75) percentile: (405, 1701, 2911)
[M::mem_pestat] low and high boundaries for computing mean and std.dev: (1, 7923)
[M::mem_pestat] mean and std.dev: (1725.92, 1881.98)
[M::mem_pestat] low and high boundaries for proper pairs: (1, 10429)
[M::mem_pestat] skip orientation FF
[M::mem_pestat] skip orientation RF
[M::mem_pestat] skip orientation RR
[M::mem_process_seqs] Processed 2783374 reads in 2501.343 CPU sec, 62.751 real sec
[M::process] read 2781532 sequences (400000193 bp)...
[M::mem_pestat] # candidate unique pairs for (FF, FR, RF, RR): (16, 796021, 114, 6)
[M::mem_pestat] analyzing insert size distribution for orientation FF...
[M::mem_pestat] (25, 50, 75) percentile: (676, 2013, 3528)
[M::mem_pestat] low and high boundaries for computing mean and std.dev: (1, 9232)
[M::mem_pestat] mean and std.dev: (2063.75, 1549.67)
[M::mem_pestat] low and high boundaries for proper pairs: (1, 12084)
[M::mem_pestat] analyzing insert size distribution for orientation FR...
[M::mem_pestat] (25, 50, 75) percentile: (225, 295, 379)
[M::mem_pestat] low and high boundaries for computing mean and std.dev: (1, 687)
[M::mem_pestat] mean and std.dev: (307.74, 110.95)
[M::mem_pestat] low and high boundaries for proper pairs: (1, 841)
[M::mem_pestat] analyzing insert size distribution for orientation RF...
[M::mem_pestat] (25, 50, 75) percentile: (231, 1051, 2420)
[M::mem_pestat] low and high boundaries for computing mean and std.dev: (1, 6798)
[M::mem_pestat] mean and std.dev: (1361.03, 1648.08)
[M::mem_pestat] low and high boundaries for proper pairs: (1, 8987)
[M::mem_pestat] skip orientation RR as there are not enough pairs
[M::mem_pestat] skip orientation FF
[M::mem_pestat] skip orientation RF
[M::mem_process_seqs] Processed 2781722 reads in 2498.371 CPU sec, 62.745 real sec
[M::mem_pestat] # candidate unique pairs for (FF, FR, RF, RR): (32, 796012, 134, 18)
[M::mem_pestat] analyzing insert size distribution for orientation FF...
[M::mem_pestat] (25, 50, 75) percentile: (606, 1824, 7183)
[M::mem_pestat] low and high boundaries for computing mean and std.dev: (1, 20337)
[M::mem_pestat] mean and std.dev: (3180.41, 3447.22)
[M::mem_pestat] low and high boundaries for proper pairs: (1, 26914)
[M::mem_pestat] analyzing insert size distribution for orientation FR...
[M::mem_pestat] (25, 50, 75) percentile: (228, 296, 379)
[M::mem_pestat] low and high boundaries for computing mean and std.dev: (1, 681)
[M::mem_pestat] mean and std.dev: (308.85, 109.67)
[M::mem_pestat] low and high boundaries for proper pairs: (1, 832)
[M::mem_pestat] analyzing insert size distribution for orientation RF...
[M::mem_pestat] (25, 50, 75) percentile: (223, 846, 2540)
[M::mem_pestat] low and high boundaries for computing mean and std.dev: (1, 7174)
[M::mem_pestat] mean and std.dev: (1533.53, 1972.67)
[M::mem_pestat] low and high boundaries for proper pairs: (1, 9491)
[M::mem_pestat] analyzing insert size distribution for orientation RR...
[M::mem_pestat] (25, 50, 75) percentile: (428, 1332, 2786)
[M::mem_pestat] low and high boundaries for computing mean and std.dev: (1, 7502)
[M::mem_pestat] mean and std.dev: (1240.53, 1092.47)
[M::mem_pestat] low and high boundaries for proper pairs: (1, 9860)
[M::mem_pestat] skip orientation FF
[M::mem_pestat] skip orientation RF
[M::mem_pestat] skip orientation RR
[M::process] read 2783292 sequences (400000200 bp)...
[M::mem_process_seqs] Processed 2781532 reads in 2748.402 CPU sec, 74.582 real sec
[M::process] read 2782126 sequences (400000236 bp)...
[M::mem_pestat] # candidate unique pairs for (FF, FR, RF, RR): (20, 795463, 119, 20)
[M::mem_pestat] analyzing insert size distribution for orientation FF...
[M::mem_pestat] (25, 50, 75) percentile: (804, 1216, 3854)
[M::mem_pestat] low and high boundaries for computing mean and std.dev: (1, 9954)
[M::mem_pestat] mean and std.dev: (2545.00, 2464.78)
[M::mem_pestat] low and high boundaries for proper pairs: (1, 13004)
[M::mem_pestat] analyzing insert size distribution for orientation FR...
[M::mem_pestat] (25, 50, 75) percentile: (226, 296, 380)
[M::mem_pestat] low and high boundaries for computing mean and std.dev: (1, 688)
[M::mem_pestat] mean and std.dev: (308.45, 110.75)
[M::mem_pestat] low and high boundaries for proper pairs: (1, 842)
[M::mem_pestat] analyzing insert size distribution for orientation RF...
[M::mem_pestat] (25, 50, 75) percentile: (158, 611, 3015)
[M::mem_pestat] low and high boundaries for computing mean and std.dev: (1, 8729)
[M::mem_pestat] mean and std.dev: (1551.34, 2092.35)
[M::mem_pestat] low and high boundaries for proper pairs: (1, 11586)
[M::mem_pestat] analyzing insert size distribution for orientation RR...
[M::mem_pestat] (25, 50, 75) percentile: (261, 1660, 2129)
[M::mem_pestat] low and high boundaries for computing mean and std.dev: (1, 5865)
[M::mem_pestat] mean and std.dev: (1238.47, 1056.56)
[M::mem_pestat] low and high boundaries for proper pairs: (1, 7733)
[M::mem_pestat] skip orientation FF
[M::mem_pestat] skip orientation RF
[M::mem_pestat] skip orientation RR
[M::mem_process_seqs] Processed 2783292 reads in 2508.737 CPU sec, 63.087 real sec
[M::process] read 2773656 sequences (400000206 bp)...
[M::mem_pestat] # candidate unique pairs for (FF, FR, RF, RR): (20, 795745, 121, 20)
[M::mem_pestat] analyzing insert size distribution for orientation FF...
[M::mem_pestat] (25, 50, 75) percentile: (214, 797, 2877)
[M::mem_pestat] low and high boundaries for computing mean and std.dev: (1, 8203)
[M::mem_pestat] mean and std.dev: (1487.70, 1560.22)
[M::mem_pestat] low and high boundaries for proper pairs: (1, 10866)
[M::mem_pestat] analyzing insert size distribution for orientation FR...
[M::mem_pestat] (25, 50, 75) percentile: (229, 298, 381)
[M::mem_pestat] low and high boundaries for computing mean and std.dev: (1, 685)
[M::mem_pestat] mean and std.dev: (310.51, 110.21)
[M::mem_pestat] low and high boundaries for proper pairs: (1, 837)
[M::mem_pestat] analyzing insert size distribution for orientation RF...
[M::mem_pestat] (25, 50, 75) percentile: (175, 398, 1679)
[M::mem_pestat] low and high boundaries for computing mean and std.dev: (1, 4687)
[M::mem_pestat] mean and std.dev: (877.67, 1138.07)
[M::mem_pestat] low and high boundaries for proper pairs: (1, 6191)
[M::mem_pestat] analyzing insert size distribution for orientation RR...
[M::mem_pestat] (25, 50, 75) percentile: (231, 409, 600)
[M::mem_pestat] low and high boundaries for computing mean and std.dev: (1, 1338)
[M::mem_pestat] mean and std.dev: (337.81, 157.97)
[M::mem_pestat] low and high boundaries for proper pairs: (1, 1707)
[M::mem_pestat] skip orientation FF
[M::mem_pestat] skip orientation RF
[M::mem_pestat] skip orientation RR
[M::mem_process_seqs] Processed 2782126 reads in 2479.222 CPU sec, 62.169 real sec
[M::process] read 2782632 sequences (400000057 bp)...
[M::mem_pestat] # candidate unique pairs for (FF, FR, RF, RR): (6, 794183, 102, 13)
[M::mem_pestat] skip orientation FF as there are not enough pairs
[M::mem_pestat] analyzing insert size distribution for orientation FR...
[M::mem_pestat] (25, 50, 75) percentile: (226, 296, 381)
[M::mem_pestat] low and high boundaries for computing mean and std.dev: (1, 691)
[M::mem_pestat] mean and std.dev: (308.93, 111.67)
[M::mem_pestat] low and high boundaries for proper pairs: (1, 846)
[M::mem_pestat] analyzing insert size distribution for orientation RF...
[M::mem_pestat] (25, 50, 75) percentile: (160, 502, 1999)
[M::mem_pestat] low and high boundaries for computing mean and std.dev: (1, 5677)
[M::mem_pestat] mean and std.dev: (962.11, 1248.09)
[M::mem_pestat] low and high boundaries for proper pairs: (1, 7516)
[M::mem_pestat] analyzing insert size distribution for orientation RR...
[M::mem_pestat] (25, 50, 75) percentile: (404, 742, 1671)
[M::mem_pestat] low and high boundaries for computing mean and std.dev: (1, 4205)
[M::mem_pestat] mean and std.dev: (717.17, 489.38)
[M::mem_pestat] low and high boundaries for proper pairs: (1, 5472)
[M::mem_pestat] skip orientation RF
[M::mem_pestat] skip orientation RR
[M::mem_process_seqs] Processed 2773656 reads in 2515.458 CPU sec, 63.065 real sec
[M::process] read 2807056 sequences (400000228 bp)...
[M::mem_pestat] # candidate unique pairs for (FF, FR, RF, RR): (15, 796754, 133, 23)
[M::mem_pestat] analyzing insert size distribution for orientation FF...
[M::mem_pestat] (25, 50, 75) percentile: (2306, 2585, 3313)
[M::mem_pestat] low and high boundaries for computing mean and std.dev: (292, 5327)
[M::mem_pestat] mean and std.dev: (2801.25, 934.25)
[M::mem_pestat] low and high boundaries for proper pairs: (1, 6538)
[M::mem_pestat] analyzing insert size distribution for orientation FR...
[M::mem_pestat] (25, 50, 75) percentile: (228, 298, 381)
[M::mem_pestat] low and high boundaries for computing mean and std.dev: (1, 687)
[M::mem_pestat] mean and std.dev: (310.21, 110.50)
[M::mem_pestat] low and high boundaries for proper pairs: (1, 840)
[M::mem_pestat] analyzing insert size distribution for orientation RF...
[M::mem_pestat] (25, 50, 75) percentile: (174, 747, 2298)
[M::mem_pestat] low and high boundaries for computing mean and std.dev: (1, 6546)
[M::mem_pestat] mean and std.dev: (1102.01, 1295.52)
[M::mem_pestat] low and high boundaries for proper pairs: (1, 8670)
[M::mem_pestat] analyzing insert size distribution for orientation RR...
[M::mem_pestat] (25, 50, 75) percentile: (242, 444, 1191)
[M::mem_pestat] low and high boundaries for computing mean and std.dev: (1, 3089)
[M::mem_pestat] mean and std.dev: (633.15, 667.42)
[M::mem_pestat] low and high boundaries for proper pairs: (1, 4038)
[M::mem_pestat] skip orientation FF
[M::mem_pestat] skip orientation RF
[M::mem_pestat] skip orientation RR
[M::mem_process_seqs] Processed 2782632 reads in 2492.229 CPU sec, 62.555 real sec
[M::process] read 2807998 sequences (400000018 bp)...
[M::mem_pestat] # candidate unique pairs for (FF, FR, RF, RR): (13, 794215, 123, 17)
[M::mem_pestat] analyzing insert size distribution for orientation FF...
[M::mem_pestat] (25, 50, 75) percentile: (589, 594, 1483)
[M::mem_pestat] low and high boundaries for computing mean and std.dev: (1, 3271)
[M::mem_pestat] mean and std.dev: (820.92, 616.33)
[M::mem_pestat] low and high boundaries for proper pairs: (1, 4165)
[M::mem_pestat] analyzing insert size distribution for orientation FR...
[M::mem_pestat] (25, 50, 75) percentile: (227, 297, 382)
[M::mem_pestat] low and high boundaries for computing mean and std.dev: (1, 692)
[M::mem_pestat] mean and std.dev: (309.94, 111.62)
[M::mem_pestat] low and high boundaries for proper pairs: (1, 847)
[M::mem_pestat] analyzing insert size distribution for orientation RF...
[M::mem_pestat] (25, 50, 75) percentile: (223, 458, 2332)
[M::mem_pestat] low and high boundaries for computing mean and std.dev: (1, 6550)
[M::mem_pestat] mean and std.dev: (1244.32, 1555.86)
[M::mem_pestat] low and high boundaries for proper pairs: (1, 8659)
[M::mem_pestat] analyzing insert size distribution for orientation RR...
[M::mem_pestat] (25, 50, 75) percentile: (284, 672, 2563)
[M::mem_pestat] low and high boundaries for computing mean and std.dev: (1, 7121)
[M::mem_pestat] mean and std.dev: (1346.19, 1386.17)
[M::mem_pestat] low and high boundaries for proper pairs: (1, 9400)
[M::mem_pestat] skip orientation FF
[M::mem_pestat] skip orientation RF
[M::mem_pestat] skip orientation RR
[M::mem_process_seqs] Processed 2807056 reads in 2528.957 CPU sec, 63.419 real sec
[M::process] read 2804074 sequences (400000012 bp)...
[M::mem_pestat] # candidate unique pairs for (FF, FR, RF, RR): (25, 794937, 122, 22)
[M::mem_pestat] analyzing insert size distribution for orientation FF...
[M::mem_pestat] (25, 50, 75) percentile: (792, 2418, 4872)
[M::mem_pestat] low and high boundaries for computing mean and std.dev: (1, 13032)
[M::mem_pestat] mean and std.dev: (2647.60, 2117.19)
[M::mem_pestat] low and high boundaries for proper pairs: (1, 17112)
[M::mem_pestat] analyzing insert size distribution for orientation FR...
[M::mem_pestat] (25, 50, 75) percentile: (228, 299, 384)
[M::mem_pestat] low and high boundaries for computing mean and std.dev: (1, 696)
[M::mem_pestat] mean and std.dev: (311.57, 112.02)
[M::mem_pestat] low and high boundaries for proper pairs: (1, 852)
[M::mem_pestat] analyzing insert size distribution for orientation RF...
[M::mem_pestat] (25, 50, 75) percentile: (170, 275, 1564)
[M::mem_pestat] low and high boundaries for computing mean and std.dev: (1, 4352)
[M::mem_pestat] mean and std.dev: (716.58, 948.45)
[M::mem_pestat] low and high boundaries for proper pairs: (1, 5746)
[M::mem_pestat] analyzing insert size distribution for orientation RR...
[M::mem_pestat] (25, 50, 75) percentile: (329, 640, 2480)
[M::mem_pestat] low and high boundaries for computing mean and std.dev: (1, 6782)
[M::mem_pestat] mean and std.dev: (1736.18, 1938.20)
[M::mem_pestat] low and high boundaries for proper pairs: (1, 9489)
[M::mem_pestat] skip orientation FF
[M::mem_pestat] skip orientation RF
[M::mem_pestat] skip orientation RR
[M::mem_process_seqs] Processed 2807998 reads in 2531.679 CPU sec, 63.575 real sec
[M::process] read 2804400 sequences (400000125 bp)...
[M::mem_pestat] # candidate unique pairs for (FF, FR, RF, RR): (17, 794739, 114, 18)
[M::mem_pestat] analyzing insert size distribution for orientation FF...
[M::mem_pestat] (25, 50, 75) percentile: (200, 344, 1949)
[M::mem_pestat] low and high boundaries for computing mean and std.dev: (1, 5447)
[M::mem_pestat] mean and std.dev: (698.20, 686.97)
[M::mem_pestat] low and high boundaries for proper pairs: (1, 7196)
[M::mem_pestat] analyzing insert size distribution for orientation FR...
[M::mem_pestat] (25, 50, 75) percentile: (227, 298, 382)
[M::mem_pestat] low and high boundaries for computing mean and std.dev: (1, 692)
[M::mem_pestat] mean and std.dev: (310.23, 111.70)
[M::mem_pestat] low and high boundaries for proper pairs: (1, 847)
[M::mem_pestat] analyzing insert size distribution for orientation RF...
[M::mem_pestat] (25, 50, 75) percentile: (128, 225, 1469)
[M::mem_pestat] low and high boundaries for computing mean and std.dev: (1, 4151)
[M::mem_pestat] mean and std.dev: (538.51, 689.01)
[M::mem_pestat] low and high boundaries for proper pairs: (1, 5492)
[M::mem_pestat] analyzing insert size distribution for orientation RR...
[M::mem_pestat] (25, 50, 75) percentile: (201, 703, 2286)
[M::mem_pestat] low and high boundaries for computing mean and std.dev: (1, 6456)
[M::mem_pestat] mean and std.dev: (1155.56, 1213.62)
[M::mem_pestat] low and high boundaries for proper pairs: (1, 8541)
[M::mem_pestat] skip orientation FF
[M::mem_pestat] skip orientation RF
[M::mem_pestat] skip orientation RR
[M::mem_process_seqs] Processed 2804074 reads in 2528.532 CPU sec, 63.416 real sec
[M::process] read 2809266 sequences (400000120 bp)...
[M::mem_pestat] # candidate unique pairs for (FF, FR, RF, RR): (27, 795205, 111, 29)
[M::mem_pestat] analyzing insert size distribution for orientation FF...
[M::mem_pestat] (25, 50, 75) percentile: (297, 666, 2057)
[M::mem_pestat] low and high boundaries for computing mean and std.dev: (1, 5577)
[M::mem_pestat] mean and std.dev: (1243.42, 1353.12)
[M::mem_pestat] low and high boundaries for proper pairs: (1, 7337)
[M::mem_pestat] analyzing insert size distribution for orientation FR...
[M::mem_pestat] (25, 50, 75) percentile: (229, 300, 385)
[M::mem_pestat] low and high boundaries for computing mean and std.dev: (1, 697)
[M::mem_pestat] mean and std.dev: (312.54, 112.55)
[M::mem_pestat] low and high boundaries for proper pairs: (1, 853)
[M::mem_pestat] analyzing insert size distribution for orientation RF...
[M::mem_pestat] (25, 50, 75) percentile: (167, 471, 1718)
[M::mem_pestat] low and high boundaries for computing mean and std.dev: (1, 4820)
[M::mem_pestat] mean and std.dev: (938.60, 1065.63)
[M::mem_pestat] low and high boundaries for proper pairs: (1, 6371)
[M::mem_pestat] analyzing insert size distribution for orientation RR...
[M::mem_pestat] (25, 50, 75) percentile: (799, 1907, 4207)
[M::mem_pestat] low and high boundaries for computing mean and std.dev: (1, 11023)
[M::mem_pestat] mean and std.dev: (2741.86, 2745.59)
[M::mem_pestat] low and high boundaries for proper pairs: (1, 14431)
[M::mem_pestat] skip orientation FF
[M::mem_pestat] skip orientation RF
[M::mem_pestat] skip orientation RR
[M::mem_process_seqs] Processed 2804400 reads in 2530.580 CPU sec, 63.457 real sec
[M::process] read 2794416 sequences (400000284 bp)...
[M::mem_pestat] # candidate unique pairs for (FF, FR, RF, RR): (16, 796627, 138, 13)
[M::mem_pestat] analyzing insert size distribution for orientation FF...
[M::mem_pestat] (25, 50, 75) percentile: (1905, 3384, 4158)
[M::mem_pestat] low and high boundaries for computing mean and std.dev: (1, 8664)
[M::mem_pestat] mean and std.dev: (2585.43, 1393.66)
[M::mem_pestat] low and high boundaries for proper pairs: (1, 10917)
[M::mem_pestat] analyzing insert size distribution for orientation FR...
[M::mem_pestat] (25, 50, 75) percentile: (229, 299, 385)
[M::mem_pestat] low and high boundaries for computing mean and std.dev: (1, 697)
[M::mem_pestat] mean and std.dev: (312.23, 112.29)
[M::mem_pestat] low and high boundaries for proper pairs: (1, 853)
[M::mem_pestat] analyzing insert size distribution for orientation RF...
[M::mem_pestat] (25, 50, 75) percentile: (205, 288, 1157)
[M::mem_pestat] low and high boundaries for computing mean and std.dev: (1, 3061)
[M::mem_pestat] mean and std.dev: (541.91, 636.95)
[M::mem_pestat] low and high boundaries for proper pairs: (1, 4013)
[M::mem_pestat] analyzing insert size distribution for orientation RR...
[M::mem_pestat] (25, 50, 75) percentile: (382, 1517, 4066)
[M::mem_pestat] low and high boundaries for computing mean and std.dev: (1, 11434)
[M::mem_pestat] mean and std.dev: (1877.15, 1646.48)
[M::mem_pestat] low and high boundaries for proper pairs: (1, 15118)
[M::mem_pestat] skip orientation FF
[M::mem_pestat] skip orientation RF
[M::mem_pestat] skip orientation RR
[M::mem_process_seqs] Processed 2809266 reads in 2521.208 CPU sec, 63.285 real sec
[M::process] read 2788318 sequences (400000258 bp)...
[M::mem_pestat] # candidate unique pairs for (FF, FR, RF, RR): (17, 794662, 127, 17)
[M::mem_pestat] analyzing insert size distribution for orientation FF...
[M::mem_pestat] (25, 50, 75) percentile: (346, 3641, 4655)
[M::mem_pestat] low and high boundaries for computing mean and std.dev: (1, 13273)
[M::mem_pestat] mean and std.dev: (2829.00, 1943.67)
[M::mem_pestat] low and high boundaries for proper pairs: (1, 17582)
[M::mem_pestat] analyzing insert size distribution for orientation FR...
[M::mem_pestat] (25, 50, 75) percentile: (228, 300, 385)
[M::mem_pestat] low and high boundaries for computing mean and std.dev: (1, 699)
[M::mem_pestat] mean and std.dev: (312.11, 112.64)
[M::mem_pestat] low and high boundaries for proper pairs: (1, 856)
[M::mem_pestat] analyzing insert size distribution for orientation RF...
[M::mem_pestat] (25, 50, 75) percentile: (216, 739, 2335)
[M::mem_pestat] low and high boundaries for computing mean and std.dev: (1, 6573)
[M::mem_pestat] mean and std.dev: (1505.45, 1951.64)
[M::mem_pestat] low and high boundaries for proper pairs: (1, 9312)
[M::mem_pestat] analyzing insert size distribution for orientation RR...
[M::mem_pestat] (25, 50, 75) percentile: (449, 2802, 7018)
[M::mem_pestat] low and high boundaries for computing mean and std.dev: (1, 20156)
[M::mem_pestat] mean and std.dev: (3260.71, 3150.62)
[M::mem_pestat] low and high boundaries for proper pairs: (1, 26725)
[M::mem_pestat] skip orientation FF
[M::mem_pestat] skip orientation RF
[M::mem_pestat] skip orientation RR
[M::mem_process_seqs] Processed 2794416 reads in 2554.257 CPU sec, 64.100 real sec
[M::process] read 2786186 sequences (400000105 bp)...
[M::mem_pestat] # candidate unique pairs for (FF, FR, RF, RR): (20, 796086, 128, 22)
[M::mem_pestat] analyzing insert size distribution for orientation FF...
[M::mem_pestat] (25, 50, 75) percentile: (664, 2620, 4062)
[M::mem_pestat] low and high boundaries for computing mean and std.dev: (1, 10858)
[M::mem_pestat] mean and std.dev: (2823.40, 2749.56)
[M::mem_pestat] low and high boundaries for proper pairs: (1, 14256)
[M::mem_pestat] analyzing insert size distribution for orientation FR...
[M::mem_pestat] (25, 50, 75) percentile: (228, 299, 385)
[M::mem_pestat] low and high boundaries for computing mean and std.dev: (1, 699)
[M::mem_pestat] mean and std.dev: (311.95, 112.93)
[M::mem_pestat] low and high boundaries for proper pairs: (1, 856)
[M::mem_pestat] analyzing insert size distribution for orientation RF...
[M::mem_pestat] (25, 50, 75) percentile: (178, 422, 2001)
[M::mem_pestat] low and high boundaries for computing mean and std.dev: (1, 5647)
[M::mem_pestat] mean and std.dev: (948.86, 1166.96)
[M::mem_pestat] low and high boundaries for proper pairs: (1, 7470)
[M::mem_pestat] analyzing insert size distribution for orientation RR...
[M::mem_pestat] (25, 50, 75) percentile: (132, 403, 658)
[M::mem_pestat] low and high boundaries for computing mean and std.dev: (1, 1710)
[M::mem_pestat] mean and std.dev: (371.56, 270.61)
[M::mem_pestat] low and high boundaries for proper pairs: (1, 2236)
[M::mem_pestat] skip orientation FF
[M::mem_pestat] skip orientation RF
[M::mem_pestat] skip orientation RR
[M::mem_process_seqs] Processed 2788318 reads in 2531.188 CPU sec, 63.535 real sec
[M::process] read 2784588 sequences (400000172 bp)...
[M::mem_pestat] # candidate unique pairs for (FF, FR, RF, RR): (22, 796475, 105, 16)
[M::mem_pestat] analyzing insert size distribution for orientation FF...
[M::mem_pestat] (25, 50, 75) percentile: (244, 494, 2421)
[M::mem_pestat] low and high boundaries for computing mean and std.dev: (1, 6775)
[M::mem_pestat] mean and std.dev: (1011.10, 1067.82)
[M::mem_pestat] low and high boundaries for proper pairs: (1, 8952)
[M::mem_pestat] analyzing insert size distribution for orientation FR...
[M::mem_pestat] (25, 50, 75) percentile: (221, 287, 367)
[M::mem_pestat] low and high boundaries for computing mean and std.dev: (1, 659)
[M::mem_pestat] mean and std.dev: (299.58, 105.74)
[M::mem_pestat] low and high boundaries for proper pairs: (1, 805)
[M::mem_pestat] analyzing insert size distribution for orientation RF...
[M::mem_pestat] (25, 50, 75) percentile: (223, 606, 2718)
[M::mem_pestat] low and high boundaries for computing mean and std.dev: (1, 7708)
[M::mem_pestat] mean and std.dev: (1293.07, 1630.76)
[M::mem_pestat] low and high boundaries for proper pairs: (1, 10203)
[M::mem_pestat] analyzing insert size distribution for orientation RR...
[M::mem_pestat] (25, 50, 75) percentile: (305, 1430, 4848)
[M::mem_pestat] low and high boundaries for computing mean and std.dev: (1, 13934)
[M::mem_pestat] mean and std.dev: (2998.31, 3595.23)
[M::mem_pestat] low and high boundaries for proper pairs: (1, 18477)
[M::mem_pestat] skip orientation FF
[M::mem_pestat] skip orientation RF
[M::mem_pestat] skip orientation RR
[M::mem_process_seqs] Processed 2786186 reads in 2482.778 CPU sec, 62.254 real sec
[M::process] read 2807262 sequences (400000096 bp)...
[M::mem_pestat] # candidate unique pairs for (FF, FR, RF, RR): (13, 796623, 133, 23)
[M::mem_pestat] analyzing insert size distribution for orientation FF...
[M::mem_pestat] (25, 50, 75) percentile: (266, 2226, 2926)
[M::mem_pestat] low and high boundaries for computing mean and std.dev: (1, 8246)
[M::mem_pestat] mean and std.dev: (1529.83, 1093.67)
[M::mem_pestat] low and high boundaries for proper pairs: (1, 10906)
[M::mem_pestat] analyzing insert size distribution for orientation FR...
[M::mem_pestat] (25, 50, 75) percentile: (221, 286, 367)
[M::mem_pestat] low and high boundaries for computing mean and std.dev: (1, 659)
[M::mem_pestat] mean and std.dev: (299.43, 105.97)
[M::mem_pestat] low and high boundaries for proper pairs: (1, 805)
[M::mem_pestat] analyzing insert size distribution for orientation RF...
[M::mem_pestat] (25, 50, 75) percentile: (223, 486, 1539)
[M::mem_pestat] low and high boundaries for computing mean and std.dev: (1, 4171)
[M::mem_pestat] mean and std.dev: (797.95, 922.15)
[M::mem_pestat] low and high boundaries for proper pairs: (1, 5487)
[M::mem_pestat] analyzing insert size distribution for orientation RR...
[M::mem_pestat] (25, 50, 75) percentile: (577, 1484, 2164)
[M::mem_pestat] low and high boundaries for computing mean and std.dev: (1, 5338)
[M::mem_pestat] mean and std.dev: (1518.43, 1123.90)
[M::mem_pestat] low and high boundaries for proper pairs: (1, 6925)
[M::mem_pestat] skip orientation FF
[M::mem_pestat] skip orientation RF
[M::mem_pestat] skip orientation RR
[M::mem_process_seqs] Processed 2784588 reads in 2484.611 CPU sec, 62.362 real sec
[M::process] read 2806750 sequences (400000194 bp)...
[M::mem_pestat] # candidate unique pairs for (FF, FR, RF, RR): (16, 796824, 120, 14)
[M::mem_pestat] analyzing insert size distribution for orientation FF...
[M::mem_pestat] (25, 50, 75) percentile: (166, 346, 4145)
[M::mem_pestat] low and high boundaries for computing mean and std.dev: (1, 12103)
[M::mem_pestat] mean and std.dev: (1975.19, 2742.07)
[M::mem_pestat] low and high boundaries for proper pairs: (1, 16082)
[M::mem_pestat] analyzing insert size distribution for orientation FR...
[M::mem_pestat] (25, 50, 75) percentile: (221, 287, 368)
[M::mem_pestat] low and high boundaries for computing mean and std.dev: (1, 662)
[M::mem_pestat] mean and std.dev: (299.69, 106.30)
[M::mem_pestat] low and high boundaries for proper pairs: (1, 809)
[M::mem_pestat] analyzing insert size distribution for orientation RF...
[M::mem_pestat] (25, 50, 75) percentile: (122, 402, 1510)
[M::mem_pestat] low and high boundaries for computing mean and std.dev: (1, 4286)
[M::mem_pestat] mean and std.dev: (782.19, 912.25)
[M::mem_pestat] low and high boundaries for proper pairs: (1, 5674)
[M::mem_pestat] analyzing insert size distribution for orientation RR...
[M::mem_pestat] (25, 50, 75) percentile: (153, 348, 1637)
[M::mem_pestat] low and high boundaries for computing mean and std.dev: (1, 4605)
[M::mem_pestat] mean and std.dev: (624.54, 654.74)
[M::mem_pestat] low and high boundaries for proper pairs: (1, 6089)
[M::mem_pestat] skip orientation FF
[M::mem_pestat] skip orientation RF
[M::mem_pestat] skip orientation RR
[M::mem_process_seqs] Processed 2807262 reads in 2516.902 CPU sec, 63.009 real sec
[M::process] read 952630 sequences (136336387 bp)...
[M::mem_pestat] # candidate unique pairs for (FF, FR, RF, RR): (17, 796446, 111, 16)
[M::mem_pestat] analyzing insert size distribution for orientation FF...
[M::mem_pestat] (25, 50, 75) percentile: (219, 946, 2682)
[M::mem_pestat] low and high boundaries for computing mean and std.dev: (1, 7608)
[M::mem_pestat] mean and std.dev: (1544.35, 1297.95)
[M::mem_pestat] low and high boundaries for proper pairs: (1, 10071)
[M::mem_pestat] analyzing insert size distribution for orientation FR...
[M::mem_pestat] (25, 50, 75) percentile: (220, 286, 367)
[M::mem_pestat] low and high boundaries for computing mean and std.dev: (1, 661)
[M::mem_pestat] mean and std.dev: (299.24, 106.68)
[M::mem_pestat] low and high boundaries for proper pairs: (1, 808)
[M::mem_pestat] analyzing insert size distribution for orientation RF...
[M::mem_pestat] (25, 50, 75) percentile: (137, 388, 2194)
[M::mem_pestat] low and high boundaries for computing mean and std.dev: (1, 6308)
[M::mem_pestat] mean and std.dev: (1136.04, 1460.66)
[M::mem_pestat] low and high boundaries for proper pairs: (1, 8365)
[M::mem_pestat] analyzing insert size distribution for orientation RR...
[M::mem_pestat] (25, 50, 75) percentile: (292, 398, 465)
[M::mem_pestat] low and high boundaries for computing mean and std.dev: (1, 811)
[M::mem_pestat] mean and std.dev: (331.62, 116.57)
[M::mem_pestat] low and high boundaries for proper pairs: (1, 984)
[M::mem_pestat] skip orientation FF
[M::mem_pestat] skip orientation RF
[M::mem_pestat] skip orientation RR
[M::mem_process_seqs] Processed 2806750 reads in 2513.540 CPU sec, 63.256 real sec
[M::mem_pestat] # candidate unique pairs for (FF, FR, RF, RR): (2, 271777, 42, 6)
[M::mem_pestat] skip orientation FF as there are not enough pairs
[M::mem_pestat] analyzing insert size distribution for orientation FR...
[M::mem_pestat] (25, 50, 75) percentile: (222, 288, 370)
[M::mem_pestat] low and high boundaries for computing mean and std.dev: (1, 666)
[M::mem_pestat] mean and std.dev: (301.13, 107.45)
[M::mem_pestat] low and high boundaries for proper pairs: (1, 814)
[M::mem_pestat] analyzing insert size distribution for orientation RF...
[M::mem_pestat] (25, 50, 75) percentile: (128, 238, 974)
[M::mem_pestat] low and high boundaries for computing mean and std.dev: (1, 2666)
[M::mem_pestat] mean and std.dev: (339.62, 378.34)
[M::mem_pestat] low and high boundaries for proper pairs: (1, 3512)
[M::mem_pestat] skip orientation RR as there are not enough pairs
[M::mem_pestat] skip orientation RF
[M::mem_process_seqs] Processed 952630 reads in 890.092 CPU sec, 22.370 real sec
[main] Version: 0.7.17-r1188
[main] CMD: /home/shared/bwa-0.7.17/bwa mem -M -t 40 ../data/bwa-GCF_031168955.1_ASM3116895v1_genomic ../data/trimmed-fastqs-heatwave-genetics/MHW326_trimmed_clipped_R1_paired.fq.gz ../data/trimmed-fastqs-heatwave-genetics/MHW326_trimmed_clipped_R2_paired.fq.gz
[main] Real time: 2153.493 sec; CPU: 84936.136 sec
