[M::bwa_idx_load_from_disk] read 0 ALT contigs
[M::process] read 2811190 sequences (400000173 bp)...
[M::process] read 2804896 sequences (400000169 bp)...
[M::mem_pestat] # candidate unique pairs for (FF, FR, RF, RR): (9, 759774, 101, 17)
[M::mem_pestat] skip orientation FF as there are not enough pairs
[M::mem_pestat] analyzing insert size distribution for orientation FR...
[M::mem_pestat] (25, 50, 75) percentile: (193, 244, 310)
[M::mem_pestat] low and high boundaries for computing mean and std.dev: (1, 544)
[M::mem_pestat] mean and std.dev: (254.55, 86.66)
[M::mem_pestat] low and high boundaries for proper pairs: (1, 661)
[M::mem_pestat] analyzing insert size distribution for orientation RF...
[M::mem_pestat] (25, 50, 75) percentile: (119, 223, 1195)
[M::mem_pestat] low and high boundaries for computing mean and std.dev: (1, 3347)
[M::mem_pestat] mean and std.dev: (440.13, 577.69)
[M::mem_pestat] low and high boundaries for proper pairs: (1, 4423)
[M::mem_pestat] analyzing insert size distribution for orientation RR...
[M::mem_pestat] (25, 50, 75) percentile: (226, 889, 3722)
[M::mem_pestat] low and high boundaries for computing mean and std.dev: (1, 10714)
[M::mem_pestat] mean and std.dev: (1895.47, 2186.50)
[M::mem_pestat] low and high boundaries for proper pairs: (1, 14210)
[M::mem_pestat] skip orientation RF
[M::mem_pestat] skip orientation RR
[M::mem_process_seqs] Processed 2811190 reads in 2715.570 CPU sec, 68.104 real sec
[M::process] read 2799652 sequences (400000135 bp)...
[M::mem_pestat] # candidate unique pairs for (FF, FR, RF, RR): (13, 755362, 108, 17)
[M::mem_pestat] analyzing insert size distribution for orientation FF...
[M::mem_pestat] (25, 50, 75) percentile: (516, 1399, 3623)
[M::mem_pestat] low and high boundaries for computing mean and std.dev: (1, 9837)
[M::mem_pestat] mean and std.dev: (1836.23, 1888.76)
[M::mem_pestat] low and high boundaries for proper pairs: (1, 12944)
[M::mem_pestat] analyzing insert size distribution for orientation FR...
[M::mem_pestat] (25, 50, 75) percentile: (198, 252, 319)
[M::mem_pestat] low and high boundaries for computing mean and std.dev: (1, 561)
[M::mem_pestat] mean and std.dev: (262.00, 88.76)
[M::mem_pestat] low and high boundaries for proper pairs: (1, 682)
[M::mem_pestat] analyzing insert size distribution for orientation RF...
[M::mem_pestat] (25, 50, 75) percentile: (191, 229, 1280)
[M::mem_pestat] low and high boundaries for computing mean and std.dev: (1, 3458)
[M::mem_pestat] mean and std.dev: (546.28, 771.53)
[M::mem_pestat] low and high boundaries for proper pairs: (1, 4547)
[M::mem_pestat] analyzing insert size distribution for orientation RR...
[M::mem_pestat] (25, 50, 75) percentile: (219, 482, 4398)
[M::mem_pestat] low and high boundaries for computing mean and std.dev: (1, 12756)
[M::mem_pestat] mean and std.dev: (1963.71, 2272.67)
[M::mem_pestat] low and high boundaries for proper pairs: (1, 16935)
[M::mem_pestat] skip orientation FF
[M::mem_pestat] skip orientation RF
[M::mem_pestat] skip orientation RR
[M::mem_process_seqs] Processed 2804896 reads in 2824.333 CPU sec, 70.853 real sec
[M::process] read 2808098 sequences (400000012 bp)...
[M::mem_pestat] # candidate unique pairs for (FF, FR, RF, RR): (14, 756113, 89, 9)
[M::mem_pestat] analyzing insert size distribution for orientation FF...
[M::mem_pestat] (25, 50, 75) percentile: (455, 558, 1897)
[M::mem_pestat] low and high boundaries for computing mean and std.dev: (1, 4781)
[M::mem_pestat] mean and std.dev: (1180.31, 1231.31)
[M::mem_pestat] low and high boundaries for proper pairs: (1, 6223)
[M::mem_pestat] analyzing insert size distribution for orientation FR...
[M::mem_pestat] (25, 50, 75) percentile: (199, 253, 321)
[M::mem_pestat] low and high boundaries for computing mean and std.dev: (1, 565)
[M::mem_pestat] mean and std.dev: (263.30, 89.24)
[M::mem_pestat] low and high boundaries for proper pairs: (1, 687)
[M::mem_pestat] analyzing insert size distribution for orientation RF...
[M::mem_pestat] (25, 50, 75) percentile: (165, 225, 1331)
[M::mem_pestat] low and high boundaries for computing mean and std.dev: (1, 3663)
[M::mem_pestat] mean and std.dev: (490.75, 641.77)
[M::mem_pestat] low and high boundaries for proper pairs: (1, 4829)
[M::mem_pestat] skip orientation RR as there are not enough pairs
[M::mem_pestat] skip orientation FF
[M::mem_pestat] skip orientation RF
[M::mem_process_seqs] Processed 2799652 reads in 2815.876 CPU sec, 70.655 real sec
[M::process] read 2800356 sequences (400000095 bp)...
[M::mem_pestat] # candidate unique pairs for (FF, FR, RF, RR): (10, 759478, 92, 10)
[M::mem_pestat] analyzing insert size distribution for orientation FF...
[M::mem_pestat] (25, 50, 75) percentile: (163, 683, 852)
[M::mem_pestat] low and high boundaries for computing mean and std.dev: (1, 2230)
[M::mem_pestat] mean and std.dev: (396.12, 292.23)
[M::mem_pestat] low and high boundaries for proper pairs: (1, 2919)
[M::mem_pestat] analyzing insert size distribution for orientation FR...
[M::mem_pestat] (25, 50, 75) percentile: (195, 247, 314)
[M::mem_pestat] low and high boundaries for computing mean and std.dev: (1, 552)
[M::mem_pestat] mean and std.dev: (257.56, 87.77)
[M::mem_pestat] low and high boundaries for proper pairs: (1, 671)
[M::mem_pestat] analyzing insert size distribution for orientation RF...
[M::mem_pestat] (25, 50, 75) percentile: (88, 226, 1336)
[M::mem_pestat] low and high boundaries for computing mean and std.dev: (1, 3832)
[M::mem_pestat] mean and std.dev: (634.28, 853.85)
[M::mem_pestat] low and high boundaries for proper pairs: (1, 5080)
[M::mem_pestat] analyzing insert size distribution for orientation RR...
[M::mem_pestat] (25, 50, 75) percentile: (193, 321, 593)
[M::mem_pestat] low and high boundaries for computing mean and std.dev: (1, 1393)
[M::mem_pestat] mean and std.dev: (287.38, 147.15)
[M::mem_pestat] low and high boundaries for proper pairs: (1, 1793)
[M::mem_pestat] skip orientation FF
[M::mem_pestat] skip orientation RF
[M::mem_pestat] skip orientation RR
[M::mem_process_seqs] Processed 2808098 reads in 2831.345 CPU sec, 71.099 real sec
[M::process] read 2800180 sequences (400000231 bp)...
[M::mem_pestat] # candidate unique pairs for (FF, FR, RF, RR): (12, 755500, 101, 18)
[M::mem_pestat] analyzing insert size distribution for orientation FF...
[M::mem_pestat] (25, 50, 75) percentile: (149, 195, 1781)
[M::mem_pestat] low and high boundaries for computing mean and std.dev: (1, 5045)
[M::mem_pestat] mean and std.dev: (598.67, 709.55)
[M::mem_pestat] low and high boundaries for proper pairs: (1, 6677)
[M::mem_pestat] analyzing insert size distribution for orientation FR...
[M::mem_pestat] (25, 50, 75) percentile: (201, 256, 325)
[M::mem_pestat] low and high boundaries for computing mean and std.dev: (1, 573)
[M::mem_pestat] mean and std.dev: (266.51, 90.13)
[M::mem_pestat] low and high boundaries for proper pairs: (1, 697)
[M::mem_pestat] analyzing insert size distribution for orientation RF...
[M::mem_pestat] (25, 50, 75) percentile: (93, 223, 1990)
[M::mem_pestat] low and high boundaries for computing mean and std.dev: (1, 5784)
[M::mem_pestat] mean and std.dev: (778.77, 1102.46)
[M::mem_pestat] low and high boundaries for proper pairs: (1, 7681)
[M::mem_pestat] analyzing insert size distribution for orientation RR...
[M::mem_pestat] (25, 50, 75) percentile: (159, 348, 2426)
[M::mem_pestat] low and high boundaries for computing mean and std.dev: (1, 6960)
[M::mem_pestat] mean and std.dev: (1258.83, 1543.03)
[M::mem_pestat] low and high boundaries for proper pairs: (1, 9227)
[M::mem_pestat] skip orientation FF
[M::mem_pestat] skip orientation RF
[M::mem_pestat] skip orientation RR
[M::mem_process_seqs] Processed 2800356 reads in 2838.609 CPU sec, 71.384 real sec
[M::process] read 2815420 sequences (400000253 bp)...
[M::mem_pestat] # candidate unique pairs for (FF, FR, RF, RR): (3, 758484, 110, 16)
[M::mem_pestat] skip orientation FF as there are not enough pairs
[M::mem_pestat] analyzing insert size distribution for orientation FR...
[M::mem_pestat] (25, 50, 75) percentile: (195, 248, 316)
[M::mem_pestat] low and high boundaries for computing mean and std.dev: (1, 558)
[M::mem_pestat] mean and std.dev: (259.15, 88.49)
[M::mem_pestat] low and high boundaries for proper pairs: (1, 679)
[M::mem_pestat] analyzing insert size distribution for orientation RF...
[M::mem_pestat] (25, 50, 75) percentile: (129, 418, 1869)
[M::mem_pestat] low and high boundaries for computing mean and std.dev: (1, 5349)
[M::mem_pestat] mean and std.dev: (963.12, 1185.76)
[M::mem_pestat] low and high boundaries for proper pairs: (1, 7089)
[M::mem_pestat] analyzing insert size distribution for orientation RR...
[M::mem_pestat] (25, 50, 75) percentile: (249, 266, 1007)
[M::mem_pestat] low and high boundaries for computing mean and std.dev: (1, 2523)
[M::mem_pestat] mean and std.dev: (332.23, 248.22)
[M::mem_pestat] low and high boundaries for proper pairs: (1, 3281)
[M::mem_pestat] skip orientation RF
[M::mem_pestat] skip orientation RR
[M::mem_process_seqs] Processed 2800180 reads in 2814.262 CPU sec, 70.399 real sec
[M::process] read 2815798 sequences (400000138 bp)...
[M::mem_pestat] # candidate unique pairs for (FF, FR, RF, RR): (14, 753716, 88, 20)
[M::mem_pestat] analyzing insert size distribution for orientation FF...
[M::mem_pestat] (25, 50, 75) percentile: (103, 2462, 4304)
[M::mem_pestat] low and high boundaries for computing mean and std.dev: (1, 12706)
[M::mem_pestat] mean and std.dev: (2357.43, 2572.55)
[M::mem_pestat] low and high boundaries for proper pairs: (1, 16907)
[M::mem_pestat] analyzing insert size distribution for orientation FR...
[M::mem_pestat] (25, 50, 75) percentile: (200, 255, 323)
[M::mem_pestat] low and high boundaries for computing mean and std.dev: (1, 569)
[M::mem_pestat] mean and std.dev: (265.24, 89.74)
[M::mem_pestat] low and high boundaries for proper pairs: (1, 692)
[M::mem_pestat] analyzing insert size distribution for orientation RF...
[M::mem_pestat] (25, 50, 75) percentile: (124, 225, 1424)
[M::mem_pestat] low and high boundaries for computing mean and std.dev: (1, 4024)
[M::mem_pestat] mean and std.dev: (552.00, 762.43)
[M::mem_pestat] low and high boundaries for proper pairs: (1, 5324)
[M::mem_pestat] analyzing insert size distribution for orientation RR...
[M::mem_pestat] (25, 50, 75) percentile: (177, 283, 1568)
[M::mem_pestat] low and high boundaries for computing mean and std.dev: (1, 4350)
[M::mem_pestat] mean and std.dev: (621.26, 632.78)
[M::mem_pestat] low and high boundaries for proper pairs: (1, 5741)
[M::mem_pestat] skip orientation FF
[M::mem_pestat] skip orientation RF
[M::mem_pestat] skip orientation RR
[M::mem_process_seqs] Processed 2815420 reads in 2863.451 CPU sec, 72.005 real sec
[M::process] read 2826088 sequences (400000161 bp)...
[M::mem_pestat] # candidate unique pairs for (FF, FR, RF, RR): (13, 752420, 94, 18)
[M::mem_pestat] analyzing insert size distribution for orientation FF...
[M::mem_pestat] (25, 50, 75) percentile: (194, 1997, 4405)
[M::mem_pestat] low and high boundaries for computing mean and std.dev: (1, 12827)
[M::mem_pestat] mean and std.dev: (2173.23, 2132.45)
[M::mem_pestat] low and high boundaries for proper pairs: (1, 17038)
[M::mem_pestat] analyzing insert size distribution for orientation FR...
[M::mem_pestat] (25, 50, 75) percentile: (201, 257, 326)
[M::mem_pestat] low and high boundaries for computing mean and std.dev: (1, 576)
[M::mem_pestat] mean and std.dev: (267.20, 90.64)
[M::mem_pestat] low and high boundaries for proper pairs: (1, 701)
[M::mem_pestat] analyzing insert size distribution for orientation RF...
[M::mem_pestat] (25, 50, 75) percentile: (125, 226, 934)
[M::mem_pestat] low and high boundaries for computing mean and std.dev: (1, 2552)
[M::mem_pestat] mean and std.dev: (345.88, 468.73)
[M::mem_pestat] low and high boundaries for proper pairs: (1, 3361)
[M::mem_pestat] analyzing insert size distribution for orientation RR...
[M::mem_pestat] (25, 50, 75) percentile: (161, 3805, 6183)
[M::mem_pestat] low and high boundaries for computing mean and std.dev: (1, 18227)
[M::mem_pestat] mean and std.dev: (3434.11, 2519.36)
[M::mem_pestat] low and high boundaries for proper pairs: (1, 24249)
[M::mem_pestat] skip orientation FF
[M::mem_pestat] skip orientation RF
[M::mem_pestat] skip orientation RR
[M::mem_process_seqs] Processed 2815798 reads in 2846.051 CPU sec, 71.362 real sec
[M::process] read 2825390 sequences (400000056 bp)...
[M::mem_pestat] # candidate unique pairs for (FF, FR, RF, RR): (14, 755349, 95, 18)
[M::mem_pestat] analyzing insert size distribution for orientation FF...
[M::mem_pestat] (25, 50, 75) percentile: (241, 348, 495)
[M::mem_pestat] low and high boundaries for computing mean and std.dev: (1, 1003)
[M::mem_pestat] mean and std.dev: (355.85, 190.13)
[M::mem_pestat] low and high boundaries for proper pairs: (1, 1257)
[M::mem_pestat] analyzing insert size distribution for orientation FR...
[M::mem_pestat] (25, 50, 75) percentile: (199, 254, 322)
[M::mem_pestat] low and high boundaries for computing mean and std.dev: (1, 568)
[M::mem_pestat] mean and std.dev: (264.17, 89.70)
[M::mem_pestat] low and high boundaries for proper pairs: (1, 691)
[M::mem_pestat] analyzing insert size distribution for orientation RF...
[M::mem_pestat] (25, 50, 75) percentile: (136, 326, 3682)
[M::mem_pestat] low and high boundaries for computing mean and std.dev: (1, 10774)
[M::mem_pestat] mean and std.dev: (1896.58, 2695.76)
[M::mem_pestat] low and high boundaries for proper pairs: (1, 14320)
[M::mem_pestat] analyzing insert size distribution for orientation RR...
[M::mem_pestat] (25, 50, 75) percentile: (266, 403, 693)
[M::mem_pestat] low and high boundaries for computing mean and std.dev: (1, 1547)
[M::mem_pestat] mean and std.dev: (337.50, 185.96)
[M::mem_pestat] low and high boundaries for proper pairs: (1, 1974)
[M::mem_pestat] skip orientation FF
[M::mem_pestat] skip orientation RF
[M::mem_pestat] skip orientation RR
[M::mem_process_seqs] Processed 2826088 reads in 2851.024 CPU sec, 71.485 real sec
[M::process] read 2823240 sequences (400000249 bp)...
[M::mem_pestat] # candidate unique pairs for (FF, FR, RF, RR): (19, 754590, 91, 18)
[M::mem_pestat] analyzing insert size distribution for orientation FF...
[M::mem_pestat] (25, 50, 75) percentile: (177, 183, 712)
[M::mem_pestat] low and high boundaries for computing mean and std.dev: (1, 1782)
[M::mem_pestat] mean and std.dev: (193.47, 147.71)
[M::mem_pestat] low and high boundaries for proper pairs: (1, 2317)
[M::mem_pestat] analyzing insert size distribution for orientation FR...
[M::mem_pestat] (25, 50, 75) percentile: (201, 256, 326)
[M::mem_pestat] low and high boundaries for computing mean and std.dev: (1, 576)
[M::mem_pestat] mean and std.dev: (267.09, 90.75)
[M::mem_pestat] low and high boundaries for proper pairs: (1, 701)
[M::mem_pestat] analyzing insert size distribution for orientation RF...
[M::mem_pestat] (25, 50, 75) percentile: (135, 283, 1049)
[M::mem_pestat] low and high boundaries for computing mean and std.dev: (1, 2877)
[M::mem_pestat] mean and std.dev: (499.54, 553.32)
[M::mem_pestat] low and high boundaries for proper pairs: (1, 3791)
[M::mem_pestat] analyzing insert size distribution for orientation RR...
[M::mem_pestat] (25, 50, 75) percentile: (197, 282, 2399)
[M::mem_pestat] low and high boundaries for computing mean and std.dev: (1, 6803)
[M::mem_pestat] mean and std.dev: (1395.78, 1985.52)
[M::mem_pestat] low and high boundaries for proper pairs: (1, 9338)
[M::mem_pestat] skip orientation FF
[M::mem_pestat] skip orientation RF
[M::mem_pestat] skip orientation RR
[M::mem_process_seqs] Processed 2825390 reads in 2879.114 CPU sec, 72.191 real sec
[M::process] read 2824602 sequences (400000267 bp)...
[M::mem_pestat] # candidate unique pairs for (FF, FR, RF, RR): (8, 753552, 72, 9)
[M::mem_pestat] skip orientation FF as there are not enough pairs
[M::mem_pestat] analyzing insert size distribution for orientation FR...
[M::mem_pestat] (25, 50, 75) percentile: (201, 256, 325)
[M::mem_pestat] low and high boundaries for computing mean and std.dev: (1, 573)
[M::mem_pestat] mean and std.dev: (266.43, 90.39)
[M::mem_pestat] low and high boundaries for proper pairs: (1, 697)
[M::mem_pestat] analyzing insert size distribution for orientation RF...
[M::mem_pestat] (25, 50, 75) percentile: (128, 532, 1802)
[M::mem_pestat] low and high boundaries for computing mean and std.dev: (1, 5150)
[M::mem_pestat] mean and std.dev: (852.06, 1042.68)
[M::mem_pestat] low and high boundaries for proper pairs: (1, 6824)
[M::mem_pestat] skip orientation RR as there are not enough pairs
[M::mem_pestat] skip orientation RF
[M::mem_process_seqs] Processed 2823240 reads in 2953.941 CPU sec, 74.064 real sec
[M::process] read 2806336 sequences (400000071 bp)...
[M::mem_pestat] # candidate unique pairs for (FF, FR, RF, RR): (9, 754048, 119, 14)
[M::mem_pestat] skip orientation FF as there are not enough pairs
[M::mem_pestat] analyzing insert size distribution for orientation FR...
[M::mem_pestat] (25, 50, 75) percentile: (201, 256, 325)
[M::mem_pestat] low and high boundaries for computing mean and std.dev: (1, 573)
[M::mem_pestat] mean and std.dev: (266.20, 90.47)
[M::mem_pestat] low and high boundaries for proper pairs: (1, 697)
[M::mem_pestat] analyzing insert size distribution for orientation RF...
[M::mem_pestat] (25, 50, 75) percentile: (159, 283, 1464)
[M::mem_pestat] low and high boundaries for computing mean and std.dev: (1, 4074)
[M::mem_pestat] mean and std.dev: (541.40, 734.65)
[M::mem_pestat] low and high boundaries for proper pairs: (1, 5379)
[M::mem_pestat] analyzing insert size distribution for orientation RR...
[M::mem_pestat] (25, 50, 75) percentile: (197, 234, 987)
[M::mem_pestat] low and high boundaries for computing mean and std.dev: (1, 2567)
[M::mem_pestat] mean and std.dev: (418.00, 405.63)
[M::mem_pestat] low and high boundaries for proper pairs: (1, 3357)
[M::mem_pestat] skip orientation RF
[M::mem_pestat] skip orientation RR
[M::mem_process_seqs] Processed 2824602 reads in 2927.645 CPU sec, 73.296 real sec
[M::process] read 2807242 sequences (400000078 bp)...
[M::mem_pestat] # candidate unique pairs for (FF, FR, RF, RR): (16, 752799, 100, 9)
[M::mem_pestat] analyzing insert size distribution for orientation FF...
[M::mem_pestat] (25, 50, 75) percentile: (208, 706, 3667)
[M::mem_pestat] low and high boundaries for computing mean and std.dev: (1, 10585)
[M::mem_pestat] mean and std.dev: (1512.12, 1631.05)
[M::mem_pestat] low and high boundaries for proper pairs: (1, 14044)
[M::mem_pestat] analyzing insert size distribution for orientation FR...
[M::mem_pestat] (25, 50, 75) percentile: (202, 258, 327)
[M::mem_pestat] low and high boundaries for computing mean and std.dev: (1, 577)
[M::mem_pestat] mean and std.dev: (268.26, 91.05)
[M::mem_pestat] low and high boundaries for proper pairs: (1, 702)
[M::mem_pestat] analyzing insert size distribution for orientation RF...
[M::mem_pestat] (25, 50, 75) percentile: (132, 298, 1692)
[M::mem_pestat] low and high boundaries for computing mean and std.dev: (1, 4812)
[M::mem_pestat] mean and std.dev: (814.09, 1073.29)
[M::mem_pestat] low and high boundaries for proper pairs: (1, 6372)
[M::mem_pestat] skip orientation RR as there are not enough pairs
[M::mem_pestat] skip orientation FF
[M::mem_pestat] skip orientation RF
[M::mem_process_seqs] Processed 2806336 reads in 2910.248 CPU sec, 73.084 real sec
[M::process] read 2800238 sequences (400000005 bp)...
[M::mem_pestat] # candidate unique pairs for (FF, FR, RF, RR): (18, 757704, 111, 16)
[M::mem_pestat] analyzing insert size distribution for orientation FF...
[M::mem_pestat] (25, 50, 75) percentile: (320, 2302, 3221)
[M::mem_pestat] low and high boundaries for computing mean and std.dev: (1, 9023)
[M::mem_pestat] mean and std.dev: (2212.28, 1851.49)
[M::mem_pestat] low and high boundaries for proper pairs: (1, 11924)
[M::mem_pestat] analyzing insert size distribution for orientation FR...
[M::mem_pestat] (25, 50, 75) percentile: (195, 247, 315)
[M::mem_pestat] low and high boundaries for computing mean and std.dev: (1, 555)
[M::mem_pestat] mean and std.dev: (258.09, 88.46)
[M::mem_pestat] low and high boundaries for proper pairs: (1, 675)
[M::mem_pestat] analyzing insert size distribution for orientation RF...
[M::mem_pestat] (25, 50, 75) percentile: (154, 223, 1206)
[M::mem_pestat] low and high boundaries for computing mean and std.dev: (1, 3310)
[M::mem_pestat] mean and std.dev: (418.38, 575.38)
[M::mem_pestat] low and high boundaries for proper pairs: (1, 4362)
[M::mem_pestat] analyzing insert size distribution for orientation RR...
[M::mem_pestat] (25, 50, 75) percentile: (212, 551, 4454)
[M::mem_pestat] low and high boundaries for computing mean and std.dev: (1, 12938)
[M::mem_pestat] mean and std.dev: (2000.00, 2665.64)
[M::mem_pestat] low and high boundaries for proper pairs: (1, 17180)
[M::mem_pestat] skip orientation FF
[M::mem_pestat] skip orientation RF
[M::mem_pestat] skip orientation RR
[M::mem_process_seqs] Processed 2807242 reads in 2839.557 CPU sec, 71.244 real sec
[M::process] read 2802862 sequences (400000140 bp)...
[M::mem_pestat] # candidate unique pairs for (FF, FR, RF, RR): (22, 753987, 82, 11)
[M::mem_pestat] analyzing insert size distribution for orientation FF...
[M::mem_pestat] (25, 50, 75) percentile: (164, 376, 2925)
[M::mem_pestat] low and high boundaries for computing mean and std.dev: (1, 8447)
[M::mem_pestat] mean and std.dev: (1545.86, 2215.46)
[M::mem_pestat] low and high boundaries for proper pairs: (1, 11208)
[M::mem_pestat] analyzing insert size distribution for orientation FR...
[M::mem_pestat] (25, 50, 75) percentile: (199, 254, 322)
[M::mem_pestat] low and high boundaries for computing mean and std.dev: (1, 568)
[M::mem_pestat] mean and std.dev: (264.11, 89.72)
[M::mem_pestat] low and high boundaries for proper pairs: (1, 691)
[M::mem_pestat] analyzing insert size distribution for orientation RF...
[M::mem_pestat] (25, 50, 75) percentile: (151, 223, 855)
[M::mem_pestat] low and high boundaries for computing mean and std.dev: (1, 2263)
[M::mem_pestat] mean and std.dev: (422.70, 452.74)
[M::mem_pestat] low and high boundaries for proper pairs: (1, 2967)
[M::mem_pestat] analyzing insert size distribution for orientation RR...
[M::mem_pestat] (25, 50, 75) percentile: (96, 173, 2451)
[M::mem_pestat] low and high boundaries for computing mean and std.dev: (1, 7161)
[M::mem_pestat] mean and std.dev: (1210.73, 1835.65)
[M::mem_pestat] low and high boundaries for proper pairs: (1, 9516)
[M::mem_pestat] skip orientation FF
[M::mem_pestat] skip orientation RF
[M::mem_pestat] skip orientation RR
[M::mem_process_seqs] Processed 2800238 reads in 2853.553 CPU sec, 71.745 real sec
[M::process] read 2805880 sequences (400000259 bp)...
[M::mem_pestat] # candidate unique pairs for (FF, FR, RF, RR): (18, 756520, 106, 16)
[M::mem_pestat] analyzing insert size distribution for orientation FF...
[M::mem_pestat] (25, 50, 75) percentile: (205, 716, 1385)
[M::mem_pestat] low and high boundaries for computing mean and std.dev: (1, 3745)
[M::mem_pestat] mean and std.dev: (1087.50, 1102.68)
[M::mem_pestat] low and high boundaries for proper pairs: (1, 5498)
[M::mem_pestat] analyzing insert size distribution for orientation FR...
[M::mem_pestat] (25, 50, 75) percentile: (198, 252, 320)
[M::mem_pestat] low and high boundaries for computing mean and std.dev: (1, 564)
[M::mem_pestat] mean and std.dev: (262.38, 89.15)
[M::mem_pestat] low and high boundaries for proper pairs: (1, 686)
[M::mem_pestat] analyzing insert size distribution for orientation RF...
[M::mem_pestat] (25, 50, 75) percentile: (149, 228, 935)
[M::mem_pestat] low and high boundaries for computing mean and std.dev: (1, 2507)
[M::mem_pestat] mean and std.dev: (434.59, 529.85)
[M::mem_pestat] low and high boundaries for proper pairs: (1, 3293)
[M::mem_pestat] analyzing insert size distribution for orientation RR...
[M::mem_pestat] (25, 50, 75) percentile: (151, 348, 2044)
[M::mem_pestat] low and high boundaries for computing mean and std.dev: (1, 5830)
[M::mem_pestat] mean and std.dev: (861.75, 913.63)
[M::mem_pestat] low and high boundaries for proper pairs: (1, 7723)
[M::mem_pestat] skip orientation FF
[M::mem_pestat] skip orientation RF
[M::mem_pestat] skip orientation RR
[M::mem_process_seqs] Processed 2802862 reads in 2850.015 CPU sec, 71.450 real sec
[M::process] read 2799590 sequences (400000069 bp)...
[M::mem_pestat] # candidate unique pairs for (FF, FR, RF, RR): (9, 756851, 95, 9)
[M::mem_pestat] skip orientation FF as there are not enough pairs
[M::mem_pestat] analyzing insert size distribution for orientation FR...
[M::mem_pestat] (25, 50, 75) percentile: (196, 249, 316)
[M::mem_pestat] low and high boundaries for computing mean and std.dev: (1, 556)
[M::mem_pestat] mean and std.dev: (259.34, 88.49)
[M::mem_pestat] low and high boundaries for proper pairs: (1, 676)
[M::mem_pestat] analyzing insert size distribution for orientation RF...
[M::mem_pestat] (25, 50, 75) percentile: (144, 282, 1479)
[M::mem_pestat] low and high boundaries for computing mean and std.dev: (1, 4149)
[M::mem_pestat] mean and std.dev: (647.27, 818.32)
[M::mem_pestat] low and high boundaries for proper pairs: (1, 5484)
[M::mem_pestat] skip orientation RR as there are not enough pairs
[M::mem_pestat] skip orientation RF
[M::mem_process_seqs] Processed 2805880 reads in 2862.331 CPU sec, 71.769 real sec
[M::process] read 2801146 sequences (400000184 bp)...
[M::mem_pestat] # candidate unique pairs for (FF, FR, RF, RR): (16, 754482, 96, 19)
[M::mem_pestat] analyzing insert size distribution for orientation FF...
[M::mem_pestat] (25, 50, 75) percentile: (281, 512, 2375)
[M::mem_pestat] low and high boundaries for computing mean and std.dev: (1, 6563)
[M::mem_pestat] mean and std.dev: (1019.80, 1220.39)
[M::mem_pestat] low and high boundaries for proper pairs: (1, 8657)
[M::mem_pestat] analyzing insert size distribution for orientation FR...
[M::mem_pestat] (25, 50, 75) percentile: (201, 256, 324)
[M::mem_pestat] low and high boundaries for computing mean and std.dev: (1, 570)
[M::mem_pestat] mean and std.dev: (266.27, 89.70)
[M::mem_pestat] low and high boundaries for proper pairs: (1, 693)
[M::mem_pestat] analyzing insert size distribution for orientation RF...
[M::mem_pestat] (25, 50, 75) percentile: (221, 505, 2352)
[M::mem_pestat] low and high boundaries for computing mean and std.dev: (1, 6614)
[M::mem_pestat] mean and std.dev: (1056.84, 1385.16)
[M::mem_pestat] low and high boundaries for proper pairs: (1, 8745)
[M::mem_pestat] analyzing insert size distribution for orientation RR...
[M::mem_pestat] (25, 50, 75) percentile: (197, 308, 3956)
[M::mem_pestat] low and high boundaries for computing mean and std.dev: (1, 11474)
[M::mem_pestat] mean and std.dev: (2126.11, 2720.64)
[M::mem_pestat] low and high boundaries for proper pairs: (1, 15233)
[M::mem_pestat] skip orientation FF
[M::mem_pestat] skip orientation RF
[M::mem_pestat] skip orientation RR
[M::mem_process_seqs] Processed 2799590 reads in 3104.762 CPU sec, 83.861 real sec
[M::process] read 2810450 sequences (400000053 bp)...
[M::mem_pestat] # candidate unique pairs for (FF, FR, RF, RR): (13, 755717, 109, 6)
[M::mem_pestat] analyzing insert size distribution for orientation FF...
[M::mem_pestat] (25, 50, 75) percentile: (182, 313, 1597)
[M::mem_pestat] low and high boundaries for computing mean and std.dev: (1, 4427)
[M::mem_pestat] mean and std.dev: (796.83, 965.00)
[M::mem_pestat] low and high boundaries for proper pairs: (1, 5842)
[M::mem_pestat] analyzing insert size distribution for orientation FR...
[M::mem_pestat] (25, 50, 75) percentile: (196, 249, 317)
[M::mem_pestat] low and high boundaries for computing mean and std.dev: (1, 559)
[M::mem_pestat] mean and std.dev: (259.84, 88.73)
[M::mem_pestat] low and high boundaries for proper pairs: (1, 680)
[M::mem_pestat] analyzing insert size distribution for orientation RF...
[M::mem_pestat] (25, 50, 75) percentile: (137, 224, 975)
[M::mem_pestat] low and high boundaries for computing mean and std.dev: (1, 2651)
[M::mem_pestat] mean and std.dev: (394.09, 520.26)
[M::mem_pestat] low and high boundaries for proper pairs: (1, 3489)
[M::mem_pestat] skip orientation RR as there are not enough pairs
[M::mem_pestat] skip orientation FF
[M::mem_pestat] skip orientation RF
[M::mem_process_seqs] Processed 2801146 reads in 2845.819 CPU sec, 71.463 real sec
[M::process] read 2821414 sequences (400000222 bp)...
[M::mem_pestat] # candidate unique pairs for (FF, FR, RF, RR): (24, 752798, 86, 11)
[M::mem_pestat] analyzing insert size distribution for orientation FF...
[M::mem_pestat] (25, 50, 75) percentile: (216, 428, 3447)
[M::mem_pestat] low and high boundaries for computing mean and std.dev: (1, 9909)
[M::mem_pestat] mean and std.dev: (1681.00, 2208.43)
[M::mem_pestat] low and high boundaries for proper pairs: (1, 13140)
[M::mem_pestat] analyzing insert size distribution for orientation FR...
[M::mem_pestat] (25, 50, 75) percentile: (202, 257, 326)
[M::mem_pestat] low and high boundaries for computing mean and std.dev: (1, 574)
[M::mem_pestat] mean and std.dev: (267.24, 90.31)
[M::mem_pestat] low and high boundaries for proper pairs: (1, 698)
[M::mem_pestat] analyzing insert size distribution for orientation RF...
[M::mem_pestat] (25, 50, 75) percentile: (68, 223, 936)
[M::mem_pestat] low and high boundaries for computing mean and std.dev: (1, 2672)
[M::mem_pestat] mean and std.dev: (411.91, 609.78)
[M::mem_pestat] low and high boundaries for proper pairs: (1, 3540)
[M::mem_pestat] analyzing insert size distribution for orientation RR...
[M::mem_pestat] (25, 50, 75) percentile: (208, 1322, 4401)
[M::mem_pestat] low and high boundaries for computing mean and std.dev: (1, 12787)
[M::mem_pestat] mean and std.dev: (1989.09, 2034.11)
[M::mem_pestat] low and high boundaries for proper pairs: (1, 16980)
[M::mem_pestat] skip orientation FF
[M::mem_pestat] skip orientation RF
[M::mem_pestat] skip orientation RR
[M::mem_process_seqs] Processed 2810450 reads in 2883.916 CPU sec, 72.316 real sec
[M::process] read 2825308 sequences (400000031 bp)...
[M::mem_pestat] # candidate unique pairs for (FF, FR, RF, RR): (14, 751879, 97, 9)
[M::mem_pestat] analyzing insert size distribution for orientation FF...
[M::mem_pestat] (25, 50, 75) percentile: (173, 875, 3701)
[M::mem_pestat] low and high boundaries for computing mean and std.dev: (1, 10757)
[M::mem_pestat] mean and std.dev: (2128.64, 2228.39)
[M::mem_pestat] low and high boundaries for proper pairs: (1, 14285)
[M::mem_pestat] analyzing insert size distribution for orientation FR...
[M::mem_pestat] (25, 50, 75) percentile: (201, 257, 326)
[M::mem_pestat] low and high boundaries for computing mean and std.dev: (1, 576)
[M::mem_pestat] mean and std.dev: (266.98, 90.94)
[M::mem_pestat] low and high boundaries for proper pairs: (1, 701)
[M::mem_pestat] analyzing insert size distribution for orientation RF...
[M::mem_pestat] (25, 50, 75) percentile: (108, 254, 2656)
[M::mem_pestat] low and high boundaries for computing mean and std.dev: (1, 7752)
[M::mem_pestat] mean and std.dev: (1466.79, 2055.57)
[M::mem_pestat] low and high boundaries for proper pairs: (1, 10300)
[M::mem_pestat] skip orientation RR as there are not enough pairs
[M::mem_pestat] skip orientation FF
[M::mem_pestat] skip orientation RF
[M::mem_process_seqs] Processed 2821414 reads in 2900.528 CPU sec, 72.590 real sec
[M::process] read 2829214 sequences (400000131 bp)...
[M::mem_pestat] # candidate unique pairs for (FF, FR, RF, RR): (12, 751377, 96, 14)
[M::mem_pestat] analyzing insert size distribution for orientation FF...
[M::mem_pestat] (25, 50, 75) percentile: (289, 390, 670)
[M::mem_pestat] low and high boundaries for computing mean and std.dev: (1, 1432)
[M::mem_pestat] mean and std.dev: (435.73, 299.20)
[M::mem_pestat] low and high boundaries for proper pairs: (1, 1813)
[M::mem_pestat] analyzing insert size distribution for orientation FR...
[M::mem_pestat] (25, 50, 75) percentile: (201, 256, 325)
[M::mem_pestat] low and high boundaries for computing mean and std.dev: (1, 573)
[M::mem_pestat] mean and std.dev: (266.34, 90.51)
[M::mem_pestat] low and high boundaries for proper pairs: (1, 697)
[M::mem_pestat] analyzing insert size distribution for orientation RF...
[M::mem_pestat] (25, 50, 75) percentile: (155, 351, 2261)
[M::mem_pestat] low and high boundaries for computing mean and std.dev: (1, 6473)
[M::mem_pestat] mean and std.dev: (920.21, 1176.55)
[M::mem_pestat] low and high boundaries for proper pairs: (1, 8579)
[M::mem_pestat] analyzing insert size distribution for orientation RR...
[M::mem_pestat] (25, 50, 75) percentile: (139, 223, 3455)
[M::mem_pestat] low and high boundaries for computing mean and std.dev: (1, 10087)
[M::mem_pestat] mean and std.dev: (1448.79, 1715.20)
[M::mem_pestat] low and high boundaries for proper pairs: (1, 13403)
[M::mem_pestat] skip orientation FF
[M::mem_pestat] skip orientation RF
[M::mem_pestat] skip orientation RR
[M::mem_process_seqs] Processed 2825308 reads in 3045.698 CPU sec, 76.402 real sec
[M::process] read 2817728 sequences (400000026 bp)...
[M::mem_pestat] # candidate unique pairs for (FF, FR, RF, RR): (7, 754085, 93, 11)
[M::mem_pestat] skip orientation FF as there are not enough pairs
[M::mem_pestat] analyzing insert size distribution for orientation FR...
[M::mem_pestat] (25, 50, 75) percentile: (201, 256, 326)
[M::mem_pestat] low and high boundaries for computing mean and std.dev: (1, 576)
[M::mem_pestat] mean and std.dev: (266.76, 90.87)
[M::mem_pestat] low and high boundaries for proper pairs: (1, 701)
[M::mem_pestat] analyzing insert size distribution for orientation RF...
[M::mem_pestat] (25, 50, 75) percentile: (155, 352, 1263)
[M::mem_pestat] low and high boundaries for computing mean and std.dev: (1, 3479)
[M::mem_pestat] mean and std.dev: (707.35, 882.14)
[M::mem_pestat] low and high boundaries for proper pairs: (1, 4587)
[M::mem_pestat] analyzing insert size distribution for orientation RR...
[M::mem_pestat] (25, 50, 75) percentile: (204, 495, 2734)
[M::mem_pestat] low and high boundaries for computing mean and std.dev: (1, 7794)
[M::mem_pestat] mean and std.dev: (1203.82, 1355.00)
[M::mem_pestat] low and high boundaries for proper pairs: (1, 10324)
[M::mem_pestat] skip orientation RF
[M::mem_pestat] skip orientation RR
[M::mem_process_seqs] Processed 2829214 reads in 3051.459 CPU sec, 76.725 real sec
[M::process] read 2829794 sequences (400000058 bp)...
[M::mem_pestat] # candidate unique pairs for (FF, FR, RF, RR): (15, 753458, 103, 10)
[M::mem_pestat] analyzing insert size distribution for orientation FF...
[M::mem_pestat] (25, 50, 75) percentile: (260, 351, 1566)
[M::mem_pestat] low and high boundaries for computing mean and std.dev: (1, 4178)
[M::mem_pestat] mean and std.dev: (724.71, 1030.28)
[M::mem_pestat] low and high boundaries for proper pairs: (1, 5484)
[M::mem_pestat] analyzing insert size distribution for orientation FR...
[M::mem_pestat] (25, 50, 75) percentile: (201, 256, 325)
[M::mem_pestat] low and high boundaries for computing mean and std.dev: (1, 573)
[M::mem_pestat] mean and std.dev: (266.48, 90.35)
[M::mem_pestat] low and high boundaries for proper pairs: (1, 697)
[M::mem_pestat] analyzing insert size distribution for orientation RF...
[M::mem_pestat] (25, 50, 75) percentile: (154, 321, 2071)
[M::mem_pestat] low and high boundaries for computing mean and std.dev: (1, 5905)
[M::mem_pestat] mean and std.dev: (1013.88, 1377.48)
[M::mem_pestat] low and high boundaries for proper pairs: (1, 7822)
[M::mem_pestat] analyzing insert size distribution for orientation RR...
[M::mem_pestat] (25, 50, 75) percentile: (277, 1112, 2906)
[M::mem_pestat] low and high boundaries for computing mean and std.dev: (1, 8164)
[M::mem_pestat] mean and std.dev: (1429.60, 1349.17)
[M::mem_pestat] low and high boundaries for proper pairs: (1, 10793)
[M::mem_pestat] skip orientation FF
[M::mem_pestat] skip orientation RF
[M::mem_pestat] skip orientation RR
[M::mem_process_seqs] Processed 2817728 reads in 3259.461 CPU sec, 81.780 real sec
[M::process] read 2812350 sequences (400000239 bp)...
[M::mem_pestat] # candidate unique pairs for (FF, FR, RF, RR): (11, 752889, 90, 15)
[M::mem_pestat] analyzing insert size distribution for orientation FF...
[M::mem_pestat] (25, 50, 75) percentile: (425, 656, 5459)
[M::mem_pestat] low and high boundaries for computing mean and std.dev: (1, 15527)
[M::mem_pestat] mean and std.dev: (1962.64, 2408.97)
[M::mem_pestat] low and high boundaries for proper pairs: (1, 20561)
[M::mem_pestat] analyzing insert size distribution for orientation FR...
[M::mem_pestat] (25, 50, 75) percentile: (201, 256, 326)
[M::mem_pestat] low and high boundaries for computing mean and std.dev: (1, 576)
[M::mem_pestat] mean and std.dev: (266.97, 91.15)
[M::mem_pestat] low and high boundaries for proper pairs: (1, 701)
[M::mem_pestat] analyzing insert size distribution for orientation RF...
[M::mem_pestat] (25, 50, 75) percentile: (128, 223, 1499)
[M::mem_pestat] low and high boundaries for computing mean and std.dev: (1, 4241)
[M::mem_pestat] mean and std.dev: (585.52, 845.44)
[M::mem_pestat] low and high boundaries for proper pairs: (1, 5612)
[M::mem_pestat] analyzing insert size distribution for orientation RR...
[M::mem_pestat] (25, 50, 75) percentile: (336, 597, 2987)
[M::mem_pestat] low and high boundaries for computing mean and std.dev: (1, 8289)
[M::mem_pestat] mean and std.dev: (1276.00, 1253.96)
[M::mem_pestat] low and high boundaries for proper pairs: (1, 10940)
[M::mem_pestat] skip orientation FF
[M::mem_pestat] skip orientation RF
[M::mem_pestat] skip orientation RR
[M::mem_process_seqs] Processed 2829794 reads in 2989.770 CPU sec, 74.951 real sec
[M::process] read 2789426 sequences (400000176 bp)...
[M::mem_pestat] # candidate unique pairs for (FF, FR, RF, RR): (19, 753411, 94, 11)
[M::mem_pestat] analyzing insert size distribution for orientation FF...
[M::mem_pestat] (25, 50, 75) percentile: (207, 827, 2401)
[M::mem_pestat] low and high boundaries for computing mean and std.dev: (1, 6789)
[M::mem_pestat] mean and std.dev: (1409.47, 1469.44)
[M::mem_pestat] low and high boundaries for proper pairs: (1, 8983)
[M::mem_pestat] analyzing insert size distribution for orientation FR...
[M::mem_pestat] (25, 50, 75) percentile: (201, 257, 326)
[M::mem_pestat] low and high boundaries for computing mean and std.dev: (1, 576)
[M::mem_pestat] mean and std.dev: (266.95, 90.77)
[M::mem_pestat] low and high boundaries for proper pairs: (1, 701)
[M::mem_pestat] analyzing insert size distribution for orientation RF...
[M::mem_pestat] (25, 50, 75) percentile: (153, 340, 2001)
[M::mem_pestat] low and high boundaries for computing mean and std.dev: (1, 5697)
[M::mem_pestat] mean and std.dev: (962.67, 1248.46)
[M::mem_pestat] low and high boundaries for proper pairs: (1, 7545)
[M::mem_pestat] analyzing insert size distribution for orientation RR...
[M::mem_pestat] (25, 50, 75) percentile: (290, 320, 869)
[M::mem_pestat] low and high boundaries for computing mean and std.dev: (1, 2027)
[M::mem_pestat] mean and std.dev: (480.50, 500.03)
[M::mem_pestat] low and high boundaries for proper pairs: (1, 2606)
[M::mem_pestat] skip orientation FF
[M::mem_pestat] skip orientation RF
[M::mem_pestat] skip orientation RR
[M::mem_process_seqs] Processed 2812350 reads in 2894.218 CPU sec, 72.571 real sec
[M::process] read 2782546 sequences (400000172 bp)...
[M::mem_pestat] # candidate unique pairs for (FF, FR, RF, RR): (11, 752845, 97, 21)
[M::mem_pestat] analyzing insert size distribution for orientation FF...
[M::mem_pestat] (25, 50, 75) percentile: (109, 124, 1042)
[M::mem_pestat] low and high boundaries for computing mean and std.dev: (1, 2908)
[M::mem_pestat] mean and std.dev: (422.40, 518.23)
[M::mem_pestat] low and high boundaries for proper pairs: (1, 3841)
[M::mem_pestat] analyzing insert size distribution for orientation FR...
[M::mem_pestat] (25, 50, 75) percentile: (202, 257, 326)
[M::mem_pestat] low and high boundaries for computing mean and std.dev: (1, 574)
[M::mem_pestat] mean and std.dev: (267.84, 90.94)
[M::mem_pestat] low and high boundaries for proper pairs: (1, 698)
[M::mem_pestat] analyzing insert size distribution for orientation RF...
[M::mem_pestat] (25, 50, 75) percentile: (128, 227, 1251)
[M::mem_pestat] low and high boundaries for computing mean and std.dev: (1, 3497)
[M::mem_pestat] mean and std.dev: (517.86, 594.17)
[M::mem_pestat] low and high boundaries for proper pairs: (1, 4620)
[M::mem_pestat] analyzing insert size distribution for orientation RR...
[M::mem_pestat] (25, 50, 75) percentile: (258, 359, 367)
[M::mem_pestat] low and high boundaries for computing mean and std.dev: (40, 585)
[M::mem_pestat] mean and std.dev: (285.44, 91.71)
[M::mem_pestat] low and high boundaries for proper pairs: (1, 694)
[M::mem_pestat] skip orientation FF
[M::mem_pestat] skip orientation RF
[M::mem_pestat] skip orientation RR
[M::mem_process_seqs] Processed 2789426 reads in 2870.034 CPU sec, 71.962 real sec
[M::process] read 2782854 sequences (400000159 bp)...
[M::mem_pestat] # candidate unique pairs for (FF, FR, RF, RR): (16, 751567, 90, 16)
[M::mem_pestat] analyzing insert size distribution for orientation FF...
[M::mem_pestat] (25, 50, 75) percentile: (246, 654, 3394)
[M::mem_pestat] low and high boundaries for computing mean and std.dev: (1, 9690)
[M::mem_pestat] mean and std.dev: (1756.56, 2054.79)
[M::mem_pestat] low and high boundaries for proper pairs: (1, 12838)
[M::mem_pestat] analyzing insert size distribution for orientation FR...
[M::mem_pestat] (25, 50, 75) percentile: (203, 259, 329)
[M::mem_pestat] low and high boundaries for computing mean and std.dev: (1, 581)
[M::mem_pestat] mean and std.dev: (269.60, 91.04)
[M::mem_pestat] low and high boundaries for proper pairs: (1, 707)
[M::mem_pestat] analyzing insert size distribution for orientation RF...
[M::mem_pestat] (25, 50, 75) percentile: (112, 223, 1499)
[M::mem_pestat] low and high boundaries for computing mean and std.dev: (1, 4273)
[M::mem_pestat] mean and std.dev: (612.00, 943.78)
[M::mem_pestat] low and high boundaries for proper pairs: (1, 5660)
[M::mem_pestat] analyzing insert size distribution for orientation RR...
[M::mem_pestat] (25, 50, 75) percentile: (394, 602, 1429)
[M::mem_pestat] low and high boundaries for computing mean and std.dev: (1, 3499)
[M::mem_pestat] mean and std.dev: (807.87, 646.55)
[M::mem_pestat] low and high boundaries for proper pairs: (1, 4534)
[M::mem_pestat] skip orientation FF
[M::mem_pestat] skip orientation RF
[M::mem_pestat] skip orientation RR
[M::mem_process_seqs] Processed 2782546 reads in 2854.784 CPU sec, 71.574 real sec
[M::process] read 2780940 sequences (400000162 bp)...
[M::mem_pestat] # candidate unique pairs for (FF, FR, RF, RR): (13, 752063, 110, 26)
[M::mem_pestat] analyzing insert size distribution for orientation FF...
[M::mem_pestat] (25, 50, 75) percentile: (247, 449, 4300)
[M::mem_pestat] low and high boundaries for computing mean and std.dev: (1, 12406)
[M::mem_pestat] mean and std.dev: (1412.69, 2059.05)
[M::mem_pestat] low and high boundaries for proper pairs: (1, 16459)
[M::mem_pestat] analyzing insert size distribution for orientation FR...
[M::mem_pestat] (25, 50, 75) percentile: (205, 261, 331)
[M::mem_pestat] low and high boundaries for computing mean and std.dev: (1, 583)
[M::mem_pestat] mean and std.dev: (271.34, 91.40)
[M::mem_pestat] low and high boundaries for proper pairs: (1, 709)
[M::mem_pestat] analyzing insert size distribution for orientation RF...
[M::mem_pestat] (25, 50, 75) percentile: (173, 233, 1663)
[M::mem_pestat] low and high boundaries for computing mean and std.dev: (1, 4643)
[M::mem_pestat] mean and std.dev: (822.12, 1049.34)
[M::mem_pestat] low and high boundaries for proper pairs: (1, 6133)
[M::mem_pestat] analyzing insert size distribution for orientation RR...
[M::mem_pestat] (25, 50, 75) percentile: (197, 631, 2278)
[M::mem_pestat] low and high boundaries for computing mean and std.dev: (1, 6440)
[M::mem_pestat] mean and std.dev: (1259.35, 1191.84)
[M::mem_pestat] low and high boundaries for proper pairs: (1, 8521)
[M::mem_pestat] skip orientation FF
[M::mem_pestat] skip orientation RF
[M::mem_pestat] skip orientation RR
[M::mem_process_seqs] Processed 2782854 reads in 2869.023 CPU sec, 71.929 real sec
[M::process] read 2786614 sequences (400000106 bp)...
[M::mem_pestat] # candidate unique pairs for (FF, FR, RF, RR): (18, 751178, 140, 8)
[M::mem_pestat] analyzing insert size distribution for orientation FF...
[M::mem_pestat] (25, 50, 75) percentile: (99, 162, 3451)
[M::mem_pestat] low and high boundaries for computing mean and std.dev: (1, 10155)
[M::mem_pestat] mean and std.dev: (1855.72, 2996.64)
[M::mem_pestat] low and high boundaries for proper pairs: (1, 13842)
[M::mem_pestat] analyzing insert size distribution for orientation FR...
[M::mem_pestat] (25, 50, 75) percentile: (205, 261, 331)
[M::mem_pestat] low and high boundaries for computing mean and std.dev: (1, 583)
[M::mem_pestat] mean and std.dev: (271.44, 91.67)
[M::mem_pestat] low and high boundaries for proper pairs: (1, 709)
[M::mem_pestat] analyzing insert size distribution for orientation RF...
[M::mem_pestat] (25, 50, 75) percentile: (136, 226, 1772)
[M::mem_pestat] low and high boundaries for computing mean and std.dev: (1, 5044)
[M::mem_pestat] mean and std.dev: (812.25, 1178.47)
[M::mem_pestat] low and high boundaries for proper pairs: (1, 6680)
[M::mem_pestat] skip orientation RR as there are not enough pairs
[M::mem_pestat] skip orientation FF
[M::mem_pestat] skip orientation RF
[M::mem_process_seqs] Processed 2780940 reads in 2864.650 CPU sec, 71.869 real sec
[M::process] read 2799242 sequences (400000035 bp)...
[M::mem_pestat] # candidate unique pairs for (FF, FR, RF, RR): (19, 748987, 98, 8)
[M::mem_pestat] analyzing insert size distribution for orientation FF...
[M::mem_pestat] (25, 50, 75) percentile: (166, 223, 537)
[M::mem_pestat] low and high boundaries for computing mean and std.dev: (1, 1279)
[M::mem_pestat] mean and std.dev: (258.25, 160.33)
[M::mem_pestat] low and high boundaries for proper pairs: (1, 1650)
[M::mem_pestat] analyzing insert size distribution for orientation FR...
[M::mem_pestat] (25, 50, 75) percentile: (208, 266, 335)
[M::mem_pestat] low and high boundaries for computing mean and std.dev: (1, 589)
[M::mem_pestat] mean and std.dev: (275.27, 91.76)
[M::mem_pestat] low and high boundaries for proper pairs: (1, 716)
[M::mem_pestat] analyzing insert size distribution for orientation RF...
[M::mem_pestat] (25, 50, 75) percentile: (216, 402, 1499)
[M::mem_pestat] low and high boundaries for computing mean and std.dev: (1, 4065)
[M::mem_pestat] mean and std.dev: (948.29, 1149.98)
[M::mem_pestat] low and high boundaries for proper pairs: (1, 5548)
[M::mem_pestat] skip orientation RR as there are not enough pairs
[M::mem_pestat] skip orientation FF
[M::mem_pestat] skip orientation RF
[M::mem_process_seqs] Processed 2786614 reads in 3013.274 CPU sec, 75.575 real sec
[M::process] read 2796444 sequences (400000013 bp)...
[M::mem_pestat] # candidate unique pairs for (FF, FR, RF, RR): (13, 749156, 95, 13)
[M::mem_pestat] analyzing insert size distribution for orientation FF...
[M::mem_pestat] (25, 50, 75) percentile: (232, 664, 2690)
[M::mem_pestat] low and high boundaries for computing mean and std.dev: (1, 7606)
[M::mem_pestat] mean and std.dev: (1185.08, 1368.19)
[M::mem_pestat] low and high boundaries for proper pairs: (1, 10064)
[M::mem_pestat] analyzing insert size distribution for orientation FR...
[M::mem_pestat] (25, 50, 75) percentile: (206, 263, 334)
[M::mem_pestat] low and high boundaries for computing mean and std.dev: (1, 590)
[M::mem_pestat] mean and std.dev: (273.61, 92.61)
[M::mem_pestat] low and high boundaries for proper pairs: (1, 718)
[M::mem_pestat] analyzing insert size distribution for orientation RF...
[M::mem_pestat] (25, 50, 75) percentile: (120, 306, 2355)
[M::mem_pestat] low and high boundaries for computing mean and std.dev: (1, 6825)
[M::mem_pestat] mean and std.dev: (1017.35, 1640.45)
[M::mem_pestat] low and high boundaries for proper pairs: (1, 9060)
[M::mem_pestat] analyzing insert size distribution for orientation RR...
[M::mem_pestat] (25, 50, 75) percentile: (149, 841, 3349)
[M::mem_pestat] low and high boundaries for computing mean and std.dev: (1, 9749)
[M::mem_pestat] mean and std.dev: (1464.62, 1457.52)
[M::mem_pestat] low and high boundaries for proper pairs: (1, 12949)
[M::mem_pestat] skip orientation FF
[M::mem_pestat] skip orientation RF
[M::mem_pestat] skip orientation RR
[M::mem_process_seqs] Processed 2799242 reads in 2938.365 CPU sec, 73.693 real sec
[M::process] read 2797144 sequences (400000174 bp)...
[M::mem_pestat] # candidate unique pairs for (FF, FR, RF, RR): (12, 749998, 87, 20)
[M::mem_pestat] analyzing insert size distribution for orientation FF...
[M::mem_pestat] (25, 50, 75) percentile: (144, 261, 342)
[M::mem_pestat] low and high boundaries for computing mean and std.dev: (1, 738)
[M::mem_pestat] mean and std.dev: (200.10, 88.02)
[M::mem_pestat] low and high boundaries for proper pairs: (1, 936)
[M::mem_pestat] analyzing insert size distribution for orientation FR...
[M::mem_pestat] (25, 50, 75) percentile: (206, 264, 334)
[M::mem_pestat] low and high boundaries for computing mean and std.dev: (1, 590)
[M::mem_pestat] mean and std.dev: (273.91, 92.71)
[M::mem_pestat] low and high boundaries for proper pairs: (1, 718)
[M::mem_pestat] analyzing insert size distribution for orientation RF...
[M::mem_pestat] (25, 50, 75) percentile: (137, 324, 1508)
[M::mem_pestat] low and high boundaries for computing mean and std.dev: (1, 4250)
[M::mem_pestat] mean and std.dev: (710.38, 916.71)
[M::mem_pestat] low and high boundaries for proper pairs: (1, 5621)
[M::mem_pestat] analyzing insert size distribution for orientation RR...
[M::mem_pestat] (25, 50, 75) percentile: (961, 1431, 3111)
[M::mem_pestat] low and high boundaries for computing mean and std.dev: (1, 7411)
[M::mem_pestat] mean and std.dev: (1688.47, 1442.99)
[M::mem_pestat] low and high boundaries for proper pairs: (1, 9561)
[M::mem_pestat] skip orientation FF
[M::mem_pestat] skip orientation RF
[M::mem_pestat] skip orientation RR
[M::mem_process_seqs] Processed 2796444 reads in 2954.146 CPU sec, 74.065 real sec
[M::process] read 2764972 sequences (396898476 bp)...
[M::mem_pestat] # candidate unique pairs for (FF, FR, RF, RR): (15, 748752, 75, 19)
[M::mem_pestat] analyzing insert size distribution for orientation FF...
[M::mem_pestat] (25, 50, 75) percentile: (138, 934, 1980)
[M::mem_pestat] low and high boundaries for computing mean and std.dev: (1, 5664)
[M::mem_pestat] mean and std.dev: (1135.36, 1136.98)
[M::mem_pestat] low and high boundaries for proper pairs: (1, 7506)
[M::mem_pestat] analyzing insert size distribution for orientation FR...
[M::mem_pestat] (25, 50, 75) percentile: (207, 265, 337)
[M::mem_pestat] low and high boundaries for computing mean and std.dev: (1, 597)
[M::mem_pestat] mean and std.dev: (275.61, 93.20)
[M::mem_pestat] low and high boundaries for proper pairs: (1, 727)
[M::mem_pestat] analyzing insert size distribution for orientation RF...
[M::mem_pestat] (25, 50, 75) percentile: (121, 223, 1653)
[M::mem_pestat] low and high boundaries for computing mean and std.dev: (1, 4717)
[M::mem_pestat] mean and std.dev: (688.27, 1068.70)
[M::mem_pestat] low and high boundaries for proper pairs: (1, 6249)
[M::mem_pestat] analyzing insert size distribution for orientation RR...
[M::mem_pestat] (25, 50, 75) percentile: (222, 329, 2008)
[M::mem_pestat] low and high boundaries for computing mean and std.dev: (1, 5580)
[M::mem_pestat] mean and std.dev: (1415.58, 1572.27)
[M::mem_pestat] low and high boundaries for proper pairs: (1, 7705)
[M::mem_pestat] skip orientation FF
[M::mem_pestat] skip orientation RF
[M::mem_pestat] skip orientation RR
[M::mem_process_seqs] Processed 2797144 reads in 2956.800 CPU sec, 74.201 real sec
[M::mem_pestat] # candidate unique pairs for (FF, FR, RF, RR): (20, 740908, 89, 21)
[M::mem_pestat] analyzing insert size distribution for orientation FF...
[M::mem_pestat] (25, 50, 75) percentile: (135, 360, 1624)
[M::mem_pestat] low and high boundaries for computing mean and std.dev: (1, 4602)
[M::mem_pestat] mean and std.dev: (1074.15, 1478.38)
[M::mem_pestat] low and high boundaries for proper pairs: (1, 6988)
[M::mem_pestat] analyzing insert size distribution for orientation FR...
[M::mem_pestat] (25, 50, 75) percentile: (207, 266, 338)
[M::mem_pestat] low and high boundaries for computing mean and std.dev: (1, 600)
[M::mem_pestat] mean and std.dev: (276.35, 93.89)
[M::mem_pestat] low and high boundaries for proper pairs: (1, 731)
[M::mem_pestat] analyzing insert size distribution for orientation RF...
[M::mem_pestat] (25, 50, 75) percentile: (158, 390, 1467)
[M::mem_pestat] low and high boundaries for computing mean and std.dev: (1, 4085)
[M::mem_pestat] mean and std.dev: (803.81, 890.03)
[M::mem_pestat] low and high boundaries for proper pairs: (1, 5394)
[M::mem_pestat] analyzing insert size distribution for orientation RR...
[M::mem_pestat] (25, 50, 75) percentile: (203, 411, 575)
[M::mem_pestat] low and high boundaries for computing mean and std.dev: (1, 1319)
[M::mem_pestat] mean and std.dev: (319.82, 167.86)
[M::mem_pestat] low and high boundaries for proper pairs: (1, 1691)
[M::mem_pestat] skip orientation FF
[M::mem_pestat] skip orientation RF
[M::mem_pestat] skip orientation RR
[M::mem_process_seqs] Processed 2764972 reads in 3142.587 CPU sec, 84.742 real sec
[main] Version: 0.7.17-r1188
[main] CMD: /home/shared/bwa-0.7.17/bwa mem -M -t 40 ../data/bwa-GCF_031168955.1_ASM3116895v1_genomic ../data/trimmed-fastqs-heatwave-genetics/MHW336_trimmed_clipped_R1_paired.fq.gz ../data/trimmed-fastqs-heatwave-genetics/MHW336_trimmed_clipped_R2_paired.fq.gz
[main] Real time: 2578.919 sec; CPU: 101925.215 sec
