[M::bwa_idx_load_from_disk] read 0 ALT contigs
[M::process] read 2812674 sequences (400000199 bp)...
[M::process] read 2808978 sequences (400000088 bp)...
[M::mem_pestat] # candidate unique pairs for (FF, FR, RF, RR): (17, 782448, 71, 12)
[M::mem_pestat] analyzing insert size distribution for orientation FF...
[M::mem_pestat] (25, 50, 75) percentile: (238, 1468, 4207)
[M::mem_pestat] low and high boundaries for computing mean and std.dev: (1, 12145)
[M::mem_pestat] mean and std.dev: (2378.12, 2654.41)
[M::mem_pestat] low and high boundaries for proper pairs: (1, 16114)
[M::mem_pestat] analyzing insert size distribution for orientation FR...
[M::mem_pestat] (25, 50, 75) percentile: (189, 246, 317)
[M::mem_pestat] low and high boundaries for computing mean and std.dev: (1, 573)
[M::mem_pestat] mean and std.dev: (257.49, 94.78)
[M::mem_pestat] low and high boundaries for proper pairs: (1, 701)
[M::mem_pestat] analyzing insert size distribution for orientation RF...
[M::mem_pestat] (25, 50, 75) percentile: (223, 420, 1215)
[M::mem_pestat] low and high boundaries for computing mean and std.dev: (1, 3199)
[M::mem_pestat] mean and std.dev: (617.31, 619.89)
[M::mem_pestat] low and high boundaries for proper pairs: (1, 4191)
[M::mem_pestat] analyzing insert size distribution for orientation RR...
[M::mem_pestat] (25, 50, 75) percentile: (130, 907, 2156)
[M::mem_pestat] low and high boundaries for computing mean and std.dev: (1, 6208)
[M::mem_pestat] mean and std.dev: (1008.45, 990.29)
[M::mem_pestat] low and high boundaries for proper pairs: (1, 8234)
[M::mem_pestat] skip orientation FF
[M::mem_pestat] skip orientation RF
[M::mem_pestat] skip orientation RR
[M::mem_process_seqs] Processed 2812674 reads in 3130.017 CPU sec, 78.488 real sec
[M::process] read 2802632 sequences (400000079 bp)...
[M::mem_pestat] # candidate unique pairs for (FF, FR, RF, RR): (9, 780413, 91, 9)
[M::mem_pestat] skip orientation FF as there are not enough pairs
[M::mem_pestat] analyzing insert size distribution for orientation FR...
[M::mem_pestat] (25, 50, 75) percentile: (194, 253, 324)
[M::mem_pestat] low and high boundaries for computing mean and std.dev: (1, 584)
[M::mem_pestat] mean and std.dev: (263.33, 95.78)
[M::mem_pestat] low and high boundaries for proper pairs: (1, 714)
[M::mem_pestat] analyzing insert size distribution for orientation RF...
[M::mem_pestat] (25, 50, 75) percentile: (124, 400, 1483)
[M::mem_pestat] low and high boundaries for computing mean and std.dev: (1, 4201)
[M::mem_pestat] mean and std.dev: (835.12, 1091.79)
[M::mem_pestat] low and high boundaries for proper pairs: (1, 5560)
[M::mem_pestat] skip orientation RR as there are not enough pairs
[M::mem_pestat] skip orientation RF
[M::mem_process_seqs] Processed 2808978 reads in 3259.043 CPU sec, 81.842 real sec
[M::process] read 2809694 sequences (400000167 bp)...
[M::mem_pestat] # candidate unique pairs for (FF, FR, RF, RR): (12, 782578, 93, 10)
[M::mem_pestat] analyzing insert size distribution for orientation FF...
[M::mem_pestat] (25, 50, 75) percentile: (214, 1087, 2026)
[M::mem_pestat] low and high boundaries for computing mean and std.dev: (1, 5650)
[M::mem_pestat] mean and std.dev: (983.36, 818.31)
[M::mem_pestat] low and high boundaries for proper pairs: (1, 7462)
[M::mem_pestat] analyzing insert size distribution for orientation FR...
[M::mem_pestat] (25, 50, 75) percentile: (192, 251, 322)
[M::mem_pestat] low and high boundaries for computing mean and std.dev: (1, 582)
[M::mem_pestat] mean and std.dev: (261.51, 95.14)
[M::mem_pestat] low and high boundaries for proper pairs: (1, 712)
[M::mem_pestat] analyzing insert size distribution for orientation RF...
[M::mem_pestat] (25, 50, 75) percentile: (176, 315, 1074)
[M::mem_pestat] low and high boundaries for computing mean and std.dev: (1, 2870)
[M::mem_pestat] mean and std.dev: (624.77, 733.05)
[M::mem_pestat] low and high boundaries for proper pairs: (1, 3768)
[M::mem_pestat] analyzing insert size distribution for orientation RR...
[M::mem_pestat] (25, 50, 75) percentile: (287, 2041, 4919)
[M::mem_pestat] low and high boundaries for computing mean and std.dev: (1, 14183)
[M::mem_pestat] mean and std.dev: (2338.90, 2263.76)
[M::mem_pestat] low and high boundaries for proper pairs: (1, 18815)
[M::mem_pestat] skip orientation FF
[M::mem_pestat] skip orientation RF
[M::mem_pestat] skip orientation RR
[M::mem_process_seqs] Processed 2802632 reads in 3236.272 CPU sec, 81.185 real sec
[M::process] read 2799984 sequences (400000218 bp)...
[M::mem_pestat] # candidate unique pairs for (FF, FR, RF, RR): (14, 781502, 84, 13)
[M::mem_pestat] analyzing insert size distribution for orientation FF...
[M::mem_pestat] (25, 50, 75) percentile: (178, 278, 379)
[M::mem_pestat] low and high boundaries for computing mean and std.dev: (1, 781)
[M::mem_pestat] mean and std.dev: (244.42, 105.39)
[M::mem_pestat] low and high boundaries for proper pairs: (1, 982)
[M::mem_pestat] analyzing insert size distribution for orientation FR...
[M::mem_pestat] (25, 50, 75) percentile: (191, 249, 320)
[M::mem_pestat] low and high boundaries for computing mean and std.dev: (1, 578)
[M::mem_pestat] mean and std.dev: (259.94, 94.80)
[M::mem_pestat] low and high boundaries for proper pairs: (1, 707)
[M::mem_pestat] analyzing insert size distribution for orientation RF...
[M::mem_pestat] (25, 50, 75) percentile: (223, 869, 2500)
[M::mem_pestat] low and high boundaries for computing mean and std.dev: (1, 7054)
[M::mem_pestat] mean and std.dev: (1391.99, 1494.59)
[M::mem_pestat] low and high boundaries for proper pairs: (1, 9331)
[M::mem_pestat] analyzing insert size distribution for orientation RR...
[M::mem_pestat] (25, 50, 75) percentile: (254, 2021, 2052)
[M::mem_pestat] low and high boundaries for computing mean and std.dev: (1, 5648)
[M::mem_pestat] mean and std.dev: (1498.77, 1184.80)
[M::mem_pestat] low and high boundaries for proper pairs: (1, 7446)
[M::mem_pestat] skip orientation FF
[M::mem_pestat] skip orientation RF
[M::mem_pestat] skip orientation RR
[M::mem_process_seqs] Processed 2809694 reads in 3289.169 CPU sec, 82.476 real sec
[M::process] read 2806582 sequences (400000081 bp)...
[M::mem_pestat] # candidate unique pairs for (FF, FR, RF, RR): (16, 779710, 101, 18)
[M::mem_pestat] analyzing insert size distribution for orientation FF...
[M::mem_pestat] (25, 50, 75) percentile: (343, 794, 2626)
[M::mem_pestat] low and high boundaries for computing mean and std.dev: (1, 7192)
[M::mem_pestat] mean and std.dev: (1381.00, 1406.59)
[M::mem_pestat] low and high boundaries for proper pairs: (1, 9475)
[M::mem_pestat] analyzing insert size distribution for orientation FR...
[M::mem_pestat] (25, 50, 75) percentile: (195, 255, 325)
[M::mem_pestat] low and high boundaries for computing mean and std.dev: (1, 585)
[M::mem_pestat] mean and std.dev: (264.55, 95.41)
[M::mem_pestat] low and high boundaries for proper pairs: (1, 715)
[M::mem_pestat] analyzing insert size distribution for orientation RF...
[M::mem_pestat] (25, 50, 75) percentile: (172, 430, 1449)
[M::mem_pestat] low and high boundaries for computing mean and std.dev: (1, 4003)
[M::mem_pestat] mean and std.dev: (800.29, 974.15)
[M::mem_pestat] low and high boundaries for proper pairs: (1, 5280)
[M::mem_pestat] analyzing insert size distribution for orientation RR...
[M::mem_pestat] (25, 50, 75) percentile: (159, 2442, 5127)
[M::mem_pestat] low and high boundaries for computing mean and std.dev: (1, 15063)
[M::mem_pestat] mean and std.dev: (3142.94, 3136.01)
[M::mem_pestat] low and high boundaries for proper pairs: (1, 20031)
[M::mem_pestat] skip orientation FF
[M::mem_pestat] skip orientation RF
[M::mem_pestat] skip orientation RR
[M::mem_process_seqs] Processed 2799984 reads in 3269.575 CPU sec, 81.992 real sec
[M::process] read 2797292 sequences (400000227 bp)...
[M::mem_pestat] # candidate unique pairs for (FF, FR, RF, RR): (12, 781065, 73, 15)
[M::mem_pestat] analyzing insert size distribution for orientation FF...
[M::mem_pestat] (25, 50, 75) percentile: (290, 1696, 6725)
[M::mem_pestat] low and high boundaries for computing mean and std.dev: (1, 19595)
[M::mem_pestat] mean and std.dev: (2532.83, 2999.68)
[M::mem_pestat] low and high boundaries for proper pairs: (1, 26030)
[M::mem_pestat] analyzing insert size distribution for orientation FR...
[M::mem_pestat] (25, 50, 75) percentile: (190, 248, 319)
[M::mem_pestat] low and high boundaries for computing mean and std.dev: (1, 577)
[M::mem_pestat] mean and std.dev: (259.13, 94.79)
[M::mem_pestat] low and high boundaries for proper pairs: (1, 706)
[M::mem_pestat] analyzing insert size distribution for orientation RF...
[M::mem_pestat] (25, 50, 75) percentile: (126, 802, 1347)
[M::mem_pestat] low and high boundaries for computing mean and std.dev: (1, 3789)
[M::mem_pestat] mean and std.dev: (739.64, 816.38)
[M::mem_pestat] low and high boundaries for proper pairs: (1, 5010)
[M::mem_pestat] analyzing insert size distribution for orientation RR...
[M::mem_pestat] (25, 50, 75) percentile: (220, 374, 1961)
[M::mem_pestat] low and high boundaries for computing mean and std.dev: (1, 5443)
[M::mem_pestat] mean and std.dev: (775.31, 773.66)
[M::mem_pestat] low and high boundaries for proper pairs: (1, 7184)
[M::mem_pestat] skip orientation FF
[M::mem_pestat] skip orientation RF
[M::mem_pestat] skip orientation RR
[M::mem_process_seqs] Processed 2806582 reads in 3259.437 CPU sec, 81.730 real sec
[M::process] read 2829526 sequences (400000247 bp)...
[M::mem_pestat] # candidate unique pairs for (FF, FR, RF, RR): (6, 781533, 86, 5)
[M::mem_pestat] skip orientation FF as there are not enough pairs
[M::mem_pestat] analyzing insert size distribution for orientation FR...
[M::mem_pestat] (25, 50, 75) percentile: (197, 256, 327)
[M::mem_pestat] low and high boundaries for computing mean and std.dev: (1, 587)
[M::mem_pestat] mean and std.dev: (266.37, 95.59)
[M::mem_pestat] low and high boundaries for proper pairs: (1, 717)
[M::mem_pestat] analyzing insert size distribution for orientation RF...
[M::mem_pestat] (25, 50, 75) percentile: (223, 617, 1918)
[M::mem_pestat] low and high boundaries for computing mean and std.dev: (1, 5308)
[M::mem_pestat] mean and std.dev: (937.63, 1020.93)
[M::mem_pestat] low and high boundaries for proper pairs: (1, 7003)
[M::mem_pestat] skip orientation RR as there are not enough pairs
[M::mem_pestat] skip orientation RF
[M::mem_process_seqs] Processed 2797292 reads in 3282.106 CPU sec, 82.364 real sec
[M::process] read 2829580 sequences (400000073 bp)...
[M::mem_pestat] # candidate unique pairs for (FF, FR, RF, RR): (13, 778612, 81, 12)
[M::mem_pestat] analyzing insert size distribution for orientation FF...
[M::mem_pestat] (25, 50, 75) percentile: (254, 1017, 3379)
[M::mem_pestat] low and high boundaries for computing mean and std.dev: (1, 9629)
[M::mem_pestat] mean and std.dev: (1621.31, 1525.92)
[M::mem_pestat] low and high boundaries for proper pairs: (1, 12754)
[M::mem_pestat] analyzing insert size distribution for orientation FR...
[M::mem_pestat] (25, 50, 75) percentile: (193, 252, 324)
[M::mem_pestat] low and high boundaries for computing mean and std.dev: (1, 586)
[M::mem_pestat] mean and std.dev: (262.71, 95.98)
[M::mem_pestat] low and high boundaries for proper pairs: (1, 717)
[M::mem_pestat] analyzing insert size distribution for orientation RF...
[M::mem_pestat] (25, 50, 75) percentile: (62, 272, 1292)
[M::mem_pestat] low and high boundaries for computing mean and std.dev: (1, 3752)
[M::mem_pestat] mean and std.dev: (537.56, 772.19)
[M::mem_pestat] low and high boundaries for proper pairs: (1, 4982)
[M::mem_pestat] analyzing insert size distribution for orientation RR...
[M::mem_pestat] (25, 50, 75) percentile: (454, 748, 5804)
[M::mem_pestat] low and high boundaries for computing mean and std.dev: (1, 16504)
[M::mem_pestat] mean and std.dev: (2611.83, 3423.56)
[M::mem_pestat] low and high boundaries for proper pairs: (1, 21854)
[M::mem_pestat] skip orientation FF
[M::mem_pestat] skip orientation RF
[M::mem_pestat] skip orientation RR
[M::mem_process_seqs] Processed 2829526 reads in 3283.275 CPU sec, 82.384 real sec
[M::process] read 2822926 sequences (400000202 bp)...
[M::mem_pestat] # candidate unique pairs for (FF, FR, RF, RR): (13, 780489, 90, 10)
[M::mem_pestat] analyzing insert size distribution for orientation FF...
[M::mem_pestat] (25, 50, 75) percentile: (297, 2405, 7163)
[M::mem_pestat] low and high boundaries for computing mean and std.dev: (1, 20895)
[M::mem_pestat] mean and std.dev: (3174.23, 2815.49)
[M::mem_pestat] low and high boundaries for proper pairs: (1, 27761)
[M::mem_pestat] analyzing insert size distribution for orientation FR...
[M::mem_pestat] (25, 50, 75) percentile: (194, 254, 327)
[M::mem_pestat] low and high boundaries for computing mean and std.dev: (1, 593)
[M::mem_pestat] mean and std.dev: (265.37, 97.53)
[M::mem_pestat] low and high boundaries for proper pairs: (1, 726)
[M::mem_pestat] analyzing insert size distribution for orientation RF...
[M::mem_pestat] (25, 50, 75) percentile: (129, 632, 1861)
[M::mem_pestat] low and high boundaries for computing mean and std.dev: (1, 5325)
[M::mem_pestat] mean and std.dev: (985.02, 1169.35)
[M::mem_pestat] low and high boundaries for proper pairs: (1, 7057)
[M::mem_pestat] analyzing insert size distribution for orientation RR...
[M::mem_pestat] (25, 50, 75) percentile: (46, 186, 287)
[M::mem_pestat] low and high boundaries for computing mean and std.dev: (1, 769)
[M::mem_pestat] mean and std.dev: (121.38, 105.57)
[M::mem_pestat] low and high boundaries for proper pairs: (1, 1010)
[M::mem_pestat] skip orientation FF
[M::mem_pestat] skip orientation RF
[M::mem_pestat] skip orientation RR
[M::mem_process_seqs] Processed 2829580 reads in 3298.568 CPU sec, 82.711 real sec
[M::process] read 2827260 sequences (400000266 bp)...
[M::mem_pestat] # candidate unique pairs for (FF, FR, RF, RR): (21, 780454, 96, 15)
[M::mem_pestat] analyzing insert size distribution for orientation FF...
[M::mem_pestat] (25, 50, 75) percentile: (647, 924, 2079)
[M::mem_pestat] low and high boundaries for computing mean and std.dev: (1, 4943)
[M::mem_pestat] mean and std.dev: (1322.57, 897.87)
[M::mem_pestat] low and high boundaries for proper pairs: (1, 6375)
[M::mem_pestat] analyzing insert size distribution for orientation FR...
[M::mem_pestat] (25, 50, 75) percentile: (194, 253, 325)
[M::mem_pestat] low and high boundaries for computing mean and std.dev: (1, 587)
[M::mem_pestat] mean and std.dev: (263.85, 96.42)
[M::mem_pestat] low and high boundaries for proper pairs: (1, 718)
[M::mem_pestat] analyzing insert size distribution for orientation RF...
[M::mem_pestat] (25, 50, 75) percentile: (147, 395, 1986)
[M::mem_pestat] low and high boundaries for computing mean and std.dev: (1, 5664)
[M::mem_pestat] mean and std.dev: (686.58, 891.44)
[M::mem_pestat] low and high boundaries for proper pairs: (1, 7503)
[M::mem_pestat] analyzing insert size distribution for orientation RR...
[M::mem_pestat] (25, 50, 75) percentile: (1571, 2038, 4131)
[M::mem_pestat] low and high boundaries for computing mean and std.dev: (1, 9251)
[M::mem_pestat] mean and std.dev: (2263.57, 1622.50)
[M::mem_pestat] low and high boundaries for proper pairs: (1, 11811)
[M::mem_pestat] skip orientation FF
[M::mem_pestat] skip orientation RF
[M::mem_pestat] skip orientation RR
[M::mem_process_seqs] Processed 2822926 reads in 3263.119 CPU sec, 82.151 real sec
[M::process] read 2820808 sequences (400000120 bp)...
[M::mem_pestat] # candidate unique pairs for (FF, FR, RF, RR): (5, 781509, 86, 12)
[M::mem_pestat] skip orientation FF as there are not enough pairs
[M::mem_pestat] analyzing insert size distribution for orientation FR...
[M::mem_pestat] (25, 50, 75) percentile: (194, 253, 326)
[M::mem_pestat] low and high boundaries for computing mean and std.dev: (1, 590)
[M::mem_pestat] mean and std.dev: (264.20, 96.96)
[M::mem_pestat] low and high boundaries for proper pairs: (1, 722)
[M::mem_pestat] analyzing insert size distribution for orientation RF...
[M::mem_pestat] (25, 50, 75) percentile: (144, 537, 2518)
[M::mem_pestat] low and high boundaries for computing mean and std.dev: (1, 7266)
[M::mem_pestat] mean and std.dev: (1414.99, 1926.91)
[M::mem_pestat] low and high boundaries for proper pairs: (1, 9640)
[M::mem_pestat] analyzing insert size distribution for orientation RR...
[M::mem_pestat] (25, 50, 75) percentile: (242, 1224, 4407)
[M::mem_pestat] low and high boundaries for computing mean and std.dev: (1, 12737)
[M::mem_pestat] mean and std.dev: (1798.33, 2010.20)
[M::mem_pestat] low and high boundaries for proper pairs: (1, 16902)
[M::mem_pestat] skip orientation RF
[M::mem_pestat] skip orientation RR
[M::mem_process_seqs] Processed 2827260 reads in 3293.165 CPU sec, 82.381 real sec
[M::process] read 2830032 sequences (400000086 bp)...
[M::mem_pestat] # candidate unique pairs for (FF, FR, RF, RR): (14, 779679, 93, 9)
[M::mem_pestat] analyzing insert size distribution for orientation FF...
[M::mem_pestat] (25, 50, 75) percentile: (120, 1539, 1751)
[M::mem_pestat] low and high boundaries for computing mean and std.dev: (1, 5013)
[M::mem_pestat] mean and std.dev: (1127.38, 1049.49)
[M::mem_pestat] low and high boundaries for proper pairs: (1, 6644)
[M::mem_pestat] analyzing insert size distribution for orientation FR...
[M::mem_pestat] (25, 50, 75) percentile: (194, 254, 326)
[M::mem_pestat] low and high boundaries for computing mean and std.dev: (1, 590)
[M::mem_pestat] mean and std.dev: (264.31, 96.52)
[M::mem_pestat] low and high boundaries for proper pairs: (1, 722)
[M::mem_pestat] analyzing insert size distribution for orientation RF...
[M::mem_pestat] (25, 50, 75) percentile: (159, 377, 2384)
[M::mem_pestat] low and high boundaries for computing mean and std.dev: (1, 6834)
[M::mem_pestat] mean and std.dev: (1129.07, 1498.41)
[M::mem_pestat] low and high boundaries for proper pairs: (1, 9059)
[M::mem_pestat] skip orientation RR as there are not enough pairs
[M::mem_pestat] skip orientation FF
[M::mem_pestat] skip orientation RF
[M::mem_process_seqs] Processed 2820808 reads in 3273.479 CPU sec, 82.171 real sec
[M::process] read 2809482 sequences (400000213 bp)...
[M::mem_pestat] # candidate unique pairs for (FF, FR, RF, RR): (14, 782087, 94, 14)
[M::mem_pestat] analyzing insert size distribution for orientation FF...
[M::mem_pestat] (25, 50, 75) percentile: (228, 740, 3049)
[M::mem_pestat] low and high boundaries for computing mean and std.dev: (1, 8691)
[M::mem_pestat] mean and std.dev: (1436.71, 1436.21)
[M::mem_pestat] low and high boundaries for proper pairs: (1, 11512)
[M::mem_pestat] analyzing insert size distribution for orientation FR...
[M::mem_pestat] (25, 50, 75) percentile: (192, 252, 324)
[M::mem_pestat] low and high boundaries for computing mean and std.dev: (1, 588)
[M::mem_pestat] mean and std.dev: (262.42, 96.53)
[M::mem_pestat] low and high boundaries for proper pairs: (1, 720)
[M::mem_pestat] analyzing insert size distribution for orientation RF...
[M::mem_pestat] (25, 50, 75) percentile: (224, 1209, 2417)
[M::mem_pestat] low and high boundaries for computing mean and std.dev: (1, 6803)
[M::mem_pestat] mean and std.dev: (1538.44, 1696.06)
[M::mem_pestat] low and high boundaries for proper pairs: (1, 8996)
[M::mem_pestat] analyzing insert size distribution for orientation RR...
[M::mem_pestat] (25, 50, 75) percentile: (241, 1350, 2692)
[M::mem_pestat] low and high boundaries for computing mean and std.dev: (1, 7594)
[M::mem_pestat] mean and std.dev: (1347.36, 1181.01)
[M::mem_pestat] low and high boundaries for proper pairs: (1, 10045)
[M::mem_pestat] skip orientation FF
[M::mem_pestat] skip orientation RF
[M::mem_pestat] skip orientation RR
[M::mem_process_seqs] Processed 2830032 reads in 3350.988 CPU sec, 84.058 real sec
[M::process] read 2806492 sequences (400000046 bp)...
[M::mem_pestat] # candidate unique pairs for (FF, FR, RF, RR): (16, 780305, 99, 8)
[M::mem_pestat] analyzing insert size distribution for orientation FF...
[M::mem_pestat] (25, 50, 75) percentile: (332, 1593, 2122)
[M::mem_pestat] low and high boundaries for computing mean and std.dev: (1, 5702)
[M::mem_pestat] mean and std.dev: (1482.31, 1438.51)
[M::mem_pestat] low and high boundaries for proper pairs: (1, 7492)
[M::mem_pestat] analyzing insert size distribution for orientation FR...
[M::mem_pestat] (25, 50, 75) percentile: (195, 255, 329)
[M::mem_pestat] low and high boundaries for computing mean and std.dev: (1, 597)
[M::mem_pestat] mean and std.dev: (266.41, 97.82)
[M::mem_pestat] low and high boundaries for proper pairs: (1, 731)
[M::mem_pestat] analyzing insert size distribution for orientation RF...
[M::mem_pestat] (25, 50, 75) percentile: (197, 563, 1948)
[M::mem_pestat] low and high boundaries for computing mean and std.dev: (1, 5450)
[M::mem_pestat] mean and std.dev: (920.82, 1032.89)
[M::mem_pestat] low and high boundaries for proper pairs: (1, 7201)
[M::mem_pestat] skip orientation RR as there are not enough pairs
[M::mem_pestat] skip orientation FF
[M::mem_pestat] skip orientation RF
[M::mem_process_seqs] Processed 2809482 reads in 3283.201 CPU sec, 82.331 real sec
[M::process] read 2801106 sequences (400000194 bp)...
[M::mem_pestat] # candidate unique pairs for (FF, FR, RF, RR): (22, 781096, 105, 6)
[M::mem_pestat] analyzing insert size distribution for orientation FF...
[M::mem_pestat] (25, 50, 75) percentile: (78, 170, 770)
[M::mem_pestat] low and high boundaries for computing mean and std.dev: (1, 2154)
[M::mem_pestat] mean and std.dev: (407.38, 543.82)
[M::mem_pestat] low and high boundaries for proper pairs: (1, 2846)
[M::mem_pestat] analyzing insert size distribution for orientation FR...
[M::mem_pestat] (25, 50, 75) percentile: (191, 250, 320)
[M::mem_pestat] low and high boundaries for computing mean and std.dev: (1, 578)
[M::mem_pestat] mean and std.dev: (260.14, 94.81)
[M::mem_pestat] low and high boundaries for proper pairs: (1, 707)
[M::mem_pestat] analyzing insert size distribution for orientation RF...
[M::mem_pestat] (25, 50, 75) percentile: (241, 842, 2980)
[M::mem_pestat] low and high boundaries for computing mean and std.dev: (1, 8458)
[M::mem_pestat] mean and std.dev: (1695.36, 2060.92)
[M::mem_pestat] low and high boundaries for proper pairs: (1, 11197)
[M::mem_pestat] skip orientation RR as there are not enough pairs
[M::mem_pestat] skip orientation FF
[M::mem_pestat] skip orientation RF
[M::mem_process_seqs] Processed 2806492 reads in 3251.321 CPU sec, 81.532 real sec
[M::process] read 2799176 sequences (400000059 bp)...
[M::mem_pestat] # candidate unique pairs for (FF, FR, RF, RR): (22, 779436, 123, 5)
[M::mem_pestat] analyzing insert size distribution for orientation FF...
[M::mem_pestat] (25, 50, 75) percentile: (293, 719, 2120)
[M::mem_pestat] low and high boundaries for computing mean and std.dev: (1, 5774)
[M::mem_pestat] mean and std.dev: (1327.77, 1350.33)
[M::mem_pestat] low and high boundaries for proper pairs: (1, 7601)
[M::mem_pestat] analyzing insert size distribution for orientation FR...
[M::mem_pestat] (25, 50, 75) percentile: (194, 252, 323)
[M::mem_pestat] low and high boundaries for computing mean and std.dev: (1, 581)
[M::mem_pestat] mean and std.dev: (262.52, 95.09)
[M::mem_pestat] low and high boundaries for proper pairs: (1, 710)
[M::mem_pestat] analyzing insert size distribution for orientation RF...
[M::mem_pestat] (25, 50, 75) percentile: (223, 740, 1899)
[M::mem_pestat] low and high boundaries for computing mean and std.dev: (1, 5251)
[M::mem_pestat] mean and std.dev: (834.87, 866.96)
[M::mem_pestat] low and high boundaries for proper pairs: (1, 6927)
[M::mem_pestat] skip orientation RR as there are not enough pairs
[M::mem_pestat] skip orientation FF
[M::mem_pestat] skip orientation RF
[M::mem_process_seqs] Processed 2801106 reads in 3242.305 CPU sec, 81.559 real sec
[M::process] read 2803876 sequences (400000066 bp)...
[M::mem_pestat] # candidate unique pairs for (FF, FR, RF, RR): (8, 780579, 90, 12)
[M::mem_pestat] skip orientation FF as there are not enough pairs
[M::mem_pestat] analyzing insert size distribution for orientation FR...
[M::mem_pestat] (25, 50, 75) percentile: (195, 254, 324)
[M::mem_pestat] low and high boundaries for computing mean and std.dev: (1, 582)
[M::mem_pestat] mean and std.dev: (263.63, 95.15)
[M::mem_pestat] low and high boundaries for proper pairs: (1, 711)
[M::mem_pestat] analyzing insert size distribution for orientation RF...
[M::mem_pestat] (25, 50, 75) percentile: (312, 832, 2482)
[M::mem_pestat] low and high boundaries for computing mean and std.dev: (1, 6822)
[M::mem_pestat] mean and std.dev: (1053.15, 1086.99)
[M::mem_pestat] low and high boundaries for proper pairs: (1, 8992)
[M::mem_pestat] analyzing insert size distribution for orientation RR...
[M::mem_pestat] (25, 50, 75) percentile: (148, 322, 4192)
[M::mem_pestat] low and high boundaries for computing mean and std.dev: (1, 12280)
[M::mem_pestat] mean and std.dev: (1850.75, 2381.74)
[M::mem_pestat] low and high boundaries for proper pairs: (1, 16324)
[M::mem_pestat] skip orientation RF
[M::mem_pestat] skip orientation RR
[M::mem_process_seqs] Processed 2799176 reads in 3248.987 CPU sec, 81.301 real sec
[M::process] read 2798938 sequences (400000112 bp)...
[M::mem_pestat] # candidate unique pairs for (FF, FR, RF, RR): (14, 780824, 68, 6)
[M::mem_pestat] analyzing insert size distribution for orientation FF...
[M::mem_pestat] (25, 50, 75) percentile: (293, 3379, 3379)
[M::mem_pestat] low and high boundaries for computing mean and std.dev: (1, 9551)
[M::mem_pestat] mean and std.dev: (2101.21, 2077.75)
[M::mem_pestat] low and high boundaries for proper pairs: (1, 12637)
[M::mem_pestat] analyzing insert size distribution for orientation FR...
[M::mem_pestat] (25, 50, 75) percentile: (193, 252, 323)
[M::mem_pestat] low and high boundaries for computing mean and std.dev: (1, 583)
[M::mem_pestat] mean and std.dev: (262.57, 95.65)
[M::mem_pestat] low and high boundaries for proper pairs: (1, 713)
[M::mem_pestat] analyzing insert size distribution for orientation RF...
[M::mem_pestat] (25, 50, 75) percentile: (175, 624, 1575)
[M::mem_pestat] low and high boundaries for computing mean and std.dev: (1, 4375)
[M::mem_pestat] mean and std.dev: (984.25, 1206.11)
[M::mem_pestat] low and high boundaries for proper pairs: (1, 5809)
[M::mem_pestat] skip orientation RR as there are not enough pairs
[M::mem_pestat] skip orientation FF
[M::mem_pestat] skip orientation RF
[M::mem_process_seqs] Processed 2803876 reads in 3517.340 CPU sec, 93.705 real sec
[M::process] read 2795590 sequences (400000175 bp)...
[M::mem_pestat] # candidate unique pairs for (FF, FR, RF, RR): (18, 779673, 87, 9)
[M::mem_pestat] analyzing insert size distribution for orientation FF...
[M::mem_pestat] (25, 50, 75) percentile: (205, 1257, 1481)
[M::mem_pestat] low and high boundaries for computing mean and std.dev: (1, 4033)
[M::mem_pestat] mean and std.dev: (1217.94, 1071.51)
[M::mem_pestat] low and high boundaries for proper pairs: (1, 5504)
[M::mem_pestat] analyzing insert size distribution for orientation FR...
[M::mem_pestat] (25, 50, 75) percentile: (196, 255, 326)
[M::mem_pestat] low and high boundaries for computing mean and std.dev: (1, 586)
[M::mem_pestat] mean and std.dev: (265.36, 95.61)
[M::mem_pestat] low and high boundaries for proper pairs: (1, 716)
[M::mem_pestat] analyzing insert size distribution for orientation RF...
[M::mem_pestat] (25, 50, 75) percentile: (154, 348, 2055)
[M::mem_pestat] low and high boundaries for computing mean and std.dev: (1, 5857)
[M::mem_pestat] mean and std.dev: (840.67, 1207.50)
[M::mem_pestat] low and high boundaries for proper pairs: (1, 7758)
[M::mem_pestat] skip orientation RR as there are not enough pairs
[M::mem_pestat] skip orientation FF
[M::mem_pestat] skip orientation RF
[M::mem_process_seqs] Processed 2798938 reads in 3229.901 CPU sec, 81.025 real sec
[M::process] read 2800406 sequences (400000118 bp)...
[M::mem_pestat] # candidate unique pairs for (FF, FR, RF, RR): (8, 779374, 84, 11)
[M::mem_pestat] skip orientation FF as there are not enough pairs
[M::mem_pestat] analyzing insert size distribution for orientation FR...
[M::mem_pestat] (25, 50, 75) percentile: (194, 253, 325)
[M::mem_pestat] low and high boundaries for computing mean and std.dev: (1, 587)
[M::mem_pestat] mean and std.dev: (263.56, 96.38)
[M::mem_pestat] low and high boundaries for proper pairs: (1, 718)
[M::mem_pestat] analyzing insert size distribution for orientation RF...
[M::mem_pestat] (25, 50, 75) percentile: (153, 253, 1271)
[M::mem_pestat] low and high boundaries for computing mean and std.dev: (1, 3507)
[M::mem_pestat] mean and std.dev: (721.90, 878.61)
[M::mem_pestat] low and high boundaries for proper pairs: (1, 4625)
[M::mem_pestat] analyzing insert size distribution for orientation RR...
[M::mem_pestat] (25, 50, 75) percentile: (448, 521, 3958)
[M::mem_pestat] low and high boundaries for computing mean and std.dev: (1, 10978)
[M::mem_pestat] mean and std.dev: (2554.55, 3142.19)
[M::mem_pestat] low and high boundaries for proper pairs: (1, 15123)
[M::mem_pestat] skip orientation RF
[M::mem_pestat] skip orientation RR
[M::mem_process_seqs] Processed 2795590 reads in 3256.893 CPU sec, 81.690 real sec
[M::process] read 2825948 sequences (400000132 bp)...
[M::mem_pestat] # candidate unique pairs for (FF, FR, RF, RR): (12, 780826, 100, 14)
[M::mem_pestat] analyzing insert size distribution for orientation FF...
[M::mem_pestat] (25, 50, 75) percentile: (2362, 3191, 4202)
[M::mem_pestat] low and high boundaries for computing mean and std.dev: (1, 7882)
[M::mem_pestat] mean and std.dev: (2976.67, 1341.27)
[M::mem_pestat] low and high boundaries for proper pairs: (1, 9722)
[M::mem_pestat] analyzing insert size distribution for orientation FR...
[M::mem_pestat] (25, 50, 75) percentile: (196, 255, 326)
[M::mem_pestat] low and high boundaries for computing mean and std.dev: (1, 586)
[M::mem_pestat] mean and std.dev: (265.13, 95.94)
[M::mem_pestat] low and high boundaries for proper pairs: (1, 716)
[M::mem_pestat] analyzing insert size distribution for orientation RF...
[M::mem_pestat] (25, 50, 75) percentile: (216, 573, 2241)
[M::mem_pestat] low and high boundaries for computing mean and std.dev: (1, 6291)
[M::mem_pestat] mean and std.dev: (1087.56, 1251.08)
[M::mem_pestat] low and high boundaries for proper pairs: (1, 8316)
[M::mem_pestat] analyzing insert size distribution for orientation RR...
[M::mem_pestat] (25, 50, 75) percentile: (210, 294, 473)
[M::mem_pestat] low and high boundaries for computing mean and std.dev: (1, 999)
[M::mem_pestat] mean and std.dev: (312.83, 137.16)
[M::mem_pestat] low and high boundaries for proper pairs: (1, 1262)
[M::mem_pestat] skip orientation FF
[M::mem_pestat] skip orientation RF
[M::mem_pestat] skip orientation RR
[M::mem_process_seqs] Processed 2800406 reads in 3284.953 CPU sec, 82.378 real sec
[M::process] read 2826108 sequences (400000235 bp)...
[M::mem_pestat] # candidate unique pairs for (FF, FR, RF, RR): (7, 779819, 97, 8)
[M::mem_pestat] skip orientation FF as there are not enough pairs
[M::mem_pestat] analyzing insert size distribution for orientation FR...
[M::mem_pestat] (25, 50, 75) percentile: (194, 253, 326)
[M::mem_pestat] low and high boundaries for computing mean and std.dev: (1, 590)
[M::mem_pestat] mean and std.dev: (263.96, 96.73)
[M::mem_pestat] low and high boundaries for proper pairs: (1, 722)
[M::mem_pestat] analyzing insert size distribution for orientation RF...
[M::mem_pestat] (25, 50, 75) percentile: (120, 637, 2936)
[M::mem_pestat] low and high boundaries for computing mean and std.dev: (1, 8568)
[M::mem_pestat] mean and std.dev: (1501.72, 1913.06)
[M::mem_pestat] low and high boundaries for proper pairs: (1, 11384)
[M::mem_pestat] skip orientation RR as there are not enough pairs
[M::mem_pestat] skip orientation RF
[M::mem_process_seqs] Processed 2825948 reads in 3268.756 CPU sec, 81.992 real sec
[M::process] read 2819540 sequences (400000260 bp)...
[M::mem_pestat] # candidate unique pairs for (FF, FR, RF, RR): (12, 778873, 87, 18)
[M::mem_pestat] analyzing insert size distribution for orientation FF...
[M::mem_pestat] (25, 50, 75) percentile: (358, 493, 4347)
[M::mem_pestat] low and high boundaries for computing mean and std.dev: (1, 12325)
[M::mem_pestat] mean and std.dev: (2146.50, 2639.01)
[M::mem_pestat] low and high boundaries for proper pairs: (1, 16314)
[M::mem_pestat] analyzing insert size distribution for orientation FR...
[M::mem_pestat] (25, 50, 75) percentile: (195, 255, 327)
[M::mem_pestat] low and high boundaries for computing mean and std.dev: (1, 591)
[M::mem_pestat] mean and std.dev: (265.48, 96.98)
[M::mem_pestat] low and high boundaries for proper pairs: (1, 723)
[M::mem_pestat] analyzing insert size distribution for orientation RF...
[M::mem_pestat] (25, 50, 75) percentile: (223, 666, 2289)
[M::mem_pestat] low and high boundaries for computing mean and std.dev: (1, 6421)
[M::mem_pestat] mean and std.dev: (1167.45, 1371.72)
[M::mem_pestat] low and high boundaries for proper pairs: (1, 8487)
[M::mem_pestat] analyzing insert size distribution for orientation RR...
[M::mem_pestat] (25, 50, 75) percentile: (154, 723, 2754)
[M::mem_pestat] low and high boundaries for computing mean and std.dev: (1, 7954)
[M::mem_pestat] mean and std.dev: (1460.22, 1636.22)
[M::mem_pestat] low and high boundaries for proper pairs: (1, 10554)
[M::mem_pestat] skip orientation FF
[M::mem_pestat] skip orientation RF
[M::mem_pestat] skip orientation RR
[M::mem_process_seqs] Processed 2826108 reads in 3306.069 CPU sec, 83.104 real sec
[M::process] read 2825112 sequences (400000292 bp)...
[M::mem_pestat] # candidate unique pairs for (FF, FR, RF, RR): (16, 780424, 103, 10)
[M::mem_pestat] analyzing insert size distribution for orientation FF...
[M::mem_pestat] (25, 50, 75) percentile: (219, 2419, 2566)
[M::mem_pestat] low and high boundaries for computing mean and std.dev: (1, 7260)
[M::mem_pestat] mean and std.dev: (1839.20, 1491.00)
[M::mem_pestat] low and high boundaries for proper pairs: (1, 9607)
[M::mem_pestat] analyzing insert size distribution for orientation FR...
[M::mem_pestat] (25, 50, 75) percentile: (194, 254, 326)
[M::mem_pestat] low and high boundaries for computing mean and std.dev: (1, 590)
[M::mem_pestat] mean and std.dev: (264.55, 96.74)
[M::mem_pestat] low and high boundaries for proper pairs: (1, 722)
[M::mem_pestat] analyzing insert size distribution for orientation RF...
[M::mem_pestat] (25, 50, 75) percentile: (152, 335, 2158)
[M::mem_pestat] low and high boundaries for computing mean and std.dev: (1, 6170)
[M::mem_pestat] mean and std.dev: (945.01, 1200.54)
[M::mem_pestat] low and high boundaries for proper pairs: (1, 8176)
[M::mem_pestat] analyzing insert size distribution for orientation RR...
[M::mem_pestat] (25, 50, 75) percentile: (250, 1955, 2142)
[M::mem_pestat] low and high boundaries for computing mean and std.dev: (1, 5926)
[M::mem_pestat] mean and std.dev: (1371.80, 928.61)
[M::mem_pestat] low and high boundaries for proper pairs: (1, 7818)
[M::mem_pestat] skip orientation FF
[M::mem_pestat] skip orientation RF
[M::mem_pestat] skip orientation RR
[M::mem_process_seqs] Processed 2819540 reads in 3277.068 CPU sec, 82.147 real sec
[M::process] read 2824568 sequences (400000090 bp)...
[M::mem_pestat] # candidate unique pairs for (FF, FR, RF, RR): (7, 778466, 88, 11)
[M::mem_pestat] skip orientation FF as there are not enough pairs
[M::mem_pestat] analyzing insert size distribution for orientation FR...
[M::mem_pestat] (25, 50, 75) percentile: (195, 255, 328)
[M::mem_pestat] low and high boundaries for computing mean and std.dev: (1, 594)
[M::mem_pestat] mean and std.dev: (266.05, 97.80)
[M::mem_pestat] low and high boundaries for proper pairs: (1, 727)
[M::mem_pestat] analyzing insert size distribution for orientation RF...
[M::mem_pestat] (25, 50, 75) percentile: (170, 485, 2325)
[M::mem_pestat] low and high boundaries for computing mean and std.dev: (1, 6635)
[M::mem_pestat] mean and std.dev: (1179.58, 1451.93)
[M::mem_pestat] low and high boundaries for proper pairs: (1, 8790)
[M::mem_pestat] analyzing insert size distribution for orientation RR...
[M::mem_pestat] (25, 50, 75) percentile: (199, 687, 2009)
[M::mem_pestat] low and high boundaries for computing mean and std.dev: (1, 5629)
[M::mem_pestat] mean and std.dev: (823.00, 738.67)
[M::mem_pestat] low and high boundaries for proper pairs: (1, 7439)
[M::mem_pestat] skip orientation RF
[M::mem_pestat] skip orientation RR
[M::mem_process_seqs] Processed 2825112 reads in 3285.828 CPU sec, 82.364 real sec
[M::process] read 2806956 sequences (400000288 bp)...
[M::mem_pestat] # candidate unique pairs for (FF, FR, RF, RR): (12, 782234, 88, 11)
[M::mem_pestat] analyzing insert size distribution for orientation FF...
[M::mem_pestat] (25, 50, 75) percentile: (298, 2055, 4241)
[M::mem_pestat] low and high boundaries for computing mean and std.dev: (1, 12127)
[M::mem_pestat] mean and std.dev: (2685.00, 2846.20)
[M::mem_pestat] low and high boundaries for proper pairs: (1, 16070)
[M::mem_pestat] analyzing insert size distribution for orientation FR...
[M::mem_pestat] (25, 50, 75) percentile: (194, 254, 327)
[M::mem_pestat] low and high boundaries for computing mean and std.dev: (1, 593)
[M::mem_pestat] mean and std.dev: (264.98, 97.14)
[M::mem_pestat] low and high boundaries for proper pairs: (1, 726)
[M::mem_pestat] analyzing insert size distribution for orientation RF...
[M::mem_pestat] (25, 50, 75) percentile: (196, 480, 1496)
[M::mem_pestat] low and high boundaries for computing mean and std.dev: (1, 4096)
[M::mem_pestat] mean and std.dev: (939.67, 1058.37)
[M::mem_pestat] low and high boundaries for proper pairs: (1, 5396)
[M::mem_pestat] analyzing insert size distribution for orientation RR...
[M::mem_pestat] (25, 50, 75) percentile: (167, 654, 1686)
[M::mem_pestat] low and high boundaries for computing mean and std.dev: (1, 4724)
[M::mem_pestat] mean and std.dev: (760.80, 707.13)
[M::mem_pestat] low and high boundaries for proper pairs: (1, 6243)
[M::mem_pestat] skip orientation FF
[M::mem_pestat] skip orientation RF
[M::mem_pestat] skip orientation RR
[M::mem_process_seqs] Processed 2824568 reads in 3301.275 CPU sec, 82.838 real sec
[M::process] read 2807640 sequences (400000246 bp)...
[M::mem_pestat] # candidate unique pairs for (FF, FR, RF, RR): (9, 780228, 82, 12)
[M::mem_pestat] skip orientation FF as there are not enough pairs
[M::mem_pestat] analyzing insert size distribution for orientation FR...
[M::mem_pestat] (25, 50, 75) percentile: (195, 255, 328)
[M::mem_pestat] low and high boundaries for computing mean and std.dev: (1, 594)
[M::mem_pestat] mean and std.dev: (265.56, 97.41)
[M::mem_pestat] low and high boundaries for proper pairs: (1, 727)
[M::mem_pestat] analyzing insert size distribution for orientation RF...
[M::mem_pestat] (25, 50, 75) percentile: (175, 731, 1318)
[M::mem_pestat] low and high boundaries for computing mean and std.dev: (1, 3604)
[M::mem_pestat] mean and std.dev: (887.88, 829.61)
[M::mem_pestat] low and high boundaries for proper pairs: (1, 4747)
[M::mem_pestat] analyzing insert size distribution for orientation RR...
[M::mem_pestat] (25, 50, 75) percentile: (215, 378, 2417)
[M::mem_pestat] low and high boundaries for computing mean and std.dev: (1, 6821)
[M::mem_pestat] mean and std.dev: (1196.00, 1766.00)
[M::mem_pestat] low and high boundaries for proper pairs: (1, 9023)
[M::mem_pestat] skip orientation RF
[M::mem_pestat] skip orientation RR
[M::mem_process_seqs] Processed 2806956 reads in 3276.327 CPU sec, 82.126 real sec
[M::process] read 2807140 sequences (400000192 bp)...
[M::mem_pestat] # candidate unique pairs for (FF, FR, RF, RR): (14, 780358, 81, 21)
[M::mem_pestat] analyzing insert size distribution for orientation FF...
[M::mem_pestat] (25, 50, 75) percentile: (268, 638, 2059)
[M::mem_pestat] low and high boundaries for computing mean and std.dev: (1, 5641)
[M::mem_pestat] mean and std.dev: (824.55, 758.20)
[M::mem_pestat] low and high boundaries for proper pairs: (1, 7432)
[M::mem_pestat] analyzing insert size distribution for orientation FR...
[M::mem_pestat] (25, 50, 75) percentile: (192, 251, 321)
[M::mem_pestat] low and high boundaries for computing mean and std.dev: (1, 579)
[M::mem_pestat] mean and std.dev: (261.28, 95.07)
[M::mem_pestat] low and high boundaries for proper pairs: (1, 708)
[M::mem_pestat] analyzing insert size distribution for orientation RF...
[M::mem_pestat] (25, 50, 75) percentile: (162, 618, 2264)
[M::mem_pestat] low and high boundaries for computing mean and std.dev: (1, 6468)
[M::mem_pestat] mean and std.dev: (1149.91, 1345.00)
[M::mem_pestat] low and high boundaries for proper pairs: (1, 8570)
[M::mem_pestat] analyzing insert size distribution for orientation RR...
[M::mem_pestat] (25, 50, 75) percentile: (166, 714, 2261)
[M::mem_pestat] low and high boundaries for computing mean and std.dev: (1, 6451)
[M::mem_pestat] mean and std.dev: (1060.24, 970.68)
[M::mem_pestat] low and high boundaries for proper pairs: (1, 8546)
[M::mem_pestat] skip orientation FF
[M::mem_pestat] skip orientation RF
[M::mem_pestat] skip orientation RR
[M::mem_process_seqs] Processed 2807640 reads in 3268.489 CPU sec, 81.806 real sec
[M::process] read 2810478 sequences (400000176 bp)...
[M::mem_pestat] # candidate unique pairs for (FF, FR, RF, RR): (7, 783550, 85, 11)
[M::mem_pestat] skip orientation FF as there are not enough pairs
[M::mem_pestat] analyzing insert size distribution for orientation FR...
[M::mem_pestat] (25, 50, 75) percentile: (190, 247, 314)
[M::mem_pestat] low and high boundaries for computing mean and std.dev: (1, 562)
[M::mem_pestat] mean and std.dev: (256.06, 91.73)
[M::mem_pestat] low and high boundaries for proper pairs: (1, 686)
[M::mem_pestat] analyzing insert size distribution for orientation RF...
[M::mem_pestat] (25, 50, 75) percentile: (132, 616, 2426)
[M::mem_pestat] low and high boundaries for computing mean and std.dev: (1, 7014)
[M::mem_pestat] mean and std.dev: (1204.37, 1426.08)
[M::mem_pestat] low and high boundaries for proper pairs: (1, 9308)
[M::mem_pestat] analyzing insert size distribution for orientation RR...
[M::mem_pestat] (25, 50, 75) percentile: (392, 1830, 1914)
[M::mem_pestat] low and high boundaries for computing mean and std.dev: (1, 4958)
[M::mem_pestat] mean and std.dev: (1270.30, 1094.13)
[M::mem_pestat] low and high boundaries for proper pairs: (1, 6480)
[M::mem_pestat] skip orientation RF
[M::mem_pestat] skip orientation RR
[M::mem_process_seqs] Processed 2807140 reads in 3259.516 CPU sec, 82.003 real sec
[M::process] read 2829048 sequences (400000077 bp)...
[M::mem_pestat] # candidate unique pairs for (FF, FR, RF, RR): (10, 781001, 96, 6)
[M::mem_pestat] analyzing insert size distribution for orientation FF...
[M::mem_pestat] (25, 50, 75) percentile: (3889, 7444, 7444)
[M::mem_pestat] low and high boundaries for computing mean and std.dev: (1, 14554)
[M::mem_pestat] mean and std.dev: (5022.50, 2798.89)
[M::mem_pestat] low and high boundaries for proper pairs: (1, 18109)
[M::mem_pestat] analyzing insert size distribution for orientation FR...
[M::mem_pestat] (25, 50, 75) percentile: (191, 248, 316)
[M::mem_pestat] low and high boundaries for computing mean and std.dev: (1, 566)
[M::mem_pestat] mean and std.dev: (257.45, 92.43)
[M::mem_pestat] low and high boundaries for proper pairs: (1, 691)
[M::mem_pestat] analyzing insert size distribution for orientation RF...
[M::mem_pestat] (25, 50, 75) percentile: (189, 400, 2432)
[M::mem_pestat] low and high boundaries for computing mean and std.dev: (1, 6918)
[M::mem_pestat] mean and std.dev: (1091.54, 1441.76)
[M::mem_pestat] low and high boundaries for proper pairs: (1, 9161)
[M::mem_pestat] skip orientation RR as there are not enough pairs
[M::mem_pestat] skip orientation FF
[M::mem_pestat] skip orientation RF
[M::mem_process_seqs] Processed 2810478 reads in 3283.127 CPU sec, 82.303 real sec
[M::process] read 2485408 sequences (352378237 bp)...
[M::mem_pestat] # candidate unique pairs for (FF, FR, RF, RR): (9, 782898, 76, 8)
[M::mem_pestat] skip orientation FF as there are not enough pairs
[M::mem_pestat] analyzing insert size distribution for orientation FR...
[M::mem_pestat] (25, 50, 75) percentile: (189, 245, 313)
[M::mem_pestat] low and high boundaries for computing mean and std.dev: (1, 561)
[M::mem_pestat] mean and std.dev: (254.85, 91.89)
[M::mem_pestat] low and high boundaries for proper pairs: (1, 685)
[M::mem_pestat] analyzing insert size distribution for orientation RF...
[M::mem_pestat] (25, 50, 75) percentile: (112, 373, 1076)
[M::mem_pestat] low and high boundaries for computing mean and std.dev: (1, 3004)
[M::mem_pestat] mean and std.dev: (529.90, 589.34)
[M::mem_pestat] low and high boundaries for proper pairs: (1, 3968)
[M::mem_pestat] skip orientation RR as there are not enough pairs
[M::mem_pestat] skip orientation RF
[M::mem_process_seqs] Processed 2829048 reads in 3279.762 CPU sec, 82.056 real sec
[M::mem_pestat] # candidate unique pairs for (FF, FR, RF, RR): (11, 689575, 80, 10)
[M::mem_pestat] analyzing insert size distribution for orientation FF...
[M::mem_pestat] (25, 50, 75) percentile: (413, 882, 3230)
[M::mem_pestat] low and high boundaries for computing mean and std.dev: (1, 8864)
[M::mem_pestat] mean and std.dev: (1590.82, 1500.56)
[M::mem_pestat] low and high boundaries for proper pairs: (1, 11681)
[M::mem_pestat] analyzing insert size distribution for orientation FR...
[M::mem_pestat] (25, 50, 75) percentile: (189, 246, 314)
[M::mem_pestat] low and high boundaries for computing mean and std.dev: (1, 564)
[M::mem_pestat] mean and std.dev: (255.80, 92.40)
[M::mem_pestat] low and high boundaries for proper pairs: (1, 689)
[M::mem_pestat] analyzing insert size distribution for orientation RF...
[M::mem_pestat] (25, 50, 75) percentile: (204, 662, 2419)
[M::mem_pestat] low and high boundaries for computing mean and std.dev: (1, 6849)
[M::mem_pestat] mean and std.dev: (1422.94, 1716.61)
[M::mem_pestat] low and high boundaries for proper pairs: (1, 9064)
[M::mem_pestat] analyzing insert size distribution for orientation RR...
[M::mem_pestat] (25, 50, 75) percentile: (426, 1342, 2041)
[M::mem_pestat] low and high boundaries for computing mean and std.dev: (1, 5271)
[M::mem_pestat] mean and std.dev: (1263.00, 1153.94)
[M::mem_pestat] low and high boundaries for proper pairs: (1, 6886)
[M::mem_pestat] skip orientation FF
[M::mem_pestat] skip orientation RF
[M::mem_pestat] skip orientation RR
[M::mem_process_seqs] Processed 2485408 reads in 2933.968 CPU sec, 73.770 real sec
[main] Version: 0.7.17-r1188
[main] CMD: /home/shared/bwa-0.7.17/bwa mem -M -t 40 ../data/bwa-GCF_031168955.1_ASM3116895v1_genomic ../data/trimmed-fastqs-heatwave-genetics/MHW432_trimmed_clipped_R1_paired.fq.gz ../data/trimmed-fastqs-heatwave-genetics/MHW432_trimmed_clipped_R2_paired.fq.gz
[main] Real time: 2637.978 sec; CPU: 104552.124 sec
