[M::bwa_idx_load_from_disk] read 0 ALT contigs
[M::process] read 2814232 sequences (400000277 bp)...
[M::process] read 2809452 sequences (400000215 bp)...
[M::mem_pestat] # candidate unique pairs for (FF, FR, RF, RR): (5, 786925, 90, 8)
[M::mem_pestat] skip orientation FF as there are not enough pairs
[M::mem_pestat] analyzing insert size distribution for orientation FR...
[M::mem_pestat] (25, 50, 75) percentile: (186, 240, 305)
[M::mem_pestat] low and high boundaries for computing mean and std.dev: (1, 543)
[M::mem_pestat] mean and std.dev: (249.01, 88.70)
[M::mem_pestat] low and high boundaries for proper pairs: (1, 662)
[M::mem_pestat] analyzing insert size distribution for orientation RF...
[M::mem_pestat] (25, 50, 75) percentile: (138, 630, 2340)
[M::mem_pestat] low and high boundaries for computing mean and std.dev: (1, 6744)
[M::mem_pestat] mean and std.dev: (1248.40, 1505.90)
[M::mem_pestat] low and high boundaries for proper pairs: (1, 8946)
[M::mem_pestat] skip orientation RR as there are not enough pairs
[M::mem_pestat] skip orientation RF
[M::mem_process_seqs] Processed 2814232 reads in 3015.973 CPU sec, 75.716 real sec
[M::process] read 2802292 sequences (400000052 bp)...
[M::mem_pestat] # candidate unique pairs for (FF, FR, RF, RR): (11, 787364, 73, 9)
[M::mem_pestat] analyzing insert size distribution for orientation FF...
[M::mem_pestat] (25, 50, 75) percentile: (268, 662, 1463)
[M::mem_pestat] low and high boundaries for computing mean and std.dev: (1, 3853)
[M::mem_pestat] mean and std.dev: (538.22, 430.85)
[M::mem_pestat] low and high boundaries for proper pairs: (1, 5048)
[M::mem_pestat] analyzing insert size distribution for orientation FR...
[M::mem_pestat] (25, 50, 75) percentile: (188, 242, 308)
[M::mem_pestat] low and high boundaries for computing mean and std.dev: (1, 548)
[M::mem_pestat] mean and std.dev: (251.23, 89.04)
[M::mem_pestat] low and high boundaries for proper pairs: (1, 668)
[M::mem_pestat] analyzing insert size distribution for orientation RF...
[M::mem_pestat] (25, 50, 75) percentile: (223, 570, 1920)
[M::mem_pestat] low and high boundaries for computing mean and std.dev: (1, 5314)
[M::mem_pestat] mean and std.dev: (779.29, 1091.20)
[M::mem_pestat] low and high boundaries for proper pairs: (1, 7011)
[M::mem_pestat] skip orientation RR as there are not enough pairs
[M::mem_pestat] skip orientation FF
[M::mem_pestat] skip orientation RF
[M::mem_process_seqs] Processed 2809452 reads in 3100.366 CPU sec, 77.769 real sec
[M::process] read 2809710 sequences (400000111 bp)...
[M::mem_pestat] # candidate unique pairs for (FF, FR, RF, RR): (15, 786520, 112, 19)
[M::mem_pestat] analyzing insert size distribution for orientation FF...
[M::mem_pestat] (25, 50, 75) percentile: (925, 1897, 2475)
[M::mem_pestat] low and high boundaries for computing mean and std.dev: (1, 5575)
[M::mem_pestat] mean and std.dev: (1714.93, 1076.35)
[M::mem_pestat] low and high boundaries for proper pairs: (1, 7125)
[M::mem_pestat] analyzing insert size distribution for orientation FR...
[M::mem_pestat] (25, 50, 75) percentile: (191, 247, 312)
[M::mem_pestat] low and high boundaries for computing mean and std.dev: (1, 554)
[M::mem_pestat] mean and std.dev: (255.38, 89.57)
[M::mem_pestat] low and high boundaries for proper pairs: (1, 675)
[M::mem_pestat] analyzing insert size distribution for orientation RF...
[M::mem_pestat] (25, 50, 75) percentile: (224, 890, 3648)
[M::mem_pestat] low and high boundaries for computing mean and std.dev: (1, 10496)
[M::mem_pestat] mean and std.dev: (2205.87, 2600.70)
[M::mem_pestat] low and high boundaries for proper pairs: (1, 13920)
[M::mem_pestat] analyzing insert size distribution for orientation RR...
[M::mem_pestat] (25, 50, 75) percentile: (91, 155, 372)
[M::mem_pestat] low and high boundaries for computing mean and std.dev: (1, 934)
[M::mem_pestat] mean and std.dev: (156.73, 97.37)
[M::mem_pestat] low and high boundaries for proper pairs: (1, 1215)
[M::mem_pestat] skip orientation FF
[M::mem_pestat] skip orientation RF
[M::mem_pestat] skip orientation RR
[M::mem_process_seqs] Processed 2802292 reads in 3111.259 CPU sec, 78.046 real sec
[M::process] read 2806614 sequences (400000280 bp)...
[M::mem_pestat] # candidate unique pairs for (FF, FR, RF, RR): (8, 788631, 67, 13)
[M::mem_pestat] skip orientation FF as there are not enough pairs
[M::mem_pestat] analyzing insert size distribution for orientation FR...
[M::mem_pestat] (25, 50, 75) percentile: (187, 241, 307)
[M::mem_pestat] low and high boundaries for computing mean and std.dev: (1, 547)
[M::mem_pestat] mean and std.dev: (250.40, 88.76)
[M::mem_pestat] low and high boundaries for proper pairs: (1, 667)
[M::mem_pestat] analyzing insert size distribution for orientation RF...
[M::mem_pestat] (25, 50, 75) percentile: (223, 531, 2764)
[M::mem_pestat] low and high boundaries for computing mean and std.dev: (1, 7846)
[M::mem_pestat] mean and std.dev: (1328.38, 1676.72)
[M::mem_pestat] low and high boundaries for proper pairs: (1, 10387)
[M::mem_pestat] analyzing insert size distribution for orientation RR...
[M::mem_pestat] (25, 50, 75) percentile: (286, 2132, 2984)
[M::mem_pestat] low and high boundaries for computing mean and std.dev: (1, 8380)
[M::mem_pestat] mean and std.dev: (1927.31, 1477.20)
[M::mem_pestat] low and high boundaries for proper pairs: (1, 11078)
[M::mem_pestat] skip orientation RF
[M::mem_pestat] skip orientation RR
[M::mem_process_seqs] Processed 2809710 reads in 3102.390 CPU sec, 77.803 real sec
[M::process] read 2799900 sequences (400000120 bp)...
[M::mem_pestat] # candidate unique pairs for (FF, FR, RF, RR): (12, 788668, 53, 13)
[M::mem_pestat] analyzing insert size distribution for orientation FF...
[M::mem_pestat] (25, 50, 75) percentile: (105, 287, 473)
[M::mem_pestat] low and high boundaries for computing mean and std.dev: (1, 1209)
[M::mem_pestat] mean and std.dev: (281.92, 230.53)
[M::mem_pestat] low and high boundaries for proper pairs: (1, 1577)
[M::mem_pestat] analyzing insert size distribution for orientation FR...
[M::mem_pestat] (25, 50, 75) percentile: (187, 242, 308)
[M::mem_pestat] low and high boundaries for computing mean and std.dev: (1, 550)
[M::mem_pestat] mean and std.dev: (251.18, 89.17)
[M::mem_pestat] low and high boundaries for proper pairs: (1, 671)
[M::mem_pestat] analyzing insert size distribution for orientation RF...
[M::mem_pestat] (25, 50, 75) percentile: (124, 226, 2112)
[M::mem_pestat] low and high boundaries for computing mean and std.dev: (1, 6088)
[M::mem_pestat] mean and std.dev: (890.67, 1284.23)
[M::mem_pestat] low and high boundaries for proper pairs: (1, 8076)
[M::mem_pestat] analyzing insert size distribution for orientation RR...
[M::mem_pestat] (25, 50, 75) percentile: (276, 314, 3884)
[M::mem_pestat] low and high boundaries for computing mean and std.dev: (1, 11100)
[M::mem_pestat] mean and std.dev: (2198.15, 3042.72)
[M::mem_pestat] low and high boundaries for proper pairs: (1, 14708)
[M::mem_pestat] skip orientation FF
[M::mem_pestat] skip orientation RF
[M::mem_pestat] skip orientation RR
[M::mem_process_seqs] Processed 2806614 reads in 3108.802 CPU sec, 78.138 real sec
[M::process] read 2828178 sequences (400000077 bp)...
[M::mem_pestat] # candidate unique pairs for (FF, FR, RF, RR): (14, 786445, 69, 10)
[M::mem_pestat] analyzing insert size distribution for orientation FF...
[M::mem_pestat] (25, 50, 75) percentile: (173, 230, 1618)
[M::mem_pestat] low and high boundaries for computing mean and std.dev: (1, 4508)
[M::mem_pestat] mean and std.dev: (954.79, 1084.72)
[M::mem_pestat] low and high boundaries for proper pairs: (1, 5953)
[M::mem_pestat] analyzing insert size distribution for orientation FR...
[M::mem_pestat] (25, 50, 75) percentile: (192, 247, 313)
[M::mem_pestat] low and high boundaries for computing mean and std.dev: (1, 555)
[M::mem_pestat] mean and std.dev: (256.06, 89.82)
[M::mem_pestat] low and high boundaries for proper pairs: (1, 676)
[M::mem_pestat] analyzing insert size distribution for orientation RF...
[M::mem_pestat] (25, 50, 75) percentile: (223, 1082, 2736)
[M::mem_pestat] low and high boundaries for computing mean and std.dev: (1, 7762)
[M::mem_pestat] mean and std.dev: (1658.36, 1899.72)
[M::mem_pestat] low and high boundaries for proper pairs: (1, 10275)
[M::mem_pestat] analyzing insert size distribution for orientation RR...
[M::mem_pestat] (25, 50, 75) percentile: (87, 264, 4315)
[M::mem_pestat] low and high boundaries for computing mean and std.dev: (1, 12771)
[M::mem_pestat] mean and std.dev: (1523.60, 1880.81)
[M::mem_pestat] low and high boundaries for proper pairs: (1, 16999)
[M::mem_pestat] skip orientation FF
[M::mem_pestat] skip orientation RF
[M::mem_pestat] skip orientation RR
[M::mem_process_seqs] Processed 2799900 reads in 3122.994 CPU sec, 78.309 real sec
[M::process] read 2829992 sequences (400000171 bp)...
[M::mem_pestat] # candidate unique pairs for (FF, FR, RF, RR): (10, 785474, 57, 9)
[M::mem_pestat] analyzing insert size distribution for orientation FF...
[M::mem_pestat] (25, 50, 75) percentile: (506, 3086, 3086)
[M::mem_pestat] low and high boundaries for computing mean and std.dev: (1, 8246)
[M::mem_pestat] mean and std.dev: (2187.00, 1248.57)
[M::mem_pestat] low and high boundaries for proper pairs: (1, 10826)
[M::mem_pestat] analyzing insert size distribution for orientation FR...
[M::mem_pestat] (25, 50, 75) percentile: (189, 244, 311)
[M::mem_pestat] low and high boundaries for computing mean and std.dev: (1, 555)
[M::mem_pestat] mean and std.dev: (253.50, 90.06)
[M::mem_pestat] low and high boundaries for proper pairs: (1, 677)
[M::mem_pestat] analyzing insert size distribution for orientation RF...
[M::mem_pestat] (25, 50, 75) percentile: (132, 411, 1229)
[M::mem_pestat] low and high boundaries for computing mean and std.dev: (1, 3423)
[M::mem_pestat] mean and std.dev: (381.32, 349.10)
[M::mem_pestat] low and high boundaries for proper pairs: (1, 4520)
[M::mem_pestat] skip orientation RR as there are not enough pairs
[M::mem_pestat] skip orientation FF
[M::mem_pestat] skip orientation RF
[M::mem_process_seqs] Processed 2828178 reads in 3142.506 CPU sec, 78.779 real sec
[M::process] read 2818492 sequences (400000119 bp)...
[M::mem_pestat] # candidate unique pairs for (FF, FR, RF, RR): (5, 786315, 66, 7)
[M::mem_pestat] skip orientation FF as there are not enough pairs
[M::mem_pestat] analyzing insert size distribution for orientation FR...
[M::mem_pestat] (25, 50, 75) percentile: (190, 245, 313)
[M::mem_pestat] low and high boundaries for computing mean and std.dev: (1, 559)
[M::mem_pestat] mean and std.dev: (254.79, 90.85)
[M::mem_pestat] low and high boundaries for proper pairs: (1, 682)
[M::mem_pestat] analyzing insert size distribution for orientation RF...
[M::mem_pestat] (25, 50, 75) percentile: (61, 375, 1508)
[M::mem_pestat] low and high boundaries for computing mean and std.dev: (1, 4402)
[M::mem_pestat] mean and std.dev: (559.95, 663.63)
[M::mem_pestat] low and high boundaries for proper pairs: (1, 5849)
[M::mem_pestat] skip orientation RR as there are not enough pairs
[M::mem_pestat] skip orientation RF
[M::mem_process_seqs] Processed 2829992 reads in 3163.171 CPU sec, 79.360 real sec
[M::process] read 2828726 sequences (400000156 bp)...
[M::mem_pestat] # candidate unique pairs for (FF, FR, RF, RR): (6, 787389, 86, 6)
[M::mem_pestat] skip orientation FF as there are not enough pairs
[M::mem_pestat] analyzing insert size distribution for orientation FR...
[M::mem_pestat] (25, 50, 75) percentile: (190, 246, 313)
[M::mem_pestat] low and high boundaries for computing mean and std.dev: (1, 559)
[M::mem_pestat] mean and std.dev: (255.14, 90.85)
[M::mem_pestat] low and high boundaries for proper pairs: (1, 682)
[M::mem_pestat] analyzing insert size distribution for orientation RF...
[M::mem_pestat] (25, 50, 75) percentile: (227, 997, 2742)
[M::mem_pestat] low and high boundaries for computing mean and std.dev: (1, 7772)
[M::mem_pestat] mean and std.dev: (1660.83, 1998.42)
[M::mem_pestat] low and high boundaries for proper pairs: (1, 10287)
[M::mem_pestat] skip orientation RR as there are not enough pairs
[M::mem_pestat] skip orientation RF
[M::mem_process_seqs] Processed 2818492 reads in 3134.810 CPU sec, 78.424 real sec
[M::process] read 2827972 sequences (400000114 bp)...
[M::mem_pestat] # candidate unique pairs for (FF, FR, RF, RR): (4, 787539, 52, 18)
[M::mem_pestat] skip orientation FF as there are not enough pairs
[M::mem_pestat] analyzing insert size distribution for orientation FR...
[M::mem_pestat] (25, 50, 75) percentile: (188, 244, 311)
[M::mem_pestat] low and high boundaries for computing mean and std.dev: (1, 557)
[M::mem_pestat] mean and std.dev: (253.32, 90.34)
[M::mem_pestat] low and high boundaries for proper pairs: (1, 680)
[M::mem_pestat] analyzing insert size distribution for orientation RF...
[M::mem_pestat] (25, 50, 75) percentile: (166, 346, 944)
[M::mem_pestat] low and high boundaries for computing mean and std.dev: (1, 2500)
[M::mem_pestat] mean and std.dev: (360.82, 355.05)
[M::mem_pestat] low and high boundaries for proper pairs: (1, 3278)
[M::mem_pestat] analyzing insert size distribution for orientation RR...
[M::mem_pestat] (25, 50, 75) percentile: (393, 804, 1840)
[M::mem_pestat] low and high boundaries for computing mean and std.dev: (1, 4734)
[M::mem_pestat] mean and std.dev: (1285.41, 1297.99)
[M::mem_pestat] low and high boundaries for proper pairs: (1, 6477)
[M::mem_pestat] skip orientation RF
[M::mem_pestat] skip orientation RR
[M::mem_process_seqs] Processed 2828726 reads in 3122.697 CPU sec, 78.497 real sec
[M::process] read 2813570 sequences (400000109 bp)...
[M::mem_pestat] # candidate unique pairs for (FF, FR, RF, RR): (8, 788933, 58, 15)
[M::mem_pestat] skip orientation FF as there are not enough pairs
[M::mem_pestat] analyzing insert size distribution for orientation FR...
[M::mem_pestat] (25, 50, 75) percentile: (189, 244, 311)
[M::mem_pestat] low and high boundaries for computing mean and std.dev: (1, 555)
[M::mem_pestat] mean and std.dev: (253.58, 90.43)
[M::mem_pestat] low and high boundaries for proper pairs: (1, 677)
[M::mem_pestat] analyzing insert size distribution for orientation RF...
[M::mem_pestat] (25, 50, 75) percentile: (223, 494, 2224)
[M::mem_pestat] low and high boundaries for computing mean and std.dev: (1, 6226)
[M::mem_pestat] mean and std.dev: (1224.22, 1572.47)
[M::mem_pestat] low and high boundaries for proper pairs: (1, 8227)
[M::mem_pestat] analyzing insert size distribution for orientation RR...
[M::mem_pestat] (25, 50, 75) percentile: (317, 360, 1070)
[M::mem_pestat] low and high boundaries for computing mean and std.dev: (1, 2576)
[M::mem_pestat] mean and std.dev: (571.00, 514.96)
[M::mem_pestat] low and high boundaries for proper pairs: (1, 3329)
[M::mem_pestat] skip orientation RF
[M::mem_pestat] skip orientation RR
[M::mem_process_seqs] Processed 2827972 reads in 3196.588 CPU sec, 80.013 real sec
[M::process] read 2808440 sequences (400000209 bp)...
[M::mem_pestat] # candidate unique pairs for (FF, FR, RF, RR): (10, 786813, 69, 11)
[M::mem_pestat] analyzing insert size distribution for orientation FF...
[M::mem_pestat] (25, 50, 75) percentile: (135, 290, 1847)
[M::mem_pestat] low and high boundaries for computing mean and std.dev: (1, 5271)
[M::mem_pestat] mean and std.dev: (604.78, 759.64)
[M::mem_pestat] low and high boundaries for proper pairs: (1, 6983)
[M::mem_pestat] analyzing insert size distribution for orientation FR...
[M::mem_pestat] (25, 50, 75) percentile: (189, 245, 313)
[M::mem_pestat] low and high boundaries for computing mean and std.dev: (1, 561)
[M::mem_pestat] mean and std.dev: (254.86, 91.02)
[M::mem_pestat] low and high boundaries for proper pairs: (1, 685)
[M::mem_pestat] analyzing insert size distribution for orientation RF...
[M::mem_pestat] (25, 50, 75) percentile: (165, 464, 1980)
[M::mem_pestat] low and high boundaries for computing mean and std.dev: (1, 5610)
[M::mem_pestat] mean and std.dev: (1013.19, 1249.85)
[M::mem_pestat] low and high boundaries for proper pairs: (1, 7425)
[M::mem_pestat] analyzing insert size distribution for orientation RR...
[M::mem_pestat] (25, 50, 75) percentile: (205, 305, 5753)
[M::mem_pestat] low and high boundaries for computing mean and std.dev: (1, 16849)
[M::mem_pestat] mean and std.dev: (2452.09, 3510.05)
[M::mem_pestat] low and high boundaries for proper pairs: (1, 22397)
[M::mem_pestat] skip orientation FF
[M::mem_pestat] skip orientation RF
[M::mem_pestat] skip orientation RR
[M::mem_process_seqs] Processed 2813570 reads in 3140.917 CPU sec, 78.844 real sec
[M::process] read 2802400 sequences (400000211 bp)...
[M::mem_pestat] # candidate unique pairs for (FF, FR, RF, RR): (4, 787046, 85, 4)
[M::mem_pestat] skip orientation FF as there are not enough pairs
[M::mem_pestat] analyzing insert size distribution for orientation FR...
[M::mem_pestat] (25, 50, 75) percentile: (188, 242, 309)
[M::mem_pestat] low and high boundaries for computing mean and std.dev: (1, 551)
[M::mem_pestat] mean and std.dev: (251.82, 89.61)
[M::mem_pestat] low and high boundaries for proper pairs: (1, 672)
[M::mem_pestat] analyzing insert size distribution for orientation RF...
[M::mem_pestat] (25, 50, 75) percentile: (224, 404, 1469)
[M::mem_pestat] low and high boundaries for computing mean and std.dev: (1, 3959)
[M::mem_pestat] mean and std.dev: (668.27, 758.23)
[M::mem_pestat] low and high boundaries for proper pairs: (1, 5204)
[M::mem_pestat] skip orientation RR as there are not enough pairs
[M::mem_pestat] skip orientation RF
[M::mem_process_seqs] Processed 2808440 reads in 3092.066 CPU sec, 77.615 real sec
[M::process] read 2801514 sequences (400000078 bp)...
[M::mem_pestat] # candidate unique pairs for (FF, FR, RF, RR): (13, 787635, 66, 13)
[M::mem_pestat] analyzing insert size distribution for orientation FF...
[M::mem_pestat] (25, 50, 75) percentile: (143, 393, 4325)
[M::mem_pestat] low and high boundaries for computing mean and std.dev: (1, 12689)
[M::mem_pestat] mean and std.dev: (2153.69, 2871.16)
[M::mem_pestat] low and high boundaries for proper pairs: (1, 16871)
[M::mem_pestat] analyzing insert size distribution for orientation FR...
[M::mem_pestat] (25, 50, 75) percentile: (189, 244, 309)
[M::mem_pestat] low and high boundaries for computing mean and std.dev: (1, 549)
[M::mem_pestat] mean and std.dev: (252.71, 89.32)
[M::mem_pestat] low and high boundaries for proper pairs: (1, 669)
[M::mem_pestat] analyzing insert size distribution for orientation RF...
[M::mem_pestat] (25, 50, 75) percentile: (120, 762, 3733)
[M::mem_pestat] low and high boundaries for computing mean and std.dev: (1, 10959)
[M::mem_pestat] mean and std.dev: (2040.09, 2616.50)
[M::mem_pestat] low and high boundaries for proper pairs: (1, 14572)
[M::mem_pestat] analyzing insert size distribution for orientation RR...
[M::mem_pestat] (25, 50, 75) percentile: (188, 4096, 4715)
[M::mem_pestat] low and high boundaries for computing mean and std.dev: (1, 13769)
[M::mem_pestat] mean and std.dev: (2782.54, 2110.80)
[M::mem_pestat] low and high boundaries for proper pairs: (1, 18296)
[M::mem_pestat] skip orientation FF
[M::mem_pestat] skip orientation RF
[M::mem_pestat] skip orientation RR
[M::mem_process_seqs] Processed 2802400 reads in 3085.532 CPU sec, 77.579 real sec
[M::process] read 2803620 sequences (400000009 bp)...
[M::mem_pestat] # candidate unique pairs for (FF, FR, RF, RR): (12, 786351, 65, 11)
[M::mem_pestat] analyzing insert size distribution for orientation FF...
[M::mem_pestat] (25, 50, 75) percentile: (917, 3606, 4027)
[M::mem_pestat] low and high boundaries for computing mean and std.dev: (1, 10247)
[M::mem_pestat] mean and std.dev: (2477.25, 1450.90)
[M::mem_pestat] low and high boundaries for proper pairs: (1, 13357)
[M::mem_pestat] analyzing insert size distribution for orientation FR...
[M::mem_pestat] (25, 50, 75) percentile: (191, 246, 312)
[M::mem_pestat] low and high boundaries for computing mean and std.dev: (1, 554)
[M::mem_pestat] mean and std.dev: (255.02, 89.39)
[M::mem_pestat] low and high boundaries for proper pairs: (1, 675)
[M::mem_pestat] analyzing insert size distribution for orientation RF...
[M::mem_pestat] (25, 50, 75) percentile: (224, 491, 3249)
[M::mem_pestat] low and high boundaries for computing mean and std.dev: (1, 9299)
[M::mem_pestat] mean and std.dev: (1560.43, 2227.35)
[M::mem_pestat] low and high boundaries for proper pairs: (1, 12324)
[M::mem_pestat] analyzing insert size distribution for orientation RR...
[M::mem_pestat] (25, 50, 75) percentile: (228, 286, 5576)
[M::mem_pestat] low and high boundaries for computing mean and std.dev: (1, 16272)
[M::mem_pestat] mean and std.dev: (2377.55, 2561.04)
[M::mem_pestat] low and high boundaries for proper pairs: (1, 21620)
[M::mem_pestat] skip orientation FF
[M::mem_pestat] skip orientation RF
[M::mem_pestat] skip orientation RR
[M::mem_process_seqs] Processed 2801514 reads in 3140.287 CPU sec, 78.540 real sec
[M::process] read 2800864 sequences (400000011 bp)...
[M::mem_pestat] # candidate unique pairs for (FF, FR, RF, RR): (8, 788199, 64, 17)
[M::mem_pestat] skip orientation FF as there are not enough pairs
[M::mem_pestat] analyzing insert size distribution for orientation FR...
[M::mem_pestat] (25, 50, 75) percentile: (189, 244, 311)
[M::mem_pestat] low and high boundaries for computing mean and std.dev: (1, 555)
[M::mem_pestat] mean and std.dev: (253.63, 89.79)
[M::mem_pestat] low and high boundaries for proper pairs: (1, 677)
[M::mem_pestat] analyzing insert size distribution for orientation RF...
[M::mem_pestat] (25, 50, 75) percentile: (223, 1132, 4065)
[M::mem_pestat] low and high boundaries for computing mean and std.dev: (1, 11749)
[M::mem_pestat] mean and std.dev: (2222.94, 2357.89)
[M::mem_pestat] low and high boundaries for proper pairs: (1, 15591)
[M::mem_pestat] analyzing insert size distribution for orientation RR...
[M::mem_pestat] (25, 50, 75) percentile: (160, 395, 4246)
[M::mem_pestat] low and high boundaries for computing mean and std.dev: (1, 12418)
[M::mem_pestat] mean and std.dev: (1341.65, 1859.31)
[M::mem_pestat] low and high boundaries for proper pairs: (1, 16504)
[M::mem_pestat] skip orientation RF
[M::mem_pestat] skip orientation RR
[M::mem_process_seqs] Processed 2803620 reads in 3109.126 CPU sec, 77.996 real sec
[M::process] read 2794600 sequences (400000268 bp)...
[M::mem_pestat] # candidate unique pairs for (FF, FR, RF, RR): (8, 787205, 69, 6)
[M::mem_pestat] skip orientation FF as there are not enough pairs
[M::mem_pestat] analyzing insert size distribution for orientation FR...
[M::mem_pestat] (25, 50, 75) percentile: (189, 244, 310)
[M::mem_pestat] low and high boundaries for computing mean and std.dev: (1, 552)
[M::mem_pestat] mean and std.dev: (253.28, 89.68)
[M::mem_pestat] low and high boundaries for proper pairs: (1, 673)
[M::mem_pestat] analyzing insert size distribution for orientation RF...
[M::mem_pestat] (25, 50, 75) percentile: (223, 282, 2200)
[M::mem_pestat] low and high boundaries for computing mean and std.dev: (1, 6154)
[M::mem_pestat] mean and std.dev: (622.93, 853.28)
[M::mem_pestat] low and high boundaries for proper pairs: (1, 8131)
[M::mem_pestat] skip orientation RR as there are not enough pairs
[M::mem_pestat] skip orientation RF
[M::mem_process_seqs] Processed 2800864 reads in 3087.946 CPU sec, 77.633 real sec
[M::process] read 2824666 sequences (400000211 bp)...
[M::mem_pestat] # candidate unique pairs for (FF, FR, RF, RR): (6, 784526, 76, 10)
[M::mem_pestat] skip orientation FF as there are not enough pairs
[M::mem_pestat] analyzing insert size distribution for orientation FR...
[M::mem_pestat] (25, 50, 75) percentile: (192, 247, 313)
[M::mem_pestat] low and high boundaries for computing mean and std.dev: (1, 555)
[M::mem_pestat] mean and std.dev: (256.15, 89.84)
[M::mem_pestat] low and high boundaries for proper pairs: (1, 676)
[M::mem_pestat] analyzing insert size distribution for orientation RF...
[M::mem_pestat] (25, 50, 75) percentile: (223, 635, 2147)
[M::mem_pestat] low and high boundaries for computing mean and std.dev: (1, 5995)
[M::mem_pestat] mean and std.dev: (1158.28, 1379.45)
[M::mem_pestat] low and high boundaries for proper pairs: (1, 7919)
[M::mem_pestat] analyzing insert size distribution for orientation RR...
[M::mem_pestat] (25, 50, 75) percentile: (293, 836, 3231)
[M::mem_pestat] low and high boundaries for computing mean and std.dev: (1, 9107)
[M::mem_pestat] mean and std.dev: (1558.30, 1479.18)
[M::mem_pestat] low and high boundaries for proper pairs: (1, 12045)
[M::mem_pestat] skip orientation RF
[M::mem_pestat] skip orientation RR
[M::mem_process_seqs] Processed 2794600 reads in 3386.538 CPU sec, 90.562 real sec
[M::process] read 2825428 sequences (400000133 bp)...
[M::mem_pestat] # candidate unique pairs for (FF, FR, RF, RR): (9, 786834, 68, 10)
[M::mem_pestat] skip orientation FF as there are not enough pairs
[M::mem_pestat] analyzing insert size distribution for orientation FR...
[M::mem_pestat] (25, 50, 75) percentile: (189, 245, 312)
[M::mem_pestat] low and high boundaries for computing mean and std.dev: (1, 558)
[M::mem_pestat] mean and std.dev: (254.31, 90.74)
[M::mem_pestat] low and high boundaries for proper pairs: (1, 681)
[M::mem_pestat] analyzing insert size distribution for orientation RF...
[M::mem_pestat] (25, 50, 75) percentile: (208, 547, 3177)
[M::mem_pestat] low and high boundaries for computing mean and std.dev: (1, 9115)
[M::mem_pestat] mean and std.dev: (1591.06, 1831.32)
[M::mem_pestat] low and high boundaries for proper pairs: (1, 12084)
[M::mem_pestat] analyzing insert size distribution for orientation RR...
[M::mem_pestat] (25, 50, 75) percentile: (177, 1853, 4594)
[M::mem_pestat] low and high boundaries for computing mean and std.dev: (1, 13428)
[M::mem_pestat] mean and std.dev: (2211.20, 2183.52)
[M::mem_pestat] low and high boundaries for proper pairs: (1, 17845)
[M::mem_pestat] skip orientation RF
[M::mem_pestat] skip orientation RR
[M::mem_process_seqs] Processed 2824666 reads in 3126.440 CPU sec, 78.400 real sec
[M::process] read 2818648 sequences (400000057 bp)...
[M::mem_pestat] # candidate unique pairs for (FF, FR, RF, RR): (8, 787976, 75, 15)
[M::mem_pestat] skip orientation FF as there are not enough pairs
[M::mem_pestat] analyzing insert size distribution for orientation FR...
[M::mem_pestat] (25, 50, 75) percentile: (190, 246, 313)
[M::mem_pestat] low and high boundaries for computing mean and std.dev: (1, 559)
[M::mem_pestat] mean and std.dev: (255.28, 90.89)
[M::mem_pestat] low and high boundaries for proper pairs: (1, 682)
[M::mem_pestat] analyzing insert size distribution for orientation RF...
[M::mem_pestat] (25, 50, 75) percentile: (224, 1282, 2182)
[M::mem_pestat] low and high boundaries for computing mean and std.dev: (1, 6098)
[M::mem_pestat] mean and std.dev: (1297.93, 1360.89)
[M::mem_pestat] low and high boundaries for proper pairs: (1, 8056)
[M::mem_pestat] analyzing insert size distribution for orientation RR...
[M::mem_pestat] (25, 50, 75) percentile: (383, 1409, 2214)
[M::mem_pestat] low and high boundaries for computing mean and std.dev: (1, 5876)
[M::mem_pestat] mean and std.dev: (1593.27, 1484.48)
[M::mem_pestat] low and high boundaries for proper pairs: (1, 7707)
[M::mem_pestat] skip orientation RF
[M::mem_pestat] skip orientation RR
[M::mem_process_seqs] Processed 2825428 reads in 3162.610 CPU sec, 79.147 real sec
[M::process] read 2826154 sequences (400000109 bp)...
[M::mem_pestat] # candidate unique pairs for (FF, FR, RF, RR): (10, 788465, 75, 7)
[M::mem_pestat] analyzing insert size distribution for orientation FF...
[M::mem_pestat] (25, 50, 75) percentile: (1541, 2665, 8339)
[M::mem_pestat] low and high boundaries for computing mean and std.dev: (1, 21935)
[M::mem_pestat] mean and std.dev: (3881.10, 3244.87)
[M::mem_pestat] low and high boundaries for proper pairs: (1, 28733)
[M::mem_pestat] analyzing insert size distribution for orientation FR...
[M::mem_pestat] (25, 50, 75) percentile: (190, 245, 312)
[M::mem_pestat] low and high boundaries for computing mean and std.dev: (1, 556)
[M::mem_pestat] mean and std.dev: (254.66, 90.52)
[M::mem_pestat] low and high boundaries for proper pairs: (1, 678)
[M::mem_pestat] analyzing insert size distribution for orientation RF...
[M::mem_pestat] (25, 50, 75) percentile: (180, 380, 1562)
[M::mem_pestat] low and high boundaries for computing mean and std.dev: (1, 4326)
[M::mem_pestat] mean and std.dev: (586.34, 787.52)
[M::mem_pestat] low and high boundaries for proper pairs: (1, 5708)
[M::mem_pestat] skip orientation RR as there are not enough pairs
[M::mem_pestat] skip orientation FF
[M::mem_pestat] skip orientation RF
[M::mem_process_seqs] Processed 2818648 reads in 3125.185 CPU sec, 78.426 real sec
[M::process] read 2816772 sequences (400000271 bp)...
[M::mem_pestat] # candidate unique pairs for (FF, FR, RF, RR): (9, 786769, 85, 6)
[M::mem_pestat] skip orientation FF as there are not enough pairs
[M::mem_pestat] analyzing insert size distribution for orientation FR...
[M::mem_pestat] (25, 50, 75) percentile: (190, 245, 313)
[M::mem_pestat] low and high boundaries for computing mean and std.dev: (1, 559)
[M::mem_pestat] mean and std.dev: (255.10, 91.16)
[M::mem_pestat] low and high boundaries for proper pairs: (1, 682)
[M::mem_pestat] analyzing insert size distribution for orientation RF...
[M::mem_pestat] (25, 50, 75) percentile: (135, 403, 2834)
[M::mem_pestat] low and high boundaries for computing mean and std.dev: (1, 8232)
[M::mem_pestat] mean and std.dev: (1564.46, 2127.10)
[M::mem_pestat] low and high boundaries for proper pairs: (1, 10931)
[M::mem_pestat] skip orientation RR as there are not enough pairs
[M::mem_pestat] skip orientation RF
[M::mem_process_seqs] Processed 2826154 reads in 3129.903 CPU sec, 78.588 real sec
[M::process] read 2807386 sequences (400000107 bp)...
[M::mem_pestat] # candidate unique pairs for (FF, FR, RF, RR): (13, 786634, 81, 12)
[M::mem_pestat] analyzing insert size distribution for orientation FF...
[M::mem_pestat] (25, 50, 75) percentile: (116, 1521, 3858)
[M::mem_pestat] low and high boundaries for computing mean and std.dev: (1, 11342)
[M::mem_pestat] mean and std.dev: (1654.62, 1771.55)
[M::mem_pestat] low and high boundaries for proper pairs: (1, 15084)
[M::mem_pestat] analyzing insert size distribution for orientation FR...
[M::mem_pestat] (25, 50, 75) percentile: (190, 246, 313)
[M::mem_pestat] low and high boundaries for computing mean and std.dev: (1, 559)
[M::mem_pestat] mean and std.dev: (254.99, 90.82)
[M::mem_pestat] low and high boundaries for proper pairs: (1, 682)
[M::mem_pestat] analyzing insert size distribution for orientation RF...
[M::mem_pestat] (25, 50, 75) percentile: (188, 766, 3384)
[M::mem_pestat] low and high boundaries for computing mean and std.dev: (1, 9776)
[M::mem_pestat] mean and std.dev: (2257.37, 2901.21)
[M::mem_pestat] low and high boundaries for proper pairs: (1, 13862)
[M::mem_pestat] analyzing insert size distribution for orientation RR...
[M::mem_pestat] (25, 50, 75) percentile: (633, 1628, 2604)
[M::mem_pestat] low and high boundaries for computing mean and std.dev: (1, 6546)
[M::mem_pestat] mean and std.dev: (1787.50, 1631.84)
[M::mem_pestat] low and high boundaries for proper pairs: (1, 8517)
[M::mem_pestat] skip orientation FF
[M::mem_pestat] skip orientation RF
[M::mem_pestat] skip orientation RR
[M::mem_process_seqs] Processed 2816772 reads in 3148.331 CPU sec, 78.970 real sec
[M::process] read 2809216 sequences (400000289 bp)...
[M::mem_pestat] # candidate unique pairs for (FF, FR, RF, RR): (11, 787799, 74, 9)
[M::mem_pestat] analyzing insert size distribution for orientation FF...
[M::mem_pestat] (25, 50, 75) percentile: (2570, 3813, 5584)
[M::mem_pestat] low and high boundaries for computing mean and std.dev: (1, 11612)
[M::mem_pestat] mean and std.dev: (3692.55, 1765.38)
[M::mem_pestat] low and high boundaries for proper pairs: (1, 14626)
[M::mem_pestat] analyzing insert size distribution for orientation FR...
[M::mem_pestat] (25, 50, 75) percentile: (189, 244, 311)
[M::mem_pestat] low and high boundaries for computing mean and std.dev: (1, 555)
[M::mem_pestat] mean and std.dev: (254.04, 90.58)
[M::mem_pestat] low and high boundaries for proper pairs: (1, 677)
[M::mem_pestat] analyzing insert size distribution for orientation RF...
[M::mem_pestat] (25, 50, 75) percentile: (223, 814, 2977)
[M::mem_pestat] low and high boundaries for computing mean and std.dev: (1, 8485)
[M::mem_pestat] mean and std.dev: (1746.34, 2143.64)
[M::mem_pestat] low and high boundaries for proper pairs: (1, 11239)
[M::mem_pestat] skip orientation RR as there are not enough pairs
[M::mem_pestat] skip orientation FF
[M::mem_pestat] skip orientation RF
[M::mem_process_seqs] Processed 2807386 reads in 3120.201 CPU sec, 78.447 real sec
[M::process] read 2810646 sequences (400000149 bp)...
[M::mem_pestat] # candidate unique pairs for (FF, FR, RF, RR): (3, 788571, 73, 4)
[M::mem_pestat] skip orientation FF as there are not enough pairs
[M::mem_pestat] analyzing insert size distribution for orientation FR...
[M::mem_pestat] (25, 50, 75) percentile: (187, 240, 303)
[M::mem_pestat] low and high boundaries for computing mean and std.dev: (1, 535)
[M::mem_pestat] mean and std.dev: (248.26, 86.48)
[M::mem_pestat] low and high boundaries for proper pairs: (1, 651)
[M::mem_pestat] analyzing insert size distribution for orientation RF...
[M::mem_pestat] (25, 50, 75) percentile: (162, 473, 1495)
[M::mem_pestat] low and high boundaries for computing mean and std.dev: (1, 4161)
[M::mem_pestat] mean and std.dev: (774.21, 929.81)
[M::mem_pestat] low and high boundaries for proper pairs: (1, 5494)
[M::mem_pestat] skip orientation RR as there are not enough pairs
[M::mem_pestat] skip orientation RF
[M::mem_process_seqs] Processed 2809216 reads in 3120.241 CPU sec, 78.115 real sec
[M::process] read 2831808 sequences (400000015 bp)...
[M::mem_pestat] # candidate unique pairs for (FF, FR, RF, RR): (11, 789492, 64, 11)
[M::mem_pestat] analyzing insert size distribution for orientation FF...
[M::mem_pestat] (25, 50, 75) percentile: (3787, 4073, 4073)
[M::mem_pestat] low and high boundaries for computing mean and std.dev: (3215, 4645)
[M::mem_pestat] mean and std.dev: (3935.14, 162.57)
[M::mem_pestat] low and high boundaries for proper pairs: (2929, 4931)
[M::mem_pestat] analyzing insert size distribution for orientation FR...
[M::mem_pestat] (25, 50, 75) percentile: (187, 240, 303)
[M::mem_pestat] low and high boundaries for computing mean and std.dev: (1, 535)
[M::mem_pestat] mean and std.dev: (248.55, 86.60)
[M::mem_pestat] low and high boundaries for proper pairs: (1, 651)
[M::mem_pestat] analyzing insert size distribution for orientation RF...
[M::mem_pestat] (25, 50, 75) percentile: (94, 285, 1576)
[M::mem_pestat] low and high boundaries for computing mean and std.dev: (1, 4540)
[M::mem_pestat] mean and std.dev: (647.60, 972.34)
[M::mem_pestat] low and high boundaries for proper pairs: (1, 6022)
[M::mem_pestat] analyzing insert size distribution for orientation RR...
[M::mem_pestat] (25, 50, 75) percentile: (224, 224, 2223)
[M::mem_pestat] low and high boundaries for computing mean and std.dev: (1, 6221)
[M::mem_pestat] mean and std.dev: (800.20, 1173.18)
[M::mem_pestat] low and high boundaries for proper pairs: (1, 8220)
[M::mem_pestat] skip orientation FF
[M::mem_pestat] skip orientation RF
[M::mem_pestat] skip orientation RR
[M::mem_process_seqs] Processed 2810646 reads in 3113.376 CPU sec, 78.098 real sec
[M::process] read 1972992 sequences (279581701 bp)...
[M::mem_pestat] # candidate unique pairs for (FF, FR, RF, RR): (7, 790969, 73, 9)
[M::mem_pestat] skip orientation FF as there are not enough pairs
[M::mem_pestat] analyzing insert size distribution for orientation FR...
[M::mem_pestat] (25, 50, 75) percentile: (185, 238, 301)
[M::mem_pestat] low and high boundaries for computing mean and std.dev: (1, 533)
[M::mem_pestat] mean and std.dev: (246.34, 86.55)
[M::mem_pestat] low and high boundaries for proper pairs: (1, 649)
[M::mem_pestat] analyzing insert size distribution for orientation RF...
[M::mem_pestat] (25, 50, 75) percentile: (118, 361, 1463)
[M::mem_pestat] low and high boundaries for computing mean and std.dev: (1, 4153)
[M::mem_pestat] mean and std.dev: (715.31, 982.70)
[M::mem_pestat] low and high boundaries for proper pairs: (1, 5498)
[M::mem_pestat] skip orientation RR as there are not enough pairs
[M::mem_pestat] skip orientation RF
[M::mem_process_seqs] Processed 2831808 reads in 3142.873 CPU sec, 79.058 real sec
[M::mem_pestat] # candidate unique pairs for (FF, FR, RF, RR): (6, 551951, 47, 7)
[M::mem_pestat] skip orientation FF as there are not enough pairs
[M::mem_pestat] analyzing insert size distribution for orientation FR...
[M::mem_pestat] (25, 50, 75) percentile: (185, 239, 302)
[M::mem_pestat] low and high boundaries for computing mean and std.dev: (1, 536)
[M::mem_pestat] mean and std.dev: (247.31, 86.94)
[M::mem_pestat] low and high boundaries for proper pairs: (1, 653)
[M::mem_pestat] analyzing insert size distribution for orientation RF...
[M::mem_pestat] (25, 50, 75) percentile: (170, 400, 1132)
[M::mem_pestat] low and high boundaries for computing mean and std.dev: (1, 3056)
[M::mem_pestat] mean and std.dev: (513.69, 549.48)
[M::mem_pestat] low and high boundaries for proper pairs: (1, 4018)
[M::mem_pestat] skip orientation RR as there are not enough pairs
[M::mem_pestat] skip orientation RF
[M::mem_process_seqs] Processed 1972992 reads in 2230.384 CPU sec, 55.924 real sec
[main] Version: 0.7.17-r1188
[main] CMD: /home/shared/bwa-0.7.17/bwa mem -M -t 40 ../data/bwa-GCF_031168955.1_ASM3116895v1_genomic ../data/trimmed-fastqs-heatwave-genetics/MHW427_trimmed_clipped_R1_paired.fq.gz ../data/trimmed-fastqs-heatwave-genetics/MHW427_trimmed_clipped_R2_paired.fq.gz
[main] Real time: 2192.083 sec; CPU: 86791.771 sec
