[M::bwa_idx_load_from_disk] read 0 ALT contigs
[M::process] read 2808862 sequences (400000133 bp)...
[M::process] read 2805112 sequences (400000238 bp)...
[M::mem_pestat] # candidate unique pairs for (FF, FR, RF, RR): (5, 794586, 87, 14)
[M::mem_pestat] skip orientation FF as there are not enough pairs
[M::mem_pestat] analyzing insert size distribution for orientation FR...
[M::mem_pestat] (25, 50, 75) percentile: (193, 252, 326)
[M::mem_pestat] low and high boundaries for computing mean and std.dev: (1, 592)
[M::mem_pestat] mean and std.dev: (263.68, 97.38)
[M::mem_pestat] low and high boundaries for proper pairs: (1, 725)
[M::mem_pestat] analyzing insert size distribution for orientation RF...
[M::mem_pestat] (25, 50, 75) percentile: (223, 635, 2343)
[M::mem_pestat] low and high boundaries for computing mean and std.dev: (1, 6583)
[M::mem_pestat] mean and std.dev: (1270.41, 1680.27)
[M::mem_pestat] low and high boundaries for proper pairs: (1, 8703)
[M::mem_pestat] analyzing insert size distribution for orientation RR...
[M::mem_pestat] (25, 50, 75) percentile: (506, 2587, 4202)
[M::mem_pestat] low and high boundaries for computing mean and std.dev: (1, 11594)
[M::mem_pestat] mean and std.dev: (2763.86, 2541.02)
[M::mem_pestat] low and high boundaries for proper pairs: (1, 15290)
[M::mem_pestat] skip orientation RF
[M::mem_pestat] skip orientation RR
[M::mem_process_seqs] Processed 2808862 reads in 2775.627 CPU sec, 69.615 real sec
[M::process] read 2799936 sequences (400000068 bp)...
[M::mem_pestat] # candidate unique pairs for (FF, FR, RF, RR): (3, 791309, 89, 18)
[M::mem_pestat] skip orientation FF as there are not enough pairs
[M::mem_pestat] analyzing insert size distribution for orientation FR...
[M::mem_pestat] (25, 50, 75) percentile: (199, 259, 333)
[M::mem_pestat] low and high boundaries for computing mean and std.dev: (1, 601)
[M::mem_pestat] mean and std.dev: (270.21, 98.10)
[M::mem_pestat] low and high boundaries for proper pairs: (1, 735)
[M::mem_pestat] analyzing insert size distribution for orientation RF...
[M::mem_pestat] (25, 50, 75) percentile: (164, 313, 1834)
[M::mem_pestat] low and high boundaries for computing mean and std.dev: (1, 5174)
[M::mem_pestat] mean and std.dev: (910.81, 1190.43)
[M::mem_pestat] low and high boundaries for proper pairs: (1, 6844)
[M::mem_pestat] analyzing insert size distribution for orientation RR...
[M::mem_pestat] (25, 50, 75) percentile: (1397, 1948, 6857)
[M::mem_pestat] low and high boundaries for computing mean and std.dev: (1, 17777)
[M::mem_pestat] mean and std.dev: (2901.83, 2679.09)
[M::mem_pestat] low and high boundaries for proper pairs: (1, 23237)
[M::mem_pestat] skip orientation RF
[M::mem_pestat] skip orientation RR
[M::mem_process_seqs] Processed 2805112 reads in 2929.623 CPU sec, 73.490 real sec
[M::process] read 2804804 sequences (400000184 bp)...
[M::mem_pestat] # candidate unique pairs for (FF, FR, RF, RR): (7, 794698, 72, 11)
[M::mem_pestat] skip orientation FF as there are not enough pairs
[M::mem_pestat] analyzing insert size distribution for orientation FR...
[M::mem_pestat] (25, 50, 75) percentile: (196, 255, 329)
[M::mem_pestat] low and high boundaries for computing mean and std.dev: (1, 595)
[M::mem_pestat] mean and std.dev: (266.75, 97.53)
[M::mem_pestat] low and high boundaries for proper pairs: (1, 728)
[M::mem_pestat] analyzing insert size distribution for orientation RF...
[M::mem_pestat] (25, 50, 75) percentile: (160, 802, 2200)
[M::mem_pestat] low and high boundaries for computing mean and std.dev: (1, 6280)
[M::mem_pestat] mean and std.dev: (1167.76, 1324.63)
[M::mem_pestat] low and high boundaries for proper pairs: (1, 8320)
[M::mem_pestat] analyzing insert size distribution for orientation RR...
[M::mem_pestat] (25, 50, 75) percentile: (1990, 2756, 2756)
[M::mem_pestat] low and high boundaries for computing mean and std.dev: (458, 4288)
[M::mem_pestat] mean and std.dev: (2038.33, 872.83)
[M::mem_pestat] low and high boundaries for proper pairs: (1, 5530)
[M::mem_pestat] skip orientation RF
[M::mem_pestat] skip orientation RR
[M::mem_process_seqs] Processed 2799936 reads in 2885.346 CPU sec, 72.388 real sec
[M::process] read 2798706 sequences (400000258 bp)...
[M::mem_pestat] # candidate unique pairs for (FF, FR, RF, RR): (13, 794093, 86, 11)
[M::mem_pestat] analyzing insert size distribution for orientation FF...
[M::mem_pestat] (25, 50, 75) percentile: (3179, 3835, 4360)
[M::mem_pestat] low and high boundaries for computing mean and std.dev: (817, 6722)
[M::mem_pestat] mean and std.dev: (3945.09, 698.10)
[M::mem_pestat] low and high boundaries for proper pairs: (1, 7903)
[M::mem_pestat] analyzing insert size distribution for orientation FR...
[M::mem_pestat] (25, 50, 75) percentile: (197, 256, 330)
[M::mem_pestat] low and high boundaries for computing mean and std.dev: (1, 596)
[M::mem_pestat] mean and std.dev: (267.42, 97.22)
[M::mem_pestat] low and high boundaries for proper pairs: (1, 729)
[M::mem_pestat] analyzing insert size distribution for orientation RF...
[M::mem_pestat] (25, 50, 75) percentile: (154, 223, 2065)
[M::mem_pestat] low and high boundaries for computing mean and std.dev: (1, 5887)
[M::mem_pestat] mean and std.dev: (1114.94, 1597.96)
[M::mem_pestat] low and high boundaries for proper pairs: (1, 7798)
[M::mem_pestat] analyzing insert size distribution for orientation RR...
[M::mem_pestat] (25, 50, 75) percentile: (335, 3209, 4361)
[M::mem_pestat] low and high boundaries for computing mean and std.dev: (1, 12413)
[M::mem_pestat] mean and std.dev: (2846.00, 2777.59)
[M::mem_pestat] low and high boundaries for proper pairs: (1, 16439)
[M::mem_pestat] skip orientation FF
[M::mem_pestat] skip orientation RF
[M::mem_pestat] skip orientation RR
[M::mem_process_seqs] Processed 2804804 reads in 2927.832 CPU sec, 73.722 real sec
[M::process] read 2802852 sequences (400000071 bp)...
[M::mem_pestat] # candidate unique pairs for (FF, FR, RF, RR): (6, 793470, 90, 18)
[M::mem_pestat] skip orientation FF as there are not enough pairs
[M::mem_pestat] analyzing insert size distribution for orientation FR...
[M::mem_pestat] (25, 50, 75) percentile: (198, 258, 332)
[M::mem_pestat] low and high boundaries for computing mean and std.dev: (1, 600)
[M::mem_pestat] mean and std.dev: (269.48, 97.68)
[M::mem_pestat] low and high boundaries for proper pairs: (1, 734)
[M::mem_pestat] analyzing insert size distribution for orientation RF...
[M::mem_pestat] (25, 50, 75) percentile: (162, 782, 3323)
[M::mem_pestat] low and high boundaries for computing mean and std.dev: (1, 9645)
[M::mem_pestat] mean and std.dev: (2217.59, 2787.24)
[M::mem_pestat] low and high boundaries for proper pairs: (1, 13367)
[M::mem_pestat] analyzing insert size distribution for orientation RR...
[M::mem_pestat] (25, 50, 75) percentile: (280, 1385, 3980)
[M::mem_pestat] low and high boundaries for computing mean and std.dev: (1, 11380)
[M::mem_pestat] mean and std.dev: (1872.06, 1981.95)
[M::mem_pestat] low and high boundaries for proper pairs: (1, 15080)
[M::mem_pestat] skip orientation RF
[M::mem_pestat] skip orientation RR
[M::mem_process_seqs] Processed 2798706 reads in 2891.213 CPU sec, 72.481 real sec
[M::process] read 2795220 sequences (400000236 bp)...
[M::mem_pestat] # candidate unique pairs for (FF, FR, RF, RR): (11, 792745, 87, 15)
[M::mem_pestat] analyzing insert size distribution for orientation FF...
[M::mem_pestat] (25, 50, 75) percentile: (2590, 2649, 4158)
[M::mem_pestat] low and high boundaries for computing mean and std.dev: (1, 7294)
[M::mem_pestat] mean and std.dev: (2795.55, 1776.58)
[M::mem_pestat] low and high boundaries for proper pairs: (1, 9902)
[M::mem_pestat] analyzing insert size distribution for orientation FR...
[M::mem_pestat] (25, 50, 75) percentile: (195, 254, 328)
[M::mem_pestat] low and high boundaries for computing mean and std.dev: (1, 594)
[M::mem_pestat] mean and std.dev: (265.58, 97.36)
[M::mem_pestat] low and high boundaries for proper pairs: (1, 727)
[M::mem_pestat] analyzing insert size distribution for orientation RF...
[M::mem_pestat] (25, 50, 75) percentile: (117, 388, 1580)
[M::mem_pestat] low and high boundaries for computing mean and std.dev: (1, 4506)
[M::mem_pestat] mean and std.dev: (758.32, 928.31)
[M::mem_pestat] low and high boundaries for proper pairs: (1, 5969)
[M::mem_pestat] analyzing insert size distribution for orientation RR...
[M::mem_pestat] (25, 50, 75) percentile: (179, 1505, 2366)
[M::mem_pestat] low and high boundaries for computing mean and std.dev: (1, 6740)
[M::mem_pestat] mean and std.dev: (1781.07, 1801.66)
[M::mem_pestat] low and high boundaries for proper pairs: (1, 8988)
[M::mem_pestat] skip orientation FF
[M::mem_pestat] skip orientation RF
[M::mem_pestat] skip orientation RR
[M::mem_process_seqs] Processed 2802852 reads in 2920.631 CPU sec, 73.094 real sec
[M::process] read 2819374 sequences (400000169 bp)...
[M::mem_pestat] # candidate unique pairs for (FF, FR, RF, RR): (10, 793010, 93, 5)
[M::mem_pestat] analyzing insert size distribution for orientation FF...
[M::mem_pestat] (25, 50, 75) percentile: (144, 2508, 2708)
[M::mem_pestat] low and high boundaries for computing mean and std.dev: (1, 7836)
[M::mem_pestat] mean and std.dev: (1487.60, 1406.25)
[M::mem_pestat] low and high boundaries for proper pairs: (1, 10400)
[M::mem_pestat] analyzing insert size distribution for orientation FR...
[M::mem_pestat] (25, 50, 75) percentile: (200, 261, 335)
[M::mem_pestat] low and high boundaries for computing mean and std.dev: (1, 605)
[M::mem_pestat] mean and std.dev: (271.88, 97.96)
[M::mem_pestat] low and high boundaries for proper pairs: (1, 740)
[M::mem_pestat] analyzing insert size distribution for orientation RF...
[M::mem_pestat] (25, 50, 75) percentile: (139, 635, 3161)
[M::mem_pestat] low and high boundaries for computing mean and std.dev: (1, 9205)
[M::mem_pestat] mean and std.dev: (1731.49, 2296.95)
[M::mem_pestat] low and high boundaries for proper pairs: (1, 12227)
[M::mem_pestat] skip orientation RR as there are not enough pairs
[M::mem_pestat] skip orientation FF
[M::mem_pestat] skip orientation RF
[M::mem_process_seqs] Processed 2795220 reads in 2918.714 CPU sec, 73.381 real sec
[M::process] read 2822906 sequences (400000154 bp)...
[M::mem_pestat] # candidate unique pairs for (FF, FR, RF, RR): (12, 789679, 96, 13)
[M::mem_pestat] analyzing insert size distribution for orientation FF...
[M::mem_pestat] (25, 50, 75) percentile: (102, 1735, 4395)
[M::mem_pestat] low and high boundaries for computing mean and std.dev: (1, 12981)
[M::mem_pestat] mean and std.dev: (2201.17, 2714.13)
[M::mem_pestat] low and high boundaries for proper pairs: (1, 17274)
[M::mem_pestat] analyzing insert size distribution for orientation FR...
[M::mem_pestat] (25, 50, 75) percentile: (198, 259, 333)
[M::mem_pestat] low and high boundaries for computing mean and std.dev: (1, 603)
[M::mem_pestat] mean and std.dev: (270.04, 98.37)
[M::mem_pestat] low and high boundaries for proper pairs: (1, 738)
[M::mem_pestat] analyzing insert size distribution for orientation RF...
[M::mem_pestat] (25, 50, 75) percentile: (104, 250, 1112)
[M::mem_pestat] low and high boundaries for computing mean and std.dev: (1, 3128)
[M::mem_pestat] mean and std.dev: (464.76, 666.22)
[M::mem_pestat] low and high boundaries for proper pairs: (1, 4136)
[M::mem_pestat] analyzing insert size distribution for orientation RR...
[M::mem_pestat] (25, 50, 75) percentile: (236, 245, 911)
[M::mem_pestat] low and high boundaries for computing mean and std.dev: (1, 2261)
[M::mem_pestat] mean and std.dev: (457.25, 369.37)
[M::mem_pestat] low and high boundaries for proper pairs: (1, 2936)
[M::mem_pestat] skip orientation FF
[M::mem_pestat] skip orientation RF
[M::mem_pestat] skip orientation RR
[M::mem_process_seqs] Processed 2819374 reads in 2963.576 CPU sec, 74.302 real sec
[M::process] read 2823886 sequences (400000180 bp)...
[M::mem_pestat] # candidate unique pairs for (FF, FR, RF, RR): (4, 793032, 81, 9)
[M::mem_pestat] skip orientation FF as there are not enough pairs
[M::mem_pestat] analyzing insert size distribution for orientation FR...
[M::mem_pestat] (25, 50, 75) percentile: (199, 261, 337)
[M::mem_pestat] low and high boundaries for computing mean and std.dev: (1, 613)
[M::mem_pestat] mean and std.dev: (272.44, 99.98)
[M::mem_pestat] low and high boundaries for proper pairs: (1, 751)
[M::mem_pestat] analyzing insert size distribution for orientation RF...
[M::mem_pestat] (25, 50, 75) percentile: (174, 1106, 2226)
[M::mem_pestat] low and high boundaries for computing mean and std.dev: (1, 6330)
[M::mem_pestat] mean and std.dev: (1424.17, 1612.62)
[M::mem_pestat] low and high boundaries for proper pairs: (1, 8382)
[M::mem_pestat] skip orientation RR as there are not enough pairs
[M::mem_pestat] skip orientation RF
[M::mem_process_seqs] Processed 2822906 reads in 2944.953 CPU sec, 73.825 real sec
[M::process] read 2817024 sequences (400000073 bp)...
[M::mem_pestat] # candidate unique pairs for (FF, FR, RF, RR): (11, 792508, 108, 7)
[M::mem_pestat] analyzing insert size distribution for orientation FF...
[M::mem_pestat] (25, 50, 75) percentile: (1689, 1777, 4075)
[M::mem_pestat] low and high boundaries for computing mean and std.dev: (1, 8847)
[M::mem_pestat] mean and std.dev: (2138.90, 1539.64)
[M::mem_pestat] low and high boundaries for proper pairs: (1, 11233)
[M::mem_pestat] analyzing insert size distribution for orientation FR...
[M::mem_pestat] (25, 50, 75) percentile: (198, 258, 334)
[M::mem_pestat] low and high boundaries for computing mean and std.dev: (1, 606)
[M::mem_pestat] mean and std.dev: (269.82, 99.02)
[M::mem_pestat] low and high boundaries for proper pairs: (1, 742)
[M::mem_pestat] analyzing insert size distribution for orientation RF...
[M::mem_pestat] (25, 50, 75) percentile: (160, 242, 1572)
[M::mem_pestat] low and high boundaries for computing mean and std.dev: (1, 4396)
[M::mem_pestat] mean and std.dev: (639.67, 923.33)
[M::mem_pestat] low and high boundaries for proper pairs: (1, 5808)
[M::mem_pestat] skip orientation RR as there are not enough pairs
[M::mem_pestat] skip orientation FF
[M::mem_pestat] skip orientation RF
[M::mem_process_seqs] Processed 2823886 reads in 2953.911 CPU sec, 73.883 real sec
[M::process] read 2821652 sequences (400000216 bp)...
[M::mem_pestat] # candidate unique pairs for (FF, FR, RF, RR): (8, 793449, 85, 12)
[M::mem_pestat] skip orientation FF as there are not enough pairs
[M::mem_pestat] analyzing insert size distribution for orientation FR...
[M::mem_pestat] (25, 50, 75) percentile: (199, 261, 337)
[M::mem_pestat] low and high boundaries for computing mean and std.dev: (1, 613)
[M::mem_pestat] mean and std.dev: (272.50, 100.14)
[M::mem_pestat] low and high boundaries for proper pairs: (1, 751)
[M::mem_pestat] analyzing insert size distribution for orientation RF...
[M::mem_pestat] (25, 50, 75) percentile: (105, 389, 2809)
[M::mem_pestat] low and high boundaries for computing mean and std.dev: (1, 8217)
[M::mem_pestat] mean and std.dev: (1700.71, 2335.49)
[M::mem_pestat] low and high boundaries for proper pairs: (1, 11043)
[M::mem_pestat] analyzing insert size distribution for orientation RR...
[M::mem_pestat] (25, 50, 75) percentile: (206, 228, 988)
[M::mem_pestat] low and high boundaries for computing mean and std.dev: (1, 2552)
[M::mem_pestat] mean and std.dev: (367.64, 296.96)
[M::mem_pestat] low and high boundaries for proper pairs: (1, 3334)
[M::mem_pestat] skip orientation RF
[M::mem_pestat] skip orientation RR
[M::mem_process_seqs] Processed 2817024 reads in 2933.160 CPU sec, 73.585 real sec
[M::process] read 2825508 sequences (400000124 bp)...
[M::mem_pestat] # candidate unique pairs for (FF, FR, RF, RR): (10, 792067, 98, 7)
[M::mem_pestat] analyzing insert size distribution for orientation FF...
[M::mem_pestat] (25, 50, 75) percentile: (287, 9051, 9717)
[M::mem_pestat] low and high boundaries for computing mean and std.dev: (1, 28577)
[M::mem_pestat] mean and std.dev: (5358.30, 4313.80)
[M::mem_pestat] low and high boundaries for proper pairs: (1, 38007)
[M::mem_pestat] analyzing insert size distribution for orientation FR...
[M::mem_pestat] (25, 50, 75) percentile: (198, 258, 333)
[M::mem_pestat] low and high boundaries for computing mean and std.dev: (1, 603)
[M::mem_pestat] mean and std.dev: (269.50, 98.64)
[M::mem_pestat] low and high boundaries for proper pairs: (1, 738)
[M::mem_pestat] analyzing insert size distribution for orientation RF...
[M::mem_pestat] (25, 50, 75) percentile: (73, 180, 654)
[M::mem_pestat] low and high boundaries for computing mean and std.dev: (1, 1816)
[M::mem_pestat] mean and std.dev: (273.49, 347.20)
[M::mem_pestat] low and high boundaries for proper pairs: (1, 2397)
[M::mem_pestat] skip orientation RR as there are not enough pairs
[M::mem_pestat] skip orientation FF
[M::mem_pestat] skip orientation RF
[M::mem_process_seqs] Processed 2821652 reads in 2924.089 CPU sec, 73.577 real sec
[M::process] read 2812684 sequences (400000014 bp)...
[M::mem_pestat] # candidate unique pairs for (FF, FR, RF, RR): (16, 793299, 80, 10)
[M::mem_pestat] analyzing insert size distribution for orientation FF...
[M::mem_pestat] (25, 50, 75) percentile: (201, 1098, 1377)
[M::mem_pestat] low and high boundaries for computing mean and std.dev: (1, 3729)
[M::mem_pestat] mean and std.dev: (1062.47, 972.46)
[M::mem_pestat] low and high boundaries for proper pairs: (1, 4952)
[M::mem_pestat] analyzing insert size distribution for orientation FR...
[M::mem_pestat] (25, 50, 75) percentile: (198, 258, 335)
[M::mem_pestat] low and high boundaries for computing mean and std.dev: (1, 609)
[M::mem_pestat] mean and std.dev: (270.40, 99.55)
[M::mem_pestat] low and high boundaries for proper pairs: (1, 746)
[M::mem_pestat] analyzing insert size distribution for orientation RF...
[M::mem_pestat] (25, 50, 75) percentile: (202, 579, 2560)
[M::mem_pestat] low and high boundaries for computing mean and std.dev: (1, 7276)
[M::mem_pestat] mean and std.dev: (1140.32, 1474.99)
[M::mem_pestat] low and high boundaries for proper pairs: (1, 9634)
[M::mem_pestat] analyzing insert size distribution for orientation RR...
[M::mem_pestat] (25, 50, 75) percentile: (98, 179, 335)
[M::mem_pestat] low and high boundaries for computing mean and std.dev: (1, 809)
[M::mem_pestat] mean and std.dev: (228.60, 146.79)
[M::mem_pestat] low and high boundaries for proper pairs: (1, 1046)
[M::mem_pestat] skip orientation FF
[M::mem_pestat] skip orientation RF
[M::mem_pestat] skip orientation RR
[M::mem_process_seqs] Processed 2825508 reads in 3001.655 CPU sec, 75.075 real sec
[M::process] read 2804890 sequences (400000148 bp)...
[M::mem_pestat] # candidate unique pairs for (FF, FR, RF, RR): (6, 792863, 99, 11)
[M::mem_pestat] skip orientation FF as there are not enough pairs
[M::mem_pestat] analyzing insert size distribution for orientation FR...
[M::mem_pestat] (25, 50, 75) percentile: (198, 258, 334)
[M::mem_pestat] low and high boundaries for computing mean and std.dev: (1, 606)
[M::mem_pestat] mean and std.dev: (270.21, 99.16)
[M::mem_pestat] low and high boundaries for proper pairs: (1, 742)
[M::mem_pestat] analyzing insert size distribution for orientation RF...
[M::mem_pestat] (25, 50, 75) percentile: (128, 275, 1061)
[M::mem_pestat] low and high boundaries for computing mean and std.dev: (1, 2927)
[M::mem_pestat] mean and std.dev: (560.36, 766.21)
[M::mem_pestat] low and high boundaries for proper pairs: (1, 3860)
[M::mem_pestat] analyzing insert size distribution for orientation RR...
[M::mem_pestat] (25, 50, 75) percentile: (305, 706, 2953)
[M::mem_pestat] low and high boundaries for computing mean and std.dev: (1, 8249)
[M::mem_pestat] mean and std.dev: (1850.64, 2285.91)
[M::mem_pestat] low and high boundaries for proper pairs: (1, 10994)
[M::mem_pestat] skip orientation RF
[M::mem_pestat] skip orientation RR
[M::mem_process_seqs] Processed 2812684 reads in 2963.975 CPU sec, 74.532 real sec
[M::process] read 2798280 sequences (400000256 bp)...
[M::mem_pestat] # candidate unique pairs for (FF, FR, RF, RR): (11, 792615, 71, 11)
[M::mem_pestat] analyzing insert size distribution for orientation FF...
[M::mem_pestat] (25, 50, 75) percentile: (966, 1837, 4678)
[M::mem_pestat] low and high boundaries for computing mean and std.dev: (1, 12102)
[M::mem_pestat] mean and std.dev: (2636.64, 2700.04)
[M::mem_pestat] low and high boundaries for proper pairs: (1, 15814)
[M::mem_pestat] analyzing insert size distribution for orientation FR...
[M::mem_pestat] (25, 50, 75) percentile: (197, 257, 333)
[M::mem_pestat] low and high boundaries for computing mean and std.dev: (1, 605)
[M::mem_pestat] mean and std.dev: (269.08, 99.24)
[M::mem_pestat] low and high boundaries for proper pairs: (1, 741)
[M::mem_pestat] analyzing insert size distribution for orientation RF...
[M::mem_pestat] (25, 50, 75) percentile: (113, 399, 1505)
[M::mem_pestat] low and high boundaries for computing mean and std.dev: (1, 4289)
[M::mem_pestat] mean and std.dev: (566.98, 706.77)
[M::mem_pestat] low and high boundaries for proper pairs: (1, 5681)
[M::mem_pestat] analyzing insert size distribution for orientation RR...
[M::mem_pestat] (25, 50, 75) percentile: (487, 1974, 6439)
[M::mem_pestat] low and high boundaries for computing mean and std.dev: (1, 18343)
[M::mem_pestat] mean and std.dev: (2630.55, 2541.02)
[M::mem_pestat] low and high boundaries for proper pairs: (1, 24295)
[M::mem_pestat] skip orientation FF
[M::mem_pestat] skip orientation RF
[M::mem_pestat] skip orientation RR
[M::mem_process_seqs] Processed 2804890 reads in 2911.538 CPU sec, 72.821 real sec
[M::process] read 2797170 sequences (400000171 bp)...
[M::mem_pestat] # candidate unique pairs for (FF, FR, RF, RR): (10, 794223, 76, 8)
[M::mem_pestat] analyzing insert size distribution for orientation FF...
[M::mem_pestat] (25, 50, 75) percentile: (120, 1353, 1913)
[M::mem_pestat] low and high boundaries for computing mean and std.dev: (1, 5499)
[M::mem_pestat] mean and std.dev: (1197.90, 1317.87)
[M::mem_pestat] low and high boundaries for proper pairs: (1, 7292)
[M::mem_pestat] analyzing insert size distribution for orientation FR...
[M::mem_pestat] (25, 50, 75) percentile: (199, 259, 333)
[M::mem_pestat] low and high boundaries for computing mean and std.dev: (1, 601)
[M::mem_pestat] mean and std.dev: (270.39, 97.69)
[M::mem_pestat] low and high boundaries for proper pairs: (1, 735)
[M::mem_pestat] analyzing insert size distribution for orientation RF...
[M::mem_pestat] (25, 50, 75) percentile: (117, 225, 2358)
[M::mem_pestat] low and high boundaries for computing mean and std.dev: (1, 6840)
[M::mem_pestat] mean and std.dev: (1338.32, 2044.68)
[M::mem_pestat] low and high boundaries for proper pairs: (1, 9517)
[M::mem_pestat] skip orientation RR as there are not enough pairs
[M::mem_pestat] skip orientation FF
[M::mem_pestat] skip orientation RF
[M::mem_process_seqs] Processed 2798280 reads in 2887.110 CPU sec, 72.600 real sec
[M::process] read 2798870 sequences (400000116 bp)...
[M::mem_pestat] # candidate unique pairs for (FF, FR, RF, RR): (9, 793545, 87, 9)
[M::mem_pestat] skip orientation FF as there are not enough pairs
[M::mem_pestat] analyzing insert size distribution for orientation FR...
[M::mem_pestat] (25, 50, 75) percentile: (197, 257, 331)
[M::mem_pestat] low and high boundaries for computing mean and std.dev: (1, 599)
[M::mem_pestat] mean and std.dev: (268.41, 97.99)
[M::mem_pestat] low and high boundaries for proper pairs: (1, 733)
[M::mem_pestat] analyzing insert size distribution for orientation RF...
[M::mem_pestat] (25, 50, 75) percentile: (133, 223, 1519)
[M::mem_pestat] low and high boundaries for computing mean and std.dev: (1, 4291)
[M::mem_pestat] mean and std.dev: (626.30, 895.78)
[M::mem_pestat] low and high boundaries for proper pairs: (1, 5677)
[M::mem_pestat] skip orientation RR as there are not enough pairs
[M::mem_pestat] skip orientation RF
[M::mem_process_seqs] Processed 2797170 reads in 2909.144 CPU sec, 72.832 real sec
[M::process] read 2798588 sequences (400000294 bp)...
[M::mem_pestat] # candidate unique pairs for (FF, FR, RF, RR): (11, 794732, 83, 8)
[M::mem_pestat] analyzing insert size distribution for orientation FF...
[M::mem_pestat] (25, 50, 75) percentile: (398, 1991, 3397)
[M::mem_pestat] low and high boundaries for computing mean and std.dev: (1, 9395)
[M::mem_pestat] mean and std.dev: (2138.82, 2131.53)
[M::mem_pestat] low and high boundaries for proper pairs: (1, 12394)
[M::mem_pestat] analyzing insert size distribution for orientation FR...
[M::mem_pestat] (25, 50, 75) percentile: (200, 260, 333)
[M::mem_pestat] low and high boundaries for computing mean and std.dev: (1, 599)
[M::mem_pestat] mean and std.dev: (270.65, 97.50)
[M::mem_pestat] low and high boundaries for proper pairs: (1, 732)
[M::mem_pestat] analyzing insert size distribution for orientation RF...
[M::mem_pestat] (25, 50, 75) percentile: (86, 224, 1313)
[M::mem_pestat] low and high boundaries for computing mean and std.dev: (1, 3767)
[M::mem_pestat] mean and std.dev: (605.01, 787.50)
[M::mem_pestat] low and high boundaries for proper pairs: (1, 4994)
[M::mem_pestat] skip orientation RR as there are not enough pairs
[M::mem_pestat] skip orientation FF
[M::mem_pestat] skip orientation RF
[M::mem_process_seqs] Processed 2798870 reads in 3156.001 CPU sec, 84.533 real sec
[M::process] read 2796552 sequences (400000221 bp)...
[M::mem_pestat] # candidate unique pairs for (FF, FR, RF, RR): (15, 793493, 68, 16)
[M::mem_pestat] analyzing insert size distribution for orientation FF...
[M::mem_pestat] (25, 50, 75) percentile: (1696, 3007, 4096)
[M::mem_pestat] low and high boundaries for computing mean and std.dev: (1, 8896)
[M::mem_pestat] mean and std.dev: (2870.47, 1845.51)
[M::mem_pestat] low and high boundaries for proper pairs: (1, 11296)
[M::mem_pestat] analyzing insert size distribution for orientation FR...
[M::mem_pestat] (25, 50, 75) percentile: (198, 258, 332)
[M::mem_pestat] low and high boundaries for computing mean and std.dev: (1, 600)
[M::mem_pestat] mean and std.dev: (268.98, 98.10)
[M::mem_pestat] low and high boundaries for proper pairs: (1, 734)
[M::mem_pestat] analyzing insert size distribution for orientation RF...
[M::mem_pestat] (25, 50, 75) percentile: (148, 1231, 2316)
[M::mem_pestat] low and high boundaries for computing mean and std.dev: (1, 6652)
[M::mem_pestat] mean and std.dev: (1435.00, 1752.94)
[M::mem_pestat] low and high boundaries for proper pairs: (1, 8820)
[M::mem_pestat] analyzing insert size distribution for orientation RR...
[M::mem_pestat] (25, 50, 75) percentile: (349, 2039, 4535)
[M::mem_pestat] low and high boundaries for computing mean and std.dev: (1, 12907)
[M::mem_pestat] mean and std.dev: (3028.94, 3059.09)
[M::mem_pestat] low and high boundaries for proper pairs: (1, 17093)
[M::mem_pestat] skip orientation FF
[M::mem_pestat] skip orientation RF
[M::mem_pestat] skip orientation RR
[M::mem_process_seqs] Processed 2798588 reads in 2912.518 CPU sec, 73.014 real sec
[M::process] read 2790048 sequences (400000254 bp)...
[M::mem_pestat] # candidate unique pairs for (FF, FR, RF, RR): (12, 793412, 106, 6)
[M::mem_pestat] analyzing insert size distribution for orientation FF...
[M::mem_pestat] (25, 50, 75) percentile: (172, 2541, 3522)
[M::mem_pestat] low and high boundaries for computing mean and std.dev: (1, 10222)
[M::mem_pestat] mean and std.dev: (2290.17, 1877.47)
[M::mem_pestat] low and high boundaries for proper pairs: (1, 13572)
[M::mem_pestat] analyzing insert size distribution for orientation FR...
[M::mem_pestat] (25, 50, 75) percentile: (198, 258, 332)
[M::mem_pestat] low and high boundaries for computing mean and std.dev: (1, 600)
[M::mem_pestat] mean and std.dev: (269.30, 97.81)
[M::mem_pestat] low and high boundaries for proper pairs: (1, 734)
[M::mem_pestat] analyzing insert size distribution for orientation RF...
[M::mem_pestat] (25, 50, 75) percentile: (145, 670, 3526)
[M::mem_pestat] low and high boundaries for computing mean and std.dev: (1, 10288)
[M::mem_pestat] mean and std.dev: (2205.51, 2829.40)
[M::mem_pestat] low and high boundaries for proper pairs: (1, 13669)
[M::mem_pestat] skip orientation RR as there are not enough pairs
[M::mem_pestat] skip orientation FF
[M::mem_pestat] skip orientation RF
[M::mem_process_seqs] Processed 2796552 reads in 2894.432 CPU sec, 72.582 real sec
[M::process] read 2808876 sequences (400000005 bp)...
[M::mem_pestat] # candidate unique pairs for (FF, FR, RF, RR): (15, 792608, 74, 8)
[M::mem_pestat] analyzing insert size distribution for orientation FF...
[M::mem_pestat] (25, 50, 75) percentile: (1087, 1473, 4320)
[M::mem_pestat] low and high boundaries for computing mean and std.dev: (1, 10786)
[M::mem_pestat] mean and std.dev: (2230.87, 2177.80)
[M::mem_pestat] low and high boundaries for proper pairs: (1, 14019)
[M::mem_pestat] analyzing insert size distribution for orientation FR...
[M::mem_pestat] (25, 50, 75) percentile: (200, 260, 335)
[M::mem_pestat] low and high boundaries for computing mean and std.dev: (1, 605)
[M::mem_pestat] mean and std.dev: (271.40, 98.51)
[M::mem_pestat] low and high boundaries for proper pairs: (1, 740)
[M::mem_pestat] analyzing insert size distribution for orientation RF...
[M::mem_pestat] (25, 50, 75) percentile: (126, 347, 4076)
[M::mem_pestat] low and high boundaries for computing mean and std.dev: (1, 11976)
[M::mem_pestat] mean and std.dev: (1905.14, 2840.83)
[M::mem_pestat] low and high boundaries for proper pairs: (1, 15926)
[M::mem_pestat] skip orientation RR as there are not enough pairs
[M::mem_pestat] skip orientation FF
[M::mem_pestat] skip orientation RF
[M::mem_process_seqs] Processed 2790048 reads in 2901.356 CPU sec, 72.619 real sec
[M::process] read 2819312 sequences (400000043 bp)...
[M::mem_pestat] # candidate unique pairs for (FF, FR, RF, RR): (7, 791593, 112, 10)
[M::mem_pestat] skip orientation FF as there are not enough pairs
[M::mem_pestat] analyzing insert size distribution for orientation FR...
[M::mem_pestat] (25, 50, 75) percentile: (199, 260, 335)
[M::mem_pestat] low and high boundaries for computing mean and std.dev: (1, 607)
[M::mem_pestat] mean and std.dev: (271.04, 98.79)
[M::mem_pestat] low and high boundaries for proper pairs: (1, 743)
[M::mem_pestat] analyzing insert size distribution for orientation RF...
[M::mem_pestat] (25, 50, 75) percentile: (126, 731, 3228)
[M::mem_pestat] low and high boundaries for computing mean and std.dev: (1, 9432)
[M::mem_pestat] mean and std.dev: (1942.13, 2617.92)
[M::mem_pestat] low and high boundaries for proper pairs: (1, 12534)
[M::mem_pestat] analyzing insert size distribution for orientation RR...
[M::mem_pestat] (25, 50, 75) percentile: (290, 1366, 2366)
[M::mem_pestat] low and high boundaries for computing mean and std.dev: (1, 6518)
[M::mem_pestat] mean and std.dev: (1166.30, 918.25)
[M::mem_pestat] low and high boundaries for proper pairs: (1, 8594)
[M::mem_pestat] skip orientation RF
[M::mem_pestat] skip orientation RR
[M::mem_process_seqs] Processed 2808876 reads in 2941.695 CPU sec, 73.958 real sec
[M::process] read 2822720 sequences (400000208 bp)...
[M::mem_pestat] # candidate unique pairs for (FF, FR, RF, RR): (15, 792959, 74, 9)
[M::mem_pestat] analyzing insert size distribution for orientation FF...
[M::mem_pestat] (25, 50, 75) percentile: (196, 1042, 3201)
[M::mem_pestat] low and high boundaries for computing mean and std.dev: (1, 9211)
[M::mem_pestat] mean and std.dev: (1923.60, 2316.10)
[M::mem_pestat] low and high boundaries for proper pairs: (1, 12216)
[M::mem_pestat] analyzing insert size distribution for orientation FR...
[M::mem_pestat] (25, 50, 75) percentile: (199, 259, 335)
[M::mem_pestat] low and high boundaries for computing mean and std.dev: (1, 607)
[M::mem_pestat] mean and std.dev: (271.02, 99.17)
[M::mem_pestat] low and high boundaries for proper pairs: (1, 743)
[M::mem_pestat] analyzing insert size distribution for orientation RF...
[M::mem_pestat] (25, 50, 75) percentile: (123, 839, 1734)
[M::mem_pestat] low and high boundaries for computing mean and std.dev: (1, 4956)
[M::mem_pestat] mean and std.dev: (990.72, 1191.52)
[M::mem_pestat] low and high boundaries for proper pairs: (1, 6567)
[M::mem_pestat] skip orientation RR as there are not enough pairs
[M::mem_pestat] skip orientation FF
[M::mem_pestat] skip orientation RF
[M::mem_process_seqs] Processed 2819312 reads in 2933.780 CPU sec, 73.548 real sec
[M::process] read 2814464 sequences (400000062 bp)...
[M::mem_pestat] # candidate unique pairs for (FF, FR, RF, RR): (16, 791010, 100, 12)
[M::mem_pestat] analyzing insert size distribution for orientation FF...
[M::mem_pestat] (25, 50, 75) percentile: (314, 1797, 4361)
[M::mem_pestat] low and high boundaries for computing mean and std.dev: (1, 12455)
[M::mem_pestat] mean and std.dev: (2056.50, 1898.04)
[M::mem_pestat] low and high boundaries for proper pairs: (1, 16502)
[M::mem_pestat] analyzing insert size distribution for orientation FR...
[M::mem_pestat] (25, 50, 75) percentile: (199, 260, 335)
[M::mem_pestat] low and high boundaries for computing mean and std.dev: (1, 607)
[M::mem_pestat] mean and std.dev: (271.13, 99.33)
[M::mem_pestat] low and high boundaries for proper pairs: (1, 743)
[M::mem_pestat] analyzing insert size distribution for orientation RF...
[M::mem_pestat] (25, 50, 75) percentile: (109, 240, 1860)
[M::mem_pestat] low and high boundaries for computing mean and std.dev: (1, 5362)
[M::mem_pestat] mean and std.dev: (1032.70, 1362.38)
[M::mem_pestat] low and high boundaries for proper pairs: (1, 7113)
[M::mem_pestat] analyzing insert size distribution for orientation RR...
[M::mem_pestat] (25, 50, 75) percentile: (291, 1662, 2358)
[M::mem_pestat] low and high boundaries for computing mean and std.dev: (1, 6492)
[M::mem_pestat] mean and std.dev: (1293.42, 1141.55)
[M::mem_pestat] low and high boundaries for proper pairs: (1, 8559)
[M::mem_pestat] skip orientation FF
[M::mem_pestat] skip orientation RF
[M::mem_pestat] skip orientation RR
[M::mem_process_seqs] Processed 2822720 reads in 2961.831 CPU sec, 74.092 real sec
[M::process] read 2822966 sequences (400000045 bp)...
[M::mem_pestat] # candidate unique pairs for (FF, FR, RF, RR): (10, 792113, 98, 7)
[M::mem_pestat] analyzing insert size distribution for orientation FF...
[M::mem_pestat] (25, 50, 75) percentile: (144, 328, 2703)
[M::mem_pestat] low and high boundaries for computing mean and std.dev: (1, 7821)
[M::mem_pestat] mean and std.dev: (1183.50, 1608.64)
[M::mem_pestat] low and high boundaries for proper pairs: (1, 10380)
[M::mem_pestat] analyzing insert size distribution for orientation FR...
[M::mem_pestat] (25, 50, 75) percentile: (199, 259, 335)
[M::mem_pestat] low and high boundaries for computing mean and std.dev: (1, 607)
[M::mem_pestat] mean and std.dev: (271.05, 99.30)
[M::mem_pestat] low and high boundaries for proper pairs: (1, 743)
[M::mem_pestat] analyzing insert size distribution for orientation RF...
[M::mem_pestat] (25, 50, 75) percentile: (125, 743, 2282)
[M::mem_pestat] low and high boundaries for computing mean and std.dev: (1, 6596)
[M::mem_pestat] mean and std.dev: (1109.06, 1409.32)
[M::mem_pestat] low and high boundaries for proper pairs: (1, 8753)
[M::mem_pestat] skip orientation RR as there are not enough pairs
[M::mem_pestat] skip orientation FF
[M::mem_pestat] skip orientation RF
[M::mem_process_seqs] Processed 2814464 reads in 2937.187 CPU sec, 73.860 real sec
[M::process] read 2819752 sequences (400000230 bp)...
[M::mem_pestat] # candidate unique pairs for (FF, FR, RF, RR): (11, 792143, 73, 11)
[M::mem_pestat] analyzing insert size distribution for orientation FF...
[M::mem_pestat] (25, 50, 75) percentile: (448, 868, 3231)
[M::mem_pestat] low and high boundaries for computing mean and std.dev: (1, 8797)
[M::mem_pestat] mean and std.dev: (1523.27, 1365.14)
[M::mem_pestat] low and high boundaries for proper pairs: (1, 11580)
[M::mem_pestat] analyzing insert size distribution for orientation FR...
[M::mem_pestat] (25, 50, 75) percentile: (199, 260, 337)
[M::mem_pestat] low and high boundaries for computing mean and std.dev: (1, 613)
[M::mem_pestat] mean and std.dev: (272.20, 100.13)
[M::mem_pestat] low and high boundaries for proper pairs: (1, 751)
[M::mem_pestat] analyzing insert size distribution for orientation RF...
[M::mem_pestat] (25, 50, 75) percentile: (109, 276, 1519)
[M::mem_pestat] low and high boundaries for computing mean and std.dev: (1, 4339)
[M::mem_pestat] mean and std.dev: (853.96, 1000.95)
[M::mem_pestat] low and high boundaries for proper pairs: (1, 5749)
[M::mem_pestat] analyzing insert size distribution for orientation RR...
[M::mem_pestat] (25, 50, 75) percentile: (754, 790, 3125)
[M::mem_pestat] low and high boundaries for computing mean and std.dev: (1, 7867)
[M::mem_pestat] mean and std.dev: (2214.45, 2470.62)
[M::mem_pestat] low and high boundaries for proper pairs: (1, 12097)
[M::mem_pestat] skip orientation FF
[M::mem_pestat] skip orientation RF
[M::mem_pestat] skip orientation RR
[M::mem_process_seqs] Processed 2822966 reads in 2942.953 CPU sec, 73.605 real sec
[M::process] read 2802022 sequences (400000153 bp)...
[M::mem_pestat] # candidate unique pairs for (FF, FR, RF, RR): (7, 793611, 84, 9)
[M::mem_pestat] skip orientation FF as there are not enough pairs
[M::mem_pestat] analyzing insert size distribution for orientation FR...
[M::mem_pestat] (25, 50, 75) percentile: (199, 260, 335)
[M::mem_pestat] low and high boundaries for computing mean and std.dev: (1, 607)
[M::mem_pestat] mean and std.dev: (271.50, 99.54)
[M::mem_pestat] low and high boundaries for proper pairs: (1, 743)
[M::mem_pestat] analyzing insert size distribution for orientation RF...
[M::mem_pestat] (25, 50, 75) percentile: (129, 365, 1054)
[M::mem_pestat] low and high boundaries for computing mean and std.dev: (1, 2904)
[M::mem_pestat] mean and std.dev: (364.25, 404.70)
[M::mem_pestat] low and high boundaries for proper pairs: (1, 3829)
[M::mem_pestat] skip orientation RR as there are not enough pairs
[M::mem_pestat] skip orientation RF
[M::mem_process_seqs] Processed 2819752 reads in 2953.045 CPU sec, 74.239 real sec
[M::process] read 2805272 sequences (400000104 bp)...
[M::mem_pestat] # candidate unique pairs for (FF, FR, RF, RR): (9, 791332, 80, 9)
[M::mem_pestat] skip orientation FF as there are not enough pairs
[M::mem_pestat] analyzing insert size distribution for orientation FR...
[M::mem_pestat] (25, 50, 75) percentile: (199, 261, 336)
[M::mem_pestat] low and high boundaries for computing mean and std.dev: (1, 610)
[M::mem_pestat] mean and std.dev: (272.25, 99.96)
[M::mem_pestat] low and high boundaries for proper pairs: (1, 747)
[M::mem_pestat] analyzing insert size distribution for orientation RF...
[M::mem_pestat] (25, 50, 75) percentile: (83, 223, 931)
[M::mem_pestat] low and high boundaries for computing mean and std.dev: (1, 2627)
[M::mem_pestat] mean and std.dev: (545.38, 695.69)
[M::mem_pestat] low and high boundaries for proper pairs: (1, 3475)
[M::mem_pestat] skip orientation RR as there are not enough pairs
[M::mem_pestat] skip orientation RF
[M::mem_process_seqs] Processed 2802022 reads in 2956.682 CPU sec, 74.123 real sec
[M::process] read 2805196 sequences (400000076 bp)...
[M::mem_pestat] # candidate unique pairs for (FF, FR, RF, RR): (11, 793922, 71, 11)
[M::mem_pestat] analyzing insert size distribution for orientation FF...
[M::mem_pestat] (25, 50, 75) percentile: (178, 430, 1692)
[M::mem_pestat] low and high boundaries for computing mean and std.dev: (1, 4720)
[M::mem_pestat] mean and std.dev: (537.00, 488.62)
[M::mem_pestat] low and high boundaries for proper pairs: (1, 6234)
[M::mem_pestat] analyzing insert size distribution for orientation FR...
[M::mem_pestat] (25, 50, 75) percentile: (197, 256, 329)
[M::mem_pestat] low and high boundaries for computing mean and std.dev: (1, 593)
[M::mem_pestat] mean and std.dev: (267.01, 96.88)
[M::mem_pestat] low and high boundaries for proper pairs: (1, 725)
[M::mem_pestat] analyzing insert size distribution for orientation RF...
[M::mem_pestat] (25, 50, 75) percentile: (128, 240, 1476)
[M::mem_pestat] low and high boundaries for computing mean and std.dev: (1, 4172)
[M::mem_pestat] mean and std.dev: (574.27, 849.46)
[M::mem_pestat] low and high boundaries for proper pairs: (1, 5520)
[M::mem_pestat] analyzing insert size distribution for orientation RR...
[M::mem_pestat] (25, 50, 75) percentile: (315, 477, 3311)
[M::mem_pestat] low and high boundaries for computing mean and std.dev: (1, 9303)
[M::mem_pestat] mean and std.dev: (1889.55, 2729.51)
[M::mem_pestat] low and high boundaries for proper pairs: (1, 12808)
[M::mem_pestat] skip orientation FF
[M::mem_pestat] skip orientation RF
[M::mem_pestat] skip orientation RR
[M::mem_process_seqs] Processed 2805272 reads in 2909.666 CPU sec, 72.824 real sec
[M::process] read 2809378 sequences (400000058 bp)...
[M::mem_pestat] # candidate unique pairs for (FF, FR, RF, RR): (8, 793446, 95, 16)
[M::mem_pestat] skip orientation FF as there are not enough pairs
[M::mem_pestat] analyzing insert size distribution for orientation FR...
[M::mem_pestat] (25, 50, 75) percentile: (194, 251, 322)
[M::mem_pestat] low and high boundaries for computing mean and std.dev: (1, 578)
[M::mem_pestat] mean and std.dev: (261.99, 94.16)
[M::mem_pestat] low and high boundaries for proper pairs: (1, 706)
[M::mem_pestat] analyzing insert size distribution for orientation RF...
[M::mem_pestat] (25, 50, 75) percentile: (147, 687, 2903)
[M::mem_pestat] low and high boundaries for computing mean and std.dev: (1, 8415)
[M::mem_pestat] mean and std.dev: (1634.08, 2024.58)
[M::mem_pestat] low and high boundaries for proper pairs: (1, 11171)
[M::mem_pestat] analyzing insert size distribution for orientation RR...
[M::mem_pestat] (25, 50, 75) percentile: (426, 2436, 4078)
[M::mem_pestat] low and high boundaries for computing mean and std.dev: (1, 11382)
[M::mem_pestat] mean and std.dev: (2429.31, 1882.45)
[M::mem_pestat] low and high boundaries for proper pairs: (1, 15034)
[M::mem_pestat] skip orientation RF
[M::mem_pestat] skip orientation RR
[M::mem_process_seqs] Processed 2805196 reads in 2907.499 CPU sec, 72.926 real sec
[M::process] read 2828000 sequences (400000070 bp)...
[M::mem_pestat] # candidate unique pairs for (FF, FR, RF, RR): (13, 794578, 73, 19)
[M::mem_pestat] analyzing insert size distribution for orientation FF...
[M::mem_pestat] (25, 50, 75) percentile: (213, 1589, 6115)
[M::mem_pestat] low and high boundaries for computing mean and std.dev: (1, 17919)
[M::mem_pestat] mean and std.dev: (2470.46, 2922.35)
[M::mem_pestat] low and high boundaries for proper pairs: (1, 23821)
[M::mem_pestat] analyzing insert size distribution for orientation FR...
[M::mem_pestat] (25, 50, 75) percentile: (195, 253, 324)
[M::mem_pestat] low and high boundaries for computing mean and std.dev: (1, 582)
[M::mem_pestat] mean and std.dev: (263.30, 94.70)
[M::mem_pestat] low and high boundaries for proper pairs: (1, 711)
[M::mem_pestat] analyzing insert size distribution for orientation RF...
[M::mem_pestat] (25, 50, 75) percentile: (128, 444, 2743)
[M::mem_pestat] low and high boundaries for computing mean and std.dev: (1, 7973)
[M::mem_pestat] mean and std.dev: (1717.59, 2339.76)
[M::mem_pestat] low and high boundaries for proper pairs: (1, 11077)
[M::mem_pestat] analyzing insert size distribution for orientation RR...
[M::mem_pestat] (25, 50, 75) percentile: (194, 478, 2445)
[M::mem_pestat] low and high boundaries for computing mean and std.dev: (1, 6947)
[M::mem_pestat] mean and std.dev: (1089.95, 1155.06)
[M::mem_pestat] low and high boundaries for proper pairs: (1, 9198)
[M::mem_pestat] skip orientation FF
[M::mem_pestat] skip orientation RF
[M::mem_pestat] skip orientation RR
[M::mem_process_seqs] Processed 2809378 reads in 2903.168 CPU sec, 73.021 real sec
[M::process] read 2576826 sequences (365392531 bp)...
[M::mem_pestat] # candidate unique pairs for (FF, FR, RF, RR): (9, 794603, 84, 12)
[M::mem_pestat] skip orientation FF as there are not enough pairs
[M::mem_pestat] analyzing insert size distribution for orientation FR...
[M::mem_pestat] (25, 50, 75) percentile: (193, 250, 321)
[M::mem_pestat] low and high boundaries for computing mean and std.dev: (1, 577)
[M::mem_pestat] mean and std.dev: (261.17, 94.42)
[M::mem_pestat] low and high boundaries for proper pairs: (1, 705)
[M::mem_pestat] analyzing insert size distribution for orientation RF...
[M::mem_pestat] (25, 50, 75) percentile: (68, 223, 582)
[M::mem_pestat] low and high boundaries for computing mean and std.dev: (1, 1610)
[M::mem_pestat] mean and std.dev: (234.40, 278.94)
[M::mem_pestat] low and high boundaries for proper pairs: (1, 2124)
[M::mem_pestat] analyzing insert size distribution for orientation RR...
[M::mem_pestat] (25, 50, 75) percentile: (175, 378, 6748)
[M::mem_pestat] low and high boundaries for computing mean and std.dev: (1, 19894)
[M::mem_pestat] mean and std.dev: (2464.17, 2806.03)
[M::mem_pestat] low and high boundaries for proper pairs: (1, 26467)
[M::mem_pestat] skip orientation RF
[M::mem_pestat] skip orientation RR
[M::mem_process_seqs] Processed 2828000 reads in 2939.054 CPU sec, 73.524 real sec
[M::mem_pestat] # candidate unique pairs for (FF, FR, RF, RR): (8, 726636, 72, 6)
[M::mem_pestat] skip orientation FF as there are not enough pairs
[M::mem_pestat] analyzing insert size distribution for orientation FR...
[M::mem_pestat] (25, 50, 75) percentile: (194, 251, 323)
[M::mem_pestat] low and high boundaries for computing mean and std.dev: (1, 581)
[M::mem_pestat] mean and std.dev: (262.19, 94.81)
[M::mem_pestat] low and high boundaries for proper pairs: (1, 710)
[M::mem_pestat] analyzing insert size distribution for orientation RF...
[M::mem_pestat] (25, 50, 75) percentile: (156, 379, 2378)
[M::mem_pestat] low and high boundaries for computing mean and std.dev: (1, 6822)
[M::mem_pestat] mean and std.dev: (1138.12, 1652.27)
[M::mem_pestat] low and high boundaries for proper pairs: (1, 9044)
[M::mem_pestat] skip orientation RR as there are not enough pairs
[M::mem_pestat] skip orientation RF
[M::mem_process_seqs] Processed 2576826 reads in 2700.432 CPU sec, 68.009 real sec
[main] Version: 0.7.17-r1188
[main] CMD: /home/shared/bwa-0.7.17/bwa mem -M -t 40 ../data/bwa-GCF_031168955.1_ASM3116895v1_genomic ../data/trimmed-fastqs-heatwave-genetics/MHW419_trimmed_clipped_R1_paired.fq.gz ../data/trimmed-fastqs-heatwave-genetics/MHW419_trimmed_clipped_R2_paired.fq.gz
[main] Real time: 2435.823 sec; CPU: 96502.051 sec
