[M::bwa_idx_load_from_disk] read 0 ALT contigs
[M::process] read 2801890 sequences (400000092 bp)...
[M::process] read 2797574 sequences (400000134 bp)...
[M::mem_pestat] # candidate unique pairs for (FF, FR, RF, RR): (9, 776113, 74, 12)
[M::mem_pestat] skip orientation FF as there are not enough pairs
[M::mem_pestat] analyzing insert size distribution for orientation FR...
[M::mem_pestat] (25, 50, 75) percentile: (193, 250, 319)
[M::mem_pestat] low and high boundaries for computing mean and std.dev: (1, 571)
[M::mem_pestat] mean and std.dev: (260.50, 92.53)
[M::mem_pestat] low and high boundaries for proper pairs: (1, 697)
[M::mem_pestat] analyzing insert size distribution for orientation RF...
[M::mem_pestat] (25, 50, 75) percentile: (128, 329, 1089)
[M::mem_pestat] low and high boundaries for computing mean and std.dev: (1, 3011)
[M::mem_pestat] mean and std.dev: (574.03, 701.47)
[M::mem_pestat] low and high boundaries for proper pairs: (1, 3972)
[M::mem_pestat] analyzing insert size distribution for orientation RR...
[M::mem_pestat] (25, 50, 75) percentile: (185, 436, 2655)
[M::mem_pestat] low and high boundaries for computing mean and std.dev: (1, 7595)
[M::mem_pestat] mean and std.dev: (1458.42, 2058.42)
[M::mem_pestat] low and high boundaries for proper pairs: (1, 10065)
[M::mem_pestat] skip orientation RF
[M::mem_pestat] skip orientation RR
[M::mem_process_seqs] Processed 2801890 reads in 2924.672 CPU sec, 73.340 real sec
[M::process] read 2793412 sequences (400000069 bp)...
[M::mem_pestat] # candidate unique pairs for (FF, FR, RF, RR): (17, 776472, 68, 10)
[M::mem_pestat] analyzing insert size distribution for orientation FF...
[M::mem_pestat] (25, 50, 75) percentile: (3551, 4624, 8457)
[M::mem_pestat] low and high boundaries for computing mean and std.dev: (1, 18269)
[M::mem_pestat] mean and std.dev: (4696.18, 2986.38)
[M::mem_pestat] low and high boundaries for proper pairs: (1, 23175)
[M::mem_pestat] analyzing insert size distribution for orientation FR...
[M::mem_pestat] (25, 50, 75) percentile: (195, 252, 321)
[M::mem_pestat] low and high boundaries for computing mean and std.dev: (1, 573)
[M::mem_pestat] mean and std.dev: (262.57, 92.87)
[M::mem_pestat] low and high boundaries for proper pairs: (1, 699)
[M::mem_pestat] analyzing insert size distribution for orientation RF...
[M::mem_pestat] (25, 50, 75) percentile: (83, 208, 1111)
[M::mem_pestat] low and high boundaries for computing mean and std.dev: (1, 3167)
[M::mem_pestat] mean and std.dev: (346.51, 510.26)
[M::mem_pestat] low and high boundaries for proper pairs: (1, 4195)
[M::mem_pestat] analyzing insert size distribution for orientation RR...
[M::mem_pestat] (25, 50, 75) percentile: (110, 310, 424)
[M::mem_pestat] low and high boundaries for computing mean and std.dev: (1, 1052)
[M::mem_pestat] mean and std.dev: (213.50, 135.01)
[M::mem_pestat] low and high boundaries for proper pairs: (1, 1366)
[M::mem_pestat] skip orientation FF
[M::mem_pestat] skip orientation RF
[M::mem_pestat] skip orientation RR
[M::mem_process_seqs] Processed 2797574 reads in 3033.409 CPU sec, 76.165 real sec
[M::process] read 2794902 sequences (400000249 bp)...
[M::mem_pestat] # candidate unique pairs for (FF, FR, RF, RR): (13, 776222, 98, 16)
[M::mem_pestat] analyzing insert size distribution for orientation FF...
[M::mem_pestat] (25, 50, 75) percentile: (270, 309, 2187)
[M::mem_pestat] low and high boundaries for computing mean and std.dev: (1, 6021)
[M::mem_pestat] mean and std.dev: (1414.23, 1582.09)
[M::mem_pestat] low and high boundaries for proper pairs: (1, 7938)
[M::mem_pestat] analyzing insert size distribution for orientation FR...
[M::mem_pestat] (25, 50, 75) percentile: (198, 256, 325)
[M::mem_pestat] low and high boundaries for computing mean and std.dev: (1, 579)
[M::mem_pestat] mean and std.dev: (265.88, 92.93)
[M::mem_pestat] low and high boundaries for proper pairs: (1, 706)
[M::mem_pestat] analyzing insert size distribution for orientation RF...
[M::mem_pestat] (25, 50, 75) percentile: (133, 490, 1496)
[M::mem_pestat] low and high boundaries for computing mean and std.dev: (1, 4222)
[M::mem_pestat] mean and std.dev: (850.16, 1005.20)
[M::mem_pestat] low and high boundaries for proper pairs: (1, 5585)
[M::mem_pestat] analyzing insert size distribution for orientation RR...
[M::mem_pestat] (25, 50, 75) percentile: (332, 3886, 4386)
[M::mem_pestat] low and high boundaries for computing mean and std.dev: (1, 12494)
[M::mem_pestat] mean and std.dev: (2701.25, 2160.26)
[M::mem_pestat] low and high boundaries for proper pairs: (1, 16548)
[M::mem_pestat] skip orientation FF
[M::mem_pestat] skip orientation RF
[M::mem_pestat] skip orientation RR
[M::mem_process_seqs] Processed 2793412 reads in 3072.911 CPU sec, 77.087 real sec
[M::process] read 2795548 sequences (400000078 bp)...
[M::mem_pestat] # candidate unique pairs for (FF, FR, RF, RR): (12, 776242, 108, 6)
[M::mem_pestat] analyzing insert size distribution for orientation FF...
[M::mem_pestat] (25, 50, 75) percentile: (258, 2018, 5319)
[M::mem_pestat] low and high boundaries for computing mean and std.dev: (1, 15441)
[M::mem_pestat] mean and std.dev: (2395.67, 2262.75)
[M::mem_pestat] low and high boundaries for proper pairs: (1, 20502)
[M::mem_pestat] analyzing insert size distribution for orientation FR...
[M::mem_pestat] (25, 50, 75) percentile: (195, 252, 322)
[M::mem_pestat] low and high boundaries for computing mean and std.dev: (1, 576)
[M::mem_pestat] mean and std.dev: (262.77, 92.65)
[M::mem_pestat] low and high boundaries for proper pairs: (1, 703)
[M::mem_pestat] analyzing insert size distribution for orientation RF...
[M::mem_pestat] (25, 50, 75) percentile: (143, 304, 1531)
[M::mem_pestat] low and high boundaries for computing mean and std.dev: (1, 4307)
[M::mem_pestat] mean and std.dev: (781.31, 1021.45)
[M::mem_pestat] low and high boundaries for proper pairs: (1, 5695)
[M::mem_pestat] skip orientation RR as there are not enough pairs
[M::mem_pestat] skip orientation FF
[M::mem_pestat] skip orientation RF
[M::mem_process_seqs] Processed 2794902 reads in 3042.676 CPU sec, 76.482 real sec
[M::process] read 2794296 sequences (400000150 bp)...
[M::mem_pestat] # candidate unique pairs for (FF, FR, RF, RR): (9, 777505, 104, 8)
[M::mem_pestat] skip orientation FF as there are not enough pairs
[M::mem_pestat] analyzing insert size distribution for orientation FR...
[M::mem_pestat] (25, 50, 75) percentile: (194, 251, 321)
[M::mem_pestat] low and high boundaries for computing mean and std.dev: (1, 575)
[M::mem_pestat] mean and std.dev: (261.81, 92.73)
[M::mem_pestat] low and high boundaries for proper pairs: (1, 702)
[M::mem_pestat] analyzing insert size distribution for orientation RF...
[M::mem_pestat] (25, 50, 75) percentile: (128, 225, 1481)
[M::mem_pestat] low and high boundaries for computing mean and std.dev: (1, 4187)
[M::mem_pestat] mean and std.dev: (783.35, 987.59)
[M::mem_pestat] low and high boundaries for proper pairs: (1, 5540)
[M::mem_pestat] skip orientation RR as there are not enough pairs
[M::mem_pestat] skip orientation RF
[M::mem_process_seqs] Processed 2795548 reads in 3040.220 CPU sec, 76.047 real sec
[M::process] read 2818318 sequences (400000279 bp)...
[M::mem_pestat] # candidate unique pairs for (FF, FR, RF, RR): (5, 775461, 94, 6)
[M::mem_pestat] skip orientation FF as there are not enough pairs
[M::mem_pestat] analyzing insert size distribution for orientation FR...
[M::mem_pestat] (25, 50, 75) percentile: (200, 257, 327)
[M::mem_pestat] low and high boundaries for computing mean and std.dev: (1, 581)
[M::mem_pestat] mean and std.dev: (267.36, 93.22)
[M::mem_pestat] low and high boundaries for proper pairs: (1, 708)
[M::mem_pestat] analyzing insert size distribution for orientation RF...
[M::mem_pestat] (25, 50, 75) percentile: (131, 343, 3735)
[M::mem_pestat] low and high boundaries for computing mean and std.dev: (1, 10943)
[M::mem_pestat] mean and std.dev: (2280.03, 3095.57)
[M::mem_pestat] low and high boundaries for proper pairs: (1, 14662)
[M::mem_pestat] skip orientation RR as there are not enough pairs
[M::mem_pestat] skip orientation RF
[M::mem_process_seqs] Processed 2794296 reads in 3079.886 CPU sec, 77.243 real sec
[M::process] read 2816068 sequences (400000244 bp)...
[M::mem_pestat] # candidate unique pairs for (FF, FR, RF, RR): (8, 775782, 97, 10)
[M::mem_pestat] skip orientation FF as there are not enough pairs
[M::mem_pestat] analyzing insert size distribution for orientation FR...
[M::mem_pestat] (25, 50, 75) percentile: (197, 255, 325)
[M::mem_pestat] low and high boundaries for computing mean and std.dev: (1, 581)
[M::mem_pestat] mean and std.dev: (265.19, 94.03)
[M::mem_pestat] low and high boundaries for proper pairs: (1, 709)
[M::mem_pestat] analyzing insert size distribution for orientation RF...
[M::mem_pestat] (25, 50, 75) percentile: (128, 379, 2451)
[M::mem_pestat] low and high boundaries for computing mean and std.dev: (1, 7097)
[M::mem_pestat] mean and std.dev: (1252.15, 1662.90)
[M::mem_pestat] low and high boundaries for proper pairs: (1, 9420)
[M::mem_pestat] analyzing insert size distribution for orientation RR...
[M::mem_pestat] (25, 50, 75) percentile: (145, 1740, 3749)
[M::mem_pestat] low and high boundaries for computing mean and std.dev: (1, 10957)
[M::mem_pestat] mean and std.dev: (2422.60, 2902.37)
[M::mem_pestat] low and high boundaries for proper pairs: (1, 14561)
[M::mem_pestat] skip orientation RF
[M::mem_pestat] skip orientation RR
[M::mem_process_seqs] Processed 2818318 reads in 3055.565 CPU sec, 76.795 real sec
[M::process] read 2811606 sequences (400000221 bp)...
[M::mem_pestat] # candidate unique pairs for (FF, FR, RF, RR): (9, 774880, 101, 15)
[M::mem_pestat] skip orientation FF as there are not enough pairs
[M::mem_pestat] analyzing insert size distribution for orientation FR...
[M::mem_pestat] (25, 50, 75) percentile: (197, 255, 326)
[M::mem_pestat] low and high boundaries for computing mean and std.dev: (1, 584)
[M::mem_pestat] mean and std.dev: (265.52, 94.50)
[M::mem_pestat] low and high boundaries for proper pairs: (1, 713)
[M::mem_pestat] analyzing insert size distribution for orientation RF...
[M::mem_pestat] (25, 50, 75) percentile: (118, 224, 2043)
[M::mem_pestat] low and high boundaries for computing mean and std.dev: (1, 5893)
[M::mem_pestat] mean and std.dev: (699.42, 1067.33)
[M::mem_pestat] low and high boundaries for proper pairs: (1, 7818)
[M::mem_pestat] analyzing insert size distribution for orientation RR...
[M::mem_pestat] (25, 50, 75) percentile: (269, 432, 3516)
[M::mem_pestat] low and high boundaries for computing mean and std.dev: (1, 10010)
[M::mem_pestat] mean and std.dev: (1707.60, 2305.78)
[M::mem_pestat] low and high boundaries for proper pairs: (1, 13257)
[M::mem_pestat] skip orientation RF
[M::mem_pestat] skip orientation RR
[M::mem_process_seqs] Processed 2816068 reads in 3083.468 CPU sec, 77.290 real sec
[M::process] read 2811124 sequences (400000140 bp)...
[M::mem_pestat] # candidate unique pairs for (FF, FR, RF, RR): (8, 776597, 106, 8)
[M::mem_pestat] skip orientation FF as there are not enough pairs
[M::mem_pestat] analyzing insert size distribution for orientation FR...
[M::mem_pestat] (25, 50, 75) percentile: (197, 256, 327)
[M::mem_pestat] low and high boundaries for computing mean and std.dev: (1, 587)
[M::mem_pestat] mean and std.dev: (266.66, 94.90)
[M::mem_pestat] low and high boundaries for proper pairs: (1, 717)
[M::mem_pestat] analyzing insert size distribution for orientation RF...
[M::mem_pestat] (25, 50, 75) percentile: (193, 403, 1914)
[M::mem_pestat] low and high boundaries for computing mean and std.dev: (1, 5356)
[M::mem_pestat] mean and std.dev: (883.09, 1120.82)
[M::mem_pestat] low and high boundaries for proper pairs: (1, 7077)
[M::mem_pestat] skip orientation RR as there are not enough pairs
[M::mem_pestat] skip orientation RF
[M::mem_process_seqs] Processed 2811606 reads in 3064.290 CPU sec, 76.814 real sec
[M::process] read 2815906 sequences (400000171 bp)...
[M::mem_pestat] # candidate unique pairs for (FF, FR, RF, RR): (5, 775913, 103, 13)
[M::mem_pestat] skip orientation FF as there are not enough pairs
[M::mem_pestat] analyzing insert size distribution for orientation FR...
[M::mem_pestat] (25, 50, 75) percentile: (197, 255, 325)
[M::mem_pestat] low and high boundaries for computing mean and std.dev: (1, 581)
[M::mem_pestat] mean and std.dev: (265.33, 93.84)
[M::mem_pestat] low and high boundaries for proper pairs: (1, 709)
[M::mem_pestat] analyzing insert size distribution for orientation RF...
[M::mem_pestat] (25, 50, 75) percentile: (132, 278, 1659)
[M::mem_pestat] low and high boundaries for computing mean and std.dev: (1, 4713)
[M::mem_pestat] mean and std.dev: (734.04, 1053.54)
[M::mem_pestat] low and high boundaries for proper pairs: (1, 6240)
[M::mem_pestat] analyzing insert size distribution for orientation RR...
[M::mem_pestat] (25, 50, 75) percentile: (175, 354, 2702)
[M::mem_pestat] low and high boundaries for computing mean and std.dev: (1, 7756)
[M::mem_pestat] mean and std.dev: (1267.23, 1178.01)
[M::mem_pestat] low and high boundaries for proper pairs: (1, 10283)
[M::mem_pestat] skip orientation RF
[M::mem_pestat] skip orientation RR
[M::mem_process_seqs] Processed 2811124 reads in 3051.963 CPU sec, 76.574 real sec
[M::process] read 2799424 sequences (400000258 bp)...
[M::mem_pestat] # candidate unique pairs for (FF, FR, RF, RR): (14, 776631, 104, 17)
[M::mem_pestat] analyzing insert size distribution for orientation FF...
[M::mem_pestat] (25, 50, 75) percentile: (411, 5973, 8260)
[M::mem_pestat] low and high boundaries for computing mean and std.dev: (1, 23958)
[M::mem_pestat] mean and std.dev: (4778.29, 3717.04)
[M::mem_pestat] low and high boundaries for proper pairs: (1, 31807)
[M::mem_pestat] analyzing insert size distribution for orientation FR...
[M::mem_pestat] (25, 50, 75) percentile: (196, 253, 324)
[M::mem_pestat] low and high boundaries for computing mean and std.dev: (1, 580)
[M::mem_pestat] mean and std.dev: (264.33, 93.95)
[M::mem_pestat] low and high boundaries for proper pairs: (1, 708)
[M::mem_pestat] analyzing insert size distribution for orientation RF...
[M::mem_pestat] (25, 50, 75) percentile: (157, 273, 1340)
[M::mem_pestat] low and high boundaries for computing mean and std.dev: (1, 3706)
[M::mem_pestat] mean and std.dev: (727.78, 870.18)
[M::mem_pestat] low and high boundaries for proper pairs: (1, 4889)
[M::mem_pestat] analyzing insert size distribution for orientation RR...
[M::mem_pestat] (25, 50, 75) percentile: (299, 3556, 7514)
[M::mem_pestat] low and high boundaries for computing mean and std.dev: (1, 21944)
[M::mem_pestat] mean and std.dev: (3817.53, 3263.74)
[M::mem_pestat] low and high boundaries for proper pairs: (1, 29159)
[M::mem_pestat] skip orientation FF
[M::mem_pestat] skip orientation RF
[M::mem_pestat] skip orientation RR
[M::mem_process_seqs] Processed 2815906 reads in 3119.421 CPU sec, 78.078 real sec
[M::process] read 2792508 sequences (400000171 bp)...
[M::mem_pestat] # candidate unique pairs for (FF, FR, RF, RR): (6, 776039, 141, 6)
[M::mem_pestat] skip orientation FF as there are not enough pairs
[M::mem_pestat] analyzing insert size distribution for orientation FR...
[M::mem_pestat] (25, 50, 75) percentile: (197, 254, 325)
[M::mem_pestat] low and high boundaries for computing mean and std.dev: (1, 581)
[M::mem_pestat] mean and std.dev: (265.23, 94.37)
[M::mem_pestat] low and high boundaries for proper pairs: (1, 709)
[M::mem_pestat] analyzing insert size distribution for orientation RF...
[M::mem_pestat] (25, 50, 75) percentile: (146, 370, 2520)
[M::mem_pestat] low and high boundaries for computing mean and std.dev: (1, 7268)
[M::mem_pestat] mean and std.dev: (1220.53, 1801.81)
[M::mem_pestat] low and high boundaries for proper pairs: (1, 9642)
[M::mem_pestat] skip orientation RR as there are not enough pairs
[M::mem_pestat] skip orientation RF
[M::mem_process_seqs] Processed 2799424 reads in 3033.642 CPU sec, 76.266 real sec
[M::process] read 2791606 sequences (400000228 bp)...
[M::mem_pestat] # candidate unique pairs for (FF, FR, RF, RR): (8, 777404, 127, 13)
[M::mem_pestat] skip orientation FF as there are not enough pairs
[M::mem_pestat] analyzing insert size distribution for orientation FR...
[M::mem_pestat] (25, 50, 75) percentile: (198, 255, 324)
[M::mem_pestat] low and high boundaries for computing mean and std.dev: (1, 576)
[M::mem_pestat] mean and std.dev: (265.13, 92.82)
[M::mem_pestat] low and high boundaries for proper pairs: (1, 702)
[M::mem_pestat] analyzing insert size distribution for orientation RF...
[M::mem_pestat] (25, 50, 75) percentile: (125, 259, 1575)
[M::mem_pestat] low and high boundaries for computing mean and std.dev: (1, 4475)
[M::mem_pestat] mean and std.dev: (660.68, 875.29)
[M::mem_pestat] low and high boundaries for proper pairs: (1, 5925)
[M::mem_pestat] analyzing insert size distribution for orientation RR...
[M::mem_pestat] (25, 50, 75) percentile: (168, 330, 519)
[M::mem_pestat] low and high boundaries for computing mean and std.dev: (1, 1221)
[M::mem_pestat] mean and std.dev: (308.36, 166.59)
[M::mem_pestat] low and high boundaries for proper pairs: (1, 1572)
[M::mem_pestat] skip orientation RF
[M::mem_pestat] skip orientation RR
[M::mem_process_seqs] Processed 2792508 reads in 3037.344 CPU sec, 76.151 real sec
[M::process] read 2793952 sequences (400000162 bp)...
[M::mem_pestat] # candidate unique pairs for (FF, FR, RF, RR): (8, 776939, 91, 10)
[M::mem_pestat] skip orientation FF as there are not enough pairs
[M::mem_pestat] analyzing insert size distribution for orientation FR...
[M::mem_pestat] (25, 50, 75) percentile: (196, 253, 323)
[M::mem_pestat] low and high boundaries for computing mean and std.dev: (1, 577)
[M::mem_pestat] mean and std.dev: (263.64, 92.75)
[M::mem_pestat] low and high boundaries for proper pairs: (1, 704)
[M::mem_pestat] analyzing insert size distribution for orientation RF...
[M::mem_pestat] (25, 50, 75) percentile: (215, 569, 1382)
[M::mem_pestat] low and high boundaries for computing mean and std.dev: (1, 3716)
[M::mem_pestat] mean and std.dev: (810.95, 950.60)
[M::mem_pestat] low and high boundaries for proper pairs: (1, 4883)
[M::mem_pestat] analyzing insert size distribution for orientation RR...
[M::mem_pestat] (25, 50, 75) percentile: (243, 333, 2764)
[M::mem_pestat] low and high boundaries for computing mean and std.dev: (1, 7806)
[M::mem_pestat] mean and std.dev: (1709.20, 1980.96)
[M::mem_pestat] low and high boundaries for proper pairs: (1, 10327)
[M::mem_pestat] skip orientation RF
[M::mem_pestat] skip orientation RR
[M::mem_process_seqs] Processed 2791606 reads in 3029.361 CPU sec, 75.950 real sec
[M::process] read 2790114 sequences (400000075 bp)...
[M::mem_pestat] # candidate unique pairs for (FF, FR, RF, RR): (9, 777841, 110, 18)
[M::mem_pestat] skip orientation FF as there are not enough pairs
[M::mem_pestat] analyzing insert size distribution for orientation FR...
[M::mem_pestat] (25, 50, 75) percentile: (197, 254, 324)
[M::mem_pestat] low and high boundaries for computing mean and std.dev: (1, 578)
[M::mem_pestat] mean and std.dev: (264.84, 93.33)
[M::mem_pestat] low and high boundaries for proper pairs: (1, 705)
[M::mem_pestat] analyzing insert size distribution for orientation RF...
[M::mem_pestat] (25, 50, 75) percentile: (90, 224, 1191)
[M::mem_pestat] low and high boundaries for computing mean and std.dev: (1, 3393)
[M::mem_pestat] mean and std.dev: (524.05, 712.73)
[M::mem_pestat] low and high boundaries for proper pairs: (1, 4494)
[M::mem_pestat] analyzing insert size distribution for orientation RR...
[M::mem_pestat] (25, 50, 75) percentile: (242, 380, 1950)
[M::mem_pestat] low and high boundaries for computing mean and std.dev: (1, 5366)
[M::mem_pestat] mean and std.dev: (930.44, 1043.68)
[M::mem_pestat] low and high boundaries for proper pairs: (1, 7074)
[M::mem_pestat] skip orientation RF
[M::mem_pestat] skip orientation RR
[M::mem_process_seqs] Processed 2793952 reads in 3061.800 CPU sec, 76.585 real sec
[M::process] read 2785654 sequences (400000175 bp)...
[M::mem_pestat] # candidate unique pairs for (FF, FR, RF, RR): (6, 777008, 98, 6)
[M::mem_pestat] skip orientation FF as there are not enough pairs
[M::mem_pestat] analyzing insert size distribution for orientation FR...
[M::mem_pestat] (25, 50, 75) percentile: (199, 257, 327)
[M::mem_pestat] low and high boundaries for computing mean and std.dev: (1, 583)
[M::mem_pestat] mean and std.dev: (267.19, 93.29)
[M::mem_pestat] low and high boundaries for proper pairs: (1, 711)
[M::mem_pestat] analyzing insert size distribution for orientation RF...
[M::mem_pestat] (25, 50, 75) percentile: (108, 224, 1178)
[M::mem_pestat] low and high boundaries for computing mean and std.dev: (1, 3318)
[M::mem_pestat] mean and std.dev: (531.96, 673.27)
[M::mem_pestat] low and high boundaries for proper pairs: (1, 4388)
[M::mem_pestat] skip orientation RR as there are not enough pairs
[M::mem_pestat] skip orientation RF
[M::mem_process_seqs] Processed 2790114 reads in 3042.262 CPU sec, 76.475 real sec
[M::process] read 2806412 sequences (400000179 bp)...
[M::mem_pestat] # candidate unique pairs for (FF, FR, RF, RR): (11, 777375, 106, 17)
[M::mem_pestat] analyzing insert size distribution for orientation FF...
[M::mem_pestat] (25, 50, 75) percentile: (1763, 3191, 7460)
[M::mem_pestat] low and high boundaries for computing mean and std.dev: (1, 18854)
[M::mem_pestat] mean and std.dev: (3655.73, 2770.15)
[M::mem_pestat] low and high boundaries for proper pairs: (1, 24551)
[M::mem_pestat] analyzing insert size distribution for orientation FR...
[M::mem_pestat] (25, 50, 75) percentile: (197, 254, 324)
[M::mem_pestat] low and high boundaries for computing mean and std.dev: (1, 578)
[M::mem_pestat] mean and std.dev: (264.95, 93.76)
[M::mem_pestat] low and high boundaries for proper pairs: (1, 705)
[M::mem_pestat] analyzing insert size distribution for orientation RF...
[M::mem_pestat] (25, 50, 75) percentile: (222, 360, 1208)
[M::mem_pestat] low and high boundaries for computing mean and std.dev: (1, 3180)
[M::mem_pestat] mean and std.dev: (560.15, 637.24)
[M::mem_pestat] low and high boundaries for proper pairs: (1, 4166)
[M::mem_pestat] analyzing insert size distribution for orientation RR...
[M::mem_pestat] (25, 50, 75) percentile: (248, 780, 794)
[M::mem_pestat] low and high boundaries for computing mean and std.dev: (1, 1886)
[M::mem_pestat] mean and std.dev: (480.93, 289.26)
[M::mem_pestat] low and high boundaries for proper pairs: (1, 2432)
[M::mem_pestat] skip orientation FF
[M::mem_pestat] skip orientation RF
[M::mem_pestat] skip orientation RR
[M::mem_process_seqs] Processed 2785654 reads in 3003.963 CPU sec, 75.320 real sec
[M::process] read 2813552 sequences (400000238 bp)...
[M::mem_pestat] # candidate unique pairs for (FF, FR, RF, RR): (13, 776730, 114, 13)
[M::mem_pestat] analyzing insert size distribution for orientation FF...
[M::mem_pestat] (25, 50, 75) percentile: (1579, 3221, 3408)
[M::mem_pestat] low and high boundaries for computing mean and std.dev: (1, 7066)
[M::mem_pestat] mean and std.dev: (2749.46, 1673.37)
[M::mem_pestat] low and high boundaries for proper pairs: (1, 9443)
[M::mem_pestat] analyzing insert size distribution for orientation FR...
[M::mem_pestat] (25, 50, 75) percentile: (198, 256, 326)
[M::mem_pestat] low and high boundaries for computing mean and std.dev: (1, 582)
[M::mem_pestat] mean and std.dev: (266.30, 94.04)
[M::mem_pestat] low and high boundaries for proper pairs: (1, 710)
[M::mem_pestat] analyzing insert size distribution for orientation RF...
[M::mem_pestat] (25, 50, 75) percentile: (128, 421, 2851)
[M::mem_pestat] low and high boundaries for computing mean and std.dev: (1, 8297)
[M::mem_pestat] mean and std.dev: (1652.58, 2426.80)
[M::mem_pestat] low and high boundaries for proper pairs: (1, 11360)
[M::mem_pestat] analyzing insert size distribution for orientation RR...
[M::mem_pestat] (25, 50, 75) percentile: (192, 1764, 5712)
[M::mem_pestat] low and high boundaries for computing mean and std.dev: (1, 16752)
[M::mem_pestat] mean and std.dev: (2736.08, 2565.36)
[M::mem_pestat] low and high boundaries for proper pairs: (1, 22272)
[M::mem_pestat] skip orientation FF
[M::mem_pestat] skip orientation RF
[M::mem_pestat] skip orientation RR
[M::mem_process_seqs] Processed 2806412 reads in 3317.676 CPU sec, 88.348 real sec
[M::process] read 2809270 sequences (400000070 bp)...
[M::mem_pestat] # candidate unique pairs for (FF, FR, RF, RR): (9, 777277, 82, 9)
[M::mem_pestat] skip orientation FF as there are not enough pairs
[M::mem_pestat] analyzing insert size distribution for orientation FR...
[M::mem_pestat] (25, 50, 75) percentile: (198, 255, 326)
[M::mem_pestat] low and high boundaries for computing mean and std.dev: (1, 582)
[M::mem_pestat] mean and std.dev: (266.14, 94.20)
[M::mem_pestat] low and high boundaries for proper pairs: (1, 710)
[M::mem_pestat] analyzing insert size distribution for orientation RF...
[M::mem_pestat] (25, 50, 75) percentile: (126, 436, 1087)
[M::mem_pestat] low and high boundaries for computing mean and std.dev: (1, 3009)
[M::mem_pestat] mean and std.dev: (623.26, 674.71)
[M::mem_pestat] low and high boundaries for proper pairs: (1, 3970)
[M::mem_pestat] skip orientation RR as there are not enough pairs
[M::mem_pestat] skip orientation RF
[M::mem_process_seqs] Processed 2813552 reads in 3047.284 CPU sec, 76.394 real sec
[M::process] read 2812744 sequences (400000084 bp)...
[M::mem_pestat] # candidate unique pairs for (FF, FR, RF, RR): (12, 778384, 78, 14)
[M::mem_pestat] analyzing insert size distribution for orientation FF...
[M::mem_pestat] (25, 50, 75) percentile: (727, 741, 1789)
[M::mem_pestat] low and high boundaries for computing mean and std.dev: (1, 3913)
[M::mem_pestat] mean and std.dev: (792.90, 550.73)
[M::mem_pestat] low and high boundaries for proper pairs: (1, 4975)
[M::mem_pestat] analyzing insert size distribution for orientation FR...
[M::mem_pestat] (25, 50, 75) percentile: (197, 255, 325)
[M::mem_pestat] low and high boundaries for computing mean and std.dev: (1, 581)
[M::mem_pestat] mean and std.dev: (265.73, 93.96)
[M::mem_pestat] low and high boundaries for proper pairs: (1, 709)
[M::mem_pestat] analyzing insert size distribution for orientation RF...
[M::mem_pestat] (25, 50, 75) percentile: (122, 290, 2266)
[M::mem_pestat] low and high boundaries for computing mean and std.dev: (1, 6554)
[M::mem_pestat] mean and std.dev: (1078.06, 1656.54)
[M::mem_pestat] low and high boundaries for proper pairs: (1, 8698)
[M::mem_pestat] analyzing insert size distribution for orientation RR...
[M::mem_pestat] (25, 50, 75) percentile: (296, 638, 1581)
[M::mem_pestat] low and high boundaries for computing mean and std.dev: (1, 4151)
[M::mem_pestat] mean and std.dev: (798.42, 896.31)
[M::mem_pestat] low and high boundaries for proper pairs: (1, 5436)
[M::mem_pestat] skip orientation FF
[M::mem_pestat] skip orientation RF
[M::mem_pestat] skip orientation RR
[M::mem_process_seqs] Processed 2809270 reads in 3054.069 CPU sec, 76.395 real sec
[M::process] read 2809032 sequences (400000240 bp)...
[M::mem_pestat] # candidate unique pairs for (FF, FR, RF, RR): (7, 775829, 105, 12)
[M::mem_pestat] skip orientation FF as there are not enough pairs
[M::mem_pestat] analyzing insert size distribution for orientation FR...
[M::mem_pestat] (25, 50, 75) percentile: (198, 256, 327)
[M::mem_pestat] low and high boundaries for computing mean and std.dev: (1, 585)
[M::mem_pestat] mean and std.dev: (266.87, 94.75)
[M::mem_pestat] low and high boundaries for proper pairs: (1, 714)
[M::mem_pestat] analyzing insert size distribution for orientation RF...
[M::mem_pestat] (25, 50, 75) percentile: (135, 226, 1197)
[M::mem_pestat] low and high boundaries for computing mean and std.dev: (1, 3321)
[M::mem_pestat] mean and std.dev: (579.05, 734.90)
[M::mem_pestat] low and high boundaries for proper pairs: (1, 4383)
[M::mem_pestat] analyzing insert size distribution for orientation RR...
[M::mem_pestat] (25, 50, 75) percentile: (266, 313, 1683)
[M::mem_pestat] low and high boundaries for computing mean and std.dev: (1, 4517)
[M::mem_pestat] mean and std.dev: (543.45, 559.49)
[M::mem_pestat] low and high boundaries for proper pairs: (1, 5934)
[M::mem_pestat] skip orientation RF
[M::mem_pestat] skip orientation RR
[M::mem_process_seqs] Processed 2812744 reads in 3068.765 CPU sec, 77.140 real sec
[M::process] read 2795944 sequences (400000149 bp)...
[M::mem_pestat] # candidate unique pairs for (FF, FR, RF, RR): (20, 776230, 89, 5)
[M::mem_pestat] analyzing insert size distribution for orientation FF...
[M::mem_pestat] (25, 50, 75) percentile: (290, 290, 4519)
[M::mem_pestat] low and high boundaries for computing mean and std.dev: (1, 12977)
[M::mem_pestat] mean and std.dev: (2345.75, 3155.78)
[M::mem_pestat] low and high boundaries for proper pairs: (1, 17206)
[M::mem_pestat] analyzing insert size distribution for orientation FR...
[M::mem_pestat] (25, 50, 75) percentile: (197, 256, 327)
[M::mem_pestat] low and high boundaries for computing mean and std.dev: (1, 587)
[M::mem_pestat] mean and std.dev: (266.61, 94.98)
[M::mem_pestat] low and high boundaries for proper pairs: (1, 717)
[M::mem_pestat] analyzing insert size distribution for orientation RF...
[M::mem_pestat] (25, 50, 75) percentile: (128, 538, 2549)
[M::mem_pestat] low and high boundaries for computing mean and std.dev: (1, 7391)
[M::mem_pestat] mean and std.dev: (1368.71, 1906.71)
[M::mem_pestat] low and high boundaries for proper pairs: (1, 9812)
[M::mem_pestat] skip orientation RR as there are not enough pairs
[M::mem_pestat] skip orientation FF
[M::mem_pestat] skip orientation RF
[M::mem_process_seqs] Processed 2809032 reads in 3084.236 CPU sec, 77.136 real sec
[M::process] read 2798222 sequences (400000105 bp)...
[M::mem_pestat] # candidate unique pairs for (FF, FR, RF, RR): (10, 776772, 90, 8)
[M::mem_pestat] analyzing insert size distribution for orientation FF...
[M::mem_pestat] (25, 50, 75) percentile: (244, 561, 4060)
[M::mem_pestat] low and high boundaries for computing mean and std.dev: (1, 11692)
[M::mem_pestat] mean and std.dev: (1922.50, 2749.11)
[M::mem_pestat] low and high boundaries for proper pairs: (1, 15508)
[M::mem_pestat] analyzing insert size distribution for orientation FR...
[M::mem_pestat] (25, 50, 75) percentile: (198, 256, 327)
[M::mem_pestat] low and high boundaries for computing mean and std.dev: (1, 585)
[M::mem_pestat] mean and std.dev: (266.83, 94.94)
[M::mem_pestat] low and high boundaries for proper pairs: (1, 714)
[M::mem_pestat] analyzing insert size distribution for orientation RF...
[M::mem_pestat] (25, 50, 75) percentile: (123, 225, 1945)
[M::mem_pestat] low and high boundaries for computing mean and std.dev: (1, 5589)
[M::mem_pestat] mean and std.dev: (894.05, 1149.64)
[M::mem_pestat] low and high boundaries for proper pairs: (1, 7411)
[M::mem_pestat] skip orientation RR as there are not enough pairs
[M::mem_pestat] skip orientation FF
[M::mem_pestat] skip orientation RF
[M::mem_process_seqs] Processed 2795944 reads in 3058.681 CPU sec, 76.766 real sec
[M::process] read 2799436 sequences (400000042 bp)...
[M::mem_pestat] # candidate unique pairs for (FF, FR, RF, RR): (8, 775614, 107, 7)
[M::mem_pestat] skip orientation FF as there are not enough pairs
[M::mem_pestat] analyzing insert size distribution for orientation FR...
[M::mem_pestat] (25, 50, 75) percentile: (194, 249, 315)
[M::mem_pestat] low and high boundaries for computing mean and std.dev: (1, 557)
[M::mem_pestat] mean and std.dev: (258.50, 89.70)
[M::mem_pestat] low and high boundaries for proper pairs: (1, 678)
[M::mem_pestat] analyzing insert size distribution for orientation RF...
[M::mem_pestat] (25, 50, 75) percentile: (223, 524, 2201)
[M::mem_pestat] low and high boundaries for computing mean and std.dev: (1, 6157)
[M::mem_pestat] mean and std.dev: (1267.64, 1604.97)
[M::mem_pestat] low and high boundaries for proper pairs: (1, 8135)
[M::mem_pestat] skip orientation RR as there are not enough pairs
[M::mem_pestat] skip orientation RF
[M::mem_process_seqs] Processed 2798222 reads in 3074.104 CPU sec, 77.120 real sec
[M::process] read 2819232 sequences (400000034 bp)...
[M::mem_pestat] # candidate unique pairs for (FF, FR, RF, RR): (10, 776520, 105, 7)
[M::mem_pestat] analyzing insert size distribution for orientation FF...
[M::mem_pestat] (25, 50, 75) percentile: (728, 3490, 4895)
[M::mem_pestat] low and high boundaries for computing mean and std.dev: (1, 13229)
[M::mem_pestat] mean and std.dev: (3603.20, 3212.68)
[M::mem_pestat] low and high boundaries for proper pairs: (1, 17396)
[M::mem_pestat] analyzing insert size distribution for orientation FR...
[M::mem_pestat] (25, 50, 75) percentile: (195, 250, 317)
[M::mem_pestat] low and high boundaries for computing mean and std.dev: (1, 561)
[M::mem_pestat] mean and std.dev: (259.99, 90.19)
[M::mem_pestat] low and high boundaries for proper pairs: (1, 683)
[M::mem_pestat] analyzing insert size distribution for orientation RF...
[M::mem_pestat] (25, 50, 75) percentile: (75, 282, 1253)
[M::mem_pestat] low and high boundaries for computing mean and std.dev: (1, 3609)
[M::mem_pestat] mean and std.dev: (519.44, 717.60)
[M::mem_pestat] low and high boundaries for proper pairs: (1, 4787)
[M::mem_pestat] skip orientation RR as there are not enough pairs
[M::mem_pestat] skip orientation FF
[M::mem_pestat] skip orientation RF
[M::mem_process_seqs] Processed 2799436 reads in 3060.002 CPU sec, 76.985 real sec
[M::process] read 1677230 sequences (238712244 bp)...
[M::mem_pestat] # candidate unique pairs for (FF, FR, RF, RR): (14, 778855, 94, 3)
[M::mem_pestat] analyzing insert size distribution for orientation FF...
[M::mem_pestat] (25, 50, 75) percentile: (363, 3673, 4916)
[M::mem_pestat] low and high boundaries for computing mean and std.dev: (1, 14022)
[M::mem_pestat] mean and std.dev: (2836.93, 2000.12)
[M::mem_pestat] low and high boundaries for proper pairs: (1, 18575)
[M::mem_pestat] analyzing insert size distribution for orientation FR...
[M::mem_pestat] (25, 50, 75) percentile: (192, 247, 314)
[M::mem_pestat] low and high boundaries for computing mean and std.dev: (1, 558)
[M::mem_pestat] mean and std.dev: (257.30, 89.77)
[M::mem_pestat] low and high boundaries for proper pairs: (1, 680)
[M::mem_pestat] analyzing insert size distribution for orientation RF...
[M::mem_pestat] (25, 50, 75) percentile: (174, 679, 2817)
[M::mem_pestat] low and high boundaries for computing mean and std.dev: (1, 8103)
[M::mem_pestat] mean and std.dev: (1586.03, 2038.58)
[M::mem_pestat] low and high boundaries for proper pairs: (1, 10746)
[M::mem_pestat] skip orientation RR as there are not enough pairs
[M::mem_pestat] skip orientation FF
[M::mem_pestat] skip orientation RF
[M::mem_process_seqs] Processed 2819232 reads in 3056.670 CPU sec, 76.526 real sec
[M::mem_pestat] # candidate unique pairs for (FF, FR, RF, RR): (3, 464717, 55, 7)
[M::mem_pestat] skip orientation FF as there are not enough pairs
[M::mem_pestat] analyzing insert size distribution for orientation FR...
[M::mem_pestat] (25, 50, 75) percentile: (193, 249, 316)
[M::mem_pestat] low and high boundaries for computing mean and std.dev: (1, 562)
[M::mem_pestat] mean and std.dev: (258.90, 90.50)
[M::mem_pestat] low and high boundaries for proper pairs: (1, 685)
[M::mem_pestat] analyzing insert size distribution for orientation RF...
[M::mem_pestat] (25, 50, 75) percentile: (139, 224, 1008)
[M::mem_pestat] low and high boundaries for computing mean and std.dev: (1, 2746)
[M::mem_pestat] mean and std.dev: (355.72, 401.62)
[M::mem_pestat] low and high boundaries for proper pairs: (1, 3615)
[M::mem_pestat] skip orientation RR as there are not enough pairs
[M::mem_pestat] skip orientation RF
[M::mem_process_seqs] Processed 1677230 reads in 1860.620 CPU sec, 46.862 real sec
[main] Version: 0.7.17-r1188
[main] CMD: /home/shared/bwa-0.7.17/bwa mem -M -t 40 ../data/bwa-GCF_031168955.1_ASM3116895v1_genomic ../data/trimmed-fastqs-heatwave-genetics/MHW425_trimmed_clipped_R1_paired.fq.gz ../data/trimmed-fastqs-heatwave-genetics/MHW425_trimmed_clipped_R2_paired.fq.gz
[main] Real time: 2056.715 sec; CPU: 81466.510 sec
