[M::bwa_idx_load_from_disk] read 0 ALT contigs
[M::process] read 2796836 sequences (400000283 bp)...
[M::process] read 2794880 sequences (400000237 bp)...
[M::mem_pestat] # candidate unique pairs for (FF, FR, RF, RR): (7, 796946, 83, 8)
[M::mem_pestat] skip orientation FF as there are not enough pairs
[M::mem_pestat] analyzing insert size distribution for orientation FR...
[M::mem_pestat] (25, 50, 75) percentile: (196, 255, 333)
[M::mem_pestat] low and high boundaries for computing mean and std.dev: (1, 607)
[M::mem_pestat] mean and std.dev: (269.41, 98.68)
[M::mem_pestat] low and high boundaries for proper pairs: (1, 744)
[M::mem_pestat] analyzing insert size distribution for orientation RF...
[M::mem_pestat] (25, 50, 75) percentile: (105, 223, 1695)
[M::mem_pestat] low and high boundaries for computing mean and std.dev: (1, 4875)
[M::mem_pestat] mean and std.dev: (644.18, 957.96)
[M::mem_pestat] low and high boundaries for proper pairs: (1, 6465)
[M::mem_pestat] skip orientation RR as there are not enough pairs
[M::mem_pestat] skip orientation RF
[M::mem_process_seqs] Processed 2796836 reads in 2579.733 CPU sec, 64.721 real sec
[M::process] read 2787502 sequences (400000136 bp)...
[M::mem_pestat] # candidate unique pairs for (FF, FR, RF, RR): (11, 795451, 121, 11)
[M::mem_pestat] analyzing insert size distribution for orientation FF...
[M::mem_pestat] (25, 50, 75) percentile: (388, 1522, 4335)
[M::mem_pestat] low and high boundaries for computing mean and std.dev: (1, 12229)
[M::mem_pestat] mean and std.dev: (2172.82, 2046.00)
[M::mem_pestat] low and high boundaries for proper pairs: (1, 16176)
[M::mem_pestat] analyzing insert size distribution for orientation FR...
[M::mem_pestat] (25, 50, 75) percentile: (202, 264, 341)
[M::mem_pestat] low and high boundaries for computing mean and std.dev: (1, 619)
[M::mem_pestat] mean and std.dev: (276.51, 99.54)
[M::mem_pestat] low and high boundaries for proper pairs: (1, 758)
[M::mem_pestat] analyzing insert size distribution for orientation RF...
[M::mem_pestat] (25, 50, 75) percentile: (155, 247, 1646)
[M::mem_pestat] low and high boundaries for computing mean and std.dev: (1, 4628)
[M::mem_pestat] mean and std.dev: (619.83, 842.46)
[M::mem_pestat] low and high boundaries for proper pairs: (1, 6119)
[M::mem_pestat] analyzing insert size distribution for orientation RR...
[M::mem_pestat] (25, 50, 75) percentile: (809, 1619, 4261)
[M::mem_pestat] low and high boundaries for computing mean and std.dev: (1, 11165)
[M::mem_pestat] mean and std.dev: (2390.09, 2058.67)
[M::mem_pestat] low and high boundaries for proper pairs: (1, 14617)
[M::mem_pestat] skip orientation FF
[M::mem_pestat] skip orientation RF
[M::mem_pestat] skip orientation RR
[M::mem_process_seqs] Processed 2794880 reads in 2711.623 CPU sec, 68.053 real sec
[M::process] read 2793378 sequences (400000053 bp)...
[M::mem_pestat] # candidate unique pairs for (FF, FR, RF, RR): (7, 797895, 103, 18)
[M::mem_pestat] skip orientation FF as there are not enough pairs
[M::mem_pestat] analyzing insert size distribution for orientation FR...
[M::mem_pestat] (25, 50, 75) percentile: (199, 259, 337)
[M::mem_pestat] low and high boundaries for computing mean and std.dev: (1, 613)
[M::mem_pestat] mean and std.dev: (272.52, 99.13)
[M::mem_pestat] low and high boundaries for proper pairs: (1, 751)
[M::mem_pestat] analyzing insert size distribution for orientation RF...
[M::mem_pestat] (25, 50, 75) percentile: (186, 527, 2871)
[M::mem_pestat] low and high boundaries for computing mean and std.dev: (1, 8241)
[M::mem_pestat] mean and std.dev: (1861.17, 2311.41)
[M::mem_pestat] low and high boundaries for proper pairs: (1, 11107)
[M::mem_pestat] analyzing insert size distribution for orientation RR...
[M::mem_pestat] (25, 50, 75) percentile: (349, 773, 2173)
[M::mem_pestat] low and high boundaries for computing mean and std.dev: (1, 5821)
[M::mem_pestat] mean and std.dev: (1396.33, 1409.72)
[M::mem_pestat] low and high boundaries for proper pairs: (1, 7645)
[M::mem_pestat] skip orientation RF
[M::mem_pestat] skip orientation RR
[M::mem_process_seqs] Processed 2787502 reads in 2660.540 CPU sec, 66.740 real sec
[M::process] read 2788104 sequences (400000263 bp)...
[M::mem_pestat] # candidate unique pairs for (FF, FR, RF, RR): (11, 797184, 109, 20)
[M::mem_pestat] analyzing insert size distribution for orientation FF...
[M::mem_pestat] (25, 50, 75) percentile: (766, 922, 1700)
[M::mem_pestat] low and high boundaries for computing mean and std.dev: (1, 3568)
[M::mem_pestat] mean and std.dev: (791.78, 569.32)
[M::mem_pestat] low and high boundaries for proper pairs: (1, 4502)
[M::mem_pestat] analyzing insert size distribution for orientation FR...
[M::mem_pestat] (25, 50, 75) percentile: (200, 261, 338)
[M::mem_pestat] low and high boundaries for computing mean and std.dev: (1, 614)
[M::mem_pestat] mean and std.dev: (273.89, 98.86)
[M::mem_pestat] low and high boundaries for proper pairs: (1, 752)
[M::mem_pestat] analyzing insert size distribution for orientation RF...
[M::mem_pestat] (25, 50, 75) percentile: (109, 223, 2181)
[M::mem_pestat] low and high boundaries for computing mean and std.dev: (1, 6325)
[M::mem_pestat] mean and std.dev: (797.05, 1236.00)
[M::mem_pestat] low and high boundaries for proper pairs: (1, 8397)
[M::mem_pestat] analyzing insert size distribution for orientation RR...
[M::mem_pestat] (25, 50, 75) percentile: (211, 456, 2963)
[M::mem_pestat] low and high boundaries for computing mean and std.dev: (1, 8467)
[M::mem_pestat] mean and std.dev: (1566.21, 1875.58)
[M::mem_pestat] low and high boundaries for proper pairs: (1, 11219)
[M::mem_pestat] skip orientation FF
[M::mem_pestat] skip orientation RF
[M::mem_pestat] skip orientation RR
[M::mem_process_seqs] Processed 2793378 reads in 2727.400 CPU sec, 68.417 real sec
[M::process] read 2790866 sequences (400000210 bp)...
[M::mem_pestat] # candidate unique pairs for (FF, FR, RF, RR): (20, 797726, 106, 13)
[M::mem_pestat] analyzing insert size distribution for orientation FF...
[M::mem_pestat] (25, 50, 75) percentile: (434, 496, 3520)
[M::mem_pestat] low and high boundaries for computing mean and std.dev: (1, 9692)
[M::mem_pestat] mean and std.dev: (1591.30, 1908.66)
[M::mem_pestat] low and high boundaries for proper pairs: (1, 12778)
[M::mem_pestat] analyzing insert size distribution for orientation FR...
[M::mem_pestat] (25, 50, 75) percentile: (201, 262, 340)
[M::mem_pestat] low and high boundaries for computing mean and std.dev: (1, 618)
[M::mem_pestat] mean and std.dev: (274.95, 99.10)
[M::mem_pestat] low and high boundaries for proper pairs: (1, 757)
[M::mem_pestat] analyzing insert size distribution for orientation RF...
[M::mem_pestat] (25, 50, 75) percentile: (223, 405, 2952)
[M::mem_pestat] low and high boundaries for computing mean and std.dev: (1, 8410)
[M::mem_pestat] mean and std.dev: (1740.51, 2317.98)
[M::mem_pestat] low and high boundaries for proper pairs: (1, 11139)
[M::mem_pestat] analyzing insert size distribution for orientation RR...
[M::mem_pestat] (25, 50, 75) percentile: (335, 1687, 4366)
[M::mem_pestat] low and high boundaries for computing mean and std.dev: (1, 12428)
[M::mem_pestat] mean and std.dev: (2360.31, 1717.47)
[M::mem_pestat] low and high boundaries for proper pairs: (1, 16459)
[M::mem_pestat] skip orientation FF
[M::mem_pestat] skip orientation RF
[M::mem_pestat] skip orientation RR
[M::mem_process_seqs] Processed 2788104 reads in 2676.347 CPU sec, 67.302 real sec
[M::process] read 2784958 sequences (400000023 bp)...
[M::mem_pestat] # candidate unique pairs for (FF, FR, RF, RR): (12, 796082, 103, 14)
[M::mem_pestat] analyzing insert size distribution for orientation FF...
[M::mem_pestat] (25, 50, 75) percentile: (3393, 4161, 7278)
[M::mem_pestat] low and high boundaries for computing mean and std.dev: (1, 15048)
[M::mem_pestat] mean and std.dev: (4299.75, 3047.48)
[M::mem_pestat] low and high boundaries for proper pairs: (1, 18933)
[M::mem_pestat] analyzing insert size distribution for orientation FR...
[M::mem_pestat] (25, 50, 75) percentile: (198, 258, 336)
[M::mem_pestat] low and high boundaries for computing mean and std.dev: (1, 612)
[M::mem_pestat] mean and std.dev: (271.57, 98.82)
[M::mem_pestat] low and high boundaries for proper pairs: (1, 750)
[M::mem_pestat] analyzing insert size distribution for orientation RF...
[M::mem_pestat] (25, 50, 75) percentile: (94, 223, 1076)
[M::mem_pestat] low and high boundaries for computing mean and std.dev: (1, 3040)
[M::mem_pestat] mean and std.dev: (393.75, 558.47)
[M::mem_pestat] low and high boundaries for proper pairs: (1, 4022)
[M::mem_pestat] analyzing insert size distribution for orientation RR...
[M::mem_pestat] (25, 50, 75) percentile: (246, 764, 4267)
[M::mem_pestat] low and high boundaries for computing mean and std.dev: (1, 12309)
[M::mem_pestat] mean and std.dev: (1924.36, 1957.45)
[M::mem_pestat] low and high boundaries for proper pairs: (1, 16330)
[M::mem_pestat] skip orientation FF
[M::mem_pestat] skip orientation RF
[M::mem_pestat] skip orientation RR
[M::mem_process_seqs] Processed 2790866 reads in 2702.406 CPU sec, 67.594 real sec
[M::process] read 2805348 sequences (400000299 bp)...
[M::mem_pestat] # candidate unique pairs for (FF, FR, RF, RR): (21, 796538, 79, 16)
[M::mem_pestat] analyzing insert size distribution for orientation FF...
[M::mem_pestat] (25, 50, 75) percentile: (221, 1687, 2309)
[M::mem_pestat] low and high boundaries for computing mean and std.dev: (1, 6485)
[M::mem_pestat] mean and std.dev: (1259.05, 1119.66)
[M::mem_pestat] low and high boundaries for proper pairs: (1, 8573)
[M::mem_pestat] analyzing insert size distribution for orientation FR...
[M::mem_pestat] (25, 50, 75) percentile: (203, 264, 342)
[M::mem_pestat] low and high boundaries for computing mean and std.dev: (1, 620)
[M::mem_pestat] mean and std.dev: (276.90, 99.61)
[M::mem_pestat] low and high boundaries for proper pairs: (1, 759)
[M::mem_pestat] analyzing insert size distribution for orientation RF...
[M::mem_pestat] (25, 50, 75) percentile: (155, 350, 2186)
[M::mem_pestat] low and high boundaries for computing mean and std.dev: (1, 6248)
[M::mem_pestat] mean and std.dev: (1176.72, 1742.02)
[M::mem_pestat] low and high boundaries for proper pairs: (1, 8279)
[M::mem_pestat] analyzing insert size distribution for orientation RR...
[M::mem_pestat] (25, 50, 75) percentile: (685, 1623, 4148)
[M::mem_pestat] low and high boundaries for computing mean and std.dev: (1, 11074)
[M::mem_pestat] mean and std.dev: (2070.50, 1521.40)
[M::mem_pestat] low and high boundaries for proper pairs: (1, 14537)
[M::mem_pestat] skip orientation FF
[M::mem_pestat] skip orientation RF
[M::mem_pestat] skip orientation RR
[M::mem_process_seqs] Processed 2784958 reads in 2698.250 CPU sec, 67.865 real sec
[M::process] read 2813328 sequences (400000023 bp)...
[M::mem_pestat] # candidate unique pairs for (FF, FR, RF, RR): (13, 796123, 93, 10)
[M::mem_pestat] analyzing insert size distribution for orientation FF...
[M::mem_pestat] (25, 50, 75) percentile: (553, 6472, 8626)
[M::mem_pestat] low and high boundaries for computing mean and std.dev: (1, 24772)
[M::mem_pestat] mean and std.dev: (4804.54, 3391.98)
[M::mem_pestat] low and high boundaries for proper pairs: (1, 32845)
[M::mem_pestat] analyzing insert size distribution for orientation FR...
[M::mem_pestat] (25, 50, 75) percentile: (202, 264, 342)
[M::mem_pestat] low and high boundaries for computing mean and std.dev: (1, 622)
[M::mem_pestat] mean and std.dev: (276.77, 100.20)
[M::mem_pestat] low and high boundaries for proper pairs: (1, 762)
[M::mem_pestat] analyzing insert size distribution for orientation RF...
[M::mem_pestat] (25, 50, 75) percentile: (130, 407, 2206)
[M::mem_pestat] low and high boundaries for computing mean and std.dev: (1, 6358)
[M::mem_pestat] mean and std.dev: (878.19, 1060.32)
[M::mem_pestat] low and high boundaries for proper pairs: (1, 8434)
[M::mem_pestat] analyzing insert size distribution for orientation RR...
[M::mem_pestat] (25, 50, 75) percentile: (238, 3557, 3695)
[M::mem_pestat] low and high boundaries for computing mean and std.dev: (1, 10609)
[M::mem_pestat] mean and std.dev: (1963.20, 1743.78)
[M::mem_pestat] low and high boundaries for proper pairs: (1, 14066)
[M::mem_pestat] skip orientation FF
[M::mem_pestat] skip orientation RF
[M::mem_pestat] skip orientation RR
[M::mem_process_seqs] Processed 2805348 reads in 2750.323 CPU sec, 68.776 real sec
[M::process] read 2815842 sequences (400000012 bp)...
[M::mem_pestat] # candidate unique pairs for (FF, FR, RF, RR): (17, 796302, 116, 17)
[M::mem_pestat] analyzing insert size distribution for orientation FF...
[M::mem_pestat] (25, 50, 75) percentile: (209, 479, 529)
[M::mem_pestat] low and high boundaries for computing mean and std.dev: (1, 1169)
[M::mem_pestat] mean and std.dev: (337.50, 169.69)
[M::mem_pestat] low and high boundaries for proper pairs: (1, 1489)
[M::mem_pestat] analyzing insert size distribution for orientation FR...
[M::mem_pestat] (25, 50, 75) percentile: (202, 264, 344)
[M::mem_pestat] low and high boundaries for computing mean and std.dev: (1, 628)
[M::mem_pestat] mean and std.dev: (277.53, 101.44)
[M::mem_pestat] low and high boundaries for proper pairs: (1, 770)
[M::mem_pestat] analyzing insert size distribution for orientation RF...
[M::mem_pestat] (25, 50, 75) percentile: (204, 311, 2625)
[M::mem_pestat] low and high boundaries for computing mean and std.dev: (1, 7467)
[M::mem_pestat] mean and std.dev: (1323.46, 1991.09)
[M::mem_pestat] low and high boundaries for proper pairs: (1, 9888)
[M::mem_pestat] analyzing insert size distribution for orientation RR...
[M::mem_pestat] (25, 50, 75) percentile: (210, 625, 3452)
[M::mem_pestat] low and high boundaries for computing mean and std.dev: (1, 9936)
[M::mem_pestat] mean and std.dev: (1871.88, 2498.57)
[M::mem_pestat] low and high boundaries for proper pairs: (1, 13178)
[M::mem_pestat] skip orientation FF
[M::mem_pestat] skip orientation RF
[M::mem_pestat] skip orientation RR
[M::mem_process_seqs] Processed 2813328 reads in 2722.403 CPU sec, 68.365 real sec
[M::process] read 2803890 sequences (400000190 bp)...
[M::mem_pestat] # candidate unique pairs for (FF, FR, RF, RR): (15, 795235, 89, 6)
[M::mem_pestat] analyzing insert size distribution for orientation FF...
[M::mem_pestat] (25, 50, 75) percentile: (821, 4126, 4658)
[M::mem_pestat] low and high boundaries for computing mean and std.dev: (1, 12332)
[M::mem_pestat] mean and std.dev: (3348.33, 2666.31)
[M::mem_pestat] low and high boundaries for proper pairs: (1, 16169)
[M::mem_pestat] analyzing insert size distribution for orientation FR...
[M::mem_pestat] (25, 50, 75) percentile: (201, 263, 342)
[M::mem_pestat] low and high boundaries for computing mean and std.dev: (1, 624)
[M::mem_pestat] mean and std.dev: (275.98, 100.76)
[M::mem_pestat] low and high boundaries for proper pairs: (1, 765)
[M::mem_pestat] analyzing insert size distribution for orientation RF...
[M::mem_pestat] (25, 50, 75) percentile: (74, 225, 2238)
[M::mem_pestat] low and high boundaries for computing mean and std.dev: (1, 6566)
[M::mem_pestat] mean and std.dev: (855.87, 1315.56)
[M::mem_pestat] low and high boundaries for proper pairs: (1, 8730)
[M::mem_pestat] skip orientation RR as there are not enough pairs
[M::mem_pestat] skip orientation FF
[M::mem_pestat] skip orientation RF
[M::mem_process_seqs] Processed 2815842 reads in 2748.239 CPU sec, 69.104 real sec
[M::process] read 2814502 sequences (400000103 bp)...
[M::mem_pestat] # candidate unique pairs for (FF, FR, RF, RR): (15, 797013, 94, 14)
[M::mem_pestat] analyzing insert size distribution for orientation FF...
[M::mem_pestat] (25, 50, 75) percentile: (517, 526, 4554)
[M::mem_pestat] low and high boundaries for computing mean and std.dev: (1, 12628)
[M::mem_pestat] mean and std.dev: (2410.93, 2723.84)
[M::mem_pestat] low and high boundaries for proper pairs: (1, 16665)
[M::mem_pestat] analyzing insert size distribution for orientation FR...
[M::mem_pestat] (25, 50, 75) percentile: (203, 266, 345)
[M::mem_pestat] low and high boundaries for computing mean and std.dev: (1, 629)
[M::mem_pestat] mean and std.dev: (278.96, 101.70)
[M::mem_pestat] low and high boundaries for proper pairs: (1, 771)
[M::mem_pestat] analyzing insert size distribution for orientation RF...
[M::mem_pestat] (25, 50, 75) percentile: (158, 243, 1019)
[M::mem_pestat] low and high boundaries for computing mean and std.dev: (1, 2741)
[M::mem_pestat] mean and std.dev: (425.95, 533.40)
[M::mem_pestat] low and high boundaries for proper pairs: (1, 3602)
[M::mem_pestat] analyzing insert size distribution for orientation RR...
[M::mem_pestat] (25, 50, 75) percentile: (190, 628, 711)
[M::mem_pestat] low and high boundaries for computing mean and std.dev: (1, 1753)
[M::mem_pestat] mean and std.dev: (391.18, 228.85)
[M::mem_pestat] low and high boundaries for proper pairs: (1, 2274)
[M::mem_pestat] skip orientation FF
[M::mem_pestat] skip orientation RF
[M::mem_pestat] skip orientation RR
[M::mem_process_seqs] Processed 2803890 reads in 2710.036 CPU sec, 67.946 real sec
[M::process] read 2813420 sequences (400000298 bp)...
[M::mem_pestat] # candidate unique pairs for (FF, FR, RF, RR): (12, 796400, 90, 16)
[M::mem_pestat] analyzing insert size distribution for orientation FF...
[M::mem_pestat] (25, 50, 75) percentile: (361, 2345, 9127)
[M::mem_pestat] low and high boundaries for computing mean and std.dev: (1, 26659)
[M::mem_pestat] mean and std.dev: (3710.42, 3750.06)
[M::mem_pestat] low and high boundaries for proper pairs: (1, 35425)
[M::mem_pestat] analyzing insert size distribution for orientation FR...
[M::mem_pestat] (25, 50, 75) percentile: (200, 262, 340)
[M::mem_pestat] low and high boundaries for computing mean and std.dev: (1, 620)
[M::mem_pestat] mean and std.dev: (274.86, 99.99)
[M::mem_pestat] low and high boundaries for proper pairs: (1, 760)
[M::mem_pestat] analyzing insert size distribution for orientation RF...
[M::mem_pestat] (25, 50, 75) percentile: (93, 256, 1361)
[M::mem_pestat] low and high boundaries for computing mean and std.dev: (1, 3897)
[M::mem_pestat] mean and std.dev: (698.40, 939.89)
[M::mem_pestat] low and high boundaries for proper pairs: (1, 5165)
[M::mem_pestat] analyzing insert size distribution for orientation RR...
[M::mem_pestat] (25, 50, 75) percentile: (202, 1924, 3371)
[M::mem_pestat] low and high boundaries for computing mean and std.dev: (1, 9709)
[M::mem_pestat] mean and std.dev: (2066.25, 1964.55)
[M::mem_pestat] low and high boundaries for proper pairs: (1, 12878)
[M::mem_pestat] skip orientation FF
[M::mem_pestat] skip orientation RF
[M::mem_pestat] skip orientation RR
[M::mem_process_seqs] Processed 2814502 reads in 2720.614 CPU sec, 68.096 real sec
[M::process] read 2808300 sequences (400000026 bp)...
[M::mem_pestat] # candidate unique pairs for (FF, FR, RF, RR): (7, 798157, 86, 25)
[M::mem_pestat] skip orientation FF as there are not enough pairs
[M::mem_pestat] analyzing insert size distribution for orientation FR...
[M::mem_pestat] (25, 50, 75) percentile: (202, 264, 344)
[M::mem_pestat] low and high boundaries for computing mean and std.dev: (1, 628)
[M::mem_pestat] mean and std.dev: (277.66, 101.58)
[M::mem_pestat] low and high boundaries for proper pairs: (1, 770)
[M::mem_pestat] analyzing insert size distribution for orientation RF...
[M::mem_pestat] (25, 50, 75) percentile: (118, 255, 1250)
[M::mem_pestat] low and high boundaries for computing mean and std.dev: (1, 3514)
[M::mem_pestat] mean and std.dev: (520.80, 647.41)
[M::mem_pestat] low and high boundaries for proper pairs: (1, 4646)
[M::mem_pestat] analyzing insert size distribution for orientation RR...
[M::mem_pestat] (25, 50, 75) percentile: (358, 734, 4684)
[M::mem_pestat] low and high boundaries for computing mean and std.dev: (1, 13336)
[M::mem_pestat] mean and std.dev: (2650.76, 2982.77)
[M::mem_pestat] low and high boundaries for proper pairs: (1, 17662)
[M::mem_pestat] skip orientation RF
[M::mem_pestat] skip orientation RR
[M::mem_process_seqs] Processed 2813420 reads in 2744.930 CPU sec, 68.940 real sec
[M::process] read 2794624 sequences (400000198 bp)...
[M::mem_pestat] # candidate unique pairs for (FF, FR, RF, RR): (12, 796208, 101, 18)
[M::mem_pestat] analyzing insert size distribution for orientation FF...
[M::mem_pestat] (25, 50, 75) percentile: (804, 3872, 4075)
[M::mem_pestat] low and high boundaries for computing mean and std.dev: (1, 10617)
[M::mem_pestat] mean and std.dev: (2975.50, 2489.37)
[M::mem_pestat] low and high boundaries for proper pairs: (1, 13888)
[M::mem_pestat] analyzing insert size distribution for orientation FR...
[M::mem_pestat] (25, 50, 75) percentile: (200, 261, 340)
[M::mem_pestat] low and high boundaries for computing mean and std.dev: (1, 620)
[M::mem_pestat] mean and std.dev: (274.63, 100.16)
[M::mem_pestat] low and high boundaries for proper pairs: (1, 760)
[M::mem_pestat] analyzing insert size distribution for orientation RF...
[M::mem_pestat] (25, 50, 75) percentile: (154, 276, 1224)
[M::mem_pestat] low and high boundaries for computing mean and std.dev: (1, 3364)
[M::mem_pestat] mean and std.dev: (462.35, 555.29)
[M::mem_pestat] low and high boundaries for proper pairs: (1, 4434)
[M::mem_pestat] analyzing insert size distribution for orientation RR...
[M::mem_pestat] (25, 50, 75) percentile: (212, 308, 1673)
[M::mem_pestat] low and high boundaries for computing mean and std.dev: (1, 4595)
[M::mem_pestat] mean and std.dev: (855.88, 1150.75)
[M::mem_pestat] low and high boundaries for proper pairs: (1, 6056)
[M::mem_pestat] skip orientation FF
[M::mem_pestat] skip orientation RF
[M::mem_pestat] skip orientation RR
[M::mem_process_seqs] Processed 2808300 reads in 2748.646 CPU sec, 69.110 real sec
[M::process] read 2788412 sequences (400000176 bp)...
[M::mem_pestat] # candidate unique pairs for (FF, FR, RF, RR): (13, 795480, 98, 9)
[M::mem_pestat] analyzing insert size distribution for orientation FF...
[M::mem_pestat] (25, 50, 75) percentile: (240, 364, 3832)
[M::mem_pestat] low and high boundaries for computing mean and std.dev: (1, 11016)
[M::mem_pestat] mean and std.dev: (2207.31, 3361.78)
[M::mem_pestat] low and high boundaries for proper pairs: (1, 15654)
[M::mem_pestat] analyzing insert size distribution for orientation FR...
[M::mem_pestat] (25, 50, 75) percentile: (201, 263, 343)
[M::mem_pestat] low and high boundaries for computing mean and std.dev: (1, 627)
[M::mem_pestat] mean and std.dev: (276.86, 101.41)
[M::mem_pestat] low and high boundaries for proper pairs: (1, 769)
[M::mem_pestat] analyzing insert size distribution for orientation RF...
[M::mem_pestat] (25, 50, 75) percentile: (183, 395, 1451)
[M::mem_pestat] low and high boundaries for computing mean and std.dev: (1, 3987)
[M::mem_pestat] mean and std.dev: (809.17, 919.09)
[M::mem_pestat] low and high boundaries for proper pairs: (1, 5255)
[M::mem_pestat] skip orientation RR as there are not enough pairs
[M::mem_pestat] skip orientation FF
[M::mem_pestat] skip orientation RF
[M::mem_process_seqs] Processed 2794624 reads in 2710.561 CPU sec, 67.790 real sec
[M::process] read 2785986 sequences (400000075 bp)...
[M::mem_pestat] # candidate unique pairs for (FF, FR, RF, RR): (9, 796423, 96, 11)
[M::mem_pestat] skip orientation FF as there are not enough pairs
[M::mem_pestat] analyzing insert size distribution for orientation FR...
[M::mem_pestat] (25, 50, 75) percentile: (201, 262, 340)
[M::mem_pestat] low and high boundaries for computing mean and std.dev: (1, 618)
[M::mem_pestat] mean and std.dev: (274.94, 99.23)
[M::mem_pestat] low and high boundaries for proper pairs: (1, 757)
[M::mem_pestat] analyzing insert size distribution for orientation RF...
[M::mem_pestat] (25, 50, 75) percentile: (159, 295, 1480)
[M::mem_pestat] low and high boundaries for computing mean and std.dev: (1, 4122)
[M::mem_pestat] mean and std.dev: (735.66, 941.71)
[M::mem_pestat] low and high boundaries for proper pairs: (1, 5443)
[M::mem_pestat] analyzing insert size distribution for orientation RR...
[M::mem_pestat] (25, 50, 75) percentile: (2409, 4391, 4391)
[M::mem_pestat] low and high boundaries for computing mean and std.dev: (1, 8355)
[M::mem_pestat] mean and std.dev: (2959.60, 1604.45)
[M::mem_pestat] low and high boundaries for proper pairs: (1, 10337)
[M::mem_pestat] skip orientation RF
[M::mem_pestat] skip orientation RR
[M::mem_process_seqs] Processed 2788412 reads in 2676.260 CPU sec, 67.156 real sec
[M::process] read 2785894 sequences (400000184 bp)...
[M::mem_pestat] # candidate unique pairs for (FF, FR, RF, RR): (20, 796066, 97, 18)
[M::mem_pestat] analyzing insert size distribution for orientation FF...
[M::mem_pestat] (25, 50, 75) percentile: (191, 718, 4254)
[M::mem_pestat] low and high boundaries for computing mean and std.dev: (1, 12380)
[M::mem_pestat] mean and std.dev: (2695.30, 3367.38)
[M::mem_pestat] low and high boundaries for proper pairs: (1, 16443)
[M::mem_pestat] analyzing insert size distribution for orientation FR...
[M::mem_pestat] (25, 50, 75) percentile: (200, 261, 339)
[M::mem_pestat] low and high boundaries for computing mean and std.dev: (1, 617)
[M::mem_pestat] mean and std.dev: (274.18, 99.43)
[M::mem_pestat] low and high boundaries for proper pairs: (1, 756)
[M::mem_pestat] analyzing insert size distribution for orientation RF...
[M::mem_pestat] (25, 50, 75) percentile: (175, 460, 1028)
[M::mem_pestat] low and high boundaries for computing mean and std.dev: (1, 2734)
[M::mem_pestat] mean and std.dev: (489.59, 435.69)
[M::mem_pestat] low and high boundaries for proper pairs: (1, 3587)
[M::mem_pestat] analyzing insert size distribution for orientation RR...
[M::mem_pestat] (25, 50, 75) percentile: (264, 2796, 4452)
[M::mem_pestat] low and high boundaries for computing mean and std.dev: (1, 12828)
[M::mem_pestat] mean and std.dev: (2487.06, 1982.16)
[M::mem_pestat] low and high boundaries for proper pairs: (1, 17016)
[M::mem_pestat] skip orientation FF
[M::mem_pestat] skip orientation RF
[M::mem_pestat] skip orientation RR
[M::mem_process_seqs] Processed 2785986 reads in 2679.836 CPU sec, 67.221 real sec
[M::process] read 2788942 sequences (400000231 bp)...
[M::mem_pestat] # candidate unique pairs for (FF, FR, RF, RR): (13, 796408, 105, 11)
[M::mem_pestat] analyzing insert size distribution for orientation FF...
[M::mem_pestat] (25, 50, 75) percentile: (268, 1506, 1670)
[M::mem_pestat] low and high boundaries for computing mean and std.dev: (1, 4474)
[M::mem_pestat] mean and std.dev: (1150.67, 1045.37)
[M::mem_pestat] low and high boundaries for proper pairs: (1, 5876)
[M::mem_pestat] analyzing insert size distribution for orientation FR...
[M::mem_pestat] (25, 50, 75) percentile: (203, 264, 341)
[M::mem_pestat] low and high boundaries for computing mean and std.dev: (1, 617)
[M::mem_pestat] mean and std.dev: (276.25, 98.68)
[M::mem_pestat] low and high boundaries for proper pairs: (1, 755)
[M::mem_pestat] analyzing insert size distribution for orientation RF...
[M::mem_pestat] (25, 50, 75) percentile: (219, 225, 1347)
[M::mem_pestat] low and high boundaries for computing mean and std.dev: (1, 3603)
[M::mem_pestat] mean and std.dev: (481.42, 605.15)
[M::mem_pestat] low and high boundaries for proper pairs: (1, 4731)
[M::mem_pestat] analyzing insert size distribution for orientation RR...
[M::mem_pestat] (25, 50, 75) percentile: (120, 143, 614)
[M::mem_pestat] low and high boundaries for computing mean and std.dev: (1, 1602)
[M::mem_pestat] mean and std.dev: (193.00, 162.47)
[M::mem_pestat] low and high boundaries for proper pairs: (1, 2096)
[M::mem_pestat] skip orientation FF
[M::mem_pestat] skip orientation RF
[M::mem_pestat] skip orientation RR
[M::mem_process_seqs] Processed 2785894 reads in 2916.618 CPU sec, 78.879 real sec
[M::process] read 2785962 sequences (400000028 bp)...
[M::mem_pestat] # candidate unique pairs for (FF, FR, RF, RR): (19, 796160, 97, 18)
[M::mem_pestat] analyzing insert size distribution for orientation FF...
[M::mem_pestat] (25, 50, 75) percentile: (548, 2119, 4457)
[M::mem_pestat] low and high boundaries for computing mean and std.dev: (1, 12275)
[M::mem_pestat] mean and std.dev: (2873.79, 2671.16)
[M::mem_pestat] low and high boundaries for proper pairs: (1, 16184)
[M::mem_pestat] analyzing insert size distribution for orientation FR...
[M::mem_pestat] (25, 50, 75) percentile: (200, 262, 340)
[M::mem_pestat] low and high boundaries for computing mean and std.dev: (1, 620)
[M::mem_pestat] mean and std.dev: (274.91, 99.89)
[M::mem_pestat] low and high boundaries for proper pairs: (1, 760)
[M::mem_pestat] analyzing insert size distribution for orientation RF...
[M::mem_pestat] (25, 50, 75) percentile: (203, 391, 2175)
[M::mem_pestat] low and high boundaries for computing mean and std.dev: (1, 6119)
[M::mem_pestat] mean and std.dev: (1110.02, 1459.03)
[M::mem_pestat] low and high boundaries for proper pairs: (1, 8091)
[M::mem_pestat] analyzing insert size distribution for orientation RR...
[M::mem_pestat] (25, 50, 75) percentile: (482, 514, 4751)
[M::mem_pestat] low and high boundaries for computing mean and std.dev: (1, 13289)
[M::mem_pestat] mean and std.dev: (2065.56, 1971.55)
[M::mem_pestat] low and high boundaries for proper pairs: (1, 17558)
[M::mem_pestat] skip orientation FF
[M::mem_pestat] skip orientation RF
[M::mem_pestat] skip orientation RR
[M::mem_process_seqs] Processed 2788942 reads in 2699.896 CPU sec, 67.528 real sec
[M::process] read 2780046 sequences (400000244 bp)...
[M::mem_pestat] # candidate unique pairs for (FF, FR, RF, RR): (2, 797448, 97, 20)
[M::mem_pestat] skip orientation FF as there are not enough pairs
[M::mem_pestat] analyzing insert size distribution for orientation FR...
[M::mem_pestat] (25, 50, 75) percentile: (204, 265, 342)
[M::mem_pestat] low and high boundaries for computing mean and std.dev: (1, 618)
[M::mem_pestat] mean and std.dev: (277.56, 99.37)
[M::mem_pestat] low and high boundaries for proper pairs: (1, 756)
[M::mem_pestat] analyzing insert size distribution for orientation RF...
[M::mem_pestat] (25, 50, 75) percentile: (143, 231, 1570)
[M::mem_pestat] low and high boundaries for computing mean and std.dev: (1, 4424)
[M::mem_pestat] mean and std.dev: (721.82, 945.42)
[M::mem_pestat] low and high boundaries for proper pairs: (1, 5851)
[M::mem_pestat] analyzing insert size distribution for orientation RR...
[M::mem_pestat] (25, 50, 75) percentile: (381, 1232, 3561)
[M::mem_pestat] low and high boundaries for computing mean and std.dev: (1, 9921)
[M::mem_pestat] mean and std.dev: (2032.85, 1898.69)
[M::mem_pestat] low and high boundaries for proper pairs: (1, 13101)
[M::mem_pestat] skip orientation RF
[M::mem_pestat] skip orientation RR
[M::mem_process_seqs] Processed 2785962 reads in 2671.023 CPU sec, 67.230 real sec
[M::process] read 2786348 sequences (400000042 bp)...
[M::mem_pestat] # candidate unique pairs for (FF, FR, RF, RR): (12, 795903, 77, 15)
[M::mem_pestat] analyzing insert size distribution for orientation FF...
[M::mem_pestat] (25, 50, 75) percentile: (538, 3612, 4912)
[M::mem_pestat] low and high boundaries for computing mean and std.dev: (1, 13660)
[M::mem_pestat] mean and std.dev: (3100.33, 2505.40)
[M::mem_pestat] low and high boundaries for proper pairs: (1, 18034)
[M::mem_pestat] analyzing insert size distribution for orientation FR...
[M::mem_pestat] (25, 50, 75) percentile: (201, 262, 341)
[M::mem_pestat] low and high boundaries for computing mean and std.dev: (1, 621)
[M::mem_pestat] mean and std.dev: (275.58, 100.39)
[M::mem_pestat] low and high boundaries for proper pairs: (1, 761)
[M::mem_pestat] analyzing insert size distribution for orientation RF...
[M::mem_pestat] (25, 50, 75) percentile: (222, 391, 2295)
[M::mem_pestat] low and high boundaries for computing mean and std.dev: (1, 6441)
[M::mem_pestat] mean and std.dev: (1206.12, 1495.75)
[M::mem_pestat] low and high boundaries for proper pairs: (1, 8514)
[M::mem_pestat] analyzing insert size distribution for orientation RR...
[M::mem_pestat] (25, 50, 75) percentile: (218, 421, 2647)
[M::mem_pestat] low and high boundaries for computing mean and std.dev: (1, 7505)
[M::mem_pestat] mean and std.dev: (1108.07, 1461.06)
[M::mem_pestat] low and high boundaries for proper pairs: (1, 9934)
[M::mem_pestat] skip orientation FF
[M::mem_pestat] skip orientation RF
[M::mem_pestat] skip orientation RR
[M::mem_process_seqs] Processed 2780046 reads in 2689.136 CPU sec, 67.429 real sec
[M::process] read 2811874 sequences (400000008 bp)...
[M::mem_pestat] # candidate unique pairs for (FF, FR, RF, RR): (10, 795300, 113, 8)
[M::mem_pestat] analyzing insert size distribution for orientation FF...
[M::mem_pestat] (25, 50, 75) percentile: (197, 306, 1173)
[M::mem_pestat] low and high boundaries for computing mean and std.dev: (1, 3125)
[M::mem_pestat] mean and std.dev: (880.00, 1032.66)
[M::mem_pestat] low and high boundaries for proper pairs: (1, 5011)
[M::mem_pestat] analyzing insert size distribution for orientation FR...
[M::mem_pestat] (25, 50, 75) percentile: (203, 265, 342)
[M::mem_pestat] low and high boundaries for computing mean and std.dev: (1, 620)
[M::mem_pestat] mean and std.dev: (277.34, 99.52)
[M::mem_pestat] low and high boundaries for proper pairs: (1, 759)
[M::mem_pestat] analyzing insert size distribution for orientation RF...
[M::mem_pestat] (25, 50, 75) percentile: (90, 198, 1056)
[M::mem_pestat] low and high boundaries for computing mean and std.dev: (1, 2988)
[M::mem_pestat] mean and std.dev: (406.38, 574.66)
[M::mem_pestat] low and high boundaries for proper pairs: (1, 3954)
[M::mem_pestat] skip orientation RR as there are not enough pairs
[M::mem_pestat] skip orientation FF
[M::mem_pestat] skip orientation RF
[M::mem_process_seqs] Processed 2786348 reads in 2717.455 CPU sec, 68.119 real sec
[M::process] read 2812414 sequences (400000137 bp)...
[M::mem_pestat] # candidate unique pairs for (FF, FR, RF, RR): (17, 794731, 100, 12)
[M::mem_pestat] analyzing insert size distribution for orientation FF...
[M::mem_pestat] (25, 50, 75) percentile: (241, 1851, 5470)
[M::mem_pestat] low and high boundaries for computing mean and std.dev: (1, 15928)
[M::mem_pestat] mean and std.dev: (2978.29, 2863.13)
[M::mem_pestat] low and high boundaries for proper pairs: (1, 21157)
[M::mem_pestat] analyzing insert size distribution for orientation FR...
[M::mem_pestat] (25, 50, 75) percentile: (201, 263, 342)
[M::mem_pestat] low and high boundaries for computing mean and std.dev: (1, 624)
[M::mem_pestat] mean and std.dev: (276.12, 100.78)
[M::mem_pestat] low and high boundaries for proper pairs: (1, 765)
[M::mem_pestat] analyzing insert size distribution for orientation RF...
[M::mem_pestat] (25, 50, 75) percentile: (123, 369, 1689)
[M::mem_pestat] low and high boundaries for computing mean and std.dev: (1, 4821)
[M::mem_pestat] mean and std.dev: (751.25, 968.36)
[M::mem_pestat] low and high boundaries for proper pairs: (1, 6387)
[M::mem_pestat] analyzing insert size distribution for orientation RR...
[M::mem_pestat] (25, 50, 75) percentile: (292, 1310, 2418)
[M::mem_pestat] low and high boundaries for computing mean and std.dev: (1, 6670)
[M::mem_pestat] mean and std.dev: (1549.50, 1606.25)
[M::mem_pestat] low and high boundaries for proper pairs: (1, 8796)
[M::mem_pestat] skip orientation FF
[M::mem_pestat] skip orientation RF
[M::mem_pestat] skip orientation RR
[M::mem_process_seqs] Processed 2811874 reads in 2721.630 CPU sec, 68.083 real sec
[M::process] read 2808322 sequences (400000102 bp)...
[M::mem_pestat] # candidate unique pairs for (FF, FR, RF, RR): (21, 797211, 88, 8)
[M::mem_pestat] analyzing insert size distribution for orientation FF...
[M::mem_pestat] (25, 50, 75) percentile: (298, 3539, 4433)
[M::mem_pestat] low and high boundaries for computing mean and std.dev: (1, 12703)
[M::mem_pestat] mean and std.dev: (2927.19, 2090.96)
[M::mem_pestat] low and high boundaries for proper pairs: (1, 16838)
[M::mem_pestat] analyzing insert size distribution for orientation FR...
[M::mem_pestat] (25, 50, 75) percentile: (202, 264, 343)
[M::mem_pestat] low and high boundaries for computing mean and std.dev: (1, 625)
[M::mem_pestat] mean and std.dev: (277.54, 101.03)
[M::mem_pestat] low and high boundaries for proper pairs: (1, 766)
[M::mem_pestat] analyzing insert size distribution for orientation RF...
[M::mem_pestat] (25, 50, 75) percentile: (81, 223, 700)
[M::mem_pestat] low and high boundaries for computing mean and std.dev: (1, 1938)
[M::mem_pestat] mean and std.dev: (270.43, 347.39)
[M::mem_pestat] low and high boundaries for proper pairs: (1, 2557)
[M::mem_pestat] skip orientation RR as there are not enough pairs
[M::mem_pestat] skip orientation FF
[M::mem_pestat] skip orientation RF
[M::mem_process_seqs] Processed 2812414 reads in 2733.492 CPU sec, 68.734 real sec
[M::process] read 2809068 sequences (400000252 bp)...
[M::mem_pestat] # candidate unique pairs for (FF, FR, RF, RR): (15, 798272, 80, 7)
[M::mem_pestat] analyzing insert size distribution for orientation FF...
[M::mem_pestat] (25, 50, 75) percentile: (882, 2432, 7497)
[M::mem_pestat] low and high boundaries for computing mean and std.dev: (1, 20727)
[M::mem_pestat] mean and std.dev: (3402.07, 3101.88)
[M::mem_pestat] low and high boundaries for proper pairs: (1, 27342)
[M::mem_pestat] analyzing insert size distribution for orientation FR...
[M::mem_pestat] (25, 50, 75) percentile: (201, 263, 342)
[M::mem_pestat] low and high boundaries for computing mean and std.dev: (1, 624)
[M::mem_pestat] mean and std.dev: (276.47, 100.70)
[M::mem_pestat] low and high boundaries for proper pairs: (1, 765)
[M::mem_pestat] analyzing insert size distribution for orientation RF...
[M::mem_pestat] (25, 50, 75) percentile: (128, 286, 2465)
[M::mem_pestat] low and high boundaries for computing mean and std.dev: (1, 7139)
[M::mem_pestat] mean and std.dev: (1564.36, 2084.18)
[M::mem_pestat] low and high boundaries for proper pairs: (1, 9901)
[M::mem_pestat] skip orientation RR as there are not enough pairs
[M::mem_pestat] skip orientation FF
[M::mem_pestat] skip orientation RF
[M::mem_process_seqs] Processed 2808322 reads in 2700.178 CPU sec, 67.723 real sec
[M::process] read 2813094 sequences (400000102 bp)...
[M::mem_pestat] # candidate unique pairs for (FF, FR, RF, RR): (9, 795959, 108, 7)
[M::mem_pestat] skip orientation FF as there are not enough pairs
[M::mem_pestat] analyzing insert size distribution for orientation FR...
[M::mem_pestat] (25, 50, 75) percentile: (202, 265, 344)
[M::mem_pestat] low and high boundaries for computing mean and std.dev: (1, 628)
[M::mem_pestat] mean and std.dev: (278.02, 101.58)
[M::mem_pestat] low and high boundaries for proper pairs: (1, 770)
[M::mem_pestat] analyzing insert size distribution for orientation RF...
[M::mem_pestat] (25, 50, 75) percentile: (137, 248, 1496)
[M::mem_pestat] low and high boundaries for computing mean and std.dev: (1, 4214)
[M::mem_pestat] mean and std.dev: (641.34, 735.16)
[M::mem_pestat] low and high boundaries for proper pairs: (1, 5573)
[M::mem_pestat] skip orientation RR as there are not enough pairs
[M::mem_pestat] skip orientation RF
[M::mem_process_seqs] Processed 2809068 reads in 2710.515 CPU sec, 68.034 real sec
[M::process] read 2797810 sequences (400000147 bp)...
[M::mem_pestat] # candidate unique pairs for (FF, FR, RF, RR): (15, 797446, 111, 15)
[M::mem_pestat] analyzing insert size distribution for orientation FF...
[M::mem_pestat] (25, 50, 75) percentile: (284, 4575, 6788)
[M::mem_pestat] low and high boundaries for computing mean and std.dev: (1, 19796)
[M::mem_pestat] mean and std.dev: (4160.07, 3523.93)
[M::mem_pestat] low and high boundaries for proper pairs: (1, 26300)
[M::mem_pestat] analyzing insert size distribution for orientation FR...
[M::mem_pestat] (25, 50, 75) percentile: (202, 264, 344)
[M::mem_pestat] low and high boundaries for computing mean and std.dev: (1, 628)
[M::mem_pestat] mean and std.dev: (277.60, 101.05)
[M::mem_pestat] low and high boundaries for proper pairs: (1, 770)
[M::mem_pestat] analyzing insert size distribution for orientation RF...
[M::mem_pestat] (25, 50, 75) percentile: (132, 263, 1095)
[M::mem_pestat] low and high boundaries for computing mean and std.dev: (1, 3021)
[M::mem_pestat] mean and std.dev: (476.32, 593.30)
[M::mem_pestat] low and high boundaries for proper pairs: (1, 3984)
[M::mem_pestat] analyzing insert size distribution for orientation RR...
[M::mem_pestat] (25, 50, 75) percentile: (267, 280, 2664)
[M::mem_pestat] low and high boundaries for computing mean and std.dev: (1, 7458)
[M::mem_pestat] mean and std.dev: (1529.20, 1703.00)
[M::mem_pestat] low and high boundaries for proper pairs: (1, 9855)
[M::mem_pestat] skip orientation FF
[M::mem_pestat] skip orientation RF
[M::mem_pestat] skip orientation RR
[M::mem_process_seqs] Processed 2813094 reads in 2726.097 CPU sec, 68.356 real sec
[M::process] read 2793498 sequences (400000045 bp)...
[M::mem_pestat] # candidate unique pairs for (FF, FR, RF, RR): (8, 794988, 93, 12)
[M::mem_pestat] skip orientation FF as there are not enough pairs
[M::mem_pestat] analyzing insert size distribution for orientation FR...
[M::mem_pestat] (25, 50, 75) percentile: (202, 264, 344)
[M::mem_pestat] low and high boundaries for computing mean and std.dev: (1, 628)
[M::mem_pestat] mean and std.dev: (277.67, 101.52)
[M::mem_pestat] low and high boundaries for proper pairs: (1, 770)
[M::mem_pestat] analyzing insert size distribution for orientation RF...
[M::mem_pestat] (25, 50, 75) percentile: (159, 284, 1272)
[M::mem_pestat] low and high boundaries for computing mean and std.dev: (1, 3498)
[M::mem_pestat] mean and std.dev: (564.72, 725.23)
[M::mem_pestat] low and high boundaries for proper pairs: (1, 4611)
[M::mem_pestat] analyzing insert size distribution for orientation RR...
[M::mem_pestat] (25, 50, 75) percentile: (148, 236, 5330)
[M::mem_pestat] low and high boundaries for computing mean and std.dev: (1, 15694)
[M::mem_pestat] mean and std.dev: (1496.92, 2215.12)
[M::mem_pestat] low and high boundaries for proper pairs: (1, 20876)
[M::mem_pestat] skip orientation RF
[M::mem_pestat] skip orientation RR
[M::mem_process_seqs] Processed 2797810 reads in 2735.375 CPU sec, 68.636 real sec
[M::process] read 2793208 sequences (400000179 bp)...
[M::mem_pestat] # candidate unique pairs for (FF, FR, RF, RR): (10, 796882, 112, 9)
[M::mem_pestat] analyzing insert size distribution for orientation FF...
[M::mem_pestat] (25, 50, 75) percentile: (332, 2304, 4066)
[M::mem_pestat] low and high boundaries for computing mean and std.dev: (1, 11534)
[M::mem_pestat] mean and std.dev: (2482.60, 2007.72)
[M::mem_pestat] low and high boundaries for proper pairs: (1, 15268)
[M::mem_pestat] analyzing insert size distribution for orientation FR...
[M::mem_pestat] (25, 50, 75) percentile: (201, 263, 343)
[M::mem_pestat] low and high boundaries for computing mean and std.dev: (1, 627)
[M::mem_pestat] mean and std.dev: (276.78, 101.35)
[M::mem_pestat] low and high boundaries for proper pairs: (1, 769)
[M::mem_pestat] analyzing insert size distribution for orientation RF...
[M::mem_pestat] (25, 50, 75) percentile: (128, 263, 1379)
[M::mem_pestat] low and high boundaries for computing mean and std.dev: (1, 3881)
[M::mem_pestat] mean and std.dev: (622.45, 745.46)
[M::mem_pestat] low and high boundaries for proper pairs: (1, 5132)
[M::mem_pestat] skip orientation RR as there are not enough pairs
[M::mem_pestat] skip orientation FF
[M::mem_pestat] skip orientation RF
[M::mem_process_seqs] Processed 2793498 reads in 2719.180 CPU sec, 68.214 real sec
[M::process] read 2791162 sequences (400000260 bp)...
[M::mem_pestat] # candidate unique pairs for (FF, FR, RF, RR): (23, 796949, 105, 14)
[M::mem_pestat] analyzing insert size distribution for orientation FF...
[M::mem_pestat] (25, 50, 75) percentile: (173, 385, 5906)
[M::mem_pestat] low and high boundaries for computing mean and std.dev: (1, 17372)
[M::mem_pestat] mean and std.dev: (2905.57, 3386.14)
[M::mem_pestat] low and high boundaries for proper pairs: (1, 23105)
[M::mem_pestat] analyzing insert size distribution for orientation FR...
[M::mem_pestat] (25, 50, 75) percentile: (199, 257, 332)
[M::mem_pestat] low and high boundaries for computing mean and std.dev: (1, 598)
[M::mem_pestat] mean and std.dev: (269.68, 95.62)
[M::mem_pestat] low and high boundaries for proper pairs: (1, 731)
[M::mem_pestat] analyzing insert size distribution for orientation RF...
[M::mem_pestat] (25, 50, 75) percentile: (130, 223, 1206)
[M::mem_pestat] low and high boundaries for computing mean and std.dev: (1, 3358)
[M::mem_pestat] mean and std.dev: (492.71, 590.79)
[M::mem_pestat] low and high boundaries for proper pairs: (1, 4434)
[M::mem_pestat] analyzing insert size distribution for orientation RR...
[M::mem_pestat] (25, 50, 75) percentile: (265, 997, 4042)
[M::mem_pestat] low and high boundaries for computing mean and std.dev: (1, 11596)
[M::mem_pestat] mean and std.dev: (1752.64, 1692.08)
[M::mem_pestat] low and high boundaries for proper pairs: (1, 15373)
[M::mem_pestat] skip orientation FF
[M::mem_pestat] skip orientation RF
[M::mem_pestat] skip orientation RR
[M::mem_process_seqs] Processed 2793208 reads in 2696.663 CPU sec, 67.425 real sec
[M::process] read 2815034 sequences (400000019 bp)...
[M::mem_pestat] # candidate unique pairs for (FF, FR, RF, RR): (13, 797420, 92, 19)
[M::mem_pestat] analyzing insert size distribution for orientation FF...
[M::mem_pestat] (25, 50, 75) percentile: (1987, 3716, 5644)
[M::mem_pestat] low and high boundaries for computing mean and std.dev: (1, 12958)
[M::mem_pestat] mean and std.dev: (3668.54, 2867.55)
[M::mem_pestat] low and high boundaries for proper pairs: (1, 16615)
[M::mem_pestat] analyzing insert size distribution for orientation FR...
[M::mem_pestat] (25, 50, 75) percentile: (198, 257, 331)
[M::mem_pestat] low and high boundaries for computing mean and std.dev: (1, 597)
[M::mem_pestat] mean and std.dev: (268.79, 95.60)
[M::mem_pestat] low and high boundaries for proper pairs: (1, 730)
[M::mem_pestat] analyzing insert size distribution for orientation RF...
[M::mem_pestat] (25, 50, 75) percentile: (223, 434, 3623)
[M::mem_pestat] low and high boundaries for computing mean and std.dev: (1, 10423)
[M::mem_pestat] mean and std.dev: (1894.29, 2418.56)
[M::mem_pestat] low and high boundaries for proper pairs: (1, 13823)
[M::mem_pestat] analyzing insert size distribution for orientation RR...
[M::mem_pestat] (25, 50, 75) percentile: (183, 224, 349)
[M::mem_pestat] low and high boundaries for computing mean and std.dev: (1, 681)
[M::mem_pestat] mean and std.dev: (196.33, 73.96)
[M::mem_pestat] low and high boundaries for proper pairs: (1, 847)
[M::mem_pestat] skip orientation FF
[M::mem_pestat] skip orientation RF
[M::mem_pestat] skip orientation RR
[M::mem_process_seqs] Processed 2791162 reads in 2710.391 CPU sec, 68.160 real sec
[M::process] read 2813580 sequences (400000027 bp)...
[M::mem_pestat] # candidate unique pairs for (FF, FR, RF, RR): (7, 797736, 89, 25)
[M::mem_pestat] skip orientation FF as there are not enough pairs
[M::mem_pestat] analyzing insert size distribution for orientation FR...
[M::mem_pestat] (25, 50, 75) percentile: (198, 256, 331)
[M::mem_pestat] low and high boundaries for computing mean and std.dev: (1, 597)
[M::mem_pestat] mean and std.dev: (268.77, 96.04)
[M::mem_pestat] low and high boundaries for proper pairs: (1, 730)
[M::mem_pestat] analyzing insert size distribution for orientation RF...
[M::mem_pestat] (25, 50, 75) percentile: (149, 429, 1471)
[M::mem_pestat] low and high boundaries for computing mean and std.dev: (1, 4115)
[M::mem_pestat] mean and std.dev: (607.71, 672.93)
[M::mem_pestat] low and high boundaries for proper pairs: (1, 5437)
[M::mem_pestat] analyzing insert size distribution for orientation RR...
[M::mem_pestat] (25, 50, 75) percentile: (342, 2519, 4342)
[M::mem_pestat] low and high boundaries for computing mean and std.dev: (1, 12342)
[M::mem_pestat] mean and std.dev: (2880.40, 2775.38)
[M::mem_pestat] low and high boundaries for proper pairs: (1, 16342)
[M::mem_pestat] skip orientation RF
[M::mem_pestat] skip orientation RR
[M::mem_process_seqs] Processed 2815034 reads in 2722.767 CPU sec, 68.306 real sec
[M::process] read 1112184 sequences (158729730 bp)...
[M::mem_pestat] # candidate unique pairs for (FF, FR, RF, RR): (11, 797219, 103, 13)
[M::mem_pestat] analyzing insert size distribution for orientation FF...
[M::mem_pestat] (25, 50, 75) percentile: (1136, 1638, 4249)
[M::mem_pestat] low and high boundaries for computing mean and std.dev: (1, 10475)
[M::mem_pestat] mean and std.dev: (2500.91, 1863.42)
[M::mem_pestat] low and high boundaries for proper pairs: (1, 13588)
[M::mem_pestat] analyzing insert size distribution for orientation FR...
[M::mem_pestat] (25, 50, 75) percentile: (197, 255, 330)
[M::mem_pestat] low and high boundaries for computing mean and std.dev: (1, 596)
[M::mem_pestat] mean and std.dev: (267.76, 96.00)
[M::mem_pestat] low and high boundaries for proper pairs: (1, 729)
[M::mem_pestat] analyzing insert size distribution for orientation RF...
[M::mem_pestat] (25, 50, 75) percentile: (130, 226, 1587)
[M::mem_pestat] low and high boundaries for computing mean and std.dev: (1, 4501)
[M::mem_pestat] mean and std.dev: (812.43, 1245.68)
[M::mem_pestat] low and high boundaries for proper pairs: (1, 5958)
[M::mem_pestat] analyzing insert size distribution for orientation RR...
[M::mem_pestat] (25, 50, 75) percentile: (209, 219, 951)
[M::mem_pestat] low and high boundaries for computing mean and std.dev: (1, 2435)
[M::mem_pestat] mean and std.dev: (325.45, 242.73)
[M::mem_pestat] low and high boundaries for proper pairs: (1, 3177)
[M::mem_pestat] skip orientation FF
[M::mem_pestat] skip orientation RF
[M::mem_pestat] skip orientation RR
[M::mem_process_seqs] Processed 2813580 reads in 2735.864 CPU sec, 68.621 real sec
[M::mem_pestat] # candidate unique pairs for (FF, FR, RF, RR): (4, 316117, 51, 4)
[M::mem_pestat] skip orientation FF as there are not enough pairs
[M::mem_pestat] analyzing insert size distribution for orientation FR...
[M::mem_pestat] (25, 50, 75) percentile: (197, 256, 332)
[M::mem_pestat] low and high boundaries for computing mean and std.dev: (1, 602)
[M::mem_pestat] mean and std.dev: (269.04, 96.81)
[M::mem_pestat] low and high boundaries for proper pairs: (1, 737)
[M::mem_pestat] analyzing insert size distribution for orientation RF...
[M::mem_pestat] (25, 50, 75) percentile: (151, 223, 2283)
[M::mem_pestat] low and high boundaries for computing mean and std.dev: (1, 6547)
[M::mem_pestat] mean and std.dev: (1092.08, 1579.46)
[M::mem_pestat] low and high boundaries for proper pairs: (1, 8679)
[M::mem_pestat] skip orientation RR as there are not enough pairs
[M::mem_pestat] skip orientation RF
[M::mem_process_seqs] Processed 1112184 reads in 1107.422 CPU sec, 27.812 real sec
[main] Version: 0.7.17-r1188
[main] CMD: /home/shared/bwa-0.7.17/bwa mem -M -t 40 ../data/bwa-GCF_031168955.1_ASM3116895v1_genomic ../data/trimmed-fastqs-heatwave-genetics/MHW407_trimmed_clipped_R1_paired.fq.gz ../data/trimmed-fastqs-heatwave-genetics/MHW407_trimmed_clipped_R2_paired.fq.gz
[main] Real time: 2307.771 sec; CPU: 90689.938 sec
