[M::bwa_idx_load_from_disk] read 0 ALT contigs
[M::process] read 2817254 sequences (400000249 bp)...
[M::process] read 2812468 sequences (400000174 bp)...
[M::mem_pestat] # candidate unique pairs for (FF, FR, RF, RR): (6, 790694, 69, 11)
[M::mem_pestat] skip orientation FF as there are not enough pairs
[M::mem_pestat] analyzing insert size distribution for orientation FR...
[M::mem_pestat] (25, 50, 75) percentile: (183, 241, 314)
[M::mem_pestat] low and high boundaries for computing mean and std.dev: (1, 576)
[M::mem_pestat] mean and std.dev: (253.42, 95.79)
[M::mem_pestat] low and high boundaries for proper pairs: (1, 707)
[M::mem_pestat] analyzing insert size distribution for orientation RF...
[M::mem_pestat] (25, 50, 75) percentile: (124, 532, 2060)
[M::mem_pestat] low and high boundaries for computing mean and std.dev: (1, 5932)
[M::mem_pestat] mean and std.dev: (938.68, 1260.16)
[M::mem_pestat] low and high boundaries for proper pairs: (1, 7868)
[M::mem_pestat] analyzing insert size distribution for orientation RR...
[M::mem_pestat] (25, 50, 75) percentile: (151, 257, 5761)
[M::mem_pestat] low and high boundaries for computing mean and std.dev: (1, 16981)
[M::mem_pestat] mean and std.dev: (2625.55, 3617.53)
[M::mem_pestat] low and high boundaries for proper pairs: (1, 22591)
[M::mem_pestat] skip orientation RF
[M::mem_pestat] skip orientation RR
[M::mem_process_seqs] Processed 2817254 reads in 2809.230 CPU sec, 70.464 real sec
[M::process] read 2807392 sequences (400000021 bp)...
[M::mem_pestat] # candidate unique pairs for (FF, FR, RF, RR): (11, 790044, 83, 14)
[M::mem_pestat] analyzing insert size distribution for orientation FF...
[M::mem_pestat] (25, 50, 75) percentile: (305, 1434, 2842)
[M::mem_pestat] low and high boundaries for computing mean and std.dev: (1, 7916)
[M::mem_pestat] mean and std.dev: (1426.55, 1131.58)
[M::mem_pestat] low and high boundaries for proper pairs: (1, 10453)
[M::mem_pestat] analyzing insert size distribution for orientation FR...
[M::mem_pestat] (25, 50, 75) percentile: (187, 245, 318)
[M::mem_pestat] low and high boundaries for computing mean and std.dev: (1, 580)
[M::mem_pestat] mean and std.dev: (257.30, 96.14)
[M::mem_pestat] low and high boundaries for proper pairs: (1, 711)
[M::mem_pestat] analyzing insert size distribution for orientation RF...
[M::mem_pestat] (25, 50, 75) percentile: (125, 291, 1030)
[M::mem_pestat] low and high boundaries for computing mean and std.dev: (1, 2840)
[M::mem_pestat] mean and std.dev: (442.28, 596.32)
[M::mem_pestat] low and high boundaries for proper pairs: (1, 3745)
[M::mem_pestat] analyzing insert size distribution for orientation RR...
[M::mem_pestat] (25, 50, 75) percentile: (195, 550, 7980)
[M::mem_pestat] low and high boundaries for computing mean and std.dev: (1, 23550)
[M::mem_pestat] mean and std.dev: (2984.07, 3553.83)
[M::mem_pestat] low and high boundaries for proper pairs: (1, 31335)
[M::mem_pestat] skip orientation FF
[M::mem_pestat] skip orientation RF
[M::mem_pestat] skip orientation RR
[M::mem_process_seqs] Processed 2812468 reads in 2937.570 CPU sec, 73.707 real sec
[M::process] read 2814186 sequences (400000160 bp)...
[M::mem_pestat] # candidate unique pairs for (FF, FR, RF, RR): (7, 790396, 80, 16)
[M::mem_pestat] skip orientation FF as there are not enough pairs
[M::mem_pestat] analyzing insert size distribution for orientation FR...
[M::mem_pestat] (25, 50, 75) percentile: (188, 246, 319)
[M::mem_pestat] low and high boundaries for computing mean and std.dev: (1, 581)
[M::mem_pestat] mean and std.dev: (258.04, 96.07)
[M::mem_pestat] low and high boundaries for proper pairs: (1, 712)
[M::mem_pestat] analyzing insert size distribution for orientation RF...
[M::mem_pestat] (25, 50, 75) percentile: (127, 225, 1207)
[M::mem_pestat] low and high boundaries for computing mean and std.dev: (1, 3367)
[M::mem_pestat] mean and std.dev: (573.07, 681.75)
[M::mem_pestat] low and high boundaries for proper pairs: (1, 4447)
[M::mem_pestat] analyzing insert size distribution for orientation RR...
[M::mem_pestat] (25, 50, 75) percentile: (173, 357, 2662)
[M::mem_pestat] low and high boundaries for computing mean and std.dev: (1, 7640)
[M::mem_pestat] mean and std.dev: (1101.75, 1261.77)
[M::mem_pestat] low and high boundaries for proper pairs: (1, 10129)
[M::mem_pestat] skip orientation RF
[M::mem_pestat] skip orientation RR
[M::mem_process_seqs] Processed 2807392 reads in 2916.501 CPU sec, 73.136 real sec
[M::process] read 2805174 sequences (400000138 bp)...
[M::mem_pestat] # candidate unique pairs for (FF, FR, RF, RR): (8, 791313, 102, 12)
[M::mem_pestat] skip orientation FF as there are not enough pairs
[M::mem_pestat] analyzing insert size distribution for orientation FR...
[M::mem_pestat] (25, 50, 75) percentile: (185, 243, 315)
[M::mem_pestat] low and high boundaries for computing mean and std.dev: (1, 575)
[M::mem_pestat] mean and std.dev: (254.74, 95.32)
[M::mem_pestat] low and high boundaries for proper pairs: (1, 705)
[M::mem_pestat] analyzing insert size distribution for orientation RF...
[M::mem_pestat] (25, 50, 75) percentile: (213, 845, 2472)
[M::mem_pestat] low and high boundaries for computing mean and std.dev: (1, 6990)
[M::mem_pestat] mean and std.dev: (1409.48, 1655.02)
[M::mem_pestat] low and high boundaries for proper pairs: (1, 9249)
[M::mem_pestat] analyzing insert size distribution for orientation RR...
[M::mem_pestat] (25, 50, 75) percentile: (275, 1551, 4495)
[M::mem_pestat] low and high boundaries for computing mean and std.dev: (1, 12935)
[M::mem_pestat] mean and std.dev: (1881.00, 2182.02)
[M::mem_pestat] low and high boundaries for proper pairs: (1, 17155)
[M::mem_pestat] skip orientation RF
[M::mem_pestat] skip orientation RR
[M::mem_process_seqs] Processed 2814186 reads in 2923.362 CPU sec, 73.576 real sec
[M::process] read 2810708 sequences (400000232 bp)...
[M::mem_pestat] # candidate unique pairs for (FF, FR, RF, RR): (17, 790630, 83, 6)
[M::mem_pestat] analyzing insert size distribution for orientation FF...
[M::mem_pestat] (25, 50, 75) percentile: (189, 591, 2668)
[M::mem_pestat] low and high boundaries for computing mean and std.dev: (1, 7626)
[M::mem_pestat] mean and std.dev: (1436.35, 1356.34)
[M::mem_pestat] low and high boundaries for proper pairs: (1, 10105)
[M::mem_pestat] analyzing insert size distribution for orientation FR...
[M::mem_pestat] (25, 50, 75) percentile: (190, 249, 322)
[M::mem_pestat] low and high boundaries for computing mean and std.dev: (1, 586)
[M::mem_pestat] mean and std.dev: (260.55, 96.15)
[M::mem_pestat] low and high boundaries for proper pairs: (1, 718)
[M::mem_pestat] analyzing insert size distribution for orientation RF...
[M::mem_pestat] (25, 50, 75) percentile: (132, 295, 1064)
[M::mem_pestat] low and high boundaries for computing mean and std.dev: (1, 2928)
[M::mem_pestat] mean and std.dev: (426.37, 594.73)
[M::mem_pestat] low and high boundaries for proper pairs: (1, 3860)
[M::mem_pestat] skip orientation RR as there are not enough pairs
[M::mem_pestat] skip orientation FF
[M::mem_pestat] skip orientation RF
[M::mem_process_seqs] Processed 2805174 reads in 2942.900 CPU sec, 73.839 real sec
[M::process] read 2812386 sequences (400000139 bp)...
[M::mem_pestat] # candidate unique pairs for (FF, FR, RF, RR): (8, 790560, 76, 16)
[M::mem_pestat] skip orientation FF as there are not enough pairs
[M::mem_pestat] analyzing insert size distribution for orientation FR...
[M::mem_pestat] (25, 50, 75) percentile: (184, 242, 314)
[M::mem_pestat] low and high boundaries for computing mean and std.dev: (1, 574)
[M::mem_pestat] mean and std.dev: (253.89, 95.18)
[M::mem_pestat] low and high boundaries for proper pairs: (1, 704)
[M::mem_pestat] analyzing insert size distribution for orientation RF...
[M::mem_pestat] (25, 50, 75) percentile: (112, 364, 2169)
[M::mem_pestat] low and high boundaries for computing mean and std.dev: (1, 6283)
[M::mem_pestat] mean and std.dev: (1052.72, 1477.00)
[M::mem_pestat] low and high boundaries for proper pairs: (1, 8340)
[M::mem_pestat] analyzing insert size distribution for orientation RR...
[M::mem_pestat] (25, 50, 75) percentile: (146, 254, 277)
[M::mem_pestat] low and high boundaries for computing mean and std.dev: (1, 539)
[M::mem_pestat] mean and std.dev: (214.21, 59.89)
[M::mem_pestat] low and high boundaries for proper pairs: (1, 670)
[M::mem_pestat] skip orientation RF
[M::mem_pestat] skip orientation RR
[M::mem_process_seqs] Processed 2810708 reads in 2923.788 CPU sec, 73.127 real sec
[M::process] read 2831542 sequences (400000030 bp)...
[M::mem_pestat] # candidate unique pairs for (FF, FR, RF, RR): (6, 789221, 101, 11)
[M::mem_pestat] skip orientation FF as there are not enough pairs
[M::mem_pestat] analyzing insert size distribution for orientation FR...
[M::mem_pestat] (25, 50, 75) percentile: (190, 249, 322)
[M::mem_pestat] low and high boundaries for computing mean and std.dev: (1, 586)
[M::mem_pestat] mean and std.dev: (260.47, 96.37)
[M::mem_pestat] low and high boundaries for proper pairs: (1, 718)
[M::mem_pestat] analyzing insert size distribution for orientation RF...
[M::mem_pestat] (25, 50, 75) percentile: (139, 314, 1497)
[M::mem_pestat] low and high boundaries for computing mean and std.dev: (1, 4213)
[M::mem_pestat] mean and std.dev: (604.73, 722.44)
[M::mem_pestat] low and high boundaries for proper pairs: (1, 5571)
[M::mem_pestat] analyzing insert size distribution for orientation RR...
[M::mem_pestat] (25, 50, 75) percentile: (353, 1499, 2636)
[M::mem_pestat] low and high boundaries for computing mean and std.dev: (1, 7202)
[M::mem_pestat] mean and std.dev: (1771.73, 1748.10)
[M::mem_pestat] low and high boundaries for proper pairs: (1, 9485)
[M::mem_pestat] skip orientation RF
[M::mem_pestat] skip orientation RR
[M::mem_process_seqs] Processed 2812386 reads in 2957.947 CPU sec, 74.424 real sec
[M::process] read 2831000 sequences (400000227 bp)...
[M::mem_pestat] # candidate unique pairs for (FF, FR, RF, RR): (16, 790024, 89, 12)
[M::mem_pestat] analyzing insert size distribution for orientation FF...
[M::mem_pestat] (25, 50, 75) percentile: (179, 9193, 9215)
[M::mem_pestat] low and high boundaries for computing mean and std.dev: (1, 27287)
[M::mem_pestat] mean and std.dev: (4741.75, 4464.87)
[M::mem_pestat] low and high boundaries for proper pairs: (1, 36323)
[M::mem_pestat] analyzing insert size distribution for orientation FR...
[M::mem_pestat] (25, 50, 75) percentile: (188, 247, 321)
[M::mem_pestat] low and high boundaries for computing mean and std.dev: (1, 587)
[M::mem_pestat] mean and std.dev: (259.09, 97.13)
[M::mem_pestat] low and high boundaries for proper pairs: (1, 720)
[M::mem_pestat] analyzing insert size distribution for orientation RF...
[M::mem_pestat] (25, 50, 75) percentile: (148, 224, 1211)
[M::mem_pestat] low and high boundaries for computing mean and std.dev: (1, 3337)
[M::mem_pestat] mean and std.dev: (543.99, 721.59)
[M::mem_pestat] low and high boundaries for proper pairs: (1, 4400)
[M::mem_pestat] analyzing insert size distribution for orientation RR...
[M::mem_pestat] (25, 50, 75) percentile: (909, 2000, 7617)
[M::mem_pestat] low and high boundaries for computing mean and std.dev: (1, 21033)
[M::mem_pestat] mean and std.dev: (3454.42, 3260.52)
[M::mem_pestat] low and high boundaries for proper pairs: (1, 27741)
[M::mem_pestat] skip orientation FF
[M::mem_pestat] skip orientation RF
[M::mem_pestat] skip orientation RR
[M::mem_process_seqs] Processed 2831542 reads in 2923.979 CPU sec, 73.318 real sec
[M::process] read 2821662 sequences (400000009 bp)...
[M::mem_pestat] # candidate unique pairs for (FF, FR, RF, RR): (17, 789400, 88, 10)
[M::mem_pestat] analyzing insert size distribution for orientation FF...
[M::mem_pestat] (25, 50, 75) percentile: (143, 265, 2656)
[M::mem_pestat] low and high boundaries for computing mean and std.dev: (1, 7682)
[M::mem_pestat] mean and std.dev: (978.94, 1190.25)
[M::mem_pestat] low and high boundaries for proper pairs: (1, 10195)
[M::mem_pestat] analyzing insert size distribution for orientation FR...
[M::mem_pestat] (25, 50, 75) percentile: (187, 247, 321)
[M::mem_pestat] low and high boundaries for computing mean and std.dev: (1, 589)
[M::mem_pestat] mean and std.dev: (259.23, 97.64)
[M::mem_pestat] low and high boundaries for proper pairs: (1, 723)
[M::mem_pestat] analyzing insert size distribution for orientation RF...
[M::mem_pestat] (25, 50, 75) percentile: (132, 824, 1978)
[M::mem_pestat] low and high boundaries for computing mean and std.dev: (1, 5670)
[M::mem_pestat] mean and std.dev: (1082.14, 1269.01)
[M::mem_pestat] low and high boundaries for proper pairs: (1, 7516)
[M::mem_pestat] analyzing insert size distribution for orientation RR...
[M::mem_pestat] (25, 50, 75) percentile: (252, 375, 1394)
[M::mem_pestat] low and high boundaries for computing mean and std.dev: (1, 3678)
[M::mem_pestat] mean and std.dev: (678.40, 613.45)
[M::mem_pestat] low and high boundaries for proper pairs: (1, 4820)
[M::mem_pestat] skip orientation FF
[M::mem_pestat] skip orientation RF
[M::mem_pestat] skip orientation RR
[M::mem_process_seqs] Processed 2831000 reads in 2953.628 CPU sec, 74.075 real sec
[M::process] read 2830136 sequences (400000096 bp)...
[M::mem_pestat] # candidate unique pairs for (FF, FR, RF, RR): (9, 789174, 80, 11)
[M::mem_pestat] skip orientation FF as there are not enough pairs
[M::mem_pestat] analyzing insert size distribution for orientation FR...
[M::mem_pestat] (25, 50, 75) percentile: (189, 249, 325)
[M::mem_pestat] low and high boundaries for computing mean and std.dev: (1, 597)
[M::mem_pestat] mean and std.dev: (261.58, 98.53)
[M::mem_pestat] low and high boundaries for proper pairs: (1, 733)
[M::mem_pestat] analyzing insert size distribution for orientation RF...
[M::mem_pestat] (25, 50, 75) percentile: (160, 518, 1858)
[M::mem_pestat] low and high boundaries for computing mean and std.dev: (1, 5254)
[M::mem_pestat] mean and std.dev: (1032.93, 1178.86)
[M::mem_pestat] low and high boundaries for proper pairs: (1, 6952)
[M::mem_pestat] analyzing insert size distribution for orientation RR...
[M::mem_pestat] (25, 50, 75) percentile: (200, 320, 6046)
[M::mem_pestat] low and high boundaries for computing mean and std.dev: (1, 17738)
[M::mem_pestat] mean and std.dev: (2297.91, 2502.97)
[M::mem_pestat] low and high boundaries for proper pairs: (1, 23584)
[M::mem_pestat] skip orientation RF
[M::mem_pestat] skip orientation RR
[M::mem_process_seqs] Processed 2821662 reads in 2945.635 CPU sec, 73.852 real sec
[M::process] read 2830940 sequences (400000273 bp)...
[M::mem_pestat] # candidate unique pairs for (FF, FR, RF, RR): (11, 790079, 98, 13)
[M::mem_pestat] analyzing insert size distribution for orientation FF...
[M::mem_pestat] (25, 50, 75) percentile: (402, 402, 2376)
[M::mem_pestat] low and high boundaries for computing mean and std.dev: (1, 6324)
[M::mem_pestat] mean and std.dev: (890.22, 909.60)
[M::mem_pestat] low and high boundaries for proper pairs: (1, 8298)
[M::mem_pestat] analyzing insert size distribution for orientation FR...
[M::mem_pestat] (25, 50, 75) percentile: (187, 246, 319)
[M::mem_pestat] low and high boundaries for computing mean and std.dev: (1, 583)
[M::mem_pestat] mean and std.dev: (257.67, 96.50)
[M::mem_pestat] low and high boundaries for proper pairs: (1, 715)
[M::mem_pestat] analyzing insert size distribution for orientation RF...
[M::mem_pestat] (25, 50, 75) percentile: (129, 225, 1480)
[M::mem_pestat] low and high boundaries for computing mean and std.dev: (1, 4182)
[M::mem_pestat] mean and std.dev: (777.52, 1007.36)
[M::mem_pestat] low and high boundaries for proper pairs: (1, 5533)
[M::mem_pestat] analyzing insert size distribution for orientation RR...
[M::mem_pestat] (25, 50, 75) percentile: (2021, 2021, 4722)
[M::mem_pestat] low and high boundaries for computing mean and std.dev: (1, 10124)
[M::mem_pestat] mean and std.dev: (2683.08, 1650.22)
[M::mem_pestat] low and high boundaries for proper pairs: (1, 12825)
[M::mem_pestat] skip orientation FF
[M::mem_pestat] skip orientation RF
[M::mem_pestat] skip orientation RR
[M::mem_process_seqs] Processed 2830136 reads in 2935.550 CPU sec, 73.461 real sec
[M::process] read 2817944 sequences (400000050 bp)...
[M::mem_pestat] # candidate unique pairs for (FF, FR, RF, RR): (13, 792851, 67, 13)
[M::mem_pestat] analyzing insert size distribution for orientation FF...
[M::mem_pestat] (25, 50, 75) percentile: (336, 2572, 8374)
[M::mem_pestat] low and high boundaries for computing mean and std.dev: (1, 24450)
[M::mem_pestat] mean and std.dev: (3256.46, 3168.70)
[M::mem_pestat] low and high boundaries for proper pairs: (1, 32488)
[M::mem_pestat] analyzing insert size distribution for orientation FR...
[M::mem_pestat] (25, 50, 75) percentile: (187, 247, 321)
[M::mem_pestat] low and high boundaries for computing mean and std.dev: (1, 589)
[M::mem_pestat] mean and std.dev: (259.22, 97.75)
[M::mem_pestat] low and high boundaries for proper pairs: (1, 723)
[M::mem_pestat] analyzing insert size distribution for orientation RF...
[M::mem_pestat] (25, 50, 75) percentile: (108, 386, 2304)
[M::mem_pestat] low and high boundaries for computing mean and std.dev: (1, 6696)
[M::mem_pestat] mean and std.dev: (1298.57, 1715.25)
[M::mem_pestat] low and high boundaries for proper pairs: (1, 8892)
[M::mem_pestat] analyzing insert size distribution for orientation RR...
[M::mem_pestat] (25, 50, 75) percentile: (179, 716, 4037)
[M::mem_pestat] low and high boundaries for computing mean and std.dev: (1, 11753)
[M::mem_pestat] mean and std.dev: (1881.54, 1978.04)
[M::mem_pestat] low and high boundaries for proper pairs: (1, 15611)
[M::mem_pestat] skip orientation FF
[M::mem_pestat] skip orientation RF
[M::mem_pestat] skip orientation RR
[M::mem_process_seqs] Processed 2830940 reads in 2988.022 CPU sec, 75.125 real sec
[M::process] read 2812142 sequences (400000242 bp)...
[M::mem_pestat] # candidate unique pairs for (FF, FR, RF, RR): (11, 789561, 74, 11)
[M::mem_pestat] analyzing insert size distribution for orientation FF...
[M::mem_pestat] (25, 50, 75) percentile: (259, 424, 6635)
[M::mem_pestat] low and high boundaries for computing mean and std.dev: (1, 19387)
[M::mem_pestat] mean and std.dev: (2454.45, 3137.38)
[M::mem_pestat] low and high boundaries for proper pairs: (1, 25763)
[M::mem_pestat] analyzing insert size distribution for orientation FR...
[M::mem_pestat] (25, 50, 75) percentile: (187, 247, 321)
[M::mem_pestat] low and high boundaries for computing mean and std.dev: (1, 589)
[M::mem_pestat] mean and std.dev: (259.01, 97.40)
[M::mem_pestat] low and high boundaries for proper pairs: (1, 723)
[M::mem_pestat] analyzing insert size distribution for orientation RF...
[M::mem_pestat] (25, 50, 75) percentile: (165, 369, 1194)
[M::mem_pestat] low and high boundaries for computing mean and std.dev: (1, 3252)
[M::mem_pestat] mean and std.dev: (553.66, 654.51)
[M::mem_pestat] low and high boundaries for proper pairs: (1, 4281)
[M::mem_pestat] analyzing insert size distribution for orientation RR...
[M::mem_pestat] (25, 50, 75) percentile: (1955, 5981, 8852)
[M::mem_pestat] low and high boundaries for computing mean and std.dev: (1, 22646)
[M::mem_pestat] mean and std.dev: (4834.91, 3601.69)
[M::mem_pestat] low and high boundaries for proper pairs: (1, 29543)
[M::mem_pestat] skip orientation FF
[M::mem_pestat] skip orientation RF
[M::mem_pestat] skip orientation RR
[M::mem_process_seqs] Processed 2817944 reads in 2965.332 CPU sec, 74.156 real sec
[M::process] read 2805800 sequences (400000158 bp)...
[M::mem_pestat] # candidate unique pairs for (FF, FR, RF, RR): (14, 790878, 66, 6)
[M::mem_pestat] analyzing insert size distribution for orientation FF...
[M::mem_pestat] (25, 50, 75) percentile: (249, 419, 2105)
[M::mem_pestat] low and high boundaries for computing mean and std.dev: (1, 5817)
[M::mem_pestat] mean and std.dev: (1152.57, 1376.39)
[M::mem_pestat] low and high boundaries for proper pairs: (1, 7673)
[M::mem_pestat] analyzing insert size distribution for orientation FR...
[M::mem_pestat] (25, 50, 75) percentile: (186, 245, 319)
[M::mem_pestat] low and high boundaries for computing mean and std.dev: (1, 585)
[M::mem_pestat] mean and std.dev: (257.21, 96.78)
[M::mem_pestat] low and high boundaries for proper pairs: (1, 718)
[M::mem_pestat] analyzing insert size distribution for orientation RF...
[M::mem_pestat] (25, 50, 75) percentile: (128, 264, 1667)
[M::mem_pestat] low and high boundaries for computing mean and std.dev: (1, 4745)
[M::mem_pestat] mean and std.dev: (832.42, 1012.54)
[M::mem_pestat] low and high boundaries for proper pairs: (1, 6284)
[M::mem_pestat] skip orientation RR as there are not enough pairs
[M::mem_pestat] skip orientation FF
[M::mem_pestat] skip orientation RF
[M::mem_process_seqs] Processed 2812142 reads in 2922.599 CPU sec, 73.484 real sec
[M::process] read 2805882 sequences (400000292 bp)...
[M::mem_pestat] # candidate unique pairs for (FF, FR, RF, RR): (13, 790321, 92, 8)
[M::mem_pestat] analyzing insert size distribution for orientation FF...
[M::mem_pestat] (25, 50, 75) percentile: (246, 1797, 3866)
[M::mem_pestat] low and high boundaries for computing mean and std.dev: (1, 11106)
[M::mem_pestat] mean and std.dev: (2203.62, 2298.04)
[M::mem_pestat] low and high boundaries for proper pairs: (1, 14726)
[M::mem_pestat] analyzing insert size distribution for orientation FR...
[M::mem_pestat] (25, 50, 75) percentile: (189, 248, 321)
[M::mem_pestat] low and high boundaries for computing mean and std.dev: (1, 585)
[M::mem_pestat] mean and std.dev: (259.39, 95.94)
[M::mem_pestat] low and high boundaries for proper pairs: (1, 717)
[M::mem_pestat] analyzing insert size distribution for orientation RF...
[M::mem_pestat] (25, 50, 75) percentile: (193, 625, 2056)
[M::mem_pestat] low and high boundaries for computing mean and std.dev: (1, 5782)
[M::mem_pestat] mean and std.dev: (887.60, 1080.34)
[M::mem_pestat] low and high boundaries for proper pairs: (1, 7645)
[M::mem_pestat] skip orientation RR as there are not enough pairs
[M::mem_pestat] skip orientation FF
[M::mem_pestat] skip orientation RF
[M::mem_process_seqs] Processed 2805800 reads in 2935.037 CPU sec, 73.403 real sec
[M::process] read 2809410 sequences (400000191 bp)...
[M::mem_pestat] # candidate unique pairs for (FF, FR, RF, RR): (9, 792388, 109, 10)
[M::mem_pestat] skip orientation FF as there are not enough pairs
[M::mem_pestat] analyzing insert size distribution for orientation FR...
[M::mem_pestat] (25, 50, 75) percentile: (186, 245, 318)
[M::mem_pestat] low and high boundaries for computing mean and std.dev: (1, 582)
[M::mem_pestat] mean and std.dev: (256.74, 95.86)
[M::mem_pestat] low and high boundaries for proper pairs: (1, 714)
[M::mem_pestat] analyzing insert size distribution for orientation RF...
[M::mem_pestat] (25, 50, 75) percentile: (74, 223, 1049)
[M::mem_pestat] low and high boundaries for computing mean and std.dev: (1, 2999)
[M::mem_pestat] mean and std.dev: (433.15, 576.73)
[M::mem_pestat] low and high boundaries for proper pairs: (1, 3974)
[M::mem_pestat] analyzing insert size distribution for orientation RR...
[M::mem_pestat] (25, 50, 75) percentile: (178, 307, 1818)
[M::mem_pestat] low and high boundaries for computing mean and std.dev: (1, 5098)
[M::mem_pestat] mean and std.dev: (461.75, 535.63)
[M::mem_pestat] low and high boundaries for proper pairs: (1, 6738)
[M::mem_pestat] skip orientation RF
[M::mem_pestat] skip orientation RR
[M::mem_process_seqs] Processed 2805882 reads in 2890.960 CPU sec, 72.582 real sec
[M::process] read 2803858 sequences (400000172 bp)...
[M::mem_pestat] # candidate unique pairs for (FF, FR, RF, RR): (15, 791738, 92, 9)
[M::mem_pestat] analyzing insert size distribution for orientation FF...
[M::mem_pestat] (25, 50, 75) percentile: (1085, 2615, 5531)
[M::mem_pestat] low and high boundaries for computing mean and std.dev: (1, 14423)
[M::mem_pestat] mean and std.dev: (2868.60, 2221.18)
[M::mem_pestat] low and high boundaries for proper pairs: (1, 18869)
[M::mem_pestat] analyzing insert size distribution for orientation FR...
[M::mem_pestat] (25, 50, 75) percentile: (187, 245, 318)
[M::mem_pestat] low and high boundaries for computing mean and std.dev: (1, 580)
[M::mem_pestat] mean and std.dev: (257.10, 96.05)
[M::mem_pestat] low and high boundaries for proper pairs: (1, 711)
[M::mem_pestat] analyzing insert size distribution for orientation RF...
[M::mem_pestat] (25, 50, 75) percentile: (115, 426, 1893)
[M::mem_pestat] low and high boundaries for computing mean and std.dev: (1, 5449)
[M::mem_pestat] mean and std.dev: (908.54, 1096.28)
[M::mem_pestat] low and high boundaries for proper pairs: (1, 7227)
[M::mem_pestat] skip orientation RR as there are not enough pairs
[M::mem_pestat] skip orientation FF
[M::mem_pestat] skip orientation RF
[M::mem_process_seqs] Processed 2809410 reads in 2936.447 CPU sec, 73.665 real sec
[M::process] read 2801700 sequences (400000286 bp)...
[M::mem_pestat] # candidate unique pairs for (FF, FR, RF, RR): (6, 789722, 100, 5)
[M::mem_pestat] skip orientation FF as there are not enough pairs
[M::mem_pestat] analyzing insert size distribution for orientation FR...
[M::mem_pestat] (25, 50, 75) percentile: (190, 249, 322)
[M::mem_pestat] low and high boundaries for computing mean and std.dev: (1, 586)
[M::mem_pestat] mean and std.dev: (260.55, 96.52)
[M::mem_pestat] low and high boundaries for proper pairs: (1, 718)
[M::mem_pestat] analyzing insert size distribution for orientation RF...
[M::mem_pestat] (25, 50, 75) percentile: (176, 352, 978)
[M::mem_pestat] low and high boundaries for computing mean and std.dev: (1, 2582)
[M::mem_pestat] mean and std.dev: (442.49, 499.57)
[M::mem_pestat] low and high boundaries for proper pairs: (1, 3384)
[M::mem_pestat] skip orientation RR as there are not enough pairs
[M::mem_pestat] skip orientation RF
[M::mem_process_seqs] Processed 2803858 reads in 3188.917 CPU sec, 85.215 real sec
[M::process] read 2807192 sequences (400000011 bp)...
[M::mem_pestat] # candidate unique pairs for (FF, FR, RF, RR): (18, 789347, 83, 17)
[M::mem_pestat] analyzing insert size distribution for orientation FF...
[M::mem_pestat] (25, 50, 75) percentile: (287, 1943, 2835)
[M::mem_pestat] low and high boundaries for computing mean and std.dev: (1, 7931)
[M::mem_pestat] mean and std.dev: (1372.31, 1312.94)
[M::mem_pestat] low and high boundaries for proper pairs: (1, 10479)
[M::mem_pestat] analyzing insert size distribution for orientation FR...
[M::mem_pestat] (25, 50, 75) percentile: (188, 247, 320)
[M::mem_pestat] low and high boundaries for computing mean and std.dev: (1, 584)
[M::mem_pestat] mean and std.dev: (258.77, 96.83)
[M::mem_pestat] low and high boundaries for proper pairs: (1, 716)
[M::mem_pestat] analyzing insert size distribution for orientation RF...
[M::mem_pestat] (25, 50, 75) percentile: (128, 242, 1074)
[M::mem_pestat] low and high boundaries for computing mean and std.dev: (1, 2966)
[M::mem_pestat] mean and std.dev: (510.78, 768.74)
[M::mem_pestat] low and high boundaries for proper pairs: (1, 3912)
[M::mem_pestat] analyzing insert size distribution for orientation RR...
[M::mem_pestat] (25, 50, 75) percentile: (242, 472, 4079)
[M::mem_pestat] low and high boundaries for computing mean and std.dev: (1, 11753)
[M::mem_pestat] mean and std.dev: (1607.35, 1916.50)
[M::mem_pestat] low and high boundaries for proper pairs: (1, 15590)
[M::mem_pestat] skip orientation FF
[M::mem_pestat] skip orientation RF
[M::mem_pestat] skip orientation RR
[M::mem_process_seqs] Processed 2801700 reads in 2919.755 CPU sec, 73.236 real sec
[M::process] read 2827698 sequences (400000188 bp)...
[M::mem_pestat] # candidate unique pairs for (FF, FR, RF, RR): (9, 790109, 63, 9)
[M::mem_pestat] skip orientation FF as there are not enough pairs
[M::mem_pestat] analyzing insert size distribution for orientation FR...
[M::mem_pestat] (25, 50, 75) percentile: (189, 248, 321)
[M::mem_pestat] low and high boundaries for computing mean and std.dev: (1, 585)
[M::mem_pestat] mean and std.dev: (259.91, 96.36)
[M::mem_pestat] low and high boundaries for proper pairs: (1, 717)
[M::mem_pestat] analyzing insert size distribution for orientation RF...
[M::mem_pestat] (25, 50, 75) percentile: (187, 254, 1354)
[M::mem_pestat] low and high boundaries for computing mean and std.dev: (1, 3688)
[M::mem_pestat] mean and std.dev: (652.54, 838.33)
[M::mem_pestat] low and high boundaries for proper pairs: (1, 4855)
[M::mem_pestat] skip orientation RR as there are not enough pairs
[M::mem_pestat] skip orientation RF
[M::mem_process_seqs] Processed 2807192 reads in 2934.772 CPU sec, 73.671 real sec
[M::process] read 2827584 sequences (400000230 bp)...
[M::mem_pestat] # candidate unique pairs for (FF, FR, RF, RR): (12, 789752, 71, 8)
[M::mem_pestat] analyzing insert size distribution for orientation FF...
[M::mem_pestat] (25, 50, 75) percentile: (98, 3780, 7268)
[M::mem_pestat] low and high boundaries for computing mean and std.dev: (1, 21608)
[M::mem_pestat] mean and std.dev: (3898.83, 3290.50)
[M::mem_pestat] low and high boundaries for proper pairs: (1, 28778)
[M::mem_pestat] analyzing insert size distribution for orientation FR...
[M::mem_pestat] (25, 50, 75) percentile: (187, 247, 321)
[M::mem_pestat] low and high boundaries for computing mean and std.dev: (1, 589)
[M::mem_pestat] mean and std.dev: (259.15, 97.49)
[M::mem_pestat] low and high boundaries for proper pairs: (1, 723)
[M::mem_pestat] analyzing insert size distribution for orientation RF...
[M::mem_pestat] (25, 50, 75) percentile: (106, 224, 1958)
[M::mem_pestat] low and high boundaries for computing mean and std.dev: (1, 5662)
[M::mem_pestat] mean and std.dev: (878.94, 1463.55)
[M::mem_pestat] low and high boundaries for proper pairs: (1, 7514)
[M::mem_pestat] skip orientation RR as there are not enough pairs
[M::mem_pestat] skip orientation FF
[M::mem_pestat] skip orientation RF
[M::mem_process_seqs] Processed 2827698 reads in 2952.015 CPU sec, 74.049 real sec
[M::process] read 2821176 sequences (400000234 bp)...
[M::mem_pestat] # candidate unique pairs for (FF, FR, RF, RR): (11, 789557, 82, 9)
[M::mem_pestat] analyzing insert size distribution for orientation FF...
[M::mem_pestat] (25, 50, 75) percentile: (508, 839, 6313)
[M::mem_pestat] low and high boundaries for computing mean and std.dev: (1, 17923)
[M::mem_pestat] mean and std.dev: (2171.09, 2574.81)
[M::mem_pestat] low and high boundaries for proper pairs: (1, 23728)
[M::mem_pestat] analyzing insert size distribution for orientation FR...
[M::mem_pestat] (25, 50, 75) percentile: (189, 248, 323)
[M::mem_pestat] low and high boundaries for computing mean and std.dev: (1, 591)
[M::mem_pestat] mean and std.dev: (260.49, 97.82)
[M::mem_pestat] low and high boundaries for proper pairs: (1, 725)
[M::mem_pestat] analyzing insert size distribution for orientation RF...
[M::mem_pestat] (25, 50, 75) percentile: (123, 301, 2358)
[M::mem_pestat] low and high boundaries for computing mean and std.dev: (1, 6828)
[M::mem_pestat] mean and std.dev: (1009.30, 1573.05)
[M::mem_pestat] low and high boundaries for proper pairs: (1, 9063)
[M::mem_pestat] skip orientation RR as there are not enough pairs
[M::mem_pestat] skip orientation FF
[M::mem_pestat] skip orientation RF
[M::mem_process_seqs] Processed 2827584 reads in 2973.226 CPU sec, 74.643 real sec
[M::process] read 2829032 sequences (400000279 bp)...
[M::mem_pestat] # candidate unique pairs for (FF, FR, RF, RR): (11, 791475, 93, 8)
[M::mem_pestat] analyzing insert size distribution for orientation FF...
[M::mem_pestat] (25, 50, 75) percentile: (172, 477, 1849)
[M::mem_pestat] low and high boundaries for computing mean and std.dev: (1, 5203)
[M::mem_pestat] mean and std.dev: (1113.27, 1380.31)
[M::mem_pestat] low and high boundaries for proper pairs: (1, 6880)
[M::mem_pestat] analyzing insert size distribution for orientation FR...
[M::mem_pestat] (25, 50, 75) percentile: (188, 247, 322)
[M::mem_pestat] low and high boundaries for computing mean and std.dev: (1, 590)
[M::mem_pestat] mean and std.dev: (259.79, 97.48)
[M::mem_pestat] low and high boundaries for proper pairs: (1, 724)
[M::mem_pestat] analyzing insert size distribution for orientation RF...
[M::mem_pestat] (25, 50, 75) percentile: (128, 449, 2689)
[M::mem_pestat] low and high boundaries for computing mean and std.dev: (1, 7811)
[M::mem_pestat] mean and std.dev: (1313.18, 1718.56)
[M::mem_pestat] low and high boundaries for proper pairs: (1, 10372)
[M::mem_pestat] skip orientation RR as there are not enough pairs
[M::mem_pestat] skip orientation FF
[M::mem_pestat] skip orientation RF
[M::mem_process_seqs] Processed 2821176 reads in 2930.586 CPU sec, 73.517 real sec
[M::process] read 2823252 sequences (400000134 bp)...
[M::mem_pestat] # candidate unique pairs for (FF, FR, RF, RR): (12, 789470, 82, 12)
[M::mem_pestat] analyzing insert size distribution for orientation FF...
[M::mem_pestat] (25, 50, 75) percentile: (173, 223, 521)
[M::mem_pestat] low and high boundaries for computing mean and std.dev: (1, 1217)
[M::mem_pestat] mean and std.dev: (246.10, 113.40)
[M::mem_pestat] low and high boundaries for proper pairs: (1, 1565)
[M::mem_pestat] analyzing insert size distribution for orientation FR...
[M::mem_pestat] (25, 50, 75) percentile: (188, 248, 323)
[M::mem_pestat] low and high boundaries for computing mean and std.dev: (1, 593)
[M::mem_pestat] mean and std.dev: (260.44, 98.05)
[M::mem_pestat] low and high boundaries for proper pairs: (1, 728)
[M::mem_pestat] analyzing insert size distribution for orientation RF...
[M::mem_pestat] (25, 50, 75) percentile: (151, 660, 2210)
[M::mem_pestat] low and high boundaries for computing mean and std.dev: (1, 6328)
[M::mem_pestat] mean and std.dev: (1319.73, 1528.03)
[M::mem_pestat] low and high boundaries for proper pairs: (1, 8387)
[M::mem_pestat] analyzing insert size distribution for orientation RR...
[M::mem_pestat] (25, 50, 75) percentile: (1019, 2705, 2906)
[M::mem_pestat] low and high boundaries for computing mean and std.dev: (1, 6680)
[M::mem_pestat] mean and std.dev: (1833.25, 1178.52)
[M::mem_pestat] low and high boundaries for proper pairs: (1, 8567)
[M::mem_pestat] skip orientation FF
[M::mem_pestat] skip orientation RF
[M::mem_pestat] skip orientation RR
[M::mem_process_seqs] Processed 2829032 reads in 2956.433 CPU sec, 74.224 real sec
[M::process] read 2809468 sequences (400000216 bp)...
[M::mem_pestat] # candidate unique pairs for (FF, FR, RF, RR): (27, 790899, 92, 12)
[M::mem_pestat] analyzing insert size distribution for orientation FF...
[M::mem_pestat] (25, 50, 75) percentile: (481, 1461, 5635)
[M::mem_pestat] low and high boundaries for computing mean and std.dev: (1, 15943)
[M::mem_pestat] mean and std.dev: (3225.11, 3020.04)
[M::mem_pestat] low and high boundaries for proper pairs: (1, 21097)
[M::mem_pestat] analyzing insert size distribution for orientation FR...
[M::mem_pestat] (25, 50, 75) percentile: (188, 248, 323)
[M::mem_pestat] low and high boundaries for computing mean and std.dev: (1, 593)
[M::mem_pestat] mean and std.dev: (260.33, 97.90)
[M::mem_pestat] low and high boundaries for proper pairs: (1, 728)
[M::mem_pestat] analyzing insert size distribution for orientation RF...
[M::mem_pestat] (25, 50, 75) percentile: (84, 227, 1253)
[M::mem_pestat] low and high boundaries for computing mean and std.dev: (1, 3591)
[M::mem_pestat] mean and std.dev: (449.58, 627.87)
[M::mem_pestat] low and high boundaries for proper pairs: (1, 4760)
[M::mem_pestat] analyzing insert size distribution for orientation RR...
[M::mem_pestat] (25, 50, 75) percentile: (229, 5166, 6121)
[M::mem_pestat] low and high boundaries for computing mean and std.dev: (1, 17905)
[M::mem_pestat] mean and std.dev: (3548.08, 3539.41)
[M::mem_pestat] low and high boundaries for proper pairs: (1, 23797)
[M::mem_pestat] skip orientation FF
[M::mem_pestat] skip orientation RF
[M::mem_pestat] skip orientation RR
[M::mem_process_seqs] Processed 2823252 reads in 2957.136 CPU sec, 74.181 real sec
[M::process] read 2815220 sequences (400000040 bp)...
[M::mem_pestat] # candidate unique pairs for (FF, FR, RF, RR): (4, 790299, 87, 11)
[M::mem_pestat] skip orientation FF as there are not enough pairs
[M::mem_pestat] analyzing insert size distribution for orientation FR...
[M::mem_pestat] (25, 50, 75) percentile: (189, 249, 324)
[M::mem_pestat] low and high boundaries for computing mean and std.dev: (1, 594)
[M::mem_pestat] mean and std.dev: (261.04, 98.13)
[M::mem_pestat] low and high boundaries for proper pairs: (1, 729)
[M::mem_pestat] analyzing insert size distribution for orientation RF...
[M::mem_pestat] (25, 50, 75) percentile: (143, 225, 1226)
[M::mem_pestat] low and high boundaries for computing mean and std.dev: (1, 3392)
[M::mem_pestat] mean and std.dev: (490.54, 599.83)
[M::mem_pestat] low and high boundaries for proper pairs: (1, 4475)
[M::mem_pestat] analyzing insert size distribution for orientation RR...
[M::mem_pestat] (25, 50, 75) percentile: (305, 305, 2183)
[M::mem_pestat] low and high boundaries for computing mean and std.dev: (1, 5939)
[M::mem_pestat] mean and std.dev: (955.00, 1160.56)
[M::mem_pestat] low and high boundaries for proper pairs: (1, 7817)
[M::mem_pestat] skip orientation RF
[M::mem_pestat] skip orientation RR
[M::mem_process_seqs] Processed 2809468 reads in 2948.117 CPU sec, 74.037 real sec
[M::process] read 2812114 sequences (400000150 bp)...
[M::mem_pestat] # candidate unique pairs for (FF, FR, RF, RR): (9, 790919, 84, 11)
[M::mem_pestat] skip orientation FF as there are not enough pairs
[M::mem_pestat] analyzing insert size distribution for orientation FR...
[M::mem_pestat] (25, 50, 75) percentile: (184, 241, 311)
[M::mem_pestat] low and high boundaries for computing mean and std.dev: (1, 565)
[M::mem_pestat] mean and std.dev: (252.45, 93.54)
[M::mem_pestat] low and high boundaries for proper pairs: (1, 692)
[M::mem_pestat] analyzing insert size distribution for orientation RF...
[M::mem_pestat] (25, 50, 75) percentile: (127, 263, 2105)
[M::mem_pestat] low and high boundaries for computing mean and std.dev: (1, 6061)
[M::mem_pestat] mean and std.dev: (935.30, 1358.30)
[M::mem_pestat] low and high boundaries for proper pairs: (1, 8039)
[M::mem_pestat] analyzing insert size distribution for orientation RR...
[M::mem_pestat] (25, 50, 75) percentile: (1864, 2648, 8190)
[M::mem_pestat] low and high boundaries for computing mean and std.dev: (1, 20842)
[M::mem_pestat] mean and std.dev: (3589.27, 3026.17)
[M::mem_pestat] low and high boundaries for proper pairs: (1, 27168)
[M::mem_pestat] skip orientation RF
[M::mem_pestat] skip orientation RR
[M::mem_process_seqs] Processed 2815220 reads in 2939.753 CPU sec, 73.791 real sec
[M::process] read 2831060 sequences (400000126 bp)...
[M::mem_pestat] # candidate unique pairs for (FF, FR, RF, RR): (14, 790904, 69, 14)
[M::mem_pestat] analyzing insert size distribution for orientation FF...
[M::mem_pestat] (25, 50, 75) percentile: (177, 467, 595)
[M::mem_pestat] low and high boundaries for computing mean and std.dev: (1, 1431)
[M::mem_pestat] mean and std.dev: (309.00, 190.64)
[M::mem_pestat] low and high boundaries for proper pairs: (1, 1849)
[M::mem_pestat] analyzing insert size distribution for orientation FR...
[M::mem_pestat] (25, 50, 75) percentile: (184, 241, 310)
[M::mem_pestat] low and high boundaries for computing mean and std.dev: (1, 562)
[M::mem_pestat] mean and std.dev: (251.78, 92.52)
[M::mem_pestat] low and high boundaries for proper pairs: (1, 688)
[M::mem_pestat] analyzing insert size distribution for orientation RF...
[M::mem_pestat] (25, 50, 75) percentile: (113, 223, 1242)
[M::mem_pestat] low and high boundaries for computing mean and std.dev: (1, 3500)
[M::mem_pestat] mean and std.dev: (442.78, 665.73)
[M::mem_pestat] low and high boundaries for proper pairs: (1, 4629)
[M::mem_pestat] analyzing insert size distribution for orientation RR...
[M::mem_pestat] (25, 50, 75) percentile: (671, 3110, 3725)
[M::mem_pestat] low and high boundaries for computing mean and std.dev: (1, 9833)
[M::mem_pestat] mean and std.dev: (2417.79, 1971.83)
[M::mem_pestat] low and high boundaries for proper pairs: (1, 12887)
[M::mem_pestat] skip orientation FF
[M::mem_pestat] skip orientation RF
[M::mem_pestat] skip orientation RR
[M::mem_process_seqs] Processed 2812114 reads in 2927.950 CPU sec, 73.454 real sec
[M::process] read 2832016 sequences (400000014 bp)...
[M::mem_pestat] # candidate unique pairs for (FF, FR, RF, RR): (17, 791125, 87, 16)
[M::mem_pestat] analyzing insert size distribution for orientation FF...
[M::mem_pestat] (25, 50, 75) percentile: (136, 3015, 4722)
[M::mem_pestat] low and high boundaries for computing mean and std.dev: (1, 13894)
[M::mem_pestat] mean and std.dev: (2796.24, 2626.41)
[M::mem_pestat] low and high boundaries for proper pairs: (1, 18480)
[M::mem_pestat] analyzing insert size distribution for orientation FR...
[M::mem_pestat] (25, 50, 75) percentile: (184, 240, 311)
[M::mem_pestat] low and high boundaries for computing mean and std.dev: (1, 565)
[M::mem_pestat] mean and std.dev: (251.69, 93.16)
[M::mem_pestat] low and high boundaries for proper pairs: (1, 692)
[M::mem_pestat] analyzing insert size distribution for orientation RF...
[M::mem_pestat] (25, 50, 75) percentile: (128, 247, 2212)
[M::mem_pestat] low and high boundaries for computing mean and std.dev: (1, 6380)
[M::mem_pestat] mean and std.dev: (861.03, 1181.16)
[M::mem_pestat] low and high boundaries for proper pairs: (1, 8464)
[M::mem_pestat] analyzing insert size distribution for orientation RR...
[M::mem_pestat] (25, 50, 75) percentile: (319, 429, 4394)
[M::mem_pestat] low and high boundaries for computing mean and std.dev: (1, 12544)
[M::mem_pestat] mean and std.dev: (1631.88, 2277.75)
[M::mem_pestat] low and high boundaries for proper pairs: (1, 16619)
[M::mem_pestat] skip orientation FF
[M::mem_pestat] skip orientation RF
[M::mem_pestat] skip orientation RR
[M::mem_process_seqs] Processed 2831060 reads in 2938.671 CPU sec, 73.717 real sec
[M::process] read 768120 sequences (108922520 bp)...
[M::mem_pestat] # candidate unique pairs for (FF, FR, RF, RR): (18, 791905, 94, 12)
[M::mem_pestat] analyzing insert size distribution for orientation FF...
[M::mem_pestat] (25, 50, 75) percentile: (221, 2441, 2727)
[M::mem_pestat] low and high boundaries for computing mean and std.dev: (1, 7739)
[M::mem_pestat] mean and std.dev: (1943.22, 1435.24)
[M::mem_pestat] low and high boundaries for proper pairs: (1, 10245)
[M::mem_pestat] analyzing insert size distribution for orientation FR...
[M::mem_pestat] (25, 50, 75) percentile: (182, 238, 309)
[M::mem_pestat] low and high boundaries for computing mean and std.dev: (1, 563)
[M::mem_pestat] mean and std.dev: (250.13, 92.91)
[M::mem_pestat] low and high boundaries for proper pairs: (1, 690)
[M::mem_pestat] analyzing insert size distribution for orientation RF...
[M::mem_pestat] (25, 50, 75) percentile: (97, 244, 1106)
[M::mem_pestat] low and high boundaries for computing mean and std.dev: (1, 3124)
[M::mem_pestat] mean and std.dev: (556.48, 691.13)
[M::mem_pestat] low and high boundaries for proper pairs: (1, 4133)
[M::mem_pestat] analyzing insert size distribution for orientation RR...
[M::mem_pestat] (25, 50, 75) percentile: (151, 266, 421)
[M::mem_pestat] low and high boundaries for computing mean and std.dev: (1, 961)
[M::mem_pestat] mean and std.dev: (186.40, 121.62)
[M::mem_pestat] low and high boundaries for proper pairs: (1, 1231)
[M::mem_pestat] skip orientation FF
[M::mem_pestat] skip orientation RF
[M::mem_pestat] skip orientation RR
[M::mem_process_seqs] Processed 2832016 reads in 2973.281 CPU sec, 74.771 real sec
[M::mem_pestat] # candidate unique pairs for (FF, FR, RF, RR): (3, 215417, 26, 3)
[M::mem_pestat] skip orientation FF as there are not enough pairs
[M::mem_pestat] analyzing insert size distribution for orientation FR...
[M::mem_pestat] (25, 50, 75) percentile: (184, 240, 310)
[M::mem_pestat] low and high boundaries for computing mean and std.dev: (1, 562)
[M::mem_pestat] mean and std.dev: (251.67, 93.16)
[M::mem_pestat] low and high boundaries for proper pairs: (1, 688)
[M::mem_pestat] analyzing insert size distribution for orientation RF...
[M::mem_pestat] (25, 50, 75) percentile: (69, 377, 7661)
[M::mem_pestat] low and high boundaries for computing mean and std.dev: (1, 22845)
[M::mem_pestat] mean and std.dev: (3086.46, 3604.73)
[M::mem_pestat] low and high boundaries for proper pairs: (1, 30437)
[M::mem_pestat] skip orientation RR as there are not enough pairs
[M::mem_pestat] skip orientation RF
[M::mem_process_seqs] Processed 768120 reads in 836.401 CPU sec, 21.025 real sec
[main] Version: 0.7.17-r1188
[main] CMD: /home/shared/bwa-0.7.17/bwa mem -M -t 40 ../data/bwa-GCF_031168955.1_ASM3116895v1_genomic ../data/trimmed-fastqs-heatwave-genetics/MHW422_trimmed_clipped_R1_paired.fq.gz ../data/trimmed-fastqs-heatwave-genetics/MHW422_trimmed_clipped_R2_paired.fq.gz
[main] Real time: 2249.885 sec; CPU: 89192.085 sec
