[M::bwa_idx_load_from_disk] read 0 ALT contigs
[M::process] read 2819874 sequences (400000162 bp)...
[M::process] read 2814660 sequences (400000126 bp)...
[M::mem_pestat] # candidate unique pairs for (FF, FR, RF, RR): (11, 778806, 75, 9)
[M::mem_pestat] analyzing insert size distribution for orientation FF...
[M::mem_pestat] (25, 50, 75) percentile: (128, 320, 3662)
[M::mem_pestat] low and high boundaries for computing mean and std.dev: (1, 10730)
[M::mem_pestat] mean and std.dev: (1636.64, 1957.67)
[M::mem_pestat] low and high boundaries for proper pairs: (1, 14264)
[M::mem_pestat] analyzing insert size distribution for orientation FR...
[M::mem_pestat] (25, 50, 75) percentile: (184, 241, 312)
[M::mem_pestat] low and high boundaries for computing mean and std.dev: (1, 568)
[M::mem_pestat] mean and std.dev: (252.51, 94.09)
[M::mem_pestat] low and high boundaries for proper pairs: (1, 696)
[M::mem_pestat] analyzing insert size distribution for orientation RF...
[M::mem_pestat] (25, 50, 75) percentile: (154, 226, 1193)
[M::mem_pestat] low and high boundaries for computing mean and std.dev: (1, 3271)
[M::mem_pestat] mean and std.dev: (502.03, 653.49)
[M::mem_pestat] low and high boundaries for proper pairs: (1, 4310)
[M::mem_pestat] skip orientation RR as there are not enough pairs
[M::mem_pestat] skip orientation FF
[M::mem_pestat] skip orientation RF
[M::mem_process_seqs] Processed 2819874 reads in 3095.932 CPU sec, 77.633 real sec
[M::process] read 2811174 sequences (400000280 bp)...
[M::mem_pestat] # candidate unique pairs for (FF, FR, RF, RR): (14, 776832, 78, 7)
[M::mem_pestat] analyzing insert size distribution for orientation FF...
[M::mem_pestat] (25, 50, 75) percentile: (121, 175, 373)
[M::mem_pestat] low and high boundaries for computing mean and std.dev: (1, 877)
[M::mem_pestat] mean and std.dev: (211.50, 195.50)
[M::mem_pestat] low and high boundaries for proper pairs: (1, 1129)
[M::mem_pestat] analyzing insert size distribution for orientation FR...
[M::mem_pestat] (25, 50, 75) percentile: (190, 249, 320)
[M::mem_pestat] low and high boundaries for computing mean and std.dev: (1, 580)
[M::mem_pestat] mean and std.dev: (259.46, 95.09)
[M::mem_pestat] low and high boundaries for proper pairs: (1, 710)
[M::mem_pestat] analyzing insert size distribution for orientation RF...
[M::mem_pestat] (25, 50, 75) percentile: (126, 417, 1682)
[M::mem_pestat] low and high boundaries for computing mean and std.dev: (1, 4794)
[M::mem_pestat] mean and std.dev: (678.08, 921.53)
[M::mem_pestat] low and high boundaries for proper pairs: (1, 6350)
[M::mem_pestat] skip orientation RR as there are not enough pairs
[M::mem_pestat] skip orientation FF
[M::mem_pestat] skip orientation RF
[M::mem_process_seqs] Processed 2814660 reads in 3208.296 CPU sec, 80.468 real sec
[M::process] read 2812602 sequences (400000156 bp)...
[M::mem_pestat] # candidate unique pairs for (FF, FR, RF, RR): (9, 778730, 92, 15)
[M::mem_pestat] skip orientation FF as there are not enough pairs
[M::mem_pestat] analyzing insert size distribution for orientation FR...
[M::mem_pestat] (25, 50, 75) percentile: (187, 244, 315)
[M::mem_pestat] low and high boundaries for computing mean and std.dev: (1, 571)
[M::mem_pestat] mean and std.dev: (255.10, 94.47)
[M::mem_pestat] low and high boundaries for proper pairs: (1, 699)
[M::mem_pestat] analyzing insert size distribution for orientation RF...
[M::mem_pestat] (25, 50, 75) percentile: (146, 613, 2316)
[M::mem_pestat] low and high boundaries for computing mean and std.dev: (1, 6656)
[M::mem_pestat] mean and std.dev: (998.66, 1239.99)
[M::mem_pestat] low and high boundaries for proper pairs: (1, 8826)
[M::mem_pestat] analyzing insert size distribution for orientation RR...
[M::mem_pestat] (25, 50, 75) percentile: (225, 3789, 5719)
[M::mem_pestat] low and high boundaries for computing mean and std.dev: (1, 16707)
[M::mem_pestat] mean and std.dev: (3272.00, 2691.43)
[M::mem_pestat] low and high boundaries for proper pairs: (1, 22201)
[M::mem_pestat] skip orientation RF
[M::mem_pestat] skip orientation RR
[M::mem_process_seqs] Processed 2811174 reads in 3171.111 CPU sec, 79.541 real sec
[M::process] read 2810388 sequences (400000261 bp)...
[M::mem_pestat] # candidate unique pairs for (FF, FR, RF, RR): (6, 778718, 80, 19)
[M::mem_pestat] skip orientation FF as there are not enough pairs
[M::mem_pestat] analyzing insert size distribution for orientation FR...
[M::mem_pestat] (25, 50, 75) percentile: (189, 247, 317)
[M::mem_pestat] low and high boundaries for computing mean and std.dev: (1, 573)
[M::mem_pestat] mean and std.dev: (257.26, 94.33)
[M::mem_pestat] low and high boundaries for proper pairs: (1, 701)
[M::mem_pestat] analyzing insert size distribution for orientation RF...
[M::mem_pestat] (25, 50, 75) percentile: (206, 585, 1320)
[M::mem_pestat] low and high boundaries for computing mean and std.dev: (1, 3548)
[M::mem_pestat] mean and std.dev: (827.45, 862.67)
[M::mem_pestat] low and high boundaries for proper pairs: (1, 4662)
[M::mem_pestat] analyzing insert size distribution for orientation RR...
[M::mem_pestat] (25, 50, 75) percentile: (434, 1339, 2660)
[M::mem_pestat] low and high boundaries for computing mean and std.dev: (1, 7112)
[M::mem_pestat] mean and std.dev: (1373.33, 1236.70)
[M::mem_pestat] low and high boundaries for proper pairs: (1, 9338)
[M::mem_pestat] skip orientation RF
[M::mem_pestat] skip orientation RR
[M::mem_process_seqs] Processed 2812602 reads in 3226.551 CPU sec, 80.930 real sec
[M::process] read 2811452 sequences (400000045 bp)...
[M::mem_pestat] # candidate unique pairs for (FF, FR, RF, RR): (6, 776713, 90, 18)
[M::mem_pestat] skip orientation FF as there are not enough pairs
[M::mem_pestat] analyzing insert size distribution for orientation FR...
[M::mem_pestat] (25, 50, 75) percentile: (188, 246, 317)
[M::mem_pestat] low and high boundaries for computing mean and std.dev: (1, 575)
[M::mem_pestat] mean and std.dev: (257.10, 94.65)
[M::mem_pestat] low and high boundaries for proper pairs: (1, 704)
[M::mem_pestat] analyzing insert size distribution for orientation RF...
[M::mem_pestat] (25, 50, 75) percentile: (91, 227, 1168)
[M::mem_pestat] low and high boundaries for computing mean and std.dev: (1, 3322)
[M::mem_pestat] mean and std.dev: (528.47, 695.93)
[M::mem_pestat] low and high boundaries for proper pairs: (1, 4399)
[M::mem_pestat] analyzing insert size distribution for orientation RR...
[M::mem_pestat] (25, 50, 75) percentile: (316, 826, 1587)
[M::mem_pestat] low and high boundaries for computing mean and std.dev: (1, 4129)
[M::mem_pestat] mean and std.dev: (1068.00, 1099.18)
[M::mem_pestat] low and high boundaries for proper pairs: (1, 5465)
[M::mem_pestat] skip orientation RF
[M::mem_pestat] skip orientation RR
[M::mem_process_seqs] Processed 2810388 reads in 3188.556 CPU sec, 79.959 real sec
[M::process] read 2806010 sequences (400000278 bp)...
[M::mem_pestat] # candidate unique pairs for (FF, FR, RF, RR): (18, 778108, 78, 14)
[M::mem_pestat] analyzing insert size distribution for orientation FF...
[M::mem_pestat] (25, 50, 75) percentile: (320, 1793, 6100)
[M::mem_pestat] low and high boundaries for computing mean and std.dev: (1, 17660)
[M::mem_pestat] mean and std.dev: (2965.44, 2601.91)
[M::mem_pestat] low and high boundaries for proper pairs: (1, 23440)
[M::mem_pestat] analyzing insert size distribution for orientation FR...
[M::mem_pestat] (25, 50, 75) percentile: (187, 245, 315)
[M::mem_pestat] low and high boundaries for computing mean and std.dev: (1, 571)
[M::mem_pestat] mean and std.dev: (255.18, 94.06)
[M::mem_pestat] low and high boundaries for proper pairs: (1, 699)
[M::mem_pestat] analyzing insert size distribution for orientation RF...
[M::mem_pestat] (25, 50, 75) percentile: (181, 465, 2132)
[M::mem_pestat] low and high boundaries for computing mean and std.dev: (1, 6034)
[M::mem_pestat] mean and std.dev: (936.90, 1152.96)
[M::mem_pestat] low and high boundaries for proper pairs: (1, 7985)
[M::mem_pestat] analyzing insert size distribution for orientation RR...
[M::mem_pestat] (25, 50, 75) percentile: (189, 346, 346)
[M::mem_pestat] low and high boundaries for computing mean and std.dev: (1, 660)
[M::mem_pestat] mean and std.dev: (269.67, 80.39)
[M::mem_pestat] low and high boundaries for proper pairs: (1, 817)
[M::mem_pestat] skip orientation FF
[M::mem_pestat] skip orientation RF
[M::mem_pestat] skip orientation RR
[M::mem_process_seqs] Processed 2811452 reads in 3204.134 CPU sec, 80.364 real sec
[M::process] read 2821476 sequences (400000222 bp)...
[M::mem_pestat] # candidate unique pairs for (FF, FR, RF, RR): (21, 777566, 85, 6)
[M::mem_pestat] analyzing insert size distribution for orientation FF...
[M::mem_pestat] (25, 50, 75) percentile: (230, 2906, 4791)
[M::mem_pestat] low and high boundaries for computing mean and std.dev: (1, 13913)
[M::mem_pestat] mean and std.dev: (3080.90, 3327.75)
[M::mem_pestat] low and high boundaries for proper pairs: (1, 18474)
[M::mem_pestat] analyzing insert size distribution for orientation FR...
[M::mem_pestat] (25, 50, 75) percentile: (190, 248, 319)
[M::mem_pestat] low and high boundaries for computing mean and std.dev: (1, 577)
[M::mem_pestat] mean and std.dev: (258.80, 94.92)
[M::mem_pestat] low and high boundaries for proper pairs: (1, 706)
[M::mem_pestat] analyzing insert size distribution for orientation RF...
[M::mem_pestat] (25, 50, 75) percentile: (166, 858, 2373)
[M::mem_pestat] low and high boundaries for computing mean and std.dev: (1, 6787)
[M::mem_pestat] mean and std.dev: (1091.13, 1313.35)
[M::mem_pestat] low and high boundaries for proper pairs: (1, 8994)
[M::mem_pestat] skip orientation RR as there are not enough pairs
[M::mem_pestat] skip orientation FF
[M::mem_pestat] skip orientation RF
[M::mem_process_seqs] Processed 2806010 reads in 3203.003 CPU sec, 80.389 real sec
[M::process] read 2833908 sequences (400000152 bp)...
[M::mem_pestat] # candidate unique pairs for (FF, FR, RF, RR): (9, 775891, 107, 7)
[M::mem_pestat] skip orientation FF as there are not enough pairs
[M::mem_pestat] analyzing insert size distribution for orientation FR...
[M::mem_pestat] (25, 50, 75) percentile: (190, 249, 320)
[M::mem_pestat] low and high boundaries for computing mean and std.dev: (1, 580)
[M::mem_pestat] mean and std.dev: (259.42, 95.22)
[M::mem_pestat] low and high boundaries for proper pairs: (1, 710)
[M::mem_pestat] analyzing insert size distribution for orientation RF...
[M::mem_pestat] (25, 50, 75) percentile: (219, 369, 2480)
[M::mem_pestat] low and high boundaries for computing mean and std.dev: (1, 7002)
[M::mem_pestat] mean and std.dev: (1161.40, 1601.58)
[M::mem_pestat] low and high boundaries for proper pairs: (1, 9263)
[M::mem_pestat] skip orientation RR as there are not enough pairs
[M::mem_pestat] skip orientation RF
[M::mem_process_seqs] Processed 2821476 reads in 3266.131 CPU sec, 82.151 real sec
[M::process] read 2834926 sequences (400000250 bp)...
[M::mem_pestat] # candidate unique pairs for (FF, FR, RF, RR): (9, 777055, 105, 10)
[M::mem_pestat] skip orientation FF as there are not enough pairs
[M::mem_pestat] analyzing insert size distribution for orientation FR...
[M::mem_pestat] (25, 50, 75) percentile: (190, 248, 321)
[M::mem_pestat] low and high boundaries for computing mean and std.dev: (1, 583)
[M::mem_pestat] mean and std.dev: (259.65, 96.03)
[M::mem_pestat] low and high boundaries for proper pairs: (1, 714)
[M::mem_pestat] analyzing insert size distribution for orientation RF...
[M::mem_pestat] (25, 50, 75) percentile: (128, 762, 2450)
[M::mem_pestat] low and high boundaries for computing mean and std.dev: (1, 7094)
[M::mem_pestat] mean and std.dev: (1267.24, 1560.24)
[M::mem_pestat] low and high boundaries for proper pairs: (1, 9416)
[M::mem_pestat] analyzing insert size distribution for orientation RR...
[M::mem_pestat] (25, 50, 75) percentile: (562, 4934, 5657)
[M::mem_pestat] low and high boundaries for computing mean and std.dev: (1, 15847)
[M::mem_pestat] mean and std.dev: (3429.70, 2545.88)
[M::mem_pestat] low and high boundaries for proper pairs: (1, 20942)
[M::mem_pestat] skip orientation RF
[M::mem_pestat] skip orientation RR
[M::mem_process_seqs] Processed 2833908 reads in 3232.111 CPU sec, 80.842 real sec
[M::process] read 2823062 sequences (400000197 bp)...
[M::mem_pestat] # candidate unique pairs for (FF, FR, RF, RR): (14, 777357, 85, 11)
[M::mem_pestat] analyzing insert size distribution for orientation FF...
[M::mem_pestat] (25, 50, 75) percentile: (250, 460, 4192)
[M::mem_pestat] low and high boundaries for computing mean and std.dev: (1, 12076)
[M::mem_pestat] mean and std.dev: (2198.29, 3020.40)
[M::mem_pestat] low and high boundaries for proper pairs: (1, 16018)
[M::mem_pestat] analyzing insert size distribution for orientation FR...
[M::mem_pestat] (25, 50, 75) percentile: (189, 248, 320)
[M::mem_pestat] low and high boundaries for computing mean and std.dev: (1, 582)
[M::mem_pestat] mean and std.dev: (259.08, 96.29)
[M::mem_pestat] low and high boundaries for proper pairs: (1, 713)
[M::mem_pestat] analyzing insert size distribution for orientation RF...
[M::mem_pestat] (25, 50, 75) percentile: (127, 500, 1791)
[M::mem_pestat] low and high boundaries for computing mean and std.dev: (1, 5119)
[M::mem_pestat] mean and std.dev: (837.49, 1201.86)
[M::mem_pestat] low and high boundaries for proper pairs: (1, 6783)
[M::mem_pestat] analyzing insert size distribution for orientation RR...
[M::mem_pestat] (25, 50, 75) percentile: (1093, 2918, 4226)
[M::mem_pestat] low and high boundaries for computing mean and std.dev: (1, 10492)
[M::mem_pestat] mean and std.dev: (3058.45, 2615.25)
[M::mem_pestat] low and high boundaries for proper pairs: (1, 13625)
[M::mem_pestat] skip orientation FF
[M::mem_pestat] skip orientation RF
[M::mem_pestat] skip orientation RR
[M::mem_process_seqs] Processed 2834926 reads in 3258.142 CPU sec, 81.724 real sec
[M::process] read 2835120 sequences (400000013 bp)...
[M::mem_pestat] # candidate unique pairs for (FF, FR, RF, RR): (14, 777719, 108, 22)
[M::mem_pestat] analyzing insert size distribution for orientation FF...
[M::mem_pestat] (25, 50, 75) percentile: (221, 2079, 2848)
[M::mem_pestat] low and high boundaries for computing mean and std.dev: (1, 8102)
[M::mem_pestat] mean and std.dev: (1744.21, 1432.53)
[M::mem_pestat] low and high boundaries for proper pairs: (1, 10729)
[M::mem_pestat] analyzing insert size distribution for orientation FR...
[M::mem_pestat] (25, 50, 75) percentile: (190, 250, 322)
[M::mem_pestat] low and high boundaries for computing mean and std.dev: (1, 586)
[M::mem_pestat] mean and std.dev: (260.72, 96.51)
[M::mem_pestat] low and high boundaries for proper pairs: (1, 718)
[M::mem_pestat] analyzing insert size distribution for orientation RF...
[M::mem_pestat] (25, 50, 75) percentile: (165, 432, 2243)
[M::mem_pestat] low and high boundaries for computing mean and std.dev: (1, 6399)
[M::mem_pestat] mean and std.dev: (1046.92, 1554.33)
[M::mem_pestat] low and high boundaries for proper pairs: (1, 8477)
[M::mem_pestat] analyzing insert size distribution for orientation RR...
[M::mem_pestat] (25, 50, 75) percentile: (403, 667, 2543)
[M::mem_pestat] low and high boundaries for computing mean and std.dev: (1, 6823)
[M::mem_pestat] mean and std.dev: (1242.14, 1232.10)
[M::mem_pestat] low and high boundaries for proper pairs: (1, 8963)
[M::mem_pestat] skip orientation FF
[M::mem_pestat] skip orientation RF
[M::mem_pestat] skip orientation RR
[M::mem_process_seqs] Processed 2823062 reads in 3224.106 CPU sec, 81.038 real sec
[M::process] read 2827802 sequences (400000179 bp)...
[M::mem_pestat] # candidate unique pairs for (FF, FR, RF, RR): (8, 778317, 67, 18)
[M::mem_pestat] skip orientation FF as there are not enough pairs
[M::mem_pestat] analyzing insert size distribution for orientation FR...
[M::mem_pestat] (25, 50, 75) percentile: (188, 247, 319)
[M::mem_pestat] low and high boundaries for computing mean and std.dev: (1, 581)
[M::mem_pestat] mean and std.dev: (258.21, 95.83)
[M::mem_pestat] low and high boundaries for proper pairs: (1, 712)
[M::mem_pestat] analyzing insert size distribution for orientation RF...
[M::mem_pestat] (25, 50, 75) percentile: (223, 767, 2824)
[M::mem_pestat] low and high boundaries for computing mean and std.dev: (1, 8026)
[M::mem_pestat] mean and std.dev: (1505.36, 1687.57)
[M::mem_pestat] low and high boundaries for proper pairs: (1, 10627)
[M::mem_pestat] analyzing insert size distribution for orientation RR...
[M::mem_pestat] (25, 50, 75) percentile: (262, 772, 4009)
[M::mem_pestat] low and high boundaries for computing mean and std.dev: (1, 11503)
[M::mem_pestat] mean and std.dev: (2792.72, 3404.31)
[M::mem_pestat] low and high boundaries for proper pairs: (1, 16410)
[M::mem_pestat] skip orientation RF
[M::mem_pestat] skip orientation RR
[M::mem_process_seqs] Processed 2835120 reads in 3241.500 CPU sec, 81.078 real sec
[M::process] read 2832368 sequences (400000152 bp)...
[M::mem_pestat] # candidate unique pairs for (FF, FR, RF, RR): (10, 778801, 75, 10)
[M::mem_pestat] analyzing insert size distribution for orientation FF...
[M::mem_pestat] (25, 50, 75) percentile: (49, 443, 909)
[M::mem_pestat] low and high boundaries for computing mean and std.dev: (1, 2629)
[M::mem_pestat] mean and std.dev: (465.22, 517.48)
[M::mem_pestat] low and high boundaries for proper pairs: (1, 3489)
[M::mem_pestat] analyzing insert size distribution for orientation FR...
[M::mem_pestat] (25, 50, 75) percentile: (190, 249, 322)
[M::mem_pestat] low and high boundaries for computing mean and std.dev: (1, 586)
[M::mem_pestat] mean and std.dev: (260.78, 96.82)
[M::mem_pestat] low and high boundaries for proper pairs: (1, 718)
[M::mem_pestat] analyzing insert size distribution for orientation RF...
[M::mem_pestat] (25, 50, 75) percentile: (196, 792, 3912)
[M::mem_pestat] low and high boundaries for computing mean and std.dev: (1, 11344)
[M::mem_pestat] mean and std.dev: (2347.71, 3120.93)
[M::mem_pestat] low and high boundaries for proper pairs: (1, 15060)
[M::mem_pestat] analyzing insert size distribution for orientation RR...
[M::mem_pestat] (25, 50, 75) percentile: (25, 232, 452)
[M::mem_pestat] low and high boundaries for computing mean and std.dev: (1, 1306)
[M::mem_pestat] mean and std.dev: (162.38, 153.36)
[M::mem_pestat] low and high boundaries for proper pairs: (1, 1733)
[M::mem_pestat] skip orientation FF
[M::mem_pestat] skip orientation RF
[M::mem_pestat] skip orientation RR
[M::mem_process_seqs] Processed 2827802 reads in 3233.778 CPU sec, 81.289 real sec
[M::process] read 2814972 sequences (400000191 bp)...
[M::mem_pestat] # candidate unique pairs for (FF, FR, RF, RR): (8, 779050, 77, 13)
[M::mem_pestat] skip orientation FF as there are not enough pairs
[M::mem_pestat] analyzing insert size distribution for orientation FR...
[M::mem_pestat] (25, 50, 75) percentile: (188, 246, 318)
[M::mem_pestat] low and high boundaries for computing mean and std.dev: (1, 578)
[M::mem_pestat] mean and std.dev: (257.14, 95.51)
[M::mem_pestat] low and high boundaries for proper pairs: (1, 708)
[M::mem_pestat] analyzing insert size distribution for orientation RF...
[M::mem_pestat] (25, 50, 75) percentile: (125, 848, 3332)
[M::mem_pestat] low and high boundaries for computing mean and std.dev: (1, 9746)
[M::mem_pestat] mean and std.dev: (2129.08, 2735.28)
[M::mem_pestat] low and high boundaries for proper pairs: (1, 13070)
[M::mem_pestat] analyzing insert size distribution for orientation RR...
[M::mem_pestat] (25, 50, 75) percentile: (202, 276, 637)
[M::mem_pestat] low and high boundaries for computing mean and std.dev: (1, 1507)
[M::mem_pestat] mean and std.dev: (391.83, 362.28)
[M::mem_pestat] low and high boundaries for proper pairs: (1, 1942)
[M::mem_pestat] skip orientation RF
[M::mem_pestat] skip orientation RR
[M::mem_process_seqs] Processed 2832368 reads in 3292.695 CPU sec, 82.361 real sec
[M::process] read 2811654 sequences (400000193 bp)...
[M::mem_pestat] # candidate unique pairs for (FF, FR, RF, RR): (7, 777157, 83, 13)
[M::mem_pestat] skip orientation FF as there are not enough pairs
[M::mem_pestat] analyzing insert size distribution for orientation FR...
[M::mem_pestat] (25, 50, 75) percentile: (190, 249, 322)
[M::mem_pestat] low and high boundaries for computing mean and std.dev: (1, 586)
[M::mem_pestat] mean and std.dev: (260.63, 96.74)
[M::mem_pestat] low and high boundaries for proper pairs: (1, 718)
[M::mem_pestat] analyzing insert size distribution for orientation RF...
[M::mem_pestat] (25, 50, 75) percentile: (134, 316, 1596)
[M::mem_pestat] low and high boundaries for computing mean and std.dev: (1, 4520)
[M::mem_pestat] mean and std.dev: (662.33, 939.97)
[M::mem_pestat] low and high boundaries for proper pairs: (1, 5982)
[M::mem_pestat] analyzing insert size distribution for orientation RR...
[M::mem_pestat] (25, 50, 75) percentile: (348, 1344, 3219)
[M::mem_pestat] low and high boundaries for computing mean and std.dev: (1, 8961)
[M::mem_pestat] mean and std.dev: (1771.08, 1663.67)
[M::mem_pestat] low and high boundaries for proper pairs: (1, 11832)
[M::mem_pestat] skip orientation RF
[M::mem_pestat] skip orientation RR
[M::mem_process_seqs] Processed 2814972 reads in 3196.725 CPU sec, 80.390 real sec
[M::process] read 2806700 sequences (400000136 bp)...
[M::mem_pestat] # candidate unique pairs for (FF, FR, RF, RR): (17, 777914, 84, 10)
[M::mem_pestat] analyzing insert size distribution for orientation FF...
[M::mem_pestat] (25, 50, 75) percentile: (718, 2876, 4844)
[M::mem_pestat] low and high boundaries for computing mean and std.dev: (1, 13096)
[M::mem_pestat] mean and std.dev: (3222.29, 2655.03)
[M::mem_pestat] low and high boundaries for proper pairs: (1, 17222)
[M::mem_pestat] analyzing insert size distribution for orientation FR...
[M::mem_pestat] (25, 50, 75) percentile: (188, 246, 316)
[M::mem_pestat] low and high boundaries for computing mean and std.dev: (1, 572)
[M::mem_pestat] mean and std.dev: (256.04, 94.12)
[M::mem_pestat] low and high boundaries for proper pairs: (1, 700)
[M::mem_pestat] analyzing insert size distribution for orientation RF...
[M::mem_pestat] (25, 50, 75) percentile: (180, 419, 1739)
[M::mem_pestat] low and high boundaries for computing mean and std.dev: (1, 4857)
[M::mem_pestat] mean and std.dev: (752.93, 987.12)
[M::mem_pestat] low and high boundaries for proper pairs: (1, 6416)
[M::mem_pestat] analyzing insert size distribution for orientation RR...
[M::mem_pestat] (25, 50, 75) percentile: (690, 1796, 3729)
[M::mem_pestat] low and high boundaries for computing mean and std.dev: (1, 9807)
[M::mem_pestat] mean and std.dev: (2209.10, 2079.09)
[M::mem_pestat] low and high boundaries for proper pairs: (1, 12846)
[M::mem_pestat] skip orientation FF
[M::mem_pestat] skip orientation RF
[M::mem_pestat] skip orientation RR
[M::mem_process_seqs] Processed 2811654 reads in 3192.145 CPU sec, 79.914 real sec
[M::process] read 2806208 sequences (400000048 bp)...
[M::mem_pestat] # candidate unique pairs for (FF, FR, RF, RR): (14, 778057, 87, 7)
[M::mem_pestat] analyzing insert size distribution for orientation FF...
[M::mem_pestat] (25, 50, 75) percentile: (118, 194, 2625)
[M::mem_pestat] low and high boundaries for computing mean and std.dev: (1, 7639)
[M::mem_pestat] mean and std.dev: (1138.00, 1316.25)
[M::mem_pestat] low and high boundaries for proper pairs: (1, 10146)
[M::mem_pestat] analyzing insert size distribution for orientation FR...
[M::mem_pestat] (25, 50, 75) percentile: (189, 247, 318)
[M::mem_pestat] low and high boundaries for computing mean and std.dev: (1, 576)
[M::mem_pestat] mean and std.dev: (257.97, 94.78)
[M::mem_pestat] low and high boundaries for proper pairs: (1, 705)
[M::mem_pestat] analyzing insert size distribution for orientation RF...
[M::mem_pestat] (25, 50, 75) percentile: (223, 654, 2411)
[M::mem_pestat] low and high boundaries for computing mean and std.dev: (1, 6787)
[M::mem_pestat] mean and std.dev: (1178.14, 1634.00)
[M::mem_pestat] low and high boundaries for proper pairs: (1, 8975)
[M::mem_pestat] skip orientation RR as there are not enough pairs
[M::mem_pestat] skip orientation FF
[M::mem_pestat] skip orientation RF
[M::mem_process_seqs] Processed 2806700 reads in 3184.431 CPU sec, 80.133 real sec
[M::process] read 2811258 sequences (400000129 bp)...
[M::mem_pestat] # candidate unique pairs for (FF, FR, RF, RR): (12, 777267, 71, 11)
[M::mem_pestat] analyzing insert size distribution for orientation FF...
[M::mem_pestat] (25, 50, 75) percentile: (722, 2042, 2950)
[M::mem_pestat] low and high boundaries for computing mean and std.dev: (1, 7406)
[M::mem_pestat] mean and std.dev: (2007.08, 1424.39)
[M::mem_pestat] low and high boundaries for proper pairs: (1, 9634)
[M::mem_pestat] analyzing insert size distribution for orientation FR...
[M::mem_pestat] (25, 50, 75) percentile: (190, 248, 319)
[M::mem_pestat] low and high boundaries for computing mean and std.dev: (1, 577)
[M::mem_pestat] mean and std.dev: (258.73, 94.83)
[M::mem_pestat] low and high boundaries for proper pairs: (1, 706)
[M::mem_pestat] analyzing insert size distribution for orientation RF...
[M::mem_pestat] (25, 50, 75) percentile: (403, 1001, 2500)
[M::mem_pestat] low and high boundaries for computing mean and std.dev: (1, 6694)
[M::mem_pestat] mean and std.dev: (1213.97, 1363.22)
[M::mem_pestat] low and high boundaries for proper pairs: (1, 8791)
[M::mem_pestat] analyzing insert size distribution for orientation RR...
[M::mem_pestat] (25, 50, 75) percentile: (2206, 2206, 2819)
[M::mem_pestat] low and high boundaries for computing mean and std.dev: (980, 4045)
[M::mem_pestat] mean and std.dev: (2464.50, 496.56)
[M::mem_pestat] low and high boundaries for proper pairs: (367, 4658)
[M::mem_pestat] skip orientation FF
[M::mem_pestat] skip orientation RF
[M::mem_pestat] skip orientation RR
[M::mem_process_seqs] Processed 2806208 reads in 3462.119 CPU sec, 91.958 real sec
[M::process] read 2805732 sequences (400000286 bp)...
[M::mem_pestat] # candidate unique pairs for (FF, FR, RF, RR): (7, 778685, 70, 13)
[M::mem_pestat] skip orientation FF as there are not enough pairs
[M::mem_pestat] analyzing insert size distribution for orientation FR...
[M::mem_pestat] (25, 50, 75) percentile: (188, 247, 318)
[M::mem_pestat] low and high boundaries for computing mean and std.dev: (1, 578)
[M::mem_pestat] mean and std.dev: (257.45, 95.11)
[M::mem_pestat] low and high boundaries for proper pairs: (1, 708)
[M::mem_pestat] analyzing insert size distribution for orientation RF...
[M::mem_pestat] (25, 50, 75) percentile: (224, 853, 1955)
[M::mem_pestat] low and high boundaries for computing mean and std.dev: (1, 5417)
[M::mem_pestat] mean and std.dev: (848.12, 937.95)
[M::mem_pestat] low and high boundaries for proper pairs: (1, 7148)
[M::mem_pestat] analyzing insert size distribution for orientation RR...
[M::mem_pestat] (25, 50, 75) percentile: (174, 279, 764)
[M::mem_pestat] low and high boundaries for computing mean and std.dev: (1, 1944)
[M::mem_pestat] mean and std.dev: (385.25, 475.73)
[M::mem_pestat] low and high boundaries for proper pairs: (1, 2534)
[M::mem_pestat] skip orientation RF
[M::mem_pestat] skip orientation RR
[M::mem_process_seqs] Processed 2811258 reads in 3221.898 CPU sec, 80.575 real sec
[M::process] read 2803436 sequences (400000268 bp)...
[M::mem_pestat] # candidate unique pairs for (FF, FR, RF, RR): (16, 776707, 105, 9)
[M::mem_pestat] analyzing insert size distribution for orientation FF...
[M::mem_pestat] (25, 50, 75) percentile: (281, 549, 2927)
[M::mem_pestat] low and high boundaries for computing mean and std.dev: (1, 8219)
[M::mem_pestat] mean and std.dev: (1293.50, 1435.24)
[M::mem_pestat] low and high boundaries for proper pairs: (1, 10865)
[M::mem_pestat] analyzing insert size distribution for orientation FR...
[M::mem_pestat] (25, 50, 75) percentile: (192, 250, 321)
[M::mem_pestat] low and high boundaries for computing mean and std.dev: (1, 579)
[M::mem_pestat] mean and std.dev: (260.25, 94.95)
[M::mem_pestat] low and high boundaries for proper pairs: (1, 708)
[M::mem_pestat] analyzing insert size distribution for orientation RF...
[M::mem_pestat] (25, 50, 75) percentile: (129, 253, 2194)
[M::mem_pestat] low and high boundaries for computing mean and std.dev: (1, 6324)
[M::mem_pestat] mean and std.dev: (850.01, 1308.11)
[M::mem_pestat] low and high boundaries for proper pairs: (1, 8389)
[M::mem_pestat] skip orientation RR as there are not enough pairs
[M::mem_pestat] skip orientation FF
[M::mem_pestat] skip orientation RF
[M::mem_process_seqs] Processed 2805732 reads in 3205.510 CPU sec, 80.394 real sec
[M::process] read 2800036 sequences (400000246 bp)...
[M::mem_pestat] # candidate unique pairs for (FF, FR, RF, RR): (11, 776653, 75, 12)
[M::mem_pestat] analyzing insert size distribution for orientation FF...
[M::mem_pestat] (25, 50, 75) percentile: (570, 570, 7735)
[M::mem_pestat] low and high boundaries for computing mean and std.dev: (1, 22065)
[M::mem_pestat] mean and std.dev: (2987.45, 3542.24)
[M::mem_pestat] low and high boundaries for proper pairs: (1, 29230)
[M::mem_pestat] analyzing insert size distribution for orientation FR...
[M::mem_pestat] (25, 50, 75) percentile: (189, 247, 318)
[M::mem_pestat] low and high boundaries for computing mean and std.dev: (1, 576)
[M::mem_pestat] mean and std.dev: (257.77, 95.23)
[M::mem_pestat] low and high boundaries for proper pairs: (1, 705)
[M::mem_pestat] analyzing insert size distribution for orientation RF...
[M::mem_pestat] (25, 50, 75) percentile: (185, 910, 2872)
[M::mem_pestat] low and high boundaries for computing mean and std.dev: (1, 8246)
[M::mem_pestat] mean and std.dev: (1386.38, 1903.06)
[M::mem_pestat] low and high boundaries for proper pairs: (1, 10933)
[M::mem_pestat] analyzing insert size distribution for orientation RR...
[M::mem_pestat] (25, 50, 75) percentile: (403, 1040, 1925)
[M::mem_pestat] low and high boundaries for computing mean and std.dev: (1, 4969)
[M::mem_pestat] mean and std.dev: (1209.08, 1246.33)
[M::mem_pestat] low and high boundaries for proper pairs: (1, 6491)
[M::mem_pestat] skip orientation FF
[M::mem_pestat] skip orientation RF
[M::mem_pestat] skip orientation RR
[M::mem_process_seqs] Processed 2803436 reads in 3171.847 CPU sec, 79.556 real sec
[M::process] read 2828794 sequences (400000237 bp)...
[M::mem_pestat] # candidate unique pairs for (FF, FR, RF, RR): (3, 777143, 93, 12)
[M::mem_pestat] skip orientation FF as there are not enough pairs
[M::mem_pestat] analyzing insert size distribution for orientation FR...
[M::mem_pestat] (25, 50, 75) percentile: (192, 251, 322)
[M::mem_pestat] low and high boundaries for computing mean and std.dev: (1, 582)
[M::mem_pestat] mean and std.dev: (260.84, 95.26)
[M::mem_pestat] low and high boundaries for proper pairs: (1, 712)
[M::mem_pestat] analyzing insert size distribution for orientation RF...
[M::mem_pestat] (25, 50, 75) percentile: (130, 291, 1559)
[M::mem_pestat] low and high boundaries for computing mean and std.dev: (1, 4417)
[M::mem_pestat] mean and std.dev: (831.56, 1110.13)
[M::mem_pestat] low and high boundaries for proper pairs: (1, 5846)
[M::mem_pestat] analyzing insert size distribution for orientation RR...
[M::mem_pestat] (25, 50, 75) percentile: (1270, 3741, 4329)
[M::mem_pestat] low and high boundaries for computing mean and std.dev: (1, 10447)
[M::mem_pestat] mean and std.dev: (3470.00, 2599.30)
[M::mem_pestat] low and high boundaries for proper pairs: (1, 13867)
[M::mem_pestat] skip orientation RF
[M::mem_pestat] skip orientation RR
[M::mem_process_seqs] Processed 2800036 reads in 3210.877 CPU sec, 80.536 real sec
[M::process] read 2830382 sequences (400000006 bp)...
[M::mem_pestat] # candidate unique pairs for (FF, FR, RF, RR): (13, 775848, 93, 9)
[M::mem_pestat] analyzing insert size distribution for orientation FF...
[M::mem_pestat] (25, 50, 75) percentile: (255, 703, 2261)
[M::mem_pestat] low and high boundaries for computing mean and std.dev: (1, 6273)
[M::mem_pestat] mean and std.dev: (1114.25, 1128.24)
[M::mem_pestat] low and high boundaries for proper pairs: (1, 8279)
[M::mem_pestat] analyzing insert size distribution for orientation FR...
[M::mem_pestat] (25, 50, 75) percentile: (189, 248, 320)
[M::mem_pestat] low and high boundaries for computing mean and std.dev: (1, 582)
[M::mem_pestat] mean and std.dev: (259.29, 96.07)
[M::mem_pestat] low and high boundaries for proper pairs: (1, 713)
[M::mem_pestat] analyzing insert size distribution for orientation RF...
[M::mem_pestat] (25, 50, 75) percentile: (218, 1043, 2383)
[M::mem_pestat] low and high boundaries for computing mean and std.dev: (1, 6713)
[M::mem_pestat] mean and std.dev: (1343.09, 1480.76)
[M::mem_pestat] low and high boundaries for proper pairs: (1, 8878)
[M::mem_pestat] skip orientation RR as there are not enough pairs
[M::mem_pestat] skip orientation FF
[M::mem_pestat] skip orientation RF
[M::mem_process_seqs] Processed 2828794 reads in 3235.983 CPU sec, 81.349 real sec
[M::process] read 2829572 sequences (400000088 bp)...
[M::mem_pestat] # candidate unique pairs for (FF, FR, RF, RR): (13, 777735, 90, 14)
[M::mem_pestat] analyzing insert size distribution for orientation FF...
[M::mem_pestat] (25, 50, 75) percentile: (238, 3076, 4542)
[M::mem_pestat] low and high boundaries for computing mean and std.dev: (1, 13150)
[M::mem_pestat] mean and std.dev: (2904.08, 2546.73)
[M::mem_pestat] low and high boundaries for proper pairs: (1, 17454)
[M::mem_pestat] analyzing insert size distribution for orientation FR...
[M::mem_pestat] (25, 50, 75) percentile: (190, 249, 321)
[M::mem_pestat] low and high boundaries for computing mean and std.dev: (1, 583)
[M::mem_pestat] mean and std.dev: (259.96, 96.23)
[M::mem_pestat] low and high boundaries for proper pairs: (1, 714)
[M::mem_pestat] analyzing insert size distribution for orientation RF...
[M::mem_pestat] (25, 50, 75) percentile: (201, 466, 1342)
[M::mem_pestat] low and high boundaries for computing mean and std.dev: (1, 3624)
[M::mem_pestat] mean and std.dev: (650.84, 717.37)
[M::mem_pestat] low and high boundaries for proper pairs: (1, 4765)
[M::mem_pestat] analyzing insert size distribution for orientation RR...
[M::mem_pestat] (25, 50, 75) percentile: (330, 1902, 8228)
[M::mem_pestat] low and high boundaries for computing mean and std.dev: (1, 24024)
[M::mem_pestat] mean and std.dev: (3549.00, 3703.92)
[M::mem_pestat] low and high boundaries for proper pairs: (1, 31922)
[M::mem_pestat] skip orientation FF
[M::mem_pestat] skip orientation RF
[M::mem_pestat] skip orientation RR
[M::mem_process_seqs] Processed 2830382 reads in 3236.410 CPU sec, 80.942 real sec
[M::process] read 2825496 sequences (400000054 bp)...
[M::mem_pestat] # candidate unique pairs for (FF, FR, RF, RR): (13, 777874, 88, 15)
[M::mem_pestat] analyzing insert size distribution for orientation FF...
[M::mem_pestat] (25, 50, 75) percentile: (268, 1406, 3739)
[M::mem_pestat] low and high boundaries for computing mean and std.dev: (1, 10681)
[M::mem_pestat] mean and std.dev: (1580.69, 1425.52)
[M::mem_pestat] low and high boundaries for proper pairs: (1, 14152)
[M::mem_pestat] analyzing insert size distribution for orientation FR...
[M::mem_pestat] (25, 50, 75) percentile: (189, 248, 320)
[M::mem_pestat] low and high boundaries for computing mean and std.dev: (1, 582)
[M::mem_pestat] mean and std.dev: (259.33, 95.97)
[M::mem_pestat] low and high boundaries for proper pairs: (1, 713)
[M::mem_pestat] analyzing insert size distribution for orientation RF...
[M::mem_pestat] (25, 50, 75) percentile: (225, 911, 2865)
[M::mem_pestat] low and high boundaries for computing mean and std.dev: (1, 8145)
[M::mem_pestat] mean and std.dev: (1618.38, 1891.06)
[M::mem_pestat] low and high boundaries for proper pairs: (1, 10785)
[M::mem_pestat] analyzing insert size distribution for orientation RR...
[M::mem_pestat] (25, 50, 75) percentile: (505, 1140, 3791)
[M::mem_pestat] low and high boundaries for computing mean and std.dev: (1, 10363)
[M::mem_pestat] mean and std.dev: (3003.53, 3478.45)
[M::mem_pestat] low and high boundaries for proper pairs: (1, 16917)
[M::mem_pestat] skip orientation FF
[M::mem_pestat] skip orientation RF
[M::mem_pestat] skip orientation RR
[M::mem_process_seqs] Processed 2829572 reads in 3228.008 CPU sec, 80.955 real sec
[M::process] read 2830516 sequences (400000209 bp)...
[M::mem_pestat] # candidate unique pairs for (FF, FR, RF, RR): (11, 776706, 83, 7)
[M::mem_pestat] analyzing insert size distribution for orientation FF...
[M::mem_pestat] (25, 50, 75) percentile: (279, 433, 3164)
[M::mem_pestat] low and high boundaries for computing mean and std.dev: (1, 8934)
[M::mem_pestat] mean and std.dev: (1364.73, 1446.43)
[M::mem_pestat] low and high boundaries for proper pairs: (1, 11819)
[M::mem_pestat] analyzing insert size distribution for orientation FR...
[M::mem_pestat] (25, 50, 75) percentile: (190, 249, 322)
[M::mem_pestat] low and high boundaries for computing mean and std.dev: (1, 586)
[M::mem_pestat] mean and std.dev: (260.44, 96.57)
[M::mem_pestat] low and high boundaries for proper pairs: (1, 718)
[M::mem_pestat] analyzing insert size distribution for orientation RF...
[M::mem_pestat] (25, 50, 75) percentile: (173, 635, 3538)
[M::mem_pestat] low and high boundaries for computing mean and std.dev: (1, 10268)
[M::mem_pestat] mean and std.dev: (1992.43, 2453.15)
[M::mem_pestat] low and high boundaries for proper pairs: (1, 13633)
[M::mem_pestat] skip orientation RR as there are not enough pairs
[M::mem_pestat] skip orientation FF
[M::mem_pestat] skip orientation RF
[M::mem_process_seqs] Processed 2825496 reads in 3205.103 CPU sec, 80.563 real sec
[M::process] read 2824404 sequences (400000198 bp)...
[M::mem_pestat] # candidate unique pairs for (FF, FR, RF, RR): (16, 776680, 88, 16)
[M::mem_pestat] analyzing insert size distribution for orientation FF...
[M::mem_pestat] (25, 50, 75) percentile: (195, 432, 9175)
[M::mem_pestat] low and high boundaries for computing mean and std.dev: (1, 27135)
[M::mem_pestat] mean and std.dev: (3118.06, 3872.32)
[M::mem_pestat] low and high boundaries for proper pairs: (1, 36115)
[M::mem_pestat] analyzing insert size distribution for orientation FR...
[M::mem_pestat] (25, 50, 75) percentile: (190, 250, 322)
[M::mem_pestat] low and high boundaries for computing mean and std.dev: (1, 586)
[M::mem_pestat] mean and std.dev: (260.59, 96.65)
[M::mem_pestat] low and high boundaries for proper pairs: (1, 718)
[M::mem_pestat] analyzing insert size distribution for orientation RF...
[M::mem_pestat] (25, 50, 75) percentile: (222, 919, 2742)
[M::mem_pestat] low and high boundaries for computing mean and std.dev: (1, 7782)
[M::mem_pestat] mean and std.dev: (1685.92, 2001.73)
[M::mem_pestat] low and high boundaries for proper pairs: (1, 10302)
[M::mem_pestat] analyzing insert size distribution for orientation RR...
[M::mem_pestat] (25, 50, 75) percentile: (1008, 3694, 8731)
[M::mem_pestat] low and high boundaries for computing mean and std.dev: (1, 24177)
[M::mem_pestat] mean and std.dev: (3866.69, 3509.33)
[M::mem_pestat] low and high boundaries for proper pairs: (1, 31900)
[M::mem_pestat] skip orientation FF
[M::mem_pestat] skip orientation RF
[M::mem_pestat] skip orientation RR
[M::mem_process_seqs] Processed 2830516 reads in 3226.313 CPU sec, 80.902 real sec
[M::process] read 2811094 sequences (400000191 bp)...
[M::mem_pestat] # candidate unique pairs for (FF, FR, RF, RR): (13, 778031, 87, 13)
[M::mem_pestat] analyzing insert size distribution for orientation FF...
[M::mem_pestat] (25, 50, 75) percentile: (1308, 2625, 4004)
[M::mem_pestat] low and high boundaries for computing mean and std.dev: (1, 9396)
[M::mem_pestat] mean and std.dev: (2501.75, 1639.11)
[M::mem_pestat] low and high boundaries for proper pairs: (1, 12092)
[M::mem_pestat] analyzing insert size distribution for orientation FR...
[M::mem_pestat] (25, 50, 75) percentile: (190, 249, 322)
[M::mem_pestat] low and high boundaries for computing mean and std.dev: (1, 586)
[M::mem_pestat] mean and std.dev: (260.47, 96.63)
[M::mem_pestat] low and high boundaries for proper pairs: (1, 718)
[M::mem_pestat] analyzing insert size distribution for orientation RF...
[M::mem_pestat] (25, 50, 75) percentile: (223, 798, 2512)
[M::mem_pestat] low and high boundaries for computing mean and std.dev: (1, 7090)
[M::mem_pestat] mean and std.dev: (1450.66, 1605.33)
[M::mem_pestat] low and high boundaries for proper pairs: (1, 9379)
[M::mem_pestat] analyzing insert size distribution for orientation RR...
[M::mem_pestat] (25, 50, 75) percentile: (208, 208, 2458)
[M::mem_pestat] low and high boundaries for computing mean and std.dev: (1, 6958)
[M::mem_pestat] mean and std.dev: (1036.46, 1322.25)
[M::mem_pestat] low and high boundaries for proper pairs: (1, 9208)
[M::mem_pestat] skip orientation FF
[M::mem_pestat] skip orientation RF
[M::mem_pestat] skip orientation RR
[M::mem_process_seqs] Processed 2824404 reads in 3243.145 CPU sec, 81.206 real sec
[M::process] read 2816564 sequences (400000245 bp)...
[M::mem_pestat] # candidate unique pairs for (FF, FR, RF, RR): (9, 777804, 75, 13)
[M::mem_pestat] skip orientation FF as there are not enough pairs
[M::mem_pestat] analyzing insert size distribution for orientation FR...
[M::mem_pestat] (25, 50, 75) percentile: (190, 250, 322)
[M::mem_pestat] low and high boundaries for computing mean and std.dev: (1, 586)
[M::mem_pestat] mean and std.dev: (260.98, 96.86)
[M::mem_pestat] low and high boundaries for proper pairs: (1, 718)
[M::mem_pestat] analyzing insert size distribution for orientation RF...
[M::mem_pestat] (25, 50, 75) percentile: (140, 653, 1536)
[M::mem_pestat] low and high boundaries for computing mean and std.dev: (1, 4328)
[M::mem_pestat] mean and std.dev: (936.43, 1152.26)
[M::mem_pestat] low and high boundaries for proper pairs: (1, 5724)
[M::mem_pestat] analyzing insert size distribution for orientation RR...
[M::mem_pestat] (25, 50, 75) percentile: (224, 541, 4978)
[M::mem_pestat] low and high boundaries for computing mean and std.dev: (1, 14486)
[M::mem_pestat] mean and std.dev: (1730.31, 1998.13)
[M::mem_pestat] low and high boundaries for proper pairs: (1, 19240)
[M::mem_pestat] skip orientation RF
[M::mem_pestat] skip orientation RR
[M::mem_process_seqs] Processed 2811094 reads in 3219.328 CPU sec, 80.933 real sec
[M::process] read 2811972 sequences (400000095 bp)...
[M::mem_pestat] # candidate unique pairs for (FF, FR, RF, RR): (8, 778726, 89, 18)
[M::mem_pestat] skip orientation FF as there are not enough pairs
[M::mem_pestat] analyzing insert size distribution for orientation FR...
[M::mem_pestat] (25, 50, 75) percentile: (186, 243, 311)
[M::mem_pestat] low and high boundaries for computing mean and std.dev: (1, 561)
[M::mem_pestat] mean and std.dev: (252.95, 92.60)
[M::mem_pestat] low and high boundaries for proper pairs: (1, 686)
[M::mem_pestat] analyzing insert size distribution for orientation RF...
[M::mem_pestat] (25, 50, 75) percentile: (208, 553, 1640)
[M::mem_pestat] low and high boundaries for computing mean and std.dev: (1, 4504)
[M::mem_pestat] mean and std.dev: (869.37, 1000.00)
[M::mem_pestat] low and high boundaries for proper pairs: (1, 5936)
[M::mem_pestat] analyzing insert size distribution for orientation RR...
[M::mem_pestat] (25, 50, 75) percentile: (242, 1169, 3185)
[M::mem_pestat] low and high boundaries for computing mean and std.dev: (1, 9071)
[M::mem_pestat] mean and std.dev: (1759.50, 1767.09)
[M::mem_pestat] low and high boundaries for proper pairs: (1, 12014)
[M::mem_pestat] skip orientation RF
[M::mem_pestat] skip orientation RR
[M::mem_process_seqs] Processed 2816564 reads in 3217.242 CPU sec, 80.473 real sec
[M::process] read 2825078 sequences (400000255 bp)...
[M::mem_pestat] # candidate unique pairs for (FF, FR, RF, RR): (3, 777420, 81, 16)
[M::mem_pestat] skip orientation FF as there are not enough pairs
[M::mem_pestat] analyzing insert size distribution for orientation FR...
[M::mem_pestat] (25, 50, 75) percentile: (187, 243, 310)
[M::mem_pestat] low and high boundaries for computing mean and std.dev: (1, 556)
[M::mem_pestat] mean and std.dev: (252.52, 91.43)
[M::mem_pestat] low and high boundaries for proper pairs: (1, 679)
[M::mem_pestat] analyzing insert size distribution for orientation RF...
[M::mem_pestat] (25, 50, 75) percentile: (125, 382, 2339)
[M::mem_pestat] low and high boundaries for computing mean and std.dev: (1, 6767)
[M::mem_pestat] mean and std.dev: (983.59, 1317.48)
[M::mem_pestat] low and high boundaries for proper pairs: (1, 8981)
[M::mem_pestat] analyzing insert size distribution for orientation RR...
[M::mem_pestat] (25, 50, 75) percentile: (235, 258, 1749)
[M::mem_pestat] low and high boundaries for computing mean and std.dev: (1, 4777)
[M::mem_pestat] mean and std.dev: (961.62, 1017.16)
[M::mem_pestat] low and high boundaries for proper pairs: (1, 6291)
[M::mem_pestat] skip orientation RF
[M::mem_pestat] skip orientation RR
[M::mem_process_seqs] Processed 2811972 reads in 3215.636 CPU sec, 80.839 real sec
[M::process] read 2835454 sequences (400000177 bp)...
[M::mem_pestat] # candidate unique pairs for (FF, FR, RF, RR): (10, 779162, 70, 8)
[M::mem_pestat] analyzing insert size distribution for orientation FF...
[M::mem_pestat] (25, 50, 75) percentile: (60, 3579, 3877)
[M::mem_pestat] low and high boundaries for computing mean and std.dev: (1, 11511)
[M::mem_pestat] mean and std.dev: (3093.70, 2638.28)
[M::mem_pestat] low and high boundaries for proper pairs: (1, 15328)
[M::mem_pestat] analyzing insert size distribution for orientation FR...
[M::mem_pestat] (25, 50, 75) percentile: (185, 241, 309)
[M::mem_pestat] low and high boundaries for computing mean and std.dev: (1, 557)
[M::mem_pestat] mean and std.dev: (251.39, 91.65)
[M::mem_pestat] low and high boundaries for proper pairs: (1, 681)
[M::mem_pestat] analyzing insert size distribution for orientation RF...
[M::mem_pestat] (25, 50, 75) percentile: (139, 802, 1681)
[M::mem_pestat] low and high boundaries for computing mean and std.dev: (1, 4765)
[M::mem_pestat] mean and std.dev: (825.22, 963.50)
[M::mem_pestat] low and high boundaries for proper pairs: (1, 6307)
[M::mem_pestat] skip orientation RR as there are not enough pairs
[M::mem_pestat] skip orientation FF
[M::mem_pestat] skip orientation RF
[M::mem_process_seqs] Processed 2825078 reads in 3227.949 CPU sec, 80.729 real sec
[M::process] read 2301456 sequences (325348722 bp)...
[M::mem_pestat] # candidate unique pairs for (FF, FR, RF, RR): (9, 778619, 75, 13)
[M::mem_pestat] skip orientation FF as there are not enough pairs
[M::mem_pestat] analyzing insert size distribution for orientation FR...
[M::mem_pestat] (25, 50, 75) percentile: (184, 240, 308)
[M::mem_pestat] low and high boundaries for computing mean and std.dev: (1, 556)
[M::mem_pestat] mean and std.dev: (250.04, 91.41)
[M::mem_pestat] low and high boundaries for proper pairs: (1, 680)
[M::mem_pestat] analyzing insert size distribution for orientation RF...
[M::mem_pestat] (25, 50, 75) percentile: (126, 320, 1230)
[M::mem_pestat] low and high boundaries for computing mean and std.dev: (1, 3438)
[M::mem_pestat] mean and std.dev: (589.46, 745.81)
[M::mem_pestat] low and high boundaries for proper pairs: (1, 4542)
[M::mem_pestat] analyzing insert size distribution for orientation RR...
[M::mem_pestat] (25, 50, 75) percentile: (133, 305, 2362)
[M::mem_pestat] low and high boundaries for computing mean and std.dev: (1, 6820)
[M::mem_pestat] mean and std.dev: (1059.62, 1416.27)
[M::mem_pestat] low and high boundaries for proper pairs: (1, 9049)
[M::mem_pestat] skip orientation RF
[M::mem_pestat] skip orientation RR
[M::mem_process_seqs] Processed 2835454 reads in 3235.972 CPU sec, 81.179 real sec
[M::mem_pestat] # candidate unique pairs for (FF, FR, RF, RR): (8, 633507, 88, 8)
[M::mem_pestat] skip orientation FF as there are not enough pairs
[M::mem_pestat] analyzing insert size distribution for orientation FR...
[M::mem_pestat] (25, 50, 75) percentile: (185, 241, 309)
[M::mem_pestat] low and high boundaries for computing mean and std.dev: (1, 557)
[M::mem_pestat] mean and std.dev: (251.04, 91.80)
[M::mem_pestat] low and high boundaries for proper pairs: (1, 681)
[M::mem_pestat] analyzing insert size distribution for orientation RF...
[M::mem_pestat] (25, 50, 75) percentile: (201, 857, 3065)
[M::mem_pestat] low and high boundaries for computing mean and std.dev: (1, 8793)
[M::mem_pestat] mean and std.dev: (1798.28, 2234.73)
[M::mem_pestat] low and high boundaries for proper pairs: (1, 11657)
[M::mem_pestat] skip orientation RR as there are not enough pairs
[M::mem_pestat] skip orientation RF
[M::mem_process_seqs] Processed 2301456 reads in 2664.046 CPU sec, 66.966 real sec
[main] Version: 0.7.17-r1188
[main] CMD: /home/shared/bwa-0.7.17/bwa mem -M -t 40 ../data/bwa-GCF_031168955.1_ASM3116895v1_genomic ../data/trimmed-fastqs-heatwave-genetics/MHW429_trimmed_clipped_R1_paired.fq.gz ../data/trimmed-fastqs-heatwave-genetics/MHW429_trimmed_clipped_R2_paired.fq.gz
[main] Real time: 2770.592 sec; CPU: 109057.184 sec
