[2024-06-10 12:10:53,948] multiqc                                            [DEBUG  ]  This is MultiQC v1.14
[2024-06-10 12:10:53,948] multiqc                                            [DEBUG  ]  Command used: /home/sam/programs/mambaforge/bin/multiqc /home/shared/8TB_HDD_02/shedurkin/project-cod-temperature/output/05-cod-RNAseq-trimming/trimmed-fastqc -o /home/shared/8TB_HDD_02/shedurkin/project-cod-temperature/output/05-cod-RNAseq-trimming/trimmed-fastqc
[2024-06-10 12:10:54,879] multiqc                                            [WARNING]  MultiQC Version v1.22.2 now available!
[2024-06-10 12:10:54,879] multiqc                                            [DEBUG  ]  Working dir : /home/shared/8TB_HDD_02/shedurkin/project-cod-temperature/code
[2024-06-10 12:10:54,879] multiqc                                            [DEBUG  ]  Template    : default
[2024-06-10 12:10:54,879] multiqc                                            [DEBUG  ]  Running Python 3.10.10 | packaged by conda-forge | (main, Mar 24 2023, 20:08:06) [GCC 11.3.0]
[2024-06-10 12:10:54,880] multiqc                                            [DEBUG  ]  Analysing modules: custom_content, ccs, ngsderive, purple, conpair, lima, peddy, somalier, methylQA, mosdepth, phantompeakqualtools, qualimap, preseq, hifiasm, quast, qorts, rna_seqc, rockhopper, rsem, rseqc, busco, bustools, goleft_indexcov, gffcompare, disambiguate, supernova, deeptools, sargasso, verifybamid, mirtrace, happy, mirtop, sambamba, gopeaks, homer, hops, macs2, theta2, snpeff, gatk, htseq, bcftools, featureCounts, fgbio, dragen, dragen_fastqc, dedup, pbmarkdup, damageprofiler, biobambam2, jcvi, mtnucratio, picard, vep, sentieon, prokka, qc3C, nanostat, samblaster, samtools, sexdeterrmine, eigenstratdatabasetools, bamtools, jellyfish, vcftools, longranger, stacks, varscan2, snippy, umitools, bbmap, bismark, biscuit, diamond, hicexplorer, hicup, hicpro, salmon, kallisto, slamdunk, star, hisat2, tophat, bowtie2, bowtie1, cellranger, snpsplit, odgi, pangolin, nextclade, humid, kat, leehom, adapterRemoval, bbduk, clipandmerge, cutadapt, flexbar, kaiju, kraken, malt, motus, trimmomatic, sickle, skewer, sortmerna, biobloomtools, fastq_screen, afterqc, fastp, fastqc, filtlong, prinseqplusplus, pychopper, porechop, pycoqc, minionqc, anglerfish, multivcfanalyzer, clusterflow, checkqc, bcl2fastq, bclconvert, interop, ivar, flash, seqyclean, optitype, whatshap
[2024-06-10 12:10:54,880] multiqc                                            [DEBUG  ]  Using temporary directory for creating report: /tmp/tmpatpeoi7c
[2024-06-10 12:10:55,377] multiqc                                            [INFO   ]  Search path : /home/shared/8TB_HDD_02/shedurkin/project-cod-temperature/output/05-cod-RNAseq-trimming/trimmed-fastqc
[2024-06-10 12:11:01,318] multiqc                                            [DEBUG  ]  Summary of files that were skipped by the search: [skipped_module_specific_max_filesize: 1773] // [skipped_no_match: 161] // [skipped_directory_fn_ignore_dirs: 1]
[2024-06-10 12:11:02,451] multiqc.plots.bargraph                             [DEBUG  ]  Using matplotlib version 3.7.1
[2024-06-10 12:11:02,457] multiqc.plots.linegraph                            [DEBUG  ]  Using matplotlib version 3.7.1
[2024-06-10 12:11:02,457] multiqc                                            [DEBUG  ]  No samples found: custom_content
[2024-06-10 12:11:15,698] multiqc.modules.fastqc.fastqc                      [INFO   ]  Found 160 reports
[2024-06-10 12:11:26,877] multiqc                                            [INFO   ]  Compressing plot data
[2024-06-10 12:11:26,922] multiqc                                            [WARNING]  Previous MultiQC output found! Adjusting filenames..
[2024-06-10 12:11:26,922] multiqc                                            [WARNING]  Use -f or --force to overwrite existing reports instead
[2024-06-10 12:11:26,923] multiqc                                            [INFO   ]  Report      : ../output/05-cod-RNAseq-trimming/trimmed-fastqc/multiqc_report_1.html
[2024-06-10 12:11:26,923] multiqc                                            [INFO   ]  Data        : ../output/05-cod-RNAseq-trimming/trimmed-fastqc/multiqc_data_1
[2024-06-10 12:11:26,923] multiqc                                            [DEBUG  ]  Moving data file from '/tmp/tmpatpeoi7c/multiqc_data' to '/home/shared/8TB_HDD_02/shedurkin/project-cod-temperature/output/05-cod-RNAseq-trimming/trimmed-fastqc/multiqc_data_1'
[2024-06-10 12:11:27,093] multiqc                                            [INFO   ]  MultiQC complete
[2024-06-10 12:11:27,093] multiqc                                            [WARNING]  9 flat-image plots used in the report due to large sample numbers
