[2024-06-06 14:16:43,687] multiqc                                            [DEBUG  ]  This is MultiQC v1.14
[2024-06-06 14:16:43,688] multiqc                                            [DEBUG  ]  Command used: /home/sam/programs/mambaforge/bin/multiqc /home/shared/8TB_HDD_02/shedurkin/project-cod-temperature/output/05-cod-RNAseq-trimming/raw-fastqc -o /home/shared/8TB_HDD_02/shedurkin/project-cod-temperature/output/05-cod-RNAseq-trimming/raw-fastqc
[2024-06-06 14:16:44,736] multiqc                                            [WARNING]  MultiQC Version v1.22.2 now available!
[2024-06-06 14:16:44,737] multiqc                                            [DEBUG  ]  Working dir : /home/shared/8TB_HDD_02/shedurkin/project-cod-temperature/code
[2024-06-06 14:16:44,737] multiqc                                            [DEBUG  ]  Template    : default
[2024-06-06 14:16:44,737] multiqc                                            [DEBUG  ]  Running Python 3.10.10 | packaged by conda-forge | (main, Mar 24 2023, 20:08:06) [GCC 11.3.0]
[2024-06-06 14:16:44,738] multiqc                                            [DEBUG  ]  Analysing modules: custom_content, ccs, ngsderive, purple, conpair, lima, peddy, somalier, methylQA, mosdepth, phantompeakqualtools, qualimap, preseq, hifiasm, quast, qorts, rna_seqc, rockhopper, rsem, rseqc, busco, bustools, goleft_indexcov, gffcompare, disambiguate, supernova, deeptools, sargasso, verifybamid, mirtrace, happy, mirtop, sambamba, gopeaks, homer, hops, macs2, theta2, snpeff, gatk, htseq, bcftools, featureCounts, fgbio, dragen, dragen_fastqc, dedup, pbmarkdup, damageprofiler, biobambam2, jcvi, mtnucratio, picard, vep, sentieon, prokka, qc3C, nanostat, samblaster, samtools, sexdeterrmine, eigenstratdatabasetools, bamtools, jellyfish, vcftools, longranger, stacks, varscan2, snippy, umitools, bbmap, bismark, biscuit, diamond, hicexplorer, hicup, hicpro, salmon, kallisto, slamdunk, star, hisat2, tophat, bowtie2, bowtie1, cellranger, snpsplit, odgi, pangolin, nextclade, humid, kat, leehom, adapterRemoval, bbduk, clipandmerge, cutadapt, flexbar, kaiju, kraken, malt, motus, trimmomatic, sickle, skewer, sortmerna, biobloomtools, fastq_screen, afterqc, fastp, fastqc, filtlong, prinseqplusplus, pychopper, porechop, pycoqc, minionqc, anglerfish, multivcfanalyzer, clusterflow, checkqc, bcl2fastq, bclconvert, interop, ivar, flash, seqyclean, optitype, whatshap
[2024-06-06 14:16:44,738] multiqc                                            [DEBUG  ]  Using temporary directory for creating report: /tmp/tmpuk6a7nzw
[2024-06-06 14:16:45,250] multiqc                                            [INFO   ]  Search path : /home/shared/8TB_HDD_02/shedurkin/project-cod-temperature/output/05-cod-RNAseq-trimming/raw-fastqc
[2024-06-06 14:16:51,312] multiqc                                            [DEBUG  ]  Summary of files that were skipped by the search: [skipped_module_specific_max_filesize: 1846] // [skipped_no_match: 176] // [skipped_ignore_pattern: 2] // [skipped_directory_fn_ignore_dirs: 1]
[2024-06-06 14:16:52,277] multiqc.plots.bargraph                             [DEBUG  ]  Using matplotlib version 3.7.1
[2024-06-06 14:16:52,277] multiqc.plots.linegraph                            [DEBUG  ]  Using matplotlib version 3.7.1
[2024-06-06 14:16:52,278] multiqc                                            [DEBUG  ]  No samples found: custom_content
[2024-06-06 14:16:52,292] multiqc                                            [DEBUG  ]  No samples found: snippy
[2024-06-06 14:17:06,878] multiqc.modules.fastqc.fastqc                      [INFO   ]  Found 160 reports
[2024-06-06 14:17:17,649] multiqc                                            [INFO   ]  Compressing plot data
[2024-06-06 14:17:17,693] multiqc                                            [WARNING]  Previous MultiQC output found! Adjusting filenames..
[2024-06-06 14:17:17,693] multiqc                                            [WARNING]  Use -f or --force to overwrite existing reports instead
[2024-06-06 14:17:17,693] multiqc                                            [INFO   ]  Report      : ../output/05-cod-RNAseq-trimming/raw-fastqc/multiqc_report_2.html
[2024-06-06 14:17:17,693] multiqc                                            [INFO   ]  Data        : ../output/05-cod-RNAseq-trimming/raw-fastqc/multiqc_data_2
[2024-06-06 14:17:17,693] multiqc                                            [DEBUG  ]  Moving data file from '/tmp/tmpuk6a7nzw/multiqc_data' to '/home/shared/8TB_HDD_02/shedurkin/project-cod-temperature/output/05-cod-RNAseq-trimming/raw-fastqc/multiqc_data_2'
[2024-06-06 14:17:17,821] multiqc                                            [INFO   ]  MultiQC complete
[2024-06-06 14:17:17,821] multiqc                                            [WARNING]  8 flat-image plots used in the report due to large sample numbers
