17598635 reads; of these:
  17598635 (100.00%) were paired; of these:
    3126953 (17.77%) aligned concordantly 0 times
    13926011 (79.13%) aligned concordantly exactly 1 time
    545671 (3.10%) aligned concordantly >1 times
    ----
    3126953 pairs aligned concordantly 0 times; of these:
      147074 (4.70%) aligned discordantly 1 time
    ----
    2979879 pairs aligned 0 times concordantly or discordantly; of these:
      5959758 mates make up the pairs; of these:
        4388056 (73.63%) aligned 0 times
        1447080 (24.28%) aligned exactly 1 time
        124622 (2.09%) aligned >1 times
87.53% overall alignment rate
16644121 reads; of these:
  16644121 (100.00%) were paired; of these:
    3058018 (18.37%) aligned concordantly 0 times
    13054118 (78.43%) aligned concordantly exactly 1 time
    531985 (3.20%) aligned concordantly >1 times
    ----
    3058018 pairs aligned concordantly 0 times; of these:
      125811 (4.11%) aligned discordantly 1 time
    ----
    2932207 pairs aligned 0 times concordantly or discordantly; of these:
      5864414 mates make up the pairs; of these:
        4554913 (77.67%) aligned 0 times
        1206345 (20.57%) aligned exactly 1 time
        103156 (1.76%) aligned >1 times
86.32% overall alignment rate
21854953 reads; of these:
  21854953 (100.00%) were paired; of these:
    5363045 (24.54%) aligned concordantly 0 times
    15909283 (72.79%) aligned concordantly exactly 1 time
    582625 (2.67%) aligned concordantly >1 times
    ----
    5363045 pairs aligned concordantly 0 times; of these:
      198207 (3.70%) aligned discordantly 1 time
    ----
    5164838 pairs aligned 0 times concordantly or discordantly; of these:
      10329676 mates make up the pairs; of these:
        8145024 (78.85%) aligned 0 times
        1987165 (19.24%) aligned exactly 1 time
        197487 (1.91%) aligned >1 times
81.37% overall alignment rate
21549314 reads; of these:
  21549314 (100.00%) were paired; of these:
    4058533 (18.83%) aligned concordantly 0 times
    16791490 (77.92%) aligned concordantly exactly 1 time
    699291 (3.25%) aligned concordantly >1 times
    ----
    4058533 pairs aligned concordantly 0 times; of these:
      170604 (4.20%) aligned discordantly 1 time
    ----
    3887929 pairs aligned 0 times concordantly or discordantly; of these:
      7775858 mates make up the pairs; of these:
        5864451 (75.42%) aligned 0 times
        1763965 (22.69%) aligned exactly 1 time
        147442 (1.90%) aligned >1 times
86.39% overall alignment rate
19339200 reads; of these:
  19339200 (100.00%) were paired; of these:
    4376447 (22.63%) aligned concordantly 0 times
    14446162 (74.70%) aligned concordantly exactly 1 time
    516591 (2.67%) aligned concordantly >1 times
    ----
    4376447 pairs aligned concordantly 0 times; of these:
      168877 (3.86%) aligned discordantly 1 time
    ----
    4207570 pairs aligned 0 times concordantly or discordantly; of these:
      8415140 mates make up the pairs; of these:
        6367861 (75.67%) aligned 0 times
        1874494 (22.28%) aligned exactly 1 time
        172785 (2.05%) aligned >1 times
83.54% overall alignment rate
20895303 reads; of these:
  20895303 (100.00%) were paired; of these:
    3644931 (17.44%) aligned concordantly 0 times
    16531265 (79.11%) aligned concordantly exactly 1 time
    719107 (3.44%) aligned concordantly >1 times
    ----
    3644931 pairs aligned concordantly 0 times; of these:
      164780 (4.52%) aligned discordantly 1 time
    ----
    3480151 pairs aligned 0 times concordantly or discordantly; of these:
      6960302 mates make up the pairs; of these:
        5152400 (74.03%) aligned 0 times
        1648587 (23.69%) aligned exactly 1 time
        159315 (2.29%) aligned >1 times
87.67% overall alignment rate
15669846 reads; of these:
  15669846 (100.00%) were paired; of these:
    3000897 (19.15%) aligned concordantly 0 times
    12182886 (77.75%) aligned concordantly exactly 1 time
    486063 (3.10%) aligned concordantly >1 times
    ----
    3000897 pairs aligned concordantly 0 times; of these:
      127879 (4.26%) aligned discordantly 1 time
    ----
    2873018 pairs aligned 0 times concordantly or discordantly; of these:
      5746036 mates make up the pairs; of these:
        4170295 (72.58%) aligned 0 times
        1437644 (25.02%) aligned exactly 1 time
        138097 (2.40%) aligned >1 times
86.69% overall alignment rate
21263712 reads; of these:
  21263712 (100.00%) were paired; of these:
    4107063 (19.31%) aligned concordantly 0 times
    16486254 (77.53%) aligned concordantly exactly 1 time
    670395 (3.15%) aligned concordantly >1 times
    ----
    4107063 pairs aligned concordantly 0 times; of these:
      178448 (4.34%) aligned discordantly 1 time
    ----
    3928615 pairs aligned 0 times concordantly or discordantly; of these:
      7857230 mates make up the pairs; of these:
        5714388 (72.73%) aligned 0 times
        1980965 (25.21%) aligned exactly 1 time
        161877 (2.06%) aligned >1 times
86.56% overall alignment rate
20415019 reads; of these:
  20415019 (100.00%) were paired; of these:
    4359174 (21.35%) aligned concordantly 0 times
    15438819 (75.62%) aligned concordantly exactly 1 time
    617026 (3.02%) aligned concordantly >1 times
    ----
    4359174 pairs aligned concordantly 0 times; of these:
      180541 (4.14%) aligned discordantly 1 time
    ----
    4178633 pairs aligned 0 times concordantly or discordantly; of these:
      8357266 mates make up the pairs; of these:
        6296393 (75.34%) aligned 0 times
        1894552 (22.67%) aligned exactly 1 time
        166321 (1.99%) aligned >1 times
84.58% overall alignment rate
18256141 reads; of these:
  18256141 (100.00%) were paired; of these:
    4610632 (25.26%) aligned concordantly 0 times
    13195903 (72.28%) aligned concordantly exactly 1 time
    449606 (2.46%) aligned concordantly >1 times
    ----
    4610632 pairs aligned concordantly 0 times; of these:
      137297 (2.98%) aligned discordantly 1 time
    ----
    4473335 pairs aligned 0 times concordantly or discordantly; of these:
      8946670 mates make up the pairs; of these:
        6843063 (76.49%) aligned 0 times
        1904460 (21.29%) aligned exactly 1 time
        199147 (2.23%) aligned >1 times
81.26% overall alignment rate
17444256 reads; of these:
  17444256 (100.00%) were paired; of these:
    4047717 (23.20%) aligned concordantly 0 times
    12937294 (74.16%) aligned concordantly exactly 1 time
    459245 (2.63%) aligned concordantly >1 times
    ----
    4047717 pairs aligned concordantly 0 times; of these:
      131689 (3.25%) aligned discordantly 1 time
    ----
    3916028 pairs aligned 0 times concordantly or discordantly; of these:
      7832056 mates make up the pairs; of these:
        5920171 (75.59%) aligned 0 times
        1727880 (22.06%) aligned exactly 1 time
        184005 (2.35%) aligned >1 times
83.03% overall alignment rate
17514105 reads; of these:
  17514105 (100.00%) were paired; of these:
    3285391 (18.76%) aligned concordantly 0 times
    13761268 (78.57%) aligned concordantly exactly 1 time
    467446 (2.67%) aligned concordantly >1 times
    ----
    3285391 pairs aligned concordantly 0 times; of these:
      119507 (3.64%) aligned discordantly 1 time
    ----
    3165884 pairs aligned 0 times concordantly or discordantly; of these:
      6331768 mates make up the pairs; of these:
        4802086 (75.84%) aligned 0 times
        1401488 (22.13%) aligned exactly 1 time
        128194 (2.02%) aligned >1 times
86.29% overall alignment rate
20949758 reads; of these:
  20949758 (100.00%) were paired; of these:
    4379652 (20.91%) aligned concordantly 0 times
    15975459 (76.26%) aligned concordantly exactly 1 time
    594647 (2.84%) aligned concordantly >1 times
    ----
    4379652 pairs aligned concordantly 0 times; of these:
      175366 (4.00%) aligned discordantly 1 time
    ----
    4204286 pairs aligned 0 times concordantly or discordantly; of these:
      8408572 mates make up the pairs; of these:
        6360546 (75.64%) aligned 0 times
        1893088 (22.51%) aligned exactly 1 time
        154938 (1.84%) aligned >1 times
84.82% overall alignment rate
16615989 reads; of these:
  16615989 (100.00%) were paired; of these:
    3906914 (23.51%) aligned concordantly 0 times
    12221660 (73.55%) aligned concordantly exactly 1 time
    487415 (2.93%) aligned concordantly >1 times
    ----
    3906914 pairs aligned concordantly 0 times; of these:
      124725 (3.19%) aligned discordantly 1 time
    ----
    3782189 pairs aligned 0 times concordantly or discordantly; of these:
      7564378 mates make up the pairs; of these:
        5885104 (77.80%) aligned 0 times
        1522401 (20.13%) aligned exactly 1 time
        156873 (2.07%) aligned >1 times
82.29% overall alignment rate
17127464 reads; of these:
  17127464 (100.00%) were paired; of these:
    3976171 (23.22%) aligned concordantly 0 times
    12691620 (74.10%) aligned concordantly exactly 1 time
    459673 (2.68%) aligned concordantly >1 times
    ----
    3976171 pairs aligned concordantly 0 times; of these:
      117574 (2.96%) aligned discordantly 1 time
    ----
    3858597 pairs aligned 0 times concordantly or discordantly; of these:
      7717194 mates make up the pairs; of these:
        5769215 (74.76%) aligned 0 times
        1761097 (22.82%) aligned exactly 1 time
        186882 (2.42%) aligned >1 times
83.16% overall alignment rate
18526026 reads; of these:
  18526026 (100.00%) were paired; of these:
    3567622 (19.26%) aligned concordantly 0 times
    14466920 (78.09%) aligned concordantly exactly 1 time
    491484 (2.65%) aligned concordantly >1 times
    ----
    3567622 pairs aligned concordantly 0 times; of these:
      136671 (3.83%) aligned discordantly 1 time
    ----
    3430951 pairs aligned 0 times concordantly or discordantly; of these:
      6861902 mates make up the pairs; of these:
        5134904 (74.83%) aligned 0 times
        1616139 (23.55%) aligned exactly 1 time
        110859 (1.62%) aligned >1 times
86.14% overall alignment rate
18515476 reads; of these:
  18515476 (100.00%) were paired; of these:
    4735037 (25.57%) aligned concordantly 0 times
    13271864 (71.68%) aligned concordantly exactly 1 time
    508575 (2.75%) aligned concordantly >1 times
    ----
    4735037 pairs aligned concordantly 0 times; of these:
      139792 (2.95%) aligned discordantly 1 time
    ----
    4595245 pairs aligned 0 times concordantly or discordantly; of these:
      9190490 mates make up the pairs; of these:
        7020075 (76.38%) aligned 0 times
        1965147 (21.38%) aligned exactly 1 time
        205268 (2.23%) aligned >1 times
81.04% overall alignment rate
19248425 reads; of these:
  19248425 (100.00%) were paired; of these:
    3425799 (17.80%) aligned concordantly 0 times
    15190532 (78.92%) aligned concordantly exactly 1 time
    632094 (3.28%) aligned concordantly >1 times
    ----
    3425799 pairs aligned concordantly 0 times; of these:
      162035 (4.73%) aligned discordantly 1 time
    ----
    3263764 pairs aligned 0 times concordantly or discordantly; of these:
      6527528 mates make up the pairs; of these:
        4896476 (75.01%) aligned 0 times
        1502526 (23.02%) aligned exactly 1 time
        128526 (1.97%) aligned >1 times
87.28% overall alignment rate
19497147 reads; of these:
  19497147 (100.00%) were paired; of these:
    4104830 (21.05%) aligned concordantly 0 times
    14882114 (76.33%) aligned concordantly exactly 1 time
    510203 (2.62%) aligned concordantly >1 times
    ----
    4104830 pairs aligned concordantly 0 times; of these:
      141800 (3.45%) aligned discordantly 1 time
    ----
    3963030 pairs aligned 0 times concordantly or discordantly; of these:
      7926060 mates make up the pairs; of these:
        5891129 (74.33%) aligned 0 times
        1865694 (23.54%) aligned exactly 1 time
        169237 (2.14%) aligned >1 times
84.89% overall alignment rate
18791435 reads; of these:
  18791435 (100.00%) were paired; of these:
    3338754 (17.77%) aligned concordantly 0 times
    14813995 (78.83%) aligned concordantly exactly 1 time
    638686 (3.40%) aligned concordantly >1 times
    ----
    3338754 pairs aligned concordantly 0 times; of these:
      107381 (3.22%) aligned discordantly 1 time
    ----
    3231373 pairs aligned 0 times concordantly or discordantly; of these:
      6462746 mates make up the pairs; of these:
        4598844 (71.16%) aligned 0 times
        1746549 (27.02%) aligned exactly 1 time
        117353 (1.82%) aligned >1 times
87.76% overall alignment rate
14748226 reads; of these:
  14748226 (100.00%) were paired; of these:
    2413074 (16.36%) aligned concordantly 0 times
    11867622 (80.47%) aligned concordantly exactly 1 time
    467530 (3.17%) aligned concordantly >1 times
    ----
    2413074 pairs aligned concordantly 0 times; of these:
      115849 (4.80%) aligned discordantly 1 time
    ----
    2297225 pairs aligned 0 times concordantly or discordantly; of these:
      4594450 mates make up the pairs; of these:
        3407428 (74.16%) aligned 0 times
        1083486 (23.58%) aligned exactly 1 time
        103536 (2.25%) aligned >1 times
88.45% overall alignment rate
20131685 reads; of these:
  20131685 (100.00%) were paired; of these:
    4652527 (23.11%) aligned concordantly 0 times
    14883803 (73.93%) aligned concordantly exactly 1 time
    595355 (2.96%) aligned concordantly >1 times
    ----
    4652527 pairs aligned concordantly 0 times; of these:
      195764 (4.21%) aligned discordantly 1 time
    ----
    4456763 pairs aligned 0 times concordantly or discordantly; of these:
      8913526 mates make up the pairs; of these:
        6790782 (76.19%) aligned 0 times
        1897398 (21.29%) aligned exactly 1 time
        225346 (2.53%) aligned >1 times
83.13% overall alignment rate
20548191 reads; of these:
  20548191 (100.00%) were paired; of these:
    4756892 (23.15%) aligned concordantly 0 times
    15198825 (73.97%) aligned concordantly exactly 1 time
    592474 (2.88%) aligned concordantly >1 times
    ----
    4756892 pairs aligned concordantly 0 times; of these:
      108027 (2.27%) aligned discordantly 1 time
    ----
    4648865 pairs aligned 0 times concordantly or discordantly; of these:
      9297730 mates make up the pairs; of these:
        6900073 (74.21%) aligned 0 times
        2219031 (23.87%) aligned exactly 1 time
        178626 (1.92%) aligned >1 times
83.21% overall alignment rate
19567634 reads; of these:
  19567634 (100.00%) were paired; of these:
    4106731 (20.99%) aligned concordantly 0 times
    14904775 (76.17%) aligned concordantly exactly 1 time
    556128 (2.84%) aligned concordantly >1 times
    ----
    4106731 pairs aligned concordantly 0 times; of these:
      165055 (4.02%) aligned discordantly 1 time
    ----
    3941676 pairs aligned 0 times concordantly or discordantly; of these:
      7883352 mates make up the pairs; of these:
        5875465 (74.53%) aligned 0 times
        1805501 (22.90%) aligned exactly 1 time
        202386 (2.57%) aligned >1 times
84.99% overall alignment rate
17711688 reads; of these:
  17711688 (100.00%) were paired; of these:
    3333832 (18.82%) aligned concordantly 0 times
    13877542 (78.35%) aligned concordantly exactly 1 time
    500314 (2.82%) aligned concordantly >1 times
    ----
    3333832 pairs aligned concordantly 0 times; of these:
      189807 (5.69%) aligned discordantly 1 time
    ----
    3144025 pairs aligned 0 times concordantly or discordantly; of these:
      6288050 mates make up the pairs; of these:
        4840664 (76.98%) aligned 0 times
        1325862 (21.09%) aligned exactly 1 time
        121524 (1.93%) aligned >1 times
86.33% overall alignment rate
18719382 reads; of these:
  18719382 (100.00%) were paired; of these:
    3573756 (19.09%) aligned concordantly 0 times
    14543058 (77.69%) aligned concordantly exactly 1 time
    602568 (3.22%) aligned concordantly >1 times
    ----
    3573756 pairs aligned concordantly 0 times; of these:
      158352 (4.43%) aligned discordantly 1 time
    ----
    3415404 pairs aligned 0 times concordantly or discordantly; of these:
      6830808 mates make up the pairs; of these:
        5064261 (74.14%) aligned 0 times
        1579884 (23.13%) aligned exactly 1 time
        186663 (2.73%) aligned >1 times
86.47% overall alignment rate
14524088 reads; of these:
  14524088 (100.00%) were paired; of these:
    3129633 (21.55%) aligned concordantly 0 times
    11009320 (75.80%) aligned concordantly exactly 1 time
    385135 (2.65%) aligned concordantly >1 times
    ----
    3129633 pairs aligned concordantly 0 times; of these:
      131706 (4.21%) aligned discordantly 1 time
    ----
    2997927 pairs aligned 0 times concordantly or discordantly; of these:
      5995854 mates make up the pairs; of these:
        4540783 (75.73%) aligned 0 times
        1347863 (22.48%) aligned exactly 1 time
        107208 (1.79%) aligned >1 times
84.37% overall alignment rate
16295617 reads; of these:
  16295617 (100.00%) were paired; of these:
    2830991 (17.37%) aligned concordantly 0 times
    13018581 (79.89%) aligned concordantly exactly 1 time
    446045 (2.74%) aligned concordantly >1 times
    ----
    2830991 pairs aligned concordantly 0 times; of these:
      148201 (5.23%) aligned discordantly 1 time
    ----
    2682790 pairs aligned 0 times concordantly or discordantly; of these:
      5365580 mates make up the pairs; of these:
        4042345 (75.34%) aligned 0 times
        1215470 (22.65%) aligned exactly 1 time
        107765 (2.01%) aligned >1 times
87.60% overall alignment rate
19380907 reads; of these:
  19380907 (100.00%) were paired; of these:
    5939444 (30.65%) aligned concordantly 0 times
    12919975 (66.66%) aligned concordantly exactly 1 time
    521488 (2.69%) aligned concordantly >1 times
    ----
    5939444 pairs aligned concordantly 0 times; of these:
      173771 (2.93%) aligned discordantly 1 time
    ----
    5765673 pairs aligned 0 times concordantly or discordantly; of these:
      11531346 mates make up the pairs; of these:
        9571874 (83.01%) aligned 0 times
        1735752 (15.05%) aligned exactly 1 time
        223720 (1.94%) aligned >1 times
75.31% overall alignment rate
17717144 reads; of these:
  17717144 (100.00%) were paired; of these:
    4230253 (23.88%) aligned concordantly 0 times
    13024259 (73.51%) aligned concordantly exactly 1 time
    462632 (2.61%) aligned concordantly >1 times
    ----
    4230253 pairs aligned concordantly 0 times; of these:
      169185 (4.00%) aligned discordantly 1 time
    ----
    4061068 pairs aligned 0 times concordantly or discordantly; of these:
      8122136 mates make up the pairs; of these:
        6473057 (79.70%) aligned 0 times
        1496983 (18.43%) aligned exactly 1 time
        152096 (1.87%) aligned >1 times
81.73% overall alignment rate
19900305 reads; of these:
  19900305 (100.00%) were paired; of these:
    4301026 (21.61%) aligned concordantly 0 times
    15022140 (75.49%) aligned concordantly exactly 1 time
    577139 (2.90%) aligned concordantly >1 times
    ----
    4301026 pairs aligned concordantly 0 times; of these:
      159914 (3.72%) aligned discordantly 1 time
    ----
    4141112 pairs aligned 0 times concordantly or discordantly; of these:
      8282224 mates make up the pairs; of these:
        6182842 (74.65%) aligned 0 times
        1939352 (23.42%) aligned exactly 1 time
        160030 (1.93%) aligned >1 times
84.47% overall alignment rate
15141262 reads; of these:
  15141262 (100.00%) were paired; of these:
    3655798 (24.14%) aligned concordantly 0 times
    11065248 (73.08%) aligned concordantly exactly 1 time
    420216 (2.78%) aligned concordantly >1 times
    ----
    3655798 pairs aligned concordantly 0 times; of these:
      106428 (2.91%) aligned discordantly 1 time
    ----
    3549370 pairs aligned 0 times concordantly or discordantly; of these:
      7098740 mates make up the pairs; of these:
        5801873 (81.73%) aligned 0 times
        1191209 (16.78%) aligned exactly 1 time
        105658 (1.49%) aligned >1 times
80.84% overall alignment rate
16534237 reads; of these:
  16534237 (100.00%) were paired; of these:
    3182959 (19.25%) aligned concordantly 0 times
    12819264 (77.53%) aligned concordantly exactly 1 time
    532014 (3.22%) aligned concordantly >1 times
    ----
    3182959 pairs aligned concordantly 0 times; of these:
      134786 (4.23%) aligned discordantly 1 time
    ----
    3048173 pairs aligned 0 times concordantly or discordantly; of these:
      6096346 mates make up the pairs; of these:
        4391209 (72.03%) aligned 0 times
        1549092 (25.41%) aligned exactly 1 time
        156045 (2.56%) aligned >1 times
86.72% overall alignment rate
17616487 reads; of these:
  17616487 (100.00%) were paired; of these:
    2975977 (16.89%) aligned concordantly 0 times
    14128665 (80.20%) aligned concordantly exactly 1 time
    511845 (2.91%) aligned concordantly >1 times
    ----
    2975977 pairs aligned concordantly 0 times; of these:
      186781 (6.28%) aligned discordantly 1 time
    ----
    2789196 pairs aligned 0 times concordantly or discordantly; of these:
      5578392 mates make up the pairs; of these:
        4370435 (78.35%) aligned 0 times
        1120392 (20.08%) aligned exactly 1 time
        87565 (1.57%) aligned >1 times
87.60% overall alignment rate
21270719 reads; of these:
  21270719 (100.00%) were paired; of these:
    4868104 (22.89%) aligned concordantly 0 times
    15802713 (74.29%) aligned concordantly exactly 1 time
    599902 (2.82%) aligned concordantly >1 times
    ----
    4868104 pairs aligned concordantly 0 times; of these:
      189275 (3.89%) aligned discordantly 1 time
    ----
    4678829 pairs aligned 0 times concordantly or discordantly; of these:
      9357658 mates make up the pairs; of these:
        7705002 (82.34%) aligned 0 times
        1486850 (15.89%) aligned exactly 1 time
        165806 (1.77%) aligned >1 times
81.89% overall alignment rate
16409952 reads; of these:
  16409952 (100.00%) were paired; of these:
    3794910 (23.13%) aligned concordantly 0 times
    12127893 (73.91%) aligned concordantly exactly 1 time
    487149 (2.97%) aligned concordantly >1 times
    ----
    3794910 pairs aligned concordantly 0 times; of these:
      146293 (3.85%) aligned discordantly 1 time
    ----
    3648617 pairs aligned 0 times concordantly or discordantly; of these:
      7297234 mates make up the pairs; of these:
        5640288 (77.29%) aligned 0 times
        1498025 (20.53%) aligned exactly 1 time
        158921 (2.18%) aligned >1 times
82.81% overall alignment rate
